{"@timestamp":"2019-10-28T02:31:32.626Z","@metadata":{"beat":"winlogbeat","type":"_doc","version":"7.4.0","topic":"winlogbeat"},"log":{"level":"information"},"message":"A token right was adjusted.\n\nSubject:\n\tSecurity ID:\t\tS-1-5-18\n\tAccount Name:\t\tHFDC01$\n\tAccount Domain:\t\tshire\n\tLogon ID:\t\t0x3E7\n\nTarget Account:\n\tSecurity ID:\t\tS-1-0-0\n\tAccount Name:\t\tHFDC01$\n\tAccount Domain:\t\tshire\n\tLogon ID:\t\t0x3E7\n\nProcess Information:\n\tProcess ID:\t\t0x850\n\tProcess Name:\t\tC:\\Windows\\System32\\svchost.exe\n\nEnabled Privileges:\n\t\t\tSeAssignPrimaryTokenPrivilege\n\t\t\tSeIncreaseQuotaPrivilege\n\t\t\tSeSecurityPrivilege\n\t\t\tSeTakeOwnershipPrivilege\n\t\t\tSeLoadDriverPrivilege\n\t\t\tSeBackupPrivilege\n\t\t\tSeRestorePrivilege\n\t\t\tSeShutdownPrivilege\n\nDisabled Privileges:\n\t\t\t-","host":{"name":"WECServer"},"agent":{"ephemeral_id":"df5ad137-6594-4bd7-a3eb-e0eda670370c","hostname":"WECServer","id":"f8e32ecf-6ac8-4748-86ec-f026490623c4","version":"7.4.0","type":"winlogbeat"},"ecs":{"version":"1.1.0"},"winlog":{"computer_name":"HFDC01.shire.com","channel":"Security","event_id":4703,"event_data":{"SubjectUserSid":"S-1-5-18","TargetLogonId":"0x3e7","SubjectDomainName":"shire","TargetUserName":"HFDC01$","ProcessId":"0x850","EnabledPrivilegeList":"SeAssignPrimaryTokenPrivilege\n\t\t\tSeIncreaseQuotaPrivilege\n\t\t\tSeSecurityPrivilege\n\t\t\tSeTakeOwnershipPrivilege\n\t\t\tSeLoadDriverPrivilege\n\t\t\tSeBackupPrivilege\n\t\t\tSeRestorePrivilege\n\t\t\tSeShutdownPrivilege","SubjectUserName":"HFDC01$","SubjectLogonId":"0x3e7","TargetDomainName":"shire","DisabledPrivilegeList":"-","TargetUserSid":"S-1-0-0","ProcessName":"C:\\Windows\\System32\\svchost.exe"},"opcode":"Info","provider_name":"Microsoft-Windows-Security-Auditing","api":"wineventlog","provider_guid":"{54849625-5478-4994-a5ba-3e3b0328c30d}","process":{"thread":{"id":2160},"pid":4},"record_id":116079,"task":"Token Right Adjusted Events","keywords":["Audit Success"]},"event":{"kind":"event","code":4703,"action":"Token Right Adjusted Events","created":"2019-10-28T02:31:34.376Z"}}
{"@timestamp":"2019-10-28T02:31:32.631Z","@metadata":{"beat":"winlogbeat","type":"_doc","version":"7.4.0","topic":"winlogbeat"},"host":{"name":"WECServer"},"agent":{"ephemeral_id":"df5ad137-6594-4bd7-a3eb-e0eda670370c","hostname":"WECServer","id":"f8e32ecf-6ac8-4748-86ec-f026490623c4","version":"7.4.0","type":"winlogbeat"},"message":"Process accessed:\nRuleName: \nUtcTime: 2019-10-28 02:31:32.623\nSourceProcessGUID: {962923ac-a0e4-5db5-0000-00100a590100}\nSourceProcessId: 2128\nSourceThreadId: 3448\nSourceImage: C:\\Windows\\system32\\svchost.exe\nTargetProcessGUID: {962923ac-a0f3-5db5-0000-001073050200}\nTargetProcessId: 2640\nTargetImage: C:\\Windows\\system32\\DFSRs.exe\nGrantedAccess: 0x1FFFFF\nCallTrace: C:\\Windows\\SYSTEM32\\ntdll.dll+9fc24|C:\\Windows\\System32\\KERNELBASE.dll+20d0e|C:\\Windows\\system32\\wbem\\wmiprvsd.dll+4feeb|C:\\Windows\\system32\\wbem\\wmiprvsd.dll+54705|C:\\Windows\\system32\\wbem\\wmiprvsd.dll+4f5ae|C:\\Windows\\system32\\wbem\\wmiprvsd.dll+51969|C:\\Windows\\system32\\wbem\\wmiprvsd.dll+86044|C:\\Windows\\system32\\wbem\\wbemcore.dll+4934|C:\\Windows\\system32\\wbem\\wbemcore.dll+4523|C:\\Windows\\system32\\wbem\\wbemcore.dll+27513|C:\\Windows\\system32\\wbem\\wbemcore.dll+27499|C:\\Windows\\system32\\wbem\\wbemcore.dll+2739a|C:\\Windows\\system32\\wbem\\wbemcore.dll+27b99|C:\\Windows\\system32\\wbem\\wbemcore.dll+277ee|C:\\Windows\\system32\\wbem\\wbemcore.dll+27513|C:\\Windows\\system32\\wbem\\wbemcore.dll+27499|C:\\Windows\\system32\\wbem\\wbemcore.dll+2739a|C:\\Windows\\system32\\wbem\\wbemcore.dll+4ea3|C:\\Windows\\system32\\wbem\\wbemcore.dll+51a9|C:\\Windows\\System32\\KERNEL32.DLL+17974|C:\\Windows\\SYSTEM32\\ntdll.dll+6a271","winlog":{"event_id":10,"provider_name":"Microsoft-Windows-Sysmon","api":"wineventlog","provider_guid":"{5770385f-c22a-43e0-bf4c-06f5698ffbd9}","process":{"thread":{"id":3656},"pid":2044},"user":{"identifier":"S-1-5-18","name":"SYSTEM","domain":"NT AUTHORITY","type":"User"},"computer_name":"HFDC01.shire.com","opcode":"Info","version":3,"channel":"Microsoft-Windows-Sysmon/Operational","record_id":222732,"task":"Process accessed (rule: ProcessAccess)","event_data":{"UtcTime":"2019-10-28 02:31:32.623","TargetImage":"C:\\Windows\\system32\\DFSRs.exe","SourceProcessGUID":"{962923ac-a0e4-5db5-0000-00100a590100}","SourceThreadId":"3448","GrantedAccess":"0x1fffff","SourceImage":"C:\\Windows\\system32\\svchost.exe","TargetProcessGUID":"{962923ac-a0f3-5db5-0000-001073050200}","TargetProcessId":"2640","CallTrace":"C:\\Windows\\SYSTEM32\\ntdll.dll+9fc24|C:\\Windows\\System32\\KERNELBASE.dll+20d0e|C:\\Windows\\system32\\wbem\\wmiprvsd.dll+4feeb|C:\\Windows\\system32\\wbem\\wmiprvsd.dll+54705|C:\\Windows\\system32\\wbem\\wmiprvsd.dll+4f5ae|C:\\Windows\\system32\\wbem\\wmiprvsd.dll+51969|C:\\Windows\\system32\\wbem\\wmiprvsd.dll+86044|C:\\Windows\\system32\\wbem\\wbemcore.dll+4934|C:\\Windows\\system32\\wbem\\wbemcore.dll+4523|C:\\Windows\\system32\\wbem\\wbemcore.dll+27513|C:\\Windows\\system32\\wbem\\wbemcore.dll+27499|C:\\Windows\\system32\\wbem\\wbemcore.dll+2739a|C:\\Windows\\system32\\wbem\\wbemcore.dll+27b99|C:\\Windows\\system32\\wbem\\wbemcore.dll+277ee|C:\\Windows\\system32\\wbem\\wbemcore.dll+27513|C:\\Windows\\system32\\wbem\\wbemcore.dll+27499|C:\\Windows\\system32\\wbem\\wbemcore.dll+2739a|C:\\Windows\\system32\\wbem\\wbemcore.dll+4ea3|C:\\Windows\\system32\\wbem\\wbemcore.dll+51a9|C:\\Windows\\System32\\KERNEL32.DLL+17974|C:\\Windows\\SYSTEM32\\ntdll.dll+6a271","SourceProcessId":"2128"}},"event":{"kind":"event","code":10,"action":"Process accessed (rule: ProcessAccess)","created":"2019-10-28T02:31:34.376Z"},"log":{"level":"information"},"ecs":{"version":"1.1.0"}}
{"@timestamp":"2019-10-28T02:31:32.626Z","@metadata":{"beat":"winlogbeat","type":"_doc","version":"7.4.0","topic":"winlogbeat"},"winlog":{"opcode":"Info","api":"wineventlog","provider_guid":"{54849625-5478-4994-a5ba-3e3b0328c30d}","event_data":{"SubjectUserName":"HFDC01$","TargetDomainName":"shire","SubjectLogonId":"0x3e7","TargetUserName":"HFDC01$","EnabledPrivilegeList":"SeAssignPrimaryTokenPrivilege\n\t\t\tSeIncreaseQuotaPrivilege\n\t\t\tSeSecurityPrivilege\n\t\t\tSeTakeOwnershipPrivilege\n\t\t\tSeLoadDriverPrivilege\n\t\t\tSeSystemtimePrivilege\n\t\t\tSeBackupPrivilege\n\t\t\tSeRestorePrivilege\n\t\t\tSeShutdownPrivilege\n\t\t\tSeSystemEnvironmentPrivilege\n\t\t\tSeUndockPrivilege\n\t\t\tSeManageVolumePrivilege","ProcessId":"0x850","SubjectUserSid":"S-1-5-18","TargetLogonId":"0x3e7","ProcessName":"C:\\Windows\\System32\\svchost.exe","DisabledPrivilegeList":"-","SubjectDomainName":"shire","TargetUserSid":"S-1-0-0"},"computer_name":"HFDC01.shire.com","record_id":116080,"keywords":["Audit Success"],"process":{"pid":4,"thread":{"id":2160}},"event_id":4703,"provider_name":"Microsoft-Windows-Security-Auditing","task":"Token Right Adjusted Events","channel":"Security"},"event":{"kind":"event","code":4703,"action":"Token Right Adjusted Events","created":"2019-10-28T02:31:34.376Z"},"log":{"level":"information"},"ecs":{"version":"1.1.0"},"host":{"name":"WECServer"},"agent":{"ephemeral_id":"df5ad137-6594-4bd7-a3eb-e0eda670370c","hostname":"WECServer","id":"f8e32ecf-6ac8-4748-86ec-f026490623c4","version":"7.4.0","type":"winlogbeat"},"message":"A token right was adjusted.\n\nSubject:\n\tSecurity ID:\t\tS-1-5-18\n\tAccount Name:\t\tHFDC01$\n\tAccount Domain:\t\tshire\n\tLogon ID:\t\t0x3E7\n\nTarget Account:\n\tSecurity ID:\t\tS-1-0-0\n\tAccount Name:\t\tHFDC01$\n\tAccount Domain:\t\tshire\n\tLogon ID:\t\t0x3E7\n\nProcess Information:\n\tProcess ID:\t\t0x850\n\tProcess Name:\t\tC:\\Windows\\System32\\svchost.exe\n\nEnabled Privileges:\n\t\t\tSeAssignPrimaryTokenPrivilege\n\t\t\tSeIncreaseQuotaPrivilege\n\t\t\tSeSecurityPrivilege\n\t\t\tSeTakeOwnershipPrivilege\n\t\t\tSeLoadDriverPrivilege\n\t\t\tSeSystemtimePrivilege\n\t\t\tSeBackupPrivilege\n\t\t\tSeRestorePrivilege\n\t\t\tSeShutdownPrivilege\n\t\t\tSeSystemEnvironmentPrivilege\n\t\t\tSeUndockPrivilege\n\t\t\tSeManageVolumePrivilege\n\nDisabled Privileges:\n\t\t\t-"}
{"@timestamp":"2019-10-28T02:31:33.275Z","@metadata":{"beat":"winlogbeat","type":"_doc","version":"7.4.0","topic":"winlogbeat"},"log":{"level":"information"},"message":"RawAccessRead detected:\nRuleName: \nUtcTime: 2019-10-28 02:31:33.264\nProcessGuid: {962923ac-a0e0-5db5-0000-00100d580000}\nProcessId: 776\nImage: C:\\Windows\\System32\\lsass.exe\nDevice: \\Device\\HarddiskVolume1","ecs":{"version":"1.1.0"},"host":{"name":"WECServer"},"agent":{"type":"winlogbeat","ephemeral_id":"df5ad137-6594-4bd7-a3eb-e0eda670370c","hostname":"WECServer","id":"f8e32ecf-6ac8-4748-86ec-f026490623c4","version":"7.4.0"},"winlog":{"api":"wineventlog","opcode":"Info","user":{"name":"SYSTEM","domain":"NT AUTHORITY","type":"User","identifier":"S-1-5-18"},"event_data":{"ProcessGuid":"{962923ac-a0e0-5db5-0000-00100d580000}","ProcessId":"776","Image":"C:\\Windows\\System32\\lsass.exe","Device":"\\Device\\HarddiskVolume1","UtcTime":"2019-10-28 02:31:33.264"},"channel":"Microsoft-Windows-Sysmon/Operational","version":2,"process":{"pid":2044,"thread":{"id":3656}},"event_id":9,"task":"RawAccessRead detected (rule: RawAccessRead)","provider_guid":"{5770385f-c22a-43e0-bf4c-06f5698ffbd9}","provider_name":"Microsoft-Windows-Sysmon","record_id":222733,"computer_name":"HFDC01.shire.com"},"event":{"code":9,"action":"RawAccessRead detected (rule: RawAccessRead)","created":"2019-10-28T02:31:34.376Z","kind":"event"}}
{"@timestamp":"2019-10-28T02:31:32.627Z","@metadata":{"beat":"winlogbeat","type":"_doc","version":"7.4.0","topic":"winlogbeat"},"agent":{"type":"winlogbeat","ephemeral_id":"df5ad137-6594-4bd7-a3eb-e0eda670370c","hostname":"WECServer","id":"f8e32ecf-6ac8-4748-86ec-f026490623c4","version":"7.4.0"},"ecs":{"version":"1.1.0"},"host":{"name":"WECServer"},"winlog":{"provider_name":"Microsoft-Windows-Security-Auditing","channel":"Security","api":"wineventlog","computer_name":"HFDC01.shire.com","opcode":"Info","keywords":["Audit Success"],"process":{"pid":4,"thread":{"id":2160}},"event_data":{"TargetUserSid":"S-1-0-0","ProcessId":"0x850","SubjectUserName":"HFDC01$","SubjectDomainName":"shire","SubjectUserSid":"S-1-5-18","SubjectLogonId":"0x3e7","TargetUserName":"HFDC01$","TargetLogonId":"0x3e7","ProcessName":"C:\\Windows\\System32\\svchost.exe","TargetDomainName":"shire","EnabledPrivilegeList":"SeAssignPrimaryTokenPrivilege\n\t\t\tSeIncreaseQuotaPrivilege\n\t\t\tSeSecurityPrivilege\n\t\t\tSeTakeOwnershipPrivilege\n\t\t\tSeLoadDriverPrivilege\n\t\t\tSeSystemtimePrivilege\n\t\t\tSeBackupPrivilege\n\t\t\tSeRestorePrivilege\n\t\t\tSeShutdownPrivilege\n\t\t\tSeSystemEnvironmentPrivilege\n\t\t\tSeUndockPrivilege\n\t\t\tSeManageVolumePrivilege","DisabledPrivilegeList":"-"},"event_id":4703,"record_id":116081,"task":"Token Right Adjusted Events","provider_guid":"{54849625-5478-4994-a5ba-3e3b0328c30d}"},"event":{"created":"2019-10-28T02:31:34.376Z","kind":"event","code":4703,"action":"Token Right Adjusted Events"},"log":{"level":"information"},"message":"A token right was adjusted.\n\nSubject:\n\tSecurity ID:\t\tS-1-5-18\n\tAccount Name:\t\tHFDC01$\n\tAccount Domain:\t\tshire\n\tLogon ID:\t\t0x3E7\n\nTarget Account:\n\tSecurity ID:\t\tS-1-0-0\n\tAccount Name:\t\tHFDC01$\n\tAccount Domain:\t\tshire\n\tLogon ID:\t\t0x3E7\n\nProcess Information:\n\tProcess ID:\t\t0x850\n\tProcess Name:\t\tC:\\Windows\\System32\\svchost.exe\n\nEnabled Privileges:\n\t\t\tSeAssignPrimaryTokenPrivilege\n\t\t\tSeIncreaseQuotaPrivilege\n\t\t\tSeSecurityPrivilege\n\t\t\tSeTakeOwnershipPrivilege\n\t\t\tSeLoadDriverPrivilege\n\t\t\tSeSystemtimePrivilege\n\t\t\tSeBackupPrivilege\n\t\t\tSeRestorePrivilege\n\t\t\tSeShutdownPrivilege\n\t\t\tSeSystemEnvironmentPrivilege\n\t\t\tSeUndockPrivilege\n\t\t\tSeManageVolumePrivilege\n\nDisabled Privileges:\n\t\t\t-"}
{"@timestamp":"2019-10-28T02:31:33.275Z","@metadata":{"beat":"winlogbeat","type":"_doc","version":"7.4.0","topic":"winlogbeat"},"agent":{"id":"f8e32ecf-6ac8-4748-86ec-f026490623c4","version":"7.4.0","type":"winlogbeat","ephemeral_id":"df5ad137-6594-4bd7-a3eb-e0eda670370c","hostname":"WECServer"},"winlog":{"user":{"name":"SYSTEM","domain":"NT AUTHORITY","type":"User","identifier":"S-1-5-18"},"version":2,"event_data":{"UtcTime":"2019-10-28 02:31:33.264","ProcessGuid":"{962923ac-a0e0-5db5-0000-00100d580000}","ProcessId":"776","Image":"C:\\Windows\\System32\\lsass.exe","Device":"\\Device\\HarddiskVolume1"},"record_id":222734,"api":"wineventlog","provider_guid":"{5770385f-c22a-43e0-bf4c-06f5698ffbd9}","computer_name":"HFDC01.shire.com","task":"RawAccessRead detected (rule: RawAccessRead)","opcode":"Info","process":{"pid":2044,"thread":{"id":3656}},"channel":"Microsoft-Windows-Sysmon/Operational","event_id":9,"provider_name":"Microsoft-Windows-Sysmon"},"event":{"code":9,"action":"RawAccessRead detected (rule: RawAccessRead)","created":"2019-10-28T02:31:34.376Z","kind":"event"},"log":{"level":"information"},"message":"RawAccessRead detected:\nRuleName: \nUtcTime: 2019-10-28 02:31:33.264\nProcessGuid: {962923ac-a0e0-5db5-0000-00100d580000}\nProcessId: 776\nImage: C:\\Windows\\System32\\lsass.exe\nDevice: \\Device\\HarddiskVolume1","ecs":{"version":"1.1.0"},"host":{"name":"WECServer"}}
{"@timestamp":"2019-10-28T02:31:32.628Z","@metadata":{"beat":"winlogbeat","type":"_doc","version":"7.4.0","topic":"winlogbeat"},"winlog":{"computer_name":"HFDC01.shire.com","opcode":"Info","event_data":{"SubjectUserSid":"S-1-5-18","ProcessName":"C:\\Windows\\System32\\svchost.exe","SubjectLogonId":"0x3e7","TargetUserName":"HFDC01$","EnabledPrivilegeList":"SeAssignPrimaryTokenPrivilege\n\t\t\tSeIncreaseQuotaPrivilege\n\t\t\tSeSecurityPrivilege\n\t\t\tSeTakeOwnershipPrivilege\n\t\t\tSeLoadDriverPrivilege\n\t\t\tSeSystemtimePrivilege\n\t\t\tSeBackupPrivilege\n\t\t\tSeRestorePrivilege\n\t\t\tSeShutdownPrivilege\n\t\t\tSeSystemEnvironmentPrivilege\n\t\t\tSeUndockPrivilege\n\t\t\tSeManageVolumePrivilege","SubjectUserName":"HFDC01$","SubjectDomainName":"shire","TargetUserSid":"S-1-0-0","DisabledPrivilegeList":"-","TargetDomainName":"shire","TargetLogonId":"0x3e7","ProcessId":"0x850"},"event_id":4703,"keywords":["Audit Success"],"provider_name":"Microsoft-Windows-Security-Auditing","provider_guid":"{54849625-5478-4994-a5ba-3e3b0328c30d}","process":{"thread":{"id":2160},"pid":4},"channel":"Security","record_id":116082,"task":"Token Right Adjusted Events","api":"wineventlog"},"event":{"kind":"event","code":4703,"action":"Token Right Adjusted Events","created":"2019-10-28T02:31:34.376Z"},"log":{"level":"information"},"message":"A token right was adjusted.\n\nSubject:\n\tSecurity ID:\t\tS-1-5-18\n\tAccount Name:\t\tHFDC01$\n\tAccount Domain:\t\tshire\n\tLogon ID:\t\t0x3E7\n\nTarget Account:\n\tSecurity ID:\t\tS-1-0-0\n\tAccount Name:\t\tHFDC01$\n\tAccount Domain:\t\tshire\n\tLogon ID:\t\t0x3E7\n\nProcess Information:\n\tProcess ID:\t\t0x850\n\tProcess Name:\t\tC:\\Windows\\System32\\svchost.exe\n\nEnabled Privileges:\n\t\t\tSeAssignPrimaryTokenPrivilege\n\t\t\tSeIncreaseQuotaPrivilege\n\t\t\tSeSecurityPrivilege\n\t\t\tSeTakeOwnershipPrivilege\n\t\t\tSeLoadDriverPrivilege\n\t\t\tSeSystemtimePrivilege\n\t\t\tSeBackupPrivilege\n\t\t\tSeRestorePrivilege\n\t\t\tSeShutdownPrivilege\n\t\t\tSeSystemEnvironmentPrivilege\n\t\t\tSeUndockPrivilege\n\t\t\tSeManageVolumePrivilege\n\nDisabled Privileges:\n\t\t\t-","ecs":{"version":"1.1.0"},"host":{"name":"WECServer"},"agent":{"type":"winlogbeat","ephemeral_id":"df5ad137-6594-4bd7-a3eb-e0eda670370c","hostname":"WECServer","id":"f8e32ecf-6ac8-4748-86ec-f026490623c4","version":"7.4.0"}}
{"@timestamp":"2019-10-28T02:31:33.515Z","@metadata":{"beat":"winlogbeat","type":"_doc","version":"7.4.0","topic":"winlogbeat"},"winlog":{"user":{"type":"User","identifier":"S-1-5-18","name":"SYSTEM","domain":"NT AUTHORITY"},"event_data":{"TargetFilename":"C:\\Windows\\ServiceState\\EventLog\\Data\\lastalive0.dat","CreationUtcTime":"2019-10-27 13:51:32.287","UtcTime":"2019-10-28 02:31:33.514","ProcessGuid":"{962923ac-a0e4-5db5-0000-0010fbdb0000}","ProcessId":"1268","Image":"C:\\Windows\\System32\\svchost.exe"},"provider_name":"Microsoft-Windows-Sysmon","api":"wineventlog","version":2,"opcode":"Info","event_id":11,"record_id":222735,"computer_name":"HFDC01.shire.com","provider_guid":"{5770385f-c22a-43e0-bf4c-06f5698ffbd9}","task":"File created (rule: FileCreate)","process":{"thread":{"id":3656},"pid":2044},"channel":"Microsoft-Windows-Sysmon/Operational"},"event":{"code":11,"action":"File created (rule: FileCreate)","created":"2019-10-28T02:31:34.376Z","kind":"event"},"log":{"level":"information"},"message":"File created:\nRuleName: \nUtcTime: 2019-10-28 02:31:33.514\nProcessGuid: {962923ac-a0e4-5db5-0000-0010fbdb0000}\nProcessId: 1268\nImage: C:\\Windows\\System32\\svchost.exe\nTargetFilename: C:\\Windows\\ServiceState\\EventLog\\Data\\lastalive0.dat\nCreationUtcTime: 2019-10-27 13:51:32.287","host":{"name":"WECServer"},"agent":{"hostname":"WECServer","id":"f8e32ecf-6ac8-4748-86ec-f026490623c4","version":"7.4.0","type":"winlogbeat","ephemeral_id":"df5ad137-6594-4bd7-a3eb-e0eda670370c"},"ecs":{"version":"1.1.0"}}
{"@timestamp":"2019-10-28T02:31:32.629Z","@metadata":{"beat":"winlogbeat","type":"_doc","version":"7.4.0","topic":"winlogbeat"},"winlog":{"channel":"Security","computer_name":"HFDC01.shire.com","process":{"pid":4,"thread":{"id":2160}},"event_data":{"TargetUserSid":"S-1-0-0","SubjectUserName":"HFDC01$","SubjectLogonId":"0x3e7","TargetLogonId":"0x3e7","ProcessName":"C:\\Windows\\System32\\svchost.exe","EnabledPrivilegeList":"SeAssignPrimaryTokenPrivilege\n\t\t\tSeIncreaseQuotaPrivilege\n\t\t\tSeSecurityPrivilege\n\t\t\tSeTakeOwnershipPrivilege\n\t\t\tSeLoadDriverPrivilege\n\t\t\tSeSystemtimePrivilege\n\t\t\tSeBackupPrivilege\n\t\t\tSeRestorePrivilege\n\t\t\tSeShutdownPrivilege\n\t\t\tSeSystemEnvironmentPrivilege\n\t\t\tSeUndockPrivilege\n\t\t\tSeManageVolumePrivilege","SubjectUserSid":"S-1-5-18","SubjectDomainName":"shire","TargetUserName":"HFDC01$","TargetDomainName":"shire","ProcessId":"0x850","DisabledPrivilegeList":"-"},"event_id":4703,"record_id":116083,"provider_guid":"{54849625-5478-4994-a5ba-3e3b0328c30d}","keywords":["Audit Success"],"opcode":"Info","task":"Token Right Adjusted Events","provider_name":"Microsoft-Windows-Security-Auditing","api":"wineventlog"},"event":{"kind":"event","code":4703,"action":"Token Right Adjusted Events","created":"2019-10-28T02:31:34.376Z"},"log":{"level":"information"},"message":"A token right was adjusted.\n\nSubject:\n\tSecurity ID:\t\tS-1-5-18\n\tAccount Name:\t\tHFDC01$\n\tAccount Domain:\t\tshire\n\tLogon ID:\t\t0x3E7\n\nTarget Account:\n\tSecurity ID:\t\tS-1-0-0\n\tAccount Name:\t\tHFDC01$\n\tAccount Domain:\t\tshire\n\tLogon ID:\t\t0x3E7\n\nProcess Information:\n\tProcess ID:\t\t0x850\n\tProcess Name:\t\tC:\\Windows\\System32\\svchost.exe\n\nEnabled Privileges:\n\t\t\tSeAssignPrimaryTokenPrivilege\n\t\t\tSeIncreaseQuotaPrivilege\n\t\t\tSeSecurityPrivilege\n\t\t\tSeTakeOwnershipPrivilege\n\t\t\tSeLoadDriverPrivilege\n\t\t\tSeSystemtimePrivilege\n\t\t\tSeBackupPrivilege\n\t\t\tSeRestorePrivilege\n\t\t\tSeShutdownPrivilege\n\t\t\tSeSystemEnvironmentPrivilege\n\t\t\tSeUndockPrivilege\n\t\t\tSeManageVolumePrivilege\n\nDisabled Privileges:\n\t\t\t-","ecs":{"version":"1.1.0"},"host":{"name":"WECServer"},"agent":{"type":"winlogbeat","ephemeral_id":"df5ad137-6594-4bd7-a3eb-e0eda670370c","hostname":"WECServer","id":"f8e32ecf-6ac8-4748-86ec-f026490623c4","version":"7.4.0"}}
{"@timestamp":"2019-10-28T02:31:32.630Z","@metadata":{"beat":"winlogbeat","type":"_doc","version":"7.4.0","topic":"winlogbeat"},"ecs":{"version":"1.1.0"},"winlog":{"record_id":116084,"api":"wineventlog","computer_name":"HFDC01.shire.com","opcode":"Info","keywords":["Audit Success"],"provider_guid":"{54849625-5478-4994-a5ba-3e3b0328c30d}","process":{"pid":4,"thread":{"id":2160}},"channel":"Security","task":"Token Right Adjusted Events","event_data":{"EnabledPrivilegeList":"SeAssignPrimaryTokenPrivilege\n\t\t\tSeIncreaseQuotaPrivilege\n\t\t\tSeSecurityPrivilege\n\t\t\tSeTakeOwnershipPrivilege\n\t\t\tSeLoadDriverPrivilege\n\t\t\tSeSystemtimePrivilege\n\t\t\tSeBackupPrivilege\n\t\t\tSeRestorePrivilege\n\t\t\tSeShutdownPrivilege\n\t\t\tSeSystemEnvironmentPrivilege\n\t\t\tSeUndockPrivilege\n\t\t\tSeManageVolumePrivilege","DisabledPrivilegeList":"-","ProcessId":"0x850","SubjectUserSid":"S-1-5-18","TargetDomainName":"shire","TargetLogonId":"0x3e7","ProcessName":"C:\\Windows\\System32\\svchost.exe","TargetUserName":"HFDC01$","SubjectUserName":"HFDC01$","SubjectDomainName":"shire","SubjectLogonId":"0x3e7","TargetUserSid":"S-1-0-0"},"event_id":4703,"provider_name":"Microsoft-Windows-Security-Auditing"},"event":{"code":4703,"action":"Token Right Adjusted Events","created":"2019-10-28T02:31:34.377Z","kind":"event"},"log":{"level":"information"},"message":"A token right was adjusted.\n\nSubject:\n\tSecurity ID:\t\tS-1-5-18\n\tAccount Name:\t\tHFDC01$\n\tAccount Domain:\t\tshire\n\tLogon ID:\t\t0x3E7\n\nTarget Account:\n\tSecurity ID:\t\tS-1-0-0\n\tAccount Name:\t\tHFDC01$\n\tAccount Domain:\t\tshire\n\tLogon ID:\t\t0x3E7\n\nProcess Information:\n\tProcess ID:\t\t0x850\n\tProcess Name:\t\tC:\\Windows\\System32\\svchost.exe\n\nEnabled Privileges:\n\t\t\tSeAssignPrimaryTokenPrivilege\n\t\t\tSeIncreaseQuotaPrivilege\n\t\t\tSeSecurityPrivilege\n\t\t\tSeTakeOwnershipPrivilege\n\t\t\tSeLoadDriverPrivilege\n\t\t\tSeSystemtimePrivilege\n\t\t\tSeBackupPrivilege\n\t\t\tSeRestorePrivilege\n\t\t\tSeShutdownPrivilege\n\t\t\tSeSystemEnvironmentPrivilege\n\t\t\tSeUndockPrivilege\n\t\t\tSeManageVolumePrivilege\n\nDisabled Privileges:\n\t\t\t-","host":{"name":"WECServer"},"agent":{"hostname":"WECServer","id":"f8e32ecf-6ac8-4748-86ec-f026490623c4","version":"7.4.0","type":"winlogbeat","ephemeral_id":"df5ad137-6594-4bd7-a3eb-e0eda670370c"}}
{"@timestamp":"2019-10-28T02:31:32.633Z","@metadata":{"beat":"winlogbeat","type":"_doc","version":"7.4.0","topic":"winlogbeat"},"event":{"action":"Token Right Adjusted Events","created":"2019-10-28T02:31:34.377Z","kind":"event","code":4703},"ecs":{"version":"1.1.0"},"host":{"name":"WECServer"},"agent":{"id":"f8e32ecf-6ac8-4748-86ec-f026490623c4","version":"7.4.0","type":"winlogbeat","ephemeral_id":"df5ad137-6594-4bd7-a3eb-e0eda670370c","hostname":"WECServer"},"log":{"level":"information"},"message":"A token right was adjusted.\n\nSubject:\n\tSecurity ID:\t\tS-1-5-18\n\tAccount Name:\t\tHFDC01$\n\tAccount Domain:\t\tshire\n\tLogon ID:\t\t0x3E7\n\nTarget Account:\n\tSecurity ID:\t\tS-1-0-0\n\tAccount Name:\t\tHFDC01$\n\tAccount Domain:\t\tshire\n\tLogon ID:\t\t0x3E7\n\nProcess Information:\n\tProcess ID:\t\t0x850\n\tProcess Name:\t\tC:\\Windows\\System32\\svchost.exe\n\nEnabled Privileges:\n\t\t\tSeAssignPrimaryTokenPrivilege\n\t\t\tSeIncreaseQuotaPrivilege\n\t\t\tSeSecurityPrivilege\n\t\t\tSeTakeOwnershipPrivilege\n\t\t\tSeLoadDriverPrivilege\n\t\t\tSeBackupPrivilege\n\t\t\tSeRestorePrivilege\n\t\t\tSeShutdownPrivilege\n\nDisabled Privileges:\n\t\t\t-","winlog":{"record_id":116085,"channel":"Security","event_id":4703,"provider_name":"Microsoft-Windows-Security-Auditing","provider_guid":"{54849625-5478-4994-a5ba-3e3b0328c30d}","opcode":"Info","process":{"pid":4,"thread":{"id":2160}},"task":"Token Right Adjusted Events","api":"wineventlog","computer_name":"HFDC01.shire.com","keywords":["Audit Success"],"event_data":{"ProcessId":"0x850","EnabledPrivilegeList":"SeAssignPrimaryTokenPrivilege\n\t\t\tSeIncreaseQuotaPrivilege\n\t\t\tSeSecurityPrivilege\n\t\t\tSeTakeOwnershipPrivilege\n\t\t\tSeLoadDriverPrivilege\n\t\t\tSeBackupPrivilege\n\t\t\tSeRestorePrivilege\n\t\t\tSeShutdownPrivilege","DisabledPrivilegeList":"-","SubjectUserName":"HFDC01$","TargetDomainName":"shire","SubjectLogonId":"0x3e7","TargetUserSid":"S-1-0-0","ProcessName":"C:\\Windows\\System32\\svchost.exe","TargetLogonId":"0x3e7","SubjectDomainName":"shire","TargetUserName":"HFDC01$","SubjectUserSid":"S-1-5-18"}}}
{"@timestamp":"2019-10-28T02:31:33.271Z","@metadata":{"beat":"winlogbeat","type":"_doc","version":"7.4.0","topic":"winlogbeat"},"event":{"action":"Filtering Platform Connection","created":"2019-10-28T02:31:34.377Z","kind":"event","code":5156},"log":{"level":"information"},"message":"The Windows Filtering Platform has permitted a connection.\n\nApplication Information:\n\tProcess ID:\t\t4\n\tApplication Name:\tSystem\n\nNetwork Information:\n\tDirection:\t\tInbound\n\tSource Address:\t\t172.18.39.103\n\tSource Port:\t\t53268\n\tDestination Address:\t172.18.39.5\n\tDestination Port:\t\t445\n\tProtocol:\t\t6\n\nFilter Information:\n\tFilter Run-Time ID:\t66362\n\tLayer Name:\t\tReceive/Accept\n\tLayer Run-Time ID:\t44","winlog":{"keywords":["Audit Success"],"opcode":"Info","api":"wineventlog","process":{"pid":4,"thread":{"id":2160}},"event_data":{"DestAddress":"172.18.39.5","RemoteUserID":"S-1-0-0","ProcessID":"4","LayerRTID":"44","RemoteMachineID":"S-1-0-0","Direction":"%%14592","Protocol":"6","FilterRTID":"66362","Application":"System","SourceAddress":"172.18.39.103","LayerName":"%%14610","DestPort":"445","SourcePort":"53268"},"channel":"Security","provider_name":"Microsoft-Windows-Security-Auditing","record_id":116086,"version":1,"provider_guid":"{54849625-5478-4994-a5ba-3e3b0328c30d}","event_id":5156,"task":"Filtering Platform Connection","computer_name":"HFDC01.shire.com"},"ecs":{"version":"1.1.0"},"host":{"name":"WECServer"},"agent":{"type":"winlogbeat","ephemeral_id":"df5ad137-6594-4bd7-a3eb-e0eda670370c","hostname":"WECServer","id":"f8e32ecf-6ac8-4748-86ec-f026490623c4","version":"7.4.0"}}
{"@timestamp":"2019-10-28T02:31:32.424Z","@metadata":{"beat":"winlogbeat","type":"_doc","version":"7.4.0","topic":"winlogbeat"},"message":"Process accessed:\nRuleName: \nUtcTime: 2019-10-28 02:31:32.423\nSourceProcessGUID: {a158f72c-a394-5db5-0000-0010015a0200}\nSourceProcessId: 3560\nSourceThreadId: 3672\nSourceImage: C:\\Windows\\System32\\svchost.exe\nTargetProcessGUID: {a158f72c-a393-5db5-0000-0010e60d0200}\nTargetProcessId: 3080\nTargetImage: C:\\Program Files\\Amazon\\Ec2ConfigService\\Ec2Config.exe\nGrantedAccess: 0x1400\nCallTrace: C:\\Windows\\SYSTEM32\\ntdll.dll+9c524|C:\\Windows\\System32\\KERNELBASE.dll+2730e|c:\\windows\\system32\\rasmans.dll+3751b|c:\\windows\\system32\\rasmans.dll+36fad|c:\\windows\\system32\\rasmans.dll+10ed8|c:\\windows\\system32\\rasmans.dll+33cd5|C:\\Windows\\System32\\svchost.exe+314c|C:\\Windows\\System32\\sechost.dll+2de2|C:\\Windows\\System32\\KERNEL32.DLL+17944|C:\\Windows\\SYSTEM32\\ntdll.dll+6ce71","agent":{"version":"7.4.0","type":"winlogbeat","ephemeral_id":"df5ad137-6594-4bd7-a3eb-e0eda670370c","hostname":"WECServer","id":"f8e32ecf-6ac8-4748-86ec-f026490623c4"},"ecs":{"version":"1.1.0"},"host":{"name":"WECServer"},"winlog":{"api":"wineventlog","computer_name":"ACCT001.shire.com","provider_guid":"{5770385f-c22a-43e0-bf4c-06f5698ffbd9}","task":"Process accessed (rule: ProcessAccess)","process":{"pid":3208,"thread":{"id":5108}},"event_id":10,"record_id":271573,"opcode":"Info","user":{"identifier":"S-1-5-18","name":"SYSTEM","domain":"NT AUTHORITY","type":"User"},"channel":"Microsoft-Windows-Sysmon/Operational","provider_name":"Microsoft-Windows-Sysmon","version":3,"event_data":{"GrantedAccess":"0x1400","SourceThreadId":"3672","TargetProcessId":"3080","TargetProcessGUID":"{a158f72c-a393-5db5-0000-0010e60d0200}","TargetImage":"C:\\Program Files\\Amazon\\Ec2ConfigService\\Ec2Config.exe","SourceProcessId":"3560","SourceImage":"C:\\Windows\\System32\\svchost.exe","CallTrace":"C:\\Windows\\SYSTEM32\\ntdll.dll+9c524|C:\\Windows\\System32\\KERNELBASE.dll+2730e|c:\\windows\\system32\\rasmans.dll+3751b|c:\\windows\\system32\\rasmans.dll+36fad|c:\\windows\\system32\\rasmans.dll+10ed8|c:\\windows\\system32\\rasmans.dll+33cd5|C:\\Windows\\System32\\svchost.exe+314c|C:\\Windows\\System32\\sechost.dll+2de2|C:\\Windows\\System32\\KERNEL32.DLL+17944|C:\\Windows\\SYSTEM32\\ntdll.dll+6ce71","UtcTime":"2019-10-28 02:31:32.423","SourceProcessGUID":"{a158f72c-a394-5db5-0000-0010015a0200}"}},"event":{"code":10,"action":"Process accessed (rule: ProcessAccess)","created":"2019-10-28T02:31:34.377Z","kind":"event"},"log":{"level":"information"}}
{"@timestamp":"2019-10-28T02:31:33.275Z","@metadata":{"beat":"winlogbeat","type":"_doc","version":"7.4.0","topic":"winlogbeat"},"event":{"kind":"event","code":4624,"action":"Logon","created":"2019-10-28T02:31:35.390Z"},"log":{"level":"information"},"message":"An account was successfully logged on.\n\nSubject:\n\tSecurity ID:\t\tS-1-0-0\n\tAccount Name:\t\t-\n\tAccount Domain:\t\t-\n\tLogon ID:\t\t0x0\n\nLogon Information:\n\tLogon Type:\t\t3\n\tRestricted Admin Mode:\t-\n\tVirtual Account:\t\tNo\n\tElevated Token:\t\tYes\n\nImpersonation Level:\t\tDelegation\n\nNew Logon:\n\tSecurity ID:\t\tS-1-5-21-2379224252-1048547738-3559495803-1116\n\tAccount Name:\t\tFILE001$\n\tAccount Domain:\t\tSHIRE.COM\n\tLogon ID:\t\t0xB15E71\n\tLinked Logon ID:\t\t0x0\n\tNetwork Account Name:\t-\n\tNetwork Account Domain:\t-\n\tLogon GUID:\t\t{5ad88500-dda1-7fdb-b09c-42efb1f9cd00}\n\nProcess Information:\n\tProcess ID:\t\t0x0\n\tProcess Name:\t\t-\n\nNetwork Information:\n\tWorkstation Name:\t-\n\tSource Network Address:\t172.18.39.103\n\tSource Port:\t\t53268\n\nDetailed Authentication Information:\n\tLogon Process:\t\tKerberos\n\tAuthentication Package:\tKerberos\n\tTransited Services:\t-\n\tPackage Name (NTLM only):\t-\n\tKey Length:\t\t0\n\nThis event is generated when a logon session is created. It is generated on the computer that was accessed.\n\nThe subject fields indicate the account on the local system which requested the logon. This is most commonly a service such as the Server service, or a local process such as Winlogon.exe or Services.exe.\n\nThe logon type field indicates the kind of logon that occurred. The most common types are 2 (interactive) and 3 (network).\n\nThe New Logon fields indicate the account for whom the new logon was created, i.e. the account that was logged on.\n\nThe network fields indicate where a remote logon request originated. Workstation name is not always available and may be left blank in some cases.\n\nThe impersonation level field indicates the extent to which a process in the logon session can impersonate.\n\nThe authentication information fields provide detailed information about this specific logon request.\n\t- Logon GUID is a unique identifier that can be used to correlate this event with a KDC event.\n\t- Transited services indicate which intermediate services have participated in this logon request.\n\t- Package name indicates which sub-protocol was used among the NTLM protocols.\n\t- Key length indicates the length of the generated session key. This will be 0 if no session key was requested.","agent":{"id":"f8e32ecf-6ac8-4748-86ec-f026490623c4","version":"7.4.0","type":"winlogbeat","ephemeral_id":"df5ad137-6594-4bd7-a3eb-e0eda670370c","hostname":"WECServer"},"ecs":{"version":"1.1.0"},"host":{"name":"WECServer"},"winlog":{"event_id":4624,"computer_name":"HFDC01.shire.com","record_id":116087,"keywords":["Audit Success"],"process":{"pid":776,"thread":{"id":1652}},"event_data":{"ElevatedToken":"%%1842","TargetDomainName":"SHIRE.COM","LogonGuid":"{5ad88500-dda1-7fdb-b09c-42efb1f9cd00}","SubjectUserName":"-","TransmittedServices":"-","IpPort":"53268","ImpersonationLevel":"%%1840","TargetOutboundUserName":"-","TargetUserSid":"S-1-5-21-2379224252-1048547738-3559495803-1116","LogonType":"3","SubjectUserSid":"S-1-0-0","KeyLength":"0","LogonProcessName":"Kerberos","SubjectDomainName":"-","ProcessId":"0x0","AuthenticationPackageName":"Kerberos","LmPackageName":"-","TargetUserName":"FILE001$","SubjectLogonId":"0x0","RestrictedAdminMode":"-","VirtualAccount":"%%1843","TargetLinkedLogonId":"0x0","ProcessName":"-","WorkstationName":"-","IpAddress":"172.18.39.103","TargetOutboundDomainName":"-","TargetLogonId":"0xb15e71"},"version":2,"provider_name":"Microsoft-Windows-Security-Auditing","api":"wineventlog","provider_guid":"{54849625-5478-4994-a5ba-3e3b0328c30d}","task":"Logon","opcode":"Info","activity_id":"{9a9c35ae-8ccd-0000-0336-9c9acd8cd501}","channel":"Security"}}
{"@timestamp":"2019-10-28T02:31:33.275Z","@metadata":{"beat":"winlogbeat","type":"_doc","version":"7.4.0","topic":"winlogbeat"},"log":{"level":"information"},"message":"Group membership information.\n\nSubject:\n\tSecurity ID:\t\tS-1-0-0\n\tAccount Name:\t\t-\n\tAccount Domain:\t\t-\n\tLogon ID:\t\t0x0\n\nLogon Type:\t\t\t3\n\nNew Logon:\n\tSecurity ID:\t\tS-1-5-21-2379224252-1048547738-3559495803-1116\n\tAccount Name:\t\tFILE001$\n\tAccount Domain:\t\tSHIRE.COM\n\tLogon ID:\t\t0xB15E71\n\nEvent in sequence:\t\t1 of 1\n\nGroup Membership:\t\t\t\n\t\t%{S-1-5-21-2379224252-1048547738-3559495803-515}\n\t\t%{S-1-1-0}\n\t\t%{S-1-5-32-554}\n\t\t%{S-1-5-32-545}\n\t\t%{S-1-5-32-555}\n\t\t%{S-1-5-2}\n\t\t%{S-1-5-11}\n\t\t%{S-1-5-15}\n\t\t%{S-1-18-1}\n\t\t%{S-1-16-8448}\n\nThe subject fields indicate the account on the local system which requested the logon. This is most commonly a service such as the Server service, or a local process such as Winlogon.exe or Services.exe.\n\nThe logon type field indicates the kind of logon that occurred. The most common types are 2 (interactive) and 3 (network).\n\nThe New Logon fields indicate the account for whom the new logon was created, i.e. the account that was logged on.\n\nThis event is generated when the Audit Group Membership subcategory is configured.  The Logon ID field can be used to correlate this event with the corresponding user logon event as well as to any other security audit events generated during this logon session.","winlog":{"activity_id":"{9a9c35ae-8ccd-0000-0336-9c9acd8cd501}","channel":"Security","provider_guid":"{54849625-5478-4994-a5ba-3e3b0328c30d}","keywords":["Audit Success"],"opcode":"Info","process":{"pid":776,"thread":{"id":1652}},"provider_name":"Microsoft-Windows-Security-Auditing","computer_name":"HFDC01.shire.com","event_data":{"TargetUserName":"FILE001$","TargetDomainName":"SHIRE.COM","EventIdx":"1","SubjectDomainName":"-","SubjectLogonId":"0x0","TargetUserSid":"S-1-5-21-2379224252-1048547738-3559495803-1116","SubjectUserSid":"S-1-0-0","TargetLogonId":"0xb15e71","LogonType":"3","GroupMembership":"\n\t\t%{S-1-5-21-2379224252-1048547738-3559495803-515}\n\t\t%{S-1-1-0}\n\t\t%{S-1-5-32-554}\n\t\t%{S-1-5-32-545}\n\t\t%{S-1-5-32-555}\n\t\t%{S-1-5-2}\n\t\t%{S-1-5-11}\n\t\t%{S-1-5-15}\n\t\t%{S-1-18-1}\n\t\t%{S-1-16-8448}","SubjectUserName":"-","EventCountTotal":"1"},"event_id":4627,"record_id":116088,"task":"Group Membership","api":"wineventlog"},"event":{"kind":"event","code":4627,"action":"Group Membership","created":"2019-10-28T02:31:35.390Z"},"ecs":{"version":"1.1.0"},"host":{"name":"WECServer"},"agent":{"type":"winlogbeat","ephemeral_id":"df5ad137-6594-4bd7-a3eb-e0eda670370c","hostname":"WECServer","id":"f8e32ecf-6ac8-4748-86ec-f026490623c4","version":"7.4.0"}}
{"@timestamp":"2019-10-28T02:31:33.276Z","@metadata":{"beat":"winlogbeat","type":"_doc","version":"7.4.0","topic":"winlogbeat"},"message":"A network share object was accessed.\n\t\nSubject:\n\tSecurity ID:\t\tS-1-5-21-2379224252-1048547738-3559495803-1116\n\tAccount Name:\t\tFILE001$\n\tAccount Domain:\t\tshire\n\tLogon ID:\t\t0xB15E71\n\nNetwork Information:\t\n\tObject Type:\t\tFile\n\tSource Address:\t\t172.18.39.103\n\tSource Port:\t\t53268\n\t\nShare Information:\n\tShare Name:\t\t\\\\*\\IPC$\n\tShare Path:\t\t\n\nAccess Request Information:\n\tAccess Mask:\t\t0x1\n\tAccesses:\t\tReadData (or ListDirectory)\n\t\t\t\t","winlog":{"provider_guid":"{54849625-5478-4994-a5ba-3e3b0328c30d}","record_id":116089,"api":"wineventlog","task":"File Share","version":1,"process":{"thread":{"id":2160},"pid":4},"opcode":"Info","computer_name":"HFDC01.shire.com","keywords":["Audit Success"],"event_data":{"AccessList":"%%4416\n\t\t\t\t","ObjectType":"File","SubjectUserName":"FILE001$","IpAddress":"172.18.39.103","AccessMask":"0x1","SubjectDomainName":"shire","SubjectLogonId":"0xb15e71","ShareName":"\\\\*\\IPC$","SubjectUserSid":"S-1-5-21-2379224252-1048547738-3559495803-1116","IpPort":"53268"},"channel":"Security","event_id":5140,"provider_name":"Microsoft-Windows-Security-Auditing"},"event":{"kind":"event","code":5140,"action":"File Share","created":"2019-10-28T02:31:35.390Z"},"log":{"level":"information"},"ecs":{"version":"1.1.0"},"host":{"name":"WECServer"},"agent":{"type":"winlogbeat","ephemeral_id":"df5ad137-6594-4bd7-a3eb-e0eda670370c","hostname":"WECServer","id":"f8e32ecf-6ac8-4748-86ec-f026490623c4","version":"7.4.0"}}
{"@timestamp":"2019-10-28T02:31:32.910Z","@metadata":{"beat":"winlogbeat","type":"_doc","version":"7.4.0","topic":"winlogbeat"},"winlog":{"record_id":147796,"channel":"Microsoft-Windows-Sysmon/Operational","event_data":{"CreationUtcTime":"2019-10-27 14:01:32.224","UtcTime":"2019-10-28 02:31:32.909","ProcessGuid":"{37dc4fc9-a33b-5db5-0000-0010fdf90000}","ProcessId":"1452","Image":"C:\\Windows\\System32\\svchost.exe","TargetFilename":"C:\\Windows\\ServiceState\\EventLog\\Data\\lastalive0.dat"},"task":"File created (rule: FileCreate)","user":{"type":"User","identifier":"S-1-5-18","name":"SYSTEM","domain":"NT AUTHORITY"},"provider_name":"Microsoft-Windows-Sysmon","api":"wineventlog","computer_name":"FILE001.shire.com","provider_guid":"{5770385f-c22a-43e0-bf4c-06f5698ffbd9}","version":2,"event_id":11,"process":{"pid":2756,"thread":{"id":3320}},"opcode":"Info"},"event":{"action":"File created (rule: FileCreate)","created":"2019-10-28T02:31:35.390Z","kind":"event","code":11},"log":{"level":"information"},"message":"File created:\nRuleName: \nUtcTime: 2019-10-28 02:31:32.909\nProcessGuid: {37dc4fc9-a33b-5db5-0000-0010fdf90000}\nProcessId: 1452\nImage: C:\\Windows\\System32\\svchost.exe\nTargetFilename: C:\\Windows\\ServiceState\\EventLog\\Data\\lastalive0.dat\nCreationUtcTime: 2019-10-27 14:01:32.224","ecs":{"version":"1.1.0"},"host":{"name":"WECServer"},"agent":{"version":"7.4.0","type":"winlogbeat","ephemeral_id":"df5ad137-6594-4bd7-a3eb-e0eda670370c","hostname":"WECServer","id":"f8e32ecf-6ac8-4748-86ec-f026490623c4"}}
{"@timestamp":"2019-10-28T02:31:33.457Z","@metadata":{"beat":"winlogbeat","type":"_doc","version":"7.4.0","topic":"winlogbeat"},"ecs":{"version":"1.1.0"},"host":{"name":"WECServer"},"event":{"code":18,"action":"Pipe Connected (rule: PipeEvent)","created":"2019-10-28T02:31:35.390Z","kind":"event"},"log":{"level":"information"},"message":"Pipe Connected:\nRuleName: \nEventType: ConnectPipe\nUtcTime: 2019-10-28 02:31:33.456\nProcessGuid: {37dc4fc9-a33c-5db5-0000-0010693c0100}\nProcessId: 1516\nPipeName: \\lsass\nImage: C:\\Windows\\System32\\svchost.exe","winlog":{"channel":"Microsoft-Windows-Sysmon/Operational","event_id":18,"process":{"pid":2756,"thread":{"id":3320}},"event_data":{"UtcTime":"2019-10-28 02:31:33.456","ProcessGuid":"{37dc4fc9-a33c-5db5-0000-0010693c0100}","ProcessId":"1516","PipeName":"\\lsass","Image":"C:\\Windows\\System32\\svchost.exe","EventType":"ConnectPipe"},"version":1,"opcode":"Info","record_id":147797,"api":"wineventlog","computer_name":"FILE001.shire.com","provider_guid":"{5770385f-c22a-43e0-bf4c-06f5698ffbd9}","user":{"domain":"NT AUTHORITY","type":"User","identifier":"S-1-5-18","name":"SYSTEM"},"task":"Pipe Connected (rule: PipeEvent)","provider_name":"Microsoft-Windows-Sysmon"},"agent":{"ephemeral_id":"df5ad137-6594-4bd7-a3eb-e0eda670370c","hostname":"WECServer","id":"f8e32ecf-6ac8-4748-86ec-f026490623c4","version":"7.4.0","type":"winlogbeat"}}
{"@timestamp":"2019-10-28T02:31:33.459Z","@metadata":{"beat":"winlogbeat","type":"_doc","version":"7.4.0","topic":"winlogbeat"},"agent":{"type":"winlogbeat","ephemeral_id":"df5ad137-6594-4bd7-a3eb-e0eda670370c","hostname":"WECServer","id":"f8e32ecf-6ac8-4748-86ec-f026490623c4","version":"7.4.0"},"winlog":{"api":"wineventlog","computer_name":"FILE001.shire.com","keywords":["Audit Success"],"opcode":"Info","provider_guid":"{54849625-5478-4994-a5ba-3e3b0328c30d}","task":"Filtering Platform Connection","event_data":{"Protocol":"6","FilterRTID":"0","LayerName":"%%14608","LayerRTID":"36","ProcessId":"4","Application":"System","SourceAddress":"0.0.0.0","SourcePort":"53268"},"channel":"Security","event_id":5158,"provider_name":"Microsoft-Windows-Security-Auditing","process":{"pid":4,"thread":{"id":828}},"record_id":40577},"event":{"created":"2019-10-28T02:31:35.390Z","kind":"event","code":5158,"action":"Filtering Platform Connection"},"log":{"level":"information"},"message":"The Windows Filtering Platform has permitted a bind to a local port.\n\nApplication Information:\n\tProcess ID:\t\t4\n\tApplication Name:\tSystem\n\nNetwork Information:\n\tSource Address:\t\t0.0.0.0\n\tSource Port:\t\t53268\n\tProtocol:\t\t6\n\nFilter Information:\n\tFilter Run-Time ID:\t0\n\tLayer Name:\t\tResource Assignment\n\tLayer Run-Time ID:\t36","ecs":{"version":"1.1.0"},"host":{"name":"WECServer"}}
{"@timestamp":"2019-10-28T02:31:33.459Z","@metadata":{"beat":"winlogbeat","type":"_doc","version":"7.4.0","topic":"winlogbeat"},"log":{"level":"information"},"message":"The Windows Filtering Platform has permitted a connection.\n\nApplication Information:\n\tProcess ID:\t\t4\n\tApplication Name:\tSystem\n\nNetwork Information:\n\tDirection:\t\tOutbound\n\tSource Address:\t\t172.18.39.103\n\tSource Port:\t\t53268\n\tDestination Address:\t172.18.39.5\n\tDestination Port:\t\t445\n\tProtocol:\t\t6\n\nFilter Information:\n\tFilter Run-Time ID:\t67859\n\tLayer Name:\t\tConnect\n\tLayer Run-Time ID:\t48","ecs":{"version":"1.1.0"},"host":{"name":"WECServer"},"agent":{"type":"winlogbeat","ephemeral_id":"df5ad137-6594-4bd7-a3eb-e0eda670370c","hostname":"WECServer","id":"f8e32ecf-6ac8-4748-86ec-f026490623c4","version":"7.4.0"},"winlog":{"opcode":"Info","event_data":{"SourceAddress":"172.18.39.103","DestAddress":"172.18.39.5","RemoteUserID":"S-1-0-0","Direction":"%%14593","Protocol":"6","FilterRTID":"67859","LayerName":"%%14611","RemoteMachineID":"S-1-0-0","LayerRTID":"48","ProcessID":"4","SourcePort":"53268","DestPort":"445","Application":"System"},"channel":"Security","record_id":40578,"version":1,"computer_name":"FILE001.shire.com","keywords":["Audit Success"],"api":"wineventlog","event_id":5156,"process":{"pid":4,"thread":{"id":828}},"provider_guid":"{54849625-5478-4994-a5ba-3e3b0328c30d}","provider_name":"Microsoft-Windows-Security-Auditing","task":"Filtering Platform Connection"},"event":{"action":"Filtering Platform Connection","created":"2019-10-28T02:31:35.390Z","kind":"event","code":5156}}
{"@timestamp":"2019-10-28T02:31:34.184Z","@metadata":{"beat":"winlogbeat","type":"_doc","version":"7.4.0","topic":"winlogbeat"},"ecs":{"version":"1.1.0"},"host":{"name":"WECServer"},"agent":{"id":"f8e32ecf-6ac8-4748-86ec-f026490623c4","version":"7.4.0","type":"winlogbeat","ephemeral_id":"df5ad137-6594-4bd7-a3eb-e0eda670370c","hostname":"WECServer"},"winlog":{"record_id":200352,"version":3,"event_id":10,"api":"wineventlog","provider_guid":"{5770385f-c22a-43e0-bf4c-06f5698ffbd9}","user":{"name":"SYSTEM","domain":"NT AUTHORITY","type":"User","identifier":"S-1-5-18"},"channel":"Microsoft-Windows-Sysmon/Operational","provider_name":"Microsoft-Windows-Sysmon","opcode":"Info","process":{"pid":3196,"thread":{"id":4324}},"task":"Process accessed (rule: ProcessAccess)","event_data":{"UtcTime":"2019-10-28 02:31:34.183","SourceProcessGUID":"{a158f72c-a3a8-5db5-0000-001005670200}","SourceProcessId":"3604","CallTrace":"C:\\Windows\\SYSTEM32\\ntdll.dll+9c524|C:\\Windows\\System32\\KERNELBASE.dll+2730e|c:\\windows\\system32\\rasmans.dll+3751b|c:\\windows\\system32\\rasmans.dll+36fad|c:\\windows\\system32\\rasmans.dll+10ed8|c:\\windows\\system32\\rasmans.dll+33cd5|C:\\Windows\\System32\\svchost.exe+314c|C:\\Windows\\System32\\sechost.dll+2de2|C:\\Windows\\System32\\KERNEL32.DLL+17944|C:\\Windows\\SYSTEM32\\ntdll.dll+6ce71","TargetImage":"C:\\Program Files\\Amazon\\Ec2ConfigService\\Ec2Config.exe","SourceImage":"C:\\Windows\\System32\\svchost.exe","SourceThreadId":"3688","TargetProcessGUID":"{a158f72c-a3a7-5db5-0000-0010ab1f0200}","TargetProcessId":"3112","GrantedAccess":"0x1400"},"computer_name":"IT001.shire.com"},"event":{"action":"Process accessed (rule: ProcessAccess)","created":"2019-10-28T02:31:36.395Z","kind":"event","code":10},"log":{"level":"information"},"message":"Process accessed:\nRuleName: \nUtcTime: 2019-10-28 02:31:34.183\nSourceProcessGUID: {a158f72c-a3a8-5db5-0000-001005670200}\nSourceProcessId: 3604\nSourceThreadId: 3688\nSourceImage: C:\\Windows\\System32\\svchost.exe\nTargetProcessGUID: {a158f72c-a3a7-5db5-0000-0010ab1f0200}\nTargetProcessId: 3112\nTargetImage: C:\\Program Files\\Amazon\\Ec2ConfigService\\Ec2Config.exe\nGrantedAccess: 0x1400\nCallTrace: C:\\Windows\\SYSTEM32\\ntdll.dll+9c524|C:\\Windows\\System32\\KERNELBASE.dll+2730e|c:\\windows\\system32\\rasmans.dll+3751b|c:\\windows\\system32\\rasmans.dll+36fad|c:\\windows\\system32\\rasmans.dll+10ed8|c:\\windows\\system32\\rasmans.dll+33cd5|C:\\Windows\\System32\\svchost.exe+314c|C:\\Windows\\System32\\sechost.dll+2de2|C:\\Windows\\System32\\KERNEL32.DLL+17944|C:\\Windows\\SYSTEM32\\ntdll.dll+6ce71"}
{"@timestamp":"2019-10-28T02:31:35.020Z","@metadata":{"beat":"winlogbeat","type":"_doc","version":"7.4.0","topic":"winlogbeat"},"ecs":{"version":"1.1.0"},"winlog":{"channel":"Microsoft-Windows-Sysmon/Operational","event_id":3,"provider_guid":"{5770385f-c22a-43e0-bf4c-06f5698ffbd9}","user":{"identifier":"S-1-5-18","name":"SYSTEM","domain":"NT AUTHORITY","type":"User"},"computer_name":"FILE001.shire.com","opcode":"Info","task":"Network connection detected (rule: NetworkConnect)","process":{"pid":2756,"thread":{"id":3312}},"event_data":{"UtcTime":"2019-10-28 02:31:33.891","SourceHostname":"FILE001.shire.com","Protocol":"tcp","SourcePort":"53268","Image":"System","SourceIp":"172.18.39.103","DestinationPort":"445","Initiated":"true","ProcessGuid":"{37dc4fc9-a336-5db5-0000-0010eb030000}","ProcessId":"4","SourceIsIpv6":"false","DestinationHostname":"ip-172-18-39-5.ec2.internal","DestinationIsIpv6":"false","DestinationIp":"172.18.39.5","DestinationPortName":"microsoft-ds","User":"NT AUTHORITY\\SYSTEM"},"provider_name":"Microsoft-Windows-Sysmon","record_id":147798,"api":"wineventlog","version":5},"event":{"kind":"event","code":3,"action":"Network connection detected (rule: NetworkConnect)","created":"2019-10-28T02:31:36.395Z"},"log":{"level":"information"},"message":"Network connection detected:\nRuleName: \nUtcTime: 2019-10-28 02:31:33.891\nProcessGuid: {37dc4fc9-a336-5db5-0000-0010eb030000}\nProcessId: 4\nImage: System\nUser: NT AUTHORITY\\SYSTEM\nProtocol: tcp\nInitiated: true\nSourceIsIpv6: false\nSourceIp: 172.18.39.103\nSourceHostname: FILE001.shire.com\nSourcePort: 53268\nSourcePortName: \nDestinationIsIpv6: false\nDestinationIp: 172.18.39.5\nDestinationHostname: ip-172-18-39-5.ec2.internal\nDestinationPort: 445\nDestinationPortName: microsoft-ds","host":{"name":"WECServer"},"agent":{"version":"7.4.0","type":"winlogbeat","ephemeral_id":"df5ad137-6594-4bd7-a3eb-e0eda670370c","hostname":"WECServer","id":"f8e32ecf-6ac8-4748-86ec-f026490623c4"}}
{"@timestamp":"2019-10-28T02:31:34.983Z","@metadata":{"beat":"winlogbeat","type":"_doc","version":"7.4.0","topic":"winlogbeat"},"host":{"name":"WECServer"},"agent":{"type":"winlogbeat","ephemeral_id":"df5ad137-6594-4bd7-a3eb-e0eda670370c","hostname":"WECServer","id":"f8e32ecf-6ac8-4748-86ec-f026490623c4","version":"7.4.0"},"winlog":{"event_id":3,"provider_name":"Microsoft-Windows-Sysmon","record_id":222736,"api":"wineventlog","computer_name":"HFDC01.shire.com","provider_guid":"{5770385f-c22a-43e0-bf4c-06f5698ffbd9}","user":{"identifier":"S-1-5-18","name":"SYSTEM","domain":"NT AUTHORITY","type":"User"},"channel":"Microsoft-Windows-Sysmon/Operational","task":"Network connection detected (rule: NetworkConnect)","version":5,"event_data":{"DestinationHostname":"HFDC01.shire.com","SourcePort":"53268","SourceIsIpv6":"false","Protocol":"tcp","DestinationIp":"172.18.39.5","User":"NT AUTHORITY\\SYSTEM","SourceIp":"172.18.39.103","DestinationPort":"445","ProcessGuid":"{962923ac-a0dd-5db5-0000-0010eb030000}","Image":"System","DestinationIsIpv6":"false","DestinationPortName":"microsoft-ds","UtcTime":"2019-10-28 02:31:33.128","Initiated":"false","ProcessId":"4","SourceHostname":"ip-172-18-39-103.ec2.internal"},"opcode":"Info","process":{"pid":2044,"thread":{"id":3636}}},"event":{"code":3,"action":"Network connection detected (rule: NetworkConnect)","created":"2019-10-28T02:31:36.395Z","kind":"event"},"log":{"level":"information"},"message":"Network connection detected:\nRuleName: \nUtcTime: 2019-10-28 02:31:33.128\nProcessGuid: {962923ac-a0dd-5db5-0000-0010eb030000}\nProcessId: 4\nImage: System\nUser: NT AUTHORITY\\SYSTEM\nProtocol: tcp\nInitiated: false\nSourceIsIpv6: false\nSourceIp: 172.18.39.103\nSourceHostname: ip-172-18-39-103.ec2.internal\nSourcePort: 53268\nSourcePortName: \nDestinationIsIpv6: false\nDestinationIp: 172.18.39.5\nDestinationHostname: HFDC01.shire.com\nDestinationPort: 445\nDestinationPortName: microsoft-ds","ecs":{"version":"1.1.0"}}
