{"@timestamp":"2019-10-28T02:31:42.259Z","@metadata":{"beat":"winlogbeat","type":"_doc","version":"7.4.0","topic":"winlogbeat"},"host":{"name":"WECServer"},"agent":{"type":"winlogbeat","ephemeral_id":"df5ad137-6594-4bd7-a3eb-e0eda670370c","hostname":"WECServer","id":"f8e32ecf-6ac8-4748-86ec-f026490623c4","version":"7.4.0"},"winlog":{"provider_guid":"{5770385f-c22a-43e0-bf4c-06f5698ffbd9}","event_data":{"SourceThreadId":"4216","CallTrace":"C:\\Windows\\SYSTEM32\\ntdll.dll+9c524|C:\\Windows\\System32\\KERNELBASE.dll+2730e|c:\\windows\\system32\\rasmans.dll+138b|c:\\windows\\system32\\rasmans.dll+15fc|c:\\windows\\system32\\rasmans.dll+27791|c:\\windows\\system32\\rasmans.dll+119d6|c:\\windows\\system32\\rasmans.dll+e755|C:\\Windows\\System32\\RPCRT4.dll+76963|C:\\Windows\\System32\\RPCRT4.dll+da036|C:\\Windows\\System32\\RPCRT4.dll+37a5c|C:\\Windows\\System32\\RPCRT4.dll+548d8|C:\\Windows\\System32\\RPCRT4.dll+2c931|C:\\Windows\\System32\\RPCRT4.dll+2c1eb|C:\\Windows\\System32\\RPCRT4.dll+1a86f|C:\\Windows\\System32\\RPCRT4.dll+19d1a|C:\\Windows\\System32\\RPCRT4.dll+19301|C:\\Windows\\System32\\RPCRT4.dll+18d6e|C:\\Windows\\System32\\RPCRT4.dll+169a5|C:\\Windows\\SYSTEM32\\ntdll.dll+333fd|C:\\Windows\\SYSTEM32\\ntdll.dll+34152|C:\\Windows\\System32\\KERNEL32.DLL+17944|C:\\Windows\\SYSTEM32\\ntdll.dll+6ce71","UtcTime":"2019-10-28 02:31:42.252","TargetProcessGUID":"{a158f72c-530d-5db6-0000-001011f7af00}","TargetImage":"C:\\Windows\\Microsoft.NET\\Framework64\\v4.0.30319\\InstallUtil.exe","GrantedAccess":"0x40","SourceProcessGUID":"{a158f72c-a394-5db5-0000-0010015a0200}","SourceProcessId":"3560","SourceImage":"C:\\Windows\\System32\\svchost.exe","TargetProcessId":"5204"},"channel":"Microsoft-Windows-Sysmon/Operational","provider_name":"Microsoft-Windows-Sysmon","api":"wineventlog","event_id":10,"opcode":"Info","version":3,"record_id":271799,"process":{"pid":3208,"thread":{"id":5108}},"user":{"identifier":"S-1-5-18","name":"SYSTEM","domain":"NT AUTHORITY","type":"User"},"task":"Process accessed (rule: ProcessAccess)","computer_name":"ACCT001.shire.com"},"event":{"code":10,"action":"Process accessed (rule: ProcessAccess)","created":"2019-10-28T02:31:43.540Z","kind":"event"},"log":{"level":"information"},"message":"Process accessed:\nRuleName: \nUtcTime: 2019-10-28 02:31:42.252\nSourceProcessGUID: {a158f72c-a394-5db5-0000-0010015a0200}\nSourceProcessId: 3560\nSourceThreadId: 4216\nSourceImage: C:\\Windows\\System32\\svchost.exe\nTargetProcessGUID: {a158f72c-530d-5db6-0000-001011f7af00}\nTargetProcessId: 5204\nTargetImage: C:\\Windows\\Microsoft.NET\\Framework64\\v4.0.30319\\InstallUtil.exe\nGrantedAccess: 0x40\nCallTrace: C:\\Windows\\SYSTEM32\\ntdll.dll+9c524|C:\\Windows\\System32\\KERNELBASE.dll+2730e|c:\\windows\\system32\\rasmans.dll+138b|c:\\windows\\system32\\rasmans.dll+15fc|c:\\windows\\system32\\rasmans.dll+27791|c:\\windows\\system32\\rasmans.dll+119d6|c:\\windows\\system32\\rasmans.dll+e755|C:\\Windows\\System32\\RPCRT4.dll+76963|C:\\Windows\\System32\\RPCRT4.dll+da036|C:\\Windows\\System32\\RPCRT4.dll+37a5c|C:\\Windows\\System32\\RPCRT4.dll+548d8|C:\\Windows\\System32\\RPCRT4.dll+2c931|C:\\Windows\\System32\\RPCRT4.dll+2c1eb|C:\\Windows\\System32\\RPCRT4.dll+1a86f|C:\\Windows\\System32\\RPCRT4.dll+19d1a|C:\\Windows\\System32\\RPCRT4.dll+19301|C:\\Windows\\System32\\RPCRT4.dll+18d6e|C:\\Windows\\System32\\RPCRT4.dll+169a5|C:\\Windows\\SYSTEM32\\ntdll.dll+333fd|C:\\Windows\\SYSTEM32\\ntdll.dll+34152|C:\\Windows\\System32\\KERNEL32.DLL+17944|C:\\Windows\\SYSTEM32\\ntdll.dll+6ce71","ecs":{"version":"1.1.0"}}
{"@timestamp":"2019-10-28T02:31:42.260Z","@metadata":{"beat":"winlogbeat","type":"_doc","version":"7.4.0","topic":"winlogbeat"},"winlog":{"event_id":7,"record_id":271800,"api":"wineventlog","version":3,"user":{"name":"SYSTEM","domain":"NT AUTHORITY","type":"User","identifier":"S-1-5-18"},"computer_name":"ACCT001.shire.com","provider_guid":"{5770385f-c22a-43e0-bf4c-06f5698ffbd9}","event_data":{"Company":"Microsoft Corporation","Image":"C:\\Windows\\Microsoft.NET\\Framework64\\v4.0.30319\\InstallUtil.exe","ImageLoaded":"C:\\Windows\\System32\\winhttp.dll","Signature":"Microsoft Windows","FileVersion":"10.0.18362.1 (WinBuild.160101.0800)","ProcessGuid":"{a158f72c-530d-5db6-0000-001011f7af00}","Signed":"true","UtcTime":"2019-10-28 02:31:42.252","Description":"Windows HTTP Services","Hashes":"SHA1=6B1A5640C5685ABD80FC396F21511724C5F538F5,MD5=BFE8E078140A14FE3F2024BFC1B0E075,SHA256=07C9217AC0B68F5CFC130E76DA704EE8AE4B4623AD3F4518732A3B6073A82513,IMPHASH=7797C1B2797DC9ADD45C8EA64BBB46BB","SignatureStatus":"Valid","OriginalFileName":"winhttp.dll","Product":"Microsoft Windows Operating System","ProcessId":"5204"},"channel":"Microsoft-Windows-Sysmon/Operational","provider_name":"Microsoft-Windows-Sysmon","task":"Image loaded (rule: ImageLoad)","opcode":"Info","process":{"pid":3208,"thread":{"id":5108}}},"event":{"kind":"event","code":7,"action":"Image loaded (rule: ImageLoad)","created":"2019-10-28T02:31:43.540Z"},"log":{"level":"information"},"ecs":{"version":"1.1.0"},"host":{"name":"WECServer"},"agent":{"type":"winlogbeat","ephemeral_id":"df5ad137-6594-4bd7-a3eb-e0eda670370c","hostname":"WECServer","id":"f8e32ecf-6ac8-4748-86ec-f026490623c4","version":"7.4.0"},"message":"Image loaded:\nRuleName: \nUtcTime: 2019-10-28 02:31:42.252\nProcessGuid: {a158f72c-530d-5db6-0000-001011f7af00}\nProcessId: 5204\nImage: C:\\Windows\\Microsoft.NET\\Framework64\\v4.0.30319\\InstallUtil.exe\nImageLoaded: C:\\Windows\\System32\\winhttp.dll\nFileVersion: 10.0.18362.1 (WinBuild.160101.0800)\nDescription: Windows HTTP Services\nProduct: Microsoft Windows Operating System\nCompany: Microsoft Corporation\nOriginalFileName: winhttp.dll\nHashes: SHA1=6B1A5640C5685ABD80FC396F21511724C5F538F5,MD5=BFE8E078140A14FE3F2024BFC1B0E075,SHA256=07C9217AC0B68F5CFC130E76DA704EE8AE4B4623AD3F4518732A3B6073A82513,IMPHASH=7797C1B2797DC9ADD45C8EA64BBB46BB\nSigned: true\nSignature: Microsoft Windows\nSignatureStatus: Valid"}
{"@timestamp":"2019-10-28T02:31:42.260Z","@metadata":{"beat":"winlogbeat","type":"_doc","version":"7.4.0","topic":"winlogbeat"},"ecs":{"version":"1.1.0"},"host":{"name":"WECServer"},"agent":{"type":"winlogbeat","ephemeral_id":"df5ad137-6594-4bd7-a3eb-e0eda670370c","hostname":"WECServer","id":"f8e32ecf-6ac8-4748-86ec-f026490623c4","version":"7.4.0"},"message":"Image loaded:\nRuleName: \nUtcTime: 2019-10-28 02:31:42.252\nProcessGuid: {a158f72c-530d-5db6-0000-001011f7af00}\nProcessId: 5204\nImage: C:\\Windows\\Microsoft.NET\\Framework64\\v4.0.30319\\InstallUtil.exe\nImageLoaded: C:\\Windows\\System32\\OnDemandConnRouteHelper.dll\nFileVersion: 10.0.18362.1 (WinBuild.160101.0800)\nDescription: On Demand Connctiond Route Helper\nProduct: Microsoft Windows Operating System\nCompany: Microsoft Corporation\nOriginalFileName: OnDemandConnRouteHelper.dll\nHashes: SHA1=CB0FED80A33581425BBEA334D9185F63C5EE315F,MD5=9D1E318E09783AFBBF2F51D6E9950662,SHA256=48C0E264A522173740EBD7627900BE7E6FEDAEE2264F67A00E78D4A6D76865D8,IMPHASH=83BEA6248DF8A10A1D9DF229B452B69F\nSigned: true\nSignature: Microsoft Windows\nSignatureStatus: Valid","winlog":{"provider_name":"Microsoft-Windows-Sysmon","computer_name":"ACCT001.shire.com","provider_guid":"{5770385f-c22a-43e0-bf4c-06f5698ffbd9}","process":{"pid":3208,"thread":{"id":5108}},"task":"Image loaded (rule: ImageLoad)","opcode":"Info","version":3,"user":{"identifier":"S-1-5-18","name":"SYSTEM","domain":"NT AUTHORITY","type":"User"},"record_id":271801,"event_id":7,"api":"wineventlog","event_data":{"ImageLoaded":"C:\\Windows\\System32\\OnDemandConnRouteHelper.dll","Image":"C:\\Windows\\Microsoft.NET\\Framework64\\v4.0.30319\\InstallUtil.exe","ProcessGuid":"{a158f72c-530d-5db6-0000-001011f7af00}","SignatureStatus":"Valid","Signed":"true","OriginalFileName":"OnDemandConnRouteHelper.dll","Description":"On Demand Connctiond Route Helper","Signature":"Microsoft Windows","Company":"Microsoft Corporation","UtcTime":"2019-10-28 02:31:42.252","FileVersion":"10.0.18362.1 (WinBuild.160101.0800)","Product":"Microsoft Windows Operating System","ProcessId":"5204","Hashes":"SHA1=CB0FED80A33581425BBEA334D9185F63C5EE315F,MD5=9D1E318E09783AFBBF2F51D6E9950662,SHA256=48C0E264A522173740EBD7627900BE7E6FEDAEE2264F67A00E78D4A6D76865D8,IMPHASH=83BEA6248DF8A10A1D9DF229B452B69F"},"channel":"Microsoft-Windows-Sysmon/Operational"},"event":{"action":"Image loaded (rule: ImageLoad)","created":"2019-10-28T02:31:43.540Z","kind":"event","code":7},"log":{"level":"information"}}
{"@timestamp":"2019-10-28T02:31:42.260Z","@metadata":{"beat":"winlogbeat","type":"_doc","version":"7.4.0","topic":"winlogbeat"},"message":"Registry object added or deleted:\nRuleName: \nEventType: CreateKey\nUtcTime: 2019-10-28 02:31:42.252\nProcessGuid: {a158f72c-530d-5db6-0000-001011f7af00}\nProcessId: 5204\nImage: C:\\Windows\\Microsoft.NET\\Framework64\\v4.0.30319\\InstallUtil.exe\nTargetObject: HKU\\S-1-5-21-2379224252-1048547738-3559495803-1113\\Software\\Microsoft\\Windows\\CurrentVersion\\Internet Settings\\Connections","host":{"name":"WECServer"},"agent":{"type":"winlogbeat","ephemeral_id":"df5ad137-6594-4bd7-a3eb-e0eda670370c","hostname":"WECServer","id":"f8e32ecf-6ac8-4748-86ec-f026490623c4","version":"7.4.0"},"ecs":{"version":"1.1.0"},"winlog":{"provider_guid":"{5770385f-c22a-43e0-bf4c-06f5698ffbd9}","task":"Registry object added or deleted (rule: RegistryEvent)","api":"wineventlog","computer_name":"ACCT001.shire.com","version":2,"channel":"Microsoft-Windows-Sysmon/Operational","user":{"name":"SYSTEM","domain":"NT AUTHORITY","type":"User","identifier":"S-1-5-18"},"provider_name":"Microsoft-Windows-Sysmon","process":{"pid":3208,"thread":{"id":5108}},"opcode":"Info","event_id":12,"record_id":271802,"event_data":{"TargetObject":"HKU\\S-1-5-21-2379224252-1048547738-3559495803-1113\\Software\\Microsoft\\Windows\\CurrentVersion\\Internet Settings\\Connections","EventType":"CreateKey","UtcTime":"2019-10-28 02:31:42.252","ProcessGuid":"{a158f72c-530d-5db6-0000-001011f7af00}","ProcessId":"5204","Image":"C:\\Windows\\Microsoft.NET\\Framework64\\v4.0.30319\\InstallUtil.exe"}},"event":{"kind":"event","code":12,"action":"Registry object added or deleted (rule: RegistryEvent)","created":"2019-10-28T02:31:43.540Z"},"log":{"level":"information"}}
{"@timestamp":"2019-10-28T02:31:42.265Z","@metadata":{"beat":"winlogbeat","type":"_doc","version":"7.4.0","topic":"winlogbeat"},"winlog":{"version":3,"process":{"pid":3208,"thread":{"id":5116}},"task":"Image loaded (rule: ImageLoad)","computer_name":"ACCT001.shire.com","channel":"Microsoft-Windows-Sysmon/Operational","record_id":271803,"api":"wineventlog","opcode":"Info","event_data":{"UtcTime":"2019-10-28 02:31:42.220","Hashes":"SHA1=83732B1C9E75C60FC081F6FD9F9DE26C810C8CFF,MD5=C5FAD96F680BA111C0745BD84350E527,SHA256=4AAE261CFF4C130DD29C0FAD0041795705CD1D58BC6DF6326203199DB7FD0573,IMPHASH=727A3B933E61CBE25A99DB6277CF4CA3","SignatureStatus":"Valid","ImageLoaded":"C:\\Windows\\System32\\rtutils.dll","Signature":"Microsoft Windows","Company":"Microsoft Corporation","ProcessId":"5204","OriginalFileName":"RTUTILS.DLL","ProcessGuid":"{a158f72c-530d-5db6-0000-001011f7af00}","Description":"Routing Utilities","Image":"C:\\Windows\\Microsoft.NET\\Framework64\\v4.0.30319\\InstallUtil.exe","FileVersion":"10.0.18362.1 (WinBuild.160101.0800)","Product":"Microsoft Windows Operating System","Signed":"true"},"event_id":7,"provider_name":"Microsoft-Windows-Sysmon","user":{"identifier":"S-1-5-18","name":"SYSTEM","domain":"NT AUTHORITY","type":"User"},"provider_guid":"{5770385f-c22a-43e0-bf4c-06f5698ffbd9}"},"event":{"kind":"event","code":7,"action":"Image loaded (rule: ImageLoad)","created":"2019-10-28T02:31:43.540Z"},"log":{"level":"information"},"message":"Image loaded:\nRuleName: \nUtcTime: 2019-10-28 02:31:42.220\nProcessGuid: {a158f72c-530d-5db6-0000-001011f7af00}\nProcessId: 5204\nImage: C:\\Windows\\Microsoft.NET\\Framework64\\v4.0.30319\\InstallUtil.exe\nImageLoaded: C:\\Windows\\System32\\rtutils.dll\nFileVersion: 10.0.18362.1 (WinBuild.160101.0800)\nDescription: Routing Utilities\nProduct: Microsoft Windows Operating System\nCompany: Microsoft Corporation\nOriginalFileName: RTUTILS.DLL\nHashes: SHA1=83732B1C9E75C60FC081F6FD9F9DE26C810C8CFF,MD5=C5FAD96F680BA111C0745BD84350E527,SHA256=4AAE261CFF4C130DD29C0FAD0041795705CD1D58BC6DF6326203199DB7FD0573,IMPHASH=727A3B933E61CBE25A99DB6277CF4CA3\nSigned: true\nSignature: Microsoft Windows\nSignatureStatus: Valid","ecs":{"version":"1.1.0"},"host":{"name":"WECServer"},"agent":{"type":"winlogbeat","ephemeral_id":"df5ad137-6594-4bd7-a3eb-e0eda670370c","hostname":"WECServer","id":"f8e32ecf-6ac8-4748-86ec-f026490623c4","version":"7.4.0"}}
{"@timestamp":"2019-10-28T02:31:42.368Z","@metadata":{"beat":"winlogbeat","type":"_doc","version":"7.4.0","topic":"winlogbeat"},"winlog":{"event_id":5158,"keywords":["Audit Success"],"provider_name":"Microsoft-Windows-Security-Auditing","process":{"pid":4,"thread":{"id":5784}},"channel":"security","record_id":41353,"computer_name":"ACCT001.shire.com","opcode":"Info","task":"Filtering Platform Connection","api":"wineventlog","provider_guid":"{54849625-5478-4994-a5ba-3e3b0328c30d}","event_data":{"FilterRTID":"0","LayerName":"%%14608","LayerRTID":"36","ProcessId":"3256","Application":"\\device\\harddiskvolume2\\windows\\system32\\svchost.exe","SourceAddress":"0.0.0.0","SourcePort":"54985","Protocol":"6"}},"event":{"created":"2019-10-28T02:31:43.540Z","kind":"event","code":5158,"action":"Filtering Platform Connection"},"log":{"level":"information"},"message":"The Windows Filtering Platform has permitted a bind to a local port.\n\nApplication Information:\n\tProcess ID:\t\t3256\n\tApplication Name:\t\\device\\harddiskvolume2\\windows\\system32\\svchost.exe\n\nNetwork Information:\n\tSource Address:\t\t0.0.0.0\n\tSource Port:\t\t54985\n\tProtocol:\t\t6\n\nFilter Information:\n\tFilter Run-Time ID:\t0\n\tLayer Name:\t\tResource Assignment\n\tLayer Run-Time ID:\t36","ecs":{"version":"1.1.0"},"host":{"name":"WECServer"},"agent":{"id":"f8e32ecf-6ac8-4748-86ec-f026490623c4","version":"7.4.0","type":"winlogbeat","ephemeral_id":"df5ad137-6594-4bd7-a3eb-e0eda670370c","hostname":"WECServer"}}
{"@timestamp":"2019-10-28T02:31:42.368Z","@metadata":{"beat":"winlogbeat","type":"_doc","version":"7.4.0","topic":"winlogbeat"},"agent":{"ephemeral_id":"df5ad137-6594-4bd7-a3eb-e0eda670370c","hostname":"WECServer","id":"f8e32ecf-6ac8-4748-86ec-f026490623c4","version":"7.4.0","type":"winlogbeat"},"winlog":{"api":"wineventlog","opcode":"Info","channel":"security","task":"Filtering Platform Connection","computer_name":"ACCT001.shire.com","version":1,"process":{"pid":4,"thread":{"id":5784}},"record_id":41354,"provider_guid":"{54849625-5478-4994-a5ba-3e3b0328c30d}","keywords":["Audit Success"],"event_data":{"RemoteUserID":"S-1-0-0","ProcessID":"3256","Direction":"%%14593","DestAddress":"172.18.39.102","LayerName":"%%14611","DestPort":"5985","LayerRTID":"48","RemoteMachineID":"S-1-0-0","Protocol":"6","FilterRTID":"67260","Application":"\\device\\harddiskvolume2\\windows\\system32\\svchost.exe","SourceAddress":"172.18.39.100","SourcePort":"54985"},"event_id":5156,"provider_name":"Microsoft-Windows-Security-Auditing"},"event":{"kind":"event","code":5156,"action":"Filtering Platform Connection","created":"2019-10-28T02:31:43.540Z"},"log":{"level":"information"},"message":"The Windows Filtering Platform has permitted a connection.\n\nApplication Information:\n\tProcess ID:\t\t3256\n\tApplication Name:\t\\device\\harddiskvolume2\\windows\\system32\\svchost.exe\n\nNetwork Information:\n\tDirection:\t\tOutbound\n\tSource Address:\t\t172.18.39.100\n\tSource Port:\t\t54985\n\tDestination Address:\t172.18.39.102\n\tDestination Port:\t\t5985\n\tProtocol:\t\t6\n\nFilter Information:\n\tFilter Run-Time ID:\t67260\n\tLayer Name:\t\tConnect\n\tLayer Run-Time ID:\t48","ecs":{"version":"1.1.0"},"host":{"name":"WECServer"}}
{"@timestamp":"2019-10-28T02:31:42.371Z","@metadata":{"beat":"winlogbeat","type":"_doc","version":"7.4.0","topic":"winlogbeat"},"winlog":{"computer_name":"ACCT001.shire.com","provider_guid":"{54849625-5478-4994-a5ba-3e3b0328c30d}","event_data":{"SourceAddress":"0.0.0.0","SourcePort":"54986","Protocol":"6","FilterRTID":"0","LayerName":"%%14608","LayerRTID":"36","ProcessId":"3256","Application":"\\device\\harddiskvolume2\\windows\\system32\\svchost.exe"},"record_id":41355,"task":"Filtering Platform Connection","process":{"thread":{"id":5784},"pid":4},"keywords":["Audit Success"],"event_id":5158,"provider_name":"Microsoft-Windows-Security-Auditing","api":"wineventlog","channel":"security","opcode":"Info"},"event":{"kind":"event","code":5158,"action":"Filtering Platform Connection","created":"2019-10-28T02:31:43.540Z"},"host":{"name":"WECServer"},"agent":{"type":"winlogbeat","ephemeral_id":"df5ad137-6594-4bd7-a3eb-e0eda670370c","hostname":"WECServer","id":"f8e32ecf-6ac8-4748-86ec-f026490623c4","version":"7.4.0"},"ecs":{"version":"1.1.0"},"log":{"level":"information"},"message":"The Windows Filtering Platform has permitted a bind to a local port.\n\nApplication Information:\n\tProcess ID:\t\t3256\n\tApplication Name:\t\\device\\harddiskvolume2\\windows\\system32\\svchost.exe\n\nNetwork Information:\n\tSource Address:\t\t0.0.0.0\n\tSource Port:\t\t54986\n\tProtocol:\t\t6\n\nFilter Information:\n\tFilter Run-Time ID:\t0\n\tLayer Name:\t\tResource Assignment\n\tLayer Run-Time ID:\t36"}
{"@timestamp":"2019-10-28T02:31:42.371Z","@metadata":{"beat":"winlogbeat","type":"_doc","version":"7.4.0","topic":"winlogbeat"},"winlog":{"event_data":{"Protocol":"6","RemoteUserID":"S-1-0-0","Direction":"%%14593","DestAddress":"172.18.39.102","RemoteMachineID":"S-1-0-0","ProcessID":"3256","SourceAddress":"172.18.39.100","LayerRTID":"48","Application":"\\device\\harddiskvolume2\\windows\\system32\\svchost.exe","DestPort":"5985","FilterRTID":"67260","LayerName":"%%14611","SourcePort":"54986"},"provider_name":"Microsoft-Windows-Security-Auditing","record_id":41356,"provider_guid":"{54849625-5478-4994-a5ba-3e3b0328c30d}","process":{"pid":4,"thread":{"id":5784}},"channel":"security","event_id":5156,"api":"wineventlog","keywords":["Audit Success"],"opcode":"Info","task":"Filtering Platform Connection","computer_name":"ACCT001.shire.com","version":1},"host":{"name":"WECServer"},"agent":{"hostname":"WECServer","id":"f8e32ecf-6ac8-4748-86ec-f026490623c4","version":"7.4.0","type":"winlogbeat","ephemeral_id":"df5ad137-6594-4bd7-a3eb-e0eda670370c"},"ecs":{"version":"1.1.0"},"event":{"created":"2019-10-28T02:31:43.540Z","kind":"event","code":5156,"action":"Filtering Platform Connection"},"log":{"level":"information"},"message":"The Windows Filtering Platform has permitted a connection.\n\nApplication Information:\n\tProcess ID:\t\t3256\n\tApplication Name:\t\\device\\harddiskvolume2\\windows\\system32\\svchost.exe\n\nNetwork Information:\n\tDirection:\t\tOutbound\n\tSource Address:\t\t172.18.39.100\n\tSource Port:\t\t54986\n\tDestination Address:\t172.18.39.102\n\tDestination Port:\t\t5985\n\tProtocol:\t\t6\n\nFilter Information:\n\tFilter Run-Time ID:\t67260\n\tLayer Name:\t\tConnect\n\tLayer Run-Time ID:\t48"}
{"@timestamp":"2019-10-28T02:31:42.439Z","@metadata":{"beat":"winlogbeat","type":"_doc","version":"7.4.0","topic":"winlogbeat"},"host":{"name":"WECServer"},"agent":{"type":"winlogbeat","ephemeral_id":"df5ad137-6594-4bd7-a3eb-e0eda670370c","hostname":"WECServer","id":"f8e32ecf-6ac8-4748-86ec-f026490623c4","version":"7.4.0"},"message":"Network connection detected:\nRuleName: \nUtcTime: 2019-10-28 02:31:40.640\nProcessGuid: {a158f72c-a393-5db5-0000-0010a4240200}\nProcessId: 3256\nImage: C:\\Windows\\System32\\svchost.exe\nUser: NT AUTHORITY\\NETWORK SERVICE\nProtocol: tcp\nInitiated: true\nSourceIsIpv6: false\nSourceIp: 172.18.39.100\nSourceHostname: ACCT001.shire.com\nSourcePort: 54980\nSourcePortName: \nDestinationIsIpv6: false\nDestinationIp: 172.18.39.102\nDestinationHostname: ip-172-18-39-102.ec2.internal\nDestinationPort: 5985\nDestinationPortName: ","winlog":{"provider_guid":"{5770385f-c22a-43e0-bf4c-06f5698ffbd9}","provider_name":"Microsoft-Windows-Sysmon","api":"wineventlog","computer_name":"ACCT001.shire.com","version":5,"process":{"pid":3208,"thread":{"id":4268}},"event_data":{"User":"NT AUTHORITY\\NETWORK SERVICE","SourceHostname":"ACCT001.shire.com","SourcePort":"54980","ProcessGuid":"{a158f72c-a393-5db5-0000-0010a4240200}","DestinationPort":"5985","DestinationIsIpv6":"false","Image":"C:\\Windows\\System32\\svchost.exe","DestinationIp":"172.18.39.102","DestinationHostname":"ip-172-18-39-102.ec2.internal","ProcessId":"3256","Initiated":"true","SourceIp":"172.18.39.100","SourceIsIpv6":"false","UtcTime":"2019-10-28 02:31:40.640","Protocol":"tcp"},"record_id":271804,"channel":"Microsoft-Windows-Sysmon/Operational","task":"Network connection detected (rule: NetworkConnect)","user":{"name":"SYSTEM","domain":"NT AUTHORITY","type":"User","identifier":"S-1-5-18"},"event_id":3,"opcode":"Info"},"event":{"created":"2019-10-28T02:31:43.540Z","kind":"event","code":3,"action":"Network connection detected (rule: NetworkConnect)"},"log":{"level":"information"},"ecs":{"version":"1.1.0"}}
{"@timestamp":"2019-10-28T02:31:42.486Z","@metadata":{"beat":"winlogbeat","type":"_doc","version":"7.4.0","topic":"winlogbeat"},"agent":{"type":"winlogbeat","ephemeral_id":"df5ad137-6594-4bd7-a3eb-e0eda670370c","hostname":"WECServer","id":"f8e32ecf-6ac8-4748-86ec-f026490623c4","version":"7.4.0"},"winlog":{"user":{"domain":"NT AUTHORITY","type":"User","identifier":"S-1-5-18","name":"SYSTEM"},"event_id":10,"computer_name":"ACCT001.shire.com","version":3,"channel":"Microsoft-Windows-Sysmon/Operational","record_id":271805,"api":"wineventlog","opcode":"Info","provider_name":"Microsoft-Windows-Sysmon","task":"Process accessed (rule: ProcessAccess)","provider_guid":"{5770385f-c22a-43e0-bf4c-06f5698ffbd9}","event_data":{"SourceImage":"C:\\Windows\\System32\\svchost.exe","TargetImage":"C:\\Program Files\\Amazon\\Ec2ConfigService\\Ec2Config.exe","SourceProcessGUID":"{a158f72c-a394-5db5-0000-0010015a0200}","SourceThreadId":"3672","TargetProcessGUID":"{a158f72c-a393-5db5-0000-0010e60d0200}","GrantedAccess":"0x1400","TargetProcessId":"3080","CallTrace":"C:\\Windows\\SYSTEM32\\ntdll.dll+9c524|C:\\Windows\\System32\\KERNELBASE.dll+2730e|c:\\windows\\system32\\rasmans.dll+3751b|c:\\windows\\system32\\rasmans.dll+36fad|c:\\windows\\system32\\rasmans.dll+10ed8|c:\\windows\\system32\\rasmans.dll+33cd5|C:\\Windows\\System32\\svchost.exe+314c|C:\\Windows\\System32\\sechost.dll+2de2|C:\\Windows\\System32\\KERNEL32.DLL+17944|C:\\Windows\\SYSTEM32\\ntdll.dll+6ce71","UtcTime":"2019-10-28 02:31:42.486","SourceProcessId":"3560"},"process":{"thread":{"id":5108},"pid":3208}},"event":{"kind":"event","code":10,"action":"Process accessed (rule: ProcessAccess)","created":"2019-10-28T02:31:43.540Z"},"log":{"level":"information"},"message":"Process accessed:\nRuleName: \nUtcTime: 2019-10-28 02:31:42.486\nSourceProcessGUID: {a158f72c-a394-5db5-0000-0010015a0200}\nSourceProcessId: 3560\nSourceThreadId: 3672\nSourceImage: C:\\Windows\\System32\\svchost.exe\nTargetProcessGUID: {a158f72c-a393-5db5-0000-0010e60d0200}\nTargetProcessId: 3080\nTargetImage: C:\\Program Files\\Amazon\\Ec2ConfigService\\Ec2Config.exe\nGrantedAccess: 0x1400\nCallTrace: C:\\Windows\\SYSTEM32\\ntdll.dll+9c524|C:\\Windows\\System32\\KERNELBASE.dll+2730e|c:\\windows\\system32\\rasmans.dll+3751b|c:\\windows\\system32\\rasmans.dll+36fad|c:\\windows\\system32\\rasmans.dll+10ed8|c:\\windows\\system32\\rasmans.dll+33cd5|C:\\Windows\\System32\\svchost.exe+314c|C:\\Windows\\System32\\sechost.dll+2de2|C:\\Windows\\System32\\KERNEL32.DLL+17944|C:\\Windows\\SYSTEM32\\ntdll.dll+6ce71","ecs":{"version":"1.1.0"},"host":{"name":"WECServer"}}
{"@timestamp":"2019-10-28T02:31:42.486Z","@metadata":{"beat":"winlogbeat","type":"_doc","version":"7.4.0","topic":"winlogbeat"},"log":{"level":"information"},"message":"Process accessed:\nRuleName: \nUtcTime: 2019-10-28 02:31:42.486\nSourceProcessGUID: {a158f72c-a394-5db5-0000-0010015a0200}\nSourceProcessId: 3560\nSourceThreadId: 3672\nSourceImage: C:\\Windows\\System32\\svchost.exe\nTargetProcessGUID: {a158f72c-530d-5db6-0000-001011f7af00}\nTargetProcessId: 5204\nTargetImage: C:\\Windows\\Microsoft.NET\\Framework64\\v4.0.30319\\InstallUtil.exe\nGrantedAccess: 0x1400\nCallTrace: C:\\Windows\\SYSTEM32\\ntdll.dll+9c524|C:\\Windows\\System32\\KERNELBASE.dll+2730e|c:\\windows\\system32\\rasmans.dll+3751b|c:\\windows\\system32\\rasmans.dll+36fad|c:\\windows\\system32\\rasmans.dll+10ed8|c:\\windows\\system32\\rasmans.dll+33cd5|C:\\Windows\\System32\\svchost.exe+314c|C:\\Windows\\System32\\sechost.dll+2de2|C:\\Windows\\System32\\KERNEL32.DLL+17944|C:\\Windows\\SYSTEM32\\ntdll.dll+6ce71","ecs":{"version":"1.1.0"},"host":{"name":"WECServer"},"agent":{"type":"winlogbeat","ephemeral_id":"df5ad137-6594-4bd7-a3eb-e0eda670370c","hostname":"WECServer","id":"f8e32ecf-6ac8-4748-86ec-f026490623c4","version":"7.4.0"},"winlog":{"version":3,"event_data":{"TargetProcessId":"5204","GrantedAccess":"0x1400","SourceThreadId":"3672","UtcTime":"2019-10-28 02:31:42.486","SourceProcessId":"3560","TargetImage":"C:\\Windows\\Microsoft.NET\\Framework64\\v4.0.30319\\InstallUtil.exe","CallTrace":"C:\\Windows\\SYSTEM32\\ntdll.dll+9c524|C:\\Windows\\System32\\KERNELBASE.dll+2730e|c:\\windows\\system32\\rasmans.dll+3751b|c:\\windows\\system32\\rasmans.dll+36fad|c:\\windows\\system32\\rasmans.dll+10ed8|c:\\windows\\system32\\rasmans.dll+33cd5|C:\\Windows\\System32\\svchost.exe+314c|C:\\Windows\\System32\\sechost.dll+2de2|C:\\Windows\\System32\\KERNEL32.DLL+17944|C:\\Windows\\SYSTEM32\\ntdll.dll+6ce71","SourceProcessGUID":"{a158f72c-a394-5db5-0000-0010015a0200}","SourceImage":"C:\\Windows\\System32\\svchost.exe","TargetProcessGUID":"{a158f72c-530d-5db6-0000-001011f7af00}"},"user":{"identifier":"S-1-5-18","name":"SYSTEM","domain":"NT AUTHORITY","type":"User"},"provider_name":"Microsoft-Windows-Sysmon","task":"Process accessed (rule: ProcessAccess)","computer_name":"ACCT001.shire.com","api":"wineventlog","opcode":"Info","process":{"thread":{"id":5108},"pid":3208},"channel":"Microsoft-Windows-Sysmon/Operational","event_id":10,"record_id":271806,"provider_guid":"{5770385f-c22a-43e0-bf4c-06f5698ffbd9}"},"event":{"kind":"event","code":10,"action":"Process accessed (rule: ProcessAccess)","created":"2019-10-28T02:31:43.540Z"}}
{"@timestamp":"2019-10-28T02:31:42.519Z","@metadata":{"beat":"winlogbeat","type":"_doc","version":"7.4.0","topic":"winlogbeat"},"host":{"name":"WECServer"},"agent":{"hostname":"WECServer","id":"f8e32ecf-6ac8-4748-86ec-f026490623c4","version":"7.4.0","type":"winlogbeat","ephemeral_id":"df5ad137-6594-4bd7-a3eb-e0eda670370c"},"log":{"level":"information"},"message":"Registry object added or deleted:\nRuleName: \nEventType: CreateKey\nUtcTime: 2019-10-28 02:31:42.517\nProcessGuid: {a158f72c-a3a1-5db5-0000-0010e67e0800}\nProcessId: 5616\nImage: C:\\Windows\\Explorer.EXE\nTargetObject: HKU\\S-1-5-21-2379224252-1048547738-3559495803-1113\\Software\\Microsoft\\OneDrive\\Accounts","winlog":{"opcode":"Info","channel":"Microsoft-Windows-Sysmon/Operational","api":"wineventlog","provider_guid":"{5770385f-c22a-43e0-bf4c-06f5698ffbd9}","provider_name":"Microsoft-Windows-Sysmon","computer_name":"ACCT001.shire.com","record_id":271807,"version":2,"task":"Registry object added or deleted (rule: RegistryEvent)","process":{"pid":3208,"thread":{"id":5108}},"user":{"type":"User","identifier":"S-1-5-18","name":"SYSTEM","domain":"NT AUTHORITY"},"event_data":{"TargetObject":"HKU\\S-1-5-21-2379224252-1048547738-3559495803-1113\\Software\\Microsoft\\OneDrive\\Accounts","EventType":"CreateKey","UtcTime":"2019-10-28 02:31:42.517","ProcessGuid":"{a158f72c-a3a1-5db5-0000-0010e67e0800}","ProcessId":"5616","Image":"C:\\Windows\\Explorer.EXE"},"event_id":12},"event":{"created":"2019-10-28T02:31:43.540Z","kind":"event","code":12,"action":"Registry object added or deleted (rule: RegistryEvent)"},"ecs":{"version":"1.1.0"}}
{"@timestamp":"2019-10-28T02:31:42.520Z","@metadata":{"beat":"winlogbeat","type":"_doc","version":"7.4.0","topic":"winlogbeat"},"event":{"kind":"event","code":13,"action":"Registry value set (rule: RegistryEvent)","created":"2019-10-28T02:31:43.540Z"},"log":{"level":"information"},"message":"Registry value set:\nRuleName: \nEventType: SetValue\nUtcTime: 2019-10-28 02:31:42.517\nProcessGuid: {a158f72c-a3a1-5db5-0000-0010e67e0800}\nProcessId: 5616\nImage: C:\\Windows\\Explorer.EXE\nTargetObject: HKU\\S-1-5-21-2379224252-1048547738-3559495803-1113\\Software\\Microsoft\\OneDrive\\Accounts\\LastUpdate\nDetails: QWORD (0x00000000-0x5db6530e)","ecs":{"version":"1.1.0"},"host":{"name":"WECServer"},"agent":{"type":"winlogbeat","ephemeral_id":"df5ad137-6594-4bd7-a3eb-e0eda670370c","hostname":"WECServer","id":"f8e32ecf-6ac8-4748-86ec-f026490623c4","version":"7.4.0"},"winlog":{"user":{"domain":"NT AUTHORITY","type":"User","identifier":"S-1-5-18","name":"SYSTEM"},"record_id":271808,"task":"Registry value set (rule: RegistryEvent)","version":2,"channel":"Microsoft-Windows-Sysmon/Operational","api":"wineventlog","event_data":{"Image":"C:\\Windows\\Explorer.EXE","TargetObject":"HKU\\S-1-5-21-2379224252-1048547738-3559495803-1113\\Software\\Microsoft\\OneDrive\\Accounts\\LastUpdate","Details":"QWORD (0x00000000-0x5db6530e)","EventType":"SetValue","UtcTime":"2019-10-28 02:31:42.517","ProcessGuid":"{a158f72c-a3a1-5db5-0000-0010e67e0800}","ProcessId":"5616"},"provider_name":"Microsoft-Windows-Sysmon","computer_name":"ACCT001.shire.com","opcode":"Info","process":{"pid":3208,"thread":{"id":5108}},"event_id":13,"provider_guid":"{5770385f-c22a-43e0-bf4c-06f5698ffbd9}"}}
{"@timestamp":"2019-10-28T02:31:42.955Z","@metadata":{"beat":"winlogbeat","type":"_doc","version":"7.4.0","topic":"winlogbeat"},"log":{"level":"information"},"message":"Network connection detected:\nRuleName: \nUtcTime: 2019-10-28 02:31:40.643\nProcessGuid: {a158f72c-a393-5db5-0000-0010a4240200}\nProcessId: 3256\nImage: C:\\Windows\\System32\\svchost.exe\nUser: NT AUTHORITY\\NETWORK SERVICE\nProtocol: tcp\nInitiated: true\nSourceIsIpv6: false\nSourceIp: 172.18.39.100\nSourceHostname: ACCT001.shire.com\nSourcePort: 54981\nSourcePortName: \nDestinationIsIpv6: false\nDestinationIp: 172.18.39.102\nDestinationHostname: ip-172-18-39-102.ec2.internal\nDestinationPort: 5985\nDestinationPortName: ","winlog":{"event_id":3,"computer_name":"ACCT001.shire.com","version":5,"process":{"pid":3208,"thread":{"id":4268}},"api":"wineventlog","provider_name":"Microsoft-Windows-Sysmon","event_data":{"SourceIp":"172.18.39.100","ProcessGuid":"{a158f72c-a393-5db5-0000-0010a4240200}","UtcTime":"2019-10-28 02:31:40.643","ProcessId":"3256","Image":"C:\\Windows\\System32\\svchost.exe","User":"NT AUTHORITY\\NETWORK SERVICE","DestinationPort":"5985","Initiated":"true","DestinationIsIpv6":"false","Protocol":"tcp","SourceIsIpv6":"false","SourcePort":"54981","DestinationIp":"172.18.39.102","SourceHostname":"ACCT001.shire.com","DestinationHostname":"ip-172-18-39-102.ec2.internal"},"channel":"Microsoft-Windows-Sysmon/Operational","opcode":"Info","user":{"identifier":"S-1-5-18","name":"SYSTEM","domain":"NT AUTHORITY","type":"User"},"record_id":271809,"task":"Network connection detected (rule: NetworkConnect)","provider_guid":"{5770385f-c22a-43e0-bf4c-06f5698ffbd9}"},"ecs":{"version":"1.1.0"},"host":{"name":"WECServer"},"agent":{"version":"7.4.0","type":"winlogbeat","ephemeral_id":"df5ad137-6594-4bd7-a3eb-e0eda670370c","hostname":"WECServer","id":"f8e32ecf-6ac8-4748-86ec-f026490623c4"},"event":{"kind":"event","code":3,"action":"Network connection detected (rule: NetworkConnect)","created":"2019-10-28T02:31:43.540Z"}}
{"@timestamp":"2019-10-28T02:31:42.955Z","@metadata":{"beat":"winlogbeat","type":"_doc","version":"7.4.0","topic":"winlogbeat"},"log":{"level":"information"},"message":"Network connection detected:\nRuleName: \nUtcTime: 2019-10-28 02:31:40.713\nProcessGuid: {00000000-0000-0000-0000-000000000000}\nProcessId: 3728\nImage: <unknown process>\nUser: \nProtocol: tcp\nInitiated: true\nSourceIsIpv6: false\nSourceIp: 172.18.39.100\nSourceHostname: ACCT001.shire.com\nSourcePort: 54982\nSourcePortName: \nDestinationIsIpv6: false\nDestinationIp: 172.18.39.8\nDestinationHostname: ip-172-18-39-8.ec2.internal\nDestinationPort: 80\nDestinationPortName: http","ecs":{"version":"1.1.0"},"host":{"name":"WECServer"},"agent":{"hostname":"WECServer","id":"f8e32ecf-6ac8-4748-86ec-f026490623c4","version":"7.4.0","type":"winlogbeat","ephemeral_id":"df5ad137-6594-4bd7-a3eb-e0eda670370c"},"winlog":{"channel":"Microsoft-Windows-Sysmon/Operational","provider_name":"Microsoft-Windows-Sysmon","task":"Network connection detected (rule: NetworkConnect)","record_id":271810,"api":"wineventlog","opcode":"Info","provider_guid":"{5770385f-c22a-43e0-bf4c-06f5698ffbd9}","user":{"domain":"NT AUTHORITY","type":"User","identifier":"S-1-5-18","name":"SYSTEM"},"event_data":{"Image":"<unknown process>","SourceIp":"172.18.39.100","DestinationPortName":"http","DestinationIp":"172.18.39.8","DestinationHostname":"ip-172-18-39-8.ec2.internal","SourceIsIpv6":"false","UtcTime":"2019-10-28 02:31:40.713","ProcessId":"3728","SourcePort":"54982","DestinationPort":"80","DestinationIsIpv6":"false","Protocol":"tcp","Initiated":"true","SourceHostname":"ACCT001.shire.com","ProcessGuid":"{00000000-0000-0000-0000-000000000000}"},"event_id":3,"computer_name":"ACCT001.shire.com","process":{"pid":3208,"thread":{"id":4268}},"version":5},"event":{"action":"Network connection detected (rule: NetworkConnect)","created":"2019-10-28T02:31:43.540Z","kind":"event","code":3}}
{"@timestamp":"2019-10-28T02:31:42.955Z","@metadata":{"beat":"winlogbeat","type":"_doc","version":"7.4.0","topic":"winlogbeat"},"winlog":{"event_id":3,"provider_name":"Microsoft-Windows-Sysmon","task":"Network connection detected (rule: NetworkConnect)","provider_guid":"{5770385f-c22a-43e0-bf4c-06f5698ffbd9}","version":5,"process":{"pid":3208,"thread":{"id":4268}},"user":{"name":"SYSTEM","domain":"NT AUTHORITY","type":"User","identifier":"S-1-5-18"},"event_data":{"Image":"<unknown process>","DestinationIp":"172.18.39.8","DestinationPort":"80","DestinationIsIpv6":"false","SourceHostname":"ACCT001.shire.com","UtcTime":"2019-10-28 02:31:40.739","Protocol":"tcp","Initiated":"true","SourcePort":"54983","ProcessGuid":"{00000000-0000-0000-0000-000000000000}","SourceIp":"172.18.39.100","DestinationPortName":"http","SourceIsIpv6":"false","DestinationHostname":"ip-172-18-39-8.ec2.internal","ProcessId":"3728"},"channel":"Microsoft-Windows-Sysmon/Operational","record_id":271811,"computer_name":"ACCT001.shire.com","api":"wineventlog","opcode":"Info"},"event":{"action":"Network connection detected (rule: NetworkConnect)","created":"2019-10-28T02:31:43.540Z","kind":"event","code":3},"agent":{"type":"winlogbeat","ephemeral_id":"df5ad137-6594-4bd7-a3eb-e0eda670370c","hostname":"WECServer","id":"f8e32ecf-6ac8-4748-86ec-f026490623c4","version":"7.4.0"},"ecs":{"version":"1.1.0"},"host":{"name":"WECServer"},"log":{"level":"information"},"message":"Network connection detected:\nRuleName: \nUtcTime: 2019-10-28 02:31:40.739\nProcessGuid: {00000000-0000-0000-0000-000000000000}\nProcessId: 3728\nImage: <unknown process>\nUser: \nProtocol: tcp\nInitiated: true\nSourceIsIpv6: false\nSourceIp: 172.18.39.100\nSourceHostname: ACCT001.shire.com\nSourcePort: 54983\nSourcePortName: \nDestinationIsIpv6: false\nDestinationIp: 172.18.39.8\nDestinationHostname: ip-172-18-39-8.ec2.internal\nDestinationPort: 80\nDestinationPortName: http"}
{"@timestamp":"2019-10-28T02:31:42.937Z","@metadata":{"beat":"winlogbeat","type":"_doc","version":"7.4.0","topic":"winlogbeat"},"message":"Image loaded:\nRuleName: \nUtcTime: 2019-10-28 02:31:42.926\nProcessGuid: {37dc4fc9-a3b5-5db5-0000-00102db20b00}\nProcessId: 876\nImage: C:\\Windows\\System32\\svchost.exe\nImageLoaded: C:\\Windows\\System32\\perfctrs.dll\nFileVersion: 10.0.17763.1 (WinBuild.160101.0800)\nDescription: Performance Counters\nProduct: Microsoft Windows Operating System\nCompany: Microsoft Corporation\nOriginalFileName: PERFCTRS.DLL\nHashes: SHA1=F81D76B9C3499F8712FA6398554C10D389103930,MD5=27EAC9BA127C20BEEBF0BE4179ECC380,SHA256=28A8E73239C7556FD420A5A09A05CBD04C38230E0CBEAEF7D6874135261221EE,IMPHASH=E8B7A8ECDACB5ADA645B4DF7BF877CFE\nSigned: true\nSignature: Microsoft Windows\nSignatureStatus: Valid","ecs":{"version":"1.1.0"},"host":{"name":"WECServer"},"agent":{"type":"winlogbeat","ephemeral_id":"df5ad137-6594-4bd7-a3eb-e0eda670370c","hostname":"WECServer","id":"f8e32ecf-6ac8-4748-86ec-f026490623c4","version":"7.4.0"},"winlog":{"user":{"identifier":"S-1-5-18","name":"SYSTEM","domain":"NT AUTHORITY","type":"User"},"channel":"Microsoft-Windows-Sysmon/Operational","version":3,"provider_name":"Microsoft-Windows-Sysmon","record_id":147799,"api":"wineventlog","process":{"pid":2756,"thread":{"id":3320}},"opcode":"Info","provider_guid":"{5770385f-c22a-43e0-bf4c-06f5698ffbd9}","event_id":7,"task":"Image loaded (rule: ImageLoad)","event_data":{"Hashes":"SHA1=F81D76B9C3499F8712FA6398554C10D389103930,MD5=27EAC9BA127C20BEEBF0BE4179ECC380,SHA256=28A8E73239C7556FD420A5A09A05CBD04C38230E0CBEAEF7D6874135261221EE,IMPHASH=E8B7A8ECDACB5ADA645B4DF7BF877CFE","Description":"Performance Counters","OriginalFileName":"PERFCTRS.DLL","Signature":"Microsoft Windows","SignatureStatus":"Valid","Product":"Microsoft Windows Operating System","ProcessId":"876","Image":"C:\\Windows\\System32\\svchost.exe","ImageLoaded":"C:\\Windows\\System32\\perfctrs.dll","UtcTime":"2019-10-28 02:31:42.926","FileVersion":"10.0.17763.1 (WinBuild.160101.0800)","Company":"Microsoft Corporation","Signed":"true","ProcessGuid":"{37dc4fc9-a3b5-5db5-0000-00102db20b00}"},"computer_name":"FILE001.shire.com"},"event":{"kind":"event","code":7,"action":"Image loaded (rule: ImageLoad)","created":"2019-10-28T02:31:43.540Z"},"log":{"level":"information"}}
{"@timestamp":"2019-10-28T02:31:42.947Z","@metadata":{"beat":"winlogbeat","type":"_doc","version":"7.4.0","topic":"winlogbeat"},"log":{"level":"information"},"message":"Image loaded:\nRuleName: \nUtcTime: 2019-10-28 02:31:42.942\nProcessGuid: {37dc4fc9-a3b5-5db5-0000-00102db20b00}\nProcessId: 876\nImage: C:\\Windows\\System32\\svchost.exe\nImageLoaded: C:\\Windows\\System32\\perfctrs.dll\nFileVersion: 10.0.17763.1 (WinBuild.160101.0800)\nDescription: Performance Counters\nProduct: Microsoft Windows Operating System\nCompany: Microsoft Corporation\nOriginalFileName: PERFCTRS.DLL\nHashes: SHA1=F81D76B9C3499F8712FA6398554C10D389103930,MD5=27EAC9BA127C20BEEBF0BE4179ECC380,SHA256=28A8E73239C7556FD420A5A09A05CBD04C38230E0CBEAEF7D6874135261221EE,IMPHASH=E8B7A8ECDACB5ADA645B4DF7BF877CFE\nSigned: true\nSignature: Microsoft Windows\nSignatureStatus: Valid","host":{"name":"WECServer"},"agent":{"id":"f8e32ecf-6ac8-4748-86ec-f026490623c4","version":"7.4.0","type":"winlogbeat","ephemeral_id":"df5ad137-6594-4bd7-a3eb-e0eda670370c","hostname":"WECServer"},"ecs":{"version":"1.1.0"},"winlog":{"record_id":147800,"process":{"pid":2756,"thread":{"id":3320}},"provider_guid":"{5770385f-c22a-43e0-bf4c-06f5698ffbd9}","event_data":{"Hashes":"SHA1=F81D76B9C3499F8712FA6398554C10D389103930,MD5=27EAC9BA127C20BEEBF0BE4179ECC380,SHA256=28A8E73239C7556FD420A5A09A05CBD04C38230E0CBEAEF7D6874135261221EE,IMPHASH=E8B7A8ECDACB5ADA645B4DF7BF877CFE","ProcessId":"876","Company":"Microsoft Corporation","ProcessGuid":"{37dc4fc9-a3b5-5db5-0000-00102db20b00}","Signed":"true","Signature":"Microsoft Windows","Product":"Microsoft Windows Operating System","OriginalFileName":"PERFCTRS.DLL","Image":"C:\\Windows\\System32\\svchost.exe","FileVersion":"10.0.17763.1 (WinBuild.160101.0800)","SignatureStatus":"Valid","Description":"Performance Counters","UtcTime":"2019-10-28 02:31:42.942","ImageLoaded":"C:\\Windows\\System32\\perfctrs.dll"},"task":"Image loaded (rule: ImageLoad)","channel":"Microsoft-Windows-Sysmon/Operational","opcode":"Info","user":{"identifier":"S-1-5-18","name":"SYSTEM","domain":"NT AUTHORITY","type":"User"},"event_id":7,"provider_name":"Microsoft-Windows-Sysmon","api":"wineventlog","computer_name":"FILE001.shire.com","version":3},"event":{"created":"2019-10-28T02:31:43.540Z","kind":"event","code":7,"action":"Image loaded (rule: ImageLoad)"}}
{"@timestamp":"2019-10-28T02:31:42.957Z","@metadata":{"beat":"winlogbeat","type":"_doc","version":"7.4.0","topic":"winlogbeat"},"message":"Image loaded:\nRuleName: \nUtcTime: 2019-10-28 02:31:42.942\nProcessGuid: {37dc4fc9-a3b5-5db5-0000-00102db20b00}\nProcessId: 876\nImage: C:\\Windows\\System32\\svchost.exe\nImageLoaded: C:\\Windows\\System32\\perfctrs.dll\nFileVersion: 10.0.17763.1 (WinBuild.160101.0800)\nDescription: Performance Counters\nProduct: Microsoft Windows Operating System\nCompany: Microsoft Corporation\nOriginalFileName: PERFCTRS.DLL\nHashes: SHA1=F81D76B9C3499F8712FA6398554C10D389103930,MD5=27EAC9BA127C20BEEBF0BE4179ECC380,SHA256=28A8E73239C7556FD420A5A09A05CBD04C38230E0CBEAEF7D6874135261221EE,IMPHASH=E8B7A8ECDACB5ADA645B4DF7BF877CFE\nSigned: true\nSignature: Microsoft Windows\nSignatureStatus: Valid","ecs":{"version":"1.1.0"},"host":{"name":"WECServer"},"agent":{"type":"winlogbeat","ephemeral_id":"df5ad137-6594-4bd7-a3eb-e0eda670370c","hostname":"WECServer","id":"f8e32ecf-6ac8-4748-86ec-f026490623c4","version":"7.4.0"},"winlog":{"user":{"type":"User","identifier":"S-1-5-18","name":"SYSTEM","domain":"NT AUTHORITY"},"event_data":{"Description":"Performance Counters","Company":"Microsoft Corporation","Signature":"Microsoft Windows","Signed":"true","Product":"Microsoft Windows Operating System","Hashes":"SHA1=F81D76B9C3499F8712FA6398554C10D389103930,MD5=27EAC9BA127C20BEEBF0BE4179ECC380,SHA256=28A8E73239C7556FD420A5A09A05CBD04C38230E0CBEAEF7D6874135261221EE,IMPHASH=E8B7A8ECDACB5ADA645B4DF7BF877CFE","ImageLoaded":"C:\\Windows\\System32\\perfctrs.dll","ProcessGuid":"{37dc4fc9-a3b5-5db5-0000-00102db20b00}","Image":"C:\\Windows\\System32\\svchost.exe","SignatureStatus":"Valid","ProcessId":"876","FileVersion":"10.0.17763.1 (WinBuild.160101.0800)","UtcTime":"2019-10-28 02:31:42.942","OriginalFileName":"PERFCTRS.DLL"},"record_id":147801,"provider_name":"Microsoft-Windows-Sysmon","provider_guid":"{5770385f-c22a-43e0-bf4c-06f5698ffbd9}","version":3,"process":{"pid":2756,"thread":{"id":3320}},"channel":"Microsoft-Windows-Sysmon/Operational","task":"Image loaded (rule: ImageLoad)","computer_name":"FILE001.shire.com","opcode":"Info","api":"wineventlog","event_id":7},"event":{"kind":"event","code":7,"action":"Image loaded (rule: ImageLoad)","created":"2019-10-28T02:31:43.540Z"},"log":{"level":"information"}}
{"@timestamp":"2019-10-28T02:31:43.896Z","@metadata":{"beat":"winlogbeat","type":"_doc","version":"7.4.0","topic":"winlogbeat"},"agent":{"type":"winlogbeat","ephemeral_id":"df5ad137-6594-4bd7-a3eb-e0eda670370c","hostname":"WECServer","id":"f8e32ecf-6ac8-4748-86ec-f026490623c4","version":"7.4.0"},"winlog":{"record_id":147802,"task":"Process accessed (rule: ProcessAccess)","api":"wineventlog","process":{"pid":2756,"thread":{"id":3320}},"event_id":10,"provider_name":"Microsoft-Windows-Sysmon","computer_name":"FILE001.shire.com","provider_guid":"{5770385f-c22a-43e0-bf4c-06f5698ffbd9}","user":{"identifier":"S-1-5-18","name":"SYSTEM","domain":"NT AUTHORITY","type":"User"},"event_data":{"SourceThreadId":"3032","GrantedAccess":"0x1000","SourceProcessId":"900","CallTrace":"C:\\Windows\\SYSTEM32\\ntdll.dll+9fc24|C:\\Windows\\SYSTEM32\\psmserviceexthost.dll+12ae4|C:\\Windows\\SYSTEM32\\psmserviceexthost.dll+1295f|C:\\Windows\\SYSTEM32\\psmserviceexthost.dll+1260e|C:\\Windows\\SYSTEM32\\psmserviceexthost.dll+11e33|C:\\Windows\\SYSTEM32\\ntdll.dll+64db0|C:\\Windows\\SYSTEM32\\ntdll.dll+505c4|C:\\Windows\\System32\\KERNEL32.DLL+17974|C:\\Windows\\SYSTEM32\\ntdll.dll+6a271","UtcTime":"2019-10-28 02:31:43.895","SourceProcessGUID":"{37dc4fc9-a33a-5db5-0000-0010d96e0000}","SourceImage":"C:\\Windows\\system32\\svchost.exe","TargetProcessGUID":"{37dc4fc9-a33b-5db5-0000-0010fdf90000}","TargetProcessId":"1452","TargetImage":"C:\\Windows\\System32\\svchost.exe"},"channel":"Microsoft-Windows-Sysmon/Operational","opcode":"Info","version":3},"event":{"action":"Process accessed (rule: ProcessAccess)","created":"2019-10-28T02:31:44.544Z","kind":"event","code":10},"log":{"level":"information"},"message":"Process accessed:\nRuleName: \nUtcTime: 2019-10-28 02:31:43.895\nSourceProcessGUID: {37dc4fc9-a33a-5db5-0000-0010d96e0000}\nSourceProcessId: 900\nSourceThreadId: 3032\nSourceImage: C:\\Windows\\system32\\svchost.exe\nTargetProcessGUID: {37dc4fc9-a33b-5db5-0000-0010fdf90000}\nTargetProcessId: 1452\nTargetImage: C:\\Windows\\System32\\svchost.exe\nGrantedAccess: 0x1000\nCallTrace: C:\\Windows\\SYSTEM32\\ntdll.dll+9fc24|C:\\Windows\\SYSTEM32\\psmserviceexthost.dll+12ae4|C:\\Windows\\SYSTEM32\\psmserviceexthost.dll+1295f|C:\\Windows\\SYSTEM32\\psmserviceexthost.dll+1260e|C:\\Windows\\SYSTEM32\\psmserviceexthost.dll+11e33|C:\\Windows\\SYSTEM32\\ntdll.dll+64db0|C:\\Windows\\SYSTEM32\\ntdll.dll+505c4|C:\\Windows\\System32\\KERNEL32.DLL+17974|C:\\Windows\\SYSTEM32\\ntdll.dll+6a271","ecs":{"version":"1.1.0"},"host":{"name":"WECServer"}}
{"@timestamp":"2019-10-28T02:31:43.896Z","@metadata":{"beat":"winlogbeat","type":"_doc","version":"7.4.0","topic":"winlogbeat"},"ecs":{"version":"1.1.0"},"winlog":{"user":{"domain":"NT AUTHORITY","type":"User","identifier":"S-1-5-18","name":"SYSTEM"},"channel":"Microsoft-Windows-Sysmon/Operational","api":"wineventlog","opcode":"Info","version":3,"provider_name":"Microsoft-Windows-Sysmon","task":"Process accessed (rule: ProcessAccess)","provider_guid":"{5770385f-c22a-43e0-bf4c-06f5698ffbd9}","event_data":{"SourceProcessGUID":"{37dc4fc9-a33a-5db5-0000-0010d96e0000}","SourceProcessId":"900","CallTrace":"C:\\Windows\\SYSTEM32\\ntdll.dll+9fc24|C:\\Windows\\SYSTEM32\\psmserviceexthost.dll+12ae4|C:\\Windows\\SYSTEM32\\psmserviceexthost.dll+1295f|C:\\Windows\\SYSTEM32\\psmserviceexthost.dll+1260e|C:\\Windows\\SYSTEM32\\psmserviceexthost.dll+11e33|C:\\Windows\\SYSTEM32\\ntdll.dll+64db0|C:\\Windows\\SYSTEM32\\ntdll.dll+505c4|C:\\Windows\\System32\\KERNEL32.DLL+17974|C:\\Windows\\SYSTEM32\\ntdll.dll+6a271","UtcTime":"2019-10-28 02:31:43.895","TargetProcessGUID":"{37dc4fc9-a33b-5db5-0000-0010fdf90000}","SourceImage":"C:\\Windows\\system32\\svchost.exe","TargetImage":"C:\\Windows\\System32\\svchost.exe","GrantedAccess":"0x1000","TargetProcessId":"1452","SourceThreadId":"3032"},"computer_name":"FILE001.shire.com","process":{"pid":2756,"thread":{"id":3320}},"event_id":10,"record_id":147803},"event":{"code":10,"action":"Process accessed (rule: ProcessAccess)","created":"2019-10-28T02:31:44.544Z","kind":"event"},"log":{"level":"information"},"message":"Process accessed:\nRuleName: \nUtcTime: 2019-10-28 02:31:43.895\nSourceProcessGUID: {37dc4fc9-a33a-5db5-0000-0010d96e0000}\nSourceProcessId: 900\nSourceThreadId: 3032\nSourceImage: C:\\Windows\\system32\\svchost.exe\nTargetProcessGUID: {37dc4fc9-a33b-5db5-0000-0010fdf90000}\nTargetProcessId: 1452\nTargetImage: C:\\Windows\\System32\\svchost.exe\nGrantedAccess: 0x1000\nCallTrace: C:\\Windows\\SYSTEM32\\ntdll.dll+9fc24|C:\\Windows\\SYSTEM32\\psmserviceexthost.dll+12ae4|C:\\Windows\\SYSTEM32\\psmserviceexthost.dll+1295f|C:\\Windows\\SYSTEM32\\psmserviceexthost.dll+1260e|C:\\Windows\\SYSTEM32\\psmserviceexthost.dll+11e33|C:\\Windows\\SYSTEM32\\ntdll.dll+64db0|C:\\Windows\\SYSTEM32\\ntdll.dll+505c4|C:\\Windows\\System32\\KERNEL32.DLL+17974|C:\\Windows\\SYSTEM32\\ntdll.dll+6a271","host":{"name":"WECServer"},"agent":{"type":"winlogbeat","ephemeral_id":"df5ad137-6594-4bd7-a3eb-e0eda670370c","hostname":"WECServer","id":"f8e32ecf-6ac8-4748-86ec-f026490623c4","version":"7.4.0"}}
{"@timestamp":"2019-10-28T02:31:43.847Z","@metadata":{"beat":"winlogbeat","type":"_doc","version":"7.4.0","topic":"winlogbeat"},"ecs":{"version":"1.1.0"},"host":{"name":"WECServer"},"agent":{"type":"winlogbeat","ephemeral_id":"df5ad137-6594-4bd7-a3eb-e0eda670370c","hostname":"WECServer","id":"f8e32ecf-6ac8-4748-86ec-f026490623c4","version":"7.4.0"},"winlog":{"record_id":271812,"task":"Registry object added or deleted (rule: RegistryEvent)","process":{"pid":3208,"thread":{"id":5108}},"user":{"identifier":"S-1-5-18","name":"SYSTEM","domain":"NT AUTHORITY","type":"User"},"event_data":{"EventType":"CreateKey","UtcTime":"2019-10-28 02:31:43.845","ProcessGuid":"{a158f72c-530d-5db6-0000-001011f7af00}","ProcessId":"5204","Image":"C:\\Windows\\Microsoft.NET\\Framework64\\v4.0.30319\\InstallUtil.exe","TargetObject":"HKLM\\System\\CurrentControlSet\\Services\\Tcpip\\Parameters"},"channel":"Microsoft-Windows-Sysmon/Operational","event_id":12,"provider_guid":"{5770385f-c22a-43e0-bf4c-06f5698ffbd9}","computer_name":"ACCT001.shire.com","provider_name":"Microsoft-Windows-Sysmon","version":2,"opcode":"Info","api":"wineventlog"},"event":{"code":12,"action":"Registry object added or deleted (rule: RegistryEvent)","created":"2019-10-28T02:31:45.564Z","kind":"event"},"log":{"level":"information"},"message":"Registry object added or deleted:\nRuleName: \nEventType: CreateKey\nUtcTime: 2019-10-28 02:31:43.845\nProcessGuid: {a158f72c-530d-5db6-0000-001011f7af00}\nProcessId: 5204\nImage: C:\\Windows\\Microsoft.NET\\Framework64\\v4.0.30319\\InstallUtil.exe\nTargetObject: HKLM\\System\\CurrentControlSet\\Services\\Tcpip\\Parameters"}
