{"@timestamp":"2019-10-28T02:32:03.653Z","@metadata":{"beat":"winlogbeat","type":"_doc","version":"7.4.0","topic":"winlogbeat"},"agent":{"type":"winlogbeat","ephemeral_id":"df5ad137-6594-4bd7-a3eb-e0eda670370c","hostname":"WECServer","id":"f8e32ecf-6ac8-4748-86ec-f026490623c4","version":"7.4.0"},"winlog":{"computer_name":"ACCT001.shire.com","opcode":"Info","version":3,"provider_name":"Microsoft-Windows-Sysmon","record_id":271901,"event_data":{"SourceImage":"C:\\Windows\\Explorer.EXE","TargetProcessGUID":"{a158f72c-3a9b-5db6-0000-001001de8b00}","CallTrace":"C:\\Windows\\SYSTEM32\\ntdll.dll+9c524|C:\\Windows\\System32\\KERNELBASE.dll+2730e|C:\\Windows\\System32\\TaskFlowDataEngine.dll+cddc0|C:\\Windows\\System32\\TaskFlowDataEngine.dll+9710b|C:\\Windows\\System32\\TaskFlowDataEngine.dll+9678f|C:\\Windows\\System32\\TaskFlowDataEngine.dll+96289|C:\\Windows\\System32\\TaskFlowDataEngine.dll+95cb5|C:\\Windows\\System32\\TaskFlowDataEngine.dll+93b65|C:\\Windows\\System32\\TaskFlowDataEngine.dll+92538|C:\\Windows\\System32\\TaskFlowDataEngine.dll+9ce41|C:\\Windows\\System32\\shcore.dll+c590|C:\\Windows\\System32\\shcore.dll+c218|C:\\Windows\\System32\\shcore.dll+acb1|C:\\Windows\\System32\\KERNEL32.DLL+17944|C:\\Windows\\SYSTEM32\\ntdll.dll+6ce71","SourceProcessId":"5616","TargetProcessId":"2780","GrantedAccess":"0x1000","SourceProcessGUID":"{a158f72c-a3a1-5db5-0000-0010e67e0800}","UtcTime":"2019-10-28 02:32:03.642","TargetImage":"C:\\Windows\\System32\\WindowsPowerShell\\v1.0\\powershell.exe","SourceThreadId":"5148"},"event_id":10,"api":"wineventlog","process":{"pid":3208,"thread":{"id":5108}},"channel":"Microsoft-Windows-Sysmon/Operational","task":"Process accessed (rule: ProcessAccess)","provider_guid":"{5770385f-c22a-43e0-bf4c-06f5698ffbd9}","user":{"identifier":"S-1-5-18","name":"SYSTEM","domain":"NT AUTHORITY","type":"User"}},"event":{"code":10,"action":"Process accessed (rule: ProcessAccess)","created":"2019-10-28T02:32:04.741Z","kind":"event"},"log":{"level":"information"},"message":"Process accessed:\nRuleName: \nUtcTime: 2019-10-28 02:32:03.642\nSourceProcessGUID: {a158f72c-a3a1-5db5-0000-0010e67e0800}\nSourceProcessId: 5616\nSourceThreadId: 5148\nSourceImage: C:\\Windows\\Explorer.EXE\nTargetProcessGUID: {a158f72c-3a9b-5db6-0000-001001de8b00}\nTargetProcessId: 2780\nTargetImage: C:\\Windows\\System32\\WindowsPowerShell\\v1.0\\powershell.exe\nGrantedAccess: 0x1000\nCallTrace: C:\\Windows\\SYSTEM32\\ntdll.dll+9c524|C:\\Windows\\System32\\KERNELBASE.dll+2730e|C:\\Windows\\System32\\TaskFlowDataEngine.dll+cddc0|C:\\Windows\\System32\\TaskFlowDataEngine.dll+9710b|C:\\Windows\\System32\\TaskFlowDataEngine.dll+9678f|C:\\Windows\\System32\\TaskFlowDataEngine.dll+96289|C:\\Windows\\System32\\TaskFlowDataEngine.dll+95cb5|C:\\Windows\\System32\\TaskFlowDataEngine.dll+93b65|C:\\Windows\\System32\\TaskFlowDataEngine.dll+92538|C:\\Windows\\System32\\TaskFlowDataEngine.dll+9ce41|C:\\Windows\\System32\\shcore.dll+c590|C:\\Windows\\System32\\shcore.dll+c218|C:\\Windows\\System32\\shcore.dll+acb1|C:\\Windows\\System32\\KERNEL32.DLL+17944|C:\\Windows\\SYSTEM32\\ntdll.dll+6ce71","ecs":{"version":"1.1.0"},"host":{"name":"WECServer"}}
{"@timestamp":"2019-10-28T02:32:03.653Z","@metadata":{"beat":"winlogbeat","type":"_doc","version":"7.4.0","topic":"winlogbeat"},"winlog":{"task":"Registry object added or deleted (rule: RegistryEvent)","event_id":12,"process":{"pid":3208,"thread":{"id":5108}},"event_data":{"ProcessId":"5616","Image":"C:\\Windows\\Explorer.EXE","TargetObject":"HKLM\\SOFTWARE\\Microsoft\\Hvsi","EventType":"CreateKey","UtcTime":"2019-10-28 02:32:03.642","ProcessGuid":"{a158f72c-a3a1-5db5-0000-0010e67e0800}"},"provider_name":"Microsoft-Windows-Sysmon","record_id":271902,"channel":"Microsoft-Windows-Sysmon/Operational","api":"wineventlog","computer_name":"ACCT001.shire.com","opcode":"Info","provider_guid":"{5770385f-c22a-43e0-bf4c-06f5698ffbd9}","user":{"identifier":"S-1-5-18","name":"SYSTEM","domain":"NT AUTHORITY","type":"User"},"version":2},"event":{"kind":"event","code":12,"action":"Registry object added or deleted (rule: RegistryEvent)","created":"2019-10-28T02:32:05.758Z"},"log":{"level":"information"},"message":"Registry object added or deleted:\nRuleName: \nEventType: CreateKey\nUtcTime: 2019-10-28 02:32:03.642\nProcessGuid: {a158f72c-a3a1-5db5-0000-0010e67e0800}\nProcessId: 5616\nImage: C:\\Windows\\Explorer.EXE\nTargetObject: HKLM\\SOFTWARE\\Microsoft\\Hvsi","ecs":{"version":"1.1.0"},"host":{"name":"WECServer"},"agent":{"id":"f8e32ecf-6ac8-4748-86ec-f026490623c4","version":"7.4.0","type":"winlogbeat","ephemeral_id":"df5ad137-6594-4bd7-a3eb-e0eda670370c","hostname":"WECServer"}}
{"@timestamp":"2019-10-28T02:32:03.653Z","@metadata":{"beat":"winlogbeat","type":"_doc","version":"7.4.0","topic":"winlogbeat"},"agent":{"type":"winlogbeat","ephemeral_id":"df5ad137-6594-4bd7-a3eb-e0eda670370c","hostname":"WECServer","id":"f8e32ecf-6ac8-4748-86ec-f026490623c4","version":"7.4.0"},"winlog":{"provider_guid":"{5770385f-c22a-43e0-bf4c-06f5698ffbd9}","opcode":"Info","process":{"pid":3208,"thread":{"id":5108}},"event_data":{"EventType":"CreateKey","UtcTime":"2019-10-28 02:32:03.642","ProcessGuid":"{a158f72c-a3a1-5db5-0000-0010e67e0800}","ProcessId":"5616","Image":"C:\\Windows\\Explorer.EXE","TargetObject":"HKLM\\System\\CurrentControlSet\\Control\\Hvsi"},"channel":"Microsoft-Windows-Sysmon/Operational","provider_name":"Microsoft-Windows-Sysmon","record_id":271903,"event_id":12,"computer_name":"ACCT001.shire.com","version":2,"user":{"name":"SYSTEM","domain":"NT AUTHORITY","type":"User","identifier":"S-1-5-18"},"task":"Registry object added or deleted (rule: RegistryEvent)","api":"wineventlog"},"event":{"created":"2019-10-28T02:32:05.758Z","kind":"event","code":12,"action":"Registry object added or deleted (rule: RegistryEvent)"},"log":{"level":"information"},"message":"Registry object added or deleted:\nRuleName: \nEventType: CreateKey\nUtcTime: 2019-10-28 02:32:03.642\nProcessGuid: {a158f72c-a3a1-5db5-0000-0010e67e0800}\nProcessId: 5616\nImage: C:\\Windows\\Explorer.EXE\nTargetObject: HKLM\\System\\CurrentControlSet\\Control\\Hvsi","ecs":{"version":"1.1.0"},"host":{"name":"WECServer"}}
{"@timestamp":"2019-10-28T02:32:03.656Z","@metadata":{"beat":"winlogbeat","type":"_doc","version":"7.4.0","topic":"winlogbeat"},"message":"Registry object added or deleted:\nRuleName: \nEventType: CreateKey\nUtcTime: 2019-10-28 02:32:03.642\nProcessGuid: {a158f72c-3a36-5db6-0000-0010330c8800}\nProcessId: 2960\nImage: C:\\Windows\\system32\\ctfmon.exe\nTargetObject: HKU\\S-1-5-21-2379224252-1048547738-3559495803-1113\\Software\\Microsoft\\Input\\Settings","ecs":{"version":"1.1.0"},"host":{"name":"WECServer"},"agent":{"type":"winlogbeat","ephemeral_id":"df5ad137-6594-4bd7-a3eb-e0eda670370c","hostname":"WECServer","id":"f8e32ecf-6ac8-4748-86ec-f026490623c4","version":"7.4.0"},"winlog":{"provider_name":"Microsoft-Windows-Sysmon","event_id":12,"channel":"Microsoft-Windows-Sysmon/Operational","api":"wineventlog","computer_name":"ACCT001.shire.com","provider_guid":"{5770385f-c22a-43e0-bf4c-06f5698ffbd9}","version":2,"event_data":{"ProcessGuid":"{a158f72c-3a36-5db6-0000-0010330c8800}","ProcessId":"2960","Image":"C:\\Windows\\system32\\ctfmon.exe","TargetObject":"HKU\\S-1-5-21-2379224252-1048547738-3559495803-1113\\Software\\Microsoft\\Input\\Settings","EventType":"CreateKey","UtcTime":"2019-10-28 02:32:03.642"},"record_id":271904,"task":"Registry object added or deleted (rule: RegistryEvent)","opcode":"Info","user":{"identifier":"S-1-5-18","name":"SYSTEM","domain":"NT AUTHORITY","type":"User"},"process":{"pid":3208,"thread":{"id":5108}}},"event":{"action":"Registry object added or deleted (rule: RegistryEvent)","created":"2019-10-28T02:32:05.758Z","kind":"event","code":12},"log":{"level":"information"}}
{"@timestamp":"2019-10-28T02:32:03.657Z","@metadata":{"beat":"winlogbeat","type":"_doc","version":"7.4.0","topic":"winlogbeat"},"agent":{"type":"winlogbeat","ephemeral_id":"df5ad137-6594-4bd7-a3eb-e0eda670370c","hostname":"WECServer","id":"f8e32ecf-6ac8-4748-86ec-f026490623c4","version":"7.4.0"},"log":{"level":"information"},"message":"Registry value set:\nRuleName: \nEventType: SetValue\nUtcTime: 2019-10-28 02:32:03.642\nProcessGuid: {a158f72c-3a36-5db6-0000-0010330c8800}\nProcessId: 2960\nImage: C:\\Windows\\system32\\ctfmon.exe\nTargetObject: HKU\\S-1-5-21-2379224252-1048547738-3559495803-1113\\Software\\Microsoft\\Input\\Settings\\Insights\nDetails: Binary Data","winlog":{"user":{"domain":"NT AUTHORITY","type":"User","identifier":"S-1-5-18","name":"SYSTEM"},"computer_name":"ACCT001.shire.com","version":2,"process":{"thread":{"id":5108},"pid":3208},"record_id":271905,"event_id":13,"opcode":"Info","provider_guid":"{5770385f-c22a-43e0-bf4c-06f5698ffbd9}","task":"Registry value set (rule: RegistryEvent)","event_data":{"ProcessId":"2960","Image":"C:\\Windows\\system32\\ctfmon.exe","TargetObject":"HKU\\S-1-5-21-2379224252-1048547738-3559495803-1113\\Software\\Microsoft\\Input\\Settings\\Insights","Details":"Binary Data","EventType":"SetValue","UtcTime":"2019-10-28 02:32:03.642","ProcessGuid":"{a158f72c-3a36-5db6-0000-0010330c8800}"},"provider_name":"Microsoft-Windows-Sysmon","api":"wineventlog","channel":"Microsoft-Windows-Sysmon/Operational"},"event":{"created":"2019-10-28T02:32:05.758Z","kind":"event","code":13,"action":"Registry value set (rule: RegistryEvent)"},"ecs":{"version":"1.1.0"},"host":{"name":"WECServer"}}
{"@timestamp":"2019-10-28T02:32:03.658Z","@metadata":{"beat":"winlogbeat","type":"_doc","version":"7.4.0","topic":"winlogbeat"},"log":{"level":"information"},"message":"Registry value set:\nRuleName: \nEventType: SetValue\nUtcTime: 2019-10-28 02:32:03.642\nProcessGuid: {a158f72c-a3a1-5db5-0000-0010e67e0800}\nProcessId: 5616\nImage: C:\\Windows\\Explorer.EXE\nTargetObject: HKU\\S-1-5-21-2379224252-1048547738-3559495803-1113\\Software\\Microsoft\\Windows\\CurrentVersion\\ActivityDataModel\\ReaderRevisionInfo\\D3BD910A-E979-5DC6-3463-2727C7AF0B28\nDetails: Binary Data","ecs":{"version":"1.1.0"},"host":{"name":"WECServer"},"agent":{"type":"winlogbeat","ephemeral_id":"df5ad137-6594-4bd7-a3eb-e0eda670370c","hostname":"WECServer","id":"f8e32ecf-6ac8-4748-86ec-f026490623c4","version":"7.4.0"},"winlog":{"record_id":271906,"task":"Registry value set (rule: RegistryEvent)","provider_guid":"{5770385f-c22a-43e0-bf4c-06f5698ffbd9}","api":"wineventlog","opcode":"Info","version":2,"channel":"Microsoft-Windows-Sysmon/Operational","event_id":13,"user":{"identifier":"S-1-5-18","name":"SYSTEM","domain":"NT AUTHORITY","type":"User"},"process":{"thread":{"id":5108},"pid":3208},"event_data":{"ProcessId":"5616","Image":"C:\\Windows\\Explorer.EXE","TargetObject":"HKU\\S-1-5-21-2379224252-1048547738-3559495803-1113\\Software\\Microsoft\\Windows\\CurrentVersion\\ActivityDataModel\\ReaderRevisionInfo\\D3BD910A-E979-5DC6-3463-2727C7AF0B28","Details":"Binary Data","EventType":"SetValue","UtcTime":"2019-10-28 02:32:03.642","ProcessGuid":"{a158f72c-a3a1-5db5-0000-0010e67e0800}"},"provider_name":"Microsoft-Windows-Sysmon","computer_name":"ACCT001.shire.com"},"event":{"created":"2019-10-28T02:32:05.758Z","kind":"event","code":13,"action":"Registry value set (rule: RegistryEvent)"}}
{"@timestamp":"2019-10-28T02:32:03.659Z","@metadata":{"beat":"winlogbeat","type":"_doc","version":"7.4.0","topic":"winlogbeat"},"message":"Registry value set:\nRuleName: \nEventType: SetValue\nUtcTime: 2019-10-28 02:32:03.658\nProcessGuid: {a158f72c-a3a1-5db5-0000-0010e67e0800}\nProcessId: 5616\nImage: C:\\Windows\\Explorer.EXE\nTargetObject: HKU\\S-1-5-21-2379224252-1048547738-3559495803-1113\\Software\\Microsoft\\Windows\\CurrentVersion\\ActivityDataModel\\ReaderRevisionInfo\\D3BD910A-E979-5DC6-3463-2727C7AF0B28\nDetails: Binary Data","ecs":{"version":"1.1.0"},"host":{"name":"WECServer"},"agent":{"type":"winlogbeat","ephemeral_id":"df5ad137-6594-4bd7-a3eb-e0eda670370c","hostname":"WECServer","id":"f8e32ecf-6ac8-4748-86ec-f026490623c4","version":"7.4.0"},"winlog":{"channel":"Microsoft-Windows-Sysmon/Operational","event_id":13,"record_id":271907,"computer_name":"ACCT001.shire.com","provider_guid":"{5770385f-c22a-43e0-bf4c-06f5698ffbd9}","opcode":"Info","task":"Registry value set (rule: RegistryEvent)","api":"wineventlog","event_data":{"EventType":"SetValue","UtcTime":"2019-10-28 02:32:03.658","ProcessGuid":"{a158f72c-a3a1-5db5-0000-0010e67e0800}","ProcessId":"5616","Image":"C:\\Windows\\Explorer.EXE","TargetObject":"HKU\\S-1-5-21-2379224252-1048547738-3559495803-1113\\Software\\Microsoft\\Windows\\CurrentVersion\\ActivityDataModel\\ReaderRevisionInfo\\D3BD910A-E979-5DC6-3463-2727C7AF0B28","Details":"Binary Data"},"provider_name":"Microsoft-Windows-Sysmon","version":2,"user":{"identifier":"S-1-5-18","name":"SYSTEM","domain":"NT AUTHORITY","type":"User"},"process":{"pid":3208,"thread":{"id":5108}}},"event":{"code":13,"action":"Registry value set (rule: RegistryEvent)","created":"2019-10-28T02:32:05.758Z","kind":"event"},"log":{"level":"information"}}
{"@timestamp":"2019-10-28T02:32:04.282Z","@metadata":{"beat":"winlogbeat","type":"_doc","version":"7.4.0","topic":"winlogbeat"},"ecs":{"version":"1.1.0"},"host":{"name":"WECServer"},"agent":{"type":"winlogbeat","ephemeral_id":"df5ad137-6594-4bd7-a3eb-e0eda670370c","hostname":"WECServer","id":"f8e32ecf-6ac8-4748-86ec-f026490623c4","version":"7.4.0"},"winlog":{"keywords":["Audit Success"],"event_data":{"FilterRTID":"0","LayerName":"%%14608","LayerRTID":"38","ProcessId":"2544","Application":"\\device\\harddiskvolume1\\windows\\adws\\microsoft.activedirectory.webservices.exe","SourceAddress":"::","SourcePort":"49269","Protocol":"6"},"event_id":5158,"opcode":"Info","provider_guid":"{54849625-5478-4994-a5ba-3e3b0328c30d}","task":"Filtering Platform Connection","computer_name":"HFDC01.shire.com","channel":"Security","api":"wineventlog","process":{"pid":4,"thread":{"id":372}},"record_id":116094,"provider_name":"Microsoft-Windows-Security-Auditing"},"event":{"code":5158,"action":"Filtering Platform Connection","created":"2019-10-28T02:32:05.758Z","kind":"event"},"log":{"level":"information"},"message":"The Windows Filtering Platform has permitted a bind to a local port.\n\nApplication Information:\n\tProcess ID:\t\t2544\n\tApplication Name:\t\\device\\harddiskvolume1\\windows\\adws\\microsoft.activedirectory.webservices.exe\n\nNetwork Information:\n\tSource Address:\t\t::\n\tSource Port:\t\t49269\n\tProtocol:\t\t6\n\nFilter Information:\n\tFilter Run-Time ID:\t0\n\tLayer Name:\t\tResource Assignment\n\tLayer Run-Time ID:\t38"}
{"@timestamp":"2019-10-28T02:32:04.282Z","@metadata":{"beat":"winlogbeat","type":"_doc","version":"7.4.0","topic":"winlogbeat"},"winlog":{"event_data":{"TargetObject":"HKLM\\System\\CurrentControlSet\\Services\\Tcpip\\Parameters","EventType":"CreateKey","UtcTime":"2019-10-28 02:32:04.281","ProcessGuid":"{962923ac-a0f3-5db5-0000-001081040200}","ProcessId":"2544","Image":"C:\\Windows\\ADWS\\Microsoft.ActiveDirectory.WebServices.exe"},"task":"Registry object added or deleted (rule: RegistryEvent)","computer_name":"HFDC01.shire.com","opcode":"Info","provider_guid":"{5770385f-c22a-43e0-bf4c-06f5698ffbd9}","process":{"pid":2044,"thread":{"id":3656}},"channel":"Microsoft-Windows-Sysmon/Operational","event_id":12,"provider_name":"Microsoft-Windows-Sysmon","record_id":222771,"api":"wineventlog","version":2,"user":{"type":"User","identifier":"S-1-5-18","name":"SYSTEM","domain":"NT AUTHORITY"}},"event":{"kind":"event","code":12,"action":"Registry object added or deleted (rule: RegistryEvent)","created":"2019-10-28T02:32:05.758Z"},"log":{"level":"information"},"message":"Registry object added or deleted:\nRuleName: \nEventType: CreateKey\nUtcTime: 2019-10-28 02:32:04.281\nProcessGuid: {962923ac-a0f3-5db5-0000-001081040200}\nProcessId: 2544\nImage: C:\\Windows\\ADWS\\Microsoft.ActiveDirectory.WebServices.exe\nTargetObject: HKLM\\System\\CurrentControlSet\\Services\\Tcpip\\Parameters","ecs":{"version":"1.1.0"},"host":{"name":"WECServer"},"agent":{"id":"f8e32ecf-6ac8-4748-86ec-f026490623c4","version":"7.4.0","type":"winlogbeat","ephemeral_id":"df5ad137-6594-4bd7-a3eb-e0eda670370c","hostname":"WECServer"}}
{"@timestamp":"2019-10-28T02:32:04.282Z","@metadata":{"beat":"winlogbeat","type":"_doc","version":"7.4.0","topic":"winlogbeat"},"message":"The Windows Filtering Platform has permitted a connection.\n\nApplication Information:\n\tProcess ID:\t\t2544\n\tApplication Name:\t\\device\\harddiskvolume1\\windows\\adws\\microsoft.activedirectory.webservices.exe\n\nNetwork Information:\n\tDirection:\t\tOutbound\n\tSource Address:\t\t::1\n\tSource Port:\t\t49269\n\tDestination Address:\t::1\n\tDestination Port:\t\t389\n\tProtocol:\t\t6\n\nFilter Information:\n\tFilter Run-Time ID:\t65855\n\tLayer Name:\t\tConnect\n\tLayer Run-Time ID:\t50","ecs":{"version":"1.1.0"},"host":{"name":"WECServer"},"agent":{"type":"winlogbeat","ephemeral_id":"df5ad137-6594-4bd7-a3eb-e0eda670370c","hostname":"WECServer","id":"f8e32ecf-6ac8-4748-86ec-f026490623c4","version":"7.4.0"},"winlog":{"api":"wineventlog","event_data":{"LayerRTID":"50","RemoteUserID":"S-1-0-0","RemoteMachineID":"S-1-0-0","LayerName":"%%14611","SourceAddress":"::1","SourcePort":"49269","DestAddress":"::1","Protocol":"6","DestPort":"389","FilterRTID":"65855","ProcessID":"2544","Application":"\\device\\harddiskvolume1\\windows\\adws\\microsoft.activedirectory.webservices.exe","Direction":"%%14593"},"task":"Filtering Platform Connection","computer_name":"HFDC01.shire.com","provider_guid":"{54849625-5478-4994-a5ba-3e3b0328c30d}","version":1,"provider_name":"Microsoft-Windows-Security-Auditing","keywords":["Audit Success"],"opcode":"Info","record_id":116095,"process":{"thread":{"id":372},"pid":4},"channel":"Security","event_id":5156},"event":{"created":"2019-10-28T02:32:05.758Z","kind":"event","code":5156,"action":"Filtering Platform Connection"},"log":{"level":"information"}}
{"@timestamp":"2019-10-28T02:32:04.282Z","@metadata":{"beat":"winlogbeat","type":"_doc","version":"7.4.0","topic":"winlogbeat"},"winlog":{"opcode":"Info","provider_guid":"{5770385f-c22a-43e0-bf4c-06f5698ffbd9}","version":2,"channel":"Microsoft-Windows-Sysmon/Operational","computer_name":"HFDC01.shire.com","provider_name":"Microsoft-Windows-Sysmon","user":{"identifier":"S-1-5-18","name":"SYSTEM","domain":"NT AUTHORITY","type":"User"},"task":"Registry object added or deleted (rule: RegistryEvent)","api":"wineventlog","process":{"pid":2044,"thread":{"id":3656}},"event_data":{"TargetObject":"HKLM\\System\\CurrentControlSet\\Services\\Tcpip\\Parameters","EventType":"CreateKey","UtcTime":"2019-10-28 02:32:04.281","ProcessGuid":"{962923ac-a0f3-5db5-0000-001081040200}","ProcessId":"2544","Image":"C:\\Windows\\ADWS\\Microsoft.ActiveDirectory.WebServices.exe"},"record_id":222772,"event_id":12},"event":{"created":"2019-10-28T02:32:05.758Z","kind":"event","code":12,"action":"Registry object added or deleted (rule: RegistryEvent)"},"ecs":{"version":"1.1.0"},"host":{"name":"WECServer"},"agent":{"type":"winlogbeat","ephemeral_id":"df5ad137-6594-4bd7-a3eb-e0eda670370c","hostname":"WECServer","id":"f8e32ecf-6ac8-4748-86ec-f026490623c4","version":"7.4.0"},"log":{"level":"information"},"message":"Registry object added or deleted:\nRuleName: \nEventType: CreateKey\nUtcTime: 2019-10-28 02:32:04.281\nProcessGuid: {962923ac-a0f3-5db5-0000-001081040200}\nProcessId: 2544\nImage: C:\\Windows\\ADWS\\Microsoft.ActiveDirectory.WebServices.exe\nTargetObject: HKLM\\System\\CurrentControlSet\\Services\\Tcpip\\Parameters"}
{"@timestamp":"2019-10-28T02:32:04.282Z","@metadata":{"beat":"winlogbeat","type":"_doc","version":"7.4.0","topic":"winlogbeat"},"agent":{"type":"winlogbeat","ephemeral_id":"df5ad137-6594-4bd7-a3eb-e0eda670370c","hostname":"WECServer","id":"f8e32ecf-6ac8-4748-86ec-f026490623c4","version":"7.4.0"},"winlog":{"api":"wineventlog","provider_guid":"{54849625-5478-4994-a5ba-3e3b0328c30d}","channel":"Security","event_id":5156,"task":"Filtering Platform Connection","computer_name":"HFDC01.shire.com","opcode":"Info","record_id":116096,"event_data":{"ProcessID":"776","SourceAddress":"::1","SourcePort":"49269","DestAddress":"::1","Direction":"%%14592","DestPort":"389","RemoteUserID":"S-1-0-0","Protocol":"6","FilterRTID":"65853","LayerName":"%%14610","LayerRTID":"46","Application":"\\device\\harddiskvolume1\\windows\\system32\\lsass.exe","RemoteMachineID":"S-1-0-0"},"provider_name":"Microsoft-Windows-Security-Auditing","keywords":["Audit Success"],"version":1,"process":{"pid":4,"thread":{"id":372}}},"event":{"kind":"event","code":5156,"action":"Filtering Platform Connection","created":"2019-10-28T02:32:05.758Z"},"log":{"level":"information"},"message":"The Windows Filtering Platform has permitted a connection.\n\nApplication Information:\n\tProcess ID:\t\t776\n\tApplication Name:\t\\device\\harddiskvolume1\\windows\\system32\\lsass.exe\n\nNetwork Information:\n\tDirection:\t\tInbound\n\tSource Address:\t\t::1\n\tSource Port:\t\t49269\n\tDestination Address:\t::1\n\tDestination Port:\t\t389\n\tProtocol:\t\t6\n\nFilter Information:\n\tFilter Run-Time ID:\t65853\n\tLayer Name:\t\tReceive/Accept\n\tLayer Run-Time ID:\t46","ecs":{"version":"1.1.0"},"host":{"name":"WECServer"}}
{"@timestamp":"2019-10-28T02:32:04.284Z","@metadata":{"beat":"winlogbeat","type":"_doc","version":"7.4.0","topic":"winlogbeat"},"event":{"action":"Special Logon","created":"2019-10-28T02:32:05.758Z","kind":"event","code":4672},"log":{"level":"information"},"ecs":{"version":"1.1.0"},"host":{"name":"WECServer"},"agent":{"id":"f8e32ecf-6ac8-4748-86ec-f026490623c4","version":"7.4.0","type":"winlogbeat","ephemeral_id":"df5ad137-6594-4bd7-a3eb-e0eda670370c","hostname":"WECServer"},"message":"Special privileges assigned to new logon.\n\nSubject:\n\tSecurity ID:\t\tS-1-5-18\n\tAccount Name:\t\tHFDC01$\n\tAccount Domain:\t\tshire\n\tLogon ID:\t\t0xB17762\n\nPrivileges:\t\tSeSecurityPrivilege\n\t\t\tSeBackupPrivilege\n\t\t\tSeRestorePrivilege\n\t\t\tSeTakeOwnershipPrivilege\n\t\t\tSeDebugPrivilege\n\t\t\tSeSystemEnvironmentPrivilege\n\t\t\tSeLoadDriverPrivilege\n\t\t\tSeImpersonatePrivilege\n\t\t\tSeDelegateSessionUserImpersonatePrivilege\n\t\t\tSeEnableDelegationPrivilege","winlog":{"provider_name":"Microsoft-Windows-Security-Auditing","computer_name":"HFDC01.shire.com","provider_guid":"{54849625-5478-4994-a5ba-3e3b0328c30d}","api":"wineventlog","opcode":"Info","process":{"pid":776,"thread":{"id":2448}},"event_data":{"SubjectUserSid":"S-1-5-18","SubjectUserName":"HFDC01$","SubjectDomainName":"shire","SubjectLogonId":"0xb17762","PrivilegeList":"SeSecurityPrivilege\n\t\t\tSeBackupPrivilege\n\t\t\tSeRestorePrivilege\n\t\t\tSeTakeOwnershipPrivilege\n\t\t\tSeDebugPrivilege\n\t\t\tSeSystemEnvironmentPrivilege\n\t\t\tSeLoadDriverPrivilege\n\t\t\tSeImpersonatePrivilege\n\t\t\tSeDelegateSessionUserImpersonatePrivilege\n\t\t\tSeEnableDelegationPrivilege"},"event_id":4672,"channel":"Security","keywords":["Audit Success"],"record_id":116097,"task":"Special Logon"}}
{"@timestamp":"2019-10-28T02:32:04.284Z","@metadata":{"beat":"winlogbeat","type":"_doc","version":"7.4.0","topic":"winlogbeat"},"agent":{"type":"winlogbeat","ephemeral_id":"df5ad137-6594-4bd7-a3eb-e0eda670370c","hostname":"WECServer","id":"f8e32ecf-6ac8-4748-86ec-f026490623c4","version":"7.4.0"},"winlog":{"computer_name":"HFDC01.shire.com","keywords":["Audit Success"],"version":2,"channel":"Security","api":"wineventlog","opcode":"Info","provider_guid":"{54849625-5478-4994-a5ba-3e3b0328c30d}","event_data":{"ProcessId":"0x0","IpPort":"49269","IpAddress":"::1","TargetOutboundDomainName":"-","TargetLogonId":"0xb17762","SubjectDomainName":"-","LogonType":"3","TargetDomainName":"SHIRE.COM","WorkstationName":"-","KeyLength":"0","TargetOutboundUserName":"-","TargetLinkedLogonId":"0x0","TransmittedServices":"-","RestrictedAdminMode":"-","AuthenticationPackageName":"Kerberos","SubjectUserSid":"S-1-0-0","LogonGuid":"{e87573d3-af8a-5a0e-cdfe-b72b35aa6633}","SubjectUserName":"-","LogonProcessName":"Kerberos","LmPackageName":"-","SubjectLogonId":"0x0","ElevatedToken":"%%1842","ProcessName":"-","VirtualAccount":"%%1843","TargetUserSid":"S-1-5-18","TargetUserName":"HFDC01$","ImpersonationLevel":"%%1833"},"record_id":116098,"process":{"pid":776,"thread":{"id":2448}},"event_id":4624,"provider_name":"Microsoft-Windows-Security-Auditing","task":"Logon"},"event":{"action":"Logon","created":"2019-10-28T02:32:05.758Z","kind":"event","code":4624},"log":{"level":"information"},"message":"An account was successfully logged on.\n\nSubject:\n\tSecurity ID:\t\tS-1-0-0\n\tAccount Name:\t\t-\n\tAccount Domain:\t\t-\n\tLogon ID:\t\t0x0\n\nLogon Information:\n\tLogon Type:\t\t3\n\tRestricted Admin Mode:\t-\n\tVirtual Account:\t\tNo\n\tElevated Token:\t\tYes\n\nImpersonation Level:\t\tImpersonation\n\nNew Logon:\n\tSecurity ID:\t\tS-1-5-18\n\tAccount Name:\t\tHFDC01$\n\tAccount Domain:\t\tSHIRE.COM\n\tLogon ID:\t\t0xB17762\n\tLinked Logon ID:\t\t0x0\n\tNetwork Account Name:\t-\n\tNetwork Account Domain:\t-\n\tLogon GUID:\t\t{e87573d3-af8a-5a0e-cdfe-b72b35aa6633}\n\nProcess Information:\n\tProcess ID:\t\t0x0\n\tProcess Name:\t\t-\n\nNetwork Information:\n\tWorkstation Name:\t-\n\tSource Network Address:\t::1\n\tSource Port:\t\t49269\n\nDetailed Authentication Information:\n\tLogon Process:\t\tKerberos\n\tAuthentication Package:\tKerberos\n\tTransited Services:\t-\n\tPackage Name (NTLM only):\t-\n\tKey Length:\t\t0\n\nThis event is generated when a logon session is created. It is generated on the computer that was accessed.\n\nThe subject fields indicate the account on the local system which requested the logon. This is most commonly a service such as the Server service, or a local process such as Winlogon.exe or Services.exe.\n\nThe logon type field indicates the kind of logon that occurred. The most common types are 2 (interactive) and 3 (network).\n\nThe New Logon fields indicate the account for whom the new logon was created, i.e. the account that was logged on.\n\nThe network fields indicate where a remote logon request originated. Workstation name is not always available and may be left blank in some cases.\n\nThe impersonation level field indicates the extent to which a process in the logon session can impersonate.\n\nThe authentication information fields provide detailed information about this specific logon request.\n\t- Logon GUID is a unique identifier that can be used to correlate this event with a KDC event.\n\t- Transited services indicate which intermediate services have participated in this logon request.\n\t- Package name indicates which sub-protocol was used among the NTLM protocols.\n\t- Key length indicates the length of the generated session key. This will be 0 if no session key was requested.","ecs":{"version":"1.1.0"},"host":{"name":"WECServer"}}
{"@timestamp":"2019-10-28T02:32:04.284Z","@metadata":{"beat":"winlogbeat","type":"_doc","version":"7.4.0","topic":"winlogbeat"},"event":{"created":"2019-10-28T02:32:05.758Z","kind":"event","code":4627,"action":"Group Membership"},"ecs":{"version":"1.1.0"},"host":{"name":"WECServer"},"agent":{"type":"winlogbeat","ephemeral_id":"df5ad137-6594-4bd7-a3eb-e0eda670370c","hostname":"WECServer","id":"f8e32ecf-6ac8-4748-86ec-f026490623c4","version":"7.4.0"},"log":{"level":"information"},"message":"Group membership information.\n\nSubject:\n\tSecurity ID:\t\tS-1-0-0\n\tAccount Name:\t\t-\n\tAccount Domain:\t\t-\n\tLogon ID:\t\t0x0\n\nLogon Type:\t\t\t3\n\nNew Logon:\n\tSecurity ID:\t\tS-1-5-18\n\tAccount Name:\t\tHFDC01$\n\tAccount Domain:\t\tSHIRE.COM\n\tLogon ID:\t\t0xB17762\n\nEvent in sequence:\t\t1 of 1\n\nGroup Membership:\t\t\t\n\t\t%{S-1-5-32-544}\n\t\t%{S-1-1-0}\n\t\t%{S-1-5-32-554}\n\t\t%{S-1-5-32-545}\n\t\t%{S-1-5-32-555}\n\t\t%{S-1-5-32-560}\n\t\t%{S-1-5-2}\n\t\t%{S-1-5-11}\n\t\t%{S-1-5-15}\n\t\t%{S-1-5-21-2379224252-1048547738-3559495803-1008}\n\t\t%{S-1-5-21-2379224252-1048547738-3559495803-516}\n\t\t%{S-1-5-9}\n\t\t%{S-1-18-1}\n\t\t%{S-1-5-21-2379224252-1048547738-3559495803-572}\n\t\t%{S-1-16-16384}\n\nThe subject fields indicate the account on the local system which requested the logon. This is most commonly a service such as the Server service, or a local process such as Winlogon.exe or Services.exe.\n\nThe logon type field indicates the kind of logon that occurred. The most common types are 2 (interactive) and 3 (network).\n\nThe New Logon fields indicate the account for whom the new logon was created, i.e. the account that was logged on.\n\nThis event is generated when the Audit Group Membership subcategory is configured.  The Logon ID field can be used to correlate this event with the corresponding user logon event as well as to any other security audit events generated during this logon session.","winlog":{"provider_name":"Microsoft-Windows-Security-Auditing","keywords":["Audit Success"],"opcode":"Info","event_data":{"SubjectUserSid":"S-1-0-0","SubjectLogonId":"0x0","EventIdx":"1","GroupMembership":"\n\t\t%{S-1-5-32-544}\n\t\t%{S-1-1-0}\n\t\t%{S-1-5-32-554}\n\t\t%{S-1-5-32-545}\n\t\t%{S-1-5-32-555}\n\t\t%{S-1-5-32-560}\n\t\t%{S-1-5-2}\n\t\t%{S-1-5-11}\n\t\t%{S-1-5-15}\n\t\t%{S-1-5-21-2379224252-1048547738-3559495803-1008}\n\t\t%{S-1-5-21-2379224252-1048547738-3559495803-516}\n\t\t%{S-1-5-9}\n\t\t%{S-1-18-1}\n\t\t%{S-1-5-21-2379224252-1048547738-3559495803-572}\n\t\t%{S-1-16-16384}","TargetUserSid":"S-1-5-18","TargetDomainName":"SHIRE.COM","TargetLogonId":"0xb17762","SubjectUserName":"-","SubjectDomainName":"-","TargetUserName":"HFDC01$","LogonType":"3","EventCountTotal":"1"},"channel":"Security","event_id":4627,"api":"wineventlog","computer_name":"HFDC01.shire.com","record_id":116099,"task":"Group Membership","provider_guid":"{54849625-5478-4994-a5ba-3e3b0328c30d}","process":{"pid":776,"thread":{"id":2448}}}}
{"@timestamp":"2019-10-28T02:32:04.285Z","@metadata":{"beat":"winlogbeat","type":"_doc","version":"7.4.0","topic":"winlogbeat"},"winlog":{"opcode":"Info","provider_guid":"{54849625-5478-4994-a5ba-3e3b0328c30d}","event_id":4634,"keywords":["Audit Success"],"process":{"pid":776,"thread":{"id":1652}},"event_data":{"TargetUserSid":"S-1-5-18","TargetUserName":"HFDC01$","TargetDomainName":"shire","TargetLogonId":"0xb17762","LogonType":"3"},"provider_name":"Microsoft-Windows-Security-Auditing","task":"Logoff","api":"wineventlog","computer_name":"HFDC01.shire.com","channel":"Security","record_id":116100},"event":{"kind":"event","code":4634,"action":"Logoff","created":"2019-10-28T02:32:05.758Z"},"log":{"level":"information"},"message":"An account was logged off.\n\nSubject:\n\tSecurity ID:\t\tS-1-5-18\n\tAccount Name:\t\tHFDC01$\n\tAccount Domain:\t\tshire\n\tLogon ID:\t\t0xB17762\n\nLogon Type:\t\t\t3\n\nThis event is generated when a logon session is destroyed. It may be positively correlated with a logon event using the Logon ID value. Logon IDs are only unique between reboots on the same computer.","ecs":{"version":"1.1.0"},"host":{"name":"WECServer"},"agent":{"type":"winlogbeat","ephemeral_id":"df5ad137-6594-4bd7-a3eb-e0eda670370c","hostname":"WECServer","id":"f8e32ecf-6ac8-4748-86ec-f026490623c4","version":"7.4.0"}}
{"@timestamp":"2019-10-28T02:32:05.094Z","@metadata":{"beat":"winlogbeat","type":"_doc","version":"7.4.0","topic":"winlogbeat"},"message":"A privileged service was called.\n\nSubject:\n\tSecurity ID:\t\tS-1-5-19\n\tAccount Name:\t\tLOCAL SERVICE\n\tAccount Domain:\t\tNT AUTHORITY\n\tLogon ID:\t\t0x3E5\n\nService:\n\tServer:\tSecurity\n\tService Name:\t-\n\nProcess:\n\tProcess ID:\t0x3f8\n\tProcess Name:\tC:\\Windows\\System32\\svchost.exe\n\nService Request Information:\n\tPrivileges:\t\tSeProfileSingleProcessPrivilege","agent":{"hostname":"WECServer","id":"f8e32ecf-6ac8-4748-86ec-f026490623c4","version":"7.4.0","type":"winlogbeat","ephemeral_id":"df5ad137-6594-4bd7-a3eb-e0eda670370c"},"ecs":{"version":"1.1.0"},"host":{"name":"WECServer"},"winlog":{"opcode":"Info","channel":"Security","provider_name":"Microsoft-Windows-Security-Auditing","keywords":["Audit Failure"],"provider_guid":"{54849625-5478-4994-a5ba-3e3b0328c30d}","process":{"pid":4,"thread":{"id":372}},"api":"wineventlog","record_id":116101,"event_data":{"SubjectUserName":"LOCAL SERVICE","SubjectLogonId":"0x3e5","Service":"-","ProcessId":"0x3f8","SubjectUserSid":"S-1-5-19","PrivilegeList":"SeProfileSingleProcessPrivilege","ProcessName":"C:\\Windows\\System32\\svchost.exe","ObjectServer":"Security","SubjectDomainName":"NT AUTHORITY"},"event_id":4673,"task":"Sensitive Privilege Use","computer_name":"HFDC01.shire.com"},"event":{"kind":"event","code":4673,"action":"Sensitive Privilege Use","created":"2019-10-28T02:32:05.758Z"},"log":{"level":"information"}}
{"@timestamp":"2019-10-28T02:32:04.402Z","@metadata":{"beat":"winlogbeat","type":"_doc","version":"7.4.0","topic":"winlogbeat"},"host":{"name":"WECServer"},"agent":{"version":"7.4.0","type":"winlogbeat","ephemeral_id":"df5ad137-6594-4bd7-a3eb-e0eda670370c","hostname":"WECServer","id":"f8e32ecf-6ac8-4748-86ec-f026490623c4"},"winlog":{"opcode":"Info","record_id":200366,"user":{"domain":"NT AUTHORITY","type":"User","identifier":"S-1-5-18","name":"SYSTEM"},"computer_name":"IT001.shire.com","event_id":10,"provider_name":"Microsoft-Windows-Sysmon","task":"Process accessed (rule: ProcessAccess)","api":"wineventlog","provider_guid":"{5770385f-c22a-43e0-bf4c-06f5698ffbd9}","version":3,"process":{"pid":3196,"thread":{"id":4324}},"channel":"Microsoft-Windows-Sysmon/Operational","event_data":{"SourceProcessId":"3604","SourceThreadId":"3688","GrantedAccess":"0x1400","UtcTime":"2019-10-28 02:32:04.402","SourceProcessGUID":"{a158f72c-a3a8-5db5-0000-001005670200}","CallTrace":"C:\\Windows\\SYSTEM32\\ntdll.dll+9c524|C:\\Windows\\System32\\KERNELBASE.dll+2730e|c:\\windows\\system32\\rasmans.dll+3751b|c:\\windows\\system32\\rasmans.dll+36fad|c:\\windows\\system32\\rasmans.dll+10ed8|c:\\windows\\system32\\rasmans.dll+33cd5|C:\\Windows\\System32\\svchost.exe+314c|C:\\Windows\\System32\\sechost.dll+2de2|C:\\Windows\\System32\\KERNEL32.DLL+17944|C:\\Windows\\SYSTEM32\\ntdll.dll+6ce71","TargetProcessGUID":"{a158f72c-a3a7-5db5-0000-0010ab1f0200}","SourceImage":"C:\\Windows\\System32\\svchost.exe","TargetProcessId":"3112","TargetImage":"C:\\Program Files\\Amazon\\Ec2ConfigService\\Ec2Config.exe"}},"event":{"kind":"event","code":10,"action":"Process accessed (rule: ProcessAccess)","created":"2019-10-28T02:32:05.759Z"},"log":{"level":"information"},"message":"Process accessed:\nRuleName: \nUtcTime: 2019-10-28 02:32:04.402\nSourceProcessGUID: {a158f72c-a3a8-5db5-0000-001005670200}\nSourceProcessId: 3604\nSourceThreadId: 3688\nSourceImage: C:\\Windows\\System32\\svchost.exe\nTargetProcessGUID: {a158f72c-a3a7-5db5-0000-0010ab1f0200}\nTargetProcessId: 3112\nTargetImage: C:\\Program Files\\Amazon\\Ec2ConfigService\\Ec2Config.exe\nGrantedAccess: 0x1400\nCallTrace: C:\\Windows\\SYSTEM32\\ntdll.dll+9c524|C:\\Windows\\System32\\KERNELBASE.dll+2730e|c:\\windows\\system32\\rasmans.dll+3751b|c:\\windows\\system32\\rasmans.dll+36fad|c:\\windows\\system32\\rasmans.dll+10ed8|c:\\windows\\system32\\rasmans.dll+33cd5|C:\\Windows\\System32\\svchost.exe+314c|C:\\Windows\\System32\\sechost.dll+2de2|C:\\Windows\\System32\\KERNEL32.DLL+17944|C:\\Windows\\SYSTEM32\\ntdll.dll+6ce71","ecs":{"version":"1.1.0"}}
{"@timestamp":"2019-10-28T02:32:05.406Z","@metadata":{"beat":"winlogbeat","type":"_doc","version":"7.4.0","topic":"winlogbeat"},"host":{"name":"WECServer"},"agent":{"type":"winlogbeat","ephemeral_id":"df5ad137-6594-4bd7-a3eb-e0eda670370c","hostname":"WECServer","id":"f8e32ecf-6ac8-4748-86ec-f026490623c4","version":"7.4.0"},"ecs":{"version":"1.1.0"},"winlog":{"channel":"Microsoft-Windows-Sysmon/Operational","task":"Network connection detected (rule: NetworkConnect)","computer_name":"HFDC01.shire.com","opcode":"Info","user":{"identifier":"S-1-5-18","name":"SYSTEM","domain":"NT AUTHORITY","type":"User"},"provider_name":"Microsoft-Windows-Sysmon","event_data":{"DestinationHostname":"HFDC01.shire.com","Image":"C:\\Windows\\ADWS\\Microsoft.ActiveDirectory.WebServices.exe","User":"NT AUTHORITY\\SYSTEM","SourceIsIpv6":"true","DestinationIsIpv6":"true","Initiated":"true","SourcePort":"49269","ProcessGuid":"{962923ac-a0f3-5db5-0000-001081040200}","DestinationIp":"0:0:0:0:0:0:0:1","Protocol":"tcp","SourceIp":"0:0:0:0:0:0:0:1","ProcessId":"2544","SourceHostname":"HFDC01.shire.com","UtcTime":"2019-10-28 02:32:04.138","DestinationPort":"389","DestinationPortName":"ldap"},"event_id":3,"record_id":222773,"api":"wineventlog","process":{"pid":2044,"thread":{"id":3636}},"version":5,"provider_guid":"{5770385f-c22a-43e0-bf4c-06f5698ffbd9}"},"event":{"kind":"event","code":3,"action":"Network connection detected (rule: NetworkConnect)","created":"2019-10-28T02:32:07.768Z"},"log":{"level":"information"},"message":"Network connection detected:\nRuleName: \nUtcTime: 2019-10-28 02:32:04.138\nProcessGuid: {962923ac-a0f3-5db5-0000-001081040200}\nProcessId: 2544\nImage: C:\\Windows\\ADWS\\Microsoft.ActiveDirectory.WebServices.exe\nUser: NT AUTHORITY\\SYSTEM\nProtocol: tcp\nInitiated: true\nSourceIsIpv6: true\nSourceIp: 0:0:0:0:0:0:0:1\nSourceHostname: HFDC01.shire.com\nSourcePort: 49269\nSourcePortName: \nDestinationIsIpv6: true\nDestinationIp: 0:0:0:0:0:0:0:1\nDestinationHostname: HFDC01.shire.com\nDestinationPort: 389\nDestinationPortName: ldap"}
{"@timestamp":"2019-10-28T02:32:05.406Z","@metadata":{"beat":"winlogbeat","type":"_doc","version":"7.4.0","topic":"winlogbeat"},"ecs":{"version":"1.1.0"},"host":{"name":"WECServer"},"log":{"level":"information"},"message":"Network connection detected:\nRuleName: \nUtcTime: 2019-10-28 02:32:04.138\nProcessGuid: {962923ac-a0e0-5db5-0000-00100d580000}\nProcessId: 776\nImage: C:\\Windows\\System32\\lsass.exe\nUser: NT AUTHORITY\\SYSTEM\nProtocol: tcp\nInitiated: false\nSourceIsIpv6: true\nSourceIp: 0:0:0:0:0:0:0:1\nSourceHostname: HFDC01.shire.com\nSourcePort: 49269\nSourcePortName: \nDestinationIsIpv6: true\nDestinationIp: 0:0:0:0:0:0:0:1\nDestinationHostname: HFDC01.shire.com\nDestinationPort: 389\nDestinationPortName: ldap","winlog":{"provider_guid":"{5770385f-c22a-43e0-bf4c-06f5698ffbd9}","version":5,"process":{"thread":{"id":3636},"pid":2044},"event_data":{"DestinationHostname":"HFDC01.shire.com","UtcTime":"2019-10-28 02:32:04.138","SourceHostname":"HFDC01.shire.com","SourceIsIpv6":"true","SourceIp":"0:0:0:0:0:0:0:1","Image":"C:\\Windows\\System32\\lsass.exe","DestinationPort":"389","DestinationPortName":"ldap","Protocol":"tcp","ProcessId":"776","Initiated":"false","DestinationIp":"0:0:0:0:0:0:0:1","DestinationIsIpv6":"true","ProcessGuid":"{962923ac-a0e0-5db5-0000-00100d580000}","SourcePort":"49269","User":"NT AUTHORITY\\SYSTEM"},"user":{"domain":"NT AUTHORITY","type":"User","identifier":"S-1-5-18","name":"SYSTEM"},"opcode":"Info","channel":"Microsoft-Windows-Sysmon/Operational","record_id":222774,"api":"wineventlog","provider_name":"Microsoft-Windows-Sysmon","event_id":3,"task":"Network connection detected (rule: NetworkConnect)","computer_name":"HFDC01.shire.com"},"event":{"kind":"event","code":3,"action":"Network connection detected (rule: NetworkConnect)","created":"2019-10-28T02:32:07.768Z"},"agent":{"ephemeral_id":"df5ad137-6594-4bd7-a3eb-e0eda670370c","hostname":"WECServer","id":"f8e32ecf-6ac8-4748-86ec-f026490623c4","version":"7.4.0","type":"winlogbeat"}}
{"@timestamp":"2019-10-28T02:32:06.643Z","@metadata":{"beat":"winlogbeat","type":"_doc","version":"7.4.0","topic":"winlogbeat"},"winlog":{"process":{"pid":3208,"thread":{"id":5108}},"channel":"Microsoft-Windows-Sysmon/Operational","record_id":271908,"api":"wineventlog","version":2,"event_id":13,"provider_name":"Microsoft-Windows-Sysmon","task":"Registry value set (rule: RegistryEvent)","opcode":"Info","provider_guid":"{5770385f-c22a-43e0-bf4c-06f5698ffbd9}","event_data":{"EventType":"SetValue","UtcTime":"2019-10-28 02:32:06.642","ProcessGuid":"{a158f72c-a3a1-5db5-0000-0010e67e0800}","ProcessId":"5616","Image":"C:\\Windows\\Explorer.EXE","TargetObject":"HKU\\S-1-5-21-2379224252-1048547738-3559495803-1113\\Software\\Microsoft\\Windows\\CurrentVersion\\Explorer\\UserAssist\\{CEBFF5CD-ACE2-4F4F-9178-9926F41749EA}\\Count\\{1NP14R77-02R7-4R5Q-O744-2RO1NR5198O7}\\JvaqbjfCbjreFuryy\\i1.0\\cbjrefuryy.rkr","Details":"Binary Data"},"computer_name":"ACCT001.shire.com","user":{"identifier":"S-1-5-18","name":"SYSTEM","domain":"NT AUTHORITY","type":"User"}},"event":{"kind":"event","code":13,"action":"Registry value set (rule: RegistryEvent)","created":"2019-10-28T02:32:08.769Z"},"host":{"name":"WECServer"},"agent":{"type":"winlogbeat","ephemeral_id":"df5ad137-6594-4bd7-a3eb-e0eda670370c","hostname":"WECServer","id":"f8e32ecf-6ac8-4748-86ec-f026490623c4","version":"7.4.0"},"ecs":{"version":"1.1.0"},"log":{"level":"information"},"message":"Registry value set:\nRuleName: \nEventType: SetValue\nUtcTime: 2019-10-28 02:32:06.642\nProcessGuid: {a158f72c-a3a1-5db5-0000-0010e67e0800}\nProcessId: 5616\nImage: C:\\Windows\\Explorer.EXE\nTargetObject: HKU\\S-1-5-21-2379224252-1048547738-3559495803-1113\\Software\\Microsoft\\Windows\\CurrentVersion\\Explorer\\UserAssist\\{CEBFF5CD-ACE2-4F4F-9178-9926F41749EA}\\Count\\{1NP14R77-02R7-4R5Q-O744-2RO1NR5198O7}\\JvaqbjfCbjreFuryy\\i1.0\\cbjrefuryy.rkr\nDetails: Binary Data"}
{"@timestamp":"2019-10-28T02:32:06.643Z","@metadata":{"beat":"winlogbeat","type":"_doc","version":"7.4.0","topic":"winlogbeat"},"log":{"level":"information"},"message":"Registry value set:\nRuleName: \nEventType: SetValue\nUtcTime: 2019-10-28 02:32:06.642\nProcessGuid: {a158f72c-a3a1-5db5-0000-0010e67e0800}\nProcessId: 5616\nImage: C:\\Windows\\Explorer.EXE\nTargetObject: HKU\\S-1-5-21-2379224252-1048547738-3559495803-1113\\Software\\Microsoft\\Windows\\CurrentVersion\\Explorer\\UserAssist\\{CEBFF5CD-ACE2-4F4F-9178-9926F41749EA}\\Count\\HRZR_PGYFRFFVBA\nDetails: Binary Data","winlog":{"channel":"Microsoft-Windows-Sysmon/Operational","event_id":13,"record_id":271909,"computer_name":"ACCT001.shire.com","process":{"pid":3208,"thread":{"id":5108}},"user":{"identifier":"S-1-5-18","name":"SYSTEM","domain":"NT AUTHORITY","type":"User"},"opcode":"Info","provider_guid":"{5770385f-c22a-43e0-bf4c-06f5698ffbd9}","provider_name":"Microsoft-Windows-Sysmon","task":"Registry value set (rule: RegistryEvent)","version":2,"api":"wineventlog","event_data":{"Details":"Binary Data","EventType":"SetValue","UtcTime":"2019-10-28 02:32:06.642","ProcessGuid":"{a158f72c-a3a1-5db5-0000-0010e67e0800}","ProcessId":"5616","Image":"C:\\Windows\\Explorer.EXE","TargetObject":"HKU\\S-1-5-21-2379224252-1048547738-3559495803-1113\\Software\\Microsoft\\Windows\\CurrentVersion\\Explorer\\UserAssist\\{CEBFF5CD-ACE2-4F4F-9178-9926F41749EA}\\Count\\HRZR_PGYFRFFVBA"}},"event":{"action":"Registry value set (rule: RegistryEvent)","created":"2019-10-28T02:32:08.769Z","kind":"event","code":13},"ecs":{"version":"1.1.0"},"host":{"name":"WECServer"},"agent":{"version":"7.4.0","type":"winlogbeat","ephemeral_id":"df5ad137-6594-4bd7-a3eb-e0eda670370c","hostname":"WECServer","id":"f8e32ecf-6ac8-4748-86ec-f026490623c4"}}
{"@timestamp":"2019-10-28T02:32:08.156Z","@metadata":{"beat":"winlogbeat","type":"_doc","version":"7.4.0","topic":"winlogbeat"},"host":{"name":"WECServer"},"agent":{"id":"f8e32ecf-6ac8-4748-86ec-f026490623c4","version":"7.4.0","type":"winlogbeat","ephemeral_id":"df5ad137-6594-4bd7-a3eb-e0eda670370c","hostname":"WECServer"},"winlog":{"channel":"Microsoft-Windows-Sysmon/Operational","event_id":10,"computer_name":"HR001.shire.com","record_id":207896,"api":"wineventlog","opcode":"Info","event_data":{"TargetProcessGUID":"{a158f72c-a36d-5db5-0000-0010fdb50200}","SourceThreadId":"4364","SourceProcessGUID":"{a158f72c-a36e-5db5-0000-0010f8fd0200}","SourceImage":"C:\\Windows\\System32\\svchost.exe","UtcTime":"2019-10-28 02:32:08.156","TargetProcessId":"3860","GrantedAccess":"0x1400","CallTrace":"C:\\Windows\\SYSTEM32\\ntdll.dll+9c524|C:\\Windows\\System32\\KERNELBASE.dll+2730e|c:\\windows\\system32\\rasmans.dll+3751b|c:\\windows\\system32\\rasmans.dll+36fad|c:\\windows\\system32\\rasmans.dll+10ed8|c:\\windows\\system32\\rasmans.dll+33cd5|C:\\Windows\\System32\\svchost.exe+314c|C:\\Windows\\System32\\sechost.dll+2de2|C:\\Windows\\System32\\KERNEL32.DLL+17944|C:\\Windows\\SYSTEM32\\ntdll.dll+6ce71","SourceProcessId":"4228","TargetImage":"C:\\Program Files\\Amazon\\Ec2ConfigService\\Ec2Config.exe"},"provider_guid":"{5770385f-c22a-43e0-bf4c-06f5698ffbd9}","version":3,"task":"Process accessed (rule: ProcessAccess)","process":{"thread":{"id":5276},"pid":3980},"user":{"type":"User","identifier":"S-1-5-18","name":"SYSTEM","domain":"NT AUTHORITY"},"provider_name":"Microsoft-Windows-Sysmon"},"event":{"created":"2019-10-28T02:32:10.786Z","kind":"event","code":10,"action":"Process accessed (rule: ProcessAccess)"},"log":{"level":"information"},"message":"Process accessed:\nRuleName: \nUtcTime: 2019-10-28 02:32:08.156\nSourceProcessGUID: {a158f72c-a36e-5db5-0000-0010f8fd0200}\nSourceProcessId: 4228\nSourceThreadId: 4364\nSourceImage: C:\\Windows\\System32\\svchost.exe\nTargetProcessGUID: {a158f72c-a36d-5db5-0000-0010fdb50200}\nTargetProcessId: 3860\nTargetImage: C:\\Program Files\\Amazon\\Ec2ConfigService\\Ec2Config.exe\nGrantedAccess: 0x1400\nCallTrace: C:\\Windows\\SYSTEM32\\ntdll.dll+9c524|C:\\Windows\\System32\\KERNELBASE.dll+2730e|c:\\windows\\system32\\rasmans.dll+3751b|c:\\windows\\system32\\rasmans.dll+36fad|c:\\windows\\system32\\rasmans.dll+10ed8|c:\\windows\\system32\\rasmans.dll+33cd5|C:\\Windows\\System32\\svchost.exe+314c|C:\\Windows\\System32\\sechost.dll+2de2|C:\\Windows\\System32\\KERNEL32.DLL+17944|C:\\Windows\\SYSTEM32\\ntdll.dll+6ce71","ecs":{"version":"1.1.0"}}
{"@timestamp":"2019-10-28T02:32:11.030Z","@metadata":{"beat":"winlogbeat","type":"_doc","version":"7.4.0","topic":"winlogbeat"},"message":"The Windows Filtering Platform has permitted a connection.\n\nApplication Information:\n\tProcess ID:\t\t3060\n\tApplication Name:\t\\device\\harddiskvolume1\\windows\\system32\\dns.exe\n\nNetwork Information:\n\tDirection:\t\tInbound\n\tSource Address:\t\t172.18.39.103\n\tSource Port:\t\t50986\n\tDestination Address:\t172.18.39.5\n\tDestination Port:\t\t53\n\tProtocol:\t\t17\n\nFilter Information:\n\tFilter Run-Time ID:\t66362\n\tLayer Name:\t\tReceive/Accept\n\tLayer Run-Time ID:\t44","ecs":{"version":"1.1.0"},"host":{"name":"WECServer"},"agent":{"type":"winlogbeat","ephemeral_id":"df5ad137-6594-4bd7-a3eb-e0eda670370c","hostname":"WECServer","id":"f8e32ecf-6ac8-4748-86ec-f026490623c4","version":"7.4.0"},"winlog":{"api":"wineventlog","keywords":["Audit Success"],"provider_guid":"{54849625-5478-4994-a5ba-3e3b0328c30d}","version":1,"process":{"pid":4,"thread":{"id":388}},"event_id":5156,"computer_name":"HFDC01.shire.com","opcode":"Info","event_data":{"DestAddress":"172.18.39.5","Protocol":"17","LayerName":"%%14610","Application":"\\device\\harddiskvolume1\\windows\\system32\\dns.exe","SourceAddress":"172.18.39.103","FilterRTID":"66362","RemoteMachineID":"S-1-0-0","Direction":"%%14592","SourcePort":"50986","LayerRTID":"44","RemoteUserID":"S-1-0-0","ProcessID":"3060","DestPort":"53"},"provider_name":"Microsoft-Windows-Security-Auditing","task":"Filtering Platform Connection","channel":"Security","record_id":116102},"event":{"kind":"event","code":5156,"action":"Filtering Platform Connection","created":"2019-10-28T02:32:13.798Z"},"log":{"level":"information"}}
{"@timestamp":"2019-10-28T02:32:11.030Z","@metadata":{"beat":"winlogbeat","type":"_doc","version":"7.4.0","topic":"winlogbeat"},"event":{"code":5156,"action":"Filtering Platform Connection","created":"2019-10-28T02:32:13.798Z","kind":"event"},"log":{"level":"information"},"message":"The Windows Filtering Platform has permitted a connection.\n\nApplication Information:\n\tProcess ID:\t\t3060\n\tApplication Name:\t\\device\\harddiskvolume1\\windows\\system32\\dns.exe\n\nNetwork Information:\n\tDirection:\t\tOutbound\n\tSource Address:\t\t172.18.39.5\n\tSource Port:\t\t50877\n\tDestination Address:\t172.18.0.2\n\tDestination Port:\t\t53\n\tProtocol:\t\t17\n\nFilter Information:\n\tFilter Run-Time ID:\t66459\n\tLayer Name:\t\tConnect\n\tLayer Run-Time ID:\t48","winlog":{"keywords":["Audit Success"],"opcode":"Info","version":1,"channel":"Security","event_id":5156,"provider_name":"Microsoft-Windows-Security-Auditing","record_id":116103,"computer_name":"HFDC01.shire.com","api":"wineventlog","process":{"thread":{"id":388},"pid":4},"event_data":{"Application":"\\device\\harddiskvolume1\\windows\\system32\\dns.exe","SourceAddress":"172.18.39.5","FilterRTID":"66459","Direction":"%%14593","Protocol":"17","RemoteUserID":"S-1-0-0","DestPort":"53","LayerName":"%%14611","RemoteMachineID":"S-1-0-0","DestAddress":"172.18.0.2","LayerRTID":"48","ProcessID":"3060","SourcePort":"50877"},"task":"Filtering Platform Connection","provider_guid":"{54849625-5478-4994-a5ba-3e3b0328c30d}"},"ecs":{"version":"1.1.0"},"host":{"name":"WECServer"},"agent":{"type":"winlogbeat","ephemeral_id":"df5ad137-6594-4bd7-a3eb-e0eda670370c","hostname":"WECServer","id":"f8e32ecf-6ac8-4748-86ec-f026490623c4","version":"7.4.0"}}
