{"@timestamp":"2019-10-28T02:31:43.847Z","@metadata":{"beat":"winlogbeat","type":"_doc","version":"7.4.0","topic":"winlogbeat"},"message":"Registry object added or deleted:\nRuleName: \nEventType: CreateKey\nUtcTime: 2019-10-28 02:31:43.845\nProcessGuid: {a158f72c-530d-5db6-0000-001011f7af00}\nProcessId: 5204\nImage: C:\\Windows\\Microsoft.NET\\Framework64\\v4.0.30319\\InstallUtil.exe\nTargetObject: HKLM\\System\\CurrentControlSet\\Services\\Tcpip\\Parameters","ecs":{"version":"1.1.0"},"host":{"name":"WECServer"},"agent":{"ephemeral_id":"df5ad137-6594-4bd7-a3eb-e0eda670370c","hostname":"WECServer","id":"f8e32ecf-6ac8-4748-86ec-f026490623c4","version":"7.4.0","type":"winlogbeat"},"winlog":{"version":2,"provider_guid":"{5770385f-c22a-43e0-bf4c-06f5698ffbd9}","computer_name":"ACCT001.shire.com","event_data":{"EventType":"CreateKey","UtcTime":"2019-10-28 02:31:43.845","ProcessGuid":"{a158f72c-530d-5db6-0000-001011f7af00}","ProcessId":"5204","Image":"C:\\Windows\\Microsoft.NET\\Framework64\\v4.0.30319\\InstallUtil.exe","TargetObject":"HKLM\\System\\CurrentControlSet\\Services\\Tcpip\\Parameters"},"provider_name":"Microsoft-Windows-Sysmon","event_id":12,"record_id":271813,"process":{"pid":3208,"thread":{"id":5108}},"channel":"Microsoft-Windows-Sysmon/Operational","opcode":"Info","task":"Registry object added or deleted (rule: RegistryEvent)","api":"wineventlog","user":{"identifier":"S-1-5-18","name":"SYSTEM","domain":"NT AUTHORITY","type":"User"}},"event":{"created":"2019-10-28T02:31:45.564Z","kind":"event","code":12,"action":"Registry object added or deleted (rule: RegistryEvent)"},"log":{"level":"information"}}
{"@timestamp":"2019-10-28T02:31:43.847Z","@metadata":{"beat":"winlogbeat","type":"_doc","version":"7.4.0","topic":"winlogbeat"},"event":{"created":"2019-10-28T02:31:45.564Z","kind":"event","code":12,"action":"Registry object added or deleted (rule: RegistryEvent)"},"ecs":{"version":"1.1.0"},"host":{"name":"WECServer"},"agent":{"id":"f8e32ecf-6ac8-4748-86ec-f026490623c4","version":"7.4.0","type":"winlogbeat","ephemeral_id":"df5ad137-6594-4bd7-a3eb-e0eda670370c","hostname":"WECServer"},"log":{"level":"information"},"message":"Registry object added or deleted:\nRuleName: \nEventType: CreateKey\nUtcTime: 2019-10-28 02:31:43.845\nProcessGuid: {a158f72c-530d-5db6-0000-001011f7af00}\nProcessId: 5204\nImage: C:\\Windows\\Microsoft.NET\\Framework64\\v4.0.30319\\InstallUtil.exe\nTargetObject: HKLM\\System\\CurrentControlSet\\Services\\Tcpip\\Parameters","winlog":{"opcode":"Info","version":2,"event_id":12,"record_id":271814,"process":{"pid":3208,"thread":{"id":5108}},"user":{"identifier":"S-1-5-18","name":"SYSTEM","domain":"NT AUTHORITY","type":"User"},"api":"wineventlog","computer_name":"ACCT001.shire.com","channel":"Microsoft-Windows-Sysmon/Operational","task":"Registry object added or deleted (rule: RegistryEvent)","event_data":{"Image":"C:\\Windows\\Microsoft.NET\\Framework64\\v4.0.30319\\InstallUtil.exe","TargetObject":"HKLM\\System\\CurrentControlSet\\Services\\Tcpip\\Parameters","EventType":"CreateKey","UtcTime":"2019-10-28 02:31:43.845","ProcessGuid":"{a158f72c-530d-5db6-0000-001011f7af00}","ProcessId":"5204"},"provider_name":"Microsoft-Windows-Sysmon","provider_guid":"{5770385f-c22a-43e0-bf4c-06f5698ffbd9}"}}
{"@timestamp":"2019-10-28T02:31:43.849Z","@metadata":{"beat":"winlogbeat","type":"_doc","version":"7.4.0","topic":"winlogbeat"},"event":{"created":"2019-10-28T02:31:45.564Z","kind":"event","code":7,"action":"Image loaded (rule: ImageLoad)"},"log":{"level":"information"},"message":"Image loaded:\nRuleName: \nUtcTime: 2019-10-28 02:31:43.845\nProcessGuid: {a158f72c-530d-5db6-0000-001011f7af00}\nProcessId: 5204\nImage: C:\\Windows\\Microsoft.NET\\Framework64\\v4.0.30319\\InstallUtil.exe\nImageLoaded: C:\\Windows\\System32\\nlaapi.dll\nFileVersion: 10.0.18362.1 (WinBuild.160101.0800)\nDescription: Network Location Awareness 2\nProduct: Microsoft Windows Operating System\nCompany: Microsoft Corporation\nOriginalFileName: nlaapi.dll\nHashes: SHA1=6C80AB683E47AB0BD2621E818A7CD589C4EBF441,MD5=A9290114AC1F044DCF06A0F2545539F8,SHA256=E036E2EAF386B09FAF64C25B17C971A3A5A5F0725A79E0244C264DA37E8211F5,IMPHASH=6D4C4EF38EFC59715BE4026CFB8A1236\nSigned: true\nSignature: Microsoft Windows\nSignatureStatus: Valid","ecs":{"version":"1.1.0"},"host":{"name":"WECServer"},"agent":{"type":"winlogbeat","ephemeral_id":"df5ad137-6594-4bd7-a3eb-e0eda670370c","hostname":"WECServer","id":"f8e32ecf-6ac8-4748-86ec-f026490623c4","version":"7.4.0"},"winlog":{"computer_name":"ACCT001.shire.com","provider_guid":"{5770385f-c22a-43e0-bf4c-06f5698ffbd9}","channel":"Microsoft-Windows-Sysmon/Operational","task":"Image loaded (rule: ImageLoad)","event_id":7,"api":"wineventlog","version":3,"user":{"identifier":"S-1-5-18","name":"SYSTEM","domain":"NT AUTHORITY","type":"User"},"record_id":271815,"opcode":"Info","process":{"thread":{"id":5108},"pid":3208},"event_data":{"Signature":"Microsoft Windows","Hashes":"SHA1=6C80AB683E47AB0BD2621E818A7CD589C4EBF441,MD5=A9290114AC1F044DCF06A0F2545539F8,SHA256=E036E2EAF386B09FAF64C25B17C971A3A5A5F0725A79E0244C264DA37E8211F5,IMPHASH=6D4C4EF38EFC59715BE4026CFB8A1236","Company":"Microsoft Corporation","UtcTime":"2019-10-28 02:31:43.845","FileVersion":"10.0.18362.1 (WinBuild.160101.0800)","Description":"Network Location Awareness 2","Product":"Microsoft Windows Operating System","ProcessId":"5204","OriginalFileName":"nlaapi.dll","ProcessGuid":"{a158f72c-530d-5db6-0000-001011f7af00}","Signed":"true","ImageLoaded":"C:\\Windows\\System32\\nlaapi.dll","SignatureStatus":"Valid","Image":"C:\\Windows\\Microsoft.NET\\Framework64\\v4.0.30319\\InstallUtil.exe"},"provider_name":"Microsoft-Windows-Sysmon"}}
{"@timestamp":"2019-10-28T02:31:43.849Z","@metadata":{"beat":"winlogbeat","type":"_doc","version":"7.4.0","topic":"winlogbeat"},"winlog":{"record_id":271816,"task":"Registry object added or deleted (rule: RegistryEvent)","process":{"pid":3208,"thread":{"id":5108}},"user":{"domain":"NT AUTHORITY","type":"User","identifier":"S-1-5-18","name":"SYSTEM"},"opcode":"Info","version":2,"provider_name":"Microsoft-Windows-Sysmon","provider_guid":"{5770385f-c22a-43e0-bf4c-06f5698ffbd9}","event_id":12,"event_data":{"TargetObject":"HKLM\\System\\CurrentControlSet\\Services\\Tcpip\\Parameters","EventType":"CreateKey","UtcTime":"2019-10-28 02:31:43.845","ProcessGuid":"{a158f72c-530d-5db6-0000-001011f7af00}","ProcessId":"5204","Image":"C:\\Windows\\Microsoft.NET\\Framework64\\v4.0.30319\\InstallUtil.exe"},"channel":"Microsoft-Windows-Sysmon/Operational","api":"wineventlog","computer_name":"ACCT001.shire.com"},"event":{"kind":"event","code":12,"action":"Registry object added or deleted (rule: RegistryEvent)","created":"2019-10-28T02:31:45.564Z"},"log":{"level":"information"},"message":"Registry object added or deleted:\nRuleName: \nEventType: CreateKey\nUtcTime: 2019-10-28 02:31:43.845\nProcessGuid: {a158f72c-530d-5db6-0000-001011f7af00}\nProcessId: 5204\nImage: C:\\Windows\\Microsoft.NET\\Framework64\\v4.0.30319\\InstallUtil.exe\nTargetObject: HKLM\\System\\CurrentControlSet\\Services\\Tcpip\\Parameters","host":{"name":"WECServer"},"agent":{"hostname":"WECServer","id":"f8e32ecf-6ac8-4748-86ec-f026490623c4","version":"7.4.0","type":"winlogbeat","ephemeral_id":"df5ad137-6594-4bd7-a3eb-e0eda670370c"},"ecs":{"version":"1.1.0"}}
{"@timestamp":"2019-10-28T02:31:43.850Z","@metadata":{"beat":"winlogbeat","type":"_doc","version":"7.4.0","topic":"winlogbeat"},"event":{"kind":"event","code":7,"action":"Image loaded (rule: ImageLoad)","created":"2019-10-28T02:31:45.564Z"},"log":{"level":"information"},"message":"Image loaded:\nRuleName: \nUtcTime: 2019-10-28 02:31:43.845\nProcessGuid: {a158f72c-530d-5db6-0000-001011f7af00}\nProcessId: 5204\nImage: C:\\Windows\\Microsoft.NET\\Framework64\\v4.0.30319\\InstallUtil.exe\nImageLoaded: C:\\Windows\\System32\\rasadhlp.dll\nFileVersion: 10.0.18362.1 (WinBuild.160101.0800)\nDescription: Remote Access AutoDial Helper\nProduct: Microsoft Windows Operating System\nCompany: Microsoft Corporation\nOriginalFileName: rasadhlp.dll\nHashes: SHA1=1BC9FA692CFFE0F829EF0093FC1EC1A7CDE0FEDF,MD5=285EB69E85F9C587B55DDD5816B827A4,SHA256=B009AF1CFFE8441149B1903B7841DA14B15BEE931F6709C20655668F2019F9D8,IMPHASH=FEAF8EF2A61D5237FD324D1624A3894B\nSigned: true\nSignature: Microsoft Windows\nSignatureStatus: Valid","winlog":{"computer_name":"ACCT001.shire.com","api":"wineventlog","opcode":"Info","version":3,"process":{"pid":3208,"thread":{"id":5108}},"event_data":{"Signature":"Microsoft Windows","ImageLoaded":"C:\\Windows\\System32\\rasadhlp.dll","OriginalFileName":"rasadhlp.dll","Description":"Remote Access AutoDial Helper","ProcessGuid":"{a158f72c-530d-5db6-0000-001011f7af00}","UtcTime":"2019-10-28 02:31:43.845","Company":"Microsoft Corporation","Signed":"true","SignatureStatus":"Valid","Image":"C:\\Windows\\Microsoft.NET\\Framework64\\v4.0.30319\\InstallUtil.exe","FileVersion":"10.0.18362.1 (WinBuild.160101.0800)","Product":"Microsoft Windows Operating System","ProcessId":"5204","Hashes":"SHA1=1BC9FA692CFFE0F829EF0093FC1EC1A7CDE0FEDF,MD5=285EB69E85F9C587B55DDD5816B827A4,SHA256=B009AF1CFFE8441149B1903B7841DA14B15BEE931F6709C20655668F2019F9D8,IMPHASH=FEAF8EF2A61D5237FD324D1624A3894B"},"task":"Image loaded (rule: ImageLoad)","event_id":7,"provider_name":"Microsoft-Windows-Sysmon","user":{"domain":"NT AUTHORITY","type":"User","identifier":"S-1-5-18","name":"SYSTEM"},"record_id":271817,"provider_guid":"{5770385f-c22a-43e0-bf4c-06f5698ffbd9}","channel":"Microsoft-Windows-Sysmon/Operational"},"ecs":{"version":"1.1.0"},"host":{"name":"WECServer"},"agent":{"hostname":"WECServer","id":"f8e32ecf-6ac8-4748-86ec-f026490623c4","version":"7.4.0","type":"winlogbeat","ephemeral_id":"df5ad137-6594-4bd7-a3eb-e0eda670370c"}}
{"@timestamp":"2019-10-28T02:31:43.850Z","@metadata":{"beat":"winlogbeat","type":"_doc","version":"7.4.0","topic":"winlogbeat"},"event":{"action":"Registry object added or deleted (rule: RegistryEvent)","created":"2019-10-28T02:31:45.564Z","kind":"event","code":12},"ecs":{"version":"1.1.0"},"host":{"name":"WECServer"},"agent":{"type":"winlogbeat","ephemeral_id":"df5ad137-6594-4bd7-a3eb-e0eda670370c","hostname":"WECServer","id":"f8e32ecf-6ac8-4748-86ec-f026490623c4","version":"7.4.0"},"log":{"level":"information"},"message":"Registry object added or deleted:\nRuleName: \nEventType: CreateKey\nUtcTime: 2019-10-28 02:31:43.845\nProcessGuid: {a158f72c-530d-5db6-0000-001011f7af00}\nProcessId: 5204\nImage: C:\\Windows\\Microsoft.NET\\Framework64\\v4.0.30319\\InstallUtil.exe\nTargetObject: HKLM\\System\\CurrentControlSet\\Services\\Tcpip\\Parameters","winlog":{"record_id":271818,"computer_name":"ACCT001.shire.com","version":2,"user":{"domain":"NT AUTHORITY","type":"User","identifier":"S-1-5-18","name":"SYSTEM"},"channel":"Microsoft-Windows-Sysmon/Operational","task":"Registry object added or deleted (rule: RegistryEvent)","opcode":"Info","event_data":{"EventType":"CreateKey","UtcTime":"2019-10-28 02:31:43.845","ProcessGuid":"{a158f72c-530d-5db6-0000-001011f7af00}","ProcessId":"5204","Image":"C:\\Windows\\Microsoft.NET\\Framework64\\v4.0.30319\\InstallUtil.exe","TargetObject":"HKLM\\System\\CurrentControlSet\\Services\\Tcpip\\Parameters"},"api":"wineventlog","provider_guid":"{5770385f-c22a-43e0-bf4c-06f5698ffbd9}","process":{"pid":3208,"thread":{"id":5108}},"provider_name":"Microsoft-Windows-Sysmon","event_id":12}}
{"@timestamp":"2019-10-28T02:31:43.850Z","@metadata":{"beat":"winlogbeat","type":"_doc","version":"7.4.0","topic":"winlogbeat"},"winlog":{"process":{"pid":3208,"thread":{"id":5108}},"event_data":{"TargetObject":"HKLM\\System\\CurrentControlSet\\Services\\Tcpip\\Parameters","EventType":"CreateKey","UtcTime":"2019-10-28 02:31:43.845","ProcessGuid":"{a158f72c-530d-5db6-0000-001011f7af00}","ProcessId":"5204","Image":"C:\\Windows\\Microsoft.NET\\Framework64\\v4.0.30319\\InstallUtil.exe"},"provider_name":"Microsoft-Windows-Sysmon","task":"Registry object added or deleted (rule: RegistryEvent)","provider_guid":"{5770385f-c22a-43e0-bf4c-06f5698ffbd9}","record_id":271819,"computer_name":"ACCT001.shire.com","version":2,"user":{"identifier":"S-1-5-18","name":"SYSTEM","domain":"NT AUTHORITY","type":"User"},"event_id":12,"opcode":"Info","channel":"Microsoft-Windows-Sysmon/Operational","api":"wineventlog"},"event":{"kind":"event","code":12,"action":"Registry object added or deleted (rule: RegistryEvent)","created":"2019-10-28T02:31:45.564Z"},"log":{"level":"information"},"message":"Registry object added or deleted:\nRuleName: \nEventType: CreateKey\nUtcTime: 2019-10-28 02:31:43.845\nProcessGuid: {a158f72c-530d-5db6-0000-001011f7af00}\nProcessId: 5204\nImage: C:\\Windows\\Microsoft.NET\\Framework64\\v4.0.30319\\InstallUtil.exe\nTargetObject: HKLM\\System\\CurrentControlSet\\Services\\Tcpip\\Parameters","ecs":{"version":"1.1.0"},"host":{"name":"WECServer"},"agent":{"ephemeral_id":"df5ad137-6594-4bd7-a3eb-e0eda670370c","hostname":"WECServer","id":"f8e32ecf-6ac8-4748-86ec-f026490623c4","version":"7.4.0","type":"winlogbeat"}}
{"@timestamp":"2019-10-28T02:31:43.850Z","@metadata":{"beat":"winlogbeat","type":"_doc","version":"7.4.0","topic":"winlogbeat"},"log":{"level":"information"},"message":"Registry object added or deleted:\nRuleName: \nEventType: CreateKey\nUtcTime: 2019-10-28 02:31:43.845\nProcessGuid: {a158f72c-530d-5db6-0000-001011f7af00}\nProcessId: 5204\nImage: C:\\Windows\\Microsoft.NET\\Framework64\\v4.0.30319\\InstallUtil.exe\nTargetObject: HKLM\\System\\CurrentControlSet\\Services\\Tcpip\\Parameters","agent":{"type":"winlogbeat","ephemeral_id":"df5ad137-6594-4bd7-a3eb-e0eda670370c","hostname":"WECServer","id":"f8e32ecf-6ac8-4748-86ec-f026490623c4","version":"7.4.0"},"ecs":{"version":"1.1.0"},"host":{"name":"WECServer"},"winlog":{"computer_name":"ACCT001.shire.com","opcode":"Info","process":{"pid":3208,"thread":{"id":5108}},"channel":"Microsoft-Windows-Sysmon/Operational","user":{"name":"SYSTEM","domain":"NT AUTHORITY","type":"User","identifier":"S-1-5-18"},"provider_guid":"{5770385f-c22a-43e0-bf4c-06f5698ffbd9}","event_data":{"Image":"C:\\Windows\\Microsoft.NET\\Framework64\\v4.0.30319\\InstallUtil.exe","TargetObject":"HKLM\\System\\CurrentControlSet\\Services\\Tcpip\\Parameters","EventType":"CreateKey","UtcTime":"2019-10-28 02:31:43.845","ProcessGuid":"{a158f72c-530d-5db6-0000-001011f7af00}","ProcessId":"5204"},"record_id":271820,"task":"Registry object added or deleted (rule: RegistryEvent)","api":"wineventlog","version":2,"provider_name":"Microsoft-Windows-Sysmon","event_id":12},"event":{"kind":"event","code":12,"action":"Registry object added or deleted (rule: RegistryEvent)","created":"2019-10-28T02:31:45.564Z"}}
{"@timestamp":"2019-10-28T02:31:43.851Z","@metadata":{"beat":"winlogbeat","type":"_doc","version":"7.4.0","topic":"winlogbeat"},"agent":{"hostname":"WECServer","id":"f8e32ecf-6ac8-4748-86ec-f026490623c4","version":"7.4.0","type":"winlogbeat","ephemeral_id":"df5ad137-6594-4bd7-a3eb-e0eda670370c"},"ecs":{"version":"1.1.0"},"log":{"level":"information"},"message":"Image loaded:\nRuleName: \nUtcTime: 2019-10-28 02:31:43.845\nProcessGuid: {a158f72c-530d-5db6-0000-001011f7af00}\nProcessId: 5204\nImage: C:\\Windows\\Microsoft.NET\\Framework64\\v4.0.30319\\InstallUtil.exe\nImageLoaded: C:\\Windows\\System32\\FWPUCLNT.DLL\nFileVersion: 10.0.18362.1 (WinBuild.160101.0800)\nDescription: FWP/IPsec User-Mode API\nProduct: Microsoft Windows Operating System\nCompany: Microsoft Corporation\nOriginalFileName: fwpuclnt.dll\nHashes: SHA1=C68395ECAE77C4C5B7A72916DB832EDEFBF39865,MD5=93255E9E9FADB25AF7F1F814DB76D11A,SHA256=4F42808C45DA9088ABA2B7919E226FD38887B4EB06A240188B1BDA9A01CF576A,IMPHASH=AFD4C9F86C7354898594DD6BBF32C51F\nSigned: true\nSignature: Microsoft Windows\nSignatureStatus: Valid","winlog":{"api":"wineventlog","computer_name":"ACCT001.shire.com","user":{"name":"SYSTEM","domain":"NT AUTHORITY","type":"User","identifier":"S-1-5-18"},"event_data":{"ImageLoaded":"C:\\Windows\\System32\\FWPUCLNT.DLL","Description":"FWP/IPsec User-Mode API","UtcTime":"2019-10-28 02:31:43.845","ProcessGuid":"{a158f72c-530d-5db6-0000-001011f7af00}","Signature":"Microsoft Windows","OriginalFileName":"fwpuclnt.dll","Product":"Microsoft Windows Operating System","Signed":"true","ProcessId":"5204","Company":"Microsoft Corporation","Hashes":"SHA1=C68395ECAE77C4C5B7A72916DB832EDEFBF39865,MD5=93255E9E9FADB25AF7F1F814DB76D11A,SHA256=4F42808C45DA9088ABA2B7919E226FD38887B4EB06A240188B1BDA9A01CF576A,IMPHASH=AFD4C9F86C7354898594DD6BBF32C51F","Image":"C:\\Windows\\Microsoft.NET\\Framework64\\v4.0.30319\\InstallUtil.exe","FileVersion":"10.0.18362.1 (WinBuild.160101.0800)","SignatureStatus":"Valid"},"event_id":7,"process":{"pid":3208,"thread":{"id":5108}},"version":3,"record_id":271821,"provider_name":"Microsoft-Windows-Sysmon","task":"Image loaded (rule: ImageLoad)","provider_guid":"{5770385f-c22a-43e0-bf4c-06f5698ffbd9}","opcode":"Info","channel":"Microsoft-Windows-Sysmon/Operational"},"event":{"kind":"event","code":7,"action":"Image loaded (rule: ImageLoad)","created":"2019-10-28T02:31:45.564Z"},"host":{"name":"WECServer"}}
{"@timestamp":"2019-10-28T02:31:43.853Z","@metadata":{"beat":"winlogbeat","type":"_doc","version":"7.4.0","topic":"winlogbeat"},"log":{"level":"information"},"message":"Image loaded:\nRuleName: \nUtcTime: 2019-10-28 02:31:43.830\nProcessGuid: {a158f72c-530d-5db6-0000-001011f7af00}\nProcessId: 5204\nImage: C:\\Windows\\Microsoft.NET\\Framework64\\v4.0.30319\\InstallUtil.exe\nImageLoaded: C:\\Windows\\System32\\NapiNSP.dll\nFileVersion: 10.0.18362.1 (WinBuild.160101.0800)\nDescription: E-mail Naming Shim Provider\nProduct: Microsoft Windows Operating System\nCompany: Microsoft Corporation\nOriginalFileName: napinsp.dll\nHashes: SHA1=0A9F3A04C275DB1329E49B10AF0DE85CA74111C4,MD5=DC64F9420C5FF37E27D719BDC9757756,SHA256=97EA65EB716F44B8738B0A6AB70D9EB92F7DF8540BD76A76E8068E88FB24AF8E,IMPHASH=245E1B1597722D5672F6E6D8FEB5121F\nSigned: true\nSignature: Microsoft Windows\nSignatureStatus: Valid","ecs":{"version":"1.1.0"},"host":{"name":"WECServer"},"agent":{"version":"7.4.0","type":"winlogbeat","ephemeral_id":"df5ad137-6594-4bd7-a3eb-e0eda670370c","hostname":"WECServer","id":"f8e32ecf-6ac8-4748-86ec-f026490623c4"},"winlog":{"event_id":7,"opcode":"Info","version":3,"task":"Image loaded (rule: ImageLoad)","provider_name":"Microsoft-Windows-Sysmon","record_id":271822,"process":{"pid":3208,"thread":{"id":5116}},"api":"wineventlog","computer_name":"ACCT001.shire.com","provider_guid":"{5770385f-c22a-43e0-bf4c-06f5698ffbd9}","user":{"domain":"NT AUTHORITY","type":"User","identifier":"S-1-5-18","name":"SYSTEM"},"channel":"Microsoft-Windows-Sysmon/Operational","event_data":{"FileVersion":"10.0.18362.1 (WinBuild.160101.0800)","Hashes":"SHA1=0A9F3A04C275DB1329E49B10AF0DE85CA74111C4,MD5=DC64F9420C5FF37E27D719BDC9757756,SHA256=97EA65EB716F44B8738B0A6AB70D9EB92F7DF8540BD76A76E8068E88FB24AF8E,IMPHASH=245E1B1597722D5672F6E6D8FEB5121F","OriginalFileName":"napinsp.dll","Product":"Microsoft Windows Operating System","UtcTime":"2019-10-28 02:31:43.830","ProcessId":"5204","Signature":"Microsoft Windows","Description":"E-mail Naming Shim Provider","ImageLoaded":"C:\\Windows\\System32\\NapiNSP.dll","Company":"Microsoft Corporation","ProcessGuid":"{a158f72c-530d-5db6-0000-001011f7af00}","Signed":"true","SignatureStatus":"Valid","Image":"C:\\Windows\\Microsoft.NET\\Framework64\\v4.0.30319\\InstallUtil.exe"}},"event":{"kind":"event","code":7,"action":"Image loaded (rule: ImageLoad)","created":"2019-10-28T02:31:45.564Z"}}
{"@timestamp":"2019-10-28T02:31:43.859Z","@metadata":{"beat":"winlogbeat","type":"_doc","version":"7.4.0","topic":"winlogbeat"},"winlog":{"event_data":{"EventType":"CreateKey","UtcTime":"2019-10-28 02:31:43.845","ProcessGuid":"{a158f72c-530d-5db6-0000-001011f7af00}","ProcessId":"5204","Image":"C:\\Windows\\Microsoft.NET\\Framework64\\v4.0.30319\\InstallUtil.exe","TargetObject":"HKLM\\System\\CurrentControlSet\\Services\\Tcpip\\Parameters"},"channel":"Microsoft-Windows-Sysmon/Operational","opcode":"Info","event_id":12,"task":"Registry object added or deleted (rule: RegistryEvent)","api":"wineventlog","computer_name":"ACCT001.shire.com","user":{"identifier":"S-1-5-18","name":"SYSTEM","domain":"NT AUTHORITY","type":"User"},"provider_name":"Microsoft-Windows-Sysmon","process":{"pid":3208,"thread":{"id":5108}},"record_id":271823,"provider_guid":"{5770385f-c22a-43e0-bf4c-06f5698ffbd9}","version":2},"event":{"kind":"event","code":12,"action":"Registry object added or deleted (rule: RegistryEvent)","created":"2019-10-28T02:31:45.564Z"},"ecs":{"version":"1.1.0"},"host":{"name":"WECServer"},"agent":{"type":"winlogbeat","ephemeral_id":"df5ad137-6594-4bd7-a3eb-e0eda670370c","hostname":"WECServer","id":"f8e32ecf-6ac8-4748-86ec-f026490623c4","version":"7.4.0"},"log":{"level":"information"},"message":"Registry object added or deleted:\nRuleName: \nEventType: CreateKey\nUtcTime: 2019-10-28 02:31:43.845\nProcessGuid: {a158f72c-530d-5db6-0000-001011f7af00}\nProcessId: 5204\nImage: C:\\Windows\\Microsoft.NET\\Framework64\\v4.0.30319\\InstallUtil.exe\nTargetObject: HKLM\\System\\CurrentControlSet\\Services\\Tcpip\\Parameters"}
{"@timestamp":"2019-10-28T02:31:43.859Z","@metadata":{"beat":"winlogbeat","type":"_doc","version":"7.4.0","topic":"winlogbeat"},"ecs":{"version":"1.1.0"},"host":{"name":"WECServer"},"agent":{"type":"winlogbeat","ephemeral_id":"df5ad137-6594-4bd7-a3eb-e0eda670370c","hostname":"WECServer","id":"f8e32ecf-6ac8-4748-86ec-f026490623c4","version":"7.4.0"},"winlog":{"event_id":7,"api":"wineventlog","opcode":"Info","version":3,"user":{"identifier":"S-1-5-18","name":"SYSTEM","domain":"NT AUTHORITY","type":"User"},"channel":"Microsoft-Windows-Sysmon/Operational","task":"Image loaded (rule: ImageLoad)","computer_name":"ACCT001.shire.com","process":{"pid":3208,"thread":{"id":5116}},"event_data":{"ProcessGuid":"{a158f72c-530d-5db6-0000-001011f7af00}","OriginalFileName":"pnrpnsp.dll","Hashes":"SHA1=20D5B7A0EE68F90AFAD180EDDDD75BEF5AA1DF49,MD5=4CDF605AA79CFCC3F980316F2BE29EEE,SHA256=53D6996C37A647AB2DA1B8F775484032E9015A22EC3877C748242FD03F2FFE84,IMPHASH=F1136EAC0F92127A1F9879204AD29CA4","ImageLoaded":"C:\\Windows\\System32\\pnrpnsp.dll","Signature":"Microsoft Windows","Signed":"true","ProcessId":"5204","Company":"Microsoft Corporation","FileVersion":"10.0.18362.1 (WinBuild.160101.0800)","UtcTime":"2019-10-28 02:31:43.830","Image":"C:\\Windows\\Microsoft.NET\\Framework64\\v4.0.30319\\InstallUtil.exe","Description":"PNRP Name Space Provider","Product":"Microsoft Windows Operating System","SignatureStatus":"Valid"},"provider_name":"Microsoft-Windows-Sysmon","record_id":271824,"provider_guid":"{5770385f-c22a-43e0-bf4c-06f5698ffbd9}"},"event":{"kind":"event","code":7,"action":"Image loaded (rule: ImageLoad)","created":"2019-10-28T02:31:45.564Z"},"log":{"level":"information"},"message":"Image loaded:\nRuleName: \nUtcTime: 2019-10-28 02:31:43.830\nProcessGuid: {a158f72c-530d-5db6-0000-001011f7af00}\nProcessId: 5204\nImage: C:\\Windows\\Microsoft.NET\\Framework64\\v4.0.30319\\InstallUtil.exe\nImageLoaded: C:\\Windows\\System32\\pnrpnsp.dll\nFileVersion: 10.0.18362.1 (WinBuild.160101.0800)\nDescription: PNRP Name Space Provider\nProduct: Microsoft Windows Operating System\nCompany: Microsoft Corporation\nOriginalFileName: pnrpnsp.dll\nHashes: SHA1=20D5B7A0EE68F90AFAD180EDDDD75BEF5AA1DF49,MD5=4CDF605AA79CFCC3F980316F2BE29EEE,SHA256=53D6996C37A647AB2DA1B8F775484032E9015A22EC3877C748242FD03F2FFE84,IMPHASH=F1136EAC0F92127A1F9879204AD29CA4\nSigned: true\nSignature: Microsoft Windows\nSignatureStatus: Valid"}
{"@timestamp":"2019-10-28T02:31:43.859Z","@metadata":{"beat":"winlogbeat","type":"_doc","version":"7.4.0","topic":"winlogbeat"},"log":{"level":"information"},"host":{"name":"WECServer"},"agent":{"id":"f8e32ecf-6ac8-4748-86ec-f026490623c4","version":"7.4.0","type":"winlogbeat","ephemeral_id":"df5ad137-6594-4bd7-a3eb-e0eda670370c","hostname":"WECServer"},"ecs":{"version":"1.1.0"},"message":"Image loaded:\nRuleName: \nUtcTime: 2019-10-28 02:31:43.845\nProcessGuid: {a158f72c-530d-5db6-0000-001011f7af00}\nProcessId: 5204\nImage: C:\\Windows\\Microsoft.NET\\Framework64\\v4.0.30319\\InstallUtil.exe\nImageLoaded: C:\\Windows\\System32\\secur32.dll\nFileVersion: 10.0.18362.1 (WinBuild.160101.0800)\nDescription: Security Support Provider Interface\nProduct: Microsoft Windows Operating System\nCompany: Microsoft Corporation\nOriginalFileName: secur32.dll\nHashes: SHA1=BB449564B72F3687C311648D8E5C02EDD5D51D96,MD5=2C98AA00D1633E9AFAEAABA6CC87F287,SHA256=5DD8571132EF404927ADF7A1AC7EB26823D89271F62883F1E56C6EEEABC3D466,IMPHASH=F90C2A389F295606533D615109FB248B\nSigned: true\nSignature: Microsoft Windows\nSignatureStatus: Valid","winlog":{"provider_name":"Microsoft-Windows-Sysmon","task":"Image loaded (rule: ImageLoad)","computer_name":"ACCT001.shire.com","channel":"Microsoft-Windows-Sysmon/Operational","event_id":7,"opcode":"Info","provider_guid":"{5770385f-c22a-43e0-bf4c-06f5698ffbd9}","user":{"domain":"NT AUTHORITY","type":"User","identifier":"S-1-5-18","name":"SYSTEM"},"event_data":{"Product":"Microsoft Windows Operating System","Signed":"true","FileVersion":"10.0.18362.1 (WinBuild.160101.0800)","Description":"Security Support Provider Interface","Company":"Microsoft Corporation","ProcessId":"5204","ProcessGuid":"{a158f72c-530d-5db6-0000-001011f7af00}","ImageLoaded":"C:\\Windows\\System32\\secur32.dll","OriginalFileName":"secur32.dll","Hashes":"SHA1=BB449564B72F3687C311648D8E5C02EDD5D51D96,MD5=2C98AA00D1633E9AFAEAABA6CC87F287,SHA256=5DD8571132EF404927ADF7A1AC7EB26823D89271F62883F1E56C6EEEABC3D466,IMPHASH=F90C2A389F295606533D615109FB248B","SignatureStatus":"Valid","Signature":"Microsoft Windows","UtcTime":"2019-10-28 02:31:43.845","Image":"C:\\Windows\\Microsoft.NET\\Framework64\\v4.0.30319\\InstallUtil.exe"},"record_id":271825,"api":"wineventlog","version":3,"process":{"thread":{"id":5108},"pid":3208}},"event":{"kind":"event","code":7,"action":"Image loaded (rule: ImageLoad)","created":"2019-10-28T02:31:45.564Z"}}
{"@timestamp":"2019-10-28T02:31:43.867Z","@metadata":{"beat":"winlogbeat","type":"_doc","version":"7.4.0","topic":"winlogbeat"},"log":{"level":"information"},"message":"Image loaded:\nRuleName: \nUtcTime: 2019-10-28 02:31:43.845\nProcessGuid: {a158f72c-530d-5db6-0000-001011f7af00}\nProcessId: 5204\nImage: C:\\Windows\\Microsoft.NET\\Framework64\\v4.0.30319\\InstallUtil.exe\nImageLoaded: C:\\Windows\\System32\\winrnr.dll\nFileVersion: 10.0.18362.1 (WinBuild.160101.0800)\nDescription: LDAP RnR Provider DLL\nProduct: Microsoft Windows Operating System\nCompany: Microsoft Corporation\nOriginalFileName: winrnr\nHashes: SHA1=3F5B89D21F8766AC5655570498EE8888FC1CD38B,MD5=4CC3B1AEE5AF09FDAB0F89DD21A7E7AA,SHA256=0CE5DE9525699EFA35D7378472391BE583E3CB160557EB5908FDD5F6A38324F9,IMPHASH=C4ECC2B1C9A2FA6DFF891B5094DA20A9\nSigned: true\nSignature: Microsoft Windows\nSignatureStatus: Valid","winlog":{"provider_name":"Microsoft-Windows-Sysmon","user":{"type":"User","identifier":"S-1-5-18","name":"SYSTEM","domain":"NT AUTHORITY"},"task":"Image loaded (rule: ImageLoad)","computer_name":"ACCT001.shire.com","provider_guid":"{5770385f-c22a-43e0-bf4c-06f5698ffbd9}","process":{"thread":{"id":5116},"pid":3208},"event_data":{"ProcessId":"5204","Product":"Microsoft Windows Operating System","Image":"C:\\Windows\\Microsoft.NET\\Framework64\\v4.0.30319\\InstallUtil.exe","OriginalFileName":"winrnr","Company":"Microsoft Corporation","ProcessGuid":"{a158f72c-530d-5db6-0000-001011f7af00}","Signed":"true","Signature":"Microsoft Windows","UtcTime":"2019-10-28 02:31:43.845","ImageLoaded":"C:\\Windows\\System32\\winrnr.dll","FileVersion":"10.0.18362.1 (WinBuild.160101.0800)","Description":"LDAP RnR Provider DLL","Hashes":"SHA1=3F5B89D21F8766AC5655570498EE8888FC1CD38B,MD5=4CC3B1AEE5AF09FDAB0F89DD21A7E7AA,SHA256=0CE5DE9525699EFA35D7378472391BE583E3CB160557EB5908FDD5F6A38324F9,IMPHASH=C4ECC2B1C9A2FA6DFF891B5094DA20A9","SignatureStatus":"Valid"},"api":"wineventlog","channel":"Microsoft-Windows-Sysmon/Operational","record_id":271826,"opcode":"Info","version":3,"event_id":7},"ecs":{"version":"1.1.0"},"host":{"name":"WECServer"},"agent":{"type":"winlogbeat","ephemeral_id":"df5ad137-6594-4bd7-a3eb-e0eda670370c","hostname":"WECServer","id":"f8e32ecf-6ac8-4748-86ec-f026490623c4","version":"7.4.0"},"event":{"action":"Image loaded (rule: ImageLoad)","created":"2019-10-28T02:31:45.564Z","kind":"event","code":7}}
{"@timestamp":"2019-10-28T02:31:43.873Z","@metadata":{"beat":"winlogbeat","type":"_doc","version":"7.4.0","topic":"winlogbeat"},"host":{"name":"WECServer"},"agent":{"type":"winlogbeat","ephemeral_id":"df5ad137-6594-4bd7-a3eb-e0eda670370c","hostname":"WECServer","id":"f8e32ecf-6ac8-4748-86ec-f026490623c4","version":"7.4.0"},"winlog":{"process":{"pid":3208,"thread":{"id":5116}},"user":{"type":"User","identifier":"S-1-5-18","name":"SYSTEM","domain":"NT AUTHORITY"},"provider_name":"Microsoft-Windows-Sysmon","task":"Image loaded (rule: ImageLoad)","opcode":"Info","computer_name":"ACCT001.shire.com","version":3,"api":"wineventlog","channel":"Microsoft-Windows-Sysmon/Operational","event_id":7,"provider_guid":"{5770385f-c22a-43e0-bf4c-06f5698ffbd9}","event_data":{"Signature":"Microsoft Windows","FileVersion":"10.0.18362.1 (WinBuild.160101.0800)","Hashes":"SHA1=29A94684A9430A17376F6AD7FD6683C8632F4A84,MD5=E7D435999C45E1BE48B2AA4A8224FBF9,SHA256=5E6D0F371594B4388C51D5153D7209EF9A8E691E669C6A6499C97EC33B290FD4,IMPHASH=5962EB683BA24539103F0527FFB20DA9","Signed":"true","ImageLoaded":"C:\\Windows\\System32\\wshbth.dll","ProcessGuid":"{a158f72c-530d-5db6-0000-001011f7af00}","OriginalFileName":"wshbth.dll","Company":"Microsoft Corporation","Image":"C:\\Windows\\Microsoft.NET\\Framework64\\v4.0.30319\\InstallUtil.exe","Description":"Windows Sockets Helper DLL","SignatureStatus":"Valid","Product":"Microsoft Windows Operating System","ProcessId":"5204","UtcTime":"2019-10-28 02:31:43.845"},"record_id":271827},"event":{"code":7,"action":"Image loaded (rule: ImageLoad)","created":"2019-10-28T02:31:46.571Z","kind":"event"},"log":{"level":"information"},"message":"Image loaded:\nRuleName: \nUtcTime: 2019-10-28 02:31:43.845\nProcessGuid: {a158f72c-530d-5db6-0000-001011f7af00}\nProcessId: 5204\nImage: C:\\Windows\\Microsoft.NET\\Framework64\\v4.0.30319\\InstallUtil.exe\nImageLoaded: C:\\Windows\\System32\\wshbth.dll\nFileVersion: 10.0.18362.1 (WinBuild.160101.0800)\nDescription: Windows Sockets Helper DLL\nProduct: Microsoft Windows Operating System\nCompany: Microsoft Corporation\nOriginalFileName: wshbth.dll\nHashes: SHA1=29A94684A9430A17376F6AD7FD6683C8632F4A84,MD5=E7D435999C45E1BE48B2AA4A8224FBF9,SHA256=5E6D0F371594B4388C51D5153D7209EF9A8E691E669C6A6499C97EC33B290FD4,IMPHASH=5962EB683BA24539103F0527FFB20DA9\nSigned: true\nSignature: Microsoft Windows\nSignatureStatus: Valid","ecs":{"version":"1.1.0"}}
{"@timestamp":"2019-10-28T02:31:43.971Z","@metadata":{"beat":"winlogbeat","type":"_doc","version":"7.4.0","topic":"winlogbeat"},"winlog":{"task":"Network connection detected (rule: NetworkConnect)","opcode":"Info","event_data":{"DestinationHostname":"ip-172-18-39-8.ec2.internal","Image":"C:\\Windows\\Microsoft.NET\\Framework64\\v4.0.30319\\InstallUtil.exe","SourceIsIpv6":"false","UtcTime":"2019-10-28 02:31:41.537","SourcePort":"54984","Initiated":"true","DestinationPort":"80","SourceIp":"172.18.39.100","ProcessGuid":"{a158f72c-530d-5db6-0000-001011f7af00}","ProcessId":"5204","DestinationIsIpv6":"false","User":"shire\\lrodriguez","SourceHostname":"ACCT001.shire.com","Protocol":"tcp","DestinationIp":"172.18.39.8","DestinationPortName":"http"},"provider_name":"Microsoft-Windows-Sysmon","record_id":271828,"computer_name":"ACCT001.shire.com","provider_guid":"{5770385f-c22a-43e0-bf4c-06f5698ffbd9}","version":5,"process":{"pid":3208,"thread":{"id":4268}},"event_id":3,"api":"wineventlog","user":{"type":"User","identifier":"S-1-5-18","name":"SYSTEM","domain":"NT AUTHORITY"},"channel":"Microsoft-Windows-Sysmon/Operational"},"event":{"code":3,"action":"Network connection detected (rule: NetworkConnect)","created":"2019-10-28T02:31:46.571Z","kind":"event"},"ecs":{"version":"1.1.0"},"host":{"name":"WECServer"},"agent":{"hostname":"WECServer","id":"f8e32ecf-6ac8-4748-86ec-f026490623c4","version":"7.4.0","type":"winlogbeat","ephemeral_id":"df5ad137-6594-4bd7-a3eb-e0eda670370c"},"log":{"level":"information"},"message":"Network connection detected:\nRuleName: \nUtcTime: 2019-10-28 02:31:41.537\nProcessGuid: {a158f72c-530d-5db6-0000-001011f7af00}\nProcessId: 5204\nImage: C:\\Windows\\Microsoft.NET\\Framework64\\v4.0.30319\\InstallUtil.exe\nUser: shire\\lrodriguez\nProtocol: tcp\nInitiated: true\nSourceIsIpv6: false\nSourceIp: 172.18.39.100\nSourceHostname: ACCT001.shire.com\nSourcePort: 54984\nSourcePortName: \nDestinationIsIpv6: false\nDestinationIp: 172.18.39.8\nDestinationHostname: ip-172-18-39-8.ec2.internal\nDestinationPort: 80\nDestinationPortName: http"}
{"@timestamp":"2019-10-28T02:31:43.971Z","@metadata":{"beat":"winlogbeat","type":"_doc","version":"7.4.0","topic":"winlogbeat"},"log":{"level":"information"},"message":"Network connection detected:\nRuleName: \nUtcTime: 2019-10-28 02:31:41.636\nProcessGuid: {a158f72c-a393-5db5-0000-0010a4240200}\nProcessId: 3256\nImage: C:\\Windows\\System32\\svchost.exe\nUser: NT AUTHORITY\\NETWORK SERVICE\nProtocol: tcp\nInitiated: true\nSourceIsIpv6: false\nSourceIp: 172.18.39.100\nSourceHostname: ACCT001.shire.com\nSourcePort: 54985\nSourcePortName: \nDestinationIsIpv6: false\nDestinationIp: 172.18.39.102\nDestinationHostname: ip-172-18-39-102.ec2.internal\nDestinationPort: 5985\nDestinationPortName: ","ecs":{"version":"1.1.0"},"host":{"name":"WECServer"},"agent":{"id":"f8e32ecf-6ac8-4748-86ec-f026490623c4","version":"7.4.0","type":"winlogbeat","ephemeral_id":"df5ad137-6594-4bd7-a3eb-e0eda670370c","hostname":"WECServer"},"winlog":{"channel":"Microsoft-Windows-Sysmon/Operational","provider_name":"Microsoft-Windows-Sysmon","opcode":"Info","process":{"thread":{"id":4268},"pid":3208},"user":{"identifier":"S-1-5-18","name":"SYSTEM","domain":"NT AUTHORITY","type":"User"},"event_id":3,"record_id":271829,"provider_guid":"{5770385f-c22a-43e0-bf4c-06f5698ffbd9}","computer_name":"ACCT001.shire.com","task":"Network connection detected (rule: NetworkConnect)","api":"wineventlog","version":5,"event_data":{"Protocol":"tcp","DestinationPort":"5985","SourceIsIpv6":"false","SourceIp":"172.18.39.100","UtcTime":"2019-10-28 02:31:41.636","ProcessGuid":"{a158f72c-a393-5db5-0000-0010a4240200}","SourceHostname":"ACCT001.shire.com","Initiated":"true","User":"NT AUTHORITY\\NETWORK SERVICE","ProcessId":"3256","DestinationIsIpv6":"false","DestinationIp":"172.18.39.102","SourcePort":"54985","DestinationHostname":"ip-172-18-39-102.ec2.internal","Image":"C:\\Windows\\System32\\svchost.exe"}},"event":{"code":3,"action":"Network connection detected (rule: NetworkConnect)","created":"2019-10-28T02:31:46.571Z","kind":"event"}}
{"@timestamp":"2019-10-28T02:31:43.971Z","@metadata":{"beat":"winlogbeat","type":"_doc","version":"7.4.0","topic":"winlogbeat"},"agent":{"type":"winlogbeat","ephemeral_id":"df5ad137-6594-4bd7-a3eb-e0eda670370c","hostname":"WECServer","id":"f8e32ecf-6ac8-4748-86ec-f026490623c4","version":"7.4.0"},"ecs":{"version":"1.1.0"},"host":{"name":"WECServer"},"winlog":{"provider_name":"Microsoft-Windows-Sysmon","api":"wineventlog","opcode":"Info","provider_guid":"{5770385f-c22a-43e0-bf4c-06f5698ffbd9}","process":{"pid":3208,"thread":{"id":4268}},"event_id":3,"computer_name":"ACCT001.shire.com","user":{"domain":"NT AUTHORITY","type":"User","identifier":"S-1-5-18","name":"SYSTEM"},"event_data":{"UtcTime":"2019-10-28 02:31:41.638","DestinationHostname":"ip-172-18-39-102.ec2.internal","DestinationPort":"5985","ProcessGuid":"{a158f72c-a393-5db5-0000-0010a4240200}","SourceIsIpv6":"false","DestinationIp":"172.18.39.102","Image":"C:\\Windows\\System32\\svchost.exe","ProcessId":"3256","SourcePort":"54986","Protocol":"tcp","DestinationIsIpv6":"false","SourceIp":"172.18.39.100","User":"NT AUTHORITY\\NETWORK SERVICE","Initiated":"true","SourceHostname":"ACCT001.shire.com"},"channel":"Microsoft-Windows-Sysmon/Operational","version":5,"record_id":271830,"task":"Network connection detected (rule: NetworkConnect)"},"event":{"kind":"event","code":3,"action":"Network connection detected (rule: NetworkConnect)","created":"2019-10-28T02:31:46.571Z"},"log":{"level":"information"},"message":"Network connection detected:\nRuleName: \nUtcTime: 2019-10-28 02:31:41.638\nProcessGuid: {a158f72c-a393-5db5-0000-0010a4240200}\nProcessId: 3256\nImage: C:\\Windows\\System32\\svchost.exe\nUser: NT AUTHORITY\\NETWORK SERVICE\nProtocol: tcp\nInitiated: true\nSourceIsIpv6: false\nSourceIp: 172.18.39.100\nSourceHostname: ACCT001.shire.com\nSourcePort: 54986\nSourcePortName: \nDestinationIsIpv6: false\nDestinationIp: 172.18.39.102\nDestinationHostname: ip-172-18-39-102.ec2.internal\nDestinationPort: 5985\nDestinationPortName: "}
{"@timestamp":"2019-10-28T02:31:44.277Z","@metadata":{"beat":"winlogbeat","type":"_doc","version":"7.4.0","topic":"winlogbeat"},"event":{"created":"2019-10-28T02:31:46.571Z","kind":"event","code":10,"action":"Process accessed (rule: ProcessAccess)"},"log":{"level":"information"},"message":"Process accessed:\nRuleName: \nUtcTime: 2019-10-28 02:31:44.277\nSourceProcessGUID: {a158f72c-a3a8-5db5-0000-001005670200}\nSourceProcessId: 3604\nSourceThreadId: 3688\nSourceImage: C:\\Windows\\System32\\svchost.exe\nTargetProcessGUID: {a158f72c-a3a7-5db5-0000-0010ab1f0200}\nTargetProcessId: 3112\nTargetImage: C:\\Program Files\\Amazon\\Ec2ConfigService\\Ec2Config.exe\nGrantedAccess: 0x1400\nCallTrace: C:\\Windows\\SYSTEM32\\ntdll.dll+9c524|C:\\Windows\\System32\\KERNELBASE.dll+2730e|c:\\windows\\system32\\rasmans.dll+3751b|c:\\windows\\system32\\rasmans.dll+36fad|c:\\windows\\system32\\rasmans.dll+10ed8|c:\\windows\\system32\\rasmans.dll+33cd5|C:\\Windows\\System32\\svchost.exe+314c|C:\\Windows\\System32\\sechost.dll+2de2|C:\\Windows\\System32\\KERNEL32.DLL+17944|C:\\Windows\\SYSTEM32\\ntdll.dll+6ce71","host":{"name":"WECServer"},"agent":{"hostname":"WECServer","id":"f8e32ecf-6ac8-4748-86ec-f026490623c4","version":"7.4.0","type":"winlogbeat","ephemeral_id":"df5ad137-6594-4bd7-a3eb-e0eda670370c"},"ecs":{"version":"1.1.0"},"winlog":{"event_id":10,"provider_name":"Microsoft-Windows-Sysmon","record_id":200353,"computer_name":"IT001.shire.com","channel":"Microsoft-Windows-Sysmon/Operational","user":{"identifier":"S-1-5-18","name":"SYSTEM","domain":"NT AUTHORITY","type":"User"},"process":{"pid":3196,"thread":{"id":4324}},"task":"Process accessed (rule: ProcessAccess)","api":"wineventlog","opcode":"Info","provider_guid":"{5770385f-c22a-43e0-bf4c-06f5698ffbd9}","version":3,"event_data":{"SourceProcessGUID":"{a158f72c-a3a8-5db5-0000-001005670200}","SourceThreadId":"3688","TargetProcessId":"3112","UtcTime":"2019-10-28 02:31:44.277","SourceProcessId":"3604","TargetProcessGUID":"{a158f72c-a3a7-5db5-0000-0010ab1f0200}","TargetImage":"C:\\Program Files\\Amazon\\Ec2ConfigService\\Ec2Config.exe","GrantedAccess":"0x1400","SourceImage":"C:\\Windows\\System32\\svchost.exe","CallTrace":"C:\\Windows\\SYSTEM32\\ntdll.dll+9c524|C:\\Windows\\System32\\KERNELBASE.dll+2730e|c:\\windows\\system32\\rasmans.dll+3751b|c:\\windows\\system32\\rasmans.dll+36fad|c:\\windows\\system32\\rasmans.dll+10ed8|c:\\windows\\system32\\rasmans.dll+33cd5|C:\\Windows\\System32\\svchost.exe+314c|C:\\Windows\\System32\\sechost.dll+2de2|C:\\Windows\\System32\\KERNEL32.DLL+17944|C:\\Windows\\SYSTEM32\\ntdll.dll+6ce71"}}}
{"@timestamp":"2019-10-28T02:31:44.349Z","@metadata":{"beat":"winlogbeat","type":"_doc","version":"7.4.0","topic":"winlogbeat"},"log":{"level":"information"},"message":"An account was logged off.\n\nSubject:\n\tSecurity ID:\t\tS-1-5-21-2379224252-1048547738-3559495803-1116\n\tAccount Name:\t\tFILE001$\n\tAccount Domain:\t\tshire\n\tLogon ID:\t\t0xB15E71\n\nLogon Type:\t\t\t3\n\nThis event is generated when a logon session is destroyed. It may be positively correlated with a logon event using the Logon ID value. Logon IDs are only unique between reboots on the same computer.","host":{"name":"WECServer"},"agent":{"type":"winlogbeat","ephemeral_id":"df5ad137-6594-4bd7-a3eb-e0eda670370c","hostname":"WECServer","id":"f8e32ecf-6ac8-4748-86ec-f026490623c4","version":"7.4.0"},"ecs":{"version":"1.1.0"},"winlog":{"record_id":116091,"task":"Logoff","api":"wineventlog","provider_name":"Microsoft-Windows-Security-Auditing","provider_guid":"{54849625-5478-4994-a5ba-3e3b0328c30d}","opcode":"Info","channel":"Security","process":{"pid":776,"thread":{"id":1652}},"event_id":4634,"computer_name":"HFDC01.shire.com","keywords":["Audit Success"],"event_data":{"TargetUserName":"FILE001$","TargetDomainName":"shire","TargetLogonId":"0xb15e71","LogonType":"3","TargetUserSid":"S-1-5-21-2379224252-1048547738-3559495803-1116"}},"event":{"created":"2019-10-28T02:31:46.571Z","kind":"event","code":4634,"action":"Logoff"}}
{"@timestamp":"2019-10-28T02:31:44.340Z","@metadata":{"beat":"winlogbeat","type":"_doc","version":"7.4.0","topic":"winlogbeat"},"host":{"name":"WECServer"},"agent":{"ephemeral_id":"df5ad137-6594-4bd7-a3eb-e0eda670370c","hostname":"WECServer","id":"f8e32ecf-6ac8-4748-86ec-f026490623c4","version":"7.4.0","type":"winlogbeat"},"event":{"code":5158,"action":"Filtering Platform Connection","created":"2019-10-28T02:31:46.571Z","kind":"event"},"log":{"level":"information"},"message":"The Windows Filtering Platform has permitted a bind to a local port.\n\nApplication Information:\n\tProcess ID:\t\t3112\n\tApplication Name:\t\\device\\harddiskvolume2\\program files\\amazon\\ec2configservice\\ec2config.exe\n\nNetwork Information:\n\tSource Address:\t\t0.0.0.0\n\tSource Port:\t\t54294\n\tProtocol:\t\t6\n\nFilter Information:\n\tFilter Run-Time ID:\t0\n\tLayer Name:\t\tResource Assignment\n\tLayer Run-Time ID:\t36","winlog":{"process":{"pid":4,"thread":{"id":6972}},"channel":"security","record_id":35724,"event_data":{"LayerName":"%%14608","LayerRTID":"36","ProcessId":"3112","Application":"\\device\\harddiskvolume2\\program files\\amazon\\ec2configservice\\ec2config.exe","SourceAddress":"0.0.0.0","SourcePort":"54294","Protocol":"6","FilterRTID":"0"},"provider_name":"Microsoft-Windows-Security-Auditing","provider_guid":"{54849625-5478-4994-a5ba-3e3b0328c30d}","api":"wineventlog","computer_name":"IT001.shire.com","keywords":["Audit Success"],"opcode":"Info","event_id":5158,"task":"Filtering Platform Connection"},"ecs":{"version":"1.1.0"}}
{"@timestamp":"2019-10-28T02:31:44.340Z","@metadata":{"beat":"winlogbeat","type":"_doc","version":"7.4.0","topic":"winlogbeat"},"log":{"level":"information"},"message":"The Windows Filtering Platform has permitted a connection.\n\nApplication Information:\n\tProcess ID:\t\t3112\n\tApplication Name:\t\\device\\harddiskvolume2\\program files\\amazon\\ec2configservice\\ec2config.exe\n\nNetwork Information:\n\tDirection:\t\tOutbound\n\tSource Address:\t\t172.18.39.105\n\tSource Port:\t\t54294\n\tDestination Address:\t169.254.169.254\n\tDestination Port:\t\t80\n\tProtocol:\t\t6\n\nFilter Information:\n\tFilter Run-Time ID:\t67260\n\tLayer Name:\t\tConnect\n\tLayer Run-Time ID:\t48","ecs":{"version":"1.1.0"},"host":{"name":"WECServer"},"agent":{"id":"f8e32ecf-6ac8-4748-86ec-f026490623c4","version":"7.4.0","type":"winlogbeat","ephemeral_id":"df5ad137-6594-4bd7-a3eb-e0eda670370c","hostname":"WECServer"},"winlog":{"keywords":["Audit Success"],"provider_guid":"{54849625-5478-4994-a5ba-3e3b0328c30d}","event_data":{"SourceAddress":"172.18.39.105","LayerName":"%%14611","RemoteMachineID":"S-1-0-0","ProcessID":"3112","DestAddress":"169.254.169.254","LayerRTID":"48","Application":"\\device\\harddiskvolume2\\program files\\amazon\\ec2configservice\\ec2config.exe","Protocol":"6","DestPort":"80","SourcePort":"54294","FilterRTID":"67260","RemoteUserID":"S-1-0-0","Direction":"%%14593"},"api":"wineventlog","computer_name":"IT001.shire.com","event_id":5156,"provider_name":"Microsoft-Windows-Security-Auditing","channel":"security","opcode":"Info","record_id":35725,"task":"Filtering Platform Connection","version":1,"process":{"thread":{"id":6972},"pid":4}},"event":{"kind":"event","code":5156,"action":"Filtering Platform Connection","created":"2019-10-28T02:31:46.571Z"}}
{"@timestamp":"2019-10-28T02:31:45.424Z","@metadata":{"beat":"winlogbeat","type":"_doc","version":"7.4.0","topic":"winlogbeat"},"message":"Dns query:\nRuleName: \nUtcTime: 2019-10-28 02:31:43.121\nProcessGuid: {a158f72c-530d-5db6-0000-001011f7af00}\nProcessId: 5204\nQueryName: ACCT001\nQueryStatus: 0\nQueryResults: fe80::6867:f52c:ad07:3c81;::ffff:172.18.39.100;\nImage: C:\\Windows\\Microsoft.NET\\Framework64\\v4.0.30319\\InstallUtil.exe","ecs":{"version":"1.1.0"},"host":{"name":"WECServer"},"agent":{"hostname":"WECServer","id":"f8e32ecf-6ac8-4748-86ec-f026490623c4","version":"7.4.0","type":"winlogbeat","ephemeral_id":"df5ad137-6594-4bd7-a3eb-e0eda670370c"},"winlog":{"event_data":{"QueryResults":"fe80::6867:f52c:ad07:3c81;::ffff:172.18.39.100;","Image":"C:\\Windows\\Microsoft.NET\\Framework64\\v4.0.30319\\InstallUtil.exe","UtcTime":"2019-10-28 02:31:43.121","ProcessGuid":"{a158f72c-530d-5db6-0000-001011f7af00}","ProcessId":"5204","QueryName":"ACCT001","QueryStatus":"0"},"channel":"Microsoft-Windows-Sysmon/Operational","task":"Dns query (rule: DnsQuery)","opcode":"Info","process":{"pid":3208,"thread":{"id":4292}},"provider_name":"Microsoft-Windows-Sysmon","record_id":271831,"computer_name":"ACCT001.shire.com","user":{"name":"SYSTEM","domain":"NT AUTHORITY","type":"User","identifier":"S-1-5-18"},"event_id":22,"api":"wineventlog","provider_guid":"{5770385f-c22a-43e0-bf4c-06f5698ffbd9}","version":5},"event":{"kind":"event","code":22,"action":"Dns query (rule: DnsQuery)","created":"2019-10-28T02:31:47.574Z"},"log":{"level":"information"}}
{"@timestamp":"2019-10-28T02:31:46.472Z","@metadata":{"beat":"winlogbeat","type":"_doc","version":"7.4.0","topic":"winlogbeat"},"agent":{"ephemeral_id":"df5ad137-6594-4bd7-a3eb-e0eda670370c","hostname":"WECServer","id":"f8e32ecf-6ac8-4748-86ec-f026490623c4","version":"7.4.0","type":"winlogbeat"},"winlog":{"provider_guid":"{5770385f-c22a-43e0-bf4c-06f5698ffbd9}","api":"wineventlog","record_id":271832,"version":3,"event_id":10,"task":"Process accessed (rule: ProcessAccess)","computer_name":"ACCT001.shire.com","opcode":"Info","user":{"identifier":"S-1-5-18","name":"SYSTEM","domain":"NT AUTHORITY","type":"User"},"channel":"Microsoft-Windows-Sysmon/Operational","process":{"pid":3208,"thread":{"id":5108}},"event_data":{"UtcTime":"2019-10-28 02:31:46.471","SourceProcessGUID":"{a158f72c-a3a1-5db5-0000-0010e67e0800}","SourceImage":"C:\\Windows\\Explorer.EXE","TargetProcessId":"2648","SourceThreadId":"5828","TargetImage":"C:\\Windows\\SystemApps\\InputApp_cw5n1h2txyewy\\WindowsInternal.ComposableShell.Experiences.TextInput.InputApp.exe","CallTrace":"C:\\Windows\\SYSTEM32\\ntdll.dll+9c524|C:\\Windows\\System32\\KERNELBASE.dll+2730e|C:\\Windows\\system32\\twinui.dll+72169|C:\\Windows\\SYSTEM32\\ntdll.dll+30739|C:\\Windows\\SYSTEM32\\ntdll.dll+345c4|C:\\Windows\\System32\\KERNEL32.DLL+17944|C:\\Windows\\SYSTEM32\\ntdll.dll+6ce71","GrantedAccess":"0x2000","TargetProcessGUID":"{a158f72c-3a3a-5db6-0000-001026ad8900}","SourceProcessId":"5616"},"provider_name":"Microsoft-Windows-Sysmon"},"event":{"created":"2019-10-28T02:31:49.593Z","kind":"event","code":10,"action":"Process accessed (rule: ProcessAccess)"},"log":{"level":"information"},"message":"Process accessed:\nRuleName: \nUtcTime: 2019-10-28 02:31:46.471\nSourceProcessGUID: {a158f72c-a3a1-5db5-0000-0010e67e0800}\nSourceProcessId: 5616\nSourceThreadId: 5828\nSourceImage: C:\\Windows\\Explorer.EXE\nTargetProcessGUID: {a158f72c-3a3a-5db6-0000-001026ad8900}\nTargetProcessId: 2648\nTargetImage: C:\\Windows\\SystemApps\\InputApp_cw5n1h2txyewy\\WindowsInternal.ComposableShell.Experiences.TextInput.InputApp.exe\nGrantedAccess: 0x2000\nCallTrace: C:\\Windows\\SYSTEM32\\ntdll.dll+9c524|C:\\Windows\\System32\\KERNELBASE.dll+2730e|C:\\Windows\\system32\\twinui.dll+72169|C:\\Windows\\SYSTEM32\\ntdll.dll+30739|C:\\Windows\\SYSTEM32\\ntdll.dll+345c4|C:\\Windows\\System32\\KERNEL32.DLL+17944|C:\\Windows\\SYSTEM32\\ntdll.dll+6ce71","ecs":{"version":"1.1.0"},"host":{"name":"WECServer"}}
