{"@timestamp":"2019-10-28T02:32:03.635Z","@metadata":{"beat":"winlogbeat","type":"_doc","version":"7.4.0","topic":"winlogbeat"},"log":{"level":"information"},"message":"Process accessed:\nRuleName: \nUtcTime: 2019-10-28 02:32:03.627\nSourceProcessGUID: {a158f72c-a3a1-5db5-0000-0010e67e0800}\nSourceProcessId: 5616\nSourceThreadId: 5332\nSourceImage: C:\\Windows\\Explorer.EXE\nTargetProcessGUID: {a158f72c-3a9b-5db6-0000-001001de8b00}\nTargetProcessId: 2780\nTargetImage: C:\\Windows\\System32\\WindowsPowerShell\\v1.0\\powershell.exe\nGrantedAccess: 0x1000\nCallTrace: C:\\Windows\\SYSTEM32\\ntdll.dll+9c524|C:\\Windows\\System32\\KERNELBASE.dll+2730e|C:\\Windows\\SYSTEM32\\TWINAPI.dll+6cd1|C:\\Windows\\system32\\twinui.pcshell.dll+3d8e0|C:\\Windows\\system32\\twinui.pcshell.dll+3d0e2|C:\\Windows\\system32\\twinui.dll+17a5b|C:\\Windows\\system32\\twinui.dll+1759c|C:\\Windows\\system32\\twinui.dll+6853a|C:\\Windows\\system32\\twinui.dll+17059|C:\\Windows\\system32\\twinui.dll+1719b|C:\\Windows\\system32\\twinui.dll+1711d|C:\\Windows\\System32\\USER32.dll+1681d|C:\\Windows\\System32\\USER32.dll+16212|C:\\Windows\\System32\\windows.immersiveshell.serviceprovider.dll+44d0|C:\\Windows\\System32\\windows.immersiveshell.serviceprovider.dll+409d|C:\\Windows\\System32\\windows.immersiveshell.serviceprovider.dll+3e4f|C:\\Windows\\System32\\KERNEL32.DLL+17944|C:\\Windows\\SYSTEM32\\ntdll.dll+6ce71","ecs":{"version":"1.1.0"},"host":{"name":"WECServer"},"agent":{"hostname":"WECServer","id":"f8e32ecf-6ac8-4748-86ec-f026490623c4","version":"7.4.0","type":"winlogbeat","ephemeral_id":"df5ad137-6594-4bd7-a3eb-e0eda670370c"},"winlog":{"channel":"Microsoft-Windows-Sysmon/Operational","provider_guid":"{5770385f-c22a-43e0-bf4c-06f5698ffbd9}","computer_name":"ACCT001.shire.com","task":"Process accessed (rule: ProcessAccess)","api":"wineventlog","version":3,"process":{"pid":3208,"thread":{"id":5108}},"user":{"identifier":"S-1-5-18","name":"SYSTEM","domain":"NT AUTHORITY","type":"User"},"event_data":{"TargetImage":"C:\\Windows\\System32\\WindowsPowerShell\\v1.0\\powershell.exe","UtcTime":"2019-10-28 02:32:03.627","CallTrace":"C:\\Windows\\SYSTEM32\\ntdll.dll+9c524|C:\\Windows\\System32\\KERNELBASE.dll+2730e|C:\\Windows\\SYSTEM32\\TWINAPI.dll+6cd1|C:\\Windows\\system32\\twinui.pcshell.dll+3d8e0|C:\\Windows\\system32\\twinui.pcshell.dll+3d0e2|C:\\Windows\\system32\\twinui.dll+17a5b|C:\\Windows\\system32\\twinui.dll+1759c|C:\\Windows\\system32\\twinui.dll+6853a|C:\\Windows\\system32\\twinui.dll+17059|C:\\Windows\\system32\\twinui.dll+1719b|C:\\Windows\\system32\\twinui.dll+1711d|C:\\Windows\\System32\\USER32.dll+1681d|C:\\Windows\\System32\\USER32.dll+16212|C:\\Windows\\System32\\windows.immersiveshell.serviceprovider.dll+44d0|C:\\Windows\\System32\\windows.immersiveshell.serviceprovider.dll+409d|C:\\Windows\\System32\\windows.immersiveshell.serviceprovider.dll+3e4f|C:\\Windows\\System32\\KERNEL32.DLL+17944|C:\\Windows\\SYSTEM32\\ntdll.dll+6ce71","TargetProcessGUID":"{a158f72c-3a9b-5db6-0000-001001de8b00}","TargetProcessId":"2780","GrantedAccess":"0x1000","SourceProcessGUID":"{a158f72c-a3a1-5db5-0000-0010e67e0800}","SourceThreadId":"5332","SourceImage":"C:\\Windows\\Explorer.EXE","SourceProcessId":"5616"},"record_id":271884,"provider_name":"Microsoft-Windows-Sysmon","opcode":"Info","event_id":10},"event":{"kind":"event","code":10,"action":"Process accessed (rule: ProcessAccess)","created":"2019-10-28T02:32:04.741Z"}}
{"@timestamp":"2019-10-28T02:32:03.635Z","@metadata":{"beat":"winlogbeat","type":"_doc","version":"7.4.0","topic":"winlogbeat"},"log":{"level":"information"},"message":"Process accessed:\nRuleName: \nUtcTime: 2019-10-28 02:32:03.627\nSourceProcessGUID: {a158f72c-a3a1-5db5-0000-0010e67e0800}\nSourceProcessId: 5616\nSourceThreadId: 5776\nSourceImage: C:\\Windows\\Explorer.EXE\nTargetProcessGUID: {a158f72c-3a9b-5db6-0000-001002ed8b00}\nTargetProcessId: 4792\nTargetImage: C:\\Windows\\system32\\conhost.exe\nGrantedAccess: 0x1000\nCallTrace: C:\\Windows\\SYSTEM32\\ntdll.dll+9c524|C:\\Windows\\System32\\KERNELBASE.dll+2730e|C:\\Windows\\System32\\appresolver.dll+22125|C:\\Windows\\System32\\appresolver.dll+1ed5c|C:\\Windows\\system32\\twinui.pcshell.dll+41e34|C:\\Windows\\system32\\twinui.pcshell.dll+e0bf0|C:\\Windows\\System32\\KERNEL32.DLL+17944|C:\\Windows\\SYSTEM32\\ntdll.dll+6ce71","ecs":{"version":"1.1.0"},"host":{"name":"WECServer"},"agent":{"ephemeral_id":"df5ad137-6594-4bd7-a3eb-e0eda670370c","hostname":"WECServer","id":"f8e32ecf-6ac8-4748-86ec-f026490623c4","version":"7.4.0","type":"winlogbeat"},"winlog":{"record_id":271885,"task":"Process accessed (rule: ProcessAccess)","api":"wineventlog","computer_name":"ACCT001.shire.com","version":3,"event_id":10,"opcode":"Info","provider_guid":"{5770385f-c22a-43e0-bf4c-06f5698ffbd9}","provider_name":"Microsoft-Windows-Sysmon","event_data":{"TargetProcessId":"4792","SourceProcessId":"5616","SourceThreadId":"5776","SourceImage":"C:\\Windows\\Explorer.EXE","TargetProcessGUID":"{a158f72c-3a9b-5db6-0000-001002ed8b00}","GrantedAccess":"0x1000","UtcTime":"2019-10-28 02:32:03.627","SourceProcessGUID":"{a158f72c-a3a1-5db5-0000-0010e67e0800}","TargetImage":"C:\\Windows\\system32\\conhost.exe","CallTrace":"C:\\Windows\\SYSTEM32\\ntdll.dll+9c524|C:\\Windows\\System32\\KERNELBASE.dll+2730e|C:\\Windows\\System32\\appresolver.dll+22125|C:\\Windows\\System32\\appresolver.dll+1ed5c|C:\\Windows\\system32\\twinui.pcshell.dll+41e34|C:\\Windows\\system32\\twinui.pcshell.dll+e0bf0|C:\\Windows\\System32\\KERNEL32.DLL+17944|C:\\Windows\\SYSTEM32\\ntdll.dll+6ce71"},"channel":"Microsoft-Windows-Sysmon/Operational","process":{"pid":3208,"thread":{"id":5108}},"user":{"type":"User","identifier":"S-1-5-18","name":"SYSTEM","domain":"NT AUTHORITY"}},"event":{"action":"Process accessed (rule: ProcessAccess)","created":"2019-10-28T02:32:04.741Z","kind":"event","code":10}}
{"@timestamp":"2019-10-28T02:32:03.635Z","@metadata":{"beat":"winlogbeat","type":"_doc","version":"7.4.0","topic":"winlogbeat"},"log":{"level":"information"},"message":"Process accessed:\nRuleName: \nUtcTime: 2019-10-28 02:32:03.627\nSourceProcessGUID: {a158f72c-a3a1-5db5-0000-0010e67e0800}\nSourceProcessId: 5616\nSourceThreadId: 5776\nSourceImage: C:\\Windows\\Explorer.EXE\nTargetProcessGUID: {a158f72c-3a9b-5db6-0000-001002ed8b00}\nTargetProcessId: 4792\nTargetImage: C:\\Windows\\system32\\conhost.exe\nGrantedAccess: 0x1000\nCallTrace: C:\\Windows\\SYSTEM32\\ntdll.dll+9c524|C:\\Windows\\System32\\KERNELBASE.dll+2730e|C:\\Windows\\System32\\appresolver.dll+1ee23|C:\\Windows\\system32\\twinui.pcshell.dll+41e34|C:\\Windows\\system32\\twinui.pcshell.dll+e0bf0|C:\\Windows\\System32\\KERNEL32.DLL+17944|C:\\Windows\\SYSTEM32\\ntdll.dll+6ce71","winlog":{"channel":"Microsoft-Windows-Sysmon/Operational","task":"Process accessed (rule: ProcessAccess)","api":"wineventlog","version":3,"event_data":{"TargetProcessGUID":"{a158f72c-3a9b-5db6-0000-001002ed8b00}","CallTrace":"C:\\Windows\\SYSTEM32\\ntdll.dll+9c524|C:\\Windows\\System32\\KERNELBASE.dll+2730e|C:\\Windows\\System32\\appresolver.dll+1ee23|C:\\Windows\\system32\\twinui.pcshell.dll+41e34|C:\\Windows\\system32\\twinui.pcshell.dll+e0bf0|C:\\Windows\\System32\\KERNEL32.DLL+17944|C:\\Windows\\SYSTEM32\\ntdll.dll+6ce71","UtcTime":"2019-10-28 02:32:03.627","SourceProcessId":"5616","SourceImage":"C:\\Windows\\Explorer.EXE","GrantedAccess":"0x1000","SourceProcessGUID":"{a158f72c-a3a1-5db5-0000-0010e67e0800}","SourceThreadId":"5776","TargetImage":"C:\\Windows\\system32\\conhost.exe","TargetProcessId":"4792"},"event_id":10,"process":{"thread":{"id":5108},"pid":3208},"computer_name":"ACCT001.shire.com","opcode":"Info","provider_name":"Microsoft-Windows-Sysmon","record_id":271886,"provider_guid":"{5770385f-c22a-43e0-bf4c-06f5698ffbd9}","user":{"identifier":"S-1-5-18","name":"SYSTEM","domain":"NT AUTHORITY","type":"User"}},"ecs":{"version":"1.1.0"},"host":{"name":"WECServer"},"agent":{"hostname":"WECServer","id":"f8e32ecf-6ac8-4748-86ec-f026490623c4","version":"7.4.0","type":"winlogbeat","ephemeral_id":"df5ad137-6594-4bd7-a3eb-e0eda670370c"},"event":{"created":"2019-10-28T02:32:04.741Z","kind":"event","code":10,"action":"Process accessed (rule: ProcessAccess)"}}
{"@timestamp":"2019-10-28T02:32:03.639Z","@metadata":{"beat":"winlogbeat","type":"_doc","version":"7.4.0","topic":"winlogbeat"},"winlog":{"event_data":{"UtcTime":"2019-10-28 02:32:03.627","ProcessGuid":"{a158f72c-a3a1-5db5-0000-0010e67e0800}","ProcessId":"5616","Image":"C:\\Windows\\Explorer.EXE","TargetObject":"HKU\\S-1-5-21-2379224252-1048547738-3559495803-1113\\Software\\Microsoft\\Windows\\CurrentVersion\\Explorer\\UserAssist\\{CEBFF5CD-ACE2-4F4F-9178-9926F41749EA}\\Count\\Zvpebfbsg.Jvaqbjf.Rkcybere","Details":"Binary Data","EventType":"SetValue"},"record_id":271887,"process":{"pid":3208,"thread":{"id":5108}},"computer_name":"ACCT001.shire.com","opcode":"Info","provider_name":"Microsoft-Windows-Sysmon","task":"Registry value set (rule: RegistryEvent)","api":"wineventlog","provider_guid":"{5770385f-c22a-43e0-bf4c-06f5698ffbd9}","version":2,"channel":"Microsoft-Windows-Sysmon/Operational","event_id":13,"user":{"domain":"NT AUTHORITY","type":"User","identifier":"S-1-5-18","name":"SYSTEM"}},"event":{"action":"Registry value set (rule: RegistryEvent)","created":"2019-10-28T02:32:04.741Z","kind":"event","code":13},"log":{"level":"information"},"message":"Registry value set:\nRuleName: \nEventType: SetValue\nUtcTime: 2019-10-28 02:32:03.627\nProcessGuid: {a158f72c-a3a1-5db5-0000-0010e67e0800}\nProcessId: 5616\nImage: C:\\Windows\\Explorer.EXE\nTargetObject: HKU\\S-1-5-21-2379224252-1048547738-3559495803-1113\\Software\\Microsoft\\Windows\\CurrentVersion\\Explorer\\UserAssist\\{CEBFF5CD-ACE2-4F4F-9178-9926F41749EA}\\Count\\Zvpebfbsg.Jvaqbjf.Rkcybere\nDetails: Binary Data","agent":{"type":"winlogbeat","ephemeral_id":"df5ad137-6594-4bd7-a3eb-e0eda670370c","hostname":"WECServer","id":"f8e32ecf-6ac8-4748-86ec-f026490623c4","version":"7.4.0"},"ecs":{"version":"1.1.0"},"host":{"name":"WECServer"}}
{"@timestamp":"2019-10-28T02:32:03.641Z","@metadata":{"beat":"winlogbeat","type":"_doc","version":"7.4.0","topic":"winlogbeat"},"host":{"name":"WECServer"},"agent":{"type":"winlogbeat","ephemeral_id":"df5ad137-6594-4bd7-a3eb-e0eda670370c","hostname":"WECServer","id":"f8e32ecf-6ac8-4748-86ec-f026490623c4","version":"7.4.0"},"winlog":{"user":{"name":"SYSTEM","domain":"NT AUTHORITY","type":"User","identifier":"S-1-5-18"},"channel":"Microsoft-Windows-Sysmon/Operational","computer_name":"ACCT001.shire.com","event_data":{"Details":"Binary Data","EventType":"SetValue","UtcTime":"2019-10-28 02:32:03.627","ProcessGuid":"{a158f72c-a3a1-5db5-0000-0010e67e0800}","ProcessId":"5616","Image":"C:\\Windows\\Explorer.EXE","TargetObject":"HKU\\S-1-5-21-2379224252-1048547738-3559495803-1113\\Software\\Microsoft\\Windows\\CurrentVersion\\Explorer\\UserAssist\\{CEBFF5CD-ACE2-4F4F-9178-9926F41749EA}\\Count\\HRZR_PGYFRFFVBA"},"task":"Registry value set (rule: RegistryEvent)","provider_guid":"{5770385f-c22a-43e0-bf4c-06f5698ffbd9}","opcode":"Info","process":{"thread":{"id":5108},"pid":3208},"record_id":271888,"api":"wineventlog","version":2,"event_id":13,"provider_name":"Microsoft-Windows-Sysmon"},"event":{"code":13,"action":"Registry value set (rule: RegistryEvent)","created":"2019-10-28T02:32:04.741Z","kind":"event"},"log":{"level":"information"},"message":"Registry value set:\nRuleName: \nEventType: SetValue\nUtcTime: 2019-10-28 02:32:03.627\nProcessGuid: {a158f72c-a3a1-5db5-0000-0010e67e0800}\nProcessId: 5616\nImage: C:\\Windows\\Explorer.EXE\nTargetObject: HKU\\S-1-5-21-2379224252-1048547738-3559495803-1113\\Software\\Microsoft\\Windows\\CurrentVersion\\Explorer\\UserAssist\\{CEBFF5CD-ACE2-4F4F-9178-9926F41749EA}\\Count\\HRZR_PGYFRFFVBA\nDetails: Binary Data","ecs":{"version":"1.1.0"}}
{"@timestamp":"2019-10-28T02:32:03.642Z","@metadata":{"beat":"winlogbeat","type":"_doc","version":"7.4.0","topic":"winlogbeat"},"host":{"name":"WECServer"},"agent":{"type":"winlogbeat","ephemeral_id":"df5ad137-6594-4bd7-a3eb-e0eda670370c","hostname":"WECServer","id":"f8e32ecf-6ac8-4748-86ec-f026490623c4","version":"7.4.0"},"event":{"kind":"event","code":10,"action":"Process accessed (rule: ProcessAccess)","created":"2019-10-28T02:32:04.741Z"},"log":{"level":"information"},"message":"Process accessed:\nRuleName: \nUtcTime: 2019-10-28 02:32:03.627\nSourceProcessGUID: {a158f72c-a3a1-5db5-0000-0010e67e0800}\nSourceProcessId: 5616\nSourceThreadId: 5332\nSourceImage: C:\\Windows\\Explorer.EXE\nTargetProcessGUID: {a158f72c-3a9b-5db6-0000-001001de8b00}\nTargetProcessId: 2780\nTargetImage: C:\\Windows\\System32\\WindowsPowerShell\\v1.0\\powershell.exe\nGrantedAccess: 0x2000\nCallTrace: C:\\Windows\\SYSTEM32\\ntdll.dll+9c524|C:\\Windows\\System32\\KERNELBASE.dll+2730e|C:\\Windows\\system32\\twinui.dll+77a83|C:\\Windows\\system32\\twinui.dll+17a5b|C:\\Windows\\system32\\twinui.dll+1759c|C:\\Windows\\system32\\twinui.dll+6853a|C:\\Windows\\system32\\twinui.dll+17059|C:\\Windows\\system32\\twinui.dll+1719b|C:\\Windows\\system32\\twinui.dll+1711d|C:\\Windows\\System32\\USER32.dll+1681d|C:\\Windows\\System32\\USER32.dll+16212|C:\\Windows\\System32\\windows.immersiveshell.serviceprovider.dll+44d0|C:\\Windows\\System32\\windows.immersiveshell.serviceprovider.dll+409d|C:\\Windows\\System32\\windows.immersiveshell.serviceprovider.dll+3e4f|C:\\Windows\\System32\\KERNEL32.DLL+17944|C:\\Windows\\SYSTEM32\\ntdll.dll+6ce71","winlog":{"provider_name":"Microsoft-Windows-Sysmon","computer_name":"ACCT001.shire.com","process":{"pid":3208,"thread":{"id":5108}},"user":{"name":"SYSTEM","domain":"NT AUTHORITY","type":"User","identifier":"S-1-5-18"},"event_data":{"SourceProcessGUID":"{a158f72c-a3a1-5db5-0000-0010e67e0800}","TargetProcessGUID":"{a158f72c-3a9b-5db6-0000-001001de8b00}","TargetProcessId":"2780","GrantedAccess":"0x2000","CallTrace":"C:\\Windows\\SYSTEM32\\ntdll.dll+9c524|C:\\Windows\\System32\\KERNELBASE.dll+2730e|C:\\Windows\\system32\\twinui.dll+77a83|C:\\Windows\\system32\\twinui.dll+17a5b|C:\\Windows\\system32\\twinui.dll+1759c|C:\\Windows\\system32\\twinui.dll+6853a|C:\\Windows\\system32\\twinui.dll+17059|C:\\Windows\\system32\\twinui.dll+1719b|C:\\Windows\\system32\\twinui.dll+1711d|C:\\Windows\\System32\\USER32.dll+1681d|C:\\Windows\\System32\\USER32.dll+16212|C:\\Windows\\System32\\windows.immersiveshell.serviceprovider.dll+44d0|C:\\Windows\\System32\\windows.immersiveshell.serviceprovider.dll+409d|C:\\Windows\\System32\\windows.immersiveshell.serviceprovider.dll+3e4f|C:\\Windows\\System32\\KERNEL32.DLL+17944|C:\\Windows\\SYSTEM32\\ntdll.dll+6ce71","SourceProcessId":"5616","SourceThreadId":"5332","UtcTime":"2019-10-28 02:32:03.627","SourceImage":"C:\\Windows\\Explorer.EXE","TargetImage":"C:\\Windows\\System32\\WindowsPowerShell\\v1.0\\powershell.exe"},"event_id":10,"record_id":271889,"channel":"Microsoft-Windows-Sysmon/Operational","version":3,"task":"Process accessed (rule: ProcessAccess)","api":"wineventlog","opcode":"Info","provider_guid":"{5770385f-c22a-43e0-bf4c-06f5698ffbd9}"},"ecs":{"version":"1.1.0"}}
{"@timestamp":"2019-10-28T02:32:03.642Z","@metadata":{"beat":"winlogbeat","type":"_doc","version":"7.4.0","topic":"winlogbeat"},"message":"Process accessed:\nRuleName: \nUtcTime: 2019-10-28 02:32:03.627\nSourceProcessGUID: {a158f72c-a3a1-5db5-0000-0010e67e0800}\nSourceProcessId: 5616\nSourceThreadId: 5332\nSourceImage: C:\\Windows\\Explorer.EXE\nTargetProcessGUID: {a158f72c-3a3a-5db6-0000-001026ad8900}\nTargetProcessId: 2648\nTargetImage: C:\\Windows\\SystemApps\\InputApp_cw5n1h2txyewy\\WindowsInternal.ComposableShell.Experiences.TextInput.InputApp.exe\nGrantedAccess: 0x2000\nCallTrace: C:\\Windows\\SYSTEM32\\ntdll.dll+9c524|C:\\Windows\\System32\\KERNELBASE.dll+2730e|C:\\Windows\\system32\\twinui.dll+72169|C:\\Windows\\system32\\twinui.dll+77c92|C:\\Windows\\system32\\twinui.dll+17a5b|C:\\Windows\\system32\\twinui.dll+1759c|C:\\Windows\\system32\\twinui.dll+6853a|C:\\Windows\\system32\\twinui.dll+17059|C:\\Windows\\system32\\twinui.dll+1719b|C:\\Windows\\system32\\twinui.dll+1711d|C:\\Windows\\System32\\USER32.dll+1681d|C:\\Windows\\System32\\USER32.dll+16212|C:\\Windows\\System32\\windows.immersiveshell.serviceprovider.dll+44d0|C:\\Windows\\System32\\windows.immersiveshell.serviceprovider.dll+409d|C:\\Windows\\System32\\windows.immersiveshell.serviceprovider.dll+3e4f|C:\\Windows\\System32\\KERNEL32.DLL+17944|C:\\Windows\\SYSTEM32\\ntdll.dll+6ce71","ecs":{"version":"1.1.0"},"host":{"name":"WECServer"},"agent":{"id":"f8e32ecf-6ac8-4748-86ec-f026490623c4","version":"7.4.0","type":"winlogbeat","ephemeral_id":"df5ad137-6594-4bd7-a3eb-e0eda670370c","hostname":"WECServer"},"winlog":{"computer_name":"ACCT001.shire.com","user":{"domain":"NT AUTHORITY","type":"User","identifier":"S-1-5-18","name":"SYSTEM"},"event_data":{"SourceProcessId":"5616","TargetImage":"C:\\Windows\\SystemApps\\InputApp_cw5n1h2txyewy\\WindowsInternal.ComposableShell.Experiences.TextInput.InputApp.exe","TargetProcessGUID":"{a158f72c-3a3a-5db6-0000-001026ad8900}","SourceImage":"C:\\Windows\\Explorer.EXE","CallTrace":"C:\\Windows\\SYSTEM32\\ntdll.dll+9c524|C:\\Windows\\System32\\KERNELBASE.dll+2730e|C:\\Windows\\system32\\twinui.dll+72169|C:\\Windows\\system32\\twinui.dll+77c92|C:\\Windows\\system32\\twinui.dll+17a5b|C:\\Windows\\system32\\twinui.dll+1759c|C:\\Windows\\system32\\twinui.dll+6853a|C:\\Windows\\system32\\twinui.dll+17059|C:\\Windows\\system32\\twinui.dll+1719b|C:\\Windows\\system32\\twinui.dll+1711d|C:\\Windows\\System32\\USER32.dll+1681d|C:\\Windows\\System32\\USER32.dll+16212|C:\\Windows\\System32\\windows.immersiveshell.serviceprovider.dll+44d0|C:\\Windows\\System32\\windows.immersiveshell.serviceprovider.dll+409d|C:\\Windows\\System32\\windows.immersiveshell.serviceprovider.dll+3e4f|C:\\Windows\\System32\\KERNEL32.DLL+17944|C:\\Windows\\SYSTEM32\\ntdll.dll+6ce71","SourceProcessGUID":"{a158f72c-a3a1-5db5-0000-0010e67e0800}","SourceThreadId":"5332","TargetProcessId":"2648","GrantedAccess":"0x2000","UtcTime":"2019-10-28 02:32:03.627"},"event_id":10,"channel":"Microsoft-Windows-Sysmon/Operational","api":"wineventlog","opcode":"Info","version":3,"process":{"pid":3208,"thread":{"id":5108}},"provider_name":"Microsoft-Windows-Sysmon","record_id":271890,"task":"Process accessed (rule: ProcessAccess)","provider_guid":"{5770385f-c22a-43e0-bf4c-06f5698ffbd9}"},"event":{"action":"Process accessed (rule: ProcessAccess)","created":"2019-10-28T02:32:04.741Z","kind":"event","code":10},"log":{"level":"information"}}
{"@timestamp":"2019-10-28T02:32:03.642Z","@metadata":{"beat":"winlogbeat","type":"_doc","version":"7.4.0","topic":"winlogbeat"},"winlog":{"provider_name":"Microsoft-Windows-Sysmon","opcode":"Info","user":{"domain":"NT AUTHORITY","type":"User","identifier":"S-1-5-18","name":"SYSTEM"},"channel":"Microsoft-Windows-Sysmon/Operational","record_id":271891,"provider_guid":"{5770385f-c22a-43e0-bf4c-06f5698ffbd9}","process":{"thread":{"id":5108},"pid":3208},"event_id":10,"task":"Process accessed (rule: ProcessAccess)","event_data":{"SourceThreadId":"5332","SourceImage":"C:\\Windows\\Explorer.EXE","TargetImage":"C:\\Windows\\SystemApps\\Microsoft.Windows.Cortana_cw5n1h2txyewy\\SearchUI.exe","UtcTime":"2019-10-28 02:32:03.627","CallTrace":"C:\\Windows\\SYSTEM32\\ntdll.dll+9c524|C:\\Windows\\System32\\KERNELBASE.dll+2730e|C:\\Windows\\system32\\twinui.dll+72169|C:\\Windows\\system32\\twinui.dll+77c92|C:\\Windows\\system32\\twinui.dll+17a5b|C:\\Windows\\system32\\twinui.dll+1759c|C:\\Windows\\system32\\twinui.dll+6853a|C:\\Windows\\system32\\twinui.dll+17059|C:\\Windows\\system32\\twinui.dll+1719b|C:\\Windows\\system32\\twinui.dll+1711d|C:\\Windows\\System32\\USER32.dll+1681d|C:\\Windows\\System32\\USER32.dll+16212|C:\\Windows\\System32\\windows.immersiveshell.serviceprovider.dll+44d0|C:\\Windows\\System32\\windows.immersiveshell.serviceprovider.dll+409d|C:\\Windows\\System32\\windows.immersiveshell.serviceprovider.dll+3e4f|C:\\Windows\\System32\\KERNEL32.DLL+17944|C:\\Windows\\SYSTEM32\\ntdll.dll+6ce71","SourceProcessGUID":"{a158f72c-a3a1-5db5-0000-0010e67e0800}","SourceProcessId":"5616","TargetProcessGUID":"{a158f72c-a3a9-5db5-0000-0010edc60a00}","TargetProcessId":"6164","GrantedAccess":"0x2000"},"api":"wineventlog","computer_name":"ACCT001.shire.com","version":3},"host":{"name":"WECServer"},"agent":{"hostname":"WECServer","id":"f8e32ecf-6ac8-4748-86ec-f026490623c4","version":"7.4.0","type":"winlogbeat","ephemeral_id":"df5ad137-6594-4bd7-a3eb-e0eda670370c"},"ecs":{"version":"1.1.0"},"event":{"code":10,"action":"Process accessed (rule: ProcessAccess)","created":"2019-10-28T02:32:04.741Z","kind":"event"},"log":{"level":"information"},"message":"Process accessed:\nRuleName: \nUtcTime: 2019-10-28 02:32:03.627\nSourceProcessGUID: {a158f72c-a3a1-5db5-0000-0010e67e0800}\nSourceProcessId: 5616\nSourceThreadId: 5332\nSourceImage: C:\\Windows\\Explorer.EXE\nTargetProcessGUID: {a158f72c-a3a9-5db5-0000-0010edc60a00}\nTargetProcessId: 6164\nTargetImage: C:\\Windows\\SystemApps\\Microsoft.Windows.Cortana_cw5n1h2txyewy\\SearchUI.exe\nGrantedAccess: 0x2000\nCallTrace: C:\\Windows\\SYSTEM32\\ntdll.dll+9c524|C:\\Windows\\System32\\KERNELBASE.dll+2730e|C:\\Windows\\system32\\twinui.dll+72169|C:\\Windows\\system32\\twinui.dll+77c92|C:\\Windows\\system32\\twinui.dll+17a5b|C:\\Windows\\system32\\twinui.dll+1759c|C:\\Windows\\system32\\twinui.dll+6853a|C:\\Windows\\system32\\twinui.dll+17059|C:\\Windows\\system32\\twinui.dll+1719b|C:\\Windows\\system32\\twinui.dll+1711d|C:\\Windows\\System32\\USER32.dll+1681d|C:\\Windows\\System32\\USER32.dll+16212|C:\\Windows\\System32\\windows.immersiveshell.serviceprovider.dll+44d0|C:\\Windows\\System32\\windows.immersiveshell.serviceprovider.dll+409d|C:\\Windows\\System32\\windows.immersiveshell.serviceprovider.dll+3e4f|C:\\Windows\\System32\\KERNEL32.DLL+17944|C:\\Windows\\SYSTEM32\\ntdll.dll+6ce71"}
{"@timestamp":"2019-10-28T02:32:03.642Z","@metadata":{"beat":"winlogbeat","type":"_doc","version":"7.4.0","topic":"winlogbeat"},"message":"Process accessed:\nRuleName: \nUtcTime: 2019-10-28 02:32:03.627\nSourceProcessGUID: {a158f72c-a3a1-5db5-0000-0010e67e0800}\nSourceProcessId: 5616\nSourceThreadId: 5332\nSourceImage: C:\\Windows\\Explorer.EXE\nTargetProcessGUID: {a158f72c-a3a8-5db5-0000-00104f790a00}\nTargetProcessId: 5528\nTargetImage: C:\\Windows\\SystemApps\\Microsoft.Windows.StartMenuExperienceHost_cw5n1h2txyewy\\StartMenuExperienceHost.exe\nGrantedAccess: 0x2000\nCallTrace: C:\\Windows\\SYSTEM32\\ntdll.dll+9c524|C:\\Windows\\System32\\KERNELBASE.dll+2730e|C:\\Windows\\system32\\twinui.dll+72169|C:\\Windows\\system32\\twinui.dll+77c92|C:\\Windows\\system32\\twinui.dll+17a5b|C:\\Windows\\system32\\twinui.dll+1759c|C:\\Windows\\system32\\twinui.dll+6853a|C:\\Windows\\system32\\twinui.dll+17059|C:\\Windows\\system32\\twinui.dll+1719b|C:\\Windows\\system32\\twinui.dll+1711d|C:\\Windows\\System32\\USER32.dll+1681d|C:\\Windows\\System32\\USER32.dll+16212|C:\\Windows\\System32\\windows.immersiveshell.serviceprovider.dll+44d0|C:\\Windows\\System32\\windows.immersiveshell.serviceprovider.dll+409d|C:\\Windows\\System32\\windows.immersiveshell.serviceprovider.dll+3e4f|C:\\Windows\\System32\\KERNEL32.DLL+17944|C:\\Windows\\SYSTEM32\\ntdll.dll+6ce71","host":{"name":"WECServer"},"agent":{"type":"winlogbeat","ephemeral_id":"df5ad137-6594-4bd7-a3eb-e0eda670370c","hostname":"WECServer","id":"f8e32ecf-6ac8-4748-86ec-f026490623c4","version":"7.4.0"},"ecs":{"version":"1.1.0"},"winlog":{"computer_name":"ACCT001.shire.com","user":{"name":"SYSTEM","domain":"NT AUTHORITY","type":"User","identifier":"S-1-5-18"},"api":"wineventlog","process":{"thread":{"id":5108},"pid":3208},"event_id":10,"opcode":"Info","provider_guid":"{5770385f-c22a-43e0-bf4c-06f5698ffbd9}","version":3,"channel":"Microsoft-Windows-Sysmon/Operational","provider_name":"Microsoft-Windows-Sysmon","event_data":{"SourceProcessGUID":"{a158f72c-a3a1-5db5-0000-0010e67e0800}","TargetImage":"C:\\Windows\\SystemApps\\Microsoft.Windows.StartMenuExperienceHost_cw5n1h2txyewy\\StartMenuExperienceHost.exe","CallTrace":"C:\\Windows\\SYSTEM32\\ntdll.dll+9c524|C:\\Windows\\System32\\KERNELBASE.dll+2730e|C:\\Windows\\system32\\twinui.dll+72169|C:\\Windows\\system32\\twinui.dll+77c92|C:\\Windows\\system32\\twinui.dll+17a5b|C:\\Windows\\system32\\twinui.dll+1759c|C:\\Windows\\system32\\twinui.dll+6853a|C:\\Windows\\system32\\twinui.dll+17059|C:\\Windows\\system32\\twinui.dll+1719b|C:\\Windows\\system32\\twinui.dll+1711d|C:\\Windows\\System32\\USER32.dll+1681d|C:\\Windows\\System32\\USER32.dll+16212|C:\\Windows\\System32\\windows.immersiveshell.serviceprovider.dll+44d0|C:\\Windows\\System32\\windows.immersiveshell.serviceprovider.dll+409d|C:\\Windows\\System32\\windows.immersiveshell.serviceprovider.dll+3e4f|C:\\Windows\\System32\\KERNEL32.DLL+17944|C:\\Windows\\SYSTEM32\\ntdll.dll+6ce71","UtcTime":"2019-10-28 02:32:03.627","SourceProcessId":"5616","SourceThreadId":"5332","SourceImage":"C:\\Windows\\Explorer.EXE","TargetProcessGUID":"{a158f72c-a3a8-5db5-0000-00104f790a00}","TargetProcessId":"5528","GrantedAccess":"0x2000"},"record_id":271892,"task":"Process accessed (rule: ProcessAccess)"},"event":{"kind":"event","code":10,"action":"Process accessed (rule: ProcessAccess)","created":"2019-10-28T02:32:04.741Z"},"log":{"level":"information"}}
{"@timestamp":"2019-10-28T02:32:03.642Z","@metadata":{"beat":"winlogbeat","type":"_doc","version":"7.4.0","topic":"winlogbeat"},"agent":{"id":"f8e32ecf-6ac8-4748-86ec-f026490623c4","version":"7.4.0","type":"winlogbeat","ephemeral_id":"df5ad137-6594-4bd7-a3eb-e0eda670370c","hostname":"WECServer"},"log":{"level":"information"},"message":"Process accessed:\nRuleName: \nUtcTime: 2019-10-28 02:32:03.627\nSourceProcessGUID: {a158f72c-a3a1-5db5-0000-0010e67e0800}\nSourceProcessId: 5616\nSourceThreadId: 5332\nSourceImage: C:\\Windows\\Explorer.EXE\nTargetProcessGUID: {a158f72c-5213-5db6-0000-00107366ae00}\nTargetProcessId: 6488\nTargetImage: C:\\Windows\\System32\\MicrosoftEdgeCP.exe\nGrantedAccess: 0x2000\nCallTrace: C:\\Windows\\SYSTEM32\\ntdll.dll+9c524|C:\\Windows\\System32\\KERNELBASE.dll+2730e|C:\\Windows\\system32\\twinui.dll+72169|C:\\Windows\\system32\\twinui.dll+77c92|C:\\Windows\\system32\\twinui.dll+17a5b|C:\\Windows\\system32\\twinui.dll+1759c|C:\\Windows\\system32\\twinui.dll+6853a|C:\\Windows\\system32\\twinui.dll+17059|C:\\Windows\\system32\\twinui.dll+1719b|C:\\Windows\\system32\\twinui.dll+1711d|C:\\Windows\\System32\\USER32.dll+1681d|C:\\Windows\\System32\\USER32.dll+16212|C:\\Windows\\System32\\windows.immersiveshell.serviceprovider.dll+44d0|C:\\Windows\\System32\\windows.immersiveshell.serviceprovider.dll+409d|C:\\Windows\\System32\\windows.immersiveshell.serviceprovider.dll+3e4f|C:\\Windows\\System32\\KERNEL32.DLL+17944|C:\\Windows\\SYSTEM32\\ntdll.dll+6ce71","winlog":{"provider_guid":"{5770385f-c22a-43e0-bf4c-06f5698ffbd9}","process":{"pid":3208,"thread":{"id":5108}},"event_data":{"TargetProcessId":"6488","TargetImage":"C:\\Windows\\System32\\MicrosoftEdgeCP.exe","GrantedAccess":"0x2000","SourceThreadId":"5332","CallTrace":"C:\\Windows\\SYSTEM32\\ntdll.dll+9c524|C:\\Windows\\System32\\KERNELBASE.dll+2730e|C:\\Windows\\system32\\twinui.dll+72169|C:\\Windows\\system32\\twinui.dll+77c92|C:\\Windows\\system32\\twinui.dll+17a5b|C:\\Windows\\system32\\twinui.dll+1759c|C:\\Windows\\system32\\twinui.dll+6853a|C:\\Windows\\system32\\twinui.dll+17059|C:\\Windows\\system32\\twinui.dll+1719b|C:\\Windows\\system32\\twinui.dll+1711d|C:\\Windows\\System32\\USER32.dll+1681d|C:\\Windows\\System32\\USER32.dll+16212|C:\\Windows\\System32\\windows.immersiveshell.serviceprovider.dll+44d0|C:\\Windows\\System32\\windows.immersiveshell.serviceprovider.dll+409d|C:\\Windows\\System32\\windows.immersiveshell.serviceprovider.dll+3e4f|C:\\Windows\\System32\\KERNEL32.DLL+17944|C:\\Windows\\SYSTEM32\\ntdll.dll+6ce71","SourceProcessId":"5616","SourceImage":"C:\\Windows\\Explorer.EXE","UtcTime":"2019-10-28 02:32:03.627","TargetProcessGUID":"{a158f72c-5213-5db6-0000-00107366ae00}","SourceProcessGUID":"{a158f72c-a3a1-5db5-0000-0010e67e0800}"},"channel":"Microsoft-Windows-Sysmon/Operational","api":"wineventlog","record_id":271893,"task":"Process accessed (rule: ProcessAccess)","computer_name":"ACCT001.shire.com","version":3,"opcode":"Info","user":{"identifier":"S-1-5-18","name":"SYSTEM","domain":"NT AUTHORITY","type":"User"},"event_id":10,"provider_name":"Microsoft-Windows-Sysmon"},"event":{"created":"2019-10-28T02:32:04.741Z","kind":"event","code":10,"action":"Process accessed (rule: ProcessAccess)"},"ecs":{"version":"1.1.0"},"host":{"name":"WECServer"}}
{"@timestamp":"2019-10-28T02:32:03.642Z","@metadata":{"beat":"winlogbeat","type":"_doc","version":"7.4.0","topic":"winlogbeat"},"message":"Process accessed:\nRuleName: \nUtcTime: 2019-10-28 02:32:03.627\nSourceProcessGUID: {a158f72c-a3a1-5db5-0000-0010e67e0800}\nSourceProcessId: 5616\nSourceThreadId: 5332\nSourceImage: C:\\Windows\\Explorer.EXE\nTargetProcessGUID: {a158f72c-5212-5db6-0000-0010872dae00}\nTargetProcessId: 5864\nTargetImage: C:\\Windows\\SystemApps\\Microsoft.MicrosoftEdge_8wekyb3d8bbwe\\MicrosoftEdge.exe\nGrantedAccess: 0x2000\nCallTrace: C:\\Windows\\SYSTEM32\\ntdll.dll+9c524|C:\\Windows\\System32\\KERNELBASE.dll+2730e|C:\\Windows\\system32\\twinui.dll+72169|C:\\Windows\\system32\\twinui.dll+77c92|C:\\Windows\\system32\\twinui.dll+17a5b|C:\\Windows\\system32\\twinui.dll+1759c|C:\\Windows\\system32\\twinui.dll+6853a|C:\\Windows\\system32\\twinui.dll+17059|C:\\Windows\\system32\\twinui.dll+1719b|C:\\Windows\\system32\\twinui.dll+1711d|C:\\Windows\\System32\\USER32.dll+1681d|C:\\Windows\\System32\\USER32.dll+16212|C:\\Windows\\System32\\windows.immersiveshell.serviceprovider.dll+44d0|C:\\Windows\\System32\\windows.immersiveshell.serviceprovider.dll+409d|C:\\Windows\\System32\\windows.immersiveshell.serviceprovider.dll+3e4f|C:\\Windows\\System32\\KERNEL32.DLL+17944|C:\\Windows\\SYSTEM32\\ntdll.dll+6ce71","winlog":{"opcode":"Info","channel":"Microsoft-Windows-Sysmon/Operational","event_id":10,"record_id":271894,"computer_name":"ACCT001.shire.com","version":3,"process":{"pid":3208,"thread":{"id":5108}},"task":"Process accessed (rule: ProcessAccess)","provider_name":"Microsoft-Windows-Sysmon","api":"wineventlog","provider_guid":"{5770385f-c22a-43e0-bf4c-06f5698ffbd9}","user":{"identifier":"S-1-5-18","name":"SYSTEM","domain":"NT AUTHORITY","type":"User"},"event_data":{"SourceImage":"C:\\Windows\\Explorer.EXE","UtcTime":"2019-10-28 02:32:03.627","SourceThreadId":"5332","TargetProcessGUID":"{a158f72c-5212-5db6-0000-0010872dae00}","CallTrace":"C:\\Windows\\SYSTEM32\\ntdll.dll+9c524|C:\\Windows\\System32\\KERNELBASE.dll+2730e|C:\\Windows\\system32\\twinui.dll+72169|C:\\Windows\\system32\\twinui.dll+77c92|C:\\Windows\\system32\\twinui.dll+17a5b|C:\\Windows\\system32\\twinui.dll+1759c|C:\\Windows\\system32\\twinui.dll+6853a|C:\\Windows\\system32\\twinui.dll+17059|C:\\Windows\\system32\\twinui.dll+1719b|C:\\Windows\\system32\\twinui.dll+1711d|C:\\Windows\\System32\\USER32.dll+1681d|C:\\Windows\\System32\\USER32.dll+16212|C:\\Windows\\System32\\windows.immersiveshell.serviceprovider.dll+44d0|C:\\Windows\\System32\\windows.immersiveshell.serviceprovider.dll+409d|C:\\Windows\\System32\\windows.immersiveshell.serviceprovider.dll+3e4f|C:\\Windows\\System32\\KERNEL32.DLL+17944|C:\\Windows\\SYSTEM32\\ntdll.dll+6ce71","SourceProcessGUID":"{a158f72c-a3a1-5db5-0000-0010e67e0800}","TargetProcessId":"5864","TargetImage":"C:\\Windows\\SystemApps\\Microsoft.MicrosoftEdge_8wekyb3d8bbwe\\MicrosoftEdge.exe","GrantedAccess":"0x2000","SourceProcessId":"5616"}},"event":{"kind":"event","code":10,"action":"Process accessed (rule: ProcessAccess)","created":"2019-10-28T02:32:04.741Z"},"log":{"level":"information"},"ecs":{"version":"1.1.0"},"host":{"name":"WECServer"},"agent":{"id":"f8e32ecf-6ac8-4748-86ec-f026490623c4","version":"7.4.0","type":"winlogbeat","ephemeral_id":"df5ad137-6594-4bd7-a3eb-e0eda670370c","hostname":"WECServer"}}
{"@timestamp":"2019-10-28T02:32:03.642Z","@metadata":{"beat":"winlogbeat","type":"_doc","version":"7.4.0","topic":"winlogbeat"},"ecs":{"version":"1.1.0"},"host":{"name":"WECServer"},"agent":{"hostname":"WECServer","id":"f8e32ecf-6ac8-4748-86ec-f026490623c4","version":"7.4.0","type":"winlogbeat","ephemeral_id":"df5ad137-6594-4bd7-a3eb-e0eda670370c"},"winlog":{"opcode":"Info","provider_name":"Microsoft-Windows-Sysmon","record_id":271895,"task":"Process accessed (rule: ProcessAccess)","api":"wineventlog","computer_name":"ACCT001.shire.com","provider_guid":"{5770385f-c22a-43e0-bf4c-06f5698ffbd9}","process":{"pid":3208,"thread":{"id":5108}},"channel":"Microsoft-Windows-Sysmon/Operational","event_data":{"GrantedAccess":"0x2000","SourceThreadId":"5332","CallTrace":"C:\\Windows\\SYSTEM32\\ntdll.dll+9c524|C:\\Windows\\System32\\KERNELBASE.dll+2730e|C:\\Windows\\system32\\twinui.dll+72169|C:\\Windows\\system32\\twinui.dll+77c92|C:\\Windows\\system32\\twinui.dll+17a5b|C:\\Windows\\system32\\twinui.dll+1759c|C:\\Windows\\system32\\twinui.dll+6853a|C:\\Windows\\system32\\twinui.dll+17059|C:\\Windows\\system32\\twinui.dll+1719b|C:\\Windows\\system32\\twinui.dll+1711d|C:\\Windows\\System32\\USER32.dll+1681d|C:\\Windows\\System32\\USER32.dll+16212|C:\\Windows\\System32\\windows.immersiveshell.serviceprovider.dll+44d0|C:\\Windows\\System32\\windows.immersiveshell.serviceprovider.dll+409d|C:\\Windows\\System32\\windows.immersiveshell.serviceprovider.dll+3e4f|C:\\Windows\\System32\\KERNEL32.DLL+17944|C:\\Windows\\SYSTEM32\\ntdll.dll+6ce71","UtcTime":"2019-10-28 02:32:03.627","TargetImage":"C:\\Windows\\System32\\WindowsPowerShell\\v1.0\\powershell.exe","TargetProcessGUID":"{a158f72c-3a9b-5db6-0000-001001de8b00}","SourceImage":"C:\\Windows\\Explorer.EXE","SourceProcessId":"5616","TargetProcessId":"2780","SourceProcessGUID":"{a158f72c-a3a1-5db5-0000-0010e67e0800}"},"event_id":10,"version":3,"user":{"identifier":"S-1-5-18","name":"SYSTEM","domain":"NT AUTHORITY","type":"User"}},"event":{"created":"2019-10-28T02:32:04.741Z","kind":"event","code":10,"action":"Process accessed (rule: ProcessAccess)"},"log":{"level":"information"},"message":"Process accessed:\nRuleName: \nUtcTime: 2019-10-28 02:32:03.627\nSourceProcessGUID: {a158f72c-a3a1-5db5-0000-0010e67e0800}\nSourceProcessId: 5616\nSourceThreadId: 5332\nSourceImage: C:\\Windows\\Explorer.EXE\nTargetProcessGUID: {a158f72c-3a9b-5db6-0000-001001de8b00}\nTargetProcessId: 2780\nTargetImage: C:\\Windows\\System32\\WindowsPowerShell\\v1.0\\powershell.exe\nGrantedAccess: 0x2000\nCallTrace: C:\\Windows\\SYSTEM32\\ntdll.dll+9c524|C:\\Windows\\System32\\KERNELBASE.dll+2730e|C:\\Windows\\system32\\twinui.dll+72169|C:\\Windows\\system32\\twinui.dll+77c92|C:\\Windows\\system32\\twinui.dll+17a5b|C:\\Windows\\system32\\twinui.dll+1759c|C:\\Windows\\system32\\twinui.dll+6853a|C:\\Windows\\system32\\twinui.dll+17059|C:\\Windows\\system32\\twinui.dll+1719b|C:\\Windows\\system32\\twinui.dll+1711d|C:\\Windows\\System32\\USER32.dll+1681d|C:\\Windows\\System32\\USER32.dll+16212|C:\\Windows\\System32\\windows.immersiveshell.serviceprovider.dll+44d0|C:\\Windows\\System32\\windows.immersiveshell.serviceprovider.dll+409d|C:\\Windows\\System32\\windows.immersiveshell.serviceprovider.dll+3e4f|C:\\Windows\\System32\\KERNEL32.DLL+17944|C:\\Windows\\SYSTEM32\\ntdll.dll+6ce71"}
{"@timestamp":"2019-10-28T02:32:03.642Z","@metadata":{"beat":"winlogbeat","type":"_doc","version":"7.4.0","topic":"winlogbeat"},"ecs":{"version":"1.1.0"},"host":{"name":"WECServer"},"agent":{"type":"winlogbeat","ephemeral_id":"df5ad137-6594-4bd7-a3eb-e0eda670370c","hostname":"WECServer","id":"f8e32ecf-6ac8-4748-86ec-f026490623c4","version":"7.4.0"},"message":"Process accessed:\nRuleName: \nUtcTime: 2019-10-28 02:32:03.627\nSourceProcessGUID: {a158f72c-a3a1-5db5-0000-0010e67e0800}\nSourceProcessId: 5616\nSourceThreadId: 5332\nSourceImage: C:\\Windows\\Explorer.EXE\nTargetProcessGUID: {a158f72c-a4da-5db5-0000-0010022a3800}\nTargetProcessId: 4484\nTargetImage: C:\\Program Files\\WindowsApps\\Microsoft.WindowsStore_11811.1001.18.0_x64__8wekyb3d8bbwe\\WinStore.App.exe\nGrantedAccess: 0x2000\nCallTrace: C:\\Windows\\SYSTEM32\\ntdll.dll+9c524|C:\\Windows\\System32\\KERNELBASE.dll+2730e|C:\\Windows\\system32\\twinui.dll+72169|C:\\Windows\\system32\\twinui.dll+77c92|C:\\Windows\\system32\\twinui.dll+17a5b|C:\\Windows\\system32\\twinui.dll+1759c|C:\\Windows\\system32\\twinui.dll+6853a|C:\\Windows\\system32\\twinui.dll+17059|C:\\Windows\\system32\\twinui.dll+1719b|C:\\Windows\\system32\\twinui.dll+1711d|C:\\Windows\\System32\\USER32.dll+1681d|C:\\Windows\\System32\\USER32.dll+16212|C:\\Windows\\System32\\windows.immersiveshell.serviceprovider.dll+44d0|C:\\Windows\\System32\\windows.immersiveshell.serviceprovider.dll+409d|C:\\Windows\\System32\\windows.immersiveshell.serviceprovider.dll+3e4f|C:\\Windows\\System32\\KERNEL32.DLL+17944|C:\\Windows\\SYSTEM32\\ntdll.dll+6ce71","winlog":{"version":3,"user":{"identifier":"S-1-5-18","name":"SYSTEM","domain":"NT AUTHORITY","type":"User"},"event_data":{"GrantedAccess":"0x2000","TargetProcessId":"4484","TargetImage":"C:\\Program Files\\WindowsApps\\Microsoft.WindowsStore_11811.1001.18.0_x64__8wekyb3d8bbwe\\WinStore.App.exe","CallTrace":"C:\\Windows\\SYSTEM32\\ntdll.dll+9c524|C:\\Windows\\System32\\KERNELBASE.dll+2730e|C:\\Windows\\system32\\twinui.dll+72169|C:\\Windows\\system32\\twinui.dll+77c92|C:\\Windows\\system32\\twinui.dll+17a5b|C:\\Windows\\system32\\twinui.dll+1759c|C:\\Windows\\system32\\twinui.dll+6853a|C:\\Windows\\system32\\twinui.dll+17059|C:\\Windows\\system32\\twinui.dll+1719b|C:\\Windows\\system32\\twinui.dll+1711d|C:\\Windows\\System32\\USER32.dll+1681d|C:\\Windows\\System32\\USER32.dll+16212|C:\\Windows\\System32\\windows.immersiveshell.serviceprovider.dll+44d0|C:\\Windows\\System32\\windows.immersiveshell.serviceprovider.dll+409d|C:\\Windows\\System32\\windows.immersiveshell.serviceprovider.dll+3e4f|C:\\Windows\\System32\\KERNEL32.DLL+17944|C:\\Windows\\SYSTEM32\\ntdll.dll+6ce71","SourceProcessGUID":"{a158f72c-a3a1-5db5-0000-0010e67e0800}","SourceThreadId":"5332","TargetProcessGUID":"{a158f72c-a4da-5db5-0000-0010022a3800}","SourceImage":"C:\\Windows\\Explorer.EXE","UtcTime":"2019-10-28 02:32:03.627","SourceProcessId":"5616"},"channel":"Microsoft-Windows-Sysmon/Operational","event_id":10,"task":"Process accessed (rule: ProcessAccess)","api":"wineventlog","computer_name":"ACCT001.shire.com","provider_guid":"{5770385f-c22a-43e0-bf4c-06f5698ffbd9}","opcode":"Info","process":{"pid":3208,"thread":{"id":5108}},"provider_name":"Microsoft-Windows-Sysmon","record_id":271896},"event":{"action":"Process accessed (rule: ProcessAccess)","created":"2019-10-28T02:32:04.741Z","kind":"event","code":10},"log":{"level":"information"}}
{"@timestamp":"2019-10-28T02:32:03.643Z","@metadata":{"beat":"winlogbeat","type":"_doc","version":"7.4.0","topic":"winlogbeat"},"message":"Process accessed:\nRuleName: \nUtcTime: 2019-10-28 02:32:03.627\nSourceProcessGUID: {a158f72c-a3a1-5db5-0000-0010e67e0800}\nSourceProcessId: 5616\nSourceThreadId: 5776\nSourceImage: C:\\Windows\\Explorer.EXE\nTargetProcessGUID: {a158f72c-3a9b-5db6-0000-001002ed8b00}\nTargetProcessId: 4792\nTargetImage: C:\\Windows\\system32\\conhost.exe\nGrantedAccess: 0x1410\nCallTrace: C:\\Windows\\SYSTEM32\\ntdll.dll+9c524|C:\\Windows\\System32\\KERNELBASE.dll+2730e|C:\\Windows\\System32\\appresolver.dll+21e48|C:\\Windows\\System32\\appresolver.dll+1eed6|C:\\Windows\\system32\\twinui.pcshell.dll+41e34|C:\\Windows\\system32\\twinui.pcshell.dll+e0bf0|C:\\Windows\\System32\\KERNEL32.DLL+17944|C:\\Windows\\SYSTEM32\\ntdll.dll+6ce71","winlog":{"record_id":271897,"provider_name":"Microsoft-Windows-Sysmon","opcode":"Info","api":"wineventlog","version":3,"process":{"pid":3208,"thread":{"id":5108}},"channel":"Microsoft-Windows-Sysmon/Operational","task":"Process accessed (rule: ProcessAccess)","event_data":{"SourceProcessId":"5616","UtcTime":"2019-10-28 02:32:03.627","SourceProcessGUID":"{a158f72c-a3a1-5db5-0000-0010e67e0800}","CallTrace":"C:\\Windows\\SYSTEM32\\ntdll.dll+9c524|C:\\Windows\\System32\\KERNELBASE.dll+2730e|C:\\Windows\\System32\\appresolver.dll+21e48|C:\\Windows\\System32\\appresolver.dll+1eed6|C:\\Windows\\system32\\twinui.pcshell.dll+41e34|C:\\Windows\\system32\\twinui.pcshell.dll+e0bf0|C:\\Windows\\System32\\KERNEL32.DLL+17944|C:\\Windows\\SYSTEM32\\ntdll.dll+6ce71","TargetImage":"C:\\Windows\\system32\\conhost.exe","SourceImage":"C:\\Windows\\Explorer.EXE","TargetProcessGUID":"{a158f72c-3a9b-5db6-0000-001002ed8b00}","SourceThreadId":"5776","GrantedAccess":"0x1410","TargetProcessId":"4792"},"user":{"domain":"NT AUTHORITY","type":"User","identifier":"S-1-5-18","name":"SYSTEM"},"event_id":10,"computer_name":"ACCT001.shire.com","provider_guid":"{5770385f-c22a-43e0-bf4c-06f5698ffbd9}"},"event":{"created":"2019-10-28T02:32:04.741Z","kind":"event","code":10,"action":"Process accessed (rule: ProcessAccess)"},"log":{"level":"information"},"ecs":{"version":"1.1.0"},"host":{"name":"WECServer"},"agent":{"type":"winlogbeat","ephemeral_id":"df5ad137-6594-4bd7-a3eb-e0eda670370c","hostname":"WECServer","id":"f8e32ecf-6ac8-4748-86ec-f026490623c4","version":"7.4.0"}}
{"@timestamp":"2019-10-28T02:32:03.643Z","@metadata":{"beat":"winlogbeat","type":"_doc","version":"7.4.0","topic":"winlogbeat"},"winlog":{"event_id":12,"provider_name":"Microsoft-Windows-Sysmon","record_id":271898,"task":"Registry object added or deleted (rule: RegistryEvent)","api":"wineventlog","opcode":"Info","process":{"thread":{"id":5108},"pid":3208},"event_data":{"ProcessGuid":"{a158f72c-a3a1-5db5-0000-0010e67e0800}","ProcessId":"5616","Image":"C:\\Windows\\Explorer.EXE","TargetObject":"HKLM\\SOFTWARE\\Microsoft\\Hvsi","EventType":"CreateKey","UtcTime":"2019-10-28 02:32:03.627"},"channel":"Microsoft-Windows-Sysmon/Operational","computer_name":"ACCT001.shire.com","version":2,"user":{"identifier":"S-1-5-18","name":"SYSTEM","domain":"NT AUTHORITY","type":"User"},"provider_guid":"{5770385f-c22a-43e0-bf4c-06f5698ffbd9}"},"event":{"created":"2019-10-28T02:32:04.741Z","kind":"event","code":12,"action":"Registry object added or deleted (rule: RegistryEvent)"},"log":{"level":"information"},"message":"Registry object added or deleted:\nRuleName: \nEventType: CreateKey\nUtcTime: 2019-10-28 02:32:03.627\nProcessGuid: {a158f72c-a3a1-5db5-0000-0010e67e0800}\nProcessId: 5616\nImage: C:\\Windows\\Explorer.EXE\nTargetObject: HKLM\\SOFTWARE\\Microsoft\\Hvsi","agent":{"type":"winlogbeat","ephemeral_id":"df5ad137-6594-4bd7-a3eb-e0eda670370c","hostname":"WECServer","id":"f8e32ecf-6ac8-4748-86ec-f026490623c4","version":"7.4.0"},"ecs":{"version":"1.1.0"},"host":{"name":"WECServer"}}
{"@timestamp":"2019-10-28T02:32:03.643Z","@metadata":{"beat":"winlogbeat","type":"_doc","version":"7.4.0","topic":"winlogbeat"},"host":{"name":"WECServer"},"agent":{"type":"winlogbeat","ephemeral_id":"df5ad137-6594-4bd7-a3eb-e0eda670370c","hostname":"WECServer","id":"f8e32ecf-6ac8-4748-86ec-f026490623c4","version":"7.4.0"},"winlog":{"api":"wineventlog","channel":"Microsoft-Windows-Sysmon/Operational","version":2,"process":{"thread":{"id":5108},"pid":3208},"provider_name":"Microsoft-Windows-Sysmon","opcode":"Info","task":"Registry object added or deleted (rule: RegistryEvent)","computer_name":"ACCT001.shire.com","user":{"type":"User","identifier":"S-1-5-18","name":"SYSTEM","domain":"NT AUTHORITY"},"event_id":12,"provider_guid":"{5770385f-c22a-43e0-bf4c-06f5698ffbd9}","event_data":{"TargetObject":"HKLM\\System\\CurrentControlSet\\Control\\Hvsi","EventType":"CreateKey","UtcTime":"2019-10-28 02:32:03.627","ProcessGuid":"{a158f72c-a3a1-5db5-0000-0010e67e0800}","ProcessId":"5616","Image":"C:\\Windows\\Explorer.EXE"},"record_id":271899},"event":{"created":"2019-10-28T02:32:04.741Z","kind":"event","code":12,"action":"Registry object added or deleted (rule: RegistryEvent)"},"log":{"level":"information"},"message":"Registry object added or deleted:\nRuleName: \nEventType: CreateKey\nUtcTime: 2019-10-28 02:32:03.627\nProcessGuid: {a158f72c-a3a1-5db5-0000-0010e67e0800}\nProcessId: 5616\nImage: C:\\Windows\\Explorer.EXE\nTargetObject: HKLM\\System\\CurrentControlSet\\Control\\Hvsi","ecs":{"version":"1.1.0"}}
{"@timestamp":"2019-10-28T02:32:03.643Z","@metadata":{"beat":"winlogbeat","type":"_doc","version":"7.4.0","topic":"winlogbeat"},"host":{"name":"WECServer"},"agent":{"version":"7.4.0","type":"winlogbeat","ephemeral_id":"df5ad137-6594-4bd7-a3eb-e0eda670370c","hostname":"WECServer","id":"f8e32ecf-6ac8-4748-86ec-f026490623c4"},"winlog":{"opcode":"Info","provider_guid":"{5770385f-c22a-43e0-bf4c-06f5698ffbd9}","process":{"pid":3208,"thread":{"id":5108}},"event_id":10,"provider_name":"Microsoft-Windows-Sysmon","api":"wineventlog","record_id":271900,"task":"Process accessed (rule: ProcessAccess)","computer_name":"ACCT001.shire.com","event_data":{"SourceProcessGUID":"{a158f72c-a3a1-5db5-0000-0010e67e0800}","SourceProcessId":"5616","SourceThreadId":"4288","SourceImage":"C:\\Windows\\Explorer.EXE","GrantedAccess":"0x1000","CallTrace":"C:\\Windows\\SYSTEM32\\ntdll.dll+9c524|C:\\Windows\\System32\\KERNELBASE.dll+2730e|C:\\Windows\\System32\\NPSMDesktopProvider.dll+1dbfa|C:\\Windows\\System32\\NPSMDesktopProvider.dll+139e2|C:\\Windows\\System32\\NPSMDesktopProvider.dll+1415b|C:\\Windows\\System32\\shcore.dll+c590|C:\\Windows\\System32\\shcore.dll+c218|C:\\Windows\\System32\\shcore.dll+acb1|C:\\Windows\\System32\\KERNEL32.DLL+17944|C:\\Windows\\SYSTEM32\\ntdll.dll+6ce71","UtcTime":"2019-10-28 02:32:03.627","TargetProcessId":"2780","TargetProcessGUID":"{a158f72c-3a9b-5db6-0000-001001de8b00}","TargetImage":"C:\\Windows\\System32\\WindowsPowerShell\\v1.0\\powershell.exe"},"channel":"Microsoft-Windows-Sysmon/Operational","user":{"identifier":"S-1-5-18","name":"SYSTEM","domain":"NT AUTHORITY","type":"User"},"version":3},"event":{"kind":"event","code":10,"action":"Process accessed (rule: ProcessAccess)","created":"2019-10-28T02:32:04.741Z"},"log":{"level":"information"},"message":"Process accessed:\nRuleName: \nUtcTime: 2019-10-28 02:32:03.627\nSourceProcessGUID: {a158f72c-a3a1-5db5-0000-0010e67e0800}\nSourceProcessId: 5616\nSourceThreadId: 4288\nSourceImage: C:\\Windows\\Explorer.EXE\nTargetProcessGUID: {a158f72c-3a9b-5db6-0000-001001de8b00}\nTargetProcessId: 2780\nTargetImage: C:\\Windows\\System32\\WindowsPowerShell\\v1.0\\powershell.exe\nGrantedAccess: 0x1000\nCallTrace: C:\\Windows\\SYSTEM32\\ntdll.dll+9c524|C:\\Windows\\System32\\KERNELBASE.dll+2730e|C:\\Windows\\System32\\NPSMDesktopProvider.dll+1dbfa|C:\\Windows\\System32\\NPSMDesktopProvider.dll+139e2|C:\\Windows\\System32\\NPSMDesktopProvider.dll+1415b|C:\\Windows\\System32\\shcore.dll+c590|C:\\Windows\\System32\\shcore.dll+c218|C:\\Windows\\System32\\shcore.dll+acb1|C:\\Windows\\System32\\KERNEL32.DLL+17944|C:\\Windows\\SYSTEM32\\ntdll.dll+6ce71","ecs":{"version":"1.1.0"}}
