{"@timestamp":"2019-10-28T02:31:10.602Z","@metadata":{"beat":"winlogbeat","type":"_doc","version":"7.4.0","topic":"winlogbeat"},"message":"Process accessed:\nRuleName: \nUtcTime: 2019-10-28 02:31:10.595\nSourceProcessGUID: {a158f72c-a3a5-5db5-0000-0010b5b90900}\nSourceProcessId: 3776\nSourceThreadId: 5704\nSourceImage: C:\\Windows\\system32\\svchost.exe\nTargetProcessGUID: {a158f72c-3a9b-5db6-0000-001001de8b00}\nTargetProcessId: 2780\nTargetImage: C:\\Windows\\System32\\WindowsPowerShell\\v1.0\\powershell.exe\nGrantedAccess: 0x1400\nCallTrace: C:\\Windows\\SYSTEM32\\ntdll.dll+9c524|C:\\Windows\\System32\\KERNELBASE.dll+2730e|C:\\Windows\\System32\\appresolver.dll+1c466|C:\\Windows\\System32\\appresolver.dll+222e3|C:\\Windows\\System32\\appresolver.dll+1ed5c|c:\\windows\\system32\\cbdhsvc.dll+1fca4|C:\\Windows\\System32\\shcore.dll+c590|C:\\Windows\\System32\\shcore.dll+c218|C:\\Windows\\System32\\shcore.dll+acb1|C:\\Windows\\System32\\KERNEL32.DLL+17944|C:\\Windows\\SYSTEM32\\ntdll.dll+6ce71","winlog":{"process":{"pid":3208,"thread":{"id":5108}},"user":{"identifier":"S-1-5-18","name":"SYSTEM","domain":"NT AUTHORITY","type":"User"},"event_data":{"GrantedAccess":"0x1400","SourceThreadId":"5704","SourceImage":"C:\\Windows\\system32\\svchost.exe","TargetProcessGUID":"{a158f72c-3a9b-5db6-0000-001001de8b00}","CallTrace":"C:\\Windows\\SYSTEM32\\ntdll.dll+9c524|C:\\Windows\\System32\\KERNELBASE.dll+2730e|C:\\Windows\\System32\\appresolver.dll+1c466|C:\\Windows\\System32\\appresolver.dll+222e3|C:\\Windows\\System32\\appresolver.dll+1ed5c|c:\\windows\\system32\\cbdhsvc.dll+1fca4|C:\\Windows\\System32\\shcore.dll+c590|C:\\Windows\\System32\\shcore.dll+c218|C:\\Windows\\System32\\shcore.dll+acb1|C:\\Windows\\System32\\KERNEL32.DLL+17944|C:\\Windows\\SYSTEM32\\ntdll.dll+6ce71","SourceProcessGUID":"{a158f72c-a3a5-5db5-0000-0010b5b90900}","TargetProcessId":"2780","SourceProcessId":"3776","TargetImage":"C:\\Windows\\System32\\WindowsPowerShell\\v1.0\\powershell.exe","UtcTime":"2019-10-28 02:31:10.595"},"provider_guid":"{5770385f-c22a-43e0-bf4c-06f5698ffbd9}","event_id":10,"api":"wineventlog","channel":"Microsoft-Windows-Sysmon/Operational","provider_name":"Microsoft-Windows-Sysmon","record_id":271560,"task":"Process accessed (rule: ProcessAccess)","computer_name":"ACCT001.shire.com","opcode":"Info","version":3},"ecs":{"version":"1.1.0"},"host":{"name":"WECServer"},"agent":{"type":"winlogbeat","ephemeral_id":"df5ad137-6594-4bd7-a3eb-e0eda670370c","hostname":"WECServer","id":"f8e32ecf-6ac8-4748-86ec-f026490623c4","version":"7.4.0"},"event":{"kind":"event","code":10,"action":"Process accessed (rule: ProcessAccess)","created":"2019-10-28T02:31:13.255Z"},"log":{"level":"information"}}
{"@timestamp":"2019-10-28T02:31:10.606Z","@metadata":{"beat":"winlogbeat","type":"_doc","version":"7.4.0","topic":"winlogbeat"},"log":{"level":"information"},"ecs":{"version":"1.1.0"},"host":{"name":"WECServer"},"agent":{"id":"f8e32ecf-6ac8-4748-86ec-f026490623c4","version":"7.4.0","type":"winlogbeat","ephemeral_id":"df5ad137-6594-4bd7-a3eb-e0eda670370c","hostname":"WECServer"},"message":"Process accessed:\nRuleName: \nUtcTime: 2019-10-28 02:31:10.595\nSourceProcessGUID: {a158f72c-a399-5db5-0000-00105aa00400}\nSourceProcessId: 4720\nSourceThreadId: 6752\nSourceImage: C:\\Windows\\system32\\svchost.exe\nTargetProcessGUID: {a158f72c-a3a5-5db5-0000-0010b5b90900}\nTargetProcessId: 3776\nTargetImage: C:\\Windows\\system32\\svchost.exe\nGrantedAccess: 0x1000\nCallTrace: C:\\Windows\\SYSTEM32\\ntdll.dll+9d0f4|C:\\Windows\\System32\\RPCRT4.dll+2d2d4|C:\\Windows\\System32\\combase.dll+b59eb|c:\\windows\\system32\\windows.staterepository.dll+2d7e5|c:\\windows\\system32\\windows.staterepository.dll+32810|C:\\Windows\\System32\\RPCRT4.dll+76963|C:\\Windows\\System32\\RPCRT4.dll+da036|C:\\Windows\\System32\\RPCRT4.dll+38299|C:\\Windows\\System32\\combase.dll+a5443|C:\\Windows\\System32\\RPCRT4.dll+59a8b|C:\\Windows\\System32\\combase.dll+28263|C:\\Windows\\System32\\combase.dll+28053|C:\\Windows\\System32\\combase.dll+a8006|C:\\Windows\\System32\\combase.dll+5b72a|C:\\Windows\\System32\\combase.dll+a3c7d|C:\\Windows\\System32\\combase.dll+6a07c|C:\\Windows\\System32\\combase.dll+6a8e1|C:\\Windows\\System32\\combase.dll+6c088|C:\\Windows\\System32\\RPCRT4.dll+548d8|C:\\Windows\\System32\\RPCRT4.dll+2c931|C:\\Windows\\System32\\RPCRT4.dll+2c480|C:\\Windows\\System32\\RPCRT4.dll+1a6bf|C:\\Windows\\System32\\RPCRT4.dll+19d1a|C:\\Windows\\System32\\RPCRT4.dll+19301","winlog":{"opcode":"Info","user":{"name":"SYSTEM","domain":"NT AUTHORITY","type":"User","identifier":"S-1-5-18"},"event_id":10,"record_id":271561,"provider_name":"Microsoft-Windows-Sysmon","version":3,"channel":"Microsoft-Windows-Sysmon/Operational","task":"Process accessed (rule: ProcessAccess)","process":{"pid":3208,"thread":{"id":5108}},"event_data":{"SourceProcessGUID":"{a158f72c-a399-5db5-0000-00105aa00400}","SourceProcessId":"4720","SourceThreadId":"6752","GrantedAccess":"0x1000","TargetProcessGUID":"{a158f72c-a3a5-5db5-0000-0010b5b90900}","TargetImage":"C:\\Windows\\system32\\svchost.exe","CallTrace":"C:\\Windows\\SYSTEM32\\ntdll.dll+9d0f4|C:\\Windows\\System32\\RPCRT4.dll+2d2d4|C:\\Windows\\System32\\combase.dll+b59eb|c:\\windows\\system32\\windows.staterepository.dll+2d7e5|c:\\windows\\system32\\windows.staterepository.dll+32810|C:\\Windows\\System32\\RPCRT4.dll+76963|C:\\Windows\\System32\\RPCRT4.dll+da036|C:\\Windows\\System32\\RPCRT4.dll+38299|C:\\Windows\\System32\\combase.dll+a5443|C:\\Windows\\System32\\RPCRT4.dll+59a8b|C:\\Windows\\System32\\combase.dll+28263|C:\\Windows\\System32\\combase.dll+28053|C:\\Windows\\System32\\combase.dll+a8006|C:\\Windows\\System32\\combase.dll+5b72a|C:\\Windows\\System32\\combase.dll+a3c7d|C:\\Windows\\System32\\combase.dll+6a07c|C:\\Windows\\System32\\combase.dll+6a8e1|C:\\Windows\\System32\\combase.dll+6c088|C:\\Windows\\System32\\RPCRT4.dll+548d8|C:\\Windows\\System32\\RPCRT4.dll+2c931|C:\\Windows\\System32\\RPCRT4.dll+2c480|C:\\Windows\\System32\\RPCRT4.dll+1a6bf|C:\\Windows\\System32\\RPCRT4.dll+19d1a|C:\\Windows\\System32\\RPCRT4.dll+19301","UtcTime":"2019-10-28 02:31:10.595","SourceImage":"C:\\Windows\\system32\\svchost.exe","TargetProcessId":"3776"},"api":"wineventlog","computer_name":"ACCT001.shire.com","provider_guid":"{5770385f-c22a-43e0-bf4c-06f5698ffbd9}"},"event":{"kind":"event","code":10,"action":"Process accessed (rule: ProcessAccess)","created":"2019-10-28T02:31:13.256Z"}}
{"@timestamp":"2019-10-28T02:31:10.610Z","@metadata":{"beat":"winlogbeat","type":"_doc","version":"7.4.0","topic":"winlogbeat"},"log":{"level":"information"},"message":"Process accessed:\nRuleName: \nUtcTime: 2019-10-28 02:31:10.595\nSourceProcessGUID: {a158f72c-a3a5-5db5-0000-0010b5b90900}\nSourceProcessId: 3776\nSourceThreadId: 8940\nSourceImage: C:\\Windows\\system32\\svchost.exe\nTargetProcessGUID: {a158f72c-3a9b-5db6-0000-001001de8b00}\nTargetProcessId: 2780\nTargetImage: C:\\Windows\\System32\\WindowsPowerShell\\v1.0\\powershell.exe\nGrantedAccess: 0x1000\nCallTrace: C:\\Windows\\SYSTEM32\\ntdll.dll+9c524|C:\\Windows\\System32\\KERNELBASE.dll+2730e|c:\\windows\\system32\\cbdhsvc.dll+1ed62|c:\\windows\\system32\\cbdhsvc.dll+1e9c6|c:\\windows\\system32\\cbdhsvc.dll+1e61e|c:\\windows\\system32\\cbdhsvc.dll+1e289|c:\\windows\\system32\\cbdhsvc.dll+1ef72|c:\\windows\\system32\\cbdhsvc.dll+407ea|c:\\windows\\system32\\cbdhsvc.dll+3e5a7|c:\\windows\\system32\\cbdhsvc.dll+3db06|C:\\Windows\\System32\\shcore.dll+c590|C:\\Windows\\System32\\shcore.dll+c218|C:\\Windows\\System32\\shcore.dll+acb1|C:\\Windows\\System32\\KERNEL32.DLL+17944|C:\\Windows\\SYSTEM32\\ntdll.dll+6ce71","ecs":{"version":"1.1.0"},"host":{"name":"WECServer"},"agent":{"version":"7.4.0","type":"winlogbeat","ephemeral_id":"df5ad137-6594-4bd7-a3eb-e0eda670370c","hostname":"WECServer","id":"f8e32ecf-6ac8-4748-86ec-f026490623c4"},"winlog":{"provider_name":"Microsoft-Windows-Sysmon","user":{"identifier":"S-1-5-18","name":"SYSTEM","domain":"NT AUTHORITY","type":"User"},"event_id":10,"provider_guid":"{5770385f-c22a-43e0-bf4c-06f5698ffbd9}","version":3,"process":{"pid":3208,"thread":{"id":5108}},"task":"Process accessed (rule: ProcessAccess)","api":"wineventlog","event_data":{"TargetProcessGUID":"{a158f72c-3a9b-5db6-0000-001001de8b00}","TargetImage":"C:\\Windows\\System32\\WindowsPowerShell\\v1.0\\powershell.exe","GrantedAccess":"0x1000","UtcTime":"2019-10-28 02:31:10.595","SourceThreadId":"8940","TargetProcessId":"2780","SourceImage":"C:\\Windows\\system32\\svchost.exe","CallTrace":"C:\\Windows\\SYSTEM32\\ntdll.dll+9c524|C:\\Windows\\System32\\KERNELBASE.dll+2730e|c:\\windows\\system32\\cbdhsvc.dll+1ed62|c:\\windows\\system32\\cbdhsvc.dll+1e9c6|c:\\windows\\system32\\cbdhsvc.dll+1e61e|c:\\windows\\system32\\cbdhsvc.dll+1e289|c:\\windows\\system32\\cbdhsvc.dll+1ef72|c:\\windows\\system32\\cbdhsvc.dll+407ea|c:\\windows\\system32\\cbdhsvc.dll+3e5a7|c:\\windows\\system32\\cbdhsvc.dll+3db06|C:\\Windows\\System32\\shcore.dll+c590|C:\\Windows\\System32\\shcore.dll+c218|C:\\Windows\\System32\\shcore.dll+acb1|C:\\Windows\\System32\\KERNEL32.DLL+17944|C:\\Windows\\SYSTEM32\\ntdll.dll+6ce71","SourceProcessGUID":"{a158f72c-a3a5-5db5-0000-0010b5b90900}","SourceProcessId":"3776"},"computer_name":"ACCT001.shire.com","opcode":"Info","channel":"Microsoft-Windows-Sysmon/Operational","record_id":271562},"event":{"action":"Process accessed (rule: ProcessAccess)","created":"2019-10-28T02:31:13.256Z","kind":"event","code":10}}
{"@timestamp":"2019-10-28T02:31:10.616Z","@metadata":{"beat":"winlogbeat","type":"_doc","version":"7.4.0","topic":"winlogbeat"},"agent":{"type":"winlogbeat","ephemeral_id":"df5ad137-6594-4bd7-a3eb-e0eda670370c","hostname":"WECServer","id":"f8e32ecf-6ac8-4748-86ec-f026490623c4","version":"7.4.0"},"event":{"action":"Registry value set (rule: RegistryEvent)","created":"2019-10-28T02:31:13.256Z","kind":"event","code":13},"log":{"level":"information"},"message":"Registry value set:\nRuleName: \nEventType: SetValue\nUtcTime: 2019-10-28 02:31:10.610\nProcessGuid: {a158f72c-a3a1-5db5-0000-0010e67e0800}\nProcessId: 5616\nImage: C:\\Windows\\Explorer.EXE\nTargetObject: HKU\\S-1-5-21-2379224252-1048547738-3559495803-1113\\Software\\Microsoft\\Windows\\CurrentVersion\\ActivityDataModel\\ReaderRevisionInfo\\D3BD910A-E979-5DC6-3463-2727C7AF0B28\nDetails: Binary Data","winlog":{"user":{"type":"User","identifier":"S-1-5-18","name":"SYSTEM","domain":"NT AUTHORITY"},"opcode":"Info","task":"Registry value set (rule: RegistryEvent)","provider_name":"Microsoft-Windows-Sysmon","version":2,"process":{"thread":{"id":5108},"pid":3208},"event_id":13,"record_id":271563,"api":"wineventlog","computer_name":"ACCT001.shire.com","channel":"Microsoft-Windows-Sysmon/Operational","provider_guid":"{5770385f-c22a-43e0-bf4c-06f5698ffbd9}","event_data":{"EventType":"SetValue","UtcTime":"2019-10-28 02:31:10.610","ProcessGuid":"{a158f72c-a3a1-5db5-0000-0010e67e0800}","ProcessId":"5616","Image":"C:\\Windows\\Explorer.EXE","TargetObject":"HKU\\S-1-5-21-2379224252-1048547738-3559495803-1113\\Software\\Microsoft\\Windows\\CurrentVersion\\ActivityDataModel\\ReaderRevisionInfo\\D3BD910A-E979-5DC6-3463-2727C7AF0B28","Details":"Binary Data"}},"ecs":{"version":"1.1.0"},"host":{"name":"WECServer"}}
{"@timestamp":"2019-10-28T02:31:11.974Z","@metadata":{"beat":"winlogbeat","type":"_doc","version":"7.4.0","topic":"winlogbeat"},"host":{"name":"WECServer"},"winlog":{"opcode":"Info","provider_guid":"{54849625-5478-4994-a5ba-3e3b0328c30d}","event_id":5158,"record_id":40575,"task":"Filtering Platform Connection","api":"wineventlog","channel":"Security","provider_name":"Microsoft-Windows-Security-Auditing","keywords":["Audit Success"],"event_data":{"ProcessId":"2788","Application":"\\device\\harddiskvolume1\\windows\\system32\\svchost.exe","SourceAddress":"0.0.0.0","SourcePort":"53267","Protocol":"6","FilterRTID":"0","LayerName":"%%14608","LayerRTID":"36"},"computer_name":"FILE001.shire.com","process":{"pid":4,"thread":{"id":1448}}},"event":{"code":5158,"action":"Filtering Platform Connection","created":"2019-10-28T02:31:13.256Z","kind":"event"},"log":{"level":"information"},"message":"The Windows Filtering Platform has permitted a bind to a local port.\n\nApplication Information:\n\tProcess ID:\t\t2788\n\tApplication Name:\t\\device\\harddiskvolume1\\windows\\system32\\svchost.exe\n\nNetwork Information:\n\tSource Address:\t\t0.0.0.0\n\tSource Port:\t\t53267\n\tProtocol:\t\t6\n\nFilter Information:\n\tFilter Run-Time ID:\t0\n\tLayer Name:\t\tResource Assignment\n\tLayer Run-Time ID:\t36","agent":{"type":"winlogbeat","ephemeral_id":"df5ad137-6594-4bd7-a3eb-e0eda670370c","hostname":"WECServer","id":"f8e32ecf-6ac8-4748-86ec-f026490623c4","version":"7.4.0"},"ecs":{"version":"1.1.0"}}
{"@timestamp":"2019-10-28T02:31:11.974Z","@metadata":{"beat":"winlogbeat","type":"_doc","version":"7.4.0","topic":"winlogbeat"},"winlog":{"process":{"pid":4,"thread":{"id":1448}},"channel":"Security","keywords":["Audit Success"],"provider_name":"Microsoft-Windows-Security-Auditing","task":"Filtering Platform Connection","version":1,"computer_name":"FILE001.shire.com","provider_guid":"{54849625-5478-4994-a5ba-3e3b0328c30d}","event_data":{"DestPort":"5985","Protocol":"6","LayerName":"%%14611","Direction":"%%14593","DestAddress":"172.18.39.102","RemoteUserID":"S-1-0-0","Application":"\\device\\harddiskvolume1\\windows\\system32\\svchost.exe","SourceAddress":"172.18.39.103","SourcePort":"53267","FilterRTID":"67859","LayerRTID":"48","ProcessID":"2788","RemoteMachineID":"S-1-0-0"},"event_id":5156,"api":"wineventlog","opcode":"Info","record_id":40576},"event":{"action":"Filtering Platform Connection","created":"2019-10-28T02:31:13.256Z","kind":"event","code":5156},"host":{"name":"WECServer"},"agent":{"type":"winlogbeat","ephemeral_id":"df5ad137-6594-4bd7-a3eb-e0eda670370c","hostname":"WECServer","id":"f8e32ecf-6ac8-4748-86ec-f026490623c4","version":"7.4.0"},"ecs":{"version":"1.1.0"},"log":{"level":"information"},"message":"The Windows Filtering Platform has permitted a connection.\n\nApplication Information:\n\tProcess ID:\t\t2788\n\tApplication Name:\t\\device\\harddiskvolume1\\windows\\system32\\svchost.exe\n\nNetwork Information:\n\tDirection:\t\tOutbound\n\tSource Address:\t\t172.18.39.103\n\tSource Port:\t\t53267\n\tDestination Address:\t172.18.39.102\n\tDestination Port:\t\t5985\n\tProtocol:\t\t6\n\nFilter Information:\n\tFilter Run-Time ID:\t67859\n\tLayer Name:\t\tConnect\n\tLayer Run-Time ID:\t48"}
{"@timestamp":"2019-10-28T02:31:12.221Z","@metadata":{"beat":"winlogbeat","type":"_doc","version":"7.4.0","topic":"winlogbeat"},"log":{"level":"information"},"message":"Process accessed:\nRuleName: \nUtcTime: 2019-10-28 02:31:12.220\nSourceProcessGUID: {a158f72c-a394-5db5-0000-0010015a0200}\nSourceProcessId: 3560\nSourceThreadId: 3672\nSourceImage: C:\\Windows\\System32\\svchost.exe\nTargetProcessGUID: {a158f72c-a393-5db5-0000-0010e60d0200}\nTargetProcessId: 3080\nTargetImage: C:\\Program Files\\Amazon\\Ec2ConfigService\\Ec2Config.exe\nGrantedAccess: 0x1400\nCallTrace: C:\\Windows\\SYSTEM32\\ntdll.dll+9c524|C:\\Windows\\System32\\KERNELBASE.dll+2730e|c:\\windows\\system32\\rasmans.dll+3751b|c:\\windows\\system32\\rasmans.dll+36fad|c:\\windows\\system32\\rasmans.dll+10ed8|c:\\windows\\system32\\rasmans.dll+33cd5|C:\\Windows\\System32\\svchost.exe+314c|C:\\Windows\\System32\\sechost.dll+2de2|C:\\Windows\\System32\\KERNEL32.DLL+17944|C:\\Windows\\SYSTEM32\\ntdll.dll+6ce71","winlog":{"event_id":10,"api":"wineventlog","computer_name":"ACCT001.shire.com","version":3,"record_id":271564,"process":{"pid":3208,"thread":{"id":5108}},"provider_guid":"{5770385f-c22a-43e0-bf4c-06f5698ffbd9}","channel":"Microsoft-Windows-Sysmon/Operational","provider_name":"Microsoft-Windows-Sysmon","task":"Process accessed (rule: ProcessAccess)","opcode":"Info","user":{"identifier":"S-1-5-18","name":"SYSTEM","domain":"NT AUTHORITY","type":"User"},"event_data":{"TargetProcessId":"3080","TargetProcessGUID":"{a158f72c-a393-5db5-0000-0010e60d0200}","CallTrace":"C:\\Windows\\SYSTEM32\\ntdll.dll+9c524|C:\\Windows\\System32\\KERNELBASE.dll+2730e|c:\\windows\\system32\\rasmans.dll+3751b|c:\\windows\\system32\\rasmans.dll+36fad|c:\\windows\\system32\\rasmans.dll+10ed8|c:\\windows\\system32\\rasmans.dll+33cd5|C:\\Windows\\System32\\svchost.exe+314c|C:\\Windows\\System32\\sechost.dll+2de2|C:\\Windows\\System32\\KERNEL32.DLL+17944|C:\\Windows\\SYSTEM32\\ntdll.dll+6ce71","SourceImage":"C:\\Windows\\System32\\svchost.exe","GrantedAccess":"0x1400","UtcTime":"2019-10-28 02:31:12.220","SourceProcessGUID":"{a158f72c-a394-5db5-0000-0010015a0200}","TargetImage":"C:\\Program Files\\Amazon\\Ec2ConfigService\\Ec2Config.exe","SourceThreadId":"3672","SourceProcessId":"3560"}},"event":{"kind":"event","code":10,"action":"Process accessed (rule: ProcessAccess)","created":"2019-10-28T02:31:14.264Z"},"ecs":{"version":"1.1.0"},"host":{"name":"WECServer"},"agent":{"type":"winlogbeat","ephemeral_id":"df5ad137-6594-4bd7-a3eb-e0eda670370c","hostname":"WECServer","id":"f8e32ecf-6ac8-4748-86ec-f026490623c4","version":"7.4.0"}}
{"@timestamp":"2019-10-28T02:31:12.656Z","@metadata":{"beat":"winlogbeat","type":"_doc","version":"7.4.0","topic":"winlogbeat"},"event":{"code":18,"action":"Pipe Connected (rule: PipeEvent)","created":"2019-10-28T02:31:14.264Z","kind":"event"},"log":{"level":"information"},"agent":{"id":"f8e32ecf-6ac8-4748-86ec-f026490623c4","version":"7.4.0","type":"winlogbeat","ephemeral_id":"df5ad137-6594-4bd7-a3eb-e0eda670370c","hostname":"WECServer"},"ecs":{"version":"1.1.0"},"host":{"name":"WECServer"},"message":"Pipe Connected:\nRuleName: \nEventType: ConnectPipe\nUtcTime: 2019-10-28 02:31:12.654\nProcessGuid: {962923ac-a0f3-5db5-0000-001068030200}\nProcessId: 3060\nPipeName: \\lsass\nImage: C:\\Windows\\system32\\dns.exe","winlog":{"version":1,"event_id":18,"provider_name":"Microsoft-Windows-Sysmon","api":"wineventlog","computer_name":"HFDC01.shire.com","provider_guid":"{5770385f-c22a-43e0-bf4c-06f5698ffbd9}","record_id":222726,"task":"Pipe Connected (rule: PipeEvent)","process":{"pid":2044,"thread":{"id":3656}},"channel":"Microsoft-Windows-Sysmon/Operational","opcode":"Info","user":{"domain":"NT AUTHORITY","type":"User","identifier":"S-1-5-18","name":"SYSTEM"},"event_data":{"ProcessId":"3060","PipeName":"\\lsass","Image":"C:\\Windows\\system32\\dns.exe","EventType":"ConnectPipe","UtcTime":"2019-10-28 02:31:12.654","ProcessGuid":"{962923ac-a0f3-5db5-0000-001068030200}"}}}
{"@timestamp":"2019-10-28T02:31:13.237Z","@metadata":{"beat":"winlogbeat","type":"_doc","version":"7.4.0","topic":"winlogbeat"},"ecs":{"version":"1.1.0"},"host":{"name":"WECServer"},"agent":{"hostname":"WECServer","id":"f8e32ecf-6ac8-4748-86ec-f026490623c4","version":"7.4.0","type":"winlogbeat","ephemeral_id":"df5ad137-6594-4bd7-a3eb-e0eda670370c"},"winlog":{"process":{"thread":{"id":3312},"pid":2756},"version":5,"task":"Network connection detected (rule: NetworkConnect)","api":"wineventlog","provider_guid":"{5770385f-c22a-43e0-bf4c-06f5698ffbd9}","channel":"Microsoft-Windows-Sysmon/Operational","event_id":3,"computer_name":"FILE001.shire.com","provider_name":"Microsoft-Windows-Sysmon","opcode":"Info","event_data":{"ProcessId":"2788","DestinationPort":"5985","SourceIp":"172.18.39.103","Protocol":"tcp","DestinationIp":"172.18.39.102","SourceHostname":"FILE001.shire.com","DestinationIsIpv6":"false","ProcessGuid":"{37dc4fc9-a33d-5db5-0000-0010cb9d0100}","Image":"C:\\Windows\\System32\\svchost.exe","DestinationHostname":"ip-172-18-39-102.ec2.internal","Initiated":"true","UtcTime":"2019-10-28 02:31:12.406","User":"NT AUTHORITY\\NETWORK SERVICE","SourceIsIpv6":"false","SourcePort":"53267"},"record_id":147793,"user":{"identifier":"S-1-5-18","name":"SYSTEM","domain":"NT AUTHORITY","type":"User"}},"event":{"kind":"event","code":3,"action":"Network connection detected (rule: NetworkConnect)","created":"2019-10-28T02:31:14.264Z"},"log":{"level":"information"},"message":"Network connection detected:\nRuleName: \nUtcTime: 2019-10-28 02:31:12.406\nProcessGuid: {37dc4fc9-a33d-5db5-0000-0010cb9d0100}\nProcessId: 2788\nImage: C:\\Windows\\System32\\svchost.exe\nUser: NT AUTHORITY\\NETWORK SERVICE\nProtocol: tcp\nInitiated: true\nSourceIsIpv6: false\nSourceIp: 172.18.39.103\nSourceHostname: FILE001.shire.com\nSourcePort: 53267\nSourcePortName: \nDestinationIsIpv6: false\nDestinationIp: 172.18.39.102\nDestinationHostname: ip-172-18-39-102.ec2.internal\nDestinationPort: 5985\nDestinationPortName: "}
{"@timestamp":"2019-10-28T02:31:14.042Z","@metadata":{"beat":"winlogbeat","type":"_doc","version":"7.4.0","topic":"winlogbeat"},"winlog":{"process":{"pid":3196,"thread":{"id":4324}},"user":{"name":"SYSTEM","domain":"NT AUTHORITY","type":"User","identifier":"S-1-5-18"},"opcode":"Info","version":3,"record_id":200349,"api":"wineventlog","provider_guid":"{5770385f-c22a-43e0-bf4c-06f5698ffbd9}","event_data":{"TargetProcessId":"3112","CallTrace":"C:\\Windows\\SYSTEM32\\ntdll.dll+9c524|C:\\Windows\\System32\\KERNELBASE.dll+2730e|c:\\windows\\system32\\rasmans.dll+3751b|c:\\windows\\system32\\rasmans.dll+36fad|c:\\windows\\system32\\rasmans.dll+10ed8|c:\\windows\\system32\\rasmans.dll+33cd5|C:\\Windows\\System32\\svchost.exe+314c|C:\\Windows\\System32\\sechost.dll+2de2|C:\\Windows\\System32\\KERNEL32.DLL+17944|C:\\Windows\\SYSTEM32\\ntdll.dll+6ce71","UtcTime":"2019-10-28 02:31:14.041","TargetProcessGUID":"{a158f72c-a3a7-5db5-0000-0010ab1f0200}","SourceProcessGUID":"{a158f72c-a3a8-5db5-0000-001005670200}","SourceProcessId":"3604","SourceThreadId":"3688","TargetImage":"C:\\Program Files\\Amazon\\Ec2ConfigService\\Ec2Config.exe","GrantedAccess":"0x1400","SourceImage":"C:\\Windows\\System32\\svchost.exe"},"channel":"Microsoft-Windows-Sysmon/Operational","provider_name":"Microsoft-Windows-Sysmon","computer_name":"IT001.shire.com","event_id":10,"task":"Process accessed (rule: ProcessAccess)"},"event":{"action":"Process accessed (rule: ProcessAccess)","created":"2019-10-28T02:31:16.282Z","kind":"event","code":10},"log":{"level":"information"},"message":"Process accessed:\nRuleName: \nUtcTime: 2019-10-28 02:31:14.041\nSourceProcessGUID: {a158f72c-a3a8-5db5-0000-001005670200}\nSourceProcessId: 3604\nSourceThreadId: 3688\nSourceImage: C:\\Windows\\System32\\svchost.exe\nTargetProcessGUID: {a158f72c-a3a7-5db5-0000-0010ab1f0200}\nTargetProcessId: 3112\nTargetImage: C:\\Program Files\\Amazon\\Ec2ConfigService\\Ec2Config.exe\nGrantedAccess: 0x1400\nCallTrace: C:\\Windows\\SYSTEM32\\ntdll.dll+9c524|C:\\Windows\\System32\\KERNELBASE.dll+2730e|c:\\windows\\system32\\rasmans.dll+3751b|c:\\windows\\system32\\rasmans.dll+36fad|c:\\windows\\system32\\rasmans.dll+10ed8|c:\\windows\\system32\\rasmans.dll+33cd5|C:\\Windows\\System32\\svchost.exe+314c|C:\\Windows\\System32\\sechost.dll+2de2|C:\\Windows\\System32\\KERNEL32.DLL+17944|C:\\Windows\\SYSTEM32\\ntdll.dll+6ce71","agent":{"type":"winlogbeat","ephemeral_id":"df5ad137-6594-4bd7-a3eb-e0eda670370c","hostname":"WECServer","id":"f8e32ecf-6ac8-4748-86ec-f026490623c4","version":"7.4.0"},"ecs":{"version":"1.1.0"},"host":{"name":"WECServer"}}
{"@timestamp":"2019-10-28T02:31:15.841Z","@metadata":{"beat":"winlogbeat","type":"_doc","version":"7.4.0","topic":"winlogbeat"},"ecs":{"version":"1.1.0"},"host":{"name":"WECServer"},"agent":{"type":"winlogbeat","ephemeral_id":"df5ad137-6594-4bd7-a3eb-e0eda670370c","hostname":"WECServer","id":"f8e32ecf-6ac8-4748-86ec-f026490623c4","version":"7.4.0"},"event":{"code":5158,"action":"Filtering Platform Connection","created":"2019-10-28T02:31:18.289Z","kind":"event"},"log":{"level":"information"},"message":"The Windows Filtering Platform has permitted a bind to a local port.\n\nApplication Information:\n\tProcess ID:\t\t3276\n\tApplication Name:\t\\device\\harddiskvolume2\\windows\\system32\\svchost.exe\n\nNetwork Information:\n\tSource Address:\t\t0.0.0.0\n\tSource Port:\t\t54293\n\tProtocol:\t\t6\n\nFilter Information:\n\tFilter Run-Time ID:\t0\n\tLayer Name:\t\tResource Assignment\n\tLayer Run-Time ID:\t36","winlog":{"channel":"security","event_id":5158,"provider_guid":"{54849625-5478-4994-a5ba-3e3b0328c30d}","process":{"pid":4,"thread":{"id":7388}},"task":"Filtering Platform Connection","api":"wineventlog","opcode":"Info","event_data":{"ProcessId":"3276","Application":"\\device\\harddiskvolume2\\windows\\system32\\svchost.exe","SourceAddress":"0.0.0.0","SourcePort":"54293","Protocol":"6","FilterRTID":"0","LayerName":"%%14608","LayerRTID":"36"},"provider_name":"Microsoft-Windows-Security-Auditing","record_id":35722,"computer_name":"IT001.shire.com","keywords":["Audit Success"]}}
{"@timestamp":"2019-10-28T02:31:15.841Z","@metadata":{"beat":"winlogbeat","type":"_doc","version":"7.4.0","topic":"winlogbeat"},"log":{"level":"information"},"message":"The Windows Filtering Platform has permitted a connection.\n\nApplication Information:\n\tProcess ID:\t\t3276\n\tApplication Name:\t\\device\\harddiskvolume2\\windows\\system32\\svchost.exe\n\nNetwork Information:\n\tDirection:\t\tOutbound\n\tSource Address:\t\t172.18.39.105\n\tSource Port:\t\t54293\n\tDestination Address:\t172.18.39.102\n\tDestination Port:\t\t5985\n\tProtocol:\t\t6\n\nFilter Information:\n\tFilter Run-Time ID:\t67260\n\tLayer Name:\t\tConnect\n\tLayer Run-Time ID:\t48","winlog":{"api":"wineventlog","channel":"security","opcode":"Info","version":1,"event_id":5156,"task":"Filtering Platform Connection","record_id":35723,"process":{"pid":4,"thread":{"id":7388}},"event_data":{"DestAddress":"172.18.39.102","RemoteUserID":"S-1-0-0","RemoteMachineID":"S-1-0-0","DestPort":"5985","Protocol":"6","FilterRTID":"67260","Direction":"%%14593","SourceAddress":"172.18.39.105","LayerName":"%%14611","LayerRTID":"48","ProcessID":"3276","Application":"\\device\\harddiskvolume2\\windows\\system32\\svchost.exe","SourcePort":"54293"},"provider_name":"Microsoft-Windows-Security-Auditing","computer_name":"IT001.shire.com","keywords":["Audit Success"],"provider_guid":"{54849625-5478-4994-a5ba-3e3b0328c30d}"},"event":{"kind":"event","code":5156,"action":"Filtering Platform Connection","created":"2019-10-28T02:31:18.289Z"},"ecs":{"version":"1.1.0"},"host":{"name":"WECServer"},"agent":{"type":"winlogbeat","ephemeral_id":"df5ad137-6594-4bd7-a3eb-e0eda670370c","hostname":"WECServer","id":"f8e32ecf-6ac8-4748-86ec-f026490623c4","version":"7.4.0"}}
{"@timestamp":"2019-10-28T02:31:16.932Z","@metadata":{"beat":"winlogbeat","type":"_doc","version":"7.4.0","topic":"winlogbeat"},"agent":{"id":"f8e32ecf-6ac8-4748-86ec-f026490623c4","version":"7.4.0","type":"winlogbeat","ephemeral_id":"df5ad137-6594-4bd7-a3eb-e0eda670370c","hostname":"WECServer"},"winlog":{"event_id":3,"task":"Network connection detected (rule: NetworkConnect)","api":"wineventlog","computer_name":"IT001.shire.com","version":5,"process":{"pid":3196,"thread":{"id":4056}},"user":{"domain":"NT AUTHORITY","type":"User","identifier":"S-1-5-18","name":"SYSTEM"},"event_data":{"SourceIp":"172.18.39.105","DestinationHostname":"ip-172-18-39-102.ec2.internal","ProcessGuid":"{a158f72c-a3a8-5db5-0000-0010ef350200}","SourceIsIpv6":"false","SourceHostname":"IT001.shire.com","DestinationPort":"5985","Initiated":"true","DestinationIp":"172.18.39.102","SourcePort":"54293","ProcessId":"3276","Protocol":"tcp","User":"NT AUTHORITY\\NETWORK SERVICE","UtcTime":"2019-10-28 02:31:16.117","Image":"C:\\Windows\\System32\\svchost.exe","DestinationIsIpv6":"false"},"channel":"Microsoft-Windows-Sysmon/Operational","record_id":200350,"provider_guid":"{5770385f-c22a-43e0-bf4c-06f5698ffbd9}","provider_name":"Microsoft-Windows-Sysmon","opcode":"Info"},"event":{"kind":"event","code":3,"action":"Network connection detected (rule: NetworkConnect)","created":"2019-10-28T02:31:18.289Z"},"log":{"level":"information"},"message":"Network connection detected:\nRuleName: \nUtcTime: 2019-10-28 02:31:16.117\nProcessGuid: {a158f72c-a3a8-5db5-0000-0010ef350200}\nProcessId: 3276\nImage: C:\\Windows\\System32\\svchost.exe\nUser: NT AUTHORITY\\NETWORK SERVICE\nProtocol: tcp\nInitiated: true\nSourceIsIpv6: false\nSourceIp: 172.18.39.105\nSourceHostname: IT001.shire.com\nSourcePort: 54293\nSourcePortName: \nDestinationIsIpv6: false\nDestinationIp: 172.18.39.102\nDestinationHostname: ip-172-18-39-102.ec2.internal\nDestinationPort: 5985\nDestinationPortName: ","ecs":{"version":"1.1.0"},"host":{"name":"WECServer"}}
{"@timestamp":"2019-10-28T02:31:17.749Z","@metadata":{"beat":"winlogbeat","type":"_doc","version":"7.4.0","topic":"winlogbeat"},"log":{"level":"information"},"message":"Process accessed:\nRuleName: \nUtcTime: 2019-10-28 02:31:17.749\nSourceProcessGUID: {a158f72c-a36e-5db5-0000-0010f8fd0200}\nSourceProcessId: 4228\nSourceThreadId: 4364\nSourceImage: C:\\Windows\\System32\\svchost.exe\nTargetProcessGUID: {a158f72c-a36d-5db5-0000-0010fdb50200}\nTargetProcessId: 3860\nTargetImage: C:\\Program Files\\Amazon\\Ec2ConfigService\\Ec2Config.exe\nGrantedAccess: 0x1400\nCallTrace: C:\\Windows\\SYSTEM32\\ntdll.dll+9c524|C:\\Windows\\System32\\KERNELBASE.dll+2730e|c:\\windows\\system32\\rasmans.dll+3751b|c:\\windows\\system32\\rasmans.dll+36fad|c:\\windows\\system32\\rasmans.dll+10ed8|c:\\windows\\system32\\rasmans.dll+33cd5|C:\\Windows\\System32\\svchost.exe+314c|C:\\Windows\\System32\\sechost.dll+2de2|C:\\Windows\\System32\\KERNEL32.DLL+17944|C:\\Windows\\SYSTEM32\\ntdll.dll+6ce71","ecs":{"version":"1.1.0"},"host":{"name":"WECServer"},"agent":{"id":"f8e32ecf-6ac8-4748-86ec-f026490623c4","version":"7.4.0","type":"winlogbeat","ephemeral_id":"df5ad137-6594-4bd7-a3eb-e0eda670370c","hostname":"WECServer"},"winlog":{"event_id":10,"provider_guid":"{5770385f-c22a-43e0-bf4c-06f5698ffbd9}","record_id":207879,"task":"Process accessed (rule: ProcessAccess)","version":3,"process":{"pid":3980,"thread":{"id":5276}},"user":{"type":"User","identifier":"S-1-5-18","name":"SYSTEM","domain":"NT AUTHORITY"},"api":"wineventlog","computer_name":"HR001.shire.com","opcode":"Info","event_data":{"UtcTime":"2019-10-28 02:31:17.749","SourceProcessGUID":"{a158f72c-a36e-5db5-0000-0010f8fd0200}","SourceThreadId":"4364","SourceImage":"C:\\Windows\\System32\\svchost.exe","TargetProcessGUID":"{a158f72c-a36d-5db5-0000-0010fdb50200}","TargetProcessId":"3860","SourceProcessId":"4228","CallTrace":"C:\\Windows\\SYSTEM32\\ntdll.dll+9c524|C:\\Windows\\System32\\KERNELBASE.dll+2730e|c:\\windows\\system32\\rasmans.dll+3751b|c:\\windows\\system32\\rasmans.dll+36fad|c:\\windows\\system32\\rasmans.dll+10ed8|c:\\windows\\system32\\rasmans.dll+33cd5|C:\\Windows\\System32\\svchost.exe+314c|C:\\Windows\\System32\\sechost.dll+2de2|C:\\Windows\\System32\\KERNEL32.DLL+17944|C:\\Windows\\SYSTEM32\\ntdll.dll+6ce71","TargetImage":"C:\\Program Files\\Amazon\\Ec2ConfigService\\Ec2Config.exe","GrantedAccess":"0x1400"},"channel":"Microsoft-Windows-Sysmon/Operational","provider_name":"Microsoft-Windows-Sysmon"},"event":{"kind":"event","code":10,"action":"Process accessed (rule: ProcessAccess)","created":"2019-10-28T02:31:20.292Z"}}
{"@timestamp":"2019-10-28T02:31:20.818Z","@metadata":{"beat":"winlogbeat","type":"_doc","version":"7.4.0","topic":"winlogbeat"},"event":{"kind":"event","code":10,"action":"Process accessed (rule: ProcessAccess)","created":"2019-10-28T02:31:23.303Z"},"ecs":{"version":"1.1.0"},"host":{"name":"WECServer"},"agent":{"hostname":"WECServer","id":"f8e32ecf-6ac8-4748-86ec-f026490623c4","version":"7.4.0","type":"winlogbeat","ephemeral_id":"df5ad137-6594-4bd7-a3eb-e0eda670370c"},"log":{"level":"information"},"message":"Process accessed:\nRuleName: \nUtcTime: 2019-10-28 02:31:20.814\nSourceProcessGUID: {a158f72c-a3a5-5db5-0000-0010b5b90900}\nSourceProcessId: 3776\nSourceThreadId: 8940\nSourceImage: C:\\Windows\\system32\\svchost.exe\nTargetProcessGUID: {a158f72c-3a9b-5db6-0000-001001de8b00}\nTargetProcessId: 2780\nTargetImage: C:\\Windows\\System32\\WindowsPowerShell\\v1.0\\powershell.exe\nGrantedAccess: 0x1000\nCallTrace: C:\\Windows\\SYSTEM32\\ntdll.dll+9c524|C:\\Windows\\System32\\KERNELBASE.dll+2730e|c:\\windows\\system32\\cbdhsvc.dll+b4ff0|c:\\windows\\system32\\cbdhsvc.dll+1e838|c:\\windows\\system32\\cbdhsvc.dll+1e17e|c:\\windows\\system32\\cbdhsvc.dll+1ef72|c:\\windows\\system32\\cbdhsvc.dll+407ea|c:\\windows\\system32\\cbdhsvc.dll+3e5a7|c:\\windows\\system32\\cbdhsvc.dll+3db06|C:\\Windows\\System32\\shcore.dll+c590|C:\\Windows\\System32\\shcore.dll+c218|C:\\Windows\\System32\\shcore.dll+acb1|C:\\Windows\\System32\\KERNEL32.DLL+17944|C:\\Windows\\SYSTEM32\\ntdll.dll+6ce71","winlog":{"event_id":10,"api":"wineventlog","event_data":{"SourceProcessGUID":"{a158f72c-a3a5-5db5-0000-0010b5b90900}","SourceThreadId":"8940","TargetProcessGUID":"{a158f72c-3a9b-5db6-0000-001001de8b00}","GrantedAccess":"0x1000","CallTrace":"C:\\Windows\\SYSTEM32\\ntdll.dll+9c524|C:\\Windows\\System32\\KERNELBASE.dll+2730e|c:\\windows\\system32\\cbdhsvc.dll+b4ff0|c:\\windows\\system32\\cbdhsvc.dll+1e838|c:\\windows\\system32\\cbdhsvc.dll+1e17e|c:\\windows\\system32\\cbdhsvc.dll+1ef72|c:\\windows\\system32\\cbdhsvc.dll+407ea|c:\\windows\\system32\\cbdhsvc.dll+3e5a7|c:\\windows\\system32\\cbdhsvc.dll+3db06|C:\\Windows\\System32\\shcore.dll+c590|C:\\Windows\\System32\\shcore.dll+c218|C:\\Windows\\System32\\shcore.dll+acb1|C:\\Windows\\System32\\KERNEL32.DLL+17944|C:\\Windows\\SYSTEM32\\ntdll.dll+6ce71","SourceProcessId":"3776","TargetProcessId":"2780","TargetImage":"C:\\Windows\\System32\\WindowsPowerShell\\v1.0\\powershell.exe","UtcTime":"2019-10-28 02:31:20.814","SourceImage":"C:\\Windows\\system32\\svchost.exe"},"record_id":271565,"task":"Process accessed (rule: ProcessAccess)","computer_name":"ACCT001.shire.com","version":3,"process":{"pid":3208,"thread":{"id":5108}},"channel":"Microsoft-Windows-Sysmon/Operational","provider_name":"Microsoft-Windows-Sysmon","provider_guid":"{5770385f-c22a-43e0-bf4c-06f5698ffbd9}","opcode":"Info","user":{"name":"SYSTEM","domain":"NT AUTHORITY","type":"User","identifier":"S-1-5-18"}}}
{"@timestamp":"2019-10-28T02:31:20.818Z","@metadata":{"beat":"winlogbeat","type":"_doc","version":"7.4.0","topic":"winlogbeat"},"host":{"name":"WECServer"},"agent":{"type":"winlogbeat","ephemeral_id":"df5ad137-6594-4bd7-a3eb-e0eda670370c","hostname":"WECServer","id":"f8e32ecf-6ac8-4748-86ec-f026490623c4","version":"7.4.0"},"ecs":{"version":"1.1.0"},"winlog":{"provider_name":"Microsoft-Windows-Sysmon","computer_name":"ACCT001.shire.com","provider_guid":"{5770385f-c22a-43e0-bf4c-06f5698ffbd9}","task":"Process accessed (rule: ProcessAccess)","version":3,"event_data":{"CallTrace":"C:\\Windows\\SYSTEM32\\ntdll.dll+9c524|C:\\Windows\\System32\\KERNELBASE.dll+2730e|c:\\windows\\system32\\cbdhsvc.dll+1fb9d|C:\\Windows\\System32\\shcore.dll+c590|C:\\Windows\\System32\\shcore.dll+c218|C:\\Windows\\System32\\shcore.dll+acb1|C:\\Windows\\System32\\KERNEL32.DLL+17944|C:\\Windows\\SYSTEM32\\ntdll.dll+6ce71","SourceImage":"C:\\Windows\\system32\\svchost.exe","UtcTime":"2019-10-28 02:31:20.814","SourceProcessGUID":"{a158f72c-a3a5-5db5-0000-0010b5b90900}","GrantedAccess":"0x1000","SourceProcessId":"3776","SourceThreadId":"5704","TargetProcessGUID":"{a158f72c-3a9b-5db6-0000-001001de8b00}","TargetProcessId":"2780","TargetImage":"C:\\Windows\\System32\\WindowsPowerShell\\v1.0\\powershell.exe"},"channel":"Microsoft-Windows-Sysmon/Operational","event_id":10,"opcode":"Info","process":{"thread":{"id":5108},"pid":3208},"user":{"domain":"NT AUTHORITY","type":"User","identifier":"S-1-5-18","name":"SYSTEM"},"record_id":271566,"api":"wineventlog"},"event":{"created":"2019-10-28T02:31:23.303Z","kind":"event","code":10,"action":"Process accessed (rule: ProcessAccess)"},"log":{"level":"information"},"message":"Process accessed:\nRuleName: \nUtcTime: 2019-10-28 02:31:20.814\nSourceProcessGUID: {a158f72c-a3a5-5db5-0000-0010b5b90900}\nSourceProcessId: 3776\nSourceThreadId: 5704\nSourceImage: C:\\Windows\\system32\\svchost.exe\nTargetProcessGUID: {a158f72c-3a9b-5db6-0000-001001de8b00}\nTargetProcessId: 2780\nTargetImage: C:\\Windows\\System32\\WindowsPowerShell\\v1.0\\powershell.exe\nGrantedAccess: 0x1000\nCallTrace: C:\\Windows\\SYSTEM32\\ntdll.dll+9c524|C:\\Windows\\System32\\KERNELBASE.dll+2730e|c:\\windows\\system32\\cbdhsvc.dll+1fb9d|C:\\Windows\\System32\\shcore.dll+c590|C:\\Windows\\System32\\shcore.dll+c218|C:\\Windows\\System32\\shcore.dll+acb1|C:\\Windows\\System32\\KERNEL32.DLL+17944|C:\\Windows\\SYSTEM32\\ntdll.dll+6ce71"}
{"@timestamp":"2019-10-28T02:31:20.818Z","@metadata":{"beat":"winlogbeat","type":"_doc","version":"7.4.0","topic":"winlogbeat"},"log":{"level":"information"},"message":"Process accessed:\nRuleName: \nUtcTime: 2019-10-28 02:31:20.814\nSourceProcessGUID: {a158f72c-a3a5-5db5-0000-0010b5b90900}\nSourceProcessId: 3776\nSourceThreadId: 5704\nSourceImage: C:\\Windows\\system32\\svchost.exe\nTargetProcessGUID: {a158f72c-3a9b-5db6-0000-001001de8b00}\nTargetProcessId: 2780\nTargetImage: C:\\Windows\\System32\\WindowsPowerShell\\v1.0\\powershell.exe\nGrantedAccess: 0x1000\nCallTrace: C:\\Windows\\SYSTEM32\\ntdll.dll+9c524|C:\\Windows\\System32\\KERNELBASE.dll+2730e|C:\\Windows\\System32\\appresolver.dll+22125|C:\\Windows\\System32\\appresolver.dll+1ed5c|c:\\windows\\system32\\cbdhsvc.dll+1fca4|C:\\Windows\\System32\\shcore.dll+c590|C:\\Windows\\System32\\shcore.dll+c218|C:\\Windows\\System32\\shcore.dll+acb1|C:\\Windows\\System32\\KERNEL32.DLL+17944|C:\\Windows\\SYSTEM32\\ntdll.dll+6ce71","winlog":{"user":{"domain":"NT AUTHORITY","type":"User","identifier":"S-1-5-18","name":"SYSTEM"},"event_data":{"TargetImage":"C:\\Windows\\System32\\WindowsPowerShell\\v1.0\\powershell.exe","SourceProcessId":"3776","SourceThreadId":"5704","TargetProcessId":"2780","CallTrace":"C:\\Windows\\SYSTEM32\\ntdll.dll+9c524|C:\\Windows\\System32\\KERNELBASE.dll+2730e|C:\\Windows\\System32\\appresolver.dll+22125|C:\\Windows\\System32\\appresolver.dll+1ed5c|c:\\windows\\system32\\cbdhsvc.dll+1fca4|C:\\Windows\\System32\\shcore.dll+c590|C:\\Windows\\System32\\shcore.dll+c218|C:\\Windows\\System32\\shcore.dll+acb1|C:\\Windows\\System32\\KERNEL32.DLL+17944|C:\\Windows\\SYSTEM32\\ntdll.dll+6ce71","GrantedAccess":"0x1000","SourceProcessGUID":"{a158f72c-a3a5-5db5-0000-0010b5b90900}","SourceImage":"C:\\Windows\\system32\\svchost.exe","TargetProcessGUID":"{a158f72c-3a9b-5db6-0000-001001de8b00}","UtcTime":"2019-10-28 02:31:20.814"},"channel":"Microsoft-Windows-Sysmon/Operational","opcode":"Info","provider_guid":"{5770385f-c22a-43e0-bf4c-06f5698ffbd9}","version":3,"event_id":10,"provider_name":"Microsoft-Windows-Sysmon","task":"Process accessed (rule: ProcessAccess)","api":"wineventlog","record_id":271567,"process":{"pid":3208,"thread":{"id":5108}},"computer_name":"ACCT001.shire.com"},"ecs":{"version":"1.1.0"},"host":{"name":"WECServer"},"agent":{"type":"winlogbeat","ephemeral_id":"df5ad137-6594-4bd7-a3eb-e0eda670370c","hostname":"WECServer","id":"f8e32ecf-6ac8-4748-86ec-f026490623c4","version":"7.4.0"},"event":{"kind":"event","code":10,"action":"Process accessed (rule: ProcessAccess)","created":"2019-10-28T02:31:23.303Z"}}
{"@timestamp":"2019-10-28T02:31:20.818Z","@metadata":{"beat":"winlogbeat","type":"_doc","version":"7.4.0","topic":"winlogbeat"},"host":{"name":"WECServer"},"agent":{"type":"winlogbeat","ephemeral_id":"df5ad137-6594-4bd7-a3eb-e0eda670370c","hostname":"WECServer","id":"f8e32ecf-6ac8-4748-86ec-f026490623c4","version":"7.4.0"},"event":{"kind":"event","code":10,"action":"Process accessed (rule: ProcessAccess)","created":"2019-10-28T02:31:23.303Z"},"log":{"level":"information"},"message":"Process accessed:\nRuleName: \nUtcTime: 2019-10-28 02:31:20.814\nSourceProcessGUID: {a158f72c-a3a5-5db5-0000-0010b5b90900}\nSourceProcessId: 3776\nSourceThreadId: 5704\nSourceImage: C:\\Windows\\system32\\svchost.exe\nTargetProcessGUID: {a158f72c-3a9b-5db6-0000-001001de8b00}\nTargetProcessId: 2780\nTargetImage: C:\\Windows\\System32\\WindowsPowerShell\\v1.0\\powershell.exe\nGrantedAccess: 0x1400\nCallTrace: C:\\Windows\\SYSTEM32\\ntdll.dll+9c524|C:\\Windows\\System32\\KERNELBASE.dll+2730e|C:\\Windows\\System32\\appresolver.dll+1c466|C:\\Windows\\System32\\appresolver.dll+222e3|C:\\Windows\\System32\\appresolver.dll+1ed5c|c:\\windows\\system32\\cbdhsvc.dll+1fca4|C:\\Windows\\System32\\shcore.dll+c590|C:\\Windows\\System32\\shcore.dll+c218|C:\\Windows\\System32\\shcore.dll+acb1|C:\\Windows\\System32\\KERNEL32.DLL+17944|C:\\Windows\\SYSTEM32\\ntdll.dll+6ce71","winlog":{"user":{"name":"SYSTEM","domain":"NT AUTHORITY","type":"User","identifier":"S-1-5-18"},"api":"wineventlog","event_id":10,"provider_name":"Microsoft-Windows-Sysmon","record_id":271568,"task":"Process accessed (rule: ProcessAccess)","version":3,"channel":"Microsoft-Windows-Sysmon/Operational","computer_name":"ACCT001.shire.com","opcode":"Info","process":{"pid":3208,"thread":{"id":5108}},"event_data":{"SourceImage":"C:\\Windows\\system32\\svchost.exe","SourceProcessGUID":"{a158f72c-a3a5-5db5-0000-0010b5b90900}","CallTrace":"C:\\Windows\\SYSTEM32\\ntdll.dll+9c524|C:\\Windows\\System32\\KERNELBASE.dll+2730e|C:\\Windows\\System32\\appresolver.dll+1c466|C:\\Windows\\System32\\appresolver.dll+222e3|C:\\Windows\\System32\\appresolver.dll+1ed5c|c:\\windows\\system32\\cbdhsvc.dll+1fca4|C:\\Windows\\System32\\shcore.dll+c590|C:\\Windows\\System32\\shcore.dll+c218|C:\\Windows\\System32\\shcore.dll+acb1|C:\\Windows\\System32\\KERNEL32.DLL+17944|C:\\Windows\\SYSTEM32\\ntdll.dll+6ce71","GrantedAccess":"0x1400","TargetProcessId":"2780","UtcTime":"2019-10-28 02:31:20.814","SourceProcessId":"3776","SourceThreadId":"5704","TargetProcessGUID":"{a158f72c-3a9b-5db6-0000-001001de8b00}","TargetImage":"C:\\Windows\\System32\\WindowsPowerShell\\v1.0\\powershell.exe"},"provider_guid":"{5770385f-c22a-43e0-bf4c-06f5698ffbd9}"},"ecs":{"version":"1.1.0"}}
{"@timestamp":"2019-10-28T02:31:20.821Z","@metadata":{"beat":"winlogbeat","type":"_doc","version":"7.4.0","topic":"winlogbeat"},"event":{"kind":"event","code":10,"action":"Process accessed (rule: ProcessAccess)","created":"2019-10-28T02:31:23.303Z"},"ecs":{"version":"1.1.0"},"host":{"name":"WECServer"},"agent":{"ephemeral_id":"df5ad137-6594-4bd7-a3eb-e0eda670370c","hostname":"WECServer","id":"f8e32ecf-6ac8-4748-86ec-f026490623c4","version":"7.4.0","type":"winlogbeat"},"log":{"level":"information"},"message":"Process accessed:\nRuleName: \nUtcTime: 2019-10-28 02:31:20.814\nSourceProcessGUID: {a158f72c-a399-5db5-0000-00105aa00400}\nSourceProcessId: 4720\nSourceThreadId: 6752\nSourceImage: C:\\Windows\\system32\\svchost.exe\nTargetProcessGUID: {a158f72c-a3a5-5db5-0000-0010b5b90900}\nTargetProcessId: 3776\nTargetImage: C:\\Windows\\system32\\svchost.exe\nGrantedAccess: 0x1000\nCallTrace: C:\\Windows\\SYSTEM32\\ntdll.dll+9d0f4|C:\\Windows\\System32\\RPCRT4.dll+2d2d4|C:\\Windows\\System32\\combase.dll+b59eb|c:\\windows\\system32\\windows.staterepository.dll+2d7e5|c:\\windows\\system32\\windows.staterepository.dll+32810|C:\\Windows\\System32\\RPCRT4.dll+76963|C:\\Windows\\System32\\RPCRT4.dll+da036|C:\\Windows\\System32\\RPCRT4.dll+38299|C:\\Windows\\System32\\combase.dll+a5443|C:\\Windows\\System32\\RPCRT4.dll+59a8b|C:\\Windows\\System32\\combase.dll+28263|C:\\Windows\\System32\\combase.dll+28053|C:\\Windows\\System32\\combase.dll+a8006|C:\\Windows\\System32\\combase.dll+5b72a|C:\\Windows\\System32\\combase.dll+a3c7d|C:\\Windows\\System32\\combase.dll+6a07c|C:\\Windows\\System32\\combase.dll+6a8e1|C:\\Windows\\System32\\combase.dll+6c088|C:\\Windows\\System32\\RPCRT4.dll+548d8|C:\\Windows\\System32\\RPCRT4.dll+2c931|C:\\Windows\\System32\\RPCRT4.dll+2c480|C:\\Windows\\System32\\RPCRT4.dll+1a6bf|C:\\Windows\\System32\\RPCRT4.dll+19d1a|C:\\Windows\\System32\\RPCRT4.dll+19301","winlog":{"record_id":271569,"api":"wineventlog","computer_name":"ACCT001.shire.com","provider_guid":"{5770385f-c22a-43e0-bf4c-06f5698ffbd9}","process":{"pid":3208,"thread":{"id":5108}},"user":{"domain":"NT AUTHORITY","type":"User","identifier":"S-1-5-18","name":"SYSTEM"},"channel":"Microsoft-Windows-Sysmon/Operational","task":"Process accessed (rule: ProcessAccess)","event_id":10,"provider_name":"Microsoft-Windows-Sysmon","opcode":"Info","version":3,"event_data":{"TargetImage":"C:\\Windows\\system32\\svchost.exe","GrantedAccess":"0x1000","SourceThreadId":"6752","SourceProcessGUID":"{a158f72c-a399-5db5-0000-00105aa00400}","SourceProcessId":"4720","TargetProcessId":"3776","TargetProcessGUID":"{a158f72c-a3a5-5db5-0000-0010b5b90900}","CallTrace":"C:\\Windows\\SYSTEM32\\ntdll.dll+9d0f4|C:\\Windows\\System32\\RPCRT4.dll+2d2d4|C:\\Windows\\System32\\combase.dll+b59eb|c:\\windows\\system32\\windows.staterepository.dll+2d7e5|c:\\windows\\system32\\windows.staterepository.dll+32810|C:\\Windows\\System32\\RPCRT4.dll+76963|C:\\Windows\\System32\\RPCRT4.dll+da036|C:\\Windows\\System32\\RPCRT4.dll+38299|C:\\Windows\\System32\\combase.dll+a5443|C:\\Windows\\System32\\RPCRT4.dll+59a8b|C:\\Windows\\System32\\combase.dll+28263|C:\\Windows\\System32\\combase.dll+28053|C:\\Windows\\System32\\combase.dll+a8006|C:\\Windows\\System32\\combase.dll+5b72a|C:\\Windows\\System32\\combase.dll+a3c7d|C:\\Windows\\System32\\combase.dll+6a07c|C:\\Windows\\System32\\combase.dll+6a8e1|C:\\Windows\\System32\\combase.dll+6c088|C:\\Windows\\System32\\RPCRT4.dll+548d8|C:\\Windows\\System32\\RPCRT4.dll+2c931|C:\\Windows\\System32\\RPCRT4.dll+2c480|C:\\Windows\\System32\\RPCRT4.dll+1a6bf|C:\\Windows\\System32\\RPCRT4.dll+19d1a|C:\\Windows\\System32\\RPCRT4.dll+19301","UtcTime":"2019-10-28 02:31:20.814","SourceImage":"C:\\Windows\\system32\\svchost.exe"}}}
{"@timestamp":"2019-10-28T02:31:20.822Z","@metadata":{"beat":"winlogbeat","type":"_doc","version":"7.4.0","topic":"winlogbeat"},"message":"Process accessed:\nRuleName: \nUtcTime: 2019-10-28 02:31:20.814\nSourceProcessGUID: {a158f72c-a3a5-5db5-0000-0010b5b90900}\nSourceProcessId: 3776\nSourceThreadId: 8940\nSourceImage: C:\\Windows\\system32\\svchost.exe\nTargetProcessGUID: {a158f72c-3a9b-5db6-0000-001001de8b00}\nTargetProcessId: 2780\nTargetImage: C:\\Windows\\System32\\WindowsPowerShell\\v1.0\\powershell.exe\nGrantedAccess: 0x1000\nCallTrace: C:\\Windows\\SYSTEM32\\ntdll.dll+9c524|C:\\Windows\\System32\\KERNELBASE.dll+2730e|c:\\windows\\system32\\cbdhsvc.dll+1ed62|c:\\windows\\system32\\cbdhsvc.dll+1e9c6|c:\\windows\\system32\\cbdhsvc.dll+1e61e|c:\\windows\\system32\\cbdhsvc.dll+1e289|c:\\windows\\system32\\cbdhsvc.dll+1ef72|c:\\windows\\system32\\cbdhsvc.dll+407ea|c:\\windows\\system32\\cbdhsvc.dll+3e5a7|c:\\windows\\system32\\cbdhsvc.dll+3db06|C:\\Windows\\System32\\shcore.dll+c590|C:\\Windows\\System32\\shcore.dll+c218|C:\\Windows\\System32\\shcore.dll+acb1|C:\\Windows\\System32\\KERNEL32.DLL+17944|C:\\Windows\\SYSTEM32\\ntdll.dll+6ce71","winlog":{"provider_name":"Microsoft-Windows-Sysmon","opcode":"Info","provider_guid":"{5770385f-c22a-43e0-bf4c-06f5698ffbd9}","channel":"Microsoft-Windows-Sysmon/Operational","computer_name":"ACCT001.shire.com","process":{"pid":3208,"thread":{"id":5108}},"event_id":10,"version":3,"event_data":{"SourceImage":"C:\\Windows\\system32\\svchost.exe","TargetProcessId":"2780","CallTrace":"C:\\Windows\\SYSTEM32\\ntdll.dll+9c524|C:\\Windows\\System32\\KERNELBASE.dll+2730e|c:\\windows\\system32\\cbdhsvc.dll+1ed62|c:\\windows\\system32\\cbdhsvc.dll+1e9c6|c:\\windows\\system32\\cbdhsvc.dll+1e61e|c:\\windows\\system32\\cbdhsvc.dll+1e289|c:\\windows\\system32\\cbdhsvc.dll+1ef72|c:\\windows\\system32\\cbdhsvc.dll+407ea|c:\\windows\\system32\\cbdhsvc.dll+3e5a7|c:\\windows\\system32\\cbdhsvc.dll+3db06|C:\\Windows\\System32\\shcore.dll+c590|C:\\Windows\\System32\\shcore.dll+c218|C:\\Windows\\System32\\shcore.dll+acb1|C:\\Windows\\System32\\KERNEL32.DLL+17944|C:\\Windows\\SYSTEM32\\ntdll.dll+6ce71","UtcTime":"2019-10-28 02:31:20.814","SourceProcessId":"3776","SourceThreadId":"8940","TargetProcessGUID":"{a158f72c-3a9b-5db6-0000-001001de8b00}","SourceProcessGUID":"{a158f72c-a3a5-5db5-0000-0010b5b90900}","TargetImage":"C:\\Windows\\System32\\WindowsPowerShell\\v1.0\\powershell.exe","GrantedAccess":"0x1000"},"task":"Process accessed (rule: ProcessAccess)","api":"wineventlog","user":{"identifier":"S-1-5-18","name":"SYSTEM","domain":"NT AUTHORITY","type":"User"},"record_id":271570},"ecs":{"version":"1.1.0"},"host":{"name":"WECServer"},"agent":{"type":"winlogbeat","ephemeral_id":"df5ad137-6594-4bd7-a3eb-e0eda670370c","hostname":"WECServer","id":"f8e32ecf-6ac8-4748-86ec-f026490623c4","version":"7.4.0"},"event":{"kind":"event","code":10,"action":"Process accessed (rule: ProcessAccess)","created":"2019-10-28T02:31:23.303Z"},"log":{"level":"information"}}
