{"@timestamp":"2019-10-28T02:31:58.911Z","@metadata":{"beat":"winlogbeat","type":"_doc","version":"7.4.0","topic":"winlogbeat"},"message":"Process accessed:\nRuleName: \nUtcTime: 2019-10-28 02:31:58.906\nSourceProcessGUID: {962923ac-a0e4-5db5-0000-0010db000100}\nSourceProcessId: 1528\nSourceThreadId: 3576\nSourceImage: C:\\Windows\\system32\\svchost.exe\nTargetProcessGUID: {962923ac-a0ed-5db5-0000-0010cee20100}\nTargetProcessId: 2764\nTargetImage: C:\\Windows\\System32\\svchost.exe\nGrantedAccess: 0x1000\nCallTrace: C:\\Windows\\SYSTEM32\\ntdll.dll+9fc24|C:\\Windows\\System32\\KERNELBASE.dll+20d0e|c:\\windows\\system32\\fwbase.dll+16e5|c:\\windows\\system32\\fwbase.dll+1639|c:\\windows\\system32\\mpssvc.dll+e42d|c:\\windows\\system32\\mpssvc.dll+e1a8|c:\\windows\\system32\\mpssvc.dll+ebd2|C:\\Windows\\System32\\RPCRT4.dll+77823|C:\\Windows\\System32\\RPCRT4.dll+db4a6|C:\\Windows\\System32\\RPCRT4.dll+10d20|C:\\Windows\\System32\\RPCRT4.dll+54a38|C:\\Windows\\System32\\RPCRT4.dll+304b0|C:\\Windows\\System32\\RPCRT4.dll+2fe5b|C:\\Windows\\System32\\RPCRT4.dll+221ff|C:\\Windows\\System32\\RPCRT4.dll+2165a|C:\\Windows\\System32\\RPCRT4.dll+20c21|C:\\Windows\\System32\\RPCRT4.dll+20692|C:\\Windows\\System32\\RPCRT4.dll+17465|C:\\Windows\\SYSTEM32\\ntdll.dll+4f4c0|C:\\Windows\\SYSTEM32\\ntdll.dll+50348|C:\\Windows\\System32\\KERNEL32.DLL+17974|C:\\Windows\\SYSTEM32\\ntdll.dll+6a271","winlog":{"provider_name":"Microsoft-Windows-Sysmon","provider_guid":"{5770385f-c22a-43e0-bf4c-06f5698ffbd9}","user":{"identifier":"S-1-5-18","name":"SYSTEM","domain":"NT AUTHORITY","type":"User"},"channel":"Microsoft-Windows-Sysmon/Operational","event_id":10,"opcode":"Info","process":{"thread":{"id":3656},"pid":2044},"api":"wineventlog","computer_name":"HFDC01.shire.com","version":3,"event_data":{"SourceProcessGUID":"{962923ac-a0e4-5db5-0000-0010db000100}","SourceThreadId":"3576","CallTrace":"C:\\Windows\\SYSTEM32\\ntdll.dll+9fc24|C:\\Windows\\System32\\KERNELBASE.dll+20d0e|c:\\windows\\system32\\fwbase.dll+16e5|c:\\windows\\system32\\fwbase.dll+1639|c:\\windows\\system32\\mpssvc.dll+e42d|c:\\windows\\system32\\mpssvc.dll+e1a8|c:\\windows\\system32\\mpssvc.dll+ebd2|C:\\Windows\\System32\\RPCRT4.dll+77823|C:\\Windows\\System32\\RPCRT4.dll+db4a6|C:\\Windows\\System32\\RPCRT4.dll+10d20|C:\\Windows\\System32\\RPCRT4.dll+54a38|C:\\Windows\\System32\\RPCRT4.dll+304b0|C:\\Windows\\System32\\RPCRT4.dll+2fe5b|C:\\Windows\\System32\\RPCRT4.dll+221ff|C:\\Windows\\System32\\RPCRT4.dll+2165a|C:\\Windows\\System32\\RPCRT4.dll+20c21|C:\\Windows\\System32\\RPCRT4.dll+20692|C:\\Windows\\System32\\RPCRT4.dll+17465|C:\\Windows\\SYSTEM32\\ntdll.dll+4f4c0|C:\\Windows\\SYSTEM32\\ntdll.dll+50348|C:\\Windows\\System32\\KERNEL32.DLL+17974|C:\\Windows\\SYSTEM32\\ntdll.dll+6a271","SourceImage":"C:\\Windows\\system32\\svchost.exe","TargetImage":"C:\\Windows\\System32\\svchost.exe","TargetProcessGUID":"{962923ac-a0ed-5db5-0000-0010cee20100}","GrantedAccess":"0x1000","UtcTime":"2019-10-28 02:31:58.906","SourceProcessId":"1528","TargetProcessId":"2764"},"record_id":222757,"task":"Process accessed (rule: ProcessAccess)"},"event":{"kind":"event","code":10,"action":"Process accessed (rule: ProcessAccess)","created":"2019-10-28T02:31:59.668Z"},"agent":{"type":"winlogbeat","ephemeral_id":"df5ad137-6594-4bd7-a3eb-e0eda670370c","hostname":"WECServer","id":"f8e32ecf-6ac8-4748-86ec-f026490623c4","version":"7.4.0"},"ecs":{"version":"1.1.0"},"host":{"name":"WECServer"},"log":{"level":"information"}}
{"@timestamp":"2019-10-28T02:31:58.911Z","@metadata":{"beat":"winlogbeat","type":"_doc","version":"7.4.0","topic":"winlogbeat"},"log":{"level":"information"},"message":"Process accessed:\nRuleName: \nUtcTime: 2019-10-28 02:31:58.906\nSourceProcessGUID: {962923ac-a0e4-5db5-0000-0010db000100}\nSourceProcessId: 1528\nSourceThreadId: 3576\nSourceImage: C:\\Windows\\system32\\svchost.exe\nTargetProcessGUID: {962923ac-a0ed-5db5-0000-0010cee20100}\nTargetProcessId: 2764\nTargetImage: C:\\Windows\\System32\\svchost.exe\nGrantedAccess: 0x1000\nCallTrace: C:\\Windows\\SYSTEM32\\ntdll.dll+9fc24|C:\\Windows\\System32\\KERNELBASE.dll+20d0e|c:\\windows\\system32\\fwbase.dll+16e5|c:\\windows\\system32\\fwbase.dll+1639|c:\\windows\\system32\\mpssvc.dll+e42d|c:\\windows\\system32\\mpssvc.dll+e1a8|c:\\windows\\system32\\mpssvc.dll+ebd2|C:\\Windows\\System32\\RPCRT4.dll+77823|C:\\Windows\\System32\\RPCRT4.dll+db4a6|C:\\Windows\\System32\\RPCRT4.dll+10d20|C:\\Windows\\System32\\RPCRT4.dll+54a38|C:\\Windows\\System32\\RPCRT4.dll+304b0|C:\\Windows\\System32\\RPCRT4.dll+2fe5b|C:\\Windows\\System32\\RPCRT4.dll+221ff|C:\\Windows\\System32\\RPCRT4.dll+2165a|C:\\Windows\\System32\\RPCRT4.dll+20c21|C:\\Windows\\System32\\RPCRT4.dll+20692|C:\\Windows\\System32\\RPCRT4.dll+17465|C:\\Windows\\SYSTEM32\\ntdll.dll+4f4c0|C:\\Windows\\SYSTEM32\\ntdll.dll+50348|C:\\Windows\\System32\\KERNEL32.DLL+17974|C:\\Windows\\SYSTEM32\\ntdll.dll+6a271","winlog":{"opcode":"Info","process":{"pid":2044,"thread":{"id":3656}},"channel":"Microsoft-Windows-Sysmon/Operational","task":"Process accessed (rule: ProcessAccess)","user":{"type":"User","identifier":"S-1-5-18","name":"SYSTEM","domain":"NT AUTHORITY"},"event_data":{"TargetProcessId":"2764","GrantedAccess":"0x1000","UtcTime":"2019-10-28 02:31:58.906","SourceThreadId":"3576","CallTrace":"C:\\Windows\\SYSTEM32\\ntdll.dll+9fc24|C:\\Windows\\System32\\KERNELBASE.dll+20d0e|c:\\windows\\system32\\fwbase.dll+16e5|c:\\windows\\system32\\fwbase.dll+1639|c:\\windows\\system32\\mpssvc.dll+e42d|c:\\windows\\system32\\mpssvc.dll+e1a8|c:\\windows\\system32\\mpssvc.dll+ebd2|C:\\Windows\\System32\\RPCRT4.dll+77823|C:\\Windows\\System32\\RPCRT4.dll+db4a6|C:\\Windows\\System32\\RPCRT4.dll+10d20|C:\\Windows\\System32\\RPCRT4.dll+54a38|C:\\Windows\\System32\\RPCRT4.dll+304b0|C:\\Windows\\System32\\RPCRT4.dll+2fe5b|C:\\Windows\\System32\\RPCRT4.dll+221ff|C:\\Windows\\System32\\RPCRT4.dll+2165a|C:\\Windows\\System32\\RPCRT4.dll+20c21|C:\\Windows\\System32\\RPCRT4.dll+20692|C:\\Windows\\System32\\RPCRT4.dll+17465|C:\\Windows\\SYSTEM32\\ntdll.dll+4f4c0|C:\\Windows\\SYSTEM32\\ntdll.dll+50348|C:\\Windows\\System32\\KERNEL32.DLL+17974|C:\\Windows\\SYSTEM32\\ntdll.dll+6a271","SourceProcessGUID":"{962923ac-a0e4-5db5-0000-0010db000100}","SourceProcessId":"1528","SourceImage":"C:\\Windows\\system32\\svchost.exe","TargetProcessGUID":"{962923ac-a0ed-5db5-0000-0010cee20100}","TargetImage":"C:\\Windows\\System32\\svchost.exe"},"computer_name":"HFDC01.shire.com","provider_guid":"{5770385f-c22a-43e0-bf4c-06f5698ffbd9}","version":3,"event_id":10,"provider_name":"Microsoft-Windows-Sysmon","record_id":222758,"api":"wineventlog"},"event":{"kind":"event","code":10,"action":"Process accessed (rule: ProcessAccess)","created":"2019-10-28T02:31:59.668Z"},"agent":{"version":"7.4.0","type":"winlogbeat","ephemeral_id":"df5ad137-6594-4bd7-a3eb-e0eda670370c","hostname":"WECServer","id":"f8e32ecf-6ac8-4748-86ec-f026490623c4"},"ecs":{"version":"1.1.0"},"host":{"name":"WECServer"}}
{"@timestamp":"2019-10-28T02:31:58.911Z","@metadata":{"beat":"winlogbeat","type":"_doc","version":"7.4.0","topic":"winlogbeat"},"event":{"action":"Process accessed (rule: ProcessAccess)","created":"2019-10-28T02:31:59.668Z","kind":"event","code":10},"ecs":{"version":"1.1.0"},"host":{"name":"WECServer"},"agent":{"type":"winlogbeat","ephemeral_id":"df5ad137-6594-4bd7-a3eb-e0eda670370c","hostname":"WECServer","id":"f8e32ecf-6ac8-4748-86ec-f026490623c4","version":"7.4.0"},"log":{"level":"information"},"message":"Process accessed:\nRuleName: \nUtcTime: 2019-10-28 02:31:58.906\nSourceProcessGUID: {962923ac-a0e4-5db5-0000-0010db000100}\nSourceProcessId: 1528\nSourceThreadId: 3576\nSourceImage: C:\\Windows\\system32\\svchost.exe\nTargetProcessGUID: {962923ac-a0ed-5db5-0000-0010cee20100}\nTargetProcessId: 2764\nTargetImage: C:\\Windows\\System32\\svchost.exe\nGrantedAccess: 0x1000\nCallTrace: C:\\Windows\\SYSTEM32\\ntdll.dll+9fc24|C:\\Windows\\System32\\KERNELBASE.dll+20d0e|c:\\windows\\system32\\fwbase.dll+16e5|c:\\windows\\system32\\fwbase.dll+1639|c:\\windows\\system32\\mpssvc.dll+e42d|c:\\windows\\system32\\mpssvc.dll+e1a8|c:\\windows\\system32\\mpssvc.dll+ebd2|C:\\Windows\\System32\\RPCRT4.dll+77823|C:\\Windows\\System32\\RPCRT4.dll+db4a6|C:\\Windows\\System32\\RPCRT4.dll+10d20|C:\\Windows\\System32\\RPCRT4.dll+54a38|C:\\Windows\\System32\\RPCRT4.dll+304b0|C:\\Windows\\System32\\RPCRT4.dll+2fe5b|C:\\Windows\\System32\\RPCRT4.dll+221ff|C:\\Windows\\System32\\RPCRT4.dll+2165a|C:\\Windows\\System32\\RPCRT4.dll+20c21|C:\\Windows\\System32\\RPCRT4.dll+20692|C:\\Windows\\System32\\RPCRT4.dll+17465|C:\\Windows\\SYSTEM32\\ntdll.dll+4f4c0|C:\\Windows\\SYSTEM32\\ntdll.dll+50348|C:\\Windows\\System32\\KERNEL32.DLL+17974|C:\\Windows\\SYSTEM32\\ntdll.dll+6a271","winlog":{"provider_name":"Microsoft-Windows-Sysmon","api":"wineventlog","task":"Process accessed (rule: ProcessAccess)","opcode":"Info","provider_guid":"{5770385f-c22a-43e0-bf4c-06f5698ffbd9}","event_id":10,"event_data":{"UtcTime":"2019-10-28 02:31:58.906","GrantedAccess":"0x1000","TargetImage":"C:\\Windows\\System32\\svchost.exe","SourceThreadId":"3576","SourceImage":"C:\\Windows\\system32\\svchost.exe","SourceProcessId":"1528","TargetProcessId":"2764","SourceProcessGUID":"{962923ac-a0e4-5db5-0000-0010db000100}","TargetProcessGUID":"{962923ac-a0ed-5db5-0000-0010cee20100}","CallTrace":"C:\\Windows\\SYSTEM32\\ntdll.dll+9fc24|C:\\Windows\\System32\\KERNELBASE.dll+20d0e|c:\\windows\\system32\\fwbase.dll+16e5|c:\\windows\\system32\\fwbase.dll+1639|c:\\windows\\system32\\mpssvc.dll+e42d|c:\\windows\\system32\\mpssvc.dll+e1a8|c:\\windows\\system32\\mpssvc.dll+ebd2|C:\\Windows\\System32\\RPCRT4.dll+77823|C:\\Windows\\System32\\RPCRT4.dll+db4a6|C:\\Windows\\System32\\RPCRT4.dll+10d20|C:\\Windows\\System32\\RPCRT4.dll+54a38|C:\\Windows\\System32\\RPCRT4.dll+304b0|C:\\Windows\\System32\\RPCRT4.dll+2fe5b|C:\\Windows\\System32\\RPCRT4.dll+221ff|C:\\Windows\\System32\\RPCRT4.dll+2165a|C:\\Windows\\System32\\RPCRT4.dll+20c21|C:\\Windows\\System32\\RPCRT4.dll+20692|C:\\Windows\\System32\\RPCRT4.dll+17465|C:\\Windows\\SYSTEM32\\ntdll.dll+4f4c0|C:\\Windows\\SYSTEM32\\ntdll.dll+50348|C:\\Windows\\System32\\KERNEL32.DLL+17974|C:\\Windows\\SYSTEM32\\ntdll.dll+6a271"},"record_id":222759,"computer_name":"HFDC01.shire.com","version":3,"process":{"pid":2044,"thread":{"id":3656}},"channel":"Microsoft-Windows-Sysmon/Operational","user":{"type":"User","identifier":"S-1-5-18","name":"SYSTEM","domain":"NT AUTHORITY"}}}
{"@timestamp":"2019-10-28T02:31:58.912Z","@metadata":{"beat":"winlogbeat","type":"_doc","version":"7.4.0","topic":"winlogbeat"},"message":"Process accessed:\nRuleName: \nUtcTime: 2019-10-28 02:31:58.906\nSourceProcessGUID: {962923ac-a0e4-5db5-0000-0010db000100}\nSourceProcessId: 1528\nSourceThreadId: 3576\nSourceImage: C:\\Windows\\system32\\svchost.exe\nTargetProcessGUID: {962923ac-a0ed-5db5-0000-0010cee20100}\nTargetProcessId: 2764\nTargetImage: C:\\Windows\\System32\\svchost.exe\nGrantedAccess: 0x1000\nCallTrace: C:\\Windows\\SYSTEM32\\ntdll.dll+9fc24|C:\\Windows\\System32\\KERNELBASE.dll+20d0e|c:\\windows\\system32\\fwbase.dll+16e5|c:\\windows\\system32\\fwbase.dll+1639|c:\\windows\\system32\\mpssvc.dll+e42d|c:\\windows\\system32\\mpssvc.dll+e1a8|c:\\windows\\system32\\mpssvc.dll+ebd2|C:\\Windows\\System32\\RPCRT4.dll+77823|C:\\Windows\\System32\\RPCRT4.dll+db4a6|C:\\Windows\\System32\\RPCRT4.dll+10d20|C:\\Windows\\System32\\RPCRT4.dll+54a38|C:\\Windows\\System32\\RPCRT4.dll+304b0|C:\\Windows\\System32\\RPCRT4.dll+2fe5b|C:\\Windows\\System32\\RPCRT4.dll+221ff|C:\\Windows\\System32\\RPCRT4.dll+2165a|C:\\Windows\\System32\\RPCRT4.dll+20c21|C:\\Windows\\System32\\RPCRT4.dll+20692|C:\\Windows\\System32\\RPCRT4.dll+17465|C:\\Windows\\SYSTEM32\\ntdll.dll+4f4c0|C:\\Windows\\SYSTEM32\\ntdll.dll+50348|C:\\Windows\\System32\\KERNEL32.DLL+17974|C:\\Windows\\SYSTEM32\\ntdll.dll+6a271","winlog":{"version":3,"process":{"pid":2044,"thread":{"id":3656}},"event_data":{"CallTrace":"C:\\Windows\\SYSTEM32\\ntdll.dll+9fc24|C:\\Windows\\System32\\KERNELBASE.dll+20d0e|c:\\windows\\system32\\fwbase.dll+16e5|c:\\windows\\system32\\fwbase.dll+1639|c:\\windows\\system32\\mpssvc.dll+e42d|c:\\windows\\system32\\mpssvc.dll+e1a8|c:\\windows\\system32\\mpssvc.dll+ebd2|C:\\Windows\\System32\\RPCRT4.dll+77823|C:\\Windows\\System32\\RPCRT4.dll+db4a6|C:\\Windows\\System32\\RPCRT4.dll+10d20|C:\\Windows\\System32\\RPCRT4.dll+54a38|C:\\Windows\\System32\\RPCRT4.dll+304b0|C:\\Windows\\System32\\RPCRT4.dll+2fe5b|C:\\Windows\\System32\\RPCRT4.dll+221ff|C:\\Windows\\System32\\RPCRT4.dll+2165a|C:\\Windows\\System32\\RPCRT4.dll+20c21|C:\\Windows\\System32\\RPCRT4.dll+20692|C:\\Windows\\System32\\RPCRT4.dll+17465|C:\\Windows\\SYSTEM32\\ntdll.dll+4f4c0|C:\\Windows\\SYSTEM32\\ntdll.dll+50348|C:\\Windows\\System32\\KERNEL32.DLL+17974|C:\\Windows\\SYSTEM32\\ntdll.dll+6a271","SourceThreadId":"3576","SourceImage":"C:\\Windows\\system32\\svchost.exe","TargetProcessId":"2764","TargetImage":"C:\\Windows\\System32\\svchost.exe","GrantedAccess":"0x1000","UtcTime":"2019-10-28 02:31:58.906","SourceProcessId":"1528","TargetProcessGUID":"{962923ac-a0ed-5db5-0000-0010cee20100}","SourceProcessGUID":"{962923ac-a0e4-5db5-0000-0010db000100}"},"opcode":"Info","event_id":10,"provider_name":"Microsoft-Windows-Sysmon","computer_name":"HFDC01.shire.com","api":"wineventlog","channel":"Microsoft-Windows-Sysmon/Operational","record_id":222760,"task":"Process accessed (rule: ProcessAccess)","provider_guid":"{5770385f-c22a-43e0-bf4c-06f5698ffbd9}","user":{"name":"SYSTEM","domain":"NT AUTHORITY","type":"User","identifier":"S-1-5-18"}},"event":{"created":"2019-10-28T02:31:59.668Z","kind":"event","code":10,"action":"Process accessed (rule: ProcessAccess)"},"log":{"level":"information"},"agent":{"type":"winlogbeat","ephemeral_id":"df5ad137-6594-4bd7-a3eb-e0eda670370c","hostname":"WECServer","id":"f8e32ecf-6ac8-4748-86ec-f026490623c4","version":"7.4.0"},"ecs":{"version":"1.1.0"},"host":{"name":"WECServer"}}
{"@timestamp":"2019-10-28T02:31:58.912Z","@metadata":{"beat":"winlogbeat","type":"_doc","version":"7.4.0","topic":"winlogbeat"},"ecs":{"version":"1.1.0"},"host":{"name":"WECServer"},"agent":{"ephemeral_id":"df5ad137-6594-4bd7-a3eb-e0eda670370c","hostname":"WECServer","id":"f8e32ecf-6ac8-4748-86ec-f026490623c4","version":"7.4.0","type":"winlogbeat"},"winlog":{"opcode":"Info","channel":"Microsoft-Windows-Sysmon/Operational","user":{"identifier":"S-1-5-18","name":"SYSTEM","domain":"NT AUTHORITY","type":"User"},"record_id":222761,"task":"Process accessed (rule: ProcessAccess)","api":"wineventlog","event_data":{"CallTrace":"C:\\Windows\\SYSTEM32\\ntdll.dll+9fc24|C:\\Windows\\System32\\KERNELBASE.dll+20d0e|c:\\windows\\system32\\fwbase.dll+16e5|c:\\windows\\system32\\fwbase.dll+1639|c:\\windows\\system32\\mpssvc.dll+e42d|c:\\windows\\system32\\mpssvc.dll+e1a8|c:\\windows\\system32\\mpssvc.dll+ebd2|C:\\Windows\\System32\\RPCRT4.dll+77823|C:\\Windows\\System32\\RPCRT4.dll+db4a6|C:\\Windows\\System32\\RPCRT4.dll+10d20|C:\\Windows\\System32\\RPCRT4.dll+54a38|C:\\Windows\\System32\\RPCRT4.dll+304b0|C:\\Windows\\System32\\RPCRT4.dll+2fe5b|C:\\Windows\\System32\\RPCRT4.dll+221ff|C:\\Windows\\System32\\RPCRT4.dll+2165a|C:\\Windows\\System32\\RPCRT4.dll+20c21|C:\\Windows\\System32\\RPCRT4.dll+20692|C:\\Windows\\System32\\RPCRT4.dll+17465|C:\\Windows\\SYSTEM32\\ntdll.dll+4f4c0|C:\\Windows\\SYSTEM32\\ntdll.dll+50348|C:\\Windows\\System32\\KERNEL32.DLL+17974|C:\\Windows\\SYSTEM32\\ntdll.dll+6a271","SourceProcessGUID":"{962923ac-a0e4-5db5-0000-0010db000100}","SourceProcessId":"1528","SourceImage":"C:\\Windows\\system32\\svchost.exe","TargetProcessGUID":"{962923ac-a0ed-5db5-0000-0010cee20100}","GrantedAccess":"0x1000","SourceThreadId":"3576","TargetProcessId":"2764","UtcTime":"2019-10-28 02:31:58.906","TargetImage":"C:\\Windows\\System32\\svchost.exe"},"event_id":10,"provider_name":"Microsoft-Windows-Sysmon","provider_guid":"{5770385f-c22a-43e0-bf4c-06f5698ffbd9}","process":{"pid":2044,"thread":{"id":3656}},"computer_name":"HFDC01.shire.com","version":3},"event":{"kind":"event","code":10,"action":"Process accessed (rule: ProcessAccess)","created":"2019-10-28T02:31:59.668Z"},"log":{"level":"information"},"message":"Process accessed:\nRuleName: \nUtcTime: 2019-10-28 02:31:58.906\nSourceProcessGUID: {962923ac-a0e4-5db5-0000-0010db000100}\nSourceProcessId: 1528\nSourceThreadId: 3576\nSourceImage: C:\\Windows\\system32\\svchost.exe\nTargetProcessGUID: {962923ac-a0ed-5db5-0000-0010cee20100}\nTargetProcessId: 2764\nTargetImage: C:\\Windows\\System32\\svchost.exe\nGrantedAccess: 0x1000\nCallTrace: C:\\Windows\\SYSTEM32\\ntdll.dll+9fc24|C:\\Windows\\System32\\KERNELBASE.dll+20d0e|c:\\windows\\system32\\fwbase.dll+16e5|c:\\windows\\system32\\fwbase.dll+1639|c:\\windows\\system32\\mpssvc.dll+e42d|c:\\windows\\system32\\mpssvc.dll+e1a8|c:\\windows\\system32\\mpssvc.dll+ebd2|C:\\Windows\\System32\\RPCRT4.dll+77823|C:\\Windows\\System32\\RPCRT4.dll+db4a6|C:\\Windows\\System32\\RPCRT4.dll+10d20|C:\\Windows\\System32\\RPCRT4.dll+54a38|C:\\Windows\\System32\\RPCRT4.dll+304b0|C:\\Windows\\System32\\RPCRT4.dll+2fe5b|C:\\Windows\\System32\\RPCRT4.dll+221ff|C:\\Windows\\System32\\RPCRT4.dll+2165a|C:\\Windows\\System32\\RPCRT4.dll+20c21|C:\\Windows\\System32\\RPCRT4.dll+20692|C:\\Windows\\System32\\RPCRT4.dll+17465|C:\\Windows\\SYSTEM32\\ntdll.dll+4f4c0|C:\\Windows\\SYSTEM32\\ntdll.dll+50348|C:\\Windows\\System32\\KERNEL32.DLL+17974|C:\\Windows\\SYSTEM32\\ntdll.dll+6a271"}
{"@timestamp":"2019-10-28T02:31:58.912Z","@metadata":{"beat":"winlogbeat","type":"_doc","version":"7.4.0","topic":"winlogbeat"},"message":"Process accessed:\nRuleName: \nUtcTime: 2019-10-28 02:31:58.906\nSourceProcessGUID: {962923ac-a0e4-5db5-0000-0010db000100}\nSourceProcessId: 1528\nSourceThreadId: 3576\nSourceImage: C:\\Windows\\system32\\svchost.exe\nTargetProcessGUID: {962923ac-a0ed-5db5-0000-0010cee20100}\nTargetProcessId: 2764\nTargetImage: C:\\Windows\\System32\\svchost.exe\nGrantedAccess: 0x1000\nCallTrace: C:\\Windows\\SYSTEM32\\ntdll.dll+9fc24|C:\\Windows\\System32\\KERNELBASE.dll+20d0e|c:\\windows\\system32\\fwbase.dll+16e5|c:\\windows\\system32\\fwbase.dll+1639|c:\\windows\\system32\\mpssvc.dll+e42d|c:\\windows\\system32\\mpssvc.dll+e1a8|c:\\windows\\system32\\mpssvc.dll+ebd2|C:\\Windows\\System32\\RPCRT4.dll+77823|C:\\Windows\\System32\\RPCRT4.dll+db4a6|C:\\Windows\\System32\\RPCRT4.dll+10d20|C:\\Windows\\System32\\RPCRT4.dll+54a38|C:\\Windows\\System32\\RPCRT4.dll+304b0|C:\\Windows\\System32\\RPCRT4.dll+2fe5b|C:\\Windows\\System32\\RPCRT4.dll+221ff|C:\\Windows\\System32\\RPCRT4.dll+2165a|C:\\Windows\\System32\\RPCRT4.dll+20c21|C:\\Windows\\System32\\RPCRT4.dll+20692|C:\\Windows\\System32\\RPCRT4.dll+17465|C:\\Windows\\SYSTEM32\\ntdll.dll+4f4c0|C:\\Windows\\SYSTEM32\\ntdll.dll+50348|C:\\Windows\\System32\\KERNEL32.DLL+17974|C:\\Windows\\SYSTEM32\\ntdll.dll+6a271","winlog":{"channel":"Microsoft-Windows-Sysmon/Operational","event_data":{"SourceProcessId":"1528","SourceThreadId":"3576","TargetProcessGUID":"{962923ac-a0ed-5db5-0000-0010cee20100}","TargetProcessId":"2764","GrantedAccess":"0x1000","TargetImage":"C:\\Windows\\System32\\svchost.exe","UtcTime":"2019-10-28 02:31:58.906","SourceImage":"C:\\Windows\\system32\\svchost.exe","SourceProcessGUID":"{962923ac-a0e4-5db5-0000-0010db000100}","CallTrace":"C:\\Windows\\SYSTEM32\\ntdll.dll+9fc24|C:\\Windows\\System32\\KERNELBASE.dll+20d0e|c:\\windows\\system32\\fwbase.dll+16e5|c:\\windows\\system32\\fwbase.dll+1639|c:\\windows\\system32\\mpssvc.dll+e42d|c:\\windows\\system32\\mpssvc.dll+e1a8|c:\\windows\\system32\\mpssvc.dll+ebd2|C:\\Windows\\System32\\RPCRT4.dll+77823|C:\\Windows\\System32\\RPCRT4.dll+db4a6|C:\\Windows\\System32\\RPCRT4.dll+10d20|C:\\Windows\\System32\\RPCRT4.dll+54a38|C:\\Windows\\System32\\RPCRT4.dll+304b0|C:\\Windows\\System32\\RPCRT4.dll+2fe5b|C:\\Windows\\System32\\RPCRT4.dll+221ff|C:\\Windows\\System32\\RPCRT4.dll+2165a|C:\\Windows\\System32\\RPCRT4.dll+20c21|C:\\Windows\\System32\\RPCRT4.dll+20692|C:\\Windows\\System32\\RPCRT4.dll+17465|C:\\Windows\\SYSTEM32\\ntdll.dll+4f4c0|C:\\Windows\\SYSTEM32\\ntdll.dll+50348|C:\\Windows\\System32\\KERNEL32.DLL+17974|C:\\Windows\\SYSTEM32\\ntdll.dll+6a271"},"user":{"identifier":"S-1-5-18","name":"SYSTEM","domain":"NT AUTHORITY","type":"User"},"event_id":10,"record_id":222762,"api":"wineventlog","version":3,"provider_guid":"{5770385f-c22a-43e0-bf4c-06f5698ffbd9}","computer_name":"HFDC01.shire.com","opcode":"Info","process":{"pid":2044,"thread":{"id":3656}},"provider_name":"Microsoft-Windows-Sysmon","task":"Process accessed (rule: ProcessAccess)"},"event":{"action":"Process accessed (rule: ProcessAccess)","created":"2019-10-28T02:31:59.668Z","kind":"event","code":10},"log":{"level":"information"},"host":{"name":"WECServer"},"agent":{"version":"7.4.0","type":"winlogbeat","ephemeral_id":"df5ad137-6594-4bd7-a3eb-e0eda670370c","hostname":"WECServer","id":"f8e32ecf-6ac8-4748-86ec-f026490623c4"},"ecs":{"version":"1.1.0"}}
{"@timestamp":"2019-10-28T02:31:58.912Z","@metadata":{"beat":"winlogbeat","type":"_doc","version":"7.4.0","topic":"winlogbeat"},"log":{"level":"information"},"message":"Process accessed:\nRuleName: \nUtcTime: 2019-10-28 02:31:58.906\nSourceProcessGUID: {962923ac-a0e4-5db5-0000-0010db000100}\nSourceProcessId: 1528\nSourceThreadId: 3576\nSourceImage: C:\\Windows\\system32\\svchost.exe\nTargetProcessGUID: {962923ac-a0ed-5db5-0000-0010cee20100}\nTargetProcessId: 2764\nTargetImage: C:\\Windows\\System32\\svchost.exe\nGrantedAccess: 0x1000\nCallTrace: C:\\Windows\\SYSTEM32\\ntdll.dll+9fc24|C:\\Windows\\System32\\KERNELBASE.dll+20d0e|c:\\windows\\system32\\fwbase.dll+16e5|c:\\windows\\system32\\fwbase.dll+1639|c:\\windows\\system32\\mpssvc.dll+e42d|c:\\windows\\system32\\mpssvc.dll+c8eb|c:\\windows\\system32\\mpssvc.dll+c6d2|c:\\windows\\system32\\mpssvc.dll+c4f5|C:\\Windows\\System32\\RPCRT4.dll+77823|C:\\Windows\\System32\\RPCRT4.dll+db4a6|C:\\Windows\\System32\\RPCRT4.dll+10d20|C:\\Windows\\System32\\RPCRT4.dll+54a38|C:\\Windows\\System32\\RPCRT4.dll+304b0|C:\\Windows\\System32\\RPCRT4.dll+2fe5b|C:\\Windows\\System32\\RPCRT4.dll+221ff|C:\\Windows\\System32\\RPCRT4.dll+2165a|C:\\Windows\\System32\\RPCRT4.dll+20c21|C:\\Windows\\System32\\RPCRT4.dll+20692|C:\\Windows\\System32\\RPCRT4.dll+17465|C:\\Windows\\SYSTEM32\\ntdll.dll+4f4c0|C:\\Windows\\SYSTEM32\\ntdll.dll+50348|C:\\Windows\\System32\\KERNEL32.DLL+17974|C:\\Windows\\SYSTEM32\\ntdll.dll+6a271","ecs":{"version":"1.1.0"},"host":{"name":"WECServer"},"agent":{"id":"f8e32ecf-6ac8-4748-86ec-f026490623c4","version":"7.4.0","type":"winlogbeat","ephemeral_id":"df5ad137-6594-4bd7-a3eb-e0eda670370c","hostname":"WECServer"},"winlog":{"event_data":{"TargetProcessGUID":"{962923ac-a0ed-5db5-0000-0010cee20100}","CallTrace":"C:\\Windows\\SYSTEM32\\ntdll.dll+9fc24|C:\\Windows\\System32\\KERNELBASE.dll+20d0e|c:\\windows\\system32\\fwbase.dll+16e5|c:\\windows\\system32\\fwbase.dll+1639|c:\\windows\\system32\\mpssvc.dll+e42d|c:\\windows\\system32\\mpssvc.dll+c8eb|c:\\windows\\system32\\mpssvc.dll+c6d2|c:\\windows\\system32\\mpssvc.dll+c4f5|C:\\Windows\\System32\\RPCRT4.dll+77823|C:\\Windows\\System32\\RPCRT4.dll+db4a6|C:\\Windows\\System32\\RPCRT4.dll+10d20|C:\\Windows\\System32\\RPCRT4.dll+54a38|C:\\Windows\\System32\\RPCRT4.dll+304b0|C:\\Windows\\System32\\RPCRT4.dll+2fe5b|C:\\Windows\\System32\\RPCRT4.dll+221ff|C:\\Windows\\System32\\RPCRT4.dll+2165a|C:\\Windows\\System32\\RPCRT4.dll+20c21|C:\\Windows\\System32\\RPCRT4.dll+20692|C:\\Windows\\System32\\RPCRT4.dll+17465|C:\\Windows\\SYSTEM32\\ntdll.dll+4f4c0|C:\\Windows\\SYSTEM32\\ntdll.dll+50348|C:\\Windows\\System32\\KERNEL32.DLL+17974|C:\\Windows\\SYSTEM32\\ntdll.dll+6a271","SourceProcessGUID":"{962923ac-a0e4-5db5-0000-0010db000100}","SourceThreadId":"3576","TargetProcessId":"2764","GrantedAccess":"0x1000","UtcTime":"2019-10-28 02:31:58.906","SourceImage":"C:\\Windows\\system32\\svchost.exe","SourceProcessId":"1528","TargetImage":"C:\\Windows\\System32\\svchost.exe"},"task":"Process accessed (rule: ProcessAccess)","api":"wineventlog","provider_guid":"{5770385f-c22a-43e0-bf4c-06f5698ffbd9}","channel":"Microsoft-Windows-Sysmon/Operational","event_id":10,"process":{"thread":{"id":3656},"pid":2044},"user":{"identifier":"S-1-5-18","name":"SYSTEM","domain":"NT AUTHORITY","type":"User"},"opcode":"Info","provider_name":"Microsoft-Windows-Sysmon","version":3,"record_id":222763,"computer_name":"HFDC01.shire.com"},"event":{"kind":"event","code":10,"action":"Process accessed (rule: ProcessAccess)","created":"2019-10-28T02:31:59.668Z"}}
{"@timestamp":"2019-10-28T02:31:58.913Z","@metadata":{"beat":"winlogbeat","type":"_doc","version":"7.4.0","topic":"winlogbeat"},"winlog":{"opcode":"Info","provider_guid":"{5770385f-c22a-43e0-bf4c-06f5698ffbd9}","user":{"identifier":"S-1-5-18","name":"SYSTEM","domain":"NT AUTHORITY","type":"User"},"event_id":10,"provider_name":"Microsoft-Windows-Sysmon","version":3,"event_data":{"SourceImage":"C:\\Windows\\system32\\svchost.exe","TargetProcessGUID":"{962923ac-a0ed-5db5-0000-0010cee20100}","GrantedAccess":"0x1000","CallTrace":"C:\\Windows\\SYSTEM32\\ntdll.dll+9fc24|C:\\Windows\\System32\\KERNELBASE.dll+20d0e|c:\\windows\\system32\\fwbase.dll+16e5|c:\\windows\\system32\\fwbase.dll+1639|c:\\windows\\system32\\mpssvc.dll+e42d|c:\\windows\\system32\\mpssvc.dll+e1a8|c:\\windows\\system32\\mpssvc.dll+ebd2|C:\\Windows\\System32\\RPCRT4.dll+77823|C:\\Windows\\System32\\RPCRT4.dll+db4a6|C:\\Windows\\System32\\RPCRT4.dll+10d20|C:\\Windows\\System32\\RPCRT4.dll+54a38|C:\\Windows\\System32\\RPCRT4.dll+304b0|C:\\Windows\\System32\\RPCRT4.dll+2fe5b|C:\\Windows\\System32\\RPCRT4.dll+221ff|C:\\Windows\\System32\\RPCRT4.dll+2165a|C:\\Windows\\System32\\RPCRT4.dll+20c21|C:\\Windows\\System32\\RPCRT4.dll+20692|C:\\Windows\\System32\\RPCRT4.dll+17465|C:\\Windows\\SYSTEM32\\ntdll.dll+4f4c0|C:\\Windows\\SYSTEM32\\ntdll.dll+50348|C:\\Windows\\System32\\KERNEL32.DLL+17974|C:\\Windows\\SYSTEM32\\ntdll.dll+6a271","UtcTime":"2019-10-28 02:31:58.906","SourceProcessId":"1528","SourceThreadId":"3576","TargetProcessId":"2764","SourceProcessGUID":"{962923ac-a0e4-5db5-0000-0010db000100}","TargetImage":"C:\\Windows\\System32\\svchost.exe"},"channel":"Microsoft-Windows-Sysmon/Operational","record_id":222764,"computer_name":"HFDC01.shire.com","task":"Process accessed (rule: ProcessAccess)","api":"wineventlog","process":{"pid":2044,"thread":{"id":3656}}},"event":{"code":10,"action":"Process accessed (rule: ProcessAccess)","created":"2019-10-28T02:31:59.668Z","kind":"event"},"log":{"level":"information"},"message":"Process accessed:\nRuleName: \nUtcTime: 2019-10-28 02:31:58.906\nSourceProcessGUID: {962923ac-a0e4-5db5-0000-0010db000100}\nSourceProcessId: 1528\nSourceThreadId: 3576\nSourceImage: C:\\Windows\\system32\\svchost.exe\nTargetProcessGUID: {962923ac-a0ed-5db5-0000-0010cee20100}\nTargetProcessId: 2764\nTargetImage: C:\\Windows\\System32\\svchost.exe\nGrantedAccess: 0x1000\nCallTrace: C:\\Windows\\SYSTEM32\\ntdll.dll+9fc24|C:\\Windows\\System32\\KERNELBASE.dll+20d0e|c:\\windows\\system32\\fwbase.dll+16e5|c:\\windows\\system32\\fwbase.dll+1639|c:\\windows\\system32\\mpssvc.dll+e42d|c:\\windows\\system32\\mpssvc.dll+e1a8|c:\\windows\\system32\\mpssvc.dll+ebd2|C:\\Windows\\System32\\RPCRT4.dll+77823|C:\\Windows\\System32\\RPCRT4.dll+db4a6|C:\\Windows\\System32\\RPCRT4.dll+10d20|C:\\Windows\\System32\\RPCRT4.dll+54a38|C:\\Windows\\System32\\RPCRT4.dll+304b0|C:\\Windows\\System32\\RPCRT4.dll+2fe5b|C:\\Windows\\System32\\RPCRT4.dll+221ff|C:\\Windows\\System32\\RPCRT4.dll+2165a|C:\\Windows\\System32\\RPCRT4.dll+20c21|C:\\Windows\\System32\\RPCRT4.dll+20692|C:\\Windows\\System32\\RPCRT4.dll+17465|C:\\Windows\\SYSTEM32\\ntdll.dll+4f4c0|C:\\Windows\\SYSTEM32\\ntdll.dll+50348|C:\\Windows\\System32\\KERNEL32.DLL+17974|C:\\Windows\\SYSTEM32\\ntdll.dll+6a271","ecs":{"version":"1.1.0"},"host":{"name":"WECServer"},"agent":{"id":"f8e32ecf-6ac8-4748-86ec-f026490623c4","version":"7.4.0","type":"winlogbeat","ephemeral_id":"df5ad137-6594-4bd7-a3eb-e0eda670370c","hostname":"WECServer"}}
{"@timestamp":"2019-10-28T02:31:58.913Z","@metadata":{"beat":"winlogbeat","type":"_doc","version":"7.4.0","topic":"winlogbeat"},"log":{"level":"information"},"message":"Process accessed:\nRuleName: \nUtcTime: 2019-10-28 02:31:58.906\nSourceProcessGUID: {962923ac-a0e4-5db5-0000-0010db000100}\nSourceProcessId: 1528\nSourceThreadId: 3576\nSourceImage: C:\\Windows\\system32\\svchost.exe\nTargetProcessGUID: {962923ac-a0ed-5db5-0000-0010cee20100}\nTargetProcessId: 2764\nTargetImage: C:\\Windows\\System32\\svchost.exe\nGrantedAccess: 0x1000\nCallTrace: C:\\Windows\\SYSTEM32\\ntdll.dll+9fc24|C:\\Windows\\System32\\KERNELBASE.dll+20d0e|c:\\windows\\system32\\fwbase.dll+16e5|c:\\windows\\system32\\fwbase.dll+1639|c:\\windows\\system32\\mpssvc.dll+e42d|c:\\windows\\system32\\mpssvc.dll+e1a8|c:\\windows\\system32\\mpssvc.dll+ebd2|C:\\Windows\\System32\\RPCRT4.dll+77823|C:\\Windows\\System32\\RPCRT4.dll+db4a6|C:\\Windows\\System32\\RPCRT4.dll+10d20|C:\\Windows\\System32\\RPCRT4.dll+54a38|C:\\Windows\\System32\\RPCRT4.dll+304b0|C:\\Windows\\System32\\RPCRT4.dll+2fe5b|C:\\Windows\\System32\\RPCRT4.dll+221ff|C:\\Windows\\System32\\RPCRT4.dll+2165a|C:\\Windows\\System32\\RPCRT4.dll+20c21|C:\\Windows\\System32\\RPCRT4.dll+20692|C:\\Windows\\System32\\RPCRT4.dll+17465|C:\\Windows\\SYSTEM32\\ntdll.dll+4f4c0|C:\\Windows\\SYSTEM32\\ntdll.dll+50348|C:\\Windows\\System32\\KERNEL32.DLL+17974|C:\\Windows\\SYSTEM32\\ntdll.dll+6a271","agent":{"ephemeral_id":"df5ad137-6594-4bd7-a3eb-e0eda670370c","hostname":"WECServer","id":"f8e32ecf-6ac8-4748-86ec-f026490623c4","version":"7.4.0","type":"winlogbeat"},"ecs":{"version":"1.1.0"},"host":{"name":"WECServer"},"winlog":{"event_data":{"CallTrace":"C:\\Windows\\SYSTEM32\\ntdll.dll+9fc24|C:\\Windows\\System32\\KERNELBASE.dll+20d0e|c:\\windows\\system32\\fwbase.dll+16e5|c:\\windows\\system32\\fwbase.dll+1639|c:\\windows\\system32\\mpssvc.dll+e42d|c:\\windows\\system32\\mpssvc.dll+e1a8|c:\\windows\\system32\\mpssvc.dll+ebd2|C:\\Windows\\System32\\RPCRT4.dll+77823|C:\\Windows\\System32\\RPCRT4.dll+db4a6|C:\\Windows\\System32\\RPCRT4.dll+10d20|C:\\Windows\\System32\\RPCRT4.dll+54a38|C:\\Windows\\System32\\RPCRT4.dll+304b0|C:\\Windows\\System32\\RPCRT4.dll+2fe5b|C:\\Windows\\System32\\RPCRT4.dll+221ff|C:\\Windows\\System32\\RPCRT4.dll+2165a|C:\\Windows\\System32\\RPCRT4.dll+20c21|C:\\Windows\\System32\\RPCRT4.dll+20692|C:\\Windows\\System32\\RPCRT4.dll+17465|C:\\Windows\\SYSTEM32\\ntdll.dll+4f4c0|C:\\Windows\\SYSTEM32\\ntdll.dll+50348|C:\\Windows\\System32\\KERNEL32.DLL+17974|C:\\Windows\\SYSTEM32\\ntdll.dll+6a271","UtcTime":"2019-10-28 02:31:58.906","SourceImage":"C:\\Windows\\system32\\svchost.exe","SourceProcessGUID":"{962923ac-a0e4-5db5-0000-0010db000100}","TargetProcessGUID":"{962923ac-a0ed-5db5-0000-0010cee20100}","TargetProcessId":"2764","SourceProcessId":"1528","TargetImage":"C:\\Windows\\System32\\svchost.exe","SourceThreadId":"3576","GrantedAccess":"0x1000"},"provider_name":"Microsoft-Windows-Sysmon","record_id":222765,"api":"wineventlog","user":{"domain":"NT AUTHORITY","type":"User","identifier":"S-1-5-18","name":"SYSTEM"},"event_id":10,"computer_name":"HFDC01.shire.com","provider_guid":"{5770385f-c22a-43e0-bf4c-06f5698ffbd9}","version":3,"process":{"pid":2044,"thread":{"id":3656}},"task":"Process accessed (rule: ProcessAccess)","opcode":"Info","channel":"Microsoft-Windows-Sysmon/Operational"},"event":{"kind":"event","code":10,"action":"Process accessed (rule: ProcessAccess)","created":"2019-10-28T02:32:00.684Z"}}
{"@timestamp":"2019-10-28T02:31:58.913Z","@metadata":{"beat":"winlogbeat","type":"_doc","version":"7.4.0","topic":"winlogbeat"},"message":"Process accessed:\nRuleName: \nUtcTime: 2019-10-28 02:31:58.906\nSourceProcessGUID: {962923ac-a0e4-5db5-0000-0010db000100}\nSourceProcessId: 1528\nSourceThreadId: 3576\nSourceImage: C:\\Windows\\system32\\svchost.exe\nTargetProcessGUID: {962923ac-a0ed-5db5-0000-0010cee20100}\nTargetProcessId: 2764\nTargetImage: C:\\Windows\\System32\\svchost.exe\nGrantedAccess: 0x1000\nCallTrace: C:\\Windows\\SYSTEM32\\ntdll.dll+9fc24|C:\\Windows\\System32\\KERNELBASE.dll+20d0e|c:\\windows\\system32\\fwbase.dll+16e5|c:\\windows\\system32\\fwbase.dll+1639|c:\\windows\\system32\\mpssvc.dll+e42d|c:\\windows\\system32\\mpssvc.dll+e1a8|c:\\windows\\system32\\mpssvc.dll+ebd2|C:\\Windows\\System32\\RPCRT4.dll+77823|C:\\Windows\\System32\\RPCRT4.dll+db4a6|C:\\Windows\\System32\\RPCRT4.dll+10d20|C:\\Windows\\System32\\RPCRT4.dll+54a38|C:\\Windows\\System32\\RPCRT4.dll+304b0|C:\\Windows\\System32\\RPCRT4.dll+2fe5b|C:\\Windows\\System32\\RPCRT4.dll+221ff|C:\\Windows\\System32\\RPCRT4.dll+2165a|C:\\Windows\\System32\\RPCRT4.dll+20c21|C:\\Windows\\System32\\RPCRT4.dll+20692|C:\\Windows\\System32\\RPCRT4.dll+17465|C:\\Windows\\SYSTEM32\\ntdll.dll+4f4c0|C:\\Windows\\SYSTEM32\\ntdll.dll+50348|C:\\Windows\\System32\\KERNEL32.DLL+17974|C:\\Windows\\SYSTEM32\\ntdll.dll+6a271","ecs":{"version":"1.1.0"},"host":{"name":"WECServer"},"agent":{"type":"winlogbeat","ephemeral_id":"df5ad137-6594-4bd7-a3eb-e0eda670370c","hostname":"WECServer","id":"f8e32ecf-6ac8-4748-86ec-f026490623c4","version":"7.4.0"},"winlog":{"provider_name":"Microsoft-Windows-Sysmon","record_id":222766,"task":"Process accessed (rule: ProcessAccess)","computer_name":"HFDC01.shire.com","provider_guid":"{5770385f-c22a-43e0-bf4c-06f5698ffbd9}","process":{"pid":2044,"thread":{"id":3656}},"opcode":"Info","event_data":{"SourceProcessId":"1528","SourceThreadId":"3576","GrantedAccess":"0x1000","TargetProcessId":"2764","UtcTime":"2019-10-28 02:31:58.906","SourceProcessGUID":"{962923ac-a0e4-5db5-0000-0010db000100}","CallTrace":"C:\\Windows\\SYSTEM32\\ntdll.dll+9fc24|C:\\Windows\\System32\\KERNELBASE.dll+20d0e|c:\\windows\\system32\\fwbase.dll+16e5|c:\\windows\\system32\\fwbase.dll+1639|c:\\windows\\system32\\mpssvc.dll+e42d|c:\\windows\\system32\\mpssvc.dll+e1a8|c:\\windows\\system32\\mpssvc.dll+ebd2|C:\\Windows\\System32\\RPCRT4.dll+77823|C:\\Windows\\System32\\RPCRT4.dll+db4a6|C:\\Windows\\System32\\RPCRT4.dll+10d20|C:\\Windows\\System32\\RPCRT4.dll+54a38|C:\\Windows\\System32\\RPCRT4.dll+304b0|C:\\Windows\\System32\\RPCRT4.dll+2fe5b|C:\\Windows\\System32\\RPCRT4.dll+221ff|C:\\Windows\\System32\\RPCRT4.dll+2165a|C:\\Windows\\System32\\RPCRT4.dll+20c21|C:\\Windows\\System32\\RPCRT4.dll+20692|C:\\Windows\\System32\\RPCRT4.dll+17465|C:\\Windows\\SYSTEM32\\ntdll.dll+4f4c0|C:\\Windows\\SYSTEM32\\ntdll.dll+50348|C:\\Windows\\System32\\KERNEL32.DLL+17974|C:\\Windows\\SYSTEM32\\ntdll.dll+6a271","SourceImage":"C:\\Windows\\system32\\svchost.exe","TargetProcessGUID":"{962923ac-a0ed-5db5-0000-0010cee20100}","TargetImage":"C:\\Windows\\System32\\svchost.exe"},"version":3,"user":{"domain":"NT AUTHORITY","type":"User","identifier":"S-1-5-18","name":"SYSTEM"},"api":"wineventlog","channel":"Microsoft-Windows-Sysmon/Operational","event_id":10},"event":{"code":10,"action":"Process accessed (rule: ProcessAccess)","created":"2019-10-28T02:32:00.684Z","kind":"event"},"log":{"level":"information"}}
{"@timestamp":"2019-10-28T02:31:58.913Z","@metadata":{"beat":"winlogbeat","type":"_doc","version":"7.4.0","topic":"winlogbeat"},"winlog":{"channel":"Microsoft-Windows-Sysmon/Operational","provider_guid":"{5770385f-c22a-43e0-bf4c-06f5698ffbd9}","user":{"identifier":"S-1-5-18","name":"SYSTEM","domain":"NT AUTHORITY","type":"User"},"provider_name":"Microsoft-Windows-Sysmon","task":"Process accessed (rule: ProcessAccess)","event_data":{"UtcTime":"2019-10-28 02:31:58.906","SourceProcessId":"1528","SourceThreadId":"3576","CallTrace":"C:\\Windows\\SYSTEM32\\ntdll.dll+9fc24|C:\\Windows\\System32\\KERNELBASE.dll+20d0e|c:\\windows\\system32\\fwbase.dll+16e5|c:\\windows\\system32\\fwbase.dll+1639|c:\\windows\\system32\\mpssvc.dll+e42d|c:\\windows\\system32\\mpssvc.dll+cf2b|c:\\windows\\system32\\mpssvc.dll+cca7|C:\\Windows\\System32\\RPCRT4.dll+77823|C:\\Windows\\System32\\RPCRT4.dll+db4a6|C:\\Windows\\System32\\RPCRT4.dll+10d20|C:\\Windows\\System32\\RPCRT4.dll+54a38|C:\\Windows\\System32\\RPCRT4.dll+304b0|C:\\Windows\\System32\\RPCRT4.dll+2fe5b|C:\\Windows\\System32\\RPCRT4.dll+221ff|C:\\Windows\\System32\\RPCRT4.dll+2165a|C:\\Windows\\System32\\RPCRT4.dll+20c21|C:\\Windows\\System32\\RPCRT4.dll+20692|C:\\Windows\\System32\\RPCRT4.dll+17465|C:\\Windows\\SYSTEM32\\ntdll.dll+4f4c0|C:\\Windows\\SYSTEM32\\ntdll.dll+50348|C:\\Windows\\System32\\KERNEL32.DLL+17974|C:\\Windows\\SYSTEM32\\ntdll.dll+6a271","SourceProcessGUID":"{962923ac-a0e4-5db5-0000-0010db000100}","TargetProcessGUID":"{962923ac-a0ed-5db5-0000-0010cee20100}","GrantedAccess":"0x1000","TargetProcessId":"2764","TargetImage":"C:\\Windows\\System32\\svchost.exe","SourceImage":"C:\\Windows\\system32\\svchost.exe"},"api":"wineventlog","opcode":"Info","process":{"thread":{"id":3656},"pid":2044},"computer_name":"HFDC01.shire.com","version":3,"event_id":10,"record_id":222767},"event":{"kind":"event","code":10,"action":"Process accessed (rule: ProcessAccess)","created":"2019-10-28T02:32:00.684Z"},"log":{"level":"information"},"message":"Process accessed:\nRuleName: \nUtcTime: 2019-10-28 02:31:58.906\nSourceProcessGUID: {962923ac-a0e4-5db5-0000-0010db000100}\nSourceProcessId: 1528\nSourceThreadId: 3576\nSourceImage: C:\\Windows\\system32\\svchost.exe\nTargetProcessGUID: {962923ac-a0ed-5db5-0000-0010cee20100}\nTargetProcessId: 2764\nTargetImage: C:\\Windows\\System32\\svchost.exe\nGrantedAccess: 0x1000\nCallTrace: C:\\Windows\\SYSTEM32\\ntdll.dll+9fc24|C:\\Windows\\System32\\KERNELBASE.dll+20d0e|c:\\windows\\system32\\fwbase.dll+16e5|c:\\windows\\system32\\fwbase.dll+1639|c:\\windows\\system32\\mpssvc.dll+e42d|c:\\windows\\system32\\mpssvc.dll+cf2b|c:\\windows\\system32\\mpssvc.dll+cca7|C:\\Windows\\System32\\RPCRT4.dll+77823|C:\\Windows\\System32\\RPCRT4.dll+db4a6|C:\\Windows\\System32\\RPCRT4.dll+10d20|C:\\Windows\\System32\\RPCRT4.dll+54a38|C:\\Windows\\System32\\RPCRT4.dll+304b0|C:\\Windows\\System32\\RPCRT4.dll+2fe5b|C:\\Windows\\System32\\RPCRT4.dll+221ff|C:\\Windows\\System32\\RPCRT4.dll+2165a|C:\\Windows\\System32\\RPCRT4.dll+20c21|C:\\Windows\\System32\\RPCRT4.dll+20692|C:\\Windows\\System32\\RPCRT4.dll+17465|C:\\Windows\\SYSTEM32\\ntdll.dll+4f4c0|C:\\Windows\\SYSTEM32\\ntdll.dll+50348|C:\\Windows\\System32\\KERNEL32.DLL+17974|C:\\Windows\\SYSTEM32\\ntdll.dll+6a271","ecs":{"version":"1.1.0"},"host":{"name":"WECServer"},"agent":{"type":"winlogbeat","ephemeral_id":"df5ad137-6594-4bd7-a3eb-e0eda670370c","hostname":"WECServer","id":"f8e32ecf-6ac8-4748-86ec-f026490623c4","version":"7.4.0"}}
{"@timestamp":"2019-10-28T02:31:58.913Z","@metadata":{"beat":"winlogbeat","type":"_doc","version":"7.4.0","topic":"winlogbeat"},"ecs":{"version":"1.1.0"},"winlog":{"provider_name":"Microsoft-Windows-Security-Auditing","computer_name":"HFDC01.shire.com","keywords":["Audit Success"],"version":1,"event_id":5156,"provider_guid":"{54849625-5478-4994-a5ba-3e3b0328c30d}","event_data":{"SourcePort":"138","LayerName":"%%14611","RemoteUserID":"S-1-0-0","DestAddress":"172.18.39.255","DestPort":"138","Protocol":"17","LayerRTID":"48","SourceAddress":"172.18.39.5","RemoteMachineID":"S-1-0-0","ProcessID":"4","FilterRTID":"66459","Direction":"%%14593","Application":"System"},"channel":"Security","task":"Filtering Platform Connection","api":"wineventlog","opcode":"Info","process":{"pid":4,"thread":{"id":372}},"record_id":116092},"event":{"action":"Filtering Platform Connection","created":"2019-10-28T02:32:00.684Z","kind":"event","code":5156},"log":{"level":"information"},"message":"The Windows Filtering Platform has permitted a connection.\n\nApplication Information:\n\tProcess ID:\t\t4\n\tApplication Name:\tSystem\n\nNetwork Information:\n\tDirection:\t\tOutbound\n\tSource Address:\t\t172.18.39.5\n\tSource Port:\t\t138\n\tDestination Address:\t172.18.39.255\n\tDestination Port:\t\t138\n\tProtocol:\t\t17\n\nFilter Information:\n\tFilter Run-Time ID:\t66459\n\tLayer Name:\t\tConnect\n\tLayer Run-Time ID:\t48","host":{"name":"WECServer"},"agent":{"type":"winlogbeat","ephemeral_id":"df5ad137-6594-4bd7-a3eb-e0eda670370c","hostname":"WECServer","id":"f8e32ecf-6ac8-4748-86ec-f026490623c4","version":"7.4.0"}}
{"@timestamp":"2019-10-28T02:32:00.015Z","@metadata":{"beat":"winlogbeat","type":"_doc","version":"7.4.0","topic":"winlogbeat"},"event":{"created":"2019-10-28T02:32:01.703Z","kind":"event","code":7,"action":"Image loaded (rule: ImageLoad)"},"log":{"level":"information"},"ecs":{"version":"1.1.0"},"host":{"name":"WECServer"},"agent":{"version":"7.4.0","type":"winlogbeat","ephemeral_id":"df5ad137-6594-4bd7-a3eb-e0eda670370c","hostname":"WECServer","id":"f8e32ecf-6ac8-4748-86ec-f026490623c4"},"message":"Image loaded:\nRuleName: \nUtcTime: 2019-10-28 02:32:00.004\nProcessGuid: {37dc4fc9-a3b5-5db5-0000-00102db20b00}\nProcessId: 876\nImage: C:\\Windows\\System32\\svchost.exe\nImageLoaded: C:\\Windows\\System32\\perfos.dll\nFileVersion: 10.0.17763.1 (WinBuild.160101.0800)\nDescription: Windows System Performance Objects DLL\nProduct: Microsoft Windows Operating System\nCompany: Microsoft Corporation\nOriginalFileName: PERFOS.DLL\nHashes: SHA1=3A839A656D9DCEDFCDFDF58AC4D923E387E671B9,MD5=E104BA77D289204B5165BBB27473F037,SHA256=9773FB5BB1A3B0D49EA900A0E840173BE876EC727711678C6A4220DDAE651E9D,IMPHASH=FCF3B3FD2696F782C0B8AB6A6DB4B2B6\nSigned: true\nSignature: Microsoft Windows\nSignatureStatus: Valid","winlog":{"provider_name":"Microsoft-Windows-Sysmon","task":"Image loaded (rule: ImageLoad)","version":3,"record_id":147804,"provider_guid":"{5770385f-c22a-43e0-bf4c-06f5698ffbd9}","process":{"pid":2756,"thread":{"id":3320}},"event_id":7,"api":"wineventlog","computer_name":"FILE001.shire.com","user":{"type":"User","identifier":"S-1-5-18","name":"SYSTEM","domain":"NT AUTHORITY"},"event_data":{"Product":"Microsoft Windows Operating System","Image":"C:\\Windows\\System32\\svchost.exe","Signed":"true","SignatureStatus":"Valid","FileVersion":"10.0.17763.1 (WinBuild.160101.0800)","ImageLoaded":"C:\\Windows\\System32\\perfos.dll","UtcTime":"2019-10-28 02:32:00.004","Description":"Windows System Performance Objects DLL","OriginalFileName":"PERFOS.DLL","Hashes":"SHA1=3A839A656D9DCEDFCDFDF58AC4D923E387E671B9,MD5=E104BA77D289204B5165BBB27473F037,SHA256=9773FB5BB1A3B0D49EA900A0E840173BE876EC727711678C6A4220DDAE651E9D,IMPHASH=FCF3B3FD2696F782C0B8AB6A6DB4B2B6","Company":"Microsoft Corporation","ProcessGuid":"{37dc4fc9-a3b5-5db5-0000-00102db20b00}","Signature":"Microsoft Windows","ProcessId":"876"},"channel":"Microsoft-Windows-Sysmon/Operational","opcode":"Info"}}
{"@timestamp":"2019-10-28T02:31:59.969Z","@metadata":{"beat":"winlogbeat","type":"_doc","version":"7.4.0","topic":"winlogbeat"},"event":{"kind":"event","code":3,"action":"Network connection detected (rule: NetworkConnect)","created":"2019-10-28T02:32:01.703Z"},"log":{"level":"information"},"message":"Network connection detected:\nRuleName: \nUtcTime: 2019-10-28 02:31:58.769\nProcessGuid: {962923ac-a0dd-5db5-0000-0010eb030000}\nProcessId: 4\nImage: System\nUser: NT AUTHORITY\\SYSTEM\nProtocol: udp\nInitiated: true\nSourceIsIpv6: false\nSourceIp: 172.18.39.5\nSourceHostname: HFDC01.shire.com\nSourcePort: 138\nSourcePortName: netbios-dgm\nDestinationIsIpv6: false\nDestinationIp: 172.18.39.255\nDestinationHostname: \nDestinationPort: 138\nDestinationPortName: netbios-dgm","ecs":{"version":"1.1.0"},"host":{"name":"WECServer"},"agent":{"type":"winlogbeat","ephemeral_id":"df5ad137-6594-4bd7-a3eb-e0eda670370c","hostname":"WECServer","id":"f8e32ecf-6ac8-4748-86ec-f026490623c4","version":"7.4.0"},"winlog":{"process":{"pid":2044,"thread":{"id":3636}},"channel":"Microsoft-Windows-Sysmon/Operational","task":"Network connection detected (rule: NetworkConnect)","api":"wineventlog","event_data":{"Initiated":"true","SourcePort":"138","DestinationIp":"172.18.39.255","SourcePortName":"netbios-dgm","DestinationIsIpv6":"false","ProcessGuid":"{962923ac-a0dd-5db5-0000-0010eb030000}","UtcTime":"2019-10-28 02:31:58.769","Image":"System","DestinationPortName":"netbios-dgm","SourceHostname":"HFDC01.shire.com","ProcessId":"4","User":"NT AUTHORITY\\SYSTEM","Protocol":"udp","SourceIsIpv6":"false","SourceIp":"172.18.39.5","DestinationPort":"138"},"record_id":222768,"computer_name":"HFDC01.shire.com","version":5,"event_id":3,"provider_name":"Microsoft-Windows-Sysmon","opcode":"Info","provider_guid":"{5770385f-c22a-43e0-bf4c-06f5698ffbd9}","user":{"identifier":"S-1-5-18","name":"SYSTEM","domain":"NT AUTHORITY","type":"User"}}}
{"@timestamp":"2019-10-28T02:31:59.969Z","@metadata":{"beat":"winlogbeat","type":"_doc","version":"7.4.0","topic":"winlogbeat"},"host":{"name":"WECServer"},"agent":{"type":"winlogbeat","ephemeral_id":"df5ad137-6594-4bd7-a3eb-e0eda670370c","hostname":"WECServer","id":"f8e32ecf-6ac8-4748-86ec-f026490623c4","version":"7.4.0"},"winlog":{"channel":"Microsoft-Windows-Sysmon/Operational","api":"wineventlog","user":{"identifier":"S-1-5-18","name":"SYSTEM","domain":"NT AUTHORITY","type":"User"},"event_id":3,"record_id":222769,"provider_guid":"{5770385f-c22a-43e0-bf4c-06f5698ffbd9}","process":{"pid":2044,"thread":{"id":3636}},"event_data":{"Initiated":"false","SourcePort":"138","DestinationPortName":"netbios-dgm","ProcessGuid":"{962923ac-a0dd-5db5-0000-0010eb030000}","SourceIp":"172.18.39.255","ProcessId":"4","Image":"System","User":"NT AUTHORITY\\SYSTEM","DestinationIp":"172.18.39.5","DestinationHostname":"HFDC01.shire.com","UtcTime":"2019-10-28 02:31:58.769","SourcePortName":"netbios-dgm","Protocol":"udp","SourceIsIpv6":"false","DestinationPort":"138","DestinationIsIpv6":"false"},"provider_name":"Microsoft-Windows-Sysmon","computer_name":"HFDC01.shire.com","version":5,"task":"Network connection detected (rule: NetworkConnect)","opcode":"Info"},"event":{"created":"2019-10-28T02:32:01.703Z","kind":"event","code":3,"action":"Network connection detected (rule: NetworkConnect)"},"log":{"level":"information"},"message":"Network connection detected:\nRuleName: \nUtcTime: 2019-10-28 02:31:58.769\nProcessGuid: {962923ac-a0dd-5db5-0000-0010eb030000}\nProcessId: 4\nImage: System\nUser: NT AUTHORITY\\SYSTEM\nProtocol: udp\nInitiated: false\nSourceIsIpv6: false\nSourceIp: 172.18.39.255\nSourceHostname: \nSourcePort: 138\nSourcePortName: netbios-dgm\nDestinationIsIpv6: false\nDestinationIp: 172.18.39.5\nDestinationHostname: HFDC01.shire.com\nDestinationPort: 138\nDestinationPortName: netbios-dgm","ecs":{"version":"1.1.0"}}
{"@timestamp":"2019-10-28T02:32:00.027Z","@metadata":{"beat":"winlogbeat","type":"_doc","version":"7.4.0","topic":"winlogbeat"},"event":{"created":"2019-10-28T02:32:01.703Z","kind":"event","code":7,"action":"Image loaded (rule: ImageLoad)"},"log":{"level":"information"},"message":"Image loaded:\nRuleName: \nUtcTime: 2019-10-28 02:32:00.016\nProcessGuid: {962923ac-a16e-5db5-0000-0010d7550500}\nProcessId: 1016\nImage: C:\\Windows\\System32\\svchost.exe\nImageLoaded: C:\\Windows\\System32\\perfos.dll\nFileVersion: 10.0.17763.1 (WinBuild.160101.0800)\nDescription: Windows System Performance Objects DLL\nProduct: Microsoft Windows Operating System\nCompany: Microsoft Corporation\nOriginalFileName: PERFOS.DLL\nHashes: SHA1=3A839A656D9DCEDFCDFDF58AC4D923E387E671B9,MD5=E104BA77D289204B5165BBB27473F037,SHA256=9773FB5BB1A3B0D49EA900A0E840173BE876EC727711678C6A4220DDAE651E9D,IMPHASH=FCF3B3FD2696F782C0B8AB6A6DB4B2B6\nSigned: true\nSignature: Microsoft Windows\nSignatureStatus: Valid","winlog":{"record_id":222770,"user":{"type":"User","identifier":"S-1-5-18","name":"SYSTEM","domain":"NT AUTHORITY"},"event_data":{"FileVersion":"10.0.17763.1 (WinBuild.160101.0800)","Company":"Microsoft Corporation","ProcessGuid":"{962923ac-a16e-5db5-0000-0010d7550500}","Signed":"true","Description":"Windows System Performance Objects DLL","Hashes":"SHA1=3A839A656D9DCEDFCDFDF58AC4D923E387E671B9,MD5=E104BA77D289204B5165BBB27473F037,SHA256=9773FB5BB1A3B0D49EA900A0E840173BE876EC727711678C6A4220DDAE651E9D,IMPHASH=FCF3B3FD2696F782C0B8AB6A6DB4B2B6","ProcessId":"1016","Image":"C:\\Windows\\System32\\svchost.exe","ImageLoaded":"C:\\Windows\\System32\\perfos.dll","SignatureStatus":"Valid","Product":"Microsoft Windows Operating System","OriginalFileName":"PERFOS.DLL","Signature":"Microsoft Windows","UtcTime":"2019-10-28 02:32:00.016"},"task":"Image loaded (rule: ImageLoad)","api":"wineventlog","provider_guid":"{5770385f-c22a-43e0-bf4c-06f5698ffbd9}","process":{"pid":2044,"thread":{"id":3656}},"channel":"Microsoft-Windows-Sysmon/Operational","version":3,"event_id":7,"computer_name":"HFDC01.shire.com","opcode":"Info","provider_name":"Microsoft-Windows-Sysmon"},"ecs":{"version":"1.1.0"},"host":{"name":"WECServer"},"agent":{"type":"winlogbeat","ephemeral_id":"df5ad137-6594-4bd7-a3eb-e0eda670370c","hostname":"WECServer","id":"f8e32ecf-6ac8-4748-86ec-f026490623c4","version":"7.4.0"}}
