{"@timestamp":"2019-10-28T02:31:41.391Z","@metadata":{"beat":"winlogbeat","type":"_doc","version":"7.4.0","topic":"winlogbeat"},"message":"Image loaded:\nRuleName: \nUtcTime: 2019-10-28 02:31:41.376\nProcessGuid: {a158f72c-530d-5db6-0000-001062e9af00}\nProcessId: 3728\nImage: C:\\Windows\\System32\\certutil.exe\nImageLoaded: C:\\Windows\\System32\\shell32.dll\nFileVersion: 10.0.18362.1 (WinBuild.160101.0800)\nDescription: Windows Shell Common Dll\nProduct: Microsoft Windows Operating System\nCompany: Microsoft Corporation\nOriginalFileName: SHELL32.DLL\nHashes: SHA1=0D14F1608D67EF5007789C7F23DCA145C7B3A11C,MD5=6C7E0FF897DA1BAB52474665716B1E2D,SHA256=9E39A02E3F63E0692F840BA9E1CA01DB4177EBBE6987DA6456F5FFF81CDCE698,IMPHASH=72F8DF168838EAD98B499AD22D7362A3\nSigned: true\nSignature: Microsoft Windows\nSignatureStatus: Valid","ecs":{"version":"1.1.0"},"host":{"name":"WECServer"},"agent":{"type":"winlogbeat","ephemeral_id":"df5ad137-6594-4bd7-a3eb-e0eda670370c","hostname":"WECServer","id":"f8e32ecf-6ac8-4748-86ec-f026490623c4","version":"7.4.0"},"winlog":{"api":"wineventlog","event_id":7,"provider_guid":"{5770385f-c22a-43e0-bf4c-06f5698ffbd9}","user":{"name":"SYSTEM","domain":"NT AUTHORITY","type":"User","identifier":"S-1-5-18"},"event_data":{"UtcTime":"2019-10-28 02:31:41.376","Product":"Microsoft Windows Operating System","FileVersion":"10.0.18362.1 (WinBuild.160101.0800)","SignatureStatus":"Valid","Hashes":"SHA1=0D14F1608D67EF5007789C7F23DCA145C7B3A11C,MD5=6C7E0FF897DA1BAB52474665716B1E2D,SHA256=9E39A02E3F63E0692F840BA9E1CA01DB4177EBBE6987DA6456F5FFF81CDCE698,IMPHASH=72F8DF168838EAD98B499AD22D7362A3","Signature":"Microsoft Windows","OriginalFileName":"SHELL32.DLL","ProcessId":"3728","ProcessGuid":"{a158f72c-530d-5db6-0000-001062e9af00}","ImageLoaded":"C:\\Windows\\System32\\shell32.dll","Image":"C:\\Windows\\System32\\certutil.exe","Company":"Microsoft Corporation","Description":"Windows Shell Common Dll","Signed":"true"},"task":"Image loaded (rule: ImageLoad)","opcode":"Info","version":3,"record_id":271611,"provider_name":"Microsoft-Windows-Sysmon","computer_name":"ACCT001.shire.com","process":{"pid":3208,"thread":{"id":5108}},"channel":"Microsoft-Windows-Sysmon/Operational"},"event":{"kind":"event","code":7,"action":"Image loaded (rule: ImageLoad)","created":"2019-10-28T02:31:42.476Z"},"log":{"level":"information"}}
{"@timestamp":"2019-10-28T02:31:41.392Z","@metadata":{"beat":"winlogbeat","type":"_doc","version":"7.4.0","topic":"winlogbeat"},"agent":{"type":"winlogbeat","ephemeral_id":"df5ad137-6594-4bd7-a3eb-e0eda670370c","hostname":"WECServer","id":"f8e32ecf-6ac8-4748-86ec-f026490623c4","version":"7.4.0"},"winlog":{"user":{"name":"SYSTEM","domain":"NT AUTHORITY","type":"User","identifier":"S-1-5-18"},"event_data":{"Hashes":"SHA1=1E2DB568640572C4DF759F3CF11ECD572074AC80,MD5=BAFD5A295E5A65F8887AC0A7B248CC5B,SHA256=6396191587728CE813053CE10795AD3DC61448A292062C204BD1EF1F2FE751FE,IMPHASH=0E48D88DA5B1AEFE29036ECDE5B34E8D","OriginalFileName":"SHCORE.dll","Company":"Microsoft Corporation","Signature":"Microsoft Windows","Product":"Microsoft Windows Operating System","FileVersion":"10.0.18362.1 (WinBuild.160101.0800)","ImageLoaded":"C:\\Windows\\System32\\SHCore.dll","Signed":"true","Image":"C:\\Windows\\System32\\certutil.exe","Description":"SHCORE","ProcessId":"3728","ProcessGuid":"{a158f72c-530d-5db6-0000-001062e9af00}","UtcTime":"2019-10-28 02:31:41.376","SignatureStatus":"Valid"},"task":"Image loaded (rule: ImageLoad)","version":3,"process":{"pid":3208,"thread":{"id":5108}},"event_id":7,"record_id":271612,"computer_name":"ACCT001.shire.com","channel":"Microsoft-Windows-Sysmon/Operational","api":"wineventlog","provider_name":"Microsoft-Windows-Sysmon","opcode":"Info","provider_guid":"{5770385f-c22a-43e0-bf4c-06f5698ffbd9}"},"event":{"created":"2019-10-28T02:31:42.476Z","kind":"event","code":7,"action":"Image loaded (rule: ImageLoad)"},"log":{"level":"information"},"message":"Image loaded:\nRuleName: \nUtcTime: 2019-10-28 02:31:41.376\nProcessGuid: {a158f72c-530d-5db6-0000-001062e9af00}\nProcessId: 3728\nImage: C:\\Windows\\System32\\certutil.exe\nImageLoaded: C:\\Windows\\System32\\SHCore.dll\nFileVersion: 10.0.18362.1 (WinBuild.160101.0800)\nDescription: SHCORE\nProduct: Microsoft Windows Operating System\nCompany: Microsoft Corporation\nOriginalFileName: SHCORE.dll\nHashes: SHA1=1E2DB568640572C4DF759F3CF11ECD572074AC80,MD5=BAFD5A295E5A65F8887AC0A7B248CC5B,SHA256=6396191587728CE813053CE10795AD3DC61448A292062C204BD1EF1F2FE751FE,IMPHASH=0E48D88DA5B1AEFE29036ECDE5B34E8D\nSigned: true\nSignature: Microsoft Windows\nSignatureStatus: Valid","ecs":{"version":"1.1.0"},"host":{"name":"WECServer"}}
{"@timestamp":"2019-10-28T02:31:41.392Z","@metadata":{"beat":"winlogbeat","type":"_doc","version":"7.4.0","topic":"winlogbeat"},"event":{"kind":"event","code":7,"action":"Image loaded (rule: ImageLoad)","created":"2019-10-28T02:31:42.476Z"},"ecs":{"version":"1.1.0"},"host":{"name":"WECServer"},"agent":{"type":"winlogbeat","ephemeral_id":"df5ad137-6594-4bd7-a3eb-e0eda670370c","hostname":"WECServer","id":"f8e32ecf-6ac8-4748-86ec-f026490623c4","version":"7.4.0"},"log":{"level":"information"},"message":"Image loaded:\nRuleName: \nUtcTime: 2019-10-28 02:31:41.376\nProcessGuid: {a158f72c-530d-5db6-0000-001062e9af00}\nProcessId: 3728\nImage: C:\\Windows\\System32\\certutil.exe\nImageLoaded: C:\\Windows\\System32\\ntdsapi.dll\nFileVersion: 10.0.18362.1 (WinBuild.160101.0800)\nDescription: Active Directory Domain Services API\nProduct: Microsoft Windows Operating System\nCompany: Microsoft Corporation\nOriginalFileName: ntdsapi.dll\nHashes: SHA1=AC20C528690D44E67BC2FE7AE904E9E5B5F7120D,MD5=3B44657E4262113E544C6A1BA348FD3C,SHA256=669D54051A400761C87C6EED8C2E1CC556433F720BA0CF04CB043C325866983C,IMPHASH=964A9AB9A13527FC9BFA5A7D1D1103B8\nSigned: true\nSignature: Microsoft Windows\nSignatureStatus: Valid","winlog":{"computer_name":"ACCT001.shire.com","opcode":"Info","provider_guid":"{5770385f-c22a-43e0-bf4c-06f5698ffbd9}","event_id":7,"event_data":{"FileVersion":"10.0.18362.1 (WinBuild.160101.0800)","ImageLoaded":"C:\\Windows\\System32\\ntdsapi.dll","Hashes":"SHA1=AC20C528690D44E67BC2FE7AE904E9E5B5F7120D,MD5=3B44657E4262113E544C6A1BA348FD3C,SHA256=669D54051A400761C87C6EED8C2E1CC556433F720BA0CF04CB043C325866983C,IMPHASH=964A9AB9A13527FC9BFA5A7D1D1103B8","UtcTime":"2019-10-28 02:31:41.376","OriginalFileName":"ntdsapi.dll","Company":"Microsoft Corporation","Description":"Active Directory Domain Services API","Signed":"true","ProcessGuid":"{a158f72c-530d-5db6-0000-001062e9af00}","ProcessId":"3728","Image":"C:\\Windows\\System32\\certutil.exe","Product":"Microsoft Windows Operating System","SignatureStatus":"Valid","Signature":"Microsoft Windows"},"channel":"Microsoft-Windows-Sysmon/Operational","record_id":271613,"api":"wineventlog","provider_name":"Microsoft-Windows-Sysmon","task":"Image loaded (rule: ImageLoad)","user":{"identifier":"S-1-5-18","name":"SYSTEM","domain":"NT AUTHORITY","type":"User"},"version":3,"process":{"pid":3208,"thread":{"id":5108}}}}
{"@timestamp":"2019-10-28T02:31:41.392Z","@metadata":{"beat":"winlogbeat","type":"_doc","version":"7.4.0","topic":"winlogbeat"},"event":{"created":"2019-10-28T02:31:42.476Z","kind":"event","code":7,"action":"Image loaded (rule: ImageLoad)"},"log":{"level":"information"},"message":"Image loaded:\nRuleName: \nUtcTime: 2019-10-28 02:31:41.392\nProcessGuid: {a158f72c-530d-5db6-0000-001062e9af00}\nProcessId: 3728\nImage: C:\\Windows\\System32\\certutil.exe\nImageLoaded: C:\\Windows\\System32\\ws2_32.dll\nFileVersion: 10.0.18362.1 (WinBuild.160101.0800)\nDescription: Windows Socket 2.0 32-Bit DLL\nProduct: Microsoft Windows Operating System\nCompany: Microsoft Corporation\nOriginalFileName: ws2_32.dll\nHashes: SHA1=09B4D2BB7B6D44024B76D9C66AB1833E3B14003F,MD5=B4B4D1FDDA13A47DD066899AF6DDA40B,SHA256=CC13039A4EF75A793A97773EA0A1A06B13A5B2F3826FCD6A569367C4DEADDDC4,IMPHASH=70D7A835AF4CA9F98A94AAF1B60BF88F\nSigned: true\nSignature: Microsoft Windows\nSignatureStatus: Valid","winlog":{"channel":"Microsoft-Windows-Sysmon/Operational","provider_name":"Microsoft-Windows-Sysmon","opcode":"Info","record_id":271614,"api":"wineventlog","user":{"domain":"NT AUTHORITY","type":"User","identifier":"S-1-5-18","name":"SYSTEM"},"event_data":{"Description":"Windows Socket 2.0 32-Bit DLL","ProcessGuid":"{a158f72c-530d-5db6-0000-001062e9af00}","SignatureStatus":"Valid","ImageLoaded":"C:\\Windows\\System32\\ws2_32.dll","Hashes":"SHA1=09B4D2BB7B6D44024B76D9C66AB1833E3B14003F,MD5=B4B4D1FDDA13A47DD066899AF6DDA40B,SHA256=CC13039A4EF75A793A97773EA0A1A06B13A5B2F3826FCD6A569367C4DEADDDC4,IMPHASH=70D7A835AF4CA9F98A94AAF1B60BF88F","ProcessId":"3728","FileVersion":"10.0.18362.1 (WinBuild.160101.0800)","Product":"Microsoft Windows Operating System","Signed":"true","Signature":"Microsoft Windows","Company":"Microsoft Corporation","UtcTime":"2019-10-28 02:31:41.392","Image":"C:\\Windows\\System32\\certutil.exe","OriginalFileName":"ws2_32.dll"},"event_id":7,"provider_guid":"{5770385f-c22a-43e0-bf4c-06f5698ffbd9}","version":3,"process":{"pid":3208,"thread":{"id":5108}},"task":"Image loaded (rule: ImageLoad)","computer_name":"ACCT001.shire.com"},"host":{"name":"WECServer"},"agent":{"type":"winlogbeat","ephemeral_id":"df5ad137-6594-4bd7-a3eb-e0eda670370c","hostname":"WECServer","id":"f8e32ecf-6ac8-4748-86ec-f026490623c4","version":"7.4.0"},"ecs":{"version":"1.1.0"}}
{"@timestamp":"2019-10-28T02:31:41.393Z","@metadata":{"beat":"winlogbeat","type":"_doc","version":"7.4.0","topic":"winlogbeat"},"winlog":{"version":3,"opcode":"Info","task":"Image loaded (rule: ImageLoad)","api":"wineventlog","event_data":{"Signed":"true","OriginalFileName":"COMBASE.DLL","Company":"Microsoft Corporation","Hashes":"SHA1=A426D26C54B5D22F0DE38ED250BBC1EC0780D052,MD5=D7D43C7E99DB383172C69EEBD2BFDC04,SHA256=6169CCC48CDC3ECA061D68687B54C34F5A273FAFE81CD1171299B0FC604C3A88,IMPHASH=BEEE865B06F92C9705F24BC04E0B2423","ProcessId":"3728","ImageLoaded":"C:\\Windows\\System32\\combase.dll","UtcTime":"2019-10-28 02:31:41.392","SignatureStatus":"Valid","Product":"Microsoft Windows Operating System","Signature":"Microsoft Windows","ProcessGuid":"{a158f72c-530d-5db6-0000-001062e9af00}","Image":"C:\\Windows\\System32\\certutil.exe","Description":"Microsoft COM for Windows","FileVersion":"10.0.18362.1 (WinBuild.160101.0800)"},"channel":"Microsoft-Windows-Sysmon/Operational","provider_guid":"{5770385f-c22a-43e0-bf4c-06f5698ffbd9}","process":{"pid":3208,"thread":{"id":5108}},"user":{"identifier":"S-1-5-18","name":"SYSTEM","domain":"NT AUTHORITY","type":"User"},"event_id":7,"record_id":271615,"computer_name":"ACCT001.shire.com","provider_name":"Microsoft-Windows-Sysmon"},"event":{"created":"2019-10-28T02:31:42.476Z","kind":"event","code":7,"action":"Image loaded (rule: ImageLoad)"},"log":{"level":"information"},"message":"Image loaded:\nRuleName: \nUtcTime: 2019-10-28 02:31:41.392\nProcessGuid: {a158f72c-530d-5db6-0000-001062e9af00}\nProcessId: 3728\nImage: C:\\Windows\\System32\\certutil.exe\nImageLoaded: C:\\Windows\\System32\\combase.dll\nFileVersion: 10.0.18362.1 (WinBuild.160101.0800)\nDescription: Microsoft COM for Windows\nProduct: Microsoft Windows Operating System\nCompany: Microsoft Corporation\nOriginalFileName: COMBASE.DLL\nHashes: SHA1=A426D26C54B5D22F0DE38ED250BBC1EC0780D052,MD5=D7D43C7E99DB383172C69EEBD2BFDC04,SHA256=6169CCC48CDC3ECA061D68687B54C34F5A273FAFE81CD1171299B0FC604C3A88,IMPHASH=BEEE865B06F92C9705F24BC04E0B2423\nSigned: true\nSignature: Microsoft Windows\nSignatureStatus: Valid","ecs":{"version":"1.1.0"},"host":{"name":"WECServer"},"agent":{"id":"f8e32ecf-6ac8-4748-86ec-f026490623c4","version":"7.4.0","type":"winlogbeat","ephemeral_id":"df5ad137-6594-4bd7-a3eb-e0eda670370c","hostname":"WECServer"}}
{"@timestamp":"2019-10-28T02:31:41.394Z","@metadata":{"beat":"winlogbeat","type":"_doc","version":"7.4.0","topic":"winlogbeat"},"log":{"level":"information"},"message":"Image loaded:\nRuleName: \nUtcTime: 2019-10-28 02:31:41.392\nProcessGuid: {a158f72c-530d-5db6-0000-001062e9af00}\nProcessId: 3728\nImage: C:\\Windows\\System32\\certutil.exe\nImageLoaded: C:\\Windows\\System32\\bcryptprimitives.dll\nFileVersion: 10.0.18362.1 (WinBuild.160101.0800)\nDescription: Windows Cryptographic Primitives Library\nProduct: Microsoft Windows Operating System\nCompany: Microsoft Corporation\nOriginalFileName: bcryptprimitives.dll\nHashes: SHA1=3E304AD14FF9B3624638C08FFE0349AA8D51FA67,MD5=5A27AB63A4D98C4760B4D9367053D3B3,SHA256=D73E318F1A4EB729E9D327642ED87973C429D02DEE1CF55D7EF7DF93EA9D1765,IMPHASH=402DA460E2AC467F4489C588A9941032\nSigned: true\nSignature: Microsoft Windows\nSignatureStatus: Valid","ecs":{"version":"1.1.0"},"host":{"name":"WECServer"},"agent":{"type":"winlogbeat","ephemeral_id":"df5ad137-6594-4bd7-a3eb-e0eda670370c","hostname":"WECServer","id":"f8e32ecf-6ac8-4748-86ec-f026490623c4","version":"7.4.0"},"winlog":{"provider_guid":"{5770385f-c22a-43e0-bf4c-06f5698ffbd9}","version":3,"event_data":{"Product":"Microsoft Windows Operating System","Image":"C:\\Windows\\System32\\certutil.exe","ProcessId":"3728","Signed":"true","ProcessGuid":"{a158f72c-530d-5db6-0000-001062e9af00}","FileVersion":"10.0.18362.1 (WinBuild.160101.0800)","OriginalFileName":"bcryptprimitives.dll","ImageLoaded":"C:\\Windows\\System32\\bcryptprimitives.dll","Company":"Microsoft Corporation","SignatureStatus":"Valid","Signature":"Microsoft Windows","UtcTime":"2019-10-28 02:31:41.392","Hashes":"SHA1=3E304AD14FF9B3624638C08FFE0349AA8D51FA67,MD5=5A27AB63A4D98C4760B4D9367053D3B3,SHA256=D73E318F1A4EB729E9D327642ED87973C429D02DEE1CF55D7EF7DF93EA9D1765,IMPHASH=402DA460E2AC467F4489C588A9941032","Description":"Windows Cryptographic Primitives Library"},"opcode":"Info","record_id":271616,"task":"Image loaded (rule: ImageLoad)","api":"wineventlog","channel":"Microsoft-Windows-Sysmon/Operational","provider_name":"Microsoft-Windows-Sysmon","computer_name":"ACCT001.shire.com","process":{"thread":{"id":5108},"pid":3208},"event_id":7,"user":{"identifier":"S-1-5-18","name":"SYSTEM","domain":"NT AUTHORITY","type":"User"}},"event":{"action":"Image loaded (rule: ImageLoad)","created":"2019-10-28T02:31:42.476Z","kind":"event","code":7}}
{"@timestamp":"2019-10-28T02:31:41.394Z","@metadata":{"beat":"winlogbeat","type":"_doc","version":"7.4.0","topic":"winlogbeat"},"agent":{"id":"f8e32ecf-6ac8-4748-86ec-f026490623c4","version":"7.4.0","type":"winlogbeat","ephemeral_id":"df5ad137-6594-4bd7-a3eb-e0eda670370c","hostname":"WECServer"},"ecs":{"version":"1.1.0"},"host":{"name":"WECServer"},"log":{"level":"information"},"message":"Image loaded:\nRuleName: \nUtcTime: 2019-10-28 02:31:41.392\nProcessGuid: {a158f72c-530d-5db6-0000-001062e9af00}\nProcessId: 3728\nImage: C:\\Windows\\System32\\certutil.exe\nImageLoaded: C:\\Windows\\System32\\windows.storage.dll\nFileVersion: 10.0.18362.1 (WinBuild.160101.0800)\nDescription: Microsoft WinRT Storage API\nProduct: Microsoft Windows Operating System\nCompany: Microsoft Corporation\nOriginalFileName: Windows.Storage.dll\nHashes: SHA1=135C87A66E6BE2BDBB722266267539E34DDF5977,MD5=F3913371878E8D5AE7A89E4A6F599292,SHA256=BEC42B40532B3C9795B7B0701BED6CAA6D6B0B5ED08A4848B1A83567E7B1EE2D,IMPHASH=9A1722E6C03865FD52C77DD1DC77F055\nSigned: true\nSignature: Microsoft Windows\nSignatureStatus: Valid","winlog":{"event_id":7,"api":"wineventlog","computer_name":"ACCT001.shire.com","user":{"type":"User","identifier":"S-1-5-18","name":"SYSTEM","domain":"NT AUTHORITY"},"record_id":271617,"opcode":"Info","provider_guid":"{5770385f-c22a-43e0-bf4c-06f5698ffbd9}","event_data":{"Image":"C:\\Windows\\System32\\certutil.exe","OriginalFileName":"Windows.Storage.dll","Hashes":"SHA1=135C87A66E6BE2BDBB722266267539E34DDF5977,MD5=F3913371878E8D5AE7A89E4A6F599292,SHA256=BEC42B40532B3C9795B7B0701BED6CAA6D6B0B5ED08A4848B1A83567E7B1EE2D,IMPHASH=9A1722E6C03865FD52C77DD1DC77F055","Description":"Microsoft WinRT Storage API","Signed":"true","ImageLoaded":"C:\\Windows\\System32\\windows.storage.dll","Company":"Microsoft Corporation","UtcTime":"2019-10-28 02:31:41.392","FileVersion":"10.0.18362.1 (WinBuild.160101.0800)","ProcessGuid":"{a158f72c-530d-5db6-0000-001062e9af00}","Product":"Microsoft Windows Operating System","SignatureStatus":"Valid","Signature":"Microsoft Windows","ProcessId":"3728"},"provider_name":"Microsoft-Windows-Sysmon","task":"Image loaded (rule: ImageLoad)","version":3,"process":{"pid":3208,"thread":{"id":5108}},"channel":"Microsoft-Windows-Sysmon/Operational"},"event":{"kind":"event","code":7,"action":"Image loaded (rule: ImageLoad)","created":"2019-10-28T02:31:42.477Z"}}
{"@timestamp":"2019-10-28T02:31:41.395Z","@metadata":{"beat":"winlogbeat","type":"_doc","version":"7.4.0","topic":"winlogbeat"},"message":"Image loaded:\nRuleName: \nUtcTime: 2019-10-28 02:31:41.392\nProcessGuid: {a158f72c-530d-5db6-0000-001062e9af00}\nProcessId: 3728\nImage: C:\\Windows\\System32\\certutil.exe\nImageLoaded: C:\\Windows\\System32\\profapi.dll\nFileVersion: 10.0.18362.1 (WinBuild.160101.0800)\nDescription: User Profile Basic API\nProduct: Microsoft Windows Operating System\nCompany: Microsoft Corporation\nOriginalFileName: PROFAPI.DLL\nHashes: SHA1=CB008C997335969CE909BA694FF618DB0D956E74,MD5=BD6856804DC75C5A3AD9C9C4A6C9CCD7,SHA256=BCBB916CFCA837DF782F5B6B6F98AB9835F1D147794F76D6E21D2FC48D3BC498,IMPHASH=061E14983AD61EA4800E1C1C74BA94AA\nSigned: true\nSignature: Microsoft Windows\nSignatureStatus: Valid","ecs":{"version":"1.1.0"},"host":{"name":"WECServer"},"agent":{"type":"winlogbeat","ephemeral_id":"df5ad137-6594-4bd7-a3eb-e0eda670370c","hostname":"WECServer","id":"f8e32ecf-6ac8-4748-86ec-f026490623c4","version":"7.4.0"},"winlog":{"task":"Image loaded (rule: ImageLoad)","version":3,"event_id":7,"process":{"pid":3208,"thread":{"id":5108}},"event_data":{"Company":"Microsoft Corporation","Signed":"true","Signature":"Microsoft Windows","UtcTime":"2019-10-28 02:31:41.392","FileVersion":"10.0.18362.1 (WinBuild.160101.0800)","Description":"User Profile Basic API","Hashes":"SHA1=CB008C997335969CE909BA694FF618DB0D956E74,MD5=BD6856804DC75C5A3AD9C9C4A6C9CCD7,SHA256=BCBB916CFCA837DF782F5B6B6F98AB9835F1D147794F76D6E21D2FC48D3BC498,IMPHASH=061E14983AD61EA4800E1C1C74BA94AA","ImageLoaded":"C:\\Windows\\System32\\profapi.dll","SignatureStatus":"Valid","OriginalFileName":"PROFAPI.DLL","ProcessGuid":"{a158f72c-530d-5db6-0000-001062e9af00}","Image":"C:\\Windows\\System32\\certutil.exe","ProcessId":"3728","Product":"Microsoft Windows Operating System"},"user":{"identifier":"S-1-5-18","name":"SYSTEM","domain":"NT AUTHORITY","type":"User"},"opcode":"Info","provider_name":"Microsoft-Windows-Sysmon","api":"wineventlog","computer_name":"ACCT001.shire.com","provider_guid":"{5770385f-c22a-43e0-bf4c-06f5698ffbd9}","channel":"Microsoft-Windows-Sysmon/Operational","record_id":271618},"event":{"action":"Image loaded (rule: ImageLoad)","created":"2019-10-28T02:31:42.477Z","kind":"event","code":7},"log":{"level":"information"}}
{"@timestamp":"2019-10-28T02:31:41.395Z","@metadata":{"beat":"winlogbeat","type":"_doc","version":"7.4.0","topic":"winlogbeat"},"winlog":{"channel":"Microsoft-Windows-Sysmon/Operational","api":"wineventlog","computer_name":"ACCT001.shire.com","user":{"type":"User","identifier":"S-1-5-18","name":"SYSTEM","domain":"NT AUTHORITY"},"record_id":271619,"task":"Image loaded (rule: ImageLoad)","provider_guid":"{5770385f-c22a-43e0-bf4c-06f5698ffbd9}","event_data":{"UtcTime":"2019-10-28 02:31:41.392","OriginalFileName":"POWRPROF.DLL","SignatureStatus":"Valid","Image":"C:\\Windows\\System32\\certutil.exe","Company":"Microsoft Corporation","Signed":"true","FileVersion":"10.0.18362.1 (WinBuild.160101.0800)","Signature":"Microsoft Windows","Product":"Microsoft Windows Operating System","Description":"Power Profile Helper DLL","Hashes":"SHA1=30D5ADBC0664977C27B65622F514632581C9AF45,MD5=07B027B1E0B775FAE815E487F28137B9,SHA256=21358CE9A416C7F6DB063095102E91F014BDB85B08A4E783E17234792C9B483A,IMPHASH=817FF4748665EB442F0081A91349F764","ProcessId":"3728","ProcessGuid":"{a158f72c-530d-5db6-0000-001062e9af00}","ImageLoaded":"C:\\Windows\\System32\\powrprof.dll"},"opcode":"Info","process":{"pid":3208,"thread":{"id":5108}},"version":3,"event_id":7,"provider_name":"Microsoft-Windows-Sysmon"},"event":{"action":"Image loaded (rule: ImageLoad)","created":"2019-10-28T02:31:42.477Z","kind":"event","code":7},"log":{"level":"information"},"message":"Image loaded:\nRuleName: \nUtcTime: 2019-10-28 02:31:41.392\nProcessGuid: {a158f72c-530d-5db6-0000-001062e9af00}\nProcessId: 3728\nImage: C:\\Windows\\System32\\certutil.exe\nImageLoaded: C:\\Windows\\System32\\powrprof.dll\nFileVersion: 10.0.18362.1 (WinBuild.160101.0800)\nDescription: Power Profile Helper DLL\nProduct: Microsoft Windows Operating System\nCompany: Microsoft Corporation\nOriginalFileName: POWRPROF.DLL\nHashes: SHA1=30D5ADBC0664977C27B65622F514632581C9AF45,MD5=07B027B1E0B775FAE815E487F28137B9,SHA256=21358CE9A416C7F6DB063095102E91F014BDB85B08A4E783E17234792C9B483A,IMPHASH=817FF4748665EB442F0081A91349F764\nSigned: true\nSignature: Microsoft Windows\nSignatureStatus: Valid","ecs":{"version":"1.1.0"},"host":{"name":"WECServer"},"agent":{"id":"f8e32ecf-6ac8-4748-86ec-f026490623c4","version":"7.4.0","type":"winlogbeat","ephemeral_id":"df5ad137-6594-4bd7-a3eb-e0eda670370c","hostname":"WECServer"}}
{"@timestamp":"2019-10-28T02:31:41.396Z","@metadata":{"beat":"winlogbeat","type":"_doc","version":"7.4.0","topic":"winlogbeat"},"host":{"name":"WECServer"},"agent":{"ephemeral_id":"df5ad137-6594-4bd7-a3eb-e0eda670370c","hostname":"WECServer","id":"f8e32ecf-6ac8-4748-86ec-f026490623c4","version":"7.4.0","type":"winlogbeat"},"ecs":{"version":"1.1.0"},"winlog":{"opcode":"Info","channel":"Microsoft-Windows-Sysmon/Operational","event_id":7,"computer_name":"ACCT001.shire.com","provider_guid":"{5770385f-c22a-43e0-bf4c-06f5698ffbd9}","version":3,"provider_name":"Microsoft-Windows-Sysmon","api":"wineventlog","user":{"identifier":"S-1-5-18","name":"SYSTEM","domain":"NT AUTHORITY","type":"User"},"record_id":271620,"task":"Image loaded (rule: ImageLoad)","process":{"pid":3208,"thread":{"id":5108}},"event_data":{"Hashes":"SHA1=6ABB78FB1614C12E3E9FFF3DE98B0E13E79201D9,MD5=B9A75ED4500DD953DF172FE6F63578E8,SHA256=709B99BA1DFEF6D9B2483F37D242B12F29B1E1ADE13E338B4D7041C55B55204B,IMPHASH=5A0FF5293A05BFEBAE6F2C9C302FC5E7","FileVersion":"?","OriginalFileName":"?","Signed":"true","Signature":"Microsoft Windows","Product":"?","Description":"?","ProcessGuid":"{a158f72c-530d-5db6-0000-001062e9af00}","Company":"?","SignatureStatus":"Valid","Image":"C:\\Windows\\System32\\certutil.exe","ImageLoaded":"C:\\Windows\\System32\\umpdc.dll","UtcTime":"2019-10-28 02:31:41.392","ProcessId":"3728"}},"event":{"created":"2019-10-28T02:31:42.477Z","kind":"event","code":7,"action":"Image loaded (rule: ImageLoad)"},"log":{"level":"information"},"message":"Image loaded:\nRuleName: \nUtcTime: 2019-10-28 02:31:41.392\nProcessGuid: {a158f72c-530d-5db6-0000-001062e9af00}\nProcessId: 3728\nImage: C:\\Windows\\System32\\certutil.exe\nImageLoaded: C:\\Windows\\System32\\umpdc.dll\nFileVersion: ?\nDescription: ?\nProduct: ?\nCompany: ?\nOriginalFileName: ?\nHashes: SHA1=6ABB78FB1614C12E3E9FFF3DE98B0E13E79201D9,MD5=B9A75ED4500DD953DF172FE6F63578E8,SHA256=709B99BA1DFEF6D9B2483F37D242B12F29B1E1ADE13E338B4D7041C55B55204B,IMPHASH=5A0FF5293A05BFEBAE6F2C9C302FC5E7\nSigned: true\nSignature: Microsoft Windows\nSignatureStatus: Valid"}
{"@timestamp":"2019-10-28T02:31:41.396Z","@metadata":{"beat":"winlogbeat","type":"_doc","version":"7.4.0","topic":"winlogbeat"},"event":{"kind":"event","code":7,"action":"Image loaded (rule: ImageLoad)","created":"2019-10-28T02:31:42.477Z"},"host":{"name":"WECServer"},"agent":{"type":"winlogbeat","ephemeral_id":"df5ad137-6594-4bd7-a3eb-e0eda670370c","hostname":"WECServer","id":"f8e32ecf-6ac8-4748-86ec-f026490623c4","version":"7.4.0"},"ecs":{"version":"1.1.0"},"log":{"level":"information"},"message":"Image loaded:\nRuleName: \nUtcTime: 2019-10-28 02:31:41.392\nProcessGuid: {a158f72c-530d-5db6-0000-001062e9af00}\nProcessId: 3728\nImage: C:\\Windows\\System32\\certutil.exe\nImageLoaded: C:\\Windows\\System32\\shlwapi.dll\nFileVersion: 10.0.18362.1 (WinBuild.160101.0800)\nDescription: Shell Light-weight Utility Library\nProduct: Microsoft Windows Operating System\nCompany: Microsoft Corporation\nOriginalFileName: SHLWAPI.DLL\nHashes: SHA1=9074DF3335B785BB00B43AE76ACC66B799118FAE,MD5=BFB85A9022324E41FCEC5011BCB5FD23,SHA256=3CDA144CFB6278DA47267FE1E1FE258716A074C3D3DD8413B259DA7DA1039871,IMPHASH=6659A49ABF33952444C5A7FA22FD9032\nSigned: true\nSignature: Microsoft Windows\nSignatureStatus: Valid","winlog":{"opcode":"Info","version":3,"event_data":{"Signature":"Microsoft Windows","Description":"Shell Light-weight Utility Library","UtcTime":"2019-10-28 02:31:41.392","ImageLoaded":"C:\\Windows\\System32\\shlwapi.dll","OriginalFileName":"SHLWAPI.DLL","Hashes":"SHA1=9074DF3335B785BB00B43AE76ACC66B799118FAE,MD5=BFB85A9022324E41FCEC5011BCB5FD23,SHA256=3CDA144CFB6278DA47267FE1E1FE258716A074C3D3DD8413B259DA7DA1039871,IMPHASH=6659A49ABF33952444C5A7FA22FD9032","Product":"Microsoft Windows Operating System","Signed":"true","Image":"C:\\Windows\\System32\\certutil.exe","FileVersion":"10.0.18362.1 (WinBuild.160101.0800)","ProcessId":"3728","ProcessGuid":"{a158f72c-530d-5db6-0000-001062e9af00}","Company":"Microsoft Corporation","SignatureStatus":"Valid"},"provider_name":"Microsoft-Windows-Sysmon","task":"Image loaded (rule: ImageLoad)","computer_name":"ACCT001.shire.com","api":"wineventlog","user":{"name":"SYSTEM","domain":"NT AUTHORITY","type":"User","identifier":"S-1-5-18"},"provider_guid":"{5770385f-c22a-43e0-bf4c-06f5698ffbd9}","process":{"pid":3208,"thread":{"id":5108}},"channel":"Microsoft-Windows-Sysmon/Operational","event_id":7,"record_id":271621}}
{"@timestamp":"2019-10-28T02:31:41.396Z","@metadata":{"beat":"winlogbeat","type":"_doc","version":"7.4.0","topic":"winlogbeat"},"ecs":{"version":"1.1.0"},"host":{"name":"WECServer"},"winlog":{"computer_name":"ACCT001.shire.com","event_data":{"ProcessId":"3728","Company":"Microsoft Corporation","SignatureStatus":"Valid","Product":"Microsoft Windows Operating System","Signed":"true","Hashes":"SHA1=4985EC8C3309DB6CCCCFD4D18423A84E37BEC172,MD5=EDF981437C0FD1B9DBF9EA42CE97CE60,SHA256=42164F81BC8FC2D0A6B71DAA492BE6A6D4785821AA4FDCA27B9273721EDB23D9,IMPHASH=8899216954AA228EAA7E8EEDC31DBC03","ImageLoaded":"C:\\Windows\\System32\\kernel.appcore.dll","OriginalFileName":"kernel.appcore.dll","Signature":"Microsoft Windows","ProcessGuid":"{a158f72c-530d-5db6-0000-001062e9af00}","Image":"C:\\Windows\\System32\\certutil.exe","UtcTime":"2019-10-28 02:31:41.392","FileVersion":"10.0.18362.1 (WinBuild.160101.0800)","Description":"AppModel API Host"},"user":{"type":"User","identifier":"S-1-5-18","name":"SYSTEM","domain":"NT AUTHORITY"},"channel":"Microsoft-Windows-Sysmon/Operational","task":"Image loaded (rule: ImageLoad)","record_id":271622,"opcode":"Info","provider_guid":"{5770385f-c22a-43e0-bf4c-06f5698ffbd9}","version":3,"process":{"pid":3208,"thread":{"id":5108}},"event_id":7,"provider_name":"Microsoft-Windows-Sysmon","api":"wineventlog"},"event":{"kind":"event","code":7,"action":"Image loaded (rule: ImageLoad)","created":"2019-10-28T02:31:42.477Z"},"log":{"level":"information"},"message":"Image loaded:\nRuleName: \nUtcTime: 2019-10-28 02:31:41.392\nProcessGuid: {a158f72c-530d-5db6-0000-001062e9af00}\nProcessId: 3728\nImage: C:\\Windows\\System32\\certutil.exe\nImageLoaded: C:\\Windows\\System32\\kernel.appcore.dll\nFileVersion: 10.0.18362.1 (WinBuild.160101.0800)\nDescription: AppModel API Host\nProduct: Microsoft Windows Operating System\nCompany: Microsoft Corporation\nOriginalFileName: kernel.appcore.dll\nHashes: SHA1=4985EC8C3309DB6CCCCFD4D18423A84E37BEC172,MD5=EDF981437C0FD1B9DBF9EA42CE97CE60,SHA256=42164F81BC8FC2D0A6B71DAA492BE6A6D4785821AA4FDCA27B9273721EDB23D9,IMPHASH=8899216954AA228EAA7E8EEDC31DBC03\nSigned: true\nSignature: Microsoft Windows\nSignatureStatus: Valid","agent":{"ephemeral_id":"df5ad137-6594-4bd7-a3eb-e0eda670370c","hostname":"WECServer","id":"f8e32ecf-6ac8-4748-86ec-f026490623c4","version":"7.4.0","type":"winlogbeat"}}
{"@timestamp":"2019-10-28T02:31:41.397Z","@metadata":{"beat":"winlogbeat","type":"_doc","version":"7.4.0","topic":"winlogbeat"},"agent":{"id":"f8e32ecf-6ac8-4748-86ec-f026490623c4","version":"7.4.0","type":"winlogbeat","ephemeral_id":"df5ad137-6594-4bd7-a3eb-e0eda670370c","hostname":"WECServer"},"winlog":{"event_data":{"Signed":"true","ProcessGuid":"{a158f72c-530d-5db6-0000-001062e9af00}","Company":"Microsoft Corporation","ImageLoaded":"C:\\Windows\\System32\\ole32.dll","Description":"Microsoft OLE for Windows","ProcessId":"3728","Hashes":"SHA1=EFBB7EC9B10E52AC83AFB25934CA6A5A383DEA1B,MD5=328E20E2922DCB671401427B6AB13948,SHA256=08D6E55A86F2CCB4E84F53361B61C0222ABBF96627ED56D37172C2EDB9B19AC8,IMPHASH=EDC5544CC86F9E7F5D231EA258CC2264","OriginalFileName":"OLE32.DLL","Image":"C:\\Windows\\System32\\certutil.exe","FileVersion":"10.0.18362.1 (WinBuild.160101.0800)","Signature":"Microsoft Windows","UtcTime":"2019-10-28 02:31:41.392","Product":"Microsoft Windows Operating System","SignatureStatus":"Valid"},"provider_name":"Microsoft-Windows-Sysmon","record_id":271623,"computer_name":"ACCT001.shire.com","user":{"identifier":"S-1-5-18","name":"SYSTEM","domain":"NT AUTHORITY","type":"User"},"opcode":"Info","provider_guid":"{5770385f-c22a-43e0-bf4c-06f5698ffbd9}","version":3,"process":{"thread":{"id":5108},"pid":3208},"channel":"Microsoft-Windows-Sysmon/Operational","task":"Image loaded (rule: ImageLoad)","event_id":7,"api":"wineventlog"},"event":{"created":"2019-10-28T02:31:42.477Z","kind":"event","code":7,"action":"Image loaded (rule: ImageLoad)"},"log":{"level":"information"},"message":"Image loaded:\nRuleName: \nUtcTime: 2019-10-28 02:31:41.392\nProcessGuid: {a158f72c-530d-5db6-0000-001062e9af00}\nProcessId: 3728\nImage: C:\\Windows\\System32\\certutil.exe\nImageLoaded: C:\\Windows\\System32\\ole32.dll\nFileVersion: 10.0.18362.1 (WinBuild.160101.0800)\nDescription: Microsoft OLE for Windows\nProduct: Microsoft Windows Operating System\nCompany: Microsoft Corporation\nOriginalFileName: OLE32.DLL\nHashes: SHA1=EFBB7EC9B10E52AC83AFB25934CA6A5A383DEA1B,MD5=328E20E2922DCB671401427B6AB13948,SHA256=08D6E55A86F2CCB4E84F53361B61C0222ABBF96627ED56D37172C2EDB9B19AC8,IMPHASH=EDC5544CC86F9E7F5D231EA258CC2264\nSigned: true\nSignature: Microsoft Windows\nSignatureStatus: Valid","ecs":{"version":"1.1.0"},"host":{"name":"WECServer"}}
{"@timestamp":"2019-10-28T02:31:41.398Z","@metadata":{"beat":"winlogbeat","type":"_doc","version":"7.4.0","topic":"winlogbeat"},"host":{"name":"WECServer"},"agent":{"version":"7.4.0","type":"winlogbeat","ephemeral_id":"df5ad137-6594-4bd7-a3eb-e0eda670370c","hostname":"WECServer","id":"f8e32ecf-6ac8-4748-86ec-f026490623c4"},"ecs":{"version":"1.1.0"},"winlog":{"event_id":7,"version":3,"user":{"identifier":"S-1-5-18","name":"SYSTEM","domain":"NT AUTHORITY","type":"User"},"event_data":{"Signed":"true","ProcessGuid":"{a158f72c-530d-5db6-0000-001062e9af00}","Image":"C:\\Windows\\System32\\certutil.exe","OriginalFileName":"OLEAUT32.DLL","Hashes":"SHA1=61E1C8CB3B16045EBB759F8781A8C9F71CBC0A7B,MD5=263785982A916C2595311B3F60388315,SHA256=CEBC8FD374E8F72E08CE14B9CA30DE7D48FB8F79DEFE410783C115A05A9B1D09,IMPHASH=00AA1A8F47E0B6F5CA2B74634D1E7F7F","UtcTime":"2019-10-28 02:31:41.392","SignatureStatus":"Valid","Company":"Microsoft Corporation","Description":"OLEAUT32.DLL","FileVersion":"10.0.18362.1 (WinBuild.160101.0800)","ProcessId":"3728","ImageLoaded":"C:\\Windows\\System32\\oleaut32.dll","Signature":"Microsoft Windows","Product":"Microsoft Windows Operating System"},"record_id":271624,"api":"wineventlog","task":"Image loaded (rule: ImageLoad)","opcode":"Info","provider_guid":"{5770385f-c22a-43e0-bf4c-06f5698ffbd9}","process":{"pid":3208,"thread":{"id":5108}},"channel":"Microsoft-Windows-Sysmon/Operational","provider_name":"Microsoft-Windows-Sysmon","computer_name":"ACCT001.shire.com"},"event":{"code":7,"action":"Image loaded (rule: ImageLoad)","created":"2019-10-28T02:31:42.477Z","kind":"event"},"log":{"level":"information"},"message":"Image loaded:\nRuleName: \nUtcTime: 2019-10-28 02:31:41.392\nProcessGuid: {a158f72c-530d-5db6-0000-001062e9af00}\nProcessId: 3728\nImage: C:\\Windows\\System32\\certutil.exe\nImageLoaded: C:\\Windows\\System32\\oleaut32.dll\nFileVersion: 10.0.18362.1 (WinBuild.160101.0800)\nDescription: OLEAUT32.DLL\nProduct: Microsoft Windows Operating System\nCompany: Microsoft Corporation\nOriginalFileName: OLEAUT32.DLL\nHashes: SHA1=61E1C8CB3B16045EBB759F8781A8C9F71CBC0A7B,MD5=263785982A916C2595311B3F60388315,SHA256=CEBC8FD374E8F72E08CE14B9CA30DE7D48FB8F79DEFE410783C115A05A9B1D09,IMPHASH=00AA1A8F47E0B6F5CA2B74634D1E7F7F\nSigned: true\nSignature: Microsoft Windows\nSignatureStatus: Valid"}
{"@timestamp":"2019-10-28T02:31:41.398Z","@metadata":{"beat":"winlogbeat","type":"_doc","version":"7.4.0","topic":"winlogbeat"},"winlog":{"event_id":7,"version":3,"provider_name":"Microsoft-Windows-Sysmon","record_id":271625,"api":"wineventlog","channel":"Microsoft-Windows-Sysmon/Operational","provider_guid":"{5770385f-c22a-43e0-bf4c-06f5698ffbd9}","event_data":{"ImageLoaded":"C:\\Windows\\System32\\version.dll","FileVersion":"10.0.18362.1 (WinBuild.160101.0800)","OriginalFileName":"VERSION.DLL","Description":"Version Checking and File Installation Libraries","Company":"Microsoft Corporation","Hashes":"SHA1=119724CC09BB52731D86A6B9F94003ED88E0E3FE,MD5=2C7C14627CFF3384C52E61D4DBD0ECC3,SHA256=41B4D85D84A86E41B948694B9B5F398A0D79F47629D6D969EB5B461D4F5D0347,IMPHASH=34340C2C4E9AA6EF6AD12BB695FC695B","ProcessId":"3728","Product":"Microsoft Windows Operating System","Signature":"Microsoft Windows","Signed":"true","UtcTime":"2019-10-28 02:31:41.392","Image":"C:\\Windows\\System32\\certutil.exe","SignatureStatus":"Valid","ProcessGuid":"{a158f72c-530d-5db6-0000-001062e9af00}"},"opcode":"Info","process":{"thread":{"id":5108},"pid":3208},"user":{"identifier":"S-1-5-18","name":"SYSTEM","domain":"NT AUTHORITY","type":"User"},"task":"Image loaded (rule: ImageLoad)","computer_name":"ACCT001.shire.com"},"event":{"code":7,"action":"Image loaded (rule: ImageLoad)","created":"2019-10-28T02:31:42.477Z","kind":"event"},"log":{"level":"information"},"message":"Image loaded:\nRuleName: \nUtcTime: 2019-10-28 02:31:41.392\nProcessGuid: {a158f72c-530d-5db6-0000-001062e9af00}\nProcessId: 3728\nImage: C:\\Windows\\System32\\certutil.exe\nImageLoaded: C:\\Windows\\System32\\version.dll\nFileVersion: 10.0.18362.1 (WinBuild.160101.0800)\nDescription: Version Checking and File Installation Libraries\nProduct: Microsoft Windows Operating System\nCompany: Microsoft Corporation\nOriginalFileName: VERSION.DLL\nHashes: SHA1=119724CC09BB52731D86A6B9F94003ED88E0E3FE,MD5=2C7C14627CFF3384C52E61D4DBD0ECC3,SHA256=41B4D85D84A86E41B948694B9B5F398A0D79F47629D6D969EB5B461D4F5D0347,IMPHASH=34340C2C4E9AA6EF6AD12BB695FC695B\nSigned: true\nSignature: Microsoft Windows\nSignatureStatus: Valid","ecs":{"version":"1.1.0"},"host":{"name":"WECServer"},"agent":{"type":"winlogbeat","ephemeral_id":"df5ad137-6594-4bd7-a3eb-e0eda670370c","hostname":"WECServer","id":"f8e32ecf-6ac8-4748-86ec-f026490623c4","version":"7.4.0"}}
{"@timestamp":"2019-10-28T02:31:41.398Z","@metadata":{"beat":"winlogbeat","type":"_doc","version":"7.4.0","topic":"winlogbeat"},"agent":{"id":"f8e32ecf-6ac8-4748-86ec-f026490623c4","version":"7.4.0","type":"winlogbeat","ephemeral_id":"df5ad137-6594-4bd7-a3eb-e0eda670370c","hostname":"WECServer"},"event":{"kind":"event","code":7,"action":"Image loaded (rule: ImageLoad)","created":"2019-10-28T02:31:42.477Z"},"log":{"level":"information"},"message":"Image loaded:\nRuleName: \nUtcTime: 2019-10-28 02:31:41.392\nProcessGuid: {a158f72c-530d-5db6-0000-001062e9af00}\nProcessId: 3728\nImage: C:\\Windows\\System32\\certutil.exe\nImageLoaded: C:\\Windows\\System32\\secur32.dll\nFileVersion: 10.0.18362.1 (WinBuild.160101.0800)\nDescription: Security Support Provider Interface\nProduct: Microsoft Windows Operating System\nCompany: Microsoft Corporation\nOriginalFileName: secur32.dll\nHashes: SHA1=BB449564B72F3687C311648D8E5C02EDD5D51D96,MD5=2C98AA00D1633E9AFAEAABA6CC87F287,SHA256=5DD8571132EF404927ADF7A1AC7EB26823D89271F62883F1E56C6EEEABC3D466,IMPHASH=F90C2A389F295606533D615109FB248B\nSigned: true\nSignature: Microsoft Windows\nSignatureStatus: Valid","winlog":{"api":"wineventlog","event_id":7,"computer_name":"ACCT001.shire.com","provider_guid":"{5770385f-c22a-43e0-bf4c-06f5698ffbd9}","version":3,"user":{"type":"User","identifier":"S-1-5-18","name":"SYSTEM","domain":"NT AUTHORITY"},"task":"Image loaded (rule: ImageLoad)","record_id":271626,"process":{"pid":3208,"thread":{"id":5108}},"provider_name":"Microsoft-Windows-Sysmon","opcode":"Info","event_data":{"UtcTime":"2019-10-28 02:31:41.392","ProcessId":"3728","FileVersion":"10.0.18362.1 (WinBuild.160101.0800)","Description":"Security Support Provider Interface","Signed":"true","ImageLoaded":"C:\\Windows\\System32\\secur32.dll","Hashes":"SHA1=BB449564B72F3687C311648D8E5C02EDD5D51D96,MD5=2C98AA00D1633E9AFAEAABA6CC87F287,SHA256=5DD8571132EF404927ADF7A1AC7EB26823D89271F62883F1E56C6EEEABC3D466,IMPHASH=F90C2A389F295606533D615109FB248B","SignatureStatus":"Valid","ProcessGuid":"{a158f72c-530d-5db6-0000-001062e9af00}","Company":"Microsoft Corporation","Signature":"Microsoft Windows","Product":"Microsoft Windows Operating System","OriginalFileName":"secur32.dll","Image":"C:\\Windows\\System32\\certutil.exe"},"channel":"Microsoft-Windows-Sysmon/Operational"},"ecs":{"version":"1.1.0"},"host":{"name":"WECServer"}}
{"@timestamp":"2019-10-28T02:31:41.399Z","@metadata":{"beat":"winlogbeat","type":"_doc","version":"7.4.0","topic":"winlogbeat"},"message":"Image loaded:\nRuleName: \nUtcTime: 2019-10-28 02:31:41.392\nProcessGuid: {a158f72c-530d-5db6-0000-001062e9af00}\nProcessId: 3728\nImage: C:\\Windows\\System32\\certutil.exe\nImageLoaded: C:\\Windows\\System32\\logoncli.dll\nFileVersion: 10.0.18362.1 (WinBuild.160101.0800)\nDescription: Net Logon Client DLL\nProduct: Microsoft Windows Operating System\nCompany: Microsoft Corporation\nOriginalFileName: LOGONCLI.DLL\nHashes: SHA1=F45AAB67B8E3153D9BEDC33079416375166E3F51,MD5=BDE08B4E529BF374905AD63421261349,SHA256=6D4A3C0AD1090E57CA6FF347B1B9321DFB9D2444CE0EB8A8DEBAB75EE03F0D04,IMPHASH=E6A479DE7217083B01C1C13298DC3954\nSigned: true\nSignature: Microsoft Windows\nSignatureStatus: Valid","winlog":{"computer_name":"ACCT001.shire.com","provider_guid":"{5770385f-c22a-43e0-bf4c-06f5698ffbd9}","process":{"pid":3208,"thread":{"id":5108}},"version":3,"channel":"Microsoft-Windows-Sysmon/Operational","record_id":271627,"api":"wineventlog","user":{"name":"SYSTEM","domain":"NT AUTHORITY","type":"User","identifier":"S-1-5-18"},"event_id":7,"provider_name":"Microsoft-Windows-Sysmon","event_data":{"Hashes":"SHA1=F45AAB67B8E3153D9BEDC33079416375166E3F51,MD5=BDE08B4E529BF374905AD63421261349,SHA256=6D4A3C0AD1090E57CA6FF347B1B9321DFB9D2444CE0EB8A8DEBAB75EE03F0D04,IMPHASH=E6A479DE7217083B01C1C13298DC3954","ImageLoaded":"C:\\Windows\\System32\\logoncli.dll","Signature":"Microsoft Windows","ProcessId":"3728","Description":"Net Logon Client DLL","ProcessGuid":"{a158f72c-530d-5db6-0000-001062e9af00}","Product":"Microsoft Windows Operating System","SignatureStatus":"Valid","Image":"C:\\Windows\\System32\\certutil.exe","Signed":"true","FileVersion":"10.0.18362.1 (WinBuild.160101.0800)","UtcTime":"2019-10-28 02:31:41.392","Company":"Microsoft Corporation","OriginalFileName":"LOGONCLI.DLL"},"task":"Image loaded (rule: ImageLoad)","opcode":"Info"},"event":{"kind":"event","code":7,"action":"Image loaded (rule: ImageLoad)","created":"2019-10-28T02:31:42.477Z"},"log":{"level":"information"},"ecs":{"version":"1.1.0"},"host":{"name":"WECServer"},"agent":{"type":"winlogbeat","ephemeral_id":"df5ad137-6594-4bd7-a3eb-e0eda670370c","hostname":"WECServer","id":"f8e32ecf-6ac8-4748-86ec-f026490623c4","version":"7.4.0"}}
{"@timestamp":"2019-10-28T02:31:41.401Z","@metadata":{"beat":"winlogbeat","type":"_doc","version":"7.4.0","topic":"winlogbeat"},"log":{"level":"information"},"agent":{"type":"winlogbeat","ephemeral_id":"df5ad137-6594-4bd7-a3eb-e0eda670370c","hostname":"WECServer","id":"f8e32ecf-6ac8-4748-86ec-f026490623c4","version":"7.4.0"},"ecs":{"version":"1.1.0"},"host":{"name":"WECServer"},"message":"Image loaded:\nRuleName: \nUtcTime: 2019-10-28 02:31:41.392\nProcessGuid: {a158f72c-530d-5db6-0000-001062e9af00}\nProcessId: 3728\nImage: C:\\Windows\\System32\\certutil.exe\nImageLoaded: C:\\Windows\\System32\\samcli.dll\nFileVersion: 10.0.18362.1 (WinBuild.160101.0800)\nDescription: Security Accounts Manager Client DLL\nProduct: Microsoft Windows Operating System\nCompany: Microsoft Corporation\nOriginalFileName: SAMCLI.DLL\nHashes: SHA1=18E6AFD6B9FEB79D872298A7F8800BFB28B14BA6,MD5=BA0B10749BAE470BD0AB33ED3E0ACA71,SHA256=B048B7037474926559CBF17BB19F3E7D571A2456823568E6068E50407E471120,IMPHASH=EE4C0C2CFFD7F999EC0FAF1376D518DD\nSigned: true\nSignature: Microsoft Windows\nSignatureStatus: Valid","winlog":{"event_id":7,"user":{"identifier":"S-1-5-18","name":"SYSTEM","domain":"NT AUTHORITY","type":"User"},"record_id":271628,"task":"Image loaded (rule: ImageLoad)","api":"wineventlog","computer_name":"ACCT001.shire.com","process":{"thread":{"id":5108},"pid":3208},"channel":"Microsoft-Windows-Sysmon/Operational","provider_guid":"{5770385f-c22a-43e0-bf4c-06f5698ffbd9}","version":3,"opcode":"Info","event_data":{"Product":"Microsoft Windows Operating System","UtcTime":"2019-10-28 02:31:41.392","Company":"Microsoft Corporation","FileVersion":"10.0.18362.1 (WinBuild.160101.0800)","Description":"Security Accounts Manager Client DLL","Image":"C:\\Windows\\System32\\certutil.exe","Hashes":"SHA1=18E6AFD6B9FEB79D872298A7F8800BFB28B14BA6,MD5=BA0B10749BAE470BD0AB33ED3E0ACA71,SHA256=B048B7037474926559CBF17BB19F3E7D571A2456823568E6068E50407E471120,IMPHASH=EE4C0C2CFFD7F999EC0FAF1376D518DD","ProcessId":"3728","SignatureStatus":"Valid","Signed":"true","ImageLoaded":"C:\\Windows\\System32\\samcli.dll","ProcessGuid":"{a158f72c-530d-5db6-0000-001062e9af00}","Signature":"Microsoft Windows","OriginalFileName":"SAMCLI.DLL"},"provider_name":"Microsoft-Windows-Sysmon"},"event":{"code":7,"action":"Image loaded (rule: ImageLoad)","created":"2019-10-28T02:31:42.477Z","kind":"event"}}
{"@timestamp":"2019-10-28T02:31:41.401Z","@metadata":{"beat":"winlogbeat","type":"_doc","version":"7.4.0","topic":"winlogbeat"},"event":{"kind":"event","code":7,"action":"Image loaded (rule: ImageLoad)","created":"2019-10-28T02:31:42.477Z"},"log":{"level":"information"},"message":"Image loaded:\nRuleName: \nUtcTime: 2019-10-28 02:31:41.392\nProcessGuid: {a158f72c-530d-5db6-0000-001062e9af00}\nProcessId: 3728\nImage: C:\\Windows\\System32\\certutil.exe\nImageLoaded: C:\\Windows\\System32\\dsrole.dll\nFileVersion: 10.0.18362.1 (WinBuild.160101.0800)\nDescription: DS Setup Client DLL\nProduct: Microsoft Windows Operating System\nCompany: Microsoft Corporation\nOriginalFileName: DSROLE.DLL\nHashes: SHA1=89C99ECF6EEEBE6158E4853115E17E71730780D8,MD5=609AC3B4E090CB1894F56D978E74C4F1,SHA256=108A9798E55A91928F7FE8EBC5087EEDBB6C023D958F18A6CEFD46BA5399BE61,IMPHASH=CA2E5F1683005B67E0843A76EE3BADA8\nSigned: true\nSignature: Microsoft Windows\nSignatureStatus: Valid","ecs":{"version":"1.1.0"},"host":{"name":"WECServer"},"agent":{"version":"7.4.0","type":"winlogbeat","ephemeral_id":"df5ad137-6594-4bd7-a3eb-e0eda670370c","hostname":"WECServer","id":"f8e32ecf-6ac8-4748-86ec-f026490623c4"},"winlog":{"opcode":"Info","process":{"thread":{"id":5108},"pid":3208},"channel":"Microsoft-Windows-Sysmon/Operational","api":"wineventlog","event_data":{"FileVersion":"10.0.18362.1 (WinBuild.160101.0800)","Product":"Microsoft Windows Operating System","Signed":"true","Signature":"Microsoft Windows","OriginalFileName":"DSROLE.DLL","SignatureStatus":"Valid","ProcessGuid":"{a158f72c-530d-5db6-0000-001062e9af00}","Description":"DS Setup Client DLL","ImageLoaded":"C:\\Windows\\System32\\dsrole.dll","Company":"Microsoft Corporation","ProcessId":"3728","Image":"C:\\Windows\\System32\\certutil.exe","UtcTime":"2019-10-28 02:31:41.392","Hashes":"SHA1=89C99ECF6EEEBE6158E4853115E17E71730780D8,MD5=609AC3B4E090CB1894F56D978E74C4F1,SHA256=108A9798E55A91928F7FE8EBC5087EEDBB6C023D958F18A6CEFD46BA5399BE61,IMPHASH=CA2E5F1683005B67E0843A76EE3BADA8"},"event_id":7,"computer_name":"ACCT001.shire.com","provider_guid":"{5770385f-c22a-43e0-bf4c-06f5698ffbd9}","provider_name":"Microsoft-Windows-Sysmon","record_id":271629,"task":"Image loaded (rule: ImageLoad)","version":3,"user":{"identifier":"S-1-5-18","name":"SYSTEM","domain":"NT AUTHORITY","type":"User"}}}
{"@timestamp":"2019-10-28T02:31:41.402Z","@metadata":{"beat":"winlogbeat","type":"_doc","version":"7.4.0","topic":"winlogbeat"},"host":{"name":"WECServer"},"agent":{"id":"f8e32ecf-6ac8-4748-86ec-f026490623c4","version":"7.4.0","type":"winlogbeat","ephemeral_id":"df5ad137-6594-4bd7-a3eb-e0eda670370c","hostname":"WECServer"},"winlog":{"opcode":"Info","api":"wineventlog","process":{"pid":3208,"thread":{"id":5108}},"version":3,"user":{"identifier":"S-1-5-18","name":"SYSTEM","domain":"NT AUTHORITY","type":"User"},"channel":"Microsoft-Windows-Sysmon/Operational","task":"Image loaded (rule: ImageLoad)","event_data":{"ImageLoaded":"C:\\Windows\\System32\\sspicli.dll","Hashes":"SHA1=7965D4A2E57A263621662A921B7270B7B773FFEF,MD5=3E966F088D46A0EB482E3DC4AF266C0F,SHA256=106C7873DB17E4542022245EEA148F815CE547C36523861DDDB50103C65D8B07,IMPHASH=1A813D04520E602A9E31CB5E06F81D1D","Image":"C:\\Windows\\System32\\certutil.exe","ProcessId":"3728","UtcTime":"2019-10-28 02:31:41.392","Company":"Microsoft Corporation","FileVersion":"10.0.18362.1 (WinBuild.160101.0800)","OriginalFileName":"sspicli.dll","SignatureStatus":"Valid","Signature":"Microsoft Windows","Description":"Security Support Provider Interface","Product":"Microsoft Windows Operating System","ProcessGuid":"{a158f72c-530d-5db6-0000-001062e9af00}","Signed":"true"},"event_id":7,"provider_name":"Microsoft-Windows-Sysmon","provider_guid":"{5770385f-c22a-43e0-bf4c-06f5698ffbd9}","record_id":271630,"computer_name":"ACCT001.shire.com"},"event":{"created":"2019-10-28T02:31:42.477Z","kind":"event","code":7,"action":"Image loaded (rule: ImageLoad)"},"log":{"level":"information"},"message":"Image loaded:\nRuleName: \nUtcTime: 2019-10-28 02:31:41.392\nProcessGuid: {a158f72c-530d-5db6-0000-001062e9af00}\nProcessId: 3728\nImage: C:\\Windows\\System32\\certutil.exe\nImageLoaded: C:\\Windows\\System32\\sspicli.dll\nFileVersion: 10.0.18362.1 (WinBuild.160101.0800)\nDescription: Security Support Provider Interface\nProduct: Microsoft Windows Operating System\nCompany: Microsoft Corporation\nOriginalFileName: sspicli.dll\nHashes: SHA1=7965D4A2E57A263621662A921B7270B7B773FFEF,MD5=3E966F088D46A0EB482E3DC4AF266C0F,SHA256=106C7873DB17E4542022245EEA148F815CE547C36523861DDDB50103C65D8B07,IMPHASH=1A813D04520E602A9E31CB5E06F81D1D\nSigned: true\nSignature: Microsoft Windows\nSignatureStatus: Valid","ecs":{"version":"1.1.0"}}
{"@timestamp":"2019-10-28T02:31:41.404Z","@metadata":{"beat":"winlogbeat","type":"_doc","version":"7.4.0","topic":"winlogbeat"},"winlog":{"computer_name":"ACCT001.shire.com","channel":"Microsoft-Windows-Sysmon/Operational","api":"wineventlog","user":{"name":"SYSTEM","domain":"NT AUTHORITY","type":"User","identifier":"S-1-5-18"},"provider_guid":"{5770385f-c22a-43e0-bf4c-06f5698ffbd9}","event_id":7,"task":"Image loaded (rule: ImageLoad)","process":{"pid":3208,"thread":{"id":5116}},"opcode":"Info","version":3,"event_data":{"SignatureStatus":"Valid","Description":"Net Win32 API Helpers DLL","Hashes":"SHA1=F2859AF15CED4F162359CC8C1BA1B1FE85DC8867,MD5=56B24BF15E6E88A2D6EF9AFC26BF7FCF,SHA256=74DC0C738188BBF385E9C3295C9904A6CEF4A947AFB71F2A0825037BBB27C92A,IMPHASH=06BB7C9ADD27BBA7B9DE3ADCE76673AB","OriginalFileName":"NETUTILS.DLL","ImageLoaded":"C:\\Windows\\System32\\netutils.dll","Product":"Microsoft Windows Operating System","UtcTime":"2019-10-28 02:31:41.392","Image":"C:\\Windows\\System32\\certutil.exe","Signed":"true","ProcessGuid":"{a158f72c-530d-5db6-0000-001062e9af00}","Signature":"Microsoft Windows","ProcessId":"3728","FileVersion":"10.0.18362.1 (WinBuild.160101.0800)","Company":"Microsoft Corporation"},"provider_name":"Microsoft-Windows-Sysmon","record_id":271631},"event":{"kind":"event","code":7,"action":"Image loaded (rule: ImageLoad)","created":"2019-10-28T02:31:42.477Z"},"log":{"level":"information"},"message":"Image loaded:\nRuleName: \nUtcTime: 2019-10-28 02:31:41.392\nProcessGuid: {a158f72c-530d-5db6-0000-001062e9af00}\nProcessId: 3728\nImage: C:\\Windows\\System32\\certutil.exe\nImageLoaded: C:\\Windows\\System32\\netutils.dll\nFileVersion: 10.0.18362.1 (WinBuild.160101.0800)\nDescription: Net Win32 API Helpers DLL\nProduct: Microsoft Windows Operating System\nCompany: Microsoft Corporation\nOriginalFileName: NETUTILS.DLL\nHashes: SHA1=F2859AF15CED4F162359CC8C1BA1B1FE85DC8867,MD5=56B24BF15E6E88A2D6EF9AFC26BF7FCF,SHA256=74DC0C738188BBF385E9C3295C9904A6CEF4A947AFB71F2A0825037BBB27C92A,IMPHASH=06BB7C9ADD27BBA7B9DE3ADCE76673AB\nSigned: true\nSignature: Microsoft Windows\nSignatureStatus: Valid","ecs":{"version":"1.1.0"},"host":{"name":"WECServer"},"agent":{"type":"winlogbeat","ephemeral_id":"df5ad137-6594-4bd7-a3eb-e0eda670370c","hostname":"WECServer","id":"f8e32ecf-6ac8-4748-86ec-f026490623c4","version":"7.4.0"}}
