{"@timestamp":"2019-10-28T02:31:57.090Z","@metadata":{"beat":"winlogbeat","type":"_doc","version":"7.4.0","topic":"winlogbeat"},"agent":{"type":"winlogbeat","ephemeral_id":"df5ad137-6594-4bd7-a3eb-e0eda670370c","hostname":"WECServer","id":"f8e32ecf-6ac8-4748-86ec-f026490623c4","version":"7.4.0"},"winlog":{"version":3,"api":"wineventlog","channel":"Microsoft-Windows-Sysmon/Operational","event_data":{"TargetImage":"C:\\Windows\\SystemApps\\Microsoft.Windows.Cortana_cw5n1h2txyewy\\SearchUI.exe","SourceProcessGUID":"{a158f72c-a3a1-5db5-0000-0010e67e0800}","SourceImage":"C:\\Windows\\Explorer.EXE","GrantedAccess":"0x2000","TargetProcessId":"6164","CallTrace":"C:\\Windows\\SYSTEM32\\ntdll.dll+9c524|C:\\Windows\\System32\\KERNELBASE.dll+2730e|C:\\Windows\\system32\\twinui.dll+72169|C:\\Windows\\system32\\twinui.dll+77c92|C:\\Windows\\system32\\twinui.dll+17a5b|C:\\Windows\\system32\\twinui.dll+1759c|C:\\Windows\\system32\\twinui.dll+6853a|C:\\Windows\\system32\\twinui.dll+17059|C:\\Windows\\system32\\twinui.dll+1719b|C:\\Windows\\system32\\twinui.dll+1711d|C:\\Windows\\System32\\USER32.dll+1681d|C:\\Windows\\System32\\USER32.dll+16212|C:\\Windows\\System32\\windows.immersiveshell.serviceprovider.dll+44d0|C:\\Windows\\System32\\windows.immersiveshell.serviceprovider.dll+409d|C:\\Windows\\System32\\windows.immersiveshell.serviceprovider.dll+3e4f|C:\\Windows\\System32\\KERNEL32.DLL+17944|C:\\Windows\\SYSTEM32\\ntdll.dll+6ce71","UtcTime":"2019-10-28 02:31:57.080","TargetProcessGUID":"{a158f72c-a3a9-5db5-0000-0010edc60a00}","SourceProcessId":"5616","SourceThreadId":"5332"},"process":{"pid":3208,"thread":{"id":5108}},"provider_name":"Microsoft-Windows-Sysmon","record_id":271848,"computer_name":"ACCT001.shire.com","opcode":"Info","provider_guid":"{5770385f-c22a-43e0-bf4c-06f5698ffbd9}","user":{"domain":"NT AUTHORITY","type":"User","identifier":"S-1-5-18","name":"SYSTEM"},"event_id":10,"task":"Process accessed (rule: ProcessAccess)"},"event":{"kind":"event","code":10,"action":"Process accessed (rule: ProcessAccess)","created":"2019-10-28T02:31:58.649Z"},"log":{"level":"information"},"message":"Process accessed:\nRuleName: \nUtcTime: 2019-10-28 02:31:57.080\nSourceProcessGUID: {a158f72c-a3a1-5db5-0000-0010e67e0800}\nSourceProcessId: 5616\nSourceThreadId: 5332\nSourceImage: C:\\Windows\\Explorer.EXE\nTargetProcessGUID: {a158f72c-a3a9-5db5-0000-0010edc60a00}\nTargetProcessId: 6164\nTargetImage: C:\\Windows\\SystemApps\\Microsoft.Windows.Cortana_cw5n1h2txyewy\\SearchUI.exe\nGrantedAccess: 0x2000\nCallTrace: C:\\Windows\\SYSTEM32\\ntdll.dll+9c524|C:\\Windows\\System32\\KERNELBASE.dll+2730e|C:\\Windows\\system32\\twinui.dll+72169|C:\\Windows\\system32\\twinui.dll+77c92|C:\\Windows\\system32\\twinui.dll+17a5b|C:\\Windows\\system32\\twinui.dll+1759c|C:\\Windows\\system32\\twinui.dll+6853a|C:\\Windows\\system32\\twinui.dll+17059|C:\\Windows\\system32\\twinui.dll+1719b|C:\\Windows\\system32\\twinui.dll+1711d|C:\\Windows\\System32\\USER32.dll+1681d|C:\\Windows\\System32\\USER32.dll+16212|C:\\Windows\\System32\\windows.immersiveshell.serviceprovider.dll+44d0|C:\\Windows\\System32\\windows.immersiveshell.serviceprovider.dll+409d|C:\\Windows\\System32\\windows.immersiveshell.serviceprovider.dll+3e4f|C:\\Windows\\System32\\KERNEL32.DLL+17944|C:\\Windows\\SYSTEM32\\ntdll.dll+6ce71","ecs":{"version":"1.1.0"},"host":{"name":"WECServer"}}
{"@timestamp":"2019-10-28T02:31:57.090Z","@metadata":{"beat":"winlogbeat","type":"_doc","version":"7.4.0","topic":"winlogbeat"},"event":{"created":"2019-10-28T02:31:58.649Z","kind":"event","code":10,"action":"Process accessed (rule: ProcessAccess)"},"log":{"level":"information"},"ecs":{"version":"1.1.0"},"host":{"name":"WECServer"},"agent":{"type":"winlogbeat","ephemeral_id":"df5ad137-6594-4bd7-a3eb-e0eda670370c","hostname":"WECServer","id":"f8e32ecf-6ac8-4748-86ec-f026490623c4","version":"7.4.0"},"message":"Process accessed:\nRuleName: \nUtcTime: 2019-10-28 02:31:57.080\nSourceProcessGUID: {a158f72c-a3a1-5db5-0000-0010e67e0800}\nSourceProcessId: 5616\nSourceThreadId: 5332\nSourceImage: C:\\Windows\\Explorer.EXE\nTargetProcessGUID: {a158f72c-a3a8-5db5-0000-00104f790a00}\nTargetProcessId: 5528\nTargetImage: C:\\Windows\\SystemApps\\Microsoft.Windows.StartMenuExperienceHost_cw5n1h2txyewy\\StartMenuExperienceHost.exe\nGrantedAccess: 0x2000\nCallTrace: C:\\Windows\\SYSTEM32\\ntdll.dll+9c524|C:\\Windows\\System32\\KERNELBASE.dll+2730e|C:\\Windows\\system32\\twinui.dll+72169|C:\\Windows\\system32\\twinui.dll+77c92|C:\\Windows\\system32\\twinui.dll+17a5b|C:\\Windows\\system32\\twinui.dll+1759c|C:\\Windows\\system32\\twinui.dll+6853a|C:\\Windows\\system32\\twinui.dll+17059|C:\\Windows\\system32\\twinui.dll+1719b|C:\\Windows\\system32\\twinui.dll+1711d|C:\\Windows\\System32\\USER32.dll+1681d|C:\\Windows\\System32\\USER32.dll+16212|C:\\Windows\\System32\\windows.immersiveshell.serviceprovider.dll+44d0|C:\\Windows\\System32\\windows.immersiveshell.serviceprovider.dll+409d|C:\\Windows\\System32\\windows.immersiveshell.serviceprovider.dll+3e4f|C:\\Windows\\System32\\KERNEL32.DLL+17944|C:\\Windows\\SYSTEM32\\ntdll.dll+6ce71","winlog":{"provider_name":"Microsoft-Windows-Sysmon","api":"wineventlog","user":{"identifier":"S-1-5-18","name":"SYSTEM","domain":"NT AUTHORITY","type":"User"},"event_data":{"SourceThreadId":"5332","SourceImage":"C:\\Windows\\Explorer.EXE","GrantedAccess":"0x2000","CallTrace":"C:\\Windows\\SYSTEM32\\ntdll.dll+9c524|C:\\Windows\\System32\\KERNELBASE.dll+2730e|C:\\Windows\\system32\\twinui.dll+72169|C:\\Windows\\system32\\twinui.dll+77c92|C:\\Windows\\system32\\twinui.dll+17a5b|C:\\Windows\\system32\\twinui.dll+1759c|C:\\Windows\\system32\\twinui.dll+6853a|C:\\Windows\\system32\\twinui.dll+17059|C:\\Windows\\system32\\twinui.dll+1719b|C:\\Windows\\system32\\twinui.dll+1711d|C:\\Windows\\System32\\USER32.dll+1681d|C:\\Windows\\System32\\USER32.dll+16212|C:\\Windows\\System32\\windows.immersiveshell.serviceprovider.dll+44d0|C:\\Windows\\System32\\windows.immersiveshell.serviceprovider.dll+409d|C:\\Windows\\System32\\windows.immersiveshell.serviceprovider.dll+3e4f|C:\\Windows\\System32\\KERNEL32.DLL+17944|C:\\Windows\\SYSTEM32\\ntdll.dll+6ce71","UtcTime":"2019-10-28 02:31:57.080","TargetProcessId":"5528","SourceProcessGUID":"{a158f72c-a3a1-5db5-0000-0010e67e0800}","SourceProcessId":"5616","TargetProcessGUID":"{a158f72c-a3a8-5db5-0000-00104f790a00}","TargetImage":"C:\\Windows\\SystemApps\\Microsoft.Windows.StartMenuExperienceHost_cw5n1h2txyewy\\StartMenuExperienceHost.exe"},"record_id":271849,"provider_guid":"{5770385f-c22a-43e0-bf4c-06f5698ffbd9}","process":{"pid":3208,"thread":{"id":5108}},"event_id":10,"opcode":"Info","version":3,"channel":"Microsoft-Windows-Sysmon/Operational","task":"Process accessed (rule: ProcessAccess)","computer_name":"ACCT001.shire.com"}}
{"@timestamp":"2019-10-28T02:31:57.090Z","@metadata":{"beat":"winlogbeat","type":"_doc","version":"7.4.0","topic":"winlogbeat"},"agent":{"hostname":"WECServer","id":"f8e32ecf-6ac8-4748-86ec-f026490623c4","version":"7.4.0","type":"winlogbeat","ephemeral_id":"df5ad137-6594-4bd7-a3eb-e0eda670370c"},"winlog":{"event_data":{"SourceImage":"C:\\Windows\\Explorer.EXE","TargetProcessGUID":"{a158f72c-5213-5db6-0000-00107366ae00}","TargetProcessId":"6488","SourceProcessGUID":"{a158f72c-a3a1-5db5-0000-0010e67e0800}","SourceThreadId":"5332","TargetImage":"C:\\Windows\\System32\\MicrosoftEdgeCP.exe","GrantedAccess":"0x2000","CallTrace":"C:\\Windows\\SYSTEM32\\ntdll.dll+9c524|C:\\Windows\\System32\\KERNELBASE.dll+2730e|C:\\Windows\\system32\\twinui.dll+72169|C:\\Windows\\system32\\twinui.dll+77c92|C:\\Windows\\system32\\twinui.dll+17a5b|C:\\Windows\\system32\\twinui.dll+1759c|C:\\Windows\\system32\\twinui.dll+6853a|C:\\Windows\\system32\\twinui.dll+17059|C:\\Windows\\system32\\twinui.dll+1719b|C:\\Windows\\system32\\twinui.dll+1711d|C:\\Windows\\System32\\USER32.dll+1681d|C:\\Windows\\System32\\USER32.dll+16212|C:\\Windows\\System32\\windows.immersiveshell.serviceprovider.dll+44d0|C:\\Windows\\System32\\windows.immersiveshell.serviceprovider.dll+409d|C:\\Windows\\System32\\windows.immersiveshell.serviceprovider.dll+3e4f|C:\\Windows\\System32\\KERNEL32.DLL+17944|C:\\Windows\\SYSTEM32\\ntdll.dll+6ce71","UtcTime":"2019-10-28 02:31:57.080","SourceProcessId":"5616"},"event_id":10,"api":"wineventlog","computer_name":"ACCT001.shire.com","version":3,"channel":"Microsoft-Windows-Sysmon/Operational","task":"Process accessed (rule: ProcessAccess)","opcode":"Info","provider_guid":"{5770385f-c22a-43e0-bf4c-06f5698ffbd9}","process":{"thread":{"id":5108},"pid":3208},"user":{"identifier":"S-1-5-18","name":"SYSTEM","domain":"NT AUTHORITY","type":"User"},"record_id":271850,"provider_name":"Microsoft-Windows-Sysmon"},"event":{"kind":"event","code":10,"action":"Process accessed (rule: ProcessAccess)","created":"2019-10-28T02:31:58.649Z"},"log":{"level":"information"},"message":"Process accessed:\nRuleName: \nUtcTime: 2019-10-28 02:31:57.080\nSourceProcessGUID: {a158f72c-a3a1-5db5-0000-0010e67e0800}\nSourceProcessId: 5616\nSourceThreadId: 5332\nSourceImage: C:\\Windows\\Explorer.EXE\nTargetProcessGUID: {a158f72c-5213-5db6-0000-00107366ae00}\nTargetProcessId: 6488\nTargetImage: C:\\Windows\\System32\\MicrosoftEdgeCP.exe\nGrantedAccess: 0x2000\nCallTrace: C:\\Windows\\SYSTEM32\\ntdll.dll+9c524|C:\\Windows\\System32\\KERNELBASE.dll+2730e|C:\\Windows\\system32\\twinui.dll+72169|C:\\Windows\\system32\\twinui.dll+77c92|C:\\Windows\\system32\\twinui.dll+17a5b|C:\\Windows\\system32\\twinui.dll+1759c|C:\\Windows\\system32\\twinui.dll+6853a|C:\\Windows\\system32\\twinui.dll+17059|C:\\Windows\\system32\\twinui.dll+1719b|C:\\Windows\\system32\\twinui.dll+1711d|C:\\Windows\\System32\\USER32.dll+1681d|C:\\Windows\\System32\\USER32.dll+16212|C:\\Windows\\System32\\windows.immersiveshell.serviceprovider.dll+44d0|C:\\Windows\\System32\\windows.immersiveshell.serviceprovider.dll+409d|C:\\Windows\\System32\\windows.immersiveshell.serviceprovider.dll+3e4f|C:\\Windows\\System32\\KERNEL32.DLL+17944|C:\\Windows\\SYSTEM32\\ntdll.dll+6ce71","ecs":{"version":"1.1.0"},"host":{"name":"WECServer"}}
{"@timestamp":"2019-10-28T02:31:57.090Z","@metadata":{"beat":"winlogbeat","type":"_doc","version":"7.4.0","topic":"winlogbeat"},"winlog":{"process":{"thread":{"id":5108},"pid":3208},"provider_name":"Microsoft-Windows-Sysmon","opcode":"Info","event_data":{"GrantedAccess":"0x2000","CallTrace":"C:\\Windows\\SYSTEM32\\ntdll.dll+9c524|C:\\Windows\\System32\\KERNELBASE.dll+2730e|C:\\Windows\\system32\\twinui.dll+72169|C:\\Windows\\system32\\twinui.dll+77c92|C:\\Windows\\system32\\twinui.dll+17a5b|C:\\Windows\\system32\\twinui.dll+1759c|C:\\Windows\\system32\\twinui.dll+6853a|C:\\Windows\\system32\\twinui.dll+17059|C:\\Windows\\system32\\twinui.dll+1719b|C:\\Windows\\system32\\twinui.dll+1711d|C:\\Windows\\System32\\USER32.dll+1681d|C:\\Windows\\System32\\USER32.dll+16212|C:\\Windows\\System32\\windows.immersiveshell.serviceprovider.dll+44d0|C:\\Windows\\System32\\windows.immersiveshell.serviceprovider.dll+409d|C:\\Windows\\System32\\windows.immersiveshell.serviceprovider.dll+3e4f|C:\\Windows\\System32\\KERNEL32.DLL+17944|C:\\Windows\\SYSTEM32\\ntdll.dll+6ce71","UtcTime":"2019-10-28 02:31:57.080","SourceProcessGUID":"{a158f72c-a3a1-5db5-0000-0010e67e0800}","SourceProcessId":"5616","TargetProcessGUID":"{a158f72c-5212-5db6-0000-0010872dae00}","TargetProcessId":"5864","SourceImage":"C:\\Windows\\Explorer.EXE","SourceThreadId":"5332","TargetImage":"C:\\Windows\\SystemApps\\Microsoft.MicrosoftEdge_8wekyb3d8bbwe\\MicrosoftEdge.exe"},"record_id":271851,"api":"wineventlog","version":3,"provider_guid":"{5770385f-c22a-43e0-bf4c-06f5698ffbd9}","user":{"name":"SYSTEM","domain":"NT AUTHORITY","type":"User","identifier":"S-1-5-18"},"event_id":10,"task":"Process accessed (rule: ProcessAccess)","channel":"Microsoft-Windows-Sysmon/Operational","computer_name":"ACCT001.shire.com"},"event":{"kind":"event","code":10,"action":"Process accessed (rule: ProcessAccess)","created":"2019-10-28T02:31:58.649Z"},"log":{"level":"information"},"message":"Process accessed:\nRuleName: \nUtcTime: 2019-10-28 02:31:57.080\nSourceProcessGUID: {a158f72c-a3a1-5db5-0000-0010e67e0800}\nSourceProcessId: 5616\nSourceThreadId: 5332\nSourceImage: C:\\Windows\\Explorer.EXE\nTargetProcessGUID: {a158f72c-5212-5db6-0000-0010872dae00}\nTargetProcessId: 5864\nTargetImage: C:\\Windows\\SystemApps\\Microsoft.MicrosoftEdge_8wekyb3d8bbwe\\MicrosoftEdge.exe\nGrantedAccess: 0x2000\nCallTrace: C:\\Windows\\SYSTEM32\\ntdll.dll+9c524|C:\\Windows\\System32\\KERNELBASE.dll+2730e|C:\\Windows\\system32\\twinui.dll+72169|C:\\Windows\\system32\\twinui.dll+77c92|C:\\Windows\\system32\\twinui.dll+17a5b|C:\\Windows\\system32\\twinui.dll+1759c|C:\\Windows\\system32\\twinui.dll+6853a|C:\\Windows\\system32\\twinui.dll+17059|C:\\Windows\\system32\\twinui.dll+1719b|C:\\Windows\\system32\\twinui.dll+1711d|C:\\Windows\\System32\\USER32.dll+1681d|C:\\Windows\\System32\\USER32.dll+16212|C:\\Windows\\System32\\windows.immersiveshell.serviceprovider.dll+44d0|C:\\Windows\\System32\\windows.immersiveshell.serviceprovider.dll+409d|C:\\Windows\\System32\\windows.immersiveshell.serviceprovider.dll+3e4f|C:\\Windows\\System32\\KERNEL32.DLL+17944|C:\\Windows\\SYSTEM32\\ntdll.dll+6ce71","ecs":{"version":"1.1.0"},"host":{"name":"WECServer"},"agent":{"type":"winlogbeat","ephemeral_id":"df5ad137-6594-4bd7-a3eb-e0eda670370c","hostname":"WECServer","id":"f8e32ecf-6ac8-4748-86ec-f026490623c4","version":"7.4.0"}}
{"@timestamp":"2019-10-28T02:31:57.090Z","@metadata":{"beat":"winlogbeat","type":"_doc","version":"7.4.0","topic":"winlogbeat"},"log":{"level":"information"},"message":"Process accessed:\nRuleName: \nUtcTime: 2019-10-28 02:31:57.080\nSourceProcessGUID: {a158f72c-a3a1-5db5-0000-0010e67e0800}\nSourceProcessId: 5616\nSourceThreadId: 5332\nSourceImage: C:\\Windows\\Explorer.EXE\nTargetProcessGUID: {a158f72c-3a9b-5db6-0000-001001de8b00}\nTargetProcessId: 2780\nTargetImage: C:\\Windows\\System32\\WindowsPowerShell\\v1.0\\powershell.exe\nGrantedAccess: 0x2000\nCallTrace: C:\\Windows\\SYSTEM32\\ntdll.dll+9c524|C:\\Windows\\System32\\KERNELBASE.dll+2730e|C:\\Windows\\system32\\twinui.dll+72169|C:\\Windows\\system32\\twinui.dll+77c92|C:\\Windows\\system32\\twinui.dll+17a5b|C:\\Windows\\system32\\twinui.dll+1759c|C:\\Windows\\system32\\twinui.dll+6853a|C:\\Windows\\system32\\twinui.dll+17059|C:\\Windows\\system32\\twinui.dll+1719b|C:\\Windows\\system32\\twinui.dll+1711d|C:\\Windows\\System32\\USER32.dll+1681d|C:\\Windows\\System32\\USER32.dll+16212|C:\\Windows\\System32\\windows.immersiveshell.serviceprovider.dll+44d0|C:\\Windows\\System32\\windows.immersiveshell.serviceprovider.dll+409d|C:\\Windows\\System32\\windows.immersiveshell.serviceprovider.dll+3e4f|C:\\Windows\\System32\\KERNEL32.DLL+17944|C:\\Windows\\SYSTEM32\\ntdll.dll+6ce71","host":{"name":"WECServer"},"agent":{"type":"winlogbeat","ephemeral_id":"df5ad137-6594-4bd7-a3eb-e0eda670370c","hostname":"WECServer","id":"f8e32ecf-6ac8-4748-86ec-f026490623c4","version":"7.4.0"},"ecs":{"version":"1.1.0"},"winlog":{"user":{"domain":"NT AUTHORITY","type":"User","identifier":"S-1-5-18","name":"SYSTEM"},"event_data":{"UtcTime":"2019-10-28 02:31:57.080","GrantedAccess":"0x2000","SourceThreadId":"5332","SourceImage":"C:\\Windows\\Explorer.EXE","SourceProcessGUID":"{a158f72c-a3a1-5db5-0000-0010e67e0800}","TargetImage":"C:\\Windows\\System32\\WindowsPowerShell\\v1.0\\powershell.exe","CallTrace":"C:\\Windows\\SYSTEM32\\ntdll.dll+9c524|C:\\Windows\\System32\\KERNELBASE.dll+2730e|C:\\Windows\\system32\\twinui.dll+72169|C:\\Windows\\system32\\twinui.dll+77c92|C:\\Windows\\system32\\twinui.dll+17a5b|C:\\Windows\\system32\\twinui.dll+1759c|C:\\Windows\\system32\\twinui.dll+6853a|C:\\Windows\\system32\\twinui.dll+17059|C:\\Windows\\system32\\twinui.dll+1719b|C:\\Windows\\system32\\twinui.dll+1711d|C:\\Windows\\System32\\USER32.dll+1681d|C:\\Windows\\System32\\USER32.dll+16212|C:\\Windows\\System32\\windows.immersiveshell.serviceprovider.dll+44d0|C:\\Windows\\System32\\windows.immersiveshell.serviceprovider.dll+409d|C:\\Windows\\System32\\windows.immersiveshell.serviceprovider.dll+3e4f|C:\\Windows\\System32\\KERNEL32.DLL+17944|C:\\Windows\\SYSTEM32\\ntdll.dll+6ce71","SourceProcessId":"5616","TargetProcessGUID":"{a158f72c-3a9b-5db6-0000-001001de8b00}","TargetProcessId":"2780"},"provider_guid":"{5770385f-c22a-43e0-bf4c-06f5698ffbd9}","channel":"Microsoft-Windows-Sysmon/Operational","api":"wineventlog","computer_name":"ACCT001.shire.com","event_id":10,"provider_name":"Microsoft-Windows-Sysmon","version":3,"process":{"thread":{"id":5108},"pid":3208},"record_id":271852,"task":"Process accessed (rule: ProcessAccess)","opcode":"Info"},"event":{"created":"2019-10-28T02:31:58.649Z","kind":"event","code":10,"action":"Process accessed (rule: ProcessAccess)"}}
{"@timestamp":"2019-10-28T02:31:57.090Z","@metadata":{"beat":"winlogbeat","type":"_doc","version":"7.4.0","topic":"winlogbeat"},"winlog":{"provider_name":"Microsoft-Windows-Sysmon","record_id":271853,"channel":"Microsoft-Windows-Sysmon/Operational","provider_guid":"{5770385f-c22a-43e0-bf4c-06f5698ffbd9}","process":{"pid":3208,"thread":{"id":5108}},"event_data":{"TargetProcessGUID":"{a158f72c-a4da-5db5-0000-0010022a3800}","SourceThreadId":"5332","SourceProcessId":"5616","SourceImage":"C:\\Windows\\Explorer.EXE","GrantedAccess":"0x2000","UtcTime":"2019-10-28 02:31:57.080","SourceProcessGUID":"{a158f72c-a3a1-5db5-0000-0010e67e0800}","TargetProcessId":"4484","TargetImage":"C:\\Program Files\\WindowsApps\\Microsoft.WindowsStore_11811.1001.18.0_x64__8wekyb3d8bbwe\\WinStore.App.exe","CallTrace":"C:\\Windows\\SYSTEM32\\ntdll.dll+9c524|C:\\Windows\\System32\\KERNELBASE.dll+2730e|C:\\Windows\\system32\\twinui.dll+72169|C:\\Windows\\system32\\twinui.dll+77c92|C:\\Windows\\system32\\twinui.dll+17a5b|C:\\Windows\\system32\\twinui.dll+1759c|C:\\Windows\\system32\\twinui.dll+6853a|C:\\Windows\\system32\\twinui.dll+17059|C:\\Windows\\system32\\twinui.dll+1719b|C:\\Windows\\system32\\twinui.dll+1711d|C:\\Windows\\System32\\USER32.dll+1681d|C:\\Windows\\System32\\USER32.dll+16212|C:\\Windows\\System32\\windows.immersiveshell.serviceprovider.dll+44d0|C:\\Windows\\System32\\windows.immersiveshell.serviceprovider.dll+409d|C:\\Windows\\System32\\windows.immersiveshell.serviceprovider.dll+3e4f|C:\\Windows\\System32\\KERNEL32.DLL+17944|C:\\Windows\\SYSTEM32\\ntdll.dll+6ce71"},"event_id":10,"opcode":"Info","user":{"identifier":"S-1-5-18","name":"SYSTEM","domain":"NT AUTHORITY","type":"User"},"task":"Process accessed (rule: ProcessAccess)","version":3,"api":"wineventlog","computer_name":"ACCT001.shire.com"},"event":{"kind":"event","code":10,"action":"Process accessed (rule: ProcessAccess)","created":"2019-10-28T02:31:58.649Z"},"log":{"level":"information"},"message":"Process accessed:\nRuleName: \nUtcTime: 2019-10-28 02:31:57.080\nSourceProcessGUID: {a158f72c-a3a1-5db5-0000-0010e67e0800}\nSourceProcessId: 5616\nSourceThreadId: 5332\nSourceImage: C:\\Windows\\Explorer.EXE\nTargetProcessGUID: {a158f72c-a4da-5db5-0000-0010022a3800}\nTargetProcessId: 4484\nTargetImage: C:\\Program Files\\WindowsApps\\Microsoft.WindowsStore_11811.1001.18.0_x64__8wekyb3d8bbwe\\WinStore.App.exe\nGrantedAccess: 0x2000\nCallTrace: C:\\Windows\\SYSTEM32\\ntdll.dll+9c524|C:\\Windows\\System32\\KERNELBASE.dll+2730e|C:\\Windows\\system32\\twinui.dll+72169|C:\\Windows\\system32\\twinui.dll+77c92|C:\\Windows\\system32\\twinui.dll+17a5b|C:\\Windows\\system32\\twinui.dll+1759c|C:\\Windows\\system32\\twinui.dll+6853a|C:\\Windows\\system32\\twinui.dll+17059|C:\\Windows\\system32\\twinui.dll+1719b|C:\\Windows\\system32\\twinui.dll+1711d|C:\\Windows\\System32\\USER32.dll+1681d|C:\\Windows\\System32\\USER32.dll+16212|C:\\Windows\\System32\\windows.immersiveshell.serviceprovider.dll+44d0|C:\\Windows\\System32\\windows.immersiveshell.serviceprovider.dll+409d|C:\\Windows\\System32\\windows.immersiveshell.serviceprovider.dll+3e4f|C:\\Windows\\System32\\KERNEL32.DLL+17944|C:\\Windows\\SYSTEM32\\ntdll.dll+6ce71","ecs":{"version":"1.1.0"},"host":{"name":"WECServer"},"agent":{"hostname":"WECServer","id":"f8e32ecf-6ac8-4748-86ec-f026490623c4","version":"7.4.0","type":"winlogbeat","ephemeral_id":"df5ad137-6594-4bd7-a3eb-e0eda670370c"}}
{"@timestamp":"2019-10-28T02:31:57.090Z","@metadata":{"beat":"winlogbeat","type":"_doc","version":"7.4.0","topic":"winlogbeat"},"ecs":{"version":"1.1.0"},"host":{"name":"WECServer"},"agent":{"id":"f8e32ecf-6ac8-4748-86ec-f026490623c4","version":"7.4.0","type":"winlogbeat","ephemeral_id":"df5ad137-6594-4bd7-a3eb-e0eda670370c","hostname":"WECServer"},"winlog":{"event_id":10,"api":"wineventlog","record_id":271854,"opcode":"Info","version":3,"computer_name":"ACCT001.shire.com","process":{"thread":{"id":5108},"pid":3208},"user":{"domain":"NT AUTHORITY","type":"User","identifier":"S-1-5-18","name":"SYSTEM"},"event_data":{"SourceProcessId":"1004","TargetProcessId":"5616","SourceThreadId":"8996","SourceImage":"C:\\Windows\\system32\\svchost.exe","TargetProcessGUID":"{a158f72c-a3a1-5db5-0000-0010e67e0800}","TargetImage":"C:\\Windows\\Explorer.EXE","GrantedAccess":"0x2000","UtcTime":"2019-10-28 02:31:57.080","SourceProcessGUID":"{a158f72c-a390-5db5-0000-00102a880000}","CallTrace":"C:\\Windows\\SYSTEM32\\ntdll.dll+9c524|C:\\Windows\\SYSTEM32\\psmserviceexthost.dll+310c0|C:\\Windows\\SYSTEM32\\psmserviceexthost.dll+30dbf|C:\\Windows\\SYSTEM32\\ntdll.dll+6ba5|C:\\Windows\\SYSTEM32\\ntdll.dll+67f1|C:\\Windows\\SYSTEM32\\ntdll.dll+6650|C:\\Windows\\SYSTEM32\\ntdll.dll+3053c|C:\\Windows\\SYSTEM32\\ntdll.dll+34152|C:\\Windows\\System32\\KERNEL32.DLL+17944|C:\\Windows\\SYSTEM32\\ntdll.dll+6ce71"},"task":"Process accessed (rule: ProcessAccess)","channel":"Microsoft-Windows-Sysmon/Operational","provider_name":"Microsoft-Windows-Sysmon","provider_guid":"{5770385f-c22a-43e0-bf4c-06f5698ffbd9}"},"event":{"kind":"event","code":10,"action":"Process accessed (rule: ProcessAccess)","created":"2019-10-28T02:31:59.667Z"},"log":{"level":"information"},"message":"Process accessed:\nRuleName: \nUtcTime: 2019-10-28 02:31:57.080\nSourceProcessGUID: {a158f72c-a390-5db5-0000-00102a880000}\nSourceProcessId: 1004\nSourceThreadId: 8996\nSourceImage: C:\\Windows\\system32\\svchost.exe\nTargetProcessGUID: {a158f72c-a3a1-5db5-0000-0010e67e0800}\nTargetProcessId: 5616\nTargetImage: C:\\Windows\\Explorer.EXE\nGrantedAccess: 0x2000\nCallTrace: C:\\Windows\\SYSTEM32\\ntdll.dll+9c524|C:\\Windows\\SYSTEM32\\psmserviceexthost.dll+310c0|C:\\Windows\\SYSTEM32\\psmserviceexthost.dll+30dbf|C:\\Windows\\SYSTEM32\\ntdll.dll+6ba5|C:\\Windows\\SYSTEM32\\ntdll.dll+67f1|C:\\Windows\\SYSTEM32\\ntdll.dll+6650|C:\\Windows\\SYSTEM32\\ntdll.dll+3053c|C:\\Windows\\SYSTEM32\\ntdll.dll+34152|C:\\Windows\\System32\\KERNEL32.DLL+17944|C:\\Windows\\SYSTEM32\\ntdll.dll+6ce71"}
{"@timestamp":"2019-10-28T02:31:57.091Z","@metadata":{"beat":"winlogbeat","type":"_doc","version":"7.4.0","topic":"winlogbeat"},"event":{"code":12,"action":"Registry object added or deleted (rule: RegistryEvent)","created":"2019-10-28T02:31:59.667Z","kind":"event"},"log":{"level":"information"},"message":"Registry object added or deleted:\nRuleName: \nEventType: CreateKey\nUtcTime: 2019-10-28 02:31:57.080\nProcessGuid: {a158f72c-a3a1-5db5-0000-0010e67e0800}\nProcessId: 5616\nImage: C:\\Windows\\Explorer.EXE\nTargetObject: HKLM\\SOFTWARE\\Microsoft\\Hvsi","ecs":{"version":"1.1.0"},"host":{"name":"WECServer"},"agent":{"type":"winlogbeat","ephemeral_id":"df5ad137-6594-4bd7-a3eb-e0eda670370c","hostname":"WECServer","id":"f8e32ecf-6ac8-4748-86ec-f026490623c4","version":"7.4.0"},"winlog":{"channel":"Microsoft-Windows-Sysmon/Operational","event_id":12,"provider_name":"Microsoft-Windows-Sysmon","api":"wineventlog","opcode":"Info","process":{"pid":3208,"thread":{"id":5108}},"user":{"identifier":"S-1-5-18","name":"SYSTEM","domain":"NT AUTHORITY","type":"User"},"event_data":{"ProcessGuid":"{a158f72c-a3a1-5db5-0000-0010e67e0800}","ProcessId":"5616","Image":"C:\\Windows\\Explorer.EXE","TargetObject":"HKLM\\SOFTWARE\\Microsoft\\Hvsi","EventType":"CreateKey","UtcTime":"2019-10-28 02:31:57.080"},"record_id":271855,"task":"Registry object added or deleted (rule: RegistryEvent)","computer_name":"ACCT001.shire.com","version":2,"provider_guid":"{5770385f-c22a-43e0-bf4c-06f5698ffbd9}"}}
{"@timestamp":"2019-10-28T02:31:57.091Z","@metadata":{"beat":"winlogbeat","type":"_doc","version":"7.4.0","topic":"winlogbeat"},"host":{"name":"WECServer"},"agent":{"type":"winlogbeat","ephemeral_id":"df5ad137-6594-4bd7-a3eb-e0eda670370c","hostname":"WECServer","id":"f8e32ecf-6ac8-4748-86ec-f026490623c4","version":"7.4.0"},"winlog":{"task":"Registry object added or deleted (rule: RegistryEvent)","computer_name":"ACCT001.shire.com","opcode":"Info","api":"wineventlog","channel":"Microsoft-Windows-Sysmon/Operational","provider_guid":"{5770385f-c22a-43e0-bf4c-06f5698ffbd9}","process":{"pid":3208,"thread":{"id":5108}},"version":2,"user":{"identifier":"S-1-5-18","name":"SYSTEM","domain":"NT AUTHORITY","type":"User"},"event_id":12,"provider_name":"Microsoft-Windows-Sysmon","event_data":{"TargetObject":"HKLM\\System\\CurrentControlSet\\Control\\Hvsi","EventType":"CreateKey","UtcTime":"2019-10-28 02:31:57.080","ProcessGuid":"{a158f72c-a3a1-5db5-0000-0010e67e0800}","ProcessId":"5616","Image":"C:\\Windows\\Explorer.EXE"},"record_id":271856},"event":{"kind":"event","code":12,"action":"Registry object added or deleted (rule: RegistryEvent)","created":"2019-10-28T02:31:59.667Z"},"log":{"level":"information"},"message":"Registry object added or deleted:\nRuleName: \nEventType: CreateKey\nUtcTime: 2019-10-28 02:31:57.080\nProcessGuid: {a158f72c-a3a1-5db5-0000-0010e67e0800}\nProcessId: 5616\nImage: C:\\Windows\\Explorer.EXE\nTargetObject: HKLM\\System\\CurrentControlSet\\Control\\Hvsi","ecs":{"version":"1.1.0"}}
{"@timestamp":"2019-10-28T02:31:57.099Z","@metadata":{"beat":"winlogbeat","type":"_doc","version":"7.4.0","topic":"winlogbeat"},"log":{"level":"information"},"message":"Registry value set:\nRuleName: \nEventType: SetValue\nUtcTime: 2019-10-28 02:31:57.095\nProcessGuid: {a158f72c-a3a1-5db5-0000-0010e67e0800}\nProcessId: 5616\nImage: C:\\Windows\\Explorer.EXE\nTargetObject: HKU\\S-1-5-21-2379224252-1048547738-3559495803-1113\\Software\\Microsoft\\Windows\\CurrentVersion\\ActivityDataModel\\ReaderRevisionInfo\\D3BD910A-E979-5DC6-3463-2727C7AF0B28\nDetails: Binary Data","winlog":{"api":"wineventlog","version":2,"channel":"Microsoft-Windows-Sysmon/Operational","task":"Registry value set (rule: RegistryEvent)","provider_guid":"{5770385f-c22a-43e0-bf4c-06f5698ffbd9}","event_data":{"EventType":"SetValue","UtcTime":"2019-10-28 02:31:57.095","ProcessGuid":"{a158f72c-a3a1-5db5-0000-0010e67e0800}","ProcessId":"5616","Image":"C:\\Windows\\Explorer.EXE","TargetObject":"HKU\\S-1-5-21-2379224252-1048547738-3559495803-1113\\Software\\Microsoft\\Windows\\CurrentVersion\\ActivityDataModel\\ReaderRevisionInfo\\D3BD910A-E979-5DC6-3463-2727C7AF0B28","Details":"Binary Data"},"record_id":271857,"user":{"identifier":"S-1-5-18","name":"SYSTEM","domain":"NT AUTHORITY","type":"User"},"event_id":13,"computer_name":"ACCT001.shire.com","opcode":"Info","process":{"pid":3208,"thread":{"id":5108}},"provider_name":"Microsoft-Windows-Sysmon"},"event":{"created":"2019-10-28T02:31:59.667Z","kind":"event","code":13,"action":"Registry value set (rule: RegistryEvent)"},"ecs":{"version":"1.1.0"},"host":{"name":"WECServer"},"agent":{"type":"winlogbeat","ephemeral_id":"df5ad137-6594-4bd7-a3eb-e0eda670370c","hostname":"WECServer","id":"f8e32ecf-6ac8-4748-86ec-f026490623c4","version":"7.4.0"}}
{"@timestamp":"2019-10-28T02:31:57.102Z","@metadata":{"beat":"winlogbeat","type":"_doc","version":"7.4.0","topic":"winlogbeat"},"host":{"name":"WECServer"},"agent":{"ephemeral_id":"df5ad137-6594-4bd7-a3eb-e0eda670370c","hostname":"WECServer","id":"f8e32ecf-6ac8-4748-86ec-f026490623c4","version":"7.4.0","type":"winlogbeat"},"log":{"level":"information"},"message":"Registry value set:\nRuleName: \nEventType: SetValue\nUtcTime: 2019-10-28 02:31:57.095\nProcessGuid: {a158f72c-a3a1-5db5-0000-0010e67e0800}\nProcessId: 5616\nImage: C:\\Windows\\Explorer.EXE\nTargetObject: HKU\\S-1-5-21-2379224252-1048547738-3559495803-1113\\Software\\Microsoft\\Windows\\CurrentVersion\\ActivityDataModel\\ReaderRevisionInfo\\D3BD910A-E979-5DC6-3463-2727C7AF0B28\nDetails: Binary Data","winlog":{"opcode":"Info","user":{"domain":"NT AUTHORITY","type":"User","identifier":"S-1-5-18","name":"SYSTEM"},"event_data":{"Details":"Binary Data","EventType":"SetValue","UtcTime":"2019-10-28 02:31:57.095","ProcessGuid":"{a158f72c-a3a1-5db5-0000-0010e67e0800}","ProcessId":"5616","Image":"C:\\Windows\\Explorer.EXE","TargetObject":"HKU\\S-1-5-21-2379224252-1048547738-3559495803-1113\\Software\\Microsoft\\Windows\\CurrentVersion\\ActivityDataModel\\ReaderRevisionInfo\\D3BD910A-E979-5DC6-3463-2727C7AF0B28"},"event_id":13,"version":2,"task":"Registry value set (rule: RegistryEvent)","api":"wineventlog","provider_guid":"{5770385f-c22a-43e0-bf4c-06f5698ffbd9}","channel":"Microsoft-Windows-Sysmon/Operational","provider_name":"Microsoft-Windows-Sysmon","computer_name":"ACCT001.shire.com","process":{"pid":3208,"thread":{"id":5108}},"record_id":271858},"event":{"kind":"event","code":13,"action":"Registry value set (rule: RegistryEvent)","created":"2019-10-28T02:31:59.667Z"},"ecs":{"version":"1.1.0"}}
{"@timestamp":"2019-10-28T02:31:58.063Z","@metadata":{"beat":"winlogbeat","type":"_doc","version":"7.4.0","topic":"winlogbeat"},"log":{"level":"information"},"message":"Process accessed:\nRuleName: \nUtcTime: 2019-10-28 02:31:58.062\nSourceProcessGUID: {a158f72c-a36e-5db5-0000-0010f8fd0200}\nSourceProcessId: 4228\nSourceThreadId: 4364\nSourceImage: C:\\Windows\\System32\\svchost.exe\nTargetProcessGUID: {a158f72c-a36d-5db5-0000-0010fdb50200}\nTargetProcessId: 3860\nTargetImage: C:\\Program Files\\Amazon\\Ec2ConfigService\\Ec2Config.exe\nGrantedAccess: 0x1400\nCallTrace: C:\\Windows\\SYSTEM32\\ntdll.dll+9c524|C:\\Windows\\System32\\KERNELBASE.dll+2730e|c:\\windows\\system32\\rasmans.dll+3751b|c:\\windows\\system32\\rasmans.dll+36fad|c:\\windows\\system32\\rasmans.dll+10ed8|c:\\windows\\system32\\rasmans.dll+33cd5|C:\\Windows\\System32\\svchost.exe+314c|C:\\Windows\\System32\\sechost.dll+2de2|C:\\Windows\\System32\\KERNEL32.DLL+17944|C:\\Windows\\SYSTEM32\\ntdll.dll+6ce71","ecs":{"version":"1.1.0"},"host":{"name":"WECServer"},"agent":{"type":"winlogbeat","ephemeral_id":"df5ad137-6594-4bd7-a3eb-e0eda670370c","hostname":"WECServer","id":"f8e32ecf-6ac8-4748-86ec-f026490623c4","version":"7.4.0"},"winlog":{"provider_name":"Microsoft-Windows-Sysmon","computer_name":"HR001.shire.com","version":3,"record_id":207884,"task":"Process accessed (rule: ProcessAccess)","opcode":"Info","user":{"identifier":"S-1-5-18","name":"SYSTEM","domain":"NT AUTHORITY","type":"User"},"channel":"Microsoft-Windows-Sysmon/Operational","event_id":10,"event_data":{"SourceProcessGUID":"{a158f72c-a36e-5db5-0000-0010f8fd0200}","TargetImage":"C:\\Program Files\\Amazon\\Ec2ConfigService\\Ec2Config.exe","UtcTime":"2019-10-28 02:31:58.062","TargetProcessGUID":"{a158f72c-a36d-5db5-0000-0010fdb50200}","SourceImage":"C:\\Windows\\System32\\svchost.exe","CallTrace":"C:\\Windows\\SYSTEM32\\ntdll.dll+9c524|C:\\Windows\\System32\\KERNELBASE.dll+2730e|c:\\windows\\system32\\rasmans.dll+3751b|c:\\windows\\system32\\rasmans.dll+36fad|c:\\windows\\system32\\rasmans.dll+10ed8|c:\\windows\\system32\\rasmans.dll+33cd5|C:\\Windows\\System32\\svchost.exe+314c|C:\\Windows\\System32\\sechost.dll+2de2|C:\\Windows\\System32\\KERNEL32.DLL+17944|C:\\Windows\\SYSTEM32\\ntdll.dll+6ce71","SourceProcessId":"4228","TargetProcessId":"3860","GrantedAccess":"0x1400","SourceThreadId":"4364"},"provider_guid":"{5770385f-c22a-43e0-bf4c-06f5698ffbd9}","process":{"pid":3980,"thread":{"id":5276}},"api":"wineventlog"},"event":{"kind":"event","code":10,"action":"Process accessed (rule: ProcessAccess)","created":"2019-10-28T02:31:59.667Z"}}
{"@timestamp":"2019-10-28T02:31:58.651Z","@metadata":{"beat":"winlogbeat","type":"_doc","version":"7.4.0","topic":"winlogbeat"},"winlog":{"user":{"type":"User","identifier":"S-1-5-18","name":"SYSTEM","domain":"NT AUTHORITY"},"channel":"Microsoft-Windows-Sysmon/Operational","event_id":7,"process":{"thread":{"id":3656},"pid":2044},"event_data":{"Signature":"Microsoft Windows","SignatureStatus":"Valid","Company":"Microsoft Corporation","ImageLoaded":"C:\\Windows\\System32\\perfctrs.dll","Description":"Performance Counters","ProcessId":"1016","Signed":"true","ProcessGuid":"{962923ac-a16e-5db5-0000-0010d7550500}","OriginalFileName":"PERFCTRS.DLL","UtcTime":"2019-10-28 02:31:58.641","FileVersion":"10.0.17763.1 (WinBuild.160101.0800)","Hashes":"SHA1=F81D76B9C3499F8712FA6398554C10D389103930,MD5=27EAC9BA127C20BEEBF0BE4179ECC380,SHA256=28A8E73239C7556FD420A5A09A05CBD04C38230E0CBEAEF7D6874135261221EE,IMPHASH=E8B7A8ECDACB5ADA645B4DF7BF877CFE","Image":"C:\\Windows\\System32\\svchost.exe","Product":"Microsoft Windows Operating System"},"record_id":222737,"provider_guid":"{5770385f-c22a-43e0-bf4c-06f5698ffbd9}","version":3,"computer_name":"HFDC01.shire.com","provider_name":"Microsoft-Windows-Sysmon","task":"Image loaded (rule: ImageLoad)","api":"wineventlog","opcode":"Info"},"event":{"kind":"event","code":7,"action":"Image loaded (rule: ImageLoad)","created":"2019-10-28T02:31:59.667Z"},"log":{"level":"information"},"message":"Image loaded:\nRuleName: \nUtcTime: 2019-10-28 02:31:58.641\nProcessGuid: {962923ac-a16e-5db5-0000-0010d7550500}\nProcessId: 1016\nImage: C:\\Windows\\System32\\svchost.exe\nImageLoaded: C:\\Windows\\System32\\perfctrs.dll\nFileVersion: 10.0.17763.1 (WinBuild.160101.0800)\nDescription: Performance Counters\nProduct: Microsoft Windows Operating System\nCompany: Microsoft Corporation\nOriginalFileName: PERFCTRS.DLL\nHashes: SHA1=F81D76B9C3499F8712FA6398554C10D389103930,MD5=27EAC9BA127C20BEEBF0BE4179ECC380,SHA256=28A8E73239C7556FD420A5A09A05CBD04C38230E0CBEAEF7D6874135261221EE,IMPHASH=E8B7A8ECDACB5ADA645B4DF7BF877CFE\nSigned: true\nSignature: Microsoft Windows\nSignatureStatus: Valid","ecs":{"version":"1.1.0"},"host":{"name":"WECServer"},"agent":{"type":"winlogbeat","ephemeral_id":"df5ad137-6594-4bd7-a3eb-e0eda670370c","hostname":"WECServer","id":"f8e32ecf-6ac8-4748-86ec-f026490623c4","version":"7.4.0"}}
{"@timestamp":"2019-10-28T02:31:58.662Z","@metadata":{"beat":"winlogbeat","type":"_doc","version":"7.4.0","topic":"winlogbeat"},"event":{"action":"Image loaded (rule: ImageLoad)","created":"2019-10-28T02:31:59.668Z","kind":"event","code":7},"log":{"level":"information"},"message":"Image loaded:\nRuleName: \nUtcTime: 2019-10-28 02:31:58.656\nProcessGuid: {962923ac-a16e-5db5-0000-0010d7550500}\nProcessId: 1016\nImage: C:\\Windows\\System32\\svchost.exe\nImageLoaded: C:\\Windows\\System32\\perfctrs.dll\nFileVersion: 10.0.17763.1 (WinBuild.160101.0800)\nDescription: Performance Counters\nProduct: Microsoft Windows Operating System\nCompany: Microsoft Corporation\nOriginalFileName: PERFCTRS.DLL\nHashes: SHA1=F81D76B9C3499F8712FA6398554C10D389103930,MD5=27EAC9BA127C20BEEBF0BE4179ECC380,SHA256=28A8E73239C7556FD420A5A09A05CBD04C38230E0CBEAEF7D6874135261221EE,IMPHASH=E8B7A8ECDACB5ADA645B4DF7BF877CFE\nSigned: true\nSignature: Microsoft Windows\nSignatureStatus: Valid","ecs":{"version":"1.1.0"},"host":{"name":"WECServer"},"agent":{"type":"winlogbeat","ephemeral_id":"df5ad137-6594-4bd7-a3eb-e0eda670370c","hostname":"WECServer","id":"f8e32ecf-6ac8-4748-86ec-f026490623c4","version":"7.4.0"},"winlog":{"process":{"thread":{"id":3656},"pid":2044},"user":{"identifier":"S-1-5-18","name":"SYSTEM","domain":"NT AUTHORITY","type":"User"},"event_id":7,"task":"Image loaded (rule: ImageLoad)","computer_name":"HFDC01.shire.com","provider_guid":"{5770385f-c22a-43e0-bf4c-06f5698ffbd9}","event_data":{"ProcessGuid":"{962923ac-a16e-5db5-0000-0010d7550500}","Signed":"true","SignatureStatus":"Valid","Hashes":"SHA1=F81D76B9C3499F8712FA6398554C10D389103930,MD5=27EAC9BA127C20BEEBF0BE4179ECC380,SHA256=28A8E73239C7556FD420A5A09A05CBD04C38230E0CBEAEF7D6874135261221EE,IMPHASH=E8B7A8ECDACB5ADA645B4DF7BF877CFE","OriginalFileName":"PERFCTRS.DLL","Image":"C:\\Windows\\System32\\svchost.exe","FileVersion":"10.0.17763.1 (WinBuild.160101.0800)","ImageLoaded":"C:\\Windows\\System32\\perfctrs.dll","Product":"Microsoft Windows Operating System","Signature":"Microsoft Windows","UtcTime":"2019-10-28 02:31:58.656","ProcessId":"1016","Description":"Performance Counters","Company":"Microsoft Corporation"},"version":3,"api":"wineventlog","channel":"Microsoft-Windows-Sysmon/Operational","provider_name":"Microsoft-Windows-Sysmon","record_id":222738,"opcode":"Info"}}
{"@timestamp":"2019-10-28T02:31:58.673Z","@metadata":{"beat":"winlogbeat","type":"_doc","version":"7.4.0","topic":"winlogbeat"},"winlog":{"event_data":{"FileVersion":"10.0.17763.1 (WinBuild.160101.0800)","Image":"C:\\Windows\\System32\\svchost.exe","Description":"Performance Counters","Signature":"Microsoft Windows","ProcessId":"1016","Company":"Microsoft Corporation","Hashes":"SHA1=F81D76B9C3499F8712FA6398554C10D389103930,MD5=27EAC9BA127C20BEEBF0BE4179ECC380,SHA256=28A8E73239C7556FD420A5A09A05CBD04C38230E0CBEAEF7D6874135261221EE,IMPHASH=E8B7A8ECDACB5ADA645B4DF7BF877CFE","Signed":"true","SignatureStatus":"Valid","UtcTime":"2019-10-28 02:31:58.672","ProcessGuid":"{962923ac-a16e-5db5-0000-0010d7550500}","Product":"Microsoft Windows Operating System","ImageLoaded":"C:\\Windows\\System32\\perfctrs.dll","OriginalFileName":"PERFCTRS.DLL"},"channel":"Microsoft-Windows-Sysmon/Operational","process":{"pid":2044,"thread":{"id":3656}},"user":{"domain":"NT AUTHORITY","type":"User","identifier":"S-1-5-18","name":"SYSTEM"},"provider_name":"Microsoft-Windows-Sysmon","opcode":"Info","provider_guid":"{5770385f-c22a-43e0-bf4c-06f5698ffbd9}","event_id":7,"task":"Image loaded (rule: ImageLoad)","api":"wineventlog","version":3,"record_id":222739,"computer_name":"HFDC01.shire.com"},"event":{"created":"2019-10-28T02:31:59.668Z","kind":"event","code":7,"action":"Image loaded (rule: ImageLoad)"},"log":{"level":"information"},"message":"Image loaded:\nRuleName: \nUtcTime: 2019-10-28 02:31:58.672\nProcessGuid: {962923ac-a16e-5db5-0000-0010d7550500}\nProcessId: 1016\nImage: C:\\Windows\\System32\\svchost.exe\nImageLoaded: C:\\Windows\\System32\\perfctrs.dll\nFileVersion: 10.0.17763.1 (WinBuild.160101.0800)\nDescription: Performance Counters\nProduct: Microsoft Windows Operating System\nCompany: Microsoft Corporation\nOriginalFileName: PERFCTRS.DLL\nHashes: SHA1=F81D76B9C3499F8712FA6398554C10D389103930,MD5=27EAC9BA127C20BEEBF0BE4179ECC380,SHA256=28A8E73239C7556FD420A5A09A05CBD04C38230E0CBEAEF7D6874135261221EE,IMPHASH=E8B7A8ECDACB5ADA645B4DF7BF877CFE\nSigned: true\nSignature: Microsoft Windows\nSignatureStatus: Valid","ecs":{"version":"1.1.0"},"host":{"name":"WECServer"},"agent":{"hostname":"WECServer","id":"f8e32ecf-6ac8-4748-86ec-f026490623c4","version":"7.4.0","type":"winlogbeat","ephemeral_id":"df5ad137-6594-4bd7-a3eb-e0eda670370c"}}
{"@timestamp":"2019-10-28T02:31:58.907Z","@metadata":{"beat":"winlogbeat","type":"_doc","version":"7.4.0","topic":"winlogbeat"},"message":"Process accessed:\nRuleName: \nUtcTime: 2019-10-28 02:31:58.906\nSourceProcessGUID: {962923ac-a0e4-5db5-0000-0010db000100}\nSourceProcessId: 1528\nSourceThreadId: 3576\nSourceImage: C:\\Windows\\system32\\svchost.exe\nTargetProcessGUID: {962923ac-a0ed-5db5-0000-0010cee20100}\nTargetProcessId: 2764\nTargetImage: C:\\Windows\\System32\\svchost.exe\nGrantedAccess: 0x1000\nCallTrace: C:\\Windows\\SYSTEM32\\ntdll.dll+9fc24|C:\\Windows\\System32\\KERNELBASE.dll+20d0e|c:\\windows\\system32\\fwbase.dll+16e5|c:\\windows\\system32\\fwbase.dll+1639|c:\\windows\\system32\\mpssvc.dll+e42d|c:\\windows\\system32\\mpssvc.dll+d9a3|c:\\windows\\system32\\mpssvc.dll+ea94|C:\\Windows\\System32\\RPCRT4.dll+77823|C:\\Windows\\System32\\RPCRT4.dll+db4a6|C:\\Windows\\System32\\RPCRT4.dll+10d20|C:\\Windows\\System32\\RPCRT4.dll+54a38|C:\\Windows\\System32\\RPCRT4.dll+304b0|C:\\Windows\\System32\\RPCRT4.dll+2fe5b|C:\\Windows\\System32\\RPCRT4.dll+221ff|C:\\Windows\\System32\\RPCRT4.dll+2165a|C:\\Windows\\System32\\RPCRT4.dll+20c21|C:\\Windows\\System32\\RPCRT4.dll+20692|C:\\Windows\\System32\\RPCRT4.dll+17465|C:\\Windows\\SYSTEM32\\ntdll.dll+4f4c0|C:\\Windows\\SYSTEM32\\ntdll.dll+50348|C:\\Windows\\System32\\KERNEL32.DLL+17974|C:\\Windows\\SYSTEM32\\ntdll.dll+6a271","winlog":{"channel":"Microsoft-Windows-Sysmon/Operational","task":"Process accessed (rule: ProcessAccess)","api":"wineventlog","opcode":"Info","process":{"thread":{"id":3656},"pid":2044},"event_data":{"SourceProcessId":"1528","SourceThreadId":"3576","TargetImage":"C:\\Windows\\System32\\svchost.exe","TargetProcessId":"2764","CallTrace":"C:\\Windows\\SYSTEM32\\ntdll.dll+9fc24|C:\\Windows\\System32\\KERNELBASE.dll+20d0e|c:\\windows\\system32\\fwbase.dll+16e5|c:\\windows\\system32\\fwbase.dll+1639|c:\\windows\\system32\\mpssvc.dll+e42d|c:\\windows\\system32\\mpssvc.dll+d9a3|c:\\windows\\system32\\mpssvc.dll+ea94|C:\\Windows\\System32\\RPCRT4.dll+77823|C:\\Windows\\System32\\RPCRT4.dll+db4a6|C:\\Windows\\System32\\RPCRT4.dll+10d20|C:\\Windows\\System32\\RPCRT4.dll+54a38|C:\\Windows\\System32\\RPCRT4.dll+304b0|C:\\Windows\\System32\\RPCRT4.dll+2fe5b|C:\\Windows\\System32\\RPCRT4.dll+221ff|C:\\Windows\\System32\\RPCRT4.dll+2165a|C:\\Windows\\System32\\RPCRT4.dll+20c21|C:\\Windows\\System32\\RPCRT4.dll+20692|C:\\Windows\\System32\\RPCRT4.dll+17465|C:\\Windows\\SYSTEM32\\ntdll.dll+4f4c0|C:\\Windows\\SYSTEM32\\ntdll.dll+50348|C:\\Windows\\System32\\KERNEL32.DLL+17974|C:\\Windows\\SYSTEM32\\ntdll.dll+6a271","UtcTime":"2019-10-28 02:31:58.906","SourceImage":"C:\\Windows\\system32\\svchost.exe","TargetProcessGUID":"{962923ac-a0ed-5db5-0000-0010cee20100}","GrantedAccess":"0x1000","SourceProcessGUID":"{962923ac-a0e4-5db5-0000-0010db000100}"},"provider_guid":"{5770385f-c22a-43e0-bf4c-06f5698ffbd9}","version":3,"provider_name":"Microsoft-Windows-Sysmon","user":{"identifier":"S-1-5-18","name":"SYSTEM","domain":"NT AUTHORITY","type":"User"},"event_id":10,"record_id":222740,"computer_name":"HFDC01.shire.com"},"ecs":{"version":"1.1.0"},"host":{"name":"WECServer"},"agent":{"type":"winlogbeat","ephemeral_id":"df5ad137-6594-4bd7-a3eb-e0eda670370c","hostname":"WECServer","id":"f8e32ecf-6ac8-4748-86ec-f026490623c4","version":"7.4.0"},"event":{"kind":"event","code":10,"action":"Process accessed (rule: ProcessAccess)","created":"2019-10-28T02:31:59.668Z"},"log":{"level":"information"}}
{"@timestamp":"2019-10-28T02:31:58.907Z","@metadata":{"beat":"winlogbeat","type":"_doc","version":"7.4.0","topic":"winlogbeat"},"log":{"level":"information"},"agent":{"hostname":"WECServer","id":"f8e32ecf-6ac8-4748-86ec-f026490623c4","version":"7.4.0","type":"winlogbeat","ephemeral_id":"df5ad137-6594-4bd7-a3eb-e0eda670370c"},"ecs":{"version":"1.1.0"},"host":{"name":"WECServer"},"message":"Process accessed:\nRuleName: \nUtcTime: 2019-10-28 02:31:58.906\nSourceProcessGUID: {962923ac-a0e4-5db5-0000-0010db000100}\nSourceProcessId: 1528\nSourceThreadId: 3576\nSourceImage: C:\\Windows\\system32\\svchost.exe\nTargetProcessGUID: {962923ac-a0ed-5db5-0000-0010cee20100}\nTargetProcessId: 2764\nTargetImage: C:\\Windows\\System32\\svchost.exe\nGrantedAccess: 0x1000\nCallTrace: C:\\Windows\\SYSTEM32\\ntdll.dll+9fc24|C:\\Windows\\System32\\KERNELBASE.dll+20d0e|c:\\windows\\system32\\fwbase.dll+16e5|c:\\windows\\system32\\fwbase.dll+1639|c:\\windows\\system32\\mpssvc.dll+e42d|c:\\windows\\system32\\mpssvc.dll+d6d8|c:\\windows\\system32\\mpssvc.dll+d414|C:\\Windows\\System32\\RPCRT4.dll+77823|C:\\Windows\\System32\\RPCRT4.dll+db4a6|C:\\Windows\\System32\\RPCRT4.dll+10d20|C:\\Windows\\System32\\RPCRT4.dll+54a38|C:\\Windows\\System32\\RPCRT4.dll+304b0|C:\\Windows\\System32\\RPCRT4.dll+2fe5b|C:\\Windows\\System32\\RPCRT4.dll+221ff|C:\\Windows\\System32\\RPCRT4.dll+2165a|C:\\Windows\\System32\\RPCRT4.dll+20c21|C:\\Windows\\System32\\RPCRT4.dll+20692|C:\\Windows\\System32\\RPCRT4.dll+17465|C:\\Windows\\SYSTEM32\\ntdll.dll+4f4c0|C:\\Windows\\SYSTEM32\\ntdll.dll+50348|C:\\Windows\\System32\\KERNEL32.DLL+17974|C:\\Windows\\SYSTEM32\\ntdll.dll+6a271","winlog":{"opcode":"Info","version":3,"process":{"thread":{"id":3656},"pid":2044},"user":{"type":"User","identifier":"S-1-5-18","name":"SYSTEM","domain":"NT AUTHORITY"},"event_data":{"UtcTime":"2019-10-28 02:31:58.906","SourceProcessGUID":"{962923ac-a0e4-5db5-0000-0010db000100}","SourceImage":"C:\\Windows\\system32\\svchost.exe","CallTrace":"C:\\Windows\\SYSTEM32\\ntdll.dll+9fc24|C:\\Windows\\System32\\KERNELBASE.dll+20d0e|c:\\windows\\system32\\fwbase.dll+16e5|c:\\windows\\system32\\fwbase.dll+1639|c:\\windows\\system32\\mpssvc.dll+e42d|c:\\windows\\system32\\mpssvc.dll+d6d8|c:\\windows\\system32\\mpssvc.dll+d414|C:\\Windows\\System32\\RPCRT4.dll+77823|C:\\Windows\\System32\\RPCRT4.dll+db4a6|C:\\Windows\\System32\\RPCRT4.dll+10d20|C:\\Windows\\System32\\RPCRT4.dll+54a38|C:\\Windows\\System32\\RPCRT4.dll+304b0|C:\\Windows\\System32\\RPCRT4.dll+2fe5b|C:\\Windows\\System32\\RPCRT4.dll+221ff|C:\\Windows\\System32\\RPCRT4.dll+2165a|C:\\Windows\\System32\\RPCRT4.dll+20c21|C:\\Windows\\System32\\RPCRT4.dll+20692|C:\\Windows\\System32\\RPCRT4.dll+17465|C:\\Windows\\SYSTEM32\\ntdll.dll+4f4c0|C:\\Windows\\SYSTEM32\\ntdll.dll+50348|C:\\Windows\\System32\\KERNEL32.DLL+17974|C:\\Windows\\SYSTEM32\\ntdll.dll+6a271","SourceThreadId":"3576","TargetProcessGUID":"{962923ac-a0ed-5db5-0000-0010cee20100}","TargetProcessId":"2764","TargetImage":"C:\\Windows\\System32\\svchost.exe","GrantedAccess":"0x1000","SourceProcessId":"1528"},"channel":"Microsoft-Windows-Sysmon/Operational","event_id":10,"task":"Process accessed (rule: ProcessAccess)","computer_name":"HFDC01.shire.com","provider_guid":"{5770385f-c22a-43e0-bf4c-06f5698ffbd9}","provider_name":"Microsoft-Windows-Sysmon","record_id":222741,"api":"wineventlog"},"event":{"created":"2019-10-28T02:31:59.668Z","kind":"event","code":10,"action":"Process accessed (rule: ProcessAccess)"}}
{"@timestamp":"2019-10-28T02:31:58.908Z","@metadata":{"beat":"winlogbeat","type":"_doc","version":"7.4.0","topic":"winlogbeat"},"event":{"action":"Process accessed (rule: ProcessAccess)","created":"2019-10-28T02:31:59.668Z","kind":"event","code":10},"log":{"level":"information"},"message":"Process accessed:\nRuleName: \nUtcTime: 2019-10-28 02:31:58.906\nSourceProcessGUID: {962923ac-a0e4-5db5-0000-0010db000100}\nSourceProcessId: 1528\nSourceThreadId: 3576\nSourceImage: C:\\Windows\\system32\\svchost.exe\nTargetProcessGUID: {962923ac-a0ed-5db5-0000-0010cee20100}\nTargetProcessId: 2764\nTargetImage: C:\\Windows\\System32\\svchost.exe\nGrantedAccess: 0x1000\nCallTrace: C:\\Windows\\SYSTEM32\\ntdll.dll+9fc24|C:\\Windows\\System32\\KERNELBASE.dll+20d0e|c:\\windows\\system32\\fwbase.dll+16e5|c:\\windows\\system32\\fwbase.dll+1639|c:\\windows\\system32\\mpssvc.dll+e42d|c:\\windows\\system32\\mpssvc.dll+d9a3|c:\\windows\\system32\\mpssvc.dll+ea94|C:\\Windows\\System32\\RPCRT4.dll+77823|C:\\Windows\\System32\\RPCRT4.dll+db4a6|C:\\Windows\\System32\\RPCRT4.dll+10d20|C:\\Windows\\System32\\RPCRT4.dll+54a38|C:\\Windows\\System32\\RPCRT4.dll+304b0|C:\\Windows\\System32\\RPCRT4.dll+2fe5b|C:\\Windows\\System32\\RPCRT4.dll+221ff|C:\\Windows\\System32\\RPCRT4.dll+2165a|C:\\Windows\\System32\\RPCRT4.dll+20c21|C:\\Windows\\System32\\RPCRT4.dll+20692|C:\\Windows\\System32\\RPCRT4.dll+17465|C:\\Windows\\SYSTEM32\\ntdll.dll+4f4c0|C:\\Windows\\SYSTEM32\\ntdll.dll+50348|C:\\Windows\\System32\\KERNEL32.DLL+17974|C:\\Windows\\SYSTEM32\\ntdll.dll+6a271","ecs":{"version":"1.1.0"},"host":{"name":"WECServer"},"agent":{"hostname":"WECServer","id":"f8e32ecf-6ac8-4748-86ec-f026490623c4","version":"7.4.0","type":"winlogbeat","ephemeral_id":"df5ad137-6594-4bd7-a3eb-e0eda670370c"},"winlog":{"record_id":222742,"api":"wineventlog","version":3,"provider_name":"Microsoft-Windows-Sysmon","computer_name":"HFDC01.shire.com","process":{"pid":2044,"thread":{"id":3656}},"channel":"Microsoft-Windows-Sysmon/Operational","opcode":"Info","provider_guid":"{5770385f-c22a-43e0-bf4c-06f5698ffbd9}","user":{"identifier":"S-1-5-18","name":"SYSTEM","domain":"NT AUTHORITY","type":"User"},"event_id":10,"task":"Process accessed (rule: ProcessAccess)","event_data":{"SourceProcessGUID":"{962923ac-a0e4-5db5-0000-0010db000100}","SourceThreadId":"3576","UtcTime":"2019-10-28 02:31:58.906","TargetImage":"C:\\Windows\\System32\\svchost.exe","GrantedAccess":"0x1000","SourceProcessId":"1528","TargetProcessId":"2764","SourceImage":"C:\\Windows\\system32\\svchost.exe","TargetProcessGUID":"{962923ac-a0ed-5db5-0000-0010cee20100}","CallTrace":"C:\\Windows\\SYSTEM32\\ntdll.dll+9fc24|C:\\Windows\\System32\\KERNELBASE.dll+20d0e|c:\\windows\\system32\\fwbase.dll+16e5|c:\\windows\\system32\\fwbase.dll+1639|c:\\windows\\system32\\mpssvc.dll+e42d|c:\\windows\\system32\\mpssvc.dll+d9a3|c:\\windows\\system32\\mpssvc.dll+ea94|C:\\Windows\\System32\\RPCRT4.dll+77823|C:\\Windows\\System32\\RPCRT4.dll+db4a6|C:\\Windows\\System32\\RPCRT4.dll+10d20|C:\\Windows\\System32\\RPCRT4.dll+54a38|C:\\Windows\\System32\\RPCRT4.dll+304b0|C:\\Windows\\System32\\RPCRT4.dll+2fe5b|C:\\Windows\\System32\\RPCRT4.dll+221ff|C:\\Windows\\System32\\RPCRT4.dll+2165a|C:\\Windows\\System32\\RPCRT4.dll+20c21|C:\\Windows\\System32\\RPCRT4.dll+20692|C:\\Windows\\System32\\RPCRT4.dll+17465|C:\\Windows\\SYSTEM32\\ntdll.dll+4f4c0|C:\\Windows\\SYSTEM32\\ntdll.dll+50348|C:\\Windows\\System32\\KERNEL32.DLL+17974|C:\\Windows\\SYSTEM32\\ntdll.dll+6a271"}}}
