{"@timestamp":"2019-10-28T02:32:13.551Z","@metadata":{"beat":"winlogbeat","type":"_doc","version":"7.4.0","topic":"winlogbeat"},"winlog":{"event_id":3,"computer_name":"FILE001.shire.com","process":{"pid":2756,"thread":{"id":3312}},"task":"Network connection detected (rule: NetworkConnect)","record_id":147810,"api":"wineventlog","provider_guid":"{5770385f-c22a-43e0-bf4c-06f5698ffbd9}","user":{"identifier":"S-1-5-18","name":"SYSTEM","domain":"NT AUTHORITY","type":"User"},"event_data":{"ProcessId":"1368","ProcessGuid":"{37dc4fc9-a33b-5db5-0000-00100ce90000}","Initiated":"false","SourcePort":"50986","SourceIsIpv6":"false","Image":"C:\\Windows\\System32\\svchost.exe","DestinationIsIpv6":"false","DestinationPort":"53","DestinationHostname":"ip-172-18-39-5.ec2.internal","UtcTime":"2019-10-28 02:32:11.651","SourceIp":"172.18.39.103","SourceHostname":"FILE001.shire.com","DestinationIp":"172.18.39.5","User":"NT AUTHORITY\\NETWORK SERVICE","Protocol":"udp","DestinationPortName":"domain"},"channel":"Microsoft-Windows-Sysmon/Operational","version":5,"provider_name":"Microsoft-Windows-Sysmon","opcode":"Info"},"event":{"code":3,"action":"Network connection detected (rule: NetworkConnect)","created":"2019-10-28T02:32:14.809Z","kind":"event"},"log":{"level":"information"},"message":"Network connection detected:\nRuleName: \nUtcTime: 2019-10-28 02:32:11.651\nProcessGuid: {37dc4fc9-a33b-5db5-0000-00100ce90000}\nProcessId: 1368\nImage: C:\\Windows\\System32\\svchost.exe\nUser: NT AUTHORITY\\NETWORK SERVICE\nProtocol: udp\nInitiated: false\nSourceIsIpv6: false\nSourceIp: 172.18.39.103\nSourceHostname: FILE001.shire.com\nSourcePort: 50986\nSourcePortName: \nDestinationIsIpv6: false\nDestinationIp: 172.18.39.5\nDestinationHostname: ip-172-18-39-5.ec2.internal\nDestinationPort: 53\nDestinationPortName: domain","ecs":{"version":"1.1.0"},"host":{"name":"WECServer"},"agent":{"version":"7.4.0","type":"winlogbeat","ephemeral_id":"df5ad137-6594-4bd7-a3eb-e0eda670370c","hostname":"WECServer","id":"f8e32ecf-6ac8-4748-86ec-f026490623c4"}}
{"@timestamp":"2019-10-28T02:32:13.551Z","@metadata":{"beat":"winlogbeat","type":"_doc","version":"7.4.0","topic":"winlogbeat"},"message":"Network connection detected:\nRuleName: \nUtcTime: 2019-10-28 02:32:11.652\nProcessGuid: {37dc4fc9-a33d-5db5-0000-0010cb950100}\nProcessId: 2680\nImage: C:\\Program Files\\Amazon\\cfn-bootstrap\\winhup.exe\nUser: NT AUTHORITY\\SYSTEM\nProtocol: tcp\nInitiated: true\nSourceIsIpv6: false\nSourceIp: 172.18.39.103\nSourceHostname: FILE001.shire.com\nSourcePort: 53271\nSourcePortName: \nDestinationIsIpv6: false\nDestinationIp: 54.239.29.24\nDestinationHostname: \nDestinationPort: 443\nDestinationPortName: https","winlog":{"task":"Network connection detected (rule: NetworkConnect)","provider_guid":"{5770385f-c22a-43e0-bf4c-06f5698ffbd9}","event_data":{"DestinationIp":"54.239.29.24","Protocol":"tcp","User":"NT AUTHORITY\\SYSTEM","Image":"C:\\Program Files\\Amazon\\cfn-bootstrap\\winhup.exe","SourceIp":"172.18.39.103","DestinationIsIpv6":"false","SourceHostname":"FILE001.shire.com","DestinationPortName":"https","ProcessGuid":"{37dc4fc9-a33d-5db5-0000-0010cb950100}","SourcePort":"53271","DestinationPort":"443","Initiated":"true","SourceIsIpv6":"false","UtcTime":"2019-10-28 02:32:11.652","ProcessId":"2680"},"channel":"Microsoft-Windows-Sysmon/Operational","process":{"pid":2756,"thread":{"id":3312}},"user":{"type":"User","identifier":"S-1-5-18","name":"SYSTEM","domain":"NT AUTHORITY"},"provider_name":"Microsoft-Windows-Sysmon","opcode":"Info","record_id":147811,"version":5,"api":"wineventlog","computer_name":"FILE001.shire.com","event_id":3},"event":{"kind":"event","code":3,"action":"Network connection detected (rule: NetworkConnect)","created":"2019-10-28T02:32:14.809Z"},"log":{"level":"information"},"ecs":{"version":"1.1.0"},"host":{"name":"WECServer"},"agent":{"type":"winlogbeat","ephemeral_id":"df5ad137-6594-4bd7-a3eb-e0eda670370c","hostname":"WECServer","id":"f8e32ecf-6ac8-4748-86ec-f026490623c4","version":"7.4.0"}}
{"@timestamp":"2019-10-28T02:32:14.465Z","@metadata":{"beat":"winlogbeat","type":"_doc","version":"7.4.0","topic":"winlogbeat"},"winlog":{"task":"Process accessed (rule: ProcessAccess)","opcode":"Info","user":{"identifier":"S-1-5-18","name":"SYSTEM","domain":"NT AUTHORITY","type":"User"},"provider_name":"Microsoft-Windows-Sysmon","api":"wineventlog","version":3,"process":{"pid":3196,"thread":{"id":4324}},"record_id":200367,"computer_name":"IT001.shire.com","event_data":{"UtcTime":"2019-10-28 02:32:14.465","SourceImage":"C:\\Windows\\System32\\svchost.exe","TargetProcessId":"3112","GrantedAccess":"0x1400","SourceProcessId":"3604","SourceThreadId":"3688","TargetImage":"C:\\Program Files\\Amazon\\Ec2ConfigService\\Ec2Config.exe","SourceProcessGUID":"{a158f72c-a3a8-5db5-0000-001005670200}","TargetProcessGUID":"{a158f72c-a3a7-5db5-0000-0010ab1f0200}","CallTrace":"C:\\Windows\\SYSTEM32\\ntdll.dll+9c524|C:\\Windows\\System32\\KERNELBASE.dll+2730e|c:\\windows\\system32\\rasmans.dll+3751b|c:\\windows\\system32\\rasmans.dll+36fad|c:\\windows\\system32\\rasmans.dll+10ed8|c:\\windows\\system32\\rasmans.dll+33cd5|C:\\Windows\\System32\\svchost.exe+314c|C:\\Windows\\System32\\sechost.dll+2de2|C:\\Windows\\System32\\KERNEL32.DLL+17944|C:\\Windows\\SYSTEM32\\ntdll.dll+6ce71"},"channel":"Microsoft-Windows-Sysmon/Operational","event_id":10,"provider_guid":"{5770385f-c22a-43e0-bf4c-06f5698ffbd9}"},"event":{"kind":"event","code":10,"action":"Process accessed (rule: ProcessAccess)","created":"2019-10-28T02:32:16.825Z"},"log":{"level":"information"},"message":"Process accessed:\nRuleName: \nUtcTime: 2019-10-28 02:32:14.465\nSourceProcessGUID: {a158f72c-a3a8-5db5-0000-001005670200}\nSourceProcessId: 3604\nSourceThreadId: 3688\nSourceImage: C:\\Windows\\System32\\svchost.exe\nTargetProcessGUID: {a158f72c-a3a7-5db5-0000-0010ab1f0200}\nTargetProcessId: 3112\nTargetImage: C:\\Program Files\\Amazon\\Ec2ConfigService\\Ec2Config.exe\nGrantedAccess: 0x1400\nCallTrace: C:\\Windows\\SYSTEM32\\ntdll.dll+9c524|C:\\Windows\\System32\\KERNELBASE.dll+2730e|c:\\windows\\system32\\rasmans.dll+3751b|c:\\windows\\system32\\rasmans.dll+36fad|c:\\windows\\system32\\rasmans.dll+10ed8|c:\\windows\\system32\\rasmans.dll+33cd5|C:\\Windows\\System32\\svchost.exe+314c|C:\\Windows\\System32\\sechost.dll+2de2|C:\\Windows\\System32\\KERNEL32.DLL+17944|C:\\Windows\\SYSTEM32\\ntdll.dll+6ce71","ecs":{"version":"1.1.0"},"host":{"name":"WECServer"},"agent":{"version":"7.4.0","type":"winlogbeat","ephemeral_id":"df5ad137-6594-4bd7-a3eb-e0eda670370c","hostname":"WECServer","id":"f8e32ecf-6ac8-4748-86ec-f026490623c4"}}
{"@timestamp":"2019-10-28T02:32:15.955Z","@metadata":{"beat":"winlogbeat","type":"_doc","version":"7.4.0","topic":"winlogbeat"},"winlog":{"provider_guid":"{5770385f-c22a-43e0-bf4c-06f5698ffbd9}","channel":"Microsoft-Windows-Sysmon/Operational","api":"wineventlog","computer_name":"ACCT001.shire.com","opcode":"Info","task":"Process accessed (rule: ProcessAccess)","version":3,"event_data":{"SourceThreadId":"2172","TargetProcessGUID":"{a158f72c-530d-5db6-0000-001011f7af00}","TargetProcessId":"5204","SourceProcessGUID":"{a158f72c-a391-5db5-0000-0010b96f0100}","TargetImage":"C:\\Windows\\Microsoft.NET\\Framework64\\v4.0.30319\\InstallUtil.exe","UtcTime":"2019-10-28 02:32:15.955","CallTrace":"C:\\Windows\\SYSTEM32\\ntdll.dll+9c524|C:\\Windows\\System32\\KERNELBASE.dll+2730e|c:\\windows\\system32\\sysmain.dll+1e231|c:\\windows\\system32\\sysmain.dll+1e0b1|c:\\windows\\system32\\sysmain.dll+1c32b|c:\\windows\\system32\\sysmain.dll+1bf95|c:\\windows\\system32\\sysmain.dll+74a8a|c:\\windows\\system32\\sysmain.dll+73ae2|c:\\windows\\system32\\sysmain.dll+60223|C:\\Windows\\system32\\svchost.exe+314c|C:\\Windows\\System32\\sechost.dll+2de2|C:\\Windows\\System32\\KERNEL32.DLL+17944|C:\\Windows\\SYSTEM32\\ntdll.dll+6ce71","SourceProcessId":"2112","SourceImage":"C:\\Windows\\system32\\svchost.exe","GrantedAccess":"0x3000"},"event_id":10,"provider_name":"Microsoft-Windows-Sysmon","record_id":271919,"process":{"thread":{"id":5108},"pid":3208},"user":{"name":"SYSTEM","domain":"NT AUTHORITY","type":"User","identifier":"S-1-5-18"}},"event":{"action":"Process accessed (rule: ProcessAccess)","created":"2019-10-28T02:32:18.840Z","kind":"event","code":10},"log":{"level":"information"},"message":"Process accessed:\nRuleName: \nUtcTime: 2019-10-28 02:32:15.955\nSourceProcessGUID: {a158f72c-a391-5db5-0000-0010b96f0100}\nSourceProcessId: 2112\nSourceThreadId: 2172\nSourceImage: C:\\Windows\\system32\\svchost.exe\nTargetProcessGUID: {a158f72c-530d-5db6-0000-001011f7af00}\nTargetProcessId: 5204\nTargetImage: C:\\Windows\\Microsoft.NET\\Framework64\\v4.0.30319\\InstallUtil.exe\nGrantedAccess: 0x3000\nCallTrace: C:\\Windows\\SYSTEM32\\ntdll.dll+9c524|C:\\Windows\\System32\\KERNELBASE.dll+2730e|c:\\windows\\system32\\sysmain.dll+1e231|c:\\windows\\system32\\sysmain.dll+1e0b1|c:\\windows\\system32\\sysmain.dll+1c32b|c:\\windows\\system32\\sysmain.dll+1bf95|c:\\windows\\system32\\sysmain.dll+74a8a|c:\\windows\\system32\\sysmain.dll+73ae2|c:\\windows\\system32\\sysmain.dll+60223|C:\\Windows\\system32\\svchost.exe+314c|C:\\Windows\\System32\\sechost.dll+2de2|C:\\Windows\\System32\\KERNEL32.DLL+17944|C:\\Windows\\SYSTEM32\\ntdll.dll+6ce71","ecs":{"version":"1.1.0"},"host":{"name":"WECServer"},"agent":{"hostname":"WECServer","id":"f8e32ecf-6ac8-4748-86ec-f026490623c4","version":"7.4.0","type":"winlogbeat","ephemeral_id":"df5ad137-6594-4bd7-a3eb-e0eda670370c"}}
{"@timestamp":"2019-10-28T02:32:18.250Z","@metadata":{"beat":"winlogbeat","type":"_doc","version":"7.4.0","topic":"winlogbeat"},"winlog":{"process":{"thread":{"id":5276},"pid":3980},"provider_name":"Microsoft-Windows-Sysmon","task":"Process accessed (rule: ProcessAccess)","api":"wineventlog","version":3,"provider_guid":"{5770385f-c22a-43e0-bf4c-06f5698ffbd9}","event_id":10,"record_id":207897,"opcode":"Info","computer_name":"HR001.shire.com","user":{"type":"User","identifier":"S-1-5-18","name":"SYSTEM","domain":"NT AUTHORITY"},"event_data":{"CallTrace":"C:\\Windows\\SYSTEM32\\ntdll.dll+9c524|C:\\Windows\\System32\\KERNELBASE.dll+2730e|c:\\windows\\system32\\rasmans.dll+3751b|c:\\windows\\system32\\rasmans.dll+36fad|c:\\windows\\system32\\rasmans.dll+10ed8|c:\\windows\\system32\\rasmans.dll+33cd5|C:\\Windows\\System32\\svchost.exe+314c|C:\\Windows\\System32\\sechost.dll+2de2|C:\\Windows\\System32\\KERNEL32.DLL+17944|C:\\Windows\\SYSTEM32\\ntdll.dll+6ce71","UtcTime":"2019-10-28 02:32:18.250","SourceProcessId":"4228","SourceProcessGUID":"{a158f72c-a36e-5db5-0000-0010f8fd0200}","SourceImage":"C:\\Windows\\System32\\svchost.exe","TargetProcessId":"3860","GrantedAccess":"0x1400","SourceThreadId":"4364","TargetProcessGUID":"{a158f72c-a36d-5db5-0000-0010fdb50200}","TargetImage":"C:\\Program Files\\Amazon\\Ec2ConfigService\\Ec2Config.exe"},"channel":"Microsoft-Windows-Sysmon/Operational"},"event":{"action":"Process accessed (rule: ProcessAccess)","created":"2019-10-28T02:32:20.856Z","kind":"event","code":10},"log":{"level":"information"},"ecs":{"version":"1.1.0"},"host":{"name":"WECServer"},"agent":{"id":"f8e32ecf-6ac8-4748-86ec-f026490623c4","version":"7.4.0","type":"winlogbeat","ephemeral_id":"df5ad137-6594-4bd7-a3eb-e0eda670370c","hostname":"WECServer"},"message":"Process accessed:\nRuleName: \nUtcTime: 2019-10-28 02:32:18.250\nSourceProcessGUID: {a158f72c-a36e-5db5-0000-0010f8fd0200}\nSourceProcessId: 4228\nSourceThreadId: 4364\nSourceImage: C:\\Windows\\System32\\svchost.exe\nTargetProcessGUID: {a158f72c-a36d-5db5-0000-0010fdb50200}\nTargetProcessId: 3860\nTargetImage: C:\\Program Files\\Amazon\\Ec2ConfigService\\Ec2Config.exe\nGrantedAccess: 0x1400\nCallTrace: C:\\Windows\\SYSTEM32\\ntdll.dll+9c524|C:\\Windows\\System32\\KERNELBASE.dll+2730e|c:\\windows\\system32\\rasmans.dll+3751b|c:\\windows\\system32\\rasmans.dll+36fad|c:\\windows\\system32\\rasmans.dll+10ed8|c:\\windows\\system32\\rasmans.dll+33cd5|C:\\Windows\\System32\\svchost.exe+314c|C:\\Windows\\System32\\sechost.dll+2de2|C:\\Windows\\System32\\KERNEL32.DLL+17944|C:\\Windows\\SYSTEM32\\ntdll.dll+6ce71"}
{"@timestamp":"2019-10-28T02:32:19.643Z","@metadata":{"beat":"winlogbeat","type":"_doc","version":"7.4.0","topic":"winlogbeat"},"message":"The Windows Filtering Platform has permitted a bind to a local port.\n\nApplication Information:\n\tProcess ID:\t\t2136\n\tApplication Name:\t\\device\\harddiskvolume1\\windows\\system32\\svchost.exe\n\nNetwork Information:\n\tSource Address:\t\t0.0.0.0\n\tSource Port:\t\t49270\n\tProtocol:\t\t6\n\nFilter Information:\n\tFilter Run-Time ID:\t0\n\tLayer Name:\t\tResource Assignment\n\tLayer Run-Time ID:\t36","ecs":{"version":"1.1.0"},"host":{"name":"WECServer"},"agent":{"hostname":"WECServer","id":"f8e32ecf-6ac8-4748-86ec-f026490623c4","version":"7.4.0","type":"winlogbeat","ephemeral_id":"df5ad137-6594-4bd7-a3eb-e0eda670370c"},"winlog":{"event_id":5158,"computer_name":"HFDC01.shire.com","opcode":"Info","event_data":{"ProcessId":"2136","Application":"\\device\\harddiskvolume1\\windows\\system32\\svchost.exe","SourceAddress":"0.0.0.0","SourcePort":"49270","Protocol":"6","FilterRTID":"0","LayerName":"%%14608","LayerRTID":"36"},"channel":"Security","task":"Filtering Platform Connection","provider_guid":"{54849625-5478-4994-a5ba-3e3b0328c30d}","process":{"pid":4,"thread":{"id":388}},"record_id":116104,"api":"wineventlog","keywords":["Audit Success"],"provider_name":"Microsoft-Windows-Security-Auditing"},"event":{"code":5158,"action":"Filtering Platform Connection","created":"2019-10-28T02:32:21.858Z","kind":"event"},"log":{"level":"information"}}
{"@timestamp":"2019-10-28T02:32:19.643Z","@metadata":{"beat":"winlogbeat","type":"_doc","version":"7.4.0","topic":"winlogbeat"},"host":{"name":"WECServer"},"agent":{"id":"f8e32ecf-6ac8-4748-86ec-f026490623c4","version":"7.4.0","type":"winlogbeat","ephemeral_id":"df5ad137-6594-4bd7-a3eb-e0eda670370c","hostname":"WECServer"},"winlog":{"event_data":{"SourceAddress":"172.18.39.5","DestAddress":"172.18.39.102","RemoteMachineID":"S-1-0-0","Application":"\\device\\harddiskvolume1\\windows\\system32\\svchost.exe","Direction":"%%14593","SourcePort":"49270","DestPort":"5985","ProcessID":"2136","FilterRTID":"66459","LayerName":"%%14611","RemoteUserID":"S-1-0-0","Protocol":"6","LayerRTID":"48"},"version":1,"process":{"pid":4,"thread":{"id":388}},"channel":"Security","event_id":5156,"keywords":["Audit Success"],"opcode":"Info","computer_name":"HFDC01.shire.com","record_id":116105,"task":"Filtering Platform Connection","api":"wineventlog","provider_name":"Microsoft-Windows-Security-Auditing","provider_guid":"{54849625-5478-4994-a5ba-3e3b0328c30d}"},"event":{"kind":"event","code":5156,"action":"Filtering Platform Connection","created":"2019-10-28T02:32:21.858Z"},"log":{"level":"information"},"message":"The Windows Filtering Platform has permitted a connection.\n\nApplication Information:\n\tProcess ID:\t\t2136\n\tApplication Name:\t\\device\\harddiskvolume1\\windows\\system32\\svchost.exe\n\nNetwork Information:\n\tDirection:\t\tOutbound\n\tSource Address:\t\t172.18.39.5\n\tSource Port:\t\t49270\n\tDestination Address:\t172.18.39.102\n\tDestination Port:\t\t5985\n\tProtocol:\t\t6\n\nFilter Information:\n\tFilter Run-Time ID:\t66459\n\tLayer Name:\t\tConnect\n\tLayer Run-Time ID:\t48","ecs":{"version":"1.1.0"}}
