{"@timestamp":"2019-10-28T02:32:11.210Z","@metadata":{"beat":"winlogbeat","type":"_doc","version":"7.4.0","topic":"winlogbeat"},"message":"The Windows Filtering Platform has permitted a bind to a local port.\n\nApplication Information:\n\tProcess ID:\t\t2680\n\tApplication Name:\t\\device\\harddiskvolume1\\program files\\amazon\\cfn-bootstrap\\winhup.exe\n\nNetwork Information:\n\tSource Address:\t\t0.0.0.0\n\tSource Port:\t\t53269\n\tProtocol:\t\t6\n\nFilter Information:\n\tFilter Run-Time ID:\t0\n\tLayer Name:\t\tResource Assignment\n\tLayer Run-Time ID:\t36","agent":{"hostname":"WECServer","id":"f8e32ecf-6ac8-4748-86ec-f026490623c4","version":"7.4.0","type":"winlogbeat","ephemeral_id":"df5ad137-6594-4bd7-a3eb-e0eda670370c"},"ecs":{"version":"1.1.0"},"host":{"name":"WECServer"},"winlog":{"keywords":["Audit Success"],"opcode":"Info","event_id":5158,"computer_name":"FILE001.shire.com","provider_guid":"{54849625-5478-4994-a5ba-3e3b0328c30d}","event_data":{"Application":"\\device\\harddiskvolume1\\program files\\amazon\\cfn-bootstrap\\winhup.exe","SourceAddress":"0.0.0.0","SourcePort":"53269","Protocol":"6","FilterRTID":"0","LayerName":"%%14608","LayerRTID":"36","ProcessId":"2680"},"channel":"Security","api":"wineventlog","process":{"pid":4,"thread":{"id":1860}},"provider_name":"Microsoft-Windows-Security-Auditing","record_id":40579,"task":"Filtering Platform Connection"},"event":{"kind":"event","code":5158,"action":"Filtering Platform Connection","created":"2019-10-28T02:32:13.798Z"},"log":{"level":"information"}}
{"@timestamp":"2019-10-28T02:32:11.210Z","@metadata":{"beat":"winlogbeat","type":"_doc","version":"7.4.0","topic":"winlogbeat"},"event":{"kind":"event","code":5156,"action":"Filtering Platform Connection","created":"2019-10-28T02:32:13.798Z"},"ecs":{"version":"1.1.0"},"host":{"name":"WECServer"},"agent":{"hostname":"WECServer","id":"f8e32ecf-6ac8-4748-86ec-f026490623c4","version":"7.4.0","type":"winlogbeat","ephemeral_id":"df5ad137-6594-4bd7-a3eb-e0eda670370c"},"log":{"level":"information"},"message":"The Windows Filtering Platform has permitted a connection.\n\nApplication Information:\n\tProcess ID:\t\t2680\n\tApplication Name:\t\\device\\harddiskvolume1\\program files\\amazon\\cfn-bootstrap\\winhup.exe\n\nNetwork Information:\n\tDirection:\t\tOutbound\n\tSource Address:\t\t172.18.39.103\n\tSource Port:\t\t53269\n\tDestination Address:\t169.254.169.254\n\tDestination Port:\t\t80\n\tProtocol:\t\t6\n\nFilter Information:\n\tFilter Run-Time ID:\t67859\n\tLayer Name:\t\tConnect\n\tLayer Run-Time ID:\t48","winlog":{"channel":"Security","provider_name":"Microsoft-Windows-Security-Auditing","computer_name":"FILE001.shire.com","event_data":{"Direction":"%%14593","DestPort":"80","FilterRTID":"67859","RemoteMachineID":"S-1-0-0","Application":"\\device\\harddiskvolume1\\program files\\amazon\\cfn-bootstrap\\winhup.exe","LayerRTID":"48","LayerName":"%%14611","RemoteUserID":"S-1-0-0","ProcessID":"2680","SourcePort":"53269","DestAddress":"169.254.169.254","SourceAddress":"172.18.39.103","Protocol":"6"},"task":"Filtering Platform Connection","keywords":["Audit Success"],"event_id":5156,"provider_guid":"{54849625-5478-4994-a5ba-3e3b0328c30d}","process":{"pid":4,"thread":{"id":1860}},"record_id":40580,"api":"wineventlog","opcode":"Info","version":1}}
{"@timestamp":"2019-10-28T02:32:11.213Z","@metadata":{"beat":"winlogbeat","type":"_doc","version":"7.4.0","topic":"winlogbeat"},"winlog":{"provider_name":"Microsoft-Windows-Security-Auditing","computer_name":"FILE001.shire.com","channel":"Security","api":"wineventlog","process":{"pid":4,"thread":{"id":1860}},"record_id":40581,"keywords":["Audit Success"],"opcode":"Info","provider_guid":"{54849625-5478-4994-a5ba-3e3b0328c30d}","event_id":5158,"task":"Filtering Platform Connection","event_data":{"Application":"\\device\\harddiskvolume1\\program files\\amazon\\cfn-bootstrap\\winhup.exe","SourceAddress":"0.0.0.0","SourcePort":"53270","Protocol":"6","FilterRTID":"0","LayerName":"%%14608","LayerRTID":"36","ProcessId":"2680"}},"event":{"action":"Filtering Platform Connection","created":"2019-10-28T02:32:13.798Z","kind":"event","code":5158},"log":{"level":"information"},"message":"The Windows Filtering Platform has permitted a bind to a local port.\n\nApplication Information:\n\tProcess ID:\t\t2680\n\tApplication Name:\t\\device\\harddiskvolume1\\program files\\amazon\\cfn-bootstrap\\winhup.exe\n\nNetwork Information:\n\tSource Address:\t\t0.0.0.0\n\tSource Port:\t\t53270\n\tProtocol:\t\t6\n\nFilter Information:\n\tFilter Run-Time ID:\t0\n\tLayer Name:\t\tResource Assignment\n\tLayer Run-Time ID:\t36","ecs":{"version":"1.1.0"},"host":{"name":"WECServer"},"agent":{"type":"winlogbeat","ephemeral_id":"df5ad137-6594-4bd7-a3eb-e0eda670370c","hostname":"WECServer","id":"f8e32ecf-6ac8-4748-86ec-f026490623c4","version":"7.4.0"}}
{"@timestamp":"2019-10-28T02:32:11.213Z","@metadata":{"beat":"winlogbeat","type":"_doc","version":"7.4.0","topic":"winlogbeat"},"winlog":{"event_id":5156,"provider_name":"Microsoft-Windows-Security-Auditing","record_id":40582,"keywords":["Audit Success"],"opcode":"Info","process":{"pid":4,"thread":{"id":1860}},"computer_name":"FILE001.shire.com","provider_guid":"{54849625-5478-4994-a5ba-3e3b0328c30d}","event_data":{"DestAddress":"169.254.169.254","Direction":"%%14593","LayerName":"%%14611","SourcePort":"53270","Protocol":"6","RemoteMachineID":"S-1-0-0","Application":"\\device\\harddiskvolume1\\program files\\amazon\\cfn-bootstrap\\winhup.exe","FilterRTID":"67859","LayerRTID":"48","RemoteUserID":"S-1-0-0","ProcessID":"2680","SourceAddress":"172.18.39.103","DestPort":"80"},"api":"wineventlog","channel":"Security","task":"Filtering Platform Connection","version":1},"event":{"kind":"event","code":5156,"action":"Filtering Platform Connection","created":"2019-10-28T02:32:13.798Z"},"log":{"level":"information"},"message":"The Windows Filtering Platform has permitted a connection.\n\nApplication Information:\n\tProcess ID:\t\t2680\n\tApplication Name:\t\\device\\harddiskvolume1\\program files\\amazon\\cfn-bootstrap\\winhup.exe\n\nNetwork Information:\n\tDirection:\t\tOutbound\n\tSource Address:\t\t172.18.39.103\n\tSource Port:\t\t53270\n\tDestination Address:\t169.254.169.254\n\tDestination Port:\t\t80\n\tProtocol:\t\t6\n\nFilter Information:\n\tFilter Run-Time ID:\t67859\n\tLayer Name:\t\tConnect\n\tLayer Run-Time ID:\t48","ecs":{"version":"1.1.0"},"host":{"name":"WECServer"},"agent":{"hostname":"WECServer","id":"f8e32ecf-6ac8-4748-86ec-f026490623c4","version":"7.4.0","type":"winlogbeat","ephemeral_id":"df5ad137-6594-4bd7-a3eb-e0eda670370c"}}
{"@timestamp":"2019-10-28T02:32:11.218Z","@metadata":{"beat":"winlogbeat","type":"_doc","version":"7.4.0","topic":"winlogbeat"},"event":{"created":"2019-10-28T02:32:13.798Z","kind":"event","code":5158,"action":"Filtering Platform Connection"},"agent":{"version":"7.4.0","type":"winlogbeat","ephemeral_id":"df5ad137-6594-4bd7-a3eb-e0eda670370c","hostname":"WECServer","id":"f8e32ecf-6ac8-4748-86ec-f026490623c4"},"ecs":{"version":"1.1.0"},"host":{"name":"WECServer"},"log":{"level":"information"},"message":"The Windows Filtering Platform has permitted a bind to a local port.\n\nApplication Information:\n\tProcess ID:\t\t1368\n\tApplication Name:\t\\device\\harddiskvolume1\\windows\\system32\\svchost.exe\n\nNetwork Information:\n\tSource Address:\t\t::\n\tSource Port:\t\t50986\n\tProtocol:\t\t17\n\nFilter Information:\n\tFilter Run-Time ID:\t0\n\tLayer Name:\t\tResource Assignment\n\tLayer Run-Time ID:\t36","winlog":{"channel":"Security","event_id":5158,"task":"Filtering Platform Connection","computer_name":"FILE001.shire.com","opcode":"Info","provider_guid":"{54849625-5478-4994-a5ba-3e3b0328c30d}","event_data":{"SourceAddress":"::","SourcePort":"50986","Protocol":"17","FilterRTID":"0","LayerName":"%%14608","LayerRTID":"36","ProcessId":"1368","Application":"\\device\\harddiskvolume1\\windows\\system32\\svchost.exe"},"process":{"pid":4,"thread":{"id":1860}},"record_id":40583,"api":"wineventlog","keywords":["Audit Success"],"provider_name":"Microsoft-Windows-Security-Auditing"}}
{"@timestamp":"2019-10-28T02:32:11.218Z","@metadata":{"beat":"winlogbeat","type":"_doc","version":"7.4.0","topic":"winlogbeat"},"agent":{"ephemeral_id":"df5ad137-6594-4bd7-a3eb-e0eda670370c","hostname":"WECServer","id":"f8e32ecf-6ac8-4748-86ec-f026490623c4","version":"7.4.0","type":"winlogbeat"},"log":{"level":"information"},"message":"The Windows Filtering Platform has permitted a bind to a local port.\n\nApplication Information:\n\tProcess ID:\t\t1368\n\tApplication Name:\t\\device\\harddiskvolume1\\windows\\system32\\svchost.exe\n\nNetwork Information:\n\tSource Address:\t\t::\n\tSource Port:\t\t50986\n\tProtocol:\t\t17\n\nFilter Information:\n\tFilter Run-Time ID:\t0\n\tLayer Name:\t\tResource Assignment\n\tLayer Run-Time ID:\t38","winlog":{"keywords":["Audit Success"],"opcode":"Info","provider_guid":"{54849625-5478-4994-a5ba-3e3b0328c30d}","provider_name":"Microsoft-Windows-Security-Auditing","api":"wineventlog","task":"Filtering Platform Connection","process":{"pid":4,"thread":{"id":1860}},"event_data":{"Application":"\\device\\harddiskvolume1\\windows\\system32\\svchost.exe","SourceAddress":"::","SourcePort":"50986","Protocol":"17","FilterRTID":"0","LayerName":"%%14608","LayerRTID":"38","ProcessId":"1368"},"computer_name":"FILE001.shire.com","channel":"Security","event_id":5158,"record_id":40584},"event":{"created":"2019-10-28T02:32:13.798Z","kind":"event","code":5158,"action":"Filtering Platform Connection"},"ecs":{"version":"1.1.0"},"host":{"name":"WECServer"}}
{"@timestamp":"2019-10-28T02:32:11.218Z","@metadata":{"beat":"winlogbeat","type":"_doc","version":"7.4.0","topic":"winlogbeat"},"ecs":{"version":"1.1.0"},"host":{"name":"WECServer"},"agent":{"id":"f8e32ecf-6ac8-4748-86ec-f026490623c4","version":"7.4.0","type":"winlogbeat","ephemeral_id":"df5ad137-6594-4bd7-a3eb-e0eda670370c","hostname":"WECServer"},"event":{"kind":"event","code":5156,"action":"Filtering Platform Connection","created":"2019-10-28T02:32:13.798Z"},"log":{"level":"information"},"message":"The Windows Filtering Platform has permitted a connection.\n\nApplication Information:\n\tProcess ID:\t\t1368\n\tApplication Name:\t\\device\\harddiskvolume1\\windows\\system32\\svchost.exe\n\nNetwork Information:\n\tDirection:\t\tOutbound\n\tSource Address:\t\t172.18.39.103\n\tSource Port:\t\t50986\n\tDestination Address:\t172.18.39.5\n\tDestination Port:\t\t53\n\tProtocol:\t\t17\n\nFilter Information:\n\tFilter Run-Time ID:\t67859\n\tLayer Name:\t\tConnect\n\tLayer Run-Time ID:\t48","winlog":{"computer_name":"FILE001.shire.com","provider_guid":"{54849625-5478-4994-a5ba-3e3b0328c30d}","keywords":["Audit Success"],"opcode":"Info","channel":"Security","task":"Filtering Platform Connection","api":"wineventlog","event_id":5156,"provider_name":"Microsoft-Windows-Security-Auditing","version":1,"event_data":{"LayerName":"%%14611","LayerRTID":"48","FilterRTID":"67859","RemoteUserID":"S-1-0-0","SourceAddress":"172.18.39.103","SourcePort":"50986","DestAddress":"172.18.39.5","ProcessID":"1368","Protocol":"17","RemoteMachineID":"S-1-0-0","DestPort":"53","Application":"\\device\\harddiskvolume1\\windows\\system32\\svchost.exe","Direction":"%%14593"},"record_id":40585,"process":{"pid":4,"thread":{"id":1860}}}}
{"@timestamp":"2019-10-28T02:32:11.221Z","@metadata":{"beat":"winlogbeat","type":"_doc","version":"7.4.0","topic":"winlogbeat"},"ecs":{"version":"1.1.0"},"host":{"name":"WECServer"},"agent":{"type":"winlogbeat","ephemeral_id":"df5ad137-6594-4bd7-a3eb-e0eda670370c","hostname":"WECServer","id":"f8e32ecf-6ac8-4748-86ec-f026490623c4","version":"7.4.0"},"event":{"action":"Filtering Platform Connection","created":"2019-10-28T02:32:13.798Z","kind":"event","code":5158},"log":{"level":"information"},"message":"The Windows Filtering Platform has permitted a bind to a local port.\n\nApplication Information:\n\tProcess ID:\t\t2680\n\tApplication Name:\t\\device\\harddiskvolume1\\program files\\amazon\\cfn-bootstrap\\winhup.exe\n\nNetwork Information:\n\tSource Address:\t\t0.0.0.0\n\tSource Port:\t\t53271\n\tProtocol:\t\t6\n\nFilter Information:\n\tFilter Run-Time ID:\t0\n\tLayer Name:\t\tResource Assignment\n\tLayer Run-Time ID:\t36","winlog":{"opcode":"Info","keywords":["Audit Success"],"provider_guid":"{54849625-5478-4994-a5ba-3e3b0328c30d}","api":"wineventlog","computer_name":"FILE001.shire.com","process":{"pid":4,"thread":{"id":1860}},"event_id":5158,"provider_name":"Microsoft-Windows-Security-Auditing","task":"Filtering Platform Connection","event_data":{"SourcePort":"53271","Protocol":"6","FilterRTID":"0","LayerName":"%%14608","LayerRTID":"36","ProcessId":"2680","Application":"\\device\\harddiskvolume1\\program files\\amazon\\cfn-bootstrap\\winhup.exe","SourceAddress":"0.0.0.0"},"channel":"Security","record_id":40586}}
{"@timestamp":"2019-10-28T02:32:11.221Z","@metadata":{"beat":"winlogbeat","type":"_doc","version":"7.4.0","topic":"winlogbeat"},"host":{"name":"WECServer"},"winlog":{"event_data":{"ProcessID":"2680","FilterRTID":"67859","DestPort":"443","RemoteUserID":"S-1-0-0","SourcePort":"53271","DestAddress":"54.239.29.24","LayerName":"%%14611","Application":"\\device\\harddiskvolume1\\program files\\amazon\\cfn-bootstrap\\winhup.exe","Protocol":"6","LayerRTID":"48","Direction":"%%14593","SourceAddress":"172.18.39.103","RemoteMachineID":"S-1-0-0"},"provider_name":"Microsoft-Windows-Security-Auditing","channel":"Security","provider_guid":"{54849625-5478-4994-a5ba-3e3b0328c30d}","opcode":"Info","event_id":5156,"record_id":40587,"keywords":["Audit Success"],"version":1,"task":"Filtering Platform Connection","api":"wineventlog","computer_name":"FILE001.shire.com","process":{"thread":{"id":1860},"pid":4}},"event":{"kind":"event","code":5156,"action":"Filtering Platform Connection","created":"2019-10-28T02:32:13.798Z"},"log":{"level":"information"},"message":"The Windows Filtering Platform has permitted a connection.\n\nApplication Information:\n\tProcess ID:\t\t2680\n\tApplication Name:\t\\device\\harddiskvolume1\\program files\\amazon\\cfn-bootstrap\\winhup.exe\n\nNetwork Information:\n\tDirection:\t\tOutbound\n\tSource Address:\t\t172.18.39.103\n\tSource Port:\t\t53271\n\tDestination Address:\t54.239.29.24\n\tDestination Port:\t\t443\n\tProtocol:\t\t6\n\nFilter Information:\n\tFilter Run-Time ID:\t67859\n\tLayer Name:\t\tConnect\n\tLayer Run-Time ID:\t48","agent":{"hostname":"WECServer","id":"f8e32ecf-6ac8-4748-86ec-f026490623c4","version":"7.4.0","type":"winlogbeat","ephemeral_id":"df5ad137-6594-4bd7-a3eb-e0eda670370c"},"ecs":{"version":"1.1.0"}}
{"@timestamp":"2019-10-28T02:32:11.302Z","@metadata":{"beat":"winlogbeat","type":"_doc","version":"7.4.0","topic":"winlogbeat"},"event":{"kind":"event","code":11,"action":"File created (rule: FileCreate)","created":"2019-10-28T02:32:13.798Z"},"log":{"level":"information"},"message":"File created:\nRuleName: \nUtcTime: 2019-10-28 02:32:11.301\nProcessGuid: {37dc4fc9-a33d-5db5-0000-0010cb950100}\nProcessId: 2680\nImage: C:\\Program Files\\Amazon\\cfn-bootstrap\\winhup.exe\nTargetFilename: C:\\cfn\\cfn-hup\\data\\metadata_db.json\nCreationUtcTime: 2019-10-27 13:59:55.218","ecs":{"version":"1.1.0"},"host":{"name":"WECServer"},"agent":{"ephemeral_id":"df5ad137-6594-4bd7-a3eb-e0eda670370c","hostname":"WECServer","id":"f8e32ecf-6ac8-4748-86ec-f026490623c4","version":"7.4.0","type":"winlogbeat"},"winlog":{"version":2,"event_id":11,"record_id":147805,"task":"File created (rule: FileCreate)","computer_name":"FILE001.shire.com","opcode":"Info","process":{"pid":2756,"thread":{"id":3320}},"channel":"Microsoft-Windows-Sysmon/Operational","provider_name":"Microsoft-Windows-Sysmon","user":{"identifier":"S-1-5-18","name":"SYSTEM","domain":"NT AUTHORITY","type":"User"},"provider_guid":"{5770385f-c22a-43e0-bf4c-06f5698ffbd9}","event_data":{"TargetFilename":"C:\\cfn\\cfn-hup\\data\\metadata_db.json","CreationUtcTime":"2019-10-27 13:59:55.218","UtcTime":"2019-10-28 02:32:11.301","ProcessGuid":"{37dc4fc9-a33d-5db5-0000-0010cb950100}","ProcessId":"2680","Image":"C:\\Program Files\\Amazon\\cfn-bootstrap\\winhup.exe"},"api":"wineventlog"}}
{"@timestamp":"2019-10-28T02:32:12.225Z","@metadata":{"beat":"winlogbeat","type":"_doc","version":"7.4.0","topic":"winlogbeat"},"event":{"code":10,"action":"Process accessed (rule: ProcessAccess)","created":"2019-10-28T02:32:13.798Z","kind":"event"},"ecs":{"version":"1.1.0"},"host":{"name":"WECServer"},"agent":{"type":"winlogbeat","ephemeral_id":"df5ad137-6594-4bd7-a3eb-e0eda670370c","hostname":"WECServer","id":"f8e32ecf-6ac8-4748-86ec-f026490623c4","version":"7.4.0"},"log":{"level":"information"},"message":"Process accessed:\nRuleName: \nUtcTime: 2019-10-28 02:32:12.223\nSourceProcessGUID: {37dc4fc9-a33a-5db5-0000-0010d96e0000}\nSourceProcessId: 900\nSourceThreadId: 3584\nSourceImage: C:\\Windows\\system32\\svchost.exe\nTargetProcessGUID: {37dc4fc9-a33b-5db5-0000-0010fdf90000}\nTargetProcessId: 1452\nTargetImage: C:\\Windows\\System32\\svchost.exe\nGrantedAccess: 0x1000\nCallTrace: C:\\Windows\\SYSTEM32\\ntdll.dll+9fc24|C:\\Windows\\SYSTEM32\\psmserviceexthost.dll+12ae4|C:\\Windows\\SYSTEM32\\psmserviceexthost.dll+1295f|C:\\Windows\\SYSTEM32\\psmserviceexthost.dll+1260e|C:\\Windows\\SYSTEM32\\psmserviceexthost.dll+11e33|C:\\Windows\\SYSTEM32\\ntdll.dll+64db0|C:\\Windows\\SYSTEM32\\ntdll.dll+505c4|C:\\Windows\\System32\\KERNEL32.DLL+17974|C:\\Windows\\SYSTEM32\\ntdll.dll+6a271","winlog":{"record_id":147806,"provider_guid":"{5770385f-c22a-43e0-bf4c-06f5698ffbd9}","channel":"Microsoft-Windows-Sysmon/Operational","computer_name":"FILE001.shire.com","version":3,"process":{"pid":2756,"thread":{"id":3320}},"event_data":{"SourceProcessId":"900","TargetProcessGUID":"{37dc4fc9-a33b-5db5-0000-0010fdf90000}","GrantedAccess":"0x1000","CallTrace":"C:\\Windows\\SYSTEM32\\ntdll.dll+9fc24|C:\\Windows\\SYSTEM32\\psmserviceexthost.dll+12ae4|C:\\Windows\\SYSTEM32\\psmserviceexthost.dll+1295f|C:\\Windows\\SYSTEM32\\psmserviceexthost.dll+1260e|C:\\Windows\\SYSTEM32\\psmserviceexthost.dll+11e33|C:\\Windows\\SYSTEM32\\ntdll.dll+64db0|C:\\Windows\\SYSTEM32\\ntdll.dll+505c4|C:\\Windows\\System32\\KERNEL32.DLL+17974|C:\\Windows\\SYSTEM32\\ntdll.dll+6a271","SourceProcessGUID":"{37dc4fc9-a33a-5db5-0000-0010d96e0000}","SourceImage":"C:\\Windows\\system32\\svchost.exe","TargetImage":"C:\\Windows\\System32\\svchost.exe","UtcTime":"2019-10-28 02:32:12.223","TargetProcessId":"1452","SourceThreadId":"3584"},"event_id":10,"provider_name":"Microsoft-Windows-Sysmon","task":"Process accessed (rule: ProcessAccess)","api":"wineventlog","opcode":"Info","user":{"identifier":"S-1-5-18","name":"SYSTEM","domain":"NT AUTHORITY","type":"User"}}}
{"@timestamp":"2019-10-28T02:32:12.225Z","@metadata":{"beat":"winlogbeat","type":"_doc","version":"7.4.0","topic":"winlogbeat"},"host":{"name":"WECServer"},"event":{"kind":"event","code":10,"action":"Process accessed (rule: ProcessAccess)","created":"2019-10-28T02:32:13.798Z"},"log":{"level":"information"},"message":"Process accessed:\nRuleName: \nUtcTime: 2019-10-28 02:32:12.223\nSourceProcessGUID: {37dc4fc9-a33a-5db5-0000-0010d96e0000}\nSourceProcessId: 900\nSourceThreadId: 3584\nSourceImage: C:\\Windows\\system32\\svchost.exe\nTargetProcessGUID: {37dc4fc9-a33b-5db5-0000-0010fdf90000}\nTargetProcessId: 1452\nTargetImage: C:\\Windows\\System32\\svchost.exe\nGrantedAccess: 0x1000\nCallTrace: C:\\Windows\\SYSTEM32\\ntdll.dll+9fc24|C:\\Windows\\SYSTEM32\\psmserviceexthost.dll+12ae4|C:\\Windows\\SYSTEM32\\psmserviceexthost.dll+1295f|C:\\Windows\\SYSTEM32\\psmserviceexthost.dll+1260e|C:\\Windows\\SYSTEM32\\psmserviceexthost.dll+11e33|C:\\Windows\\SYSTEM32\\ntdll.dll+64db0|C:\\Windows\\SYSTEM32\\ntdll.dll+505c4|C:\\Windows\\System32\\KERNEL32.DLL+17974|C:\\Windows\\SYSTEM32\\ntdll.dll+6a271","winlog":{"computer_name":"FILE001.shire.com","process":{"pid":2756,"thread":{"id":3320}},"api":"wineventlog","channel":"Microsoft-Windows-Sysmon/Operational","provider_guid":"{5770385f-c22a-43e0-bf4c-06f5698ffbd9}","event_data":{"TargetProcessGUID":"{37dc4fc9-a33b-5db5-0000-0010fdf90000}","TargetImage":"C:\\Windows\\System32\\svchost.exe","SourceImage":"C:\\Windows\\system32\\svchost.exe","CallTrace":"C:\\Windows\\SYSTEM32\\ntdll.dll+9fc24|C:\\Windows\\SYSTEM32\\psmserviceexthost.dll+12ae4|C:\\Windows\\SYSTEM32\\psmserviceexthost.dll+1295f|C:\\Windows\\SYSTEM32\\psmserviceexthost.dll+1260e|C:\\Windows\\SYSTEM32\\psmserviceexthost.dll+11e33|C:\\Windows\\SYSTEM32\\ntdll.dll+64db0|C:\\Windows\\SYSTEM32\\ntdll.dll+505c4|C:\\Windows\\System32\\KERNEL32.DLL+17974|C:\\Windows\\SYSTEM32\\ntdll.dll+6a271","UtcTime":"2019-10-28 02:32:12.223","SourceThreadId":"3584","SourceProcessId":"900","TargetProcessId":"1452","GrantedAccess":"0x1000","SourceProcessGUID":"{37dc4fc9-a33a-5db5-0000-0010d96e0000}"},"user":{"identifier":"S-1-5-18","name":"SYSTEM","domain":"NT AUTHORITY","type":"User"},"event_id":10,"provider_name":"Microsoft-Windows-Sysmon","record_id":147807,"task":"Process accessed (rule: ProcessAccess)","opcode":"Info","version":3},"agent":{"ephemeral_id":"df5ad137-6594-4bd7-a3eb-e0eda670370c","hostname":"WECServer","id":"f8e32ecf-6ac8-4748-86ec-f026490623c4","version":"7.4.0","type":"winlogbeat"},"ecs":{"version":"1.1.0"}}
{"@timestamp":"2019-10-28T02:32:12.254Z","@metadata":{"beat":"winlogbeat","type":"_doc","version":"7.4.0","topic":"winlogbeat"},"winlog":{"provider_guid":"{5770385f-c22a-43e0-bf4c-06f5698ffbd9}","user":{"identifier":"S-1-5-18","name":"SYSTEM","domain":"NT AUTHORITY","type":"User"},"opcode":"Info","version":5,"process":{"pid":2756,"thread":{"id":3312}},"event_id":3,"event_data":{"SourceIsIpv6":"false","DestinationPort":"80","DestinationIp":"169.254.169.254","ProcessId":"2680","User":"NT AUTHORITY\\SYSTEM","ProcessGuid":"{37dc4fc9-a33d-5db5-0000-0010cb950100}","SourceHostname":"FILE001.shire.com","UtcTime":"2019-10-28 02:32:11.641","DestinationHostname":"instance-data.ec2.internal","Initiated":"true","SourcePort":"53269","DestinationIsIpv6":"false","SourceIp":"172.18.39.103","DestinationPortName":"http","Image":"C:\\Program Files\\Amazon\\cfn-bootstrap\\winhup.exe","Protocol":"tcp"},"record_id":147808,"task":"Network connection detected (rule: NetworkConnect)","provider_name":"Microsoft-Windows-Sysmon","api":"wineventlog","channel":"Microsoft-Windows-Sysmon/Operational","computer_name":"FILE001.shire.com"},"event":{"created":"2019-10-28T02:32:13.798Z","kind":"event","code":3,"action":"Network connection detected (rule: NetworkConnect)"},"log":{"level":"information"},"message":"Network connection detected:\nRuleName: \nUtcTime: 2019-10-28 02:32:11.641\nProcessGuid: {37dc4fc9-a33d-5db5-0000-0010cb950100}\nProcessId: 2680\nImage: C:\\Program Files\\Amazon\\cfn-bootstrap\\winhup.exe\nUser: NT AUTHORITY\\SYSTEM\nProtocol: tcp\nInitiated: true\nSourceIsIpv6: false\nSourceIp: 172.18.39.103\nSourceHostname: FILE001.shire.com\nSourcePort: 53269\nSourcePortName: \nDestinationIsIpv6: false\nDestinationIp: 169.254.169.254\nDestinationHostname: instance-data.ec2.internal\nDestinationPort: 80\nDestinationPortName: http","ecs":{"version":"1.1.0"},"host":{"name":"WECServer"},"agent":{"id":"f8e32ecf-6ac8-4748-86ec-f026490623c4","version":"7.4.0","type":"winlogbeat","ephemeral_id":"df5ad137-6594-4bd7-a3eb-e0eda670370c","hostname":"WECServer"}}
{"@timestamp":"2019-10-28T02:32:12.254Z","@metadata":{"beat":"winlogbeat","type":"_doc","version":"7.4.0","topic":"winlogbeat"},"agent":{"hostname":"WECServer","id":"f8e32ecf-6ac8-4748-86ec-f026490623c4","version":"7.4.0","type":"winlogbeat","ephemeral_id":"df5ad137-6594-4bd7-a3eb-e0eda670370c"},"winlog":{"version":5,"task":"Network connection detected (rule: NetworkConnect)","process":{"thread":{"id":3312},"pid":2756},"user":{"identifier":"S-1-5-18","name":"SYSTEM","domain":"NT AUTHORITY","type":"User"},"record_id":147809,"opcode":"Info","provider_name":"Microsoft-Windows-Sysmon","computer_name":"FILE001.shire.com","provider_guid":"{5770385f-c22a-43e0-bf4c-06f5698ffbd9}","event_data":{"UtcTime":"2019-10-28 02:32:11.644","DestinationPortName":"http","ProcessId":"2680","Image":"C:\\Program Files\\Amazon\\cfn-bootstrap\\winhup.exe","ProcessGuid":"{37dc4fc9-a33d-5db5-0000-0010cb950100}","DestinationHostname":"instance-data.ec2.internal","DestinationIsIpv6":"false","Initiated":"true","DestinationIp":"169.254.169.254","DestinationPort":"80","Protocol":"tcp","SourceIp":"172.18.39.103","SourceHostname":"FILE001.shire.com","SourceIsIpv6":"false","SourcePort":"53270","User":"NT AUTHORITY\\SYSTEM"},"channel":"Microsoft-Windows-Sysmon/Operational","event_id":3,"api":"wineventlog"},"event":{"action":"Network connection detected (rule: NetworkConnect)","created":"2019-10-28T02:32:13.798Z","kind":"event","code":3},"log":{"level":"information"},"message":"Network connection detected:\nRuleName: \nUtcTime: 2019-10-28 02:32:11.644\nProcessGuid: {37dc4fc9-a33d-5db5-0000-0010cb950100}\nProcessId: 2680\nImage: C:\\Program Files\\Amazon\\cfn-bootstrap\\winhup.exe\nUser: NT AUTHORITY\\SYSTEM\nProtocol: tcp\nInitiated: true\nSourceIsIpv6: false\nSourceIp: 172.18.39.103\nSourceHostname: FILE001.shire.com\nSourcePort: 53270\nSourcePortName: \nDestinationIsIpv6: false\nDestinationIp: 169.254.169.254\nDestinationHostname: instance-data.ec2.internal\nDestinationPort: 80\nDestinationPortName: http","ecs":{"version":"1.1.0"},"host":{"name":"WECServer"}}
{"@timestamp":"2019-10-28T02:32:12.110Z","@metadata":{"beat":"winlogbeat","type":"_doc","version":"7.4.0","topic":"winlogbeat"},"winlog":{"user":{"identifier":"S-1-5-18","name":"SYSTEM","domain":"NT AUTHORITY","type":"User"},"event_id":3,"provider_guid":"{5770385f-c22a-43e0-bf4c-06f5698ffbd9}","event_data":{"SourcePortName":"domain","ProcessId":"3060","Image":"C:\\Windows\\System32\\dns.exe","SourceIsIpv6":"false","SourceIp":"172.18.39.5","SourcePort":"53","Initiated":"false","DestinationIsIpv6":"false","User":"NT AUTHORITY\\SYSTEM","ProcessGuid":"{962923ac-a0f3-5db5-0000-001068030200}","SourceHostname":"HFDC01.shire.com","DestinationIp":"172.18.39.103","DestinationHostname":"ip-172-18-39-103.ec2.internal","UtcTime":"2019-10-28 02:32:10.886","DestinationPort":"50986","Protocol":"udp"},"provider_name":"Microsoft-Windows-Sysmon","api":"wineventlog","opcode":"Info","process":{"pid":2044,"thread":{"id":3636}},"computer_name":"HFDC01.shire.com","version":5,"channel":"Microsoft-Windows-Sysmon/Operational","record_id":222775,"task":"Network connection detected (rule: NetworkConnect)"},"event":{"kind":"event","code":3,"action":"Network connection detected (rule: NetworkConnect)","created":"2019-10-28T02:32:14.809Z"},"log":{"level":"information"},"message":"Network connection detected:\nRuleName: \nUtcTime: 2019-10-28 02:32:10.886\nProcessGuid: {962923ac-a0f3-5db5-0000-001068030200}\nProcessId: 3060\nImage: C:\\Windows\\System32\\dns.exe\nUser: NT AUTHORITY\\SYSTEM\nProtocol: udp\nInitiated: false\nSourceIsIpv6: false\nSourceIp: 172.18.39.5\nSourceHostname: HFDC01.shire.com\nSourcePort: 53\nSourcePortName: domain\nDestinationIsIpv6: false\nDestinationIp: 172.18.39.103\nDestinationHostname: ip-172-18-39-103.ec2.internal\nDestinationPort: 50986\nDestinationPortName: ","ecs":{"version":"1.1.0"},"host":{"name":"WECServer"},"agent":{"version":"7.4.0","type":"winlogbeat","ephemeral_id":"df5ad137-6594-4bd7-a3eb-e0eda670370c","hostname":"WECServer","id":"f8e32ecf-6ac8-4748-86ec-f026490623c4"}}
{"@timestamp":"2019-10-28T02:32:12.175Z","@metadata":{"beat":"winlogbeat","type":"_doc","version":"7.4.0","topic":"winlogbeat"},"winlog":{"provider_guid":"{5770385f-c22a-43e0-bf4c-06f5698ffbd9}","event_id":10,"api":"wineventlog","user":{"identifier":"S-1-5-18","name":"SYSTEM","domain":"NT AUTHORITY","type":"User"},"version":3,"process":{"thread":{"id":5108},"pid":3208},"computer_name":"ACCT001.shire.com","opcode":"Info","event_data":{"SourceProcessId":"5616","SourceThreadId":"8268","TargetProcessId":"2648","UtcTime":"2019-10-28 02:32:12.173","SourceProcessGUID":"{a158f72c-a3a1-5db5-0000-0010e67e0800}","TargetProcessGUID":"{a158f72c-3a3a-5db6-0000-001026ad8900}","GrantedAccess":"0x2000","CallTrace":"C:\\Windows\\SYSTEM32\\ntdll.dll+9c524|C:\\Windows\\System32\\KERNELBASE.dll+2730e|C:\\Windows\\system32\\twinui.dll+72169|C:\\Windows\\SYSTEM32\\ntdll.dll+30739|C:\\Windows\\SYSTEM32\\ntdll.dll+345c4|C:\\Windows\\System32\\KERNEL32.DLL+17944|C:\\Windows\\SYSTEM32\\ntdll.dll+6ce71","SourceImage":"C:\\Windows\\Explorer.EXE","TargetImage":"C:\\Windows\\SystemApps\\InputApp_cw5n1h2txyewy\\WindowsInternal.ComposableShell.Experiences.TextInput.InputApp.exe"},"task":"Process accessed (rule: ProcessAccess)","channel":"Microsoft-Windows-Sysmon/Operational","provider_name":"Microsoft-Windows-Sysmon","record_id":271910},"event":{"kind":"event","code":10,"action":"Process accessed (rule: ProcessAccess)","created":"2019-10-28T02:32:14.809Z"},"ecs":{"version":"1.1.0"},"host":{"name":"WECServer"},"agent":{"hostname":"WECServer","id":"f8e32ecf-6ac8-4748-86ec-f026490623c4","version":"7.4.0","type":"winlogbeat","ephemeral_id":"df5ad137-6594-4bd7-a3eb-e0eda670370c"},"log":{"level":"information"},"message":"Process accessed:\nRuleName: \nUtcTime: 2019-10-28 02:32:12.173\nSourceProcessGUID: {a158f72c-a3a1-5db5-0000-0010e67e0800}\nSourceProcessId: 5616\nSourceThreadId: 8268\nSourceImage: C:\\Windows\\Explorer.EXE\nTargetProcessGUID: {a158f72c-3a3a-5db6-0000-001026ad8900}\nTargetProcessId: 2648\nTargetImage: C:\\Windows\\SystemApps\\InputApp_cw5n1h2txyewy\\WindowsInternal.ComposableShell.Experiences.TextInput.InputApp.exe\nGrantedAccess: 0x2000\nCallTrace: C:\\Windows\\SYSTEM32\\ntdll.dll+9c524|C:\\Windows\\System32\\KERNELBASE.dll+2730e|C:\\Windows\\system32\\twinui.dll+72169|C:\\Windows\\SYSTEM32\\ntdll.dll+30739|C:\\Windows\\SYSTEM32\\ntdll.dll+345c4|C:\\Windows\\System32\\KERNEL32.DLL+17944|C:\\Windows\\SYSTEM32\\ntdll.dll+6ce71"}
{"@timestamp":"2019-10-28T02:32:12.175Z","@metadata":{"beat":"winlogbeat","type":"_doc","version":"7.4.0","topic":"winlogbeat"},"event":{"code":10,"action":"Process accessed (rule: ProcessAccess)","created":"2019-10-28T02:32:14.809Z","kind":"event"},"log":{"level":"information"},"message":"Process accessed:\nRuleName: \nUtcTime: 2019-10-28 02:32:12.173\nSourceProcessGUID: {a158f72c-a3a1-5db5-0000-0010e67e0800}\nSourceProcessId: 5616\nSourceThreadId: 8268\nSourceImage: C:\\Windows\\Explorer.EXE\nTargetProcessGUID: {a158f72c-a3a9-5db5-0000-0010edc60a00}\nTargetProcessId: 6164\nTargetImage: C:\\Windows\\SystemApps\\Microsoft.Windows.Cortana_cw5n1h2txyewy\\SearchUI.exe\nGrantedAccess: 0x2000\nCallTrace: C:\\Windows\\SYSTEM32\\ntdll.dll+9c524|C:\\Windows\\System32\\KERNELBASE.dll+2730e|C:\\Windows\\system32\\twinui.dll+72169|C:\\Windows\\SYSTEM32\\ntdll.dll+30739|C:\\Windows\\SYSTEM32\\ntdll.dll+345c4|C:\\Windows\\System32\\KERNEL32.DLL+17944|C:\\Windows\\SYSTEM32\\ntdll.dll+6ce71","ecs":{"version":"1.1.0"},"host":{"name":"WECServer"},"agent":{"type":"winlogbeat","ephemeral_id":"df5ad137-6594-4bd7-a3eb-e0eda670370c","hostname":"WECServer","id":"f8e32ecf-6ac8-4748-86ec-f026490623c4","version":"7.4.0"},"winlog":{"version":3,"event_id":10,"user":{"identifier":"S-1-5-18","name":"SYSTEM","domain":"NT AUTHORITY","type":"User"},"channel":"Microsoft-Windows-Sysmon/Operational","provider_name":"Microsoft-Windows-Sysmon","opcode":"Info","record_id":271911,"task":"Process accessed (rule: ProcessAccess)","api":"wineventlog","computer_name":"ACCT001.shire.com","process":{"pid":3208,"thread":{"id":5108}},"event_data":{"SourceImage":"C:\\Windows\\Explorer.EXE","TargetImage":"C:\\Windows\\SystemApps\\Microsoft.Windows.Cortana_cw5n1h2txyewy\\SearchUI.exe","SourceProcessGUID":"{a158f72c-a3a1-5db5-0000-0010e67e0800}","SourceProcessId":"5616","SourceThreadId":"8268","CallTrace":"C:\\Windows\\SYSTEM32\\ntdll.dll+9c524|C:\\Windows\\System32\\KERNELBASE.dll+2730e|C:\\Windows\\system32\\twinui.dll+72169|C:\\Windows\\SYSTEM32\\ntdll.dll+30739|C:\\Windows\\SYSTEM32\\ntdll.dll+345c4|C:\\Windows\\System32\\KERNEL32.DLL+17944|C:\\Windows\\SYSTEM32\\ntdll.dll+6ce71","UtcTime":"2019-10-28 02:32:12.173","TargetProcessGUID":"{a158f72c-a3a9-5db5-0000-0010edc60a00}","GrantedAccess":"0x2000","TargetProcessId":"6164"},"provider_guid":"{5770385f-c22a-43e0-bf4c-06f5698ffbd9}"}}
{"@timestamp":"2019-10-28T02:32:12.175Z","@metadata":{"beat":"winlogbeat","type":"_doc","version":"7.4.0","topic":"winlogbeat"},"ecs":{"version":"1.1.0"},"host":{"name":"WECServer"},"winlog":{"record_id":271912,"provider_guid":"{5770385f-c22a-43e0-bf4c-06f5698ffbd9}","version":3,"process":{"pid":3208,"thread":{"id":5108}},"api":"wineventlog","opcode":"Info","event_id":10,"provider_name":"Microsoft-Windows-Sysmon","user":{"domain":"NT AUTHORITY","type":"User","identifier":"S-1-5-18","name":"SYSTEM"},"task":"Process accessed (rule: ProcessAccess)","computer_name":"ACCT001.shire.com","channel":"Microsoft-Windows-Sysmon/Operational","event_data":{"GrantedAccess":"0x2000","SourceProcessGUID":"{a158f72c-a3a1-5db5-0000-0010e67e0800}","SourceProcessId":"5616","CallTrace":"C:\\Windows\\SYSTEM32\\ntdll.dll+9c524|C:\\Windows\\System32\\KERNELBASE.dll+2730e|C:\\Windows\\system32\\twinui.dll+72169|C:\\Windows\\SYSTEM32\\ntdll.dll+30739|C:\\Windows\\SYSTEM32\\ntdll.dll+345c4|C:\\Windows\\System32\\KERNEL32.DLL+17944|C:\\Windows\\SYSTEM32\\ntdll.dll+6ce71","SourceThreadId":"8268","SourceImage":"C:\\Windows\\Explorer.EXE","TargetProcessId":"5528","TargetImage":"C:\\Windows\\SystemApps\\Microsoft.Windows.StartMenuExperienceHost_cw5n1h2txyewy\\StartMenuExperienceHost.exe","UtcTime":"2019-10-28 02:32:12.173","TargetProcessGUID":"{a158f72c-a3a8-5db5-0000-00104f790a00}"}},"event":{"kind":"event","code":10,"action":"Process accessed (rule: ProcessAccess)","created":"2019-10-28T02:32:14.809Z"},"log":{"level":"information"},"message":"Process accessed:\nRuleName: \nUtcTime: 2019-10-28 02:32:12.173\nSourceProcessGUID: {a158f72c-a3a1-5db5-0000-0010e67e0800}\nSourceProcessId: 5616\nSourceThreadId: 8268\nSourceImage: C:\\Windows\\Explorer.EXE\nTargetProcessGUID: {a158f72c-a3a8-5db5-0000-00104f790a00}\nTargetProcessId: 5528\nTargetImage: C:\\Windows\\SystemApps\\Microsoft.Windows.StartMenuExperienceHost_cw5n1h2txyewy\\StartMenuExperienceHost.exe\nGrantedAccess: 0x2000\nCallTrace: C:\\Windows\\SYSTEM32\\ntdll.dll+9c524|C:\\Windows\\System32\\KERNELBASE.dll+2730e|C:\\Windows\\system32\\twinui.dll+72169|C:\\Windows\\SYSTEM32\\ntdll.dll+30739|C:\\Windows\\SYSTEM32\\ntdll.dll+345c4|C:\\Windows\\System32\\KERNEL32.DLL+17944|C:\\Windows\\SYSTEM32\\ntdll.dll+6ce71","agent":{"id":"f8e32ecf-6ac8-4748-86ec-f026490623c4","version":"7.4.0","type":"winlogbeat","ephemeral_id":"df5ad137-6594-4bd7-a3eb-e0eda670370c","hostname":"WECServer"}}
{"@timestamp":"2019-10-28T02:32:12.175Z","@metadata":{"beat":"winlogbeat","type":"_doc","version":"7.4.0","topic":"winlogbeat"},"host":{"name":"WECServer"},"message":"Process accessed:\nRuleName: \nUtcTime: 2019-10-28 02:32:12.173\nSourceProcessGUID: {a158f72c-a3a1-5db5-0000-0010e67e0800}\nSourceProcessId: 5616\nSourceThreadId: 8268\nSourceImage: C:\\Windows\\Explorer.EXE\nTargetProcessGUID: {a158f72c-5213-5db6-0000-00107366ae00}\nTargetProcessId: 6488\nTargetImage: C:\\Windows\\System32\\MicrosoftEdgeCP.exe\nGrantedAccess: 0x2000\nCallTrace: C:\\Windows\\SYSTEM32\\ntdll.dll+9c524|C:\\Windows\\System32\\KERNELBASE.dll+2730e|C:\\Windows\\system32\\twinui.dll+72169|C:\\Windows\\SYSTEM32\\ntdll.dll+30739|C:\\Windows\\SYSTEM32\\ntdll.dll+345c4|C:\\Windows\\System32\\KERNEL32.DLL+17944|C:\\Windows\\SYSTEM32\\ntdll.dll+6ce71","winlog":{"process":{"thread":{"id":5108},"pid":3208},"record_id":271913,"task":"Process accessed (rule: ProcessAccess)","opcode":"Info","event_data":{"SourceProcessId":"5616","TargetProcessGUID":"{a158f72c-5213-5db6-0000-00107366ae00}","SourceProcessGUID":"{a158f72c-a3a1-5db5-0000-0010e67e0800}","TargetProcessId":"6488","UtcTime":"2019-10-28 02:32:12.173","SourceThreadId":"8268","GrantedAccess":"0x2000","CallTrace":"C:\\Windows\\SYSTEM32\\ntdll.dll+9c524|C:\\Windows\\System32\\KERNELBASE.dll+2730e|C:\\Windows\\system32\\twinui.dll+72169|C:\\Windows\\SYSTEM32\\ntdll.dll+30739|C:\\Windows\\SYSTEM32\\ntdll.dll+345c4|C:\\Windows\\System32\\KERNEL32.DLL+17944|C:\\Windows\\SYSTEM32\\ntdll.dll+6ce71","SourceImage":"C:\\Windows\\Explorer.EXE","TargetImage":"C:\\Windows\\System32\\MicrosoftEdgeCP.exe"},"channel":"Microsoft-Windows-Sysmon/Operational","event_id":10,"computer_name":"ACCT001.shire.com","version":3,"provider_name":"Microsoft-Windows-Sysmon","api":"wineventlog","provider_guid":"{5770385f-c22a-43e0-bf4c-06f5698ffbd9}","user":{"identifier":"S-1-5-18","name":"SYSTEM","domain":"NT AUTHORITY","type":"User"}},"event":{"kind":"event","code":10,"action":"Process accessed (rule: ProcessAccess)","created":"2019-10-28T02:32:14.809Z"},"log":{"level":"information"},"agent":{"ephemeral_id":"df5ad137-6594-4bd7-a3eb-e0eda670370c","hostname":"WECServer","id":"f8e32ecf-6ac8-4748-86ec-f026490623c4","version":"7.4.0","type":"winlogbeat"},"ecs":{"version":"1.1.0"}}
{"@timestamp":"2019-10-28T02:32:12.175Z","@metadata":{"beat":"winlogbeat","type":"_doc","version":"7.4.0","topic":"winlogbeat"},"winlog":{"provider_name":"Microsoft-Windows-Sysmon","api":"wineventlog","computer_name":"ACCT001.shire.com","event_id":10,"user":{"domain":"NT AUTHORITY","type":"User","identifier":"S-1-5-18","name":"SYSTEM"},"version":3,"task":"Process accessed (rule: ProcessAccess)","provider_guid":"{5770385f-c22a-43e0-bf4c-06f5698ffbd9}","process":{"pid":3208,"thread":{"id":5108}},"event_data":{"TargetProcessId":"5864","CallTrace":"C:\\Windows\\SYSTEM32\\ntdll.dll+9c524|C:\\Windows\\System32\\KERNELBASE.dll+2730e|C:\\Windows\\system32\\twinui.dll+72169|C:\\Windows\\SYSTEM32\\ntdll.dll+30739|C:\\Windows\\SYSTEM32\\ntdll.dll+345c4|C:\\Windows\\System32\\KERNEL32.DLL+17944|C:\\Windows\\SYSTEM32\\ntdll.dll+6ce71","TargetProcessGUID":"{a158f72c-5212-5db6-0000-0010872dae00}","TargetImage":"C:\\Windows\\SystemApps\\Microsoft.MicrosoftEdge_8wekyb3d8bbwe\\MicrosoftEdge.exe","GrantedAccess":"0x2000","SourceImage":"C:\\Windows\\Explorer.EXE","SourceProcessGUID":"{a158f72c-a3a1-5db5-0000-0010e67e0800}","SourceProcessId":"5616","SourceThreadId":"8268","UtcTime":"2019-10-28 02:32:12.173"},"opcode":"Info","channel":"Microsoft-Windows-Sysmon/Operational","record_id":271914},"ecs":{"version":"1.1.0"},"host":{"name":"WECServer"},"agent":{"ephemeral_id":"df5ad137-6594-4bd7-a3eb-e0eda670370c","hostname":"WECServer","id":"f8e32ecf-6ac8-4748-86ec-f026490623c4","version":"7.4.0","type":"winlogbeat"},"event":{"created":"2019-10-28T02:32:14.809Z","kind":"event","code":10,"action":"Process accessed (rule: ProcessAccess)"},"log":{"level":"information"},"message":"Process accessed:\nRuleName: \nUtcTime: 2019-10-28 02:32:12.173\nSourceProcessGUID: {a158f72c-a3a1-5db5-0000-0010e67e0800}\nSourceProcessId: 5616\nSourceThreadId: 8268\nSourceImage: C:\\Windows\\Explorer.EXE\nTargetProcessGUID: {a158f72c-5212-5db6-0000-0010872dae00}\nTargetProcessId: 5864\nTargetImage: C:\\Windows\\SystemApps\\Microsoft.MicrosoftEdge_8wekyb3d8bbwe\\MicrosoftEdge.exe\nGrantedAccess: 0x2000\nCallTrace: C:\\Windows\\SYSTEM32\\ntdll.dll+9c524|C:\\Windows\\System32\\KERNELBASE.dll+2730e|C:\\Windows\\system32\\twinui.dll+72169|C:\\Windows\\SYSTEM32\\ntdll.dll+30739|C:\\Windows\\SYSTEM32\\ntdll.dll+345c4|C:\\Windows\\System32\\KERNEL32.DLL+17944|C:\\Windows\\SYSTEM32\\ntdll.dll+6ce71"}
{"@timestamp":"2019-10-28T02:32:12.175Z","@metadata":{"beat":"winlogbeat","type":"_doc","version":"7.4.0","topic":"winlogbeat"},"agent":{"hostname":"WECServer","id":"f8e32ecf-6ac8-4748-86ec-f026490623c4","version":"7.4.0","type":"winlogbeat","ephemeral_id":"df5ad137-6594-4bd7-a3eb-e0eda670370c"},"message":"Process accessed:\nRuleName: \nUtcTime: 2019-10-28 02:32:12.173\nSourceProcessGUID: {a158f72c-a3a1-5db5-0000-0010e67e0800}\nSourceProcessId: 5616\nSourceThreadId: 8268\nSourceImage: C:\\Windows\\Explorer.EXE\nTargetProcessGUID: {a158f72c-3a9b-5db6-0000-001001de8b00}\nTargetProcessId: 2780\nTargetImage: C:\\Windows\\System32\\WindowsPowerShell\\v1.0\\powershell.exe\nGrantedAccess: 0x2000\nCallTrace: C:\\Windows\\SYSTEM32\\ntdll.dll+9c524|C:\\Windows\\System32\\KERNELBASE.dll+2730e|C:\\Windows\\system32\\twinui.dll+72169|C:\\Windows\\SYSTEM32\\ntdll.dll+30739|C:\\Windows\\SYSTEM32\\ntdll.dll+345c4|C:\\Windows\\System32\\KERNEL32.DLL+17944|C:\\Windows\\SYSTEM32\\ntdll.dll+6ce71","winlog":{"process":{"pid":3208,"thread":{"id":5108}},"user":{"type":"User","identifier":"S-1-5-18","name":"SYSTEM","domain":"NT AUTHORITY"},"event_id":10,"record_id":271915,"version":3,"channel":"Microsoft-Windows-Sysmon/Operational","task":"Process accessed (rule: ProcessAccess)","computer_name":"ACCT001.shire.com","event_data":{"TargetProcessGUID":"{a158f72c-3a9b-5db6-0000-001001de8b00}","GrantedAccess":"0x2000","SourceProcessGUID":"{a158f72c-a3a1-5db5-0000-0010e67e0800}","CallTrace":"C:\\Windows\\SYSTEM32\\ntdll.dll+9c524|C:\\Windows\\System32\\KERNELBASE.dll+2730e|C:\\Windows\\system32\\twinui.dll+72169|C:\\Windows\\SYSTEM32\\ntdll.dll+30739|C:\\Windows\\SYSTEM32\\ntdll.dll+345c4|C:\\Windows\\System32\\KERNEL32.DLL+17944|C:\\Windows\\SYSTEM32\\ntdll.dll+6ce71","TargetProcessId":"2780","TargetImage":"C:\\Windows\\System32\\WindowsPowerShell\\v1.0\\powershell.exe","SourceProcessId":"5616","SourceThreadId":"8268","UtcTime":"2019-10-28 02:32:12.173","SourceImage":"C:\\Windows\\Explorer.EXE"},"api":"wineventlog","provider_guid":"{5770385f-c22a-43e0-bf4c-06f5698ffbd9}","provider_name":"Microsoft-Windows-Sysmon","opcode":"Info"},"event":{"created":"2019-10-28T02:32:14.809Z","kind":"event","code":10,"action":"Process accessed (rule: ProcessAccess)"},"log":{"level":"information"},"ecs":{"version":"1.1.0"},"host":{"name":"WECServer"}}
{"@timestamp":"2019-10-28T02:32:12.176Z","@metadata":{"beat":"winlogbeat","type":"_doc","version":"7.4.0","topic":"winlogbeat"},"message":"Process accessed:\nRuleName: \nUtcTime: 2019-10-28 02:32:12.173\nSourceProcessGUID: {a158f72c-a3a1-5db5-0000-0010e67e0800}\nSourceProcessId: 5616\nSourceThreadId: 8268\nSourceImage: C:\\Windows\\Explorer.EXE\nTargetProcessGUID: {a158f72c-a4da-5db5-0000-0010022a3800}\nTargetProcessId: 4484\nTargetImage: C:\\Program Files\\WindowsApps\\Microsoft.WindowsStore_11811.1001.18.0_x64__8wekyb3d8bbwe\\WinStore.App.exe\nGrantedAccess: 0x2000\nCallTrace: C:\\Windows\\SYSTEM32\\ntdll.dll+9c524|C:\\Windows\\System32\\KERNELBASE.dll+2730e|C:\\Windows\\system32\\twinui.dll+72169|C:\\Windows\\SYSTEM32\\ntdll.dll+30739|C:\\Windows\\SYSTEM32\\ntdll.dll+345c4|C:\\Windows\\System32\\KERNEL32.DLL+17944|C:\\Windows\\SYSTEM32\\ntdll.dll+6ce71","ecs":{"version":"1.1.0"},"host":{"name":"WECServer"},"agent":{"id":"f8e32ecf-6ac8-4748-86ec-f026490623c4","version":"7.4.0","type":"winlogbeat","ephemeral_id":"df5ad137-6594-4bd7-a3eb-e0eda670370c","hostname":"WECServer"},"winlog":{"event_id":10,"provider_guid":"{5770385f-c22a-43e0-bf4c-06f5698ffbd9}","process":{"pid":3208,"thread":{"id":5108}},"user":{"domain":"NT AUTHORITY","type":"User","identifier":"S-1-5-18","name":"SYSTEM"},"computer_name":"ACCT001.shire.com","version":3,"provider_name":"Microsoft-Windows-Sysmon","record_id":271916,"task":"Process accessed (rule: ProcessAccess)","api":"wineventlog","opcode":"Info","channel":"Microsoft-Windows-Sysmon/Operational","event_data":{"SourceProcessId":"5616","SourceImage":"C:\\Windows\\Explorer.EXE","CallTrace":"C:\\Windows\\SYSTEM32\\ntdll.dll+9c524|C:\\Windows\\System32\\KERNELBASE.dll+2730e|C:\\Windows\\system32\\twinui.dll+72169|C:\\Windows\\SYSTEM32\\ntdll.dll+30739|C:\\Windows\\SYSTEM32\\ntdll.dll+345c4|C:\\Windows\\System32\\KERNEL32.DLL+17944|C:\\Windows\\SYSTEM32\\ntdll.dll+6ce71","SourceProcessGUID":"{a158f72c-a3a1-5db5-0000-0010e67e0800}","SourceThreadId":"8268","GrantedAccess":"0x2000","TargetProcessId":"4484","TargetProcessGUID":"{a158f72c-a4da-5db5-0000-0010022a3800}","TargetImage":"C:\\Program Files\\WindowsApps\\Microsoft.WindowsStore_11811.1001.18.0_x64__8wekyb3d8bbwe\\WinStore.App.exe","UtcTime":"2019-10-28 02:32:12.173"}},"event":{"created":"2019-10-28T02:32:14.809Z","kind":"event","code":10,"action":"Process accessed (rule: ProcessAccess)"},"log":{"level":"information"}}
{"@timestamp":"2019-10-28T02:32:12.689Z","@metadata":{"beat":"winlogbeat","type":"_doc","version":"7.4.0","topic":"winlogbeat"},"agent":{"type":"winlogbeat","ephemeral_id":"df5ad137-6594-4bd7-a3eb-e0eda670370c","hostname":"WECServer","id":"f8e32ecf-6ac8-4748-86ec-f026490623c4","version":"7.4.0"},"winlog":{"channel":"Microsoft-Windows-Sysmon/Operational","provider_name":"Microsoft-Windows-Sysmon","event_id":10,"task":"Process accessed (rule: ProcessAccess)","computer_name":"ACCT001.shire.com","opcode":"Info","process":{"pid":3208,"thread":{"id":5108}},"user":{"identifier":"S-1-5-18","name":"SYSTEM","domain":"NT AUTHORITY","type":"User"},"event_data":{"SourceProcessId":"3560","SourceThreadId":"3672","TargetProcessId":"3080","GrantedAccess":"0x1400","UtcTime":"2019-10-28 02:32:12.689","SourceProcessGUID":"{a158f72c-a394-5db5-0000-0010015a0200}","CallTrace":"C:\\Windows\\SYSTEM32\\ntdll.dll+9c524|C:\\Windows\\System32\\KERNELBASE.dll+2730e|c:\\windows\\system32\\rasmans.dll+3751b|c:\\windows\\system32\\rasmans.dll+36fad|c:\\windows\\system32\\rasmans.dll+10ed8|c:\\windows\\system32\\rasmans.dll+33cd5|C:\\Windows\\System32\\svchost.exe+314c|C:\\Windows\\System32\\sechost.dll+2de2|C:\\Windows\\System32\\KERNEL32.DLL+17944|C:\\Windows\\SYSTEM32\\ntdll.dll+6ce71","TargetImage":"C:\\Program Files\\Amazon\\Ec2ConfigService\\Ec2Config.exe","SourceImage":"C:\\Windows\\System32\\svchost.exe","TargetProcessGUID":"{a158f72c-a393-5db5-0000-0010e60d0200}"},"version":3,"api":"wineventlog","provider_guid":"{5770385f-c22a-43e0-bf4c-06f5698ffbd9}","record_id":271917},"event":{"kind":"event","code":10,"action":"Process accessed (rule: ProcessAccess)","created":"2019-10-28T02:32:14.809Z"},"log":{"level":"information"},"message":"Process accessed:\nRuleName: \nUtcTime: 2019-10-28 02:32:12.689\nSourceProcessGUID: {a158f72c-a394-5db5-0000-0010015a0200}\nSourceProcessId: 3560\nSourceThreadId: 3672\nSourceImage: C:\\Windows\\System32\\svchost.exe\nTargetProcessGUID: {a158f72c-a393-5db5-0000-0010e60d0200}\nTargetProcessId: 3080\nTargetImage: C:\\Program Files\\Amazon\\Ec2ConfigService\\Ec2Config.exe\nGrantedAccess: 0x1400\nCallTrace: C:\\Windows\\SYSTEM32\\ntdll.dll+9c524|C:\\Windows\\System32\\KERNELBASE.dll+2730e|c:\\windows\\system32\\rasmans.dll+3751b|c:\\windows\\system32\\rasmans.dll+36fad|c:\\windows\\system32\\rasmans.dll+10ed8|c:\\windows\\system32\\rasmans.dll+33cd5|C:\\Windows\\System32\\svchost.exe+314c|C:\\Windows\\System32\\sechost.dll+2de2|C:\\Windows\\System32\\KERNEL32.DLL+17944|C:\\Windows\\SYSTEM32\\ntdll.dll+6ce71","ecs":{"version":"1.1.0"},"host":{"name":"WECServer"}}
{"@timestamp":"2019-10-28T02:32:12.689Z","@metadata":{"beat":"winlogbeat","type":"_doc","version":"7.4.0","topic":"winlogbeat"},"event":{"created":"2019-10-28T02:32:14.809Z","kind":"event","code":10,"action":"Process accessed (rule: ProcessAccess)"},"log":{"level":"information"},"message":"Process accessed:\nRuleName: \nUtcTime: 2019-10-28 02:32:12.689\nSourceProcessGUID: {a158f72c-a394-5db5-0000-0010015a0200}\nSourceProcessId: 3560\nSourceThreadId: 3672\nSourceImage: C:\\Windows\\System32\\svchost.exe\nTargetProcessGUID: {a158f72c-530d-5db6-0000-001011f7af00}\nTargetProcessId: 5204\nTargetImage: C:\\Windows\\Microsoft.NET\\Framework64\\v4.0.30319\\InstallUtil.exe\nGrantedAccess: 0x1400\nCallTrace: C:\\Windows\\SYSTEM32\\ntdll.dll+9c524|C:\\Windows\\System32\\KERNELBASE.dll+2730e|c:\\windows\\system32\\rasmans.dll+3751b|c:\\windows\\system32\\rasmans.dll+36fad|c:\\windows\\system32\\rasmans.dll+10ed8|c:\\windows\\system32\\rasmans.dll+33cd5|C:\\Windows\\System32\\svchost.exe+314c|C:\\Windows\\System32\\sechost.dll+2de2|C:\\Windows\\System32\\KERNEL32.DLL+17944|C:\\Windows\\SYSTEM32\\ntdll.dll+6ce71","ecs":{"version":"1.1.0"},"host":{"name":"WECServer"},"agent":{"type":"winlogbeat","ephemeral_id":"df5ad137-6594-4bd7-a3eb-e0eda670370c","hostname":"WECServer","id":"f8e32ecf-6ac8-4748-86ec-f026490623c4","version":"7.4.0"},"winlog":{"event_data":{"SourceImage":"C:\\Windows\\System32\\svchost.exe","TargetProcessGUID":"{a158f72c-530d-5db6-0000-001011f7af00}","SourceThreadId":"3672","TargetImage":"C:\\Windows\\Microsoft.NET\\Framework64\\v4.0.30319\\InstallUtil.exe","CallTrace":"C:\\Windows\\SYSTEM32\\ntdll.dll+9c524|C:\\Windows\\System32\\KERNELBASE.dll+2730e|c:\\windows\\system32\\rasmans.dll+3751b|c:\\windows\\system32\\rasmans.dll+36fad|c:\\windows\\system32\\rasmans.dll+10ed8|c:\\windows\\system32\\rasmans.dll+33cd5|C:\\Windows\\System32\\svchost.exe+314c|C:\\Windows\\System32\\sechost.dll+2de2|C:\\Windows\\System32\\KERNEL32.DLL+17944|C:\\Windows\\SYSTEM32\\ntdll.dll+6ce71","SourceProcessId":"3560","TargetProcessId":"5204","GrantedAccess":"0x1400","UtcTime":"2019-10-28 02:32:12.689","SourceProcessGUID":"{a158f72c-a394-5db5-0000-0010015a0200}"},"channel":"Microsoft-Windows-Sysmon/Operational","provider_name":"Microsoft-Windows-Sysmon","record_id":271918,"computer_name":"ACCT001.shire.com","version":3,"api":"wineventlog","provider_guid":"{5770385f-c22a-43e0-bf4c-06f5698ffbd9}","task":"Process accessed (rule: ProcessAccess)","user":{"identifier":"S-1-5-18","name":"SYSTEM","domain":"NT AUTHORITY","type":"User"},"event_id":10,"opcode":"Info","process":{"pid":3208,"thread":{"id":5108}}}}
