{"@timestamp":"2019-10-28T02:31:41.568Z","@metadata":{"beat":"winlogbeat","type":"_doc","version":"7.4.0","topic":"winlogbeat"},"log":{"level":"information"},"message":"Image loaded:\nRuleName: \nUtcTime: 2019-10-28 02:31:41.564\nProcessGuid: {a158f72c-530d-5db6-0000-001011f7af00}\nProcessId: 5204\nImage: C:\\Windows\\Microsoft.NET\\Framework64\\v4.0.30319\\InstallUtil.exe\nImageLoaded: C:\\Windows\\assembly\\NativeImages_v4.0.30319_64\\System\\ab7db4bb476e741e1f09a230a3b50d63\\System.ni.dll\nFileVersion: 4.8.4001.0 built by: NET48REL1LAST_C\nDescription: .NET Framework\nProduct: Microsoft .NET Framework\nCompany: Microsoft Corporation\nOriginalFileName: System.dll\nHashes: SHA1=4F2CB036C7790D717EAD1621EA86A4D326645C6E,MD5=D4B620A7A38CFE1E6F2F51275BC23D06,SHA256=627C40350FB96D9ED0C1DF961BE0056388681FF97406805A1FE975626C4888F7,IMPHASH=00000000000000000000000000000000\nSigned: false\nSignature: \nSignatureStatus: Unavailable","ecs":{"version":"1.1.0"},"host":{"name":"WECServer"},"agent":{"type":"winlogbeat","ephemeral_id":"df5ad137-6594-4bd7-a3eb-e0eda670370c","hostname":"WECServer","id":"f8e32ecf-6ac8-4748-86ec-f026490623c4","version":"7.4.0"},"winlog":{"channel":"Microsoft-Windows-Sysmon/Operational","user":{"identifier":"S-1-5-18","name":"SYSTEM","domain":"NT AUTHORITY","type":"User"},"task":"Image loaded (rule: ImageLoad)","event_data":{"Image":"C:\\Windows\\Microsoft.NET\\Framework64\\v4.0.30319\\InstallUtil.exe","Product":"Microsoft .NET Framework","OriginalFileName":"System.dll","Signed":"false","SignatureStatus":"Unavailable","Description":".NET Framework","ProcessGuid":"{a158f72c-530d-5db6-0000-001011f7af00}","ProcessId":"5204","UtcTime":"2019-10-28 02:31:41.564","FileVersion":"4.8.4001.0 built by: NET48REL1LAST_C","ImageLoaded":"C:\\Windows\\assembly\\NativeImages_v4.0.30319_64\\System\\ab7db4bb476e741e1f09a230a3b50d63\\System.ni.dll","Company":"Microsoft Corporation","Hashes":"SHA1=4F2CB036C7790D717EAD1621EA86A4D326645C6E,MD5=D4B620A7A38CFE1E6F2F51275BC23D06,SHA256=627C40350FB96D9ED0C1DF961BE0056388681FF97406805A1FE975626C4888F7,IMPHASH=00000000000000000000000000000000"},"event_id":7,"provider_name":"Microsoft-Windows-Sysmon","opcode":"Info","version":3,"process":{"pid":3208,"thread":{"id":5108}},"provider_guid":"{5770385f-c22a-43e0-bf4c-06f5698ffbd9}","record_id":271722,"api":"wineventlog","computer_name":"ACCT001.shire.com"},"event":{"action":"Image loaded (rule: ImageLoad)","created":"2019-10-28T02:31:42.516Z","kind":"event","code":7}}
{"@timestamp":"2019-10-28T02:31:41.569Z","@metadata":{"beat":"winlogbeat","type":"_doc","version":"7.4.0","topic":"winlogbeat"},"ecs":{"version":"1.1.0"},"host":{"name":"WECServer"},"winlog":{"record_id":271723,"computer_name":"ACCT001.shire.com","version":3,"user":{"identifier":"S-1-5-18","name":"SYSTEM","domain":"NT AUTHORITY","type":"User"},"channel":"Microsoft-Windows-Sysmon/Operational","task":"Image loaded (rule: ImageLoad)","api":"wineventlog","provider_guid":"{5770385f-c22a-43e0-bf4c-06f5698ffbd9}","process":{"pid":3208,"thread":{"id":5108}},"event_id":7,"provider_name":"Microsoft-Windows-Sysmon","opcode":"Info","event_data":{"Hashes":"SHA1=ACF601F5844AF027C86DFCE2FB14F31111356AD9,MD5=97B69A3907CF5C7663C8A351A0FA5DF1,SHA256=5790E3401A5F0A4402FA24970639EFABA9CFDF168C52BA9703DE39AE3D3DA817,IMPHASH=00000000000000000000000000000000","FileVersion":"4.8.3752.0 built by: NET48REL1","ProcessGuid":"{a158f72c-530d-5db6-0000-001011f7af00}","ProcessId":"5204","Description":".NET Framework","Company":"Microsoft Corporation","Signed":"false","Image":"C:\\Windows\\Microsoft.NET\\Framework64\\v4.0.30319\\InstallUtil.exe","ImageLoaded":"C:\\Windows\\assembly\\NativeImages_v4.0.30319_64\\System.Confe64a9051#\\432a192490c341ae79ab03be13f36220\\System.Configuration.Install.ni.dll","OriginalFileName":"System.Configuration.Install.dll","UtcTime":"2019-10-28 02:31:41.564","Product":"Microsoft .NET Framework","SignatureStatus":"Unavailable"}},"event":{"kind":"event","code":7,"action":"Image loaded (rule: ImageLoad)","created":"2019-10-28T02:31:42.517Z"},"log":{"level":"information"},"message":"Image loaded:\nRuleName: \nUtcTime: 2019-10-28 02:31:41.564\nProcessGuid: {a158f72c-530d-5db6-0000-001011f7af00}\nProcessId: 5204\nImage: C:\\Windows\\Microsoft.NET\\Framework64\\v4.0.30319\\InstallUtil.exe\nImageLoaded: C:\\Windows\\assembly\\NativeImages_v4.0.30319_64\\System.Confe64a9051#\\432a192490c341ae79ab03be13f36220\\System.Configuration.Install.ni.dll\nFileVersion: 4.8.3752.0 built by: NET48REL1\nDescription: .NET Framework\nProduct: Microsoft .NET Framework\nCompany: Microsoft Corporation\nOriginalFileName: System.Configuration.Install.dll\nHashes: SHA1=ACF601F5844AF027C86DFCE2FB14F31111356AD9,MD5=97B69A3907CF5C7663C8A351A0FA5DF1,SHA256=5790E3401A5F0A4402FA24970639EFABA9CFDF168C52BA9703DE39AE3D3DA817,IMPHASH=00000000000000000000000000000000\nSigned: false\nSignature: \nSignatureStatus: Unavailable","agent":{"type":"winlogbeat","ephemeral_id":"df5ad137-6594-4bd7-a3eb-e0eda670370c","hostname":"WECServer","id":"f8e32ecf-6ac8-4748-86ec-f026490623c4","version":"7.4.0"}}
{"@timestamp":"2019-10-28T02:31:41.577Z","@metadata":{"beat":"winlogbeat","type":"_doc","version":"7.4.0","topic":"winlogbeat"},"agent":{"type":"winlogbeat","ephemeral_id":"df5ad137-6594-4bd7-a3eb-e0eda670370c","hostname":"WECServer","id":"f8e32ecf-6ac8-4748-86ec-f026490623c4","version":"7.4.0"},"winlog":{"opcode":"Info","version":3,"process":{"pid":3208,"thread":{"id":5108}},"channel":"Microsoft-Windows-Sysmon/Operational","event_data":{"Signature":"Microsoft Windows","Product":"Internet Explorer","Hashes":"SHA1=54CCAD50DC36061BF85F89BC313CD5DFD3FFEC83,MD5=2426F9C2D871830BC6DCDFBA443E872E,SHA256=357965B84191377EB10AA10A843EE0ACBB2F6145D24DA6753CA262CFB823057B,IMPHASH=D0C4D6981031F6492696A15189F18D1D","UtcTime":"2019-10-28 02:31:41.564","FileVersion":"11.00.18362.1 (WinBuild.160101.0800)","Signed":"true","ProcessId":"5204","Image":"C:\\Windows\\Microsoft.NET\\Framework64\\v4.0.30319\\InstallUtil.exe","SignatureStatus":"Valid","ProcessGuid":"{a158f72c-530d-5db6-0000-001011f7af00}","OriginalFileName":"UrlMon.dll","ImageLoaded":"C:\\Windows\\System32\\urlmon.dll","Company":"Microsoft Corporation","Description":"OLE32 Extensions for Win32"},"task":"Image loaded (rule: ImageLoad)","computer_name":"ACCT001.shire.com","user":{"identifier":"S-1-5-18","name":"SYSTEM","domain":"NT AUTHORITY","type":"User"},"event_id":7,"provider_name":"Microsoft-Windows-Sysmon","record_id":271724,"api":"wineventlog","provider_guid":"{5770385f-c22a-43e0-bf4c-06f5698ffbd9}"},"event":{"created":"2019-10-28T02:31:42.517Z","kind":"event","code":7,"action":"Image loaded (rule: ImageLoad)"},"log":{"level":"information"},"message":"Image loaded:\nRuleName: \nUtcTime: 2019-10-28 02:31:41.564\nProcessGuid: {a158f72c-530d-5db6-0000-001011f7af00}\nProcessId: 5204\nImage: C:\\Windows\\Microsoft.NET\\Framework64\\v4.0.30319\\InstallUtil.exe\nImageLoaded: C:\\Windows\\System32\\urlmon.dll\nFileVersion: 11.00.18362.1 (WinBuild.160101.0800)\nDescription: OLE32 Extensions for Win32\nProduct: Internet Explorer\nCompany: Microsoft Corporation\nOriginalFileName: UrlMon.dll\nHashes: SHA1=54CCAD50DC36061BF85F89BC313CD5DFD3FFEC83,MD5=2426F9C2D871830BC6DCDFBA443E872E,SHA256=357965B84191377EB10AA10A843EE0ACBB2F6145D24DA6753CA262CFB823057B,IMPHASH=D0C4D6981031F6492696A15189F18D1D\nSigned: true\nSignature: Microsoft Windows\nSignatureStatus: Valid","ecs":{"version":"1.1.0"},"host":{"name":"WECServer"}}
{"@timestamp":"2019-10-28T02:31:41.577Z","@metadata":{"beat":"winlogbeat","type":"_doc","version":"7.4.0","topic":"winlogbeat"},"event":{"action":"Image loaded (rule: ImageLoad)","created":"2019-10-28T02:31:42.517Z","kind":"event","code":7},"log":{"level":"information"},"agent":{"type":"winlogbeat","ephemeral_id":"df5ad137-6594-4bd7-a3eb-e0eda670370c","hostname":"WECServer","id":"f8e32ecf-6ac8-4748-86ec-f026490623c4","version":"7.4.0"},"ecs":{"version":"1.1.0"},"host":{"name":"WECServer"},"message":"Image loaded:\nRuleName: \nUtcTime: 2019-10-28 02:31:41.564\nProcessGuid: {a158f72c-530d-5db6-0000-001011f7af00}\nProcessId: 5204\nImage: C:\\Windows\\Microsoft.NET\\Framework64\\v4.0.30319\\InstallUtil.exe\nImageLoaded: C:\\Windows\\System32\\SHCore.dll\nFileVersion: 10.0.18362.1 (WinBuild.160101.0800)\nDescription: SHCORE\nProduct: Microsoft Windows Operating System\nCompany: Microsoft Corporation\nOriginalFileName: SHCORE.dll\nHashes: SHA1=1E2DB568640572C4DF759F3CF11ECD572074AC80,MD5=BAFD5A295E5A65F8887AC0A7B248CC5B,SHA256=6396191587728CE813053CE10795AD3DC61448A292062C204BD1EF1F2FE751FE,IMPHASH=0E48D88DA5B1AEFE29036ECDE5B34E8D\nSigned: true\nSignature: Microsoft Windows\nSignatureStatus: Valid","winlog":{"api":"wineventlog","computer_name":"ACCT001.shire.com","event_id":7,"user":{"identifier":"S-1-5-18","name":"SYSTEM","domain":"NT AUTHORITY","type":"User"},"event_data":{"OriginalFileName":"SHCORE.dll","ProcessId":"5204","UtcTime":"2019-10-28 02:31:41.564","Product":"Microsoft Windows Operating System","Company":"Microsoft Corporation","Signed":"true","Image":"C:\\Windows\\Microsoft.NET\\Framework64\\v4.0.30319\\InstallUtil.exe","Hashes":"SHA1=1E2DB568640572C4DF759F3CF11ECD572074AC80,MD5=BAFD5A295E5A65F8887AC0A7B248CC5B,SHA256=6396191587728CE813053CE10795AD3DC61448A292062C204BD1EF1F2FE751FE,IMPHASH=0E48D88DA5B1AEFE29036ECDE5B34E8D","ImageLoaded":"C:\\Windows\\System32\\SHCore.dll","FileVersion":"10.0.18362.1 (WinBuild.160101.0800)","Description":"SHCORE","ProcessGuid":"{a158f72c-530d-5db6-0000-001011f7af00}","SignatureStatus":"Valid","Signature":"Microsoft Windows"},"channel":"Microsoft-Windows-Sysmon/Operational","version":3,"task":"Image loaded (rule: ImageLoad)","provider_guid":"{5770385f-c22a-43e0-bf4c-06f5698ffbd9}","process":{"pid":3208,"thread":{"id":5108}},"provider_name":"Microsoft-Windows-Sysmon","record_id":271725,"opcode":"Info"}}
{"@timestamp":"2019-10-28T02:31:41.577Z","@metadata":{"beat":"winlogbeat","type":"_doc","version":"7.4.0","topic":"winlogbeat"},"agent":{"ephemeral_id":"df5ad137-6594-4bd7-a3eb-e0eda670370c","hostname":"WECServer","id":"f8e32ecf-6ac8-4748-86ec-f026490623c4","version":"7.4.0","type":"winlogbeat"},"event":{"created":"2019-10-28T02:31:42.517Z","kind":"event","code":7,"action":"Image loaded (rule: ImageLoad)"},"log":{"level":"information"},"message":"Image loaded:\nRuleName: \nUtcTime: 2019-10-28 02:31:41.564\nProcessGuid: {a158f72c-530d-5db6-0000-001011f7af00}\nProcessId: 5204\nImage: C:\\Windows\\Microsoft.NET\\Framework64\\v4.0.30319\\InstallUtil.exe\nImageLoaded: C:\\Windows\\System32\\windows.storage.dll\nFileVersion: 10.0.18362.1 (WinBuild.160101.0800)\nDescription: Microsoft WinRT Storage API\nProduct: Microsoft Windows Operating System\nCompany: Microsoft Corporation\nOriginalFileName: Windows.Storage.dll\nHashes: SHA1=135C87A66E6BE2BDBB722266267539E34DDF5977,MD5=F3913371878E8D5AE7A89E4A6F599292,SHA256=BEC42B40532B3C9795B7B0701BED6CAA6D6B0B5ED08A4848B1A83567E7B1EE2D,IMPHASH=9A1722E6C03865FD52C77DD1DC77F055\nSigned: true\nSignature: Microsoft Windows\nSignatureStatus: Valid","winlog":{"channel":"Microsoft-Windows-Sysmon/Operational","record_id":271726,"task":"Image loaded (rule: ImageLoad)","user":{"identifier":"S-1-5-18","name":"SYSTEM","domain":"NT AUTHORITY","type":"User"},"provider_name":"Microsoft-Windows-Sysmon","version":3,"opcode":"Info","provider_guid":"{5770385f-c22a-43e0-bf4c-06f5698ffbd9}","event_data":{"SignatureStatus":"Valid","Company":"Microsoft Corporation","Hashes":"SHA1=135C87A66E6BE2BDBB722266267539E34DDF5977,MD5=F3913371878E8D5AE7A89E4A6F599292,SHA256=BEC42B40532B3C9795B7B0701BED6CAA6D6B0B5ED08A4848B1A83567E7B1EE2D,IMPHASH=9A1722E6C03865FD52C77DD1DC77F055","FileVersion":"10.0.18362.1 (WinBuild.160101.0800)","OriginalFileName":"Windows.Storage.dll","Signature":"Microsoft Windows","Signed":"true","UtcTime":"2019-10-28 02:31:41.564","Product":"Microsoft Windows Operating System","Description":"Microsoft WinRT Storage API","ImageLoaded":"C:\\Windows\\System32\\windows.storage.dll","ProcessGuid":"{a158f72c-530d-5db6-0000-001011f7af00}","ProcessId":"5204","Image":"C:\\Windows\\Microsoft.NET\\Framework64\\v4.0.30319\\InstallUtil.exe"},"computer_name":"ACCT001.shire.com","api":"wineventlog","process":{"pid":3208,"thread":{"id":5108}},"event_id":7},"ecs":{"version":"1.1.0"},"host":{"name":"WECServer"}}
{"@timestamp":"2019-10-28T02:31:41.577Z","@metadata":{"beat":"winlogbeat","type":"_doc","version":"7.4.0","topic":"winlogbeat"},"message":"Image loaded:\nRuleName: \nUtcTime: 2019-10-28 02:31:41.564\nProcessGuid: {a158f72c-530d-5db6-0000-001011f7af00}\nProcessId: 5204\nImage: C:\\Windows\\Microsoft.NET\\Framework64\\v4.0.30319\\InstallUtil.exe\nImageLoaded: C:\\Windows\\System32\\profapi.dll\nFileVersion: 10.0.18362.1 (WinBuild.160101.0800)\nDescription: User Profile Basic API\nProduct: Microsoft Windows Operating System\nCompany: Microsoft Corporation\nOriginalFileName: PROFAPI.DLL\nHashes: SHA1=CB008C997335969CE909BA694FF618DB0D956E74,MD5=BD6856804DC75C5A3AD9C9C4A6C9CCD7,SHA256=BCBB916CFCA837DF782F5B6B6F98AB9835F1D147794F76D6E21D2FC48D3BC498,IMPHASH=061E14983AD61EA4800E1C1C74BA94AA\nSigned: true\nSignature: Microsoft Windows\nSignatureStatus: Valid","host":{"name":"WECServer"},"agent":{"type":"winlogbeat","ephemeral_id":"df5ad137-6594-4bd7-a3eb-e0eda670370c","hostname":"WECServer","id":"f8e32ecf-6ac8-4748-86ec-f026490623c4","version":"7.4.0"},"ecs":{"version":"1.1.0"},"winlog":{"computer_name":"ACCT001.shire.com","task":"Image loaded (rule: ImageLoad)","api":"wineventlog","event_data":{"ImageLoaded":"C:\\Windows\\System32\\profapi.dll","Product":"Microsoft Windows Operating System","UtcTime":"2019-10-28 02:31:41.564","Signature":"Microsoft Windows","FileVersion":"10.0.18362.1 (WinBuild.160101.0800)","ProcessGuid":"{a158f72c-530d-5db6-0000-001011f7af00}","Signed":"true","OriginalFileName":"PROFAPI.DLL","Image":"C:\\Windows\\Microsoft.NET\\Framework64\\v4.0.30319\\InstallUtil.exe","ProcessId":"5204","Hashes":"SHA1=CB008C997335969CE909BA694FF618DB0D956E74,MD5=BD6856804DC75C5A3AD9C9C4A6C9CCD7,SHA256=BCBB916CFCA837DF782F5B6B6F98AB9835F1D147794F76D6E21D2FC48D3BC498,IMPHASH=061E14983AD61EA4800E1C1C74BA94AA","SignatureStatus":"Valid","Description":"User Profile Basic API","Company":"Microsoft Corporation"},"channel":"Microsoft-Windows-Sysmon/Operational","opcode":"Info","provider_guid":"{5770385f-c22a-43e0-bf4c-06f5698ffbd9}","version":3,"process":{"pid":3208,"thread":{"id":5108}},"event_id":7,"provider_name":"Microsoft-Windows-Sysmon","record_id":271727,"user":{"identifier":"S-1-5-18","name":"SYSTEM","domain":"NT AUTHORITY","type":"User"}},"event":{"code":7,"action":"Image loaded (rule: ImageLoad)","created":"2019-10-28T02:31:42.517Z","kind":"event"},"log":{"level":"information"}}
{"@timestamp":"2019-10-28T02:31:41.578Z","@metadata":{"beat":"winlogbeat","type":"_doc","version":"7.4.0","topic":"winlogbeat"},"log":{"level":"information"},"message":"Image loaded:\nRuleName: \nUtcTime: 2019-10-28 02:31:41.564\nProcessGuid: {a158f72c-530d-5db6-0000-001011f7af00}\nProcessId: 5204\nImage: C:\\Windows\\Microsoft.NET\\Framework64\\v4.0.30319\\InstallUtil.exe\nImageLoaded: C:\\Windows\\System32\\powrprof.dll\nFileVersion: 10.0.18362.1 (WinBuild.160101.0800)\nDescription: Power Profile Helper DLL\nProduct: Microsoft Windows Operating System\nCompany: Microsoft Corporation\nOriginalFileName: POWRPROF.DLL\nHashes: SHA1=30D5ADBC0664977C27B65622F514632581C9AF45,MD5=07B027B1E0B775FAE815E487F28137B9,SHA256=21358CE9A416C7F6DB063095102E91F014BDB85B08A4E783E17234792C9B483A,IMPHASH=817FF4748665EB442F0081A91349F764\nSigned: true\nSignature: Microsoft Windows\nSignatureStatus: Valid","winlog":{"user":{"identifier":"S-1-5-18","name":"SYSTEM","domain":"NT AUTHORITY","type":"User"},"event_data":{"ProcessId":"5204","FileVersion":"10.0.18362.1 (WinBuild.160101.0800)","OriginalFileName":"POWRPROF.DLL","ProcessGuid":"{a158f72c-530d-5db6-0000-001011f7af00}","Description":"Power Profile Helper DLL","ImageLoaded":"C:\\Windows\\System32\\powrprof.dll","Product":"Microsoft Windows Operating System","Signed":"true","UtcTime":"2019-10-28 02:31:41.564","Signature":"Microsoft Windows","SignatureStatus":"Valid","Company":"Microsoft Corporation","Image":"C:\\Windows\\Microsoft.NET\\Framework64\\v4.0.30319\\InstallUtil.exe","Hashes":"SHA1=30D5ADBC0664977C27B65622F514632581C9AF45,MD5=07B027B1E0B775FAE815E487F28137B9,SHA256=21358CE9A416C7F6DB063095102E91F014BDB85B08A4E783E17234792C9B483A,IMPHASH=817FF4748665EB442F0081A91349F764"},"version":3,"process":{"pid":3208,"thread":{"id":5108}},"record_id":271728,"task":"Image loaded (rule: ImageLoad)","opcode":"Info","computer_name":"ACCT001.shire.com","provider_name":"Microsoft-Windows-Sysmon","api":"wineventlog","provider_guid":"{5770385f-c22a-43e0-bf4c-06f5698ffbd9}","channel":"Microsoft-Windows-Sysmon/Operational","event_id":7},"event":{"code":7,"action":"Image loaded (rule: ImageLoad)","created":"2019-10-28T02:31:42.517Z","kind":"event"},"ecs":{"version":"1.1.0"},"host":{"name":"WECServer"},"agent":{"type":"winlogbeat","ephemeral_id":"df5ad137-6594-4bd7-a3eb-e0eda670370c","hostname":"WECServer","id":"f8e32ecf-6ac8-4748-86ec-f026490623c4","version":"7.4.0"}}
{"@timestamp":"2019-10-28T02:31:41.578Z","@metadata":{"beat":"winlogbeat","type":"_doc","version":"7.4.0","topic":"winlogbeat"},"event":{"action":"Image loaded (rule: ImageLoad)","created":"2019-10-28T02:31:42.517Z","kind":"event","code":7},"log":{"level":"information"},"message":"Image loaded:\nRuleName: \nUtcTime: 2019-10-28 02:31:41.564\nProcessGuid: {a158f72c-530d-5db6-0000-001011f7af00}\nProcessId: 5204\nImage: C:\\Windows\\Microsoft.NET\\Framework64\\v4.0.30319\\InstallUtil.exe\nImageLoaded: C:\\Windows\\System32\\umpdc.dll\nFileVersion: ?\nDescription: ?\nProduct: ?\nCompany: ?\nOriginalFileName: ?\nHashes: SHA1=6ABB78FB1614C12E3E9FFF3DE98B0E13E79201D9,MD5=B9A75ED4500DD953DF172FE6F63578E8,SHA256=709B99BA1DFEF6D9B2483F37D242B12F29B1E1ADE13E338B4D7041C55B55204B,IMPHASH=5A0FF5293A05BFEBAE6F2C9C302FC5E7\nSigned: true\nSignature: Microsoft Windows\nSignatureStatus: Valid","winlog":{"process":{"pid":3208,"thread":{"id":5108}},"event_id":7,"provider_name":"Microsoft-Windows-Sysmon","channel":"Microsoft-Windows-Sysmon/Operational","computer_name":"ACCT001.shire.com","provider_guid":"{5770385f-c22a-43e0-bf4c-06f5698ffbd9}","api":"wineventlog","task":"Image loaded (rule: ImageLoad)","opcode":"Info","version":3,"user":{"type":"User","identifier":"S-1-5-18","name":"SYSTEM","domain":"NT AUTHORITY"},"record_id":271729,"event_data":{"OriginalFileName":"?","Signed":"true","ProcessGuid":"{a158f72c-530d-5db6-0000-001011f7af00}","Product":"?","UtcTime":"2019-10-28 02:31:41.564","SignatureStatus":"Valid","ProcessId":"5204","Hashes":"SHA1=6ABB78FB1614C12E3E9FFF3DE98B0E13E79201D9,MD5=B9A75ED4500DD953DF172FE6F63578E8,SHA256=709B99BA1DFEF6D9B2483F37D242B12F29B1E1ADE13E338B4D7041C55B55204B,IMPHASH=5A0FF5293A05BFEBAE6F2C9C302FC5E7","FileVersion":"?","Signature":"Microsoft Windows","Description":"?","Company":"?","Image":"C:\\Windows\\Microsoft.NET\\Framework64\\v4.0.30319\\InstallUtil.exe","ImageLoaded":"C:\\Windows\\System32\\umpdc.dll"}},"ecs":{"version":"1.1.0"},"host":{"name":"WECServer"},"agent":{"type":"winlogbeat","ephemeral_id":"df5ad137-6594-4bd7-a3eb-e0eda670370c","hostname":"WECServer","id":"f8e32ecf-6ac8-4748-86ec-f026490623c4","version":"7.4.0"}}
{"@timestamp":"2019-10-28T02:31:41.579Z","@metadata":{"beat":"winlogbeat","type":"_doc","version":"7.4.0","topic":"winlogbeat"},"agent":{"version":"7.4.0","type":"winlogbeat","ephemeral_id":"df5ad137-6594-4bd7-a3eb-e0eda670370c","hostname":"WECServer","id":"f8e32ecf-6ac8-4748-86ec-f026490623c4"},"ecs":{"version":"1.1.0"},"host":{"name":"WECServer"},"message":"Image loaded:\nRuleName: \nUtcTime: 2019-10-28 02:31:41.564\nProcessGuid: {a158f72c-530d-5db6-0000-001011f7af00}\nProcessId: 5204\nImage: C:\\Windows\\Microsoft.NET\\Framework64\\v4.0.30319\\InstallUtil.exe\nImageLoaded: C:\\Windows\\System32\\iertutil.dll\nFileVersion: 11.00.18362.1 (WinBuild.160101.0800)\nDescription: Run time utility for Internet Explorer\nProduct: Internet Explorer\nCompany: Microsoft Corporation\nOriginalFileName: IeRtUtil.dll\nHashes: SHA1=1F0DC5637EC1661759AADAB2B137D5E2AECB9088,MD5=AF53B36C5157E483CDB80FE79FB0FFFB,SHA256=51C8807B5BD2CA690BD624207D3D64430FF704F0807F5A2DC9008D9BD03A418F,IMPHASH=8A91E12AED8A0B282C3E51CA39DEC3F4\nSigned: true\nSignature: Microsoft Windows\nSignatureStatus: Valid","winlog":{"event_id":7,"provider_name":"Microsoft-Windows-Sysmon","user":{"identifier":"S-1-5-18","name":"SYSTEM","domain":"NT AUTHORITY","type":"User"},"record_id":271730,"opcode":"Info","computer_name":"ACCT001.shire.com","version":3,"channel":"Microsoft-Windows-Sysmon/Operational","event_data":{"Image":"C:\\Windows\\Microsoft.NET\\Framework64\\v4.0.30319\\InstallUtil.exe","Description":"Run time utility for Internet Explorer","SignatureStatus":"Valid","UtcTime":"2019-10-28 02:31:41.564","ProcessId":"5204","Signed":"true","Signature":"Microsoft Windows","ProcessGuid":"{a158f72c-530d-5db6-0000-001011f7af00}","ImageLoaded":"C:\\Windows\\System32\\iertutil.dll","Product":"Internet Explorer","Company":"Microsoft Corporation","OriginalFileName":"IeRtUtil.dll","FileVersion":"11.00.18362.1 (WinBuild.160101.0800)","Hashes":"SHA1=1F0DC5637EC1661759AADAB2B137D5E2AECB9088,MD5=AF53B36C5157E483CDB80FE79FB0FFFB,SHA256=51C8807B5BD2CA690BD624207D3D64430FF704F0807F5A2DC9008D9BD03A418F,IMPHASH=8A91E12AED8A0B282C3E51CA39DEC3F4"},"task":"Image loaded (rule: ImageLoad)","api":"wineventlog","provider_guid":"{5770385f-c22a-43e0-bf4c-06f5698ffbd9}","process":{"pid":3208,"thread":{"id":5108}}},"event":{"created":"2019-10-28T02:31:42.517Z","kind":"event","code":7,"action":"Image loaded (rule: ImageLoad)"},"log":{"level":"information"}}
{"@timestamp":"2019-10-28T02:31:41.580Z","@metadata":{"beat":"winlogbeat","type":"_doc","version":"7.4.0","topic":"winlogbeat"},"winlog":{"event_data":{"Product":"Microsoft Windows Operating System","Signed":"true","ProcessId":"5204","Image":"C:\\Windows\\Microsoft.NET\\Framework64\\v4.0.30319\\InstallUtil.exe","ProcessGuid":"{a158f72c-530d-5db6-0000-001011f7af00}","Description":"Base cryptographic API DLL","Company":"Microsoft Corporation","OriginalFileName":"cryptbase.dll","Signature":"Microsoft Windows","ImageLoaded":"C:\\Windows\\System32\\cryptbase.dll","SignatureStatus":"Valid","UtcTime":"2019-10-28 02:31:41.564","FileVersion":"10.0.18362.1 (WinBuild.160101.0800)","Hashes":"SHA1=B6093663113CF33A76156CB3F6D4322514F00E4B,MD5=26887DE7D7D1928F52A452E3A63E55E8,SHA256=EA86D9754164CA2C01B4A7F81188B2490CEE1F350E177861A4702C92DFD6D066,IMPHASH=3F27E242D68FC14338677A25FAE441F7"},"channel":"Microsoft-Windows-Sysmon/Operational","computer_name":"ACCT001.shire.com","user":{"identifier":"S-1-5-18","name":"SYSTEM","domain":"NT AUTHORITY","type":"User"},"task":"Image loaded (rule: ImageLoad)","provider_guid":"{5770385f-c22a-43e0-bf4c-06f5698ffbd9}","process":{"pid":3208,"thread":{"id":5108}},"opcode":"Info","version":3,"provider_name":"Microsoft-Windows-Sysmon","event_id":7,"record_id":271731,"api":"wineventlog"},"event":{"code":7,"action":"Image loaded (rule: ImageLoad)","created":"2019-10-28T02:31:42.517Z","kind":"event"},"log":{"level":"information"},"message":"Image loaded:\nRuleName: \nUtcTime: 2019-10-28 02:31:41.564\nProcessGuid: {a158f72c-530d-5db6-0000-001011f7af00}\nProcessId: 5204\nImage: C:\\Windows\\Microsoft.NET\\Framework64\\v4.0.30319\\InstallUtil.exe\nImageLoaded: C:\\Windows\\System32\\cryptbase.dll\nFileVersion: 10.0.18362.1 (WinBuild.160101.0800)\nDescription: Base cryptographic API DLL\nProduct: Microsoft Windows Operating System\nCompany: Microsoft Corporation\nOriginalFileName: cryptbase.dll\nHashes: SHA1=B6093663113CF33A76156CB3F6D4322514F00E4B,MD5=26887DE7D7D1928F52A452E3A63E55E8,SHA256=EA86D9754164CA2C01B4A7F81188B2490CEE1F350E177861A4702C92DFD6D066,IMPHASH=3F27E242D68FC14338677A25FAE441F7\nSigned: true\nSignature: Microsoft Windows\nSignatureStatus: Valid","host":{"name":"WECServer"},"agent":{"id":"f8e32ecf-6ac8-4748-86ec-f026490623c4","version":"7.4.0","type":"winlogbeat","ephemeral_id":"df5ad137-6594-4bd7-a3eb-e0eda670370c","hostname":"WECServer"},"ecs":{"version":"1.1.0"}}
{"@timestamp":"2019-10-28T02:31:41.582Z","@metadata":{"beat":"winlogbeat","type":"_doc","version":"7.4.0","topic":"winlogbeat"},"agent":{"type":"winlogbeat","ephemeral_id":"df5ad137-6594-4bd7-a3eb-e0eda670370c","hostname":"WECServer","id":"f8e32ecf-6ac8-4748-86ec-f026490623c4","version":"7.4.0"},"ecs":{"version":"1.1.0"},"host":{"name":"WECServer"},"log":{"level":"information"},"message":"Registry object added or deleted:\nRuleName: \nEventType: CreateKey\nUtcTime: 2019-10-28 02:31:41.580\nProcessGuid: {a158f72c-530d-5db6-0000-001011f7af00}\nProcessId: 5204\nImage: C:\\Windows\\Microsoft.NET\\Framework64\\v4.0.30319\\InstallUtil.exe\nTargetObject: HKU\\S-1-5-21-2379224252-1048547738-3559495803-1113\\Software\\Microsoft\\Windows\\CurrentVersion\\Internet Settings\\ZoneMap","winlog":{"channel":"Microsoft-Windows-Sysmon/Operational","task":"Registry object added or deleted (rule: RegistryEvent)","opcode":"Info","version":2,"event_data":{"EventType":"CreateKey","UtcTime":"2019-10-28 02:31:41.580","ProcessGuid":"{a158f72c-530d-5db6-0000-001011f7af00}","ProcessId":"5204","Image":"C:\\Windows\\Microsoft.NET\\Framework64\\v4.0.30319\\InstallUtil.exe","TargetObject":"HKU\\S-1-5-21-2379224252-1048547738-3559495803-1113\\Software\\Microsoft\\Windows\\CurrentVersion\\Internet Settings\\ZoneMap"},"record_id":271732,"computer_name":"ACCT001.shire.com","provider_name":"Microsoft-Windows-Sysmon","provider_guid":"{5770385f-c22a-43e0-bf4c-06f5698ffbd9}","user":{"name":"SYSTEM","domain":"NT AUTHORITY","type":"User","identifier":"S-1-5-18"},"event_id":12,"api":"wineventlog","process":{"thread":{"id":5108},"pid":3208}},"event":{"action":"Registry object added or deleted (rule: RegistryEvent)","created":"2019-10-28T02:31:42.517Z","kind":"event","code":12}}
{"@timestamp":"2019-10-28T02:31:41.582Z","@metadata":{"beat":"winlogbeat","type":"_doc","version":"7.4.0","topic":"winlogbeat"},"agent":{"type":"winlogbeat","ephemeral_id":"df5ad137-6594-4bd7-a3eb-e0eda670370c","hostname":"WECServer","id":"f8e32ecf-6ac8-4748-86ec-f026490623c4","version":"7.4.0"},"log":{"level":"information"},"message":"Image loaded:\nRuleName: \nUtcTime: 2019-10-28 02:31:41.580\nProcessGuid: {a158f72c-530d-5db6-0000-001011f7af00}\nProcessId: 5204\nImage: C:\\Windows\\Microsoft.NET\\Framework64\\v4.0.30319\\InstallUtil.exe\nImageLoaded: C:\\Windows\\System32\\sspicli.dll\nFileVersion: 10.0.18362.1 (WinBuild.160101.0800)\nDescription: Security Support Provider Interface\nProduct: Microsoft Windows Operating System\nCompany: Microsoft Corporation\nOriginalFileName: sspicli.dll\nHashes: SHA1=7965D4A2E57A263621662A921B7270B7B773FFEF,MD5=3E966F088D46A0EB482E3DC4AF266C0F,SHA256=106C7873DB17E4542022245EEA148F815CE547C36523861DDDB50103C65D8B07,IMPHASH=1A813D04520E602A9E31CB5E06F81D1D\nSigned: true\nSignature: Microsoft Windows\nSignatureStatus: Valid","winlog":{"user":{"domain":"NT AUTHORITY","type":"User","identifier":"S-1-5-18","name":"SYSTEM"},"channel":"Microsoft-Windows-Sysmon/Operational","opcode":"Info","record_id":271733,"computer_name":"ACCT001.shire.com","task":"Image loaded (rule: ImageLoad)","provider_guid":"{5770385f-c22a-43e0-bf4c-06f5698ffbd9}","version":3,"event_data":{"Description":"Security Support Provider Interface","Signature":"Microsoft Windows","FileVersion":"10.0.18362.1 (WinBuild.160101.0800)","OriginalFileName":"sspicli.dll","Hashes":"SHA1=7965D4A2E57A263621662A921B7270B7B773FFEF,MD5=3E966F088D46A0EB482E3DC4AF266C0F,SHA256=106C7873DB17E4542022245EEA148F815CE547C36523861DDDB50103C65D8B07,IMPHASH=1A813D04520E602A9E31CB5E06F81D1D","Product":"Microsoft Windows Operating System","Image":"C:\\Windows\\Microsoft.NET\\Framework64\\v4.0.30319\\InstallUtil.exe","ImageLoaded":"C:\\Windows\\System32\\sspicli.dll","Company":"Microsoft Corporation","UtcTime":"2019-10-28 02:31:41.580","ProcessId":"5204","Signed":"true","SignatureStatus":"Valid","ProcessGuid":"{a158f72c-530d-5db6-0000-001011f7af00}"},"process":{"pid":3208,"thread":{"id":5108}},"provider_name":"Microsoft-Windows-Sysmon","api":"wineventlog","event_id":7},"event":{"action":"Image loaded (rule: ImageLoad)","created":"2019-10-28T02:31:42.517Z","kind":"event","code":7},"ecs":{"version":"1.1.0"},"host":{"name":"WECServer"}}
{"@timestamp":"2019-10-28T02:31:41.583Z","@metadata":{"beat":"winlogbeat","type":"_doc","version":"7.4.0","topic":"winlogbeat"},"event":{"code":13,"action":"Registry value set (rule: RegistryEvent)","created":"2019-10-28T02:31:42.517Z","kind":"event"},"ecs":{"version":"1.1.0"},"host":{"name":"WECServer"},"agent":{"type":"winlogbeat","ephemeral_id":"df5ad137-6594-4bd7-a3eb-e0eda670370c","hostname":"WECServer","id":"f8e32ecf-6ac8-4748-86ec-f026490623c4","version":"7.4.0"},"log":{"level":"information"},"message":"Registry value set:\nRuleName: \nEventType: SetValue\nUtcTime: 2019-10-28 02:31:41.580\nProcessGuid: {a158f72c-530d-5db6-0000-001011f7af00}\nProcessId: 5204\nImage: C:\\Windows\\Microsoft.NET\\Framework64\\v4.0.30319\\InstallUtil.exe\nTargetObject: HKU\\S-1-5-21-2379224252-1048547738-3559495803-1113\\Software\\Microsoft\\Windows\\CurrentVersion\\Internet Settings\\ZoneMap\\ProxyBypass\nDetails: DWORD (0x00000001)","winlog":{"task":"Registry value set (rule: RegistryEvent)","version":2,"user":{"identifier":"S-1-5-18","name":"SYSTEM","domain":"NT AUTHORITY","type":"User"},"channel":"Microsoft-Windows-Sysmon/Operational","api":"wineventlog","computer_name":"ACCT001.shire.com","event_id":13,"record_id":271734,"provider_guid":"{5770385f-c22a-43e0-bf4c-06f5698ffbd9}","opcode":"Info","event_data":{"UtcTime":"2019-10-28 02:31:41.580","ProcessGuid":"{a158f72c-530d-5db6-0000-001011f7af00}","ProcessId":"5204","Image":"C:\\Windows\\Microsoft.NET\\Framework64\\v4.0.30319\\InstallUtil.exe","TargetObject":"HKU\\S-1-5-21-2379224252-1048547738-3559495803-1113\\Software\\Microsoft\\Windows\\CurrentVersion\\Internet Settings\\ZoneMap\\ProxyBypass","Details":"DWORD (0x00000001)","EventType":"SetValue"},"process":{"thread":{"id":5108},"pid":3208},"provider_name":"Microsoft-Windows-Sysmon"}}
{"@timestamp":"2019-10-28T02:31:41.583Z","@metadata":{"beat":"winlogbeat","type":"_doc","version":"7.4.0","topic":"winlogbeat"},"event":{"action":"Registry value set (rule: RegistryEvent)","created":"2019-10-28T02:31:42.517Z","kind":"event","code":13},"log":{"level":"information"},"message":"Registry value set:\nRuleName: \nEventType: SetValue\nUtcTime: 2019-10-28 02:31:41.580\nProcessGuid: {a158f72c-530d-5db6-0000-001011f7af00}\nProcessId: 5204\nImage: C:\\Windows\\Microsoft.NET\\Framework64\\v4.0.30319\\InstallUtil.exe\nTargetObject: HKU\\S-1-5-21-2379224252-1048547738-3559495803-1113\\Software\\Microsoft\\Windows\\CurrentVersion\\Internet Settings\\ZoneMap\\IntranetName\nDetails: DWORD (0x00000001)","winlog":{"process":{"thread":{"id":5108},"pid":3208},"event_data":{"Details":"DWORD (0x00000001)","EventType":"SetValue","UtcTime":"2019-10-28 02:31:41.580","ProcessGuid":"{a158f72c-530d-5db6-0000-001011f7af00}","ProcessId":"5204","Image":"C:\\Windows\\Microsoft.NET\\Framework64\\v4.0.30319\\InstallUtil.exe","TargetObject":"HKU\\S-1-5-21-2379224252-1048547738-3559495803-1113\\Software\\Microsoft\\Windows\\CurrentVersion\\Internet Settings\\ZoneMap\\IntranetName"},"event_id":13,"version":2,"provider_name":"Microsoft-Windows-Sysmon","computer_name":"ACCT001.shire.com","task":"Registry value set (rule: RegistryEvent)","provider_guid":"{5770385f-c22a-43e0-bf4c-06f5698ffbd9}","user":{"identifier":"S-1-5-18","name":"SYSTEM","domain":"NT AUTHORITY","type":"User"},"channel":"Microsoft-Windows-Sysmon/Operational","record_id":271735,"api":"wineventlog","opcode":"Info"},"ecs":{"version":"1.1.0"},"host":{"name":"WECServer"},"agent":{"type":"winlogbeat","ephemeral_id":"df5ad137-6594-4bd7-a3eb-e0eda670370c","hostname":"WECServer","id":"f8e32ecf-6ac8-4748-86ec-f026490623c4","version":"7.4.0"}}
{"@timestamp":"2019-10-28T02:31:41.583Z","@metadata":{"beat":"winlogbeat","type":"_doc","version":"7.4.0","topic":"winlogbeat"},"ecs":{"version":"1.1.0"},"host":{"name":"WECServer"},"agent":{"type":"winlogbeat","ephemeral_id":"df5ad137-6594-4bd7-a3eb-e0eda670370c","hostname":"WECServer","id":"f8e32ecf-6ac8-4748-86ec-f026490623c4","version":"7.4.0"},"winlog":{"api":"wineventlog","event_data":{"UtcTime":"2019-10-28 02:31:41.580","ProcessGuid":"{a158f72c-530d-5db6-0000-001011f7af00}","ProcessId":"5204","Image":"C:\\Windows\\Microsoft.NET\\Framework64\\v4.0.30319\\InstallUtil.exe","TargetObject":"HKU\\S-1-5-21-2379224252-1048547738-3559495803-1113\\Software\\Microsoft\\Windows\\CurrentVersion\\Internet Settings\\ZoneMap\\UNCAsIntranet","Details":"DWORD (0x00000001)","EventType":"SetValue"},"record_id":271736,"version":2,"user":{"identifier":"S-1-5-18","name":"SYSTEM","domain":"NT AUTHORITY","type":"User"},"process":{"pid":3208,"thread":{"id":5108}},"event_id":13,"provider_name":"Microsoft-Windows-Sysmon","channel":"Microsoft-Windows-Sysmon/Operational","computer_name":"ACCT001.shire.com","provider_guid":"{5770385f-c22a-43e0-bf4c-06f5698ffbd9}","task":"Registry value set (rule: RegistryEvent)","opcode":"Info"},"event":{"action":"Registry value set (rule: RegistryEvent)","created":"2019-10-28T02:31:42.517Z","kind":"event","code":13},"log":{"level":"information"},"message":"Registry value set:\nRuleName: \nEventType: SetValue\nUtcTime: 2019-10-28 02:31:41.580\nProcessGuid: {a158f72c-530d-5db6-0000-001011f7af00}\nProcessId: 5204\nImage: C:\\Windows\\Microsoft.NET\\Framework64\\v4.0.30319\\InstallUtil.exe\nTargetObject: HKU\\S-1-5-21-2379224252-1048547738-3559495803-1113\\Software\\Microsoft\\Windows\\CurrentVersion\\Internet Settings\\ZoneMap\\UNCAsIntranet\nDetails: DWORD (0x00000001)"}
{"@timestamp":"2019-10-28T02:31:41.583Z","@metadata":{"beat":"winlogbeat","type":"_doc","version":"7.4.0","topic":"winlogbeat"},"ecs":{"version":"1.1.0"},"host":{"name":"WECServer"},"log":{"level":"information"},"message":"Registry value set:\nRuleName: \nEventType: SetValue\nUtcTime: 2019-10-28 02:31:41.580\nProcessGuid: {a158f72c-530d-5db6-0000-001011f7af00}\nProcessId: 5204\nImage: C:\\Windows\\Microsoft.NET\\Framework64\\v4.0.30319\\InstallUtil.exe\nTargetObject: HKU\\S-1-5-21-2379224252-1048547738-3559495803-1113\\Software\\Microsoft\\Windows\\CurrentVersion\\Internet Settings\\ZoneMap\\AutoDetect\nDetails: DWORD (0x00000000)","winlog":{"opcode":"Info","process":{"thread":{"id":5108},"pid":3208},"provider_guid":"{5770385f-c22a-43e0-bf4c-06f5698ffbd9}","event_data":{"Image":"C:\\Windows\\Microsoft.NET\\Framework64\\v4.0.30319\\InstallUtil.exe","TargetObject":"HKU\\S-1-5-21-2379224252-1048547738-3559495803-1113\\Software\\Microsoft\\Windows\\CurrentVersion\\Internet Settings\\ZoneMap\\AutoDetect","Details":"DWORD (0x00000000)","EventType":"SetValue","UtcTime":"2019-10-28 02:31:41.580","ProcessGuid":"{a158f72c-530d-5db6-0000-001011f7af00}","ProcessId":"5204"},"provider_name":"Microsoft-Windows-Sysmon","computer_name":"ACCT001.shire.com","version":2,"record_id":271737,"user":{"identifier":"S-1-5-18","name":"SYSTEM","domain":"NT AUTHORITY","type":"User"},"channel":"Microsoft-Windows-Sysmon/Operational","event_id":13,"task":"Registry value set (rule: RegistryEvent)","api":"wineventlog"},"event":{"created":"2019-10-28T02:31:42.517Z","kind":"event","code":13,"action":"Registry value set (rule: RegistryEvent)"},"agent":{"type":"winlogbeat","ephemeral_id":"df5ad137-6594-4bd7-a3eb-e0eda670370c","hostname":"WECServer","id":"f8e32ecf-6ac8-4748-86ec-f026490623c4","version":"7.4.0"}}
{"@timestamp":"2019-10-28T02:31:41.583Z","@metadata":{"beat":"winlogbeat","type":"_doc","version":"7.4.0","topic":"winlogbeat"},"host":{"name":"WECServer"},"agent":{"id":"f8e32ecf-6ac8-4748-86ec-f026490623c4","version":"7.4.0","type":"winlogbeat","ephemeral_id":"df5ad137-6594-4bd7-a3eb-e0eda670370c","hostname":"WECServer"},"winlog":{"opcode":"Info","user":{"identifier":"S-1-5-18","name":"SYSTEM","domain":"NT AUTHORITY","type":"User"},"event_id":13,"record_id":271738,"task":"Registry value set (rule: RegistryEvent)","process":{"pid":3208,"thread":{"id":5108}},"channel":"Microsoft-Windows-Sysmon/Operational","computer_name":"ACCT001.shire.com","version":2,"api":"wineventlog","provider_guid":"{5770385f-c22a-43e0-bf4c-06f5698ffbd9}","event_data":{"ProcessGuid":"{a158f72c-530d-5db6-0000-001011f7af00}","ProcessId":"5204","Image":"C:\\Windows\\Microsoft.NET\\Framework64\\v4.0.30319\\InstallUtil.exe","TargetObject":"HKU\\S-1-5-21-2379224252-1048547738-3559495803-1113\\Software\\Microsoft\\Windows\\CurrentVersion\\Internet Settings\\ZoneMap\\ProxyBypass","Details":"DWORD (0x00000001)","EventType":"SetValue","UtcTime":"2019-10-28 02:31:41.580"},"provider_name":"Microsoft-Windows-Sysmon"},"event":{"kind":"event","code":13,"action":"Registry value set (rule: RegistryEvent)","created":"2019-10-28T02:31:42.517Z"},"log":{"level":"information"},"message":"Registry value set:\nRuleName: \nEventType: SetValue\nUtcTime: 2019-10-28 02:31:41.580\nProcessGuid: {a158f72c-530d-5db6-0000-001011f7af00}\nProcessId: 5204\nImage: C:\\Windows\\Microsoft.NET\\Framework64\\v4.0.30319\\InstallUtil.exe\nTargetObject: HKU\\S-1-5-21-2379224252-1048547738-3559495803-1113\\Software\\Microsoft\\Windows\\CurrentVersion\\Internet Settings\\ZoneMap\\ProxyBypass\nDetails: DWORD (0x00000001)","ecs":{"version":"1.1.0"}}
{"@timestamp":"2019-10-28T02:31:41.583Z","@metadata":{"beat":"winlogbeat","type":"_doc","version":"7.4.0","topic":"winlogbeat"},"host":{"name":"WECServer"},"agent":{"hostname":"WECServer","id":"f8e32ecf-6ac8-4748-86ec-f026490623c4","version":"7.4.0","type":"winlogbeat","ephemeral_id":"df5ad137-6594-4bd7-a3eb-e0eda670370c"},"log":{"level":"information"},"message":"Registry value set:\nRuleName: \nEventType: SetValue\nUtcTime: 2019-10-28 02:31:41.580\nProcessGuid: {a158f72c-530d-5db6-0000-001011f7af00}\nProcessId: 5204\nImage: C:\\Windows\\Microsoft.NET\\Framework64\\v4.0.30319\\InstallUtil.exe\nTargetObject: HKU\\S-1-5-21-2379224252-1048547738-3559495803-1113\\Software\\Microsoft\\Windows\\CurrentVersion\\Internet Settings\\ZoneMap\\IntranetName\nDetails: DWORD (0x00000001)","winlog":{"task":"Registry value set (rule: RegistryEvent)","event_id":13,"computer_name":"ACCT001.shire.com","event_data":{"TargetObject":"HKU\\S-1-5-21-2379224252-1048547738-3559495803-1113\\Software\\Microsoft\\Windows\\CurrentVersion\\Internet Settings\\ZoneMap\\IntranetName","Details":"DWORD (0x00000001)","EventType":"SetValue","UtcTime":"2019-10-28 02:31:41.580","ProcessGuid":"{a158f72c-530d-5db6-0000-001011f7af00}","ProcessId":"5204","Image":"C:\\Windows\\Microsoft.NET\\Framework64\\v4.0.30319\\InstallUtil.exe"},"api":"wineventlog","record_id":271739,"process":{"pid":3208,"thread":{"id":5108}},"user":{"type":"User","identifier":"S-1-5-18","name":"SYSTEM","domain":"NT AUTHORITY"},"provider_name":"Microsoft-Windows-Sysmon","provider_guid":"{5770385f-c22a-43e0-bf4c-06f5698ffbd9}","channel":"Microsoft-Windows-Sysmon/Operational","opcode":"Info","version":2},"event":{"kind":"event","code":13,"action":"Registry value set (rule: RegistryEvent)","created":"2019-10-28T02:31:42.517Z"},"ecs":{"version":"1.1.0"}}
{"@timestamp":"2019-10-28T02:31:41.583Z","@metadata":{"beat":"winlogbeat","type":"_doc","version":"7.4.0","topic":"winlogbeat"},"host":{"name":"WECServer"},"agent":{"ephemeral_id":"df5ad137-6594-4bd7-a3eb-e0eda670370c","hostname":"WECServer","id":"f8e32ecf-6ac8-4748-86ec-f026490623c4","version":"7.4.0","type":"winlogbeat"},"event":{"code":13,"action":"Registry value set (rule: RegistryEvent)","created":"2019-10-28T02:31:42.517Z","kind":"event"},"log":{"level":"information"},"message":"Registry value set:\nRuleName: \nEventType: SetValue\nUtcTime: 2019-10-28 02:31:41.580\nProcessGuid: {a158f72c-530d-5db6-0000-001011f7af00}\nProcessId: 5204\nImage: C:\\Windows\\Microsoft.NET\\Framework64\\v4.0.30319\\InstallUtil.exe\nTargetObject: HKU\\S-1-5-21-2379224252-1048547738-3559495803-1113\\Software\\Microsoft\\Windows\\CurrentVersion\\Internet Settings\\ZoneMap\\UNCAsIntranet\nDetails: DWORD (0x00000001)","winlog":{"user":{"identifier":"S-1-5-18","name":"SYSTEM","domain":"NT AUTHORITY","type":"User"},"event_id":13,"record_id":271740,"api":"wineventlog","provider_name":"Microsoft-Windows-Sysmon","task":"Registry value set (rule: RegistryEvent)","opcode":"Info","process":{"pid":3208,"thread":{"id":5108}},"computer_name":"ACCT001.shire.com","provider_guid":"{5770385f-c22a-43e0-bf4c-06f5698ffbd9}","version":2,"channel":"Microsoft-Windows-Sysmon/Operational","event_data":{"Image":"C:\\Windows\\Microsoft.NET\\Framework64\\v4.0.30319\\InstallUtil.exe","TargetObject":"HKU\\S-1-5-21-2379224252-1048547738-3559495803-1113\\Software\\Microsoft\\Windows\\CurrentVersion\\Internet Settings\\ZoneMap\\UNCAsIntranet","Details":"DWORD (0x00000001)","EventType":"SetValue","UtcTime":"2019-10-28 02:31:41.580","ProcessGuid":"{a158f72c-530d-5db6-0000-001011f7af00}","ProcessId":"5204"}},"ecs":{"version":"1.1.0"}}
{"@timestamp":"2019-10-28T02:31:41.584Z","@metadata":{"beat":"winlogbeat","type":"_doc","version":"7.4.0","topic":"winlogbeat"},"ecs":{"version":"1.1.0"},"host":{"name":"WECServer"},"agent":{"version":"7.4.0","type":"winlogbeat","ephemeral_id":"df5ad137-6594-4bd7-a3eb-e0eda670370c","hostname":"WECServer","id":"f8e32ecf-6ac8-4748-86ec-f026490623c4"},"winlog":{"computer_name":"ACCT001.shire.com","version":2,"event_data":{"Details":"DWORD (0x00000000)","EventType":"SetValue","UtcTime":"2019-10-28 02:31:41.580","ProcessGuid":"{a158f72c-530d-5db6-0000-001011f7af00}","ProcessId":"5204","Image":"C:\\Windows\\Microsoft.NET\\Framework64\\v4.0.30319\\InstallUtil.exe","TargetObject":"HKU\\S-1-5-21-2379224252-1048547738-3559495803-1113\\Software\\Microsoft\\Windows\\CurrentVersion\\Internet Settings\\ZoneMap\\AutoDetect"},"process":{"pid":3208,"thread":{"id":5108}},"user":{"identifier":"S-1-5-18","name":"SYSTEM","domain":"NT AUTHORITY","type":"User"},"event_id":13,"record_id":271741,"provider_guid":"{5770385f-c22a-43e0-bf4c-06f5698ffbd9}","channel":"Microsoft-Windows-Sysmon/Operational","provider_name":"Microsoft-Windows-Sysmon","api":"wineventlog","opcode":"Info","task":"Registry value set (rule: RegistryEvent)"},"event":{"kind":"event","code":13,"action":"Registry value set (rule: RegistryEvent)","created":"2019-10-28T02:31:42.517Z"},"log":{"level":"information"},"message":"Registry value set:\nRuleName: \nEventType: SetValue\nUtcTime: 2019-10-28 02:31:41.580\nProcessGuid: {a158f72c-530d-5db6-0000-001011f7af00}\nProcessId: 5204\nImage: C:\\Windows\\Microsoft.NET\\Framework64\\v4.0.30319\\InstallUtil.exe\nTargetObject: HKU\\S-1-5-21-2379224252-1048547738-3559495803-1113\\Software\\Microsoft\\Windows\\CurrentVersion\\Internet Settings\\ZoneMap\\AutoDetect\nDetails: DWORD (0x00000000)"}
{"@timestamp":"2019-10-28T02:31:41.585Z","@metadata":{"beat":"winlogbeat","type":"_doc","version":"7.4.0","topic":"winlogbeat"},"winlog":{"opcode":"Info","process":{"pid":3208,"thread":{"id":5108}},"version":3,"event_id":7,"provider_name":"Microsoft-Windows-Sysmon","task":"Image loaded (rule: ImageLoad)","event_data":{"UtcTime":"2019-10-28 02:31:41.580","FileVersion":"7.0.18362.1 (WinBuild.160101.0800)","SignatureStatus":"Valid","Signature":"Microsoft Windows","OriginalFileName":"propsys.dll","Description":"Microsoft Property System","Product":"Windows Search","ProcessGuid":"{a158f72c-530d-5db6-0000-001011f7af00}","ProcessId":"5204","Company":"Microsoft Corporation","Hashes":"SHA1=A4BA5CCB26C5C810EA58449CF0D2184FEE7E6776,MD5=E8AA4A19EA935E2B17C0EE198F3AD67A,SHA256=41FB3654F7F1B54AD7878D892D8004CDF1212B297B778458B40A9E08FDE8702C,IMPHASH=0D1929519D5C1A55D02774067E6F2181","ImageLoaded":"C:\\Windows\\System32\\propsys.dll","Image":"C:\\Windows\\Microsoft.NET\\Framework64\\v4.0.30319\\InstallUtil.exe","Signed":"true"},"api":"wineventlog","computer_name":"ACCT001.shire.com","provider_guid":"{5770385f-c22a-43e0-bf4c-06f5698ffbd9}","user":{"name":"SYSTEM","domain":"NT AUTHORITY","type":"User","identifier":"S-1-5-18"},"channel":"Microsoft-Windows-Sysmon/Operational","record_id":271742},"event":{"kind":"event","code":7,"action":"Image loaded (rule: ImageLoad)","created":"2019-10-28T02:31:42.517Z"},"log":{"level":"information"},"message":"Image loaded:\nRuleName: \nUtcTime: 2019-10-28 02:31:41.580\nProcessGuid: {a158f72c-530d-5db6-0000-001011f7af00}\nProcessId: 5204\nImage: C:\\Windows\\Microsoft.NET\\Framework64\\v4.0.30319\\InstallUtil.exe\nImageLoaded: C:\\Windows\\System32\\propsys.dll\nFileVersion: 7.0.18362.1 (WinBuild.160101.0800)\nDescription: Microsoft Property System\nProduct: Windows Search\nCompany: Microsoft Corporation\nOriginalFileName: propsys.dll\nHashes: SHA1=A4BA5CCB26C5C810EA58449CF0D2184FEE7E6776,MD5=E8AA4A19EA935E2B17C0EE198F3AD67A,SHA256=41FB3654F7F1B54AD7878D892D8004CDF1212B297B778458B40A9E08FDE8702C,IMPHASH=0D1929519D5C1A55D02774067E6F2181\nSigned: true\nSignature: Microsoft Windows\nSignatureStatus: Valid","host":{"name":"WECServer"},"agent":{"type":"winlogbeat","ephemeral_id":"df5ad137-6594-4bd7-a3eb-e0eda670370c","hostname":"WECServer","id":"f8e32ecf-6ac8-4748-86ec-f026490623c4","version":"7.4.0"},"ecs":{"version":"1.1.0"}}
{"@timestamp":"2019-10-28T02:31:41.586Z","@metadata":{"beat":"winlogbeat","type":"_doc","version":"7.4.0","topic":"winlogbeat"},"winlog":{"version":3,"provider_guid":"{5770385f-c22a-43e0-bf4c-06f5698ffbd9}","user":{"identifier":"S-1-5-18","name":"SYSTEM","domain":"NT AUTHORITY","type":"User"},"task":"Image loaded (rule: ImageLoad)","api":"wineventlog","process":{"pid":3208,"thread":{"id":5108}},"event_id":7,"record_id":271743,"opcode":"Info","computer_name":"ACCT001.shire.com","event_data":{"Company":"Microsoft Corporation","Image":"C:\\Windows\\Microsoft.NET\\Framework64\\v4.0.30319\\InstallUtil.exe","Signature":"Microsoft Windows","SignatureStatus":"Valid","Product":"Microsoft Windows Operating System","Hashes":"SHA1=61E1C8CB3B16045EBB759F8781A8C9F71CBC0A7B,MD5=263785982A916C2595311B3F60388315,SHA256=CEBC8FD374E8F72E08CE14B9CA30DE7D48FB8F79DEFE410783C115A05A9B1D09,IMPHASH=00AA1A8F47E0B6F5CA2B74634D1E7F7F","ProcessId":"5204","Description":"OLEAUT32.DLL","ProcessGuid":"{a158f72c-530d-5db6-0000-001011f7af00}","Signed":"true","UtcTime":"2019-10-28 02:31:41.580","FileVersion":"10.0.18362.1 (WinBuild.160101.0800)","ImageLoaded":"C:\\Windows\\System32\\oleaut32.dll","OriginalFileName":"OLEAUT32.DLL"},"channel":"Microsoft-Windows-Sysmon/Operational","provider_name":"Microsoft-Windows-Sysmon"},"event":{"code":7,"action":"Image loaded (rule: ImageLoad)","created":"2019-10-28T02:31:42.517Z","kind":"event"},"log":{"level":"information"},"message":"Image loaded:\nRuleName: \nUtcTime: 2019-10-28 02:31:41.580\nProcessGuid: {a158f72c-530d-5db6-0000-001011f7af00}\nProcessId: 5204\nImage: C:\\Windows\\Microsoft.NET\\Framework64\\v4.0.30319\\InstallUtil.exe\nImageLoaded: C:\\Windows\\System32\\oleaut32.dll\nFileVersion: 10.0.18362.1 (WinBuild.160101.0800)\nDescription: OLEAUT32.DLL\nProduct: Microsoft Windows Operating System\nCompany: Microsoft Corporation\nOriginalFileName: OLEAUT32.DLL\nHashes: SHA1=61E1C8CB3B16045EBB759F8781A8C9F71CBC0A7B,MD5=263785982A916C2595311B3F60388315,SHA256=CEBC8FD374E8F72E08CE14B9CA30DE7D48FB8F79DEFE410783C115A05A9B1D09,IMPHASH=00AA1A8F47E0B6F5CA2B74634D1E7F7F\nSigned: true\nSignature: Microsoft Windows\nSignatureStatus: Valid","agent":{"hostname":"WECServer","id":"f8e32ecf-6ac8-4748-86ec-f026490623c4","version":"7.4.0","type":"winlogbeat","ephemeral_id":"df5ad137-6594-4bd7-a3eb-e0eda670370c"},"ecs":{"version":"1.1.0"},"host":{"name":"WECServer"}}
{"@timestamp":"2019-10-28T02:31:41.616Z","@metadata":{"beat":"winlogbeat","type":"_doc","version":"7.4.0","topic":"winlogbeat"},"winlog":{"process":{"pid":3208,"thread":{"id":5108}},"user":{"type":"User","identifier":"S-1-5-18","name":"SYSTEM","domain":"NT AUTHORITY"},"api":"wineventlog","version":2,"provider_name":"Microsoft-Windows-Sysmon","computer_name":"ACCT001.shire.com","provider_guid":"{5770385f-c22a-43e0-bf4c-06f5698ffbd9}","opcode":"Info","channel":"Microsoft-Windows-Sysmon/Operational","event_data":{"ProcessGuid":"{a158f72c-a391-5db5-0000-0010b96f0100}","ProcessId":"2112","Image":"C:\\Windows\\system32\\svchost.exe","TargetFilename":"C:\\Windows\\Prefetch\\CERTUTIL.EXE-FA34F34C.pf","CreationUtcTime":"2019-10-28 02:08:08.730","UtcTime":"2019-10-28 02:31:41.611"},"event_id":11,"record_id":271744,"task":"File created (rule: FileCreate)"},"event":{"created":"2019-10-28T02:31:42.517Z","kind":"event","code":11,"action":"File created (rule: FileCreate)"},"log":{"level":"information"},"message":"File created:\nRuleName: \nUtcTime: 2019-10-28 02:31:41.611\nProcessGuid: {a158f72c-a391-5db5-0000-0010b96f0100}\nProcessId: 2112\nImage: C:\\Windows\\system32\\svchost.exe\nTargetFilename: C:\\Windows\\Prefetch\\CERTUTIL.EXE-FA34F34C.pf\nCreationUtcTime: 2019-10-28 02:08:08.730","ecs":{"version":"1.1.0"},"host":{"name":"WECServer"},"agent":{"hostname":"WECServer","id":"f8e32ecf-6ac8-4748-86ec-f026490623c4","version":"7.4.0","type":"winlogbeat","ephemeral_id":"df5ad137-6594-4bd7-a3eb-e0eda670370c"}}
