{"@timestamp":"2019-10-28T02:31:41.870Z","@metadata":{"beat":"winlogbeat","type":"_doc","version":"7.4.0","topic":"winlogbeat"},"winlog":{"provider_name":"Microsoft-Windows-Sysmon","record_id":271745,"computer_name":"ACCT001.shire.com","version":3,"channel":"Microsoft-Windows-Sysmon/Operational","event_id":7,"opcode":"Info","api":"wineventlog","provider_guid":"{5770385f-c22a-43e0-bf4c-06f5698ffbd9}","process":{"pid":3208,"thread":{"id":5116}},"user":{"identifier":"S-1-5-18","name":"SYSTEM","domain":"NT AUTHORITY","type":"User"},"event_data":{"Description":".NET Framework","ProcessId":"5204","ImageLoaded":"C:\\Windows\\assembly\\NativeImages_v4.0.30319_64\\System.Core\\a314e918c1d1153fa4c3fd8d696974ae\\System.Core.ni.dll","Product":"Microsoft .NET Framework","OriginalFileName":"System.Core.dll","UtcTime":"2019-10-28 02:31:41.736","Image":"C:\\Windows\\Microsoft.NET\\Framework64\\v4.0.30319\\InstallUtil.exe","FileVersion":"4.8.4001.0 built by: NET48REL1LAST_C","ProcessGuid":"{a158f72c-530d-5db6-0000-001011f7af00}","Hashes":"SHA1=C363C75345FE2EEFCBFF9DDD709A9C712DB72894,MD5=BD48FE6CB2091D7132801993B0202E7D,SHA256=CD2F428FED06222E28F38EE7BB0C622870E267387F5BA53C60AF0FA7462BB142,IMPHASH=00000000000000000000000000000000","Signed":"false","Company":"Microsoft Corporation","SignatureStatus":"Unavailable"},"task":"Image loaded (rule: ImageLoad)"},"event":{"kind":"event","code":7,"action":"Image loaded (rule: ImageLoad)","created":"2019-10-28T02:31:42.518Z"},"log":{"level":"information"},"message":"Image loaded:\nRuleName: \nUtcTime: 2019-10-28 02:31:41.736\nProcessGuid: {a158f72c-530d-5db6-0000-001011f7af00}\nProcessId: 5204\nImage: C:\\Windows\\Microsoft.NET\\Framework64\\v4.0.30319\\InstallUtil.exe\nImageLoaded: C:\\Windows\\assembly\\NativeImages_v4.0.30319_64\\System.Core\\a314e918c1d1153fa4c3fd8d696974ae\\System.Core.ni.dll\nFileVersion: 4.8.4001.0 built by: NET48REL1LAST_C\nDescription: .NET Framework\nProduct: Microsoft .NET Framework\nCompany: Microsoft Corporation\nOriginalFileName: System.Core.dll\nHashes: SHA1=C363C75345FE2EEFCBFF9DDD709A9C712DB72894,MD5=BD48FE6CB2091D7132801993B0202E7D,SHA256=CD2F428FED06222E28F38EE7BB0C622870E267387F5BA53C60AF0FA7462BB142,IMPHASH=00000000000000000000000000000000\nSigned: false\nSignature: \nSignatureStatus: Unavailable","ecs":{"version":"1.1.0"},"host":{"name":"WECServer"},"agent":{"version":"7.4.0","type":"winlogbeat","ephemeral_id":"df5ad137-6594-4bd7-a3eb-e0eda670370c","hostname":"WECServer","id":"f8e32ecf-6ac8-4748-86ec-f026490623c4"}}
{"@timestamp":"2019-10-28T02:31:41.886Z","@metadata":{"beat":"winlogbeat","type":"_doc","version":"7.4.0","topic":"winlogbeat"},"log":{"level":"information"},"ecs":{"version":"1.1.0"},"host":{"name":"WECServer"},"agent":{"type":"winlogbeat","ephemeral_id":"df5ad137-6594-4bd7-a3eb-e0eda670370c","hostname":"WECServer","id":"f8e32ecf-6ac8-4748-86ec-f026490623c4","version":"7.4.0"},"message":"Image loaded:\nRuleName: \nUtcTime: 2019-10-28 02:31:41.767\nProcessGuid: {a158f72c-530d-5db6-0000-001011f7af00}\nProcessId: 5204\nImage: C:\\Windows\\Microsoft.NET\\Framework64\\v4.0.30319\\InstallUtil.exe\nImageLoaded: C:\\Windows\\assembly\\NativeImages_v4.0.30319_64\\System.Configuration\\aaa5d956b83ee5a1afc731909cdca249\\System.Configuration.ni.dll\nFileVersion: 4.8.3752.0 built by: NET48REL1\nDescription: System.Configuration.dll\nProduct: Microsoft .NET Framework\nCompany: Microsoft Corporation\nOriginalFileName: System.Configuration.dll\nHashes: SHA1=777403574D1CA1F57D46CC906E689937988A3754,MD5=021FB8A237358184C7750A87FA86C869,SHA256=CAE1E3B2426E746D2ED1D1A45092ECD755089EA0428076E75222CBE2412A230C,IMPHASH=00000000000000000000000000000000\nSigned: false\nSignature: \nSignatureStatus: Unavailable","winlog":{"record_id":271746,"process":{"pid":3208,"thread":{"id":5116}},"channel":"Microsoft-Windows-Sysmon/Operational","event_data":{"UtcTime":"2019-10-28 02:31:41.767","OriginalFileName":"System.Configuration.dll","FileVersion":"4.8.3752.0 built by: NET48REL1","Image":"C:\\Windows\\Microsoft.NET\\Framework64\\v4.0.30319\\InstallUtil.exe","ProcessId":"5204","ProcessGuid":"{a158f72c-530d-5db6-0000-001011f7af00}","Product":"Microsoft .NET Framework","Hashes":"SHA1=777403574D1CA1F57D46CC906E689937988A3754,MD5=021FB8A237358184C7750A87FA86C869,SHA256=CAE1E3B2426E746D2ED1D1A45092ECD755089EA0428076E75222CBE2412A230C,IMPHASH=00000000000000000000000000000000","Signed":"false","SignatureStatus":"Unavailable","Description":"System.Configuration.dll","Company":"Microsoft Corporation","ImageLoaded":"C:\\Windows\\assembly\\NativeImages_v4.0.30319_64\\System.Configuration\\aaa5d956b83ee5a1afc731909cdca249\\System.Configuration.ni.dll"},"version":3,"opcode":"Info","provider_name":"Microsoft-Windows-Sysmon","provider_guid":"{5770385f-c22a-43e0-bf4c-06f5698ffbd9}","event_id":7,"user":{"domain":"NT AUTHORITY","type":"User","identifier":"S-1-5-18","name":"SYSTEM"},"task":"Image loaded (rule: ImageLoad)","api":"wineventlog","computer_name":"ACCT001.shire.com"},"event":{"code":7,"action":"Image loaded (rule: ImageLoad)","created":"2019-10-28T02:31:42.518Z","kind":"event"}}
{"@timestamp":"2019-10-28T02:31:41.931Z","@metadata":{"beat":"winlogbeat","type":"_doc","version":"7.4.0","topic":"winlogbeat"},"ecs":{"version":"1.1.0"},"host":{"name":"WECServer"},"winlog":{"record_id":271747,"opcode":"Info","channel":"Microsoft-Windows-Sysmon/Operational","user":{"identifier":"S-1-5-18","name":"SYSTEM","domain":"NT AUTHORITY","type":"User"},"event_id":7,"task":"Image loaded (rule: ImageLoad)","api":"wineventlog","computer_name":"ACCT001.shire.com","provider_guid":"{5770385f-c22a-43e0-bf4c-06f5698ffbd9}","process":{"thread":{"id":5108},"pid":3208},"provider_name":"Microsoft-Windows-Sysmon","event_data":{"Description":"Windows Shell Common Dll","Signed":"true","SignatureStatus":"Valid","Hashes":"SHA1=0D14F1608D67EF5007789C7F23DCA145C7B3A11C,MD5=6C7E0FF897DA1BAB52474665716B1E2D,SHA256=9E39A02E3F63E0692F840BA9E1CA01DB4177EBBE6987DA6456F5FFF81CDCE698,IMPHASH=72F8DF168838EAD98B499AD22D7362A3","Company":"Microsoft Corporation","OriginalFileName":"SHELL32.DLL","Signature":"Microsoft Windows","UtcTime":"2019-10-28 02:31:41.908","ProcessId":"5204","Product":"Microsoft Windows Operating System","Image":"C:\\Windows\\Microsoft.NET\\Framework64\\v4.0.30319\\InstallUtil.exe","ImageLoaded":"C:\\Windows\\System32\\shell32.dll","ProcessGuid":"{a158f72c-530d-5db6-0000-001011f7af00}","FileVersion":"10.0.18362.1 (WinBuild.160101.0800)"},"version":3},"event":{"code":7,"action":"Image loaded (rule: ImageLoad)","created":"2019-10-28T02:31:42.518Z","kind":"event"},"log":{"level":"information"},"message":"Image loaded:\nRuleName: \nUtcTime: 2019-10-28 02:31:41.908\nProcessGuid: {a158f72c-530d-5db6-0000-001011f7af00}\nProcessId: 5204\nImage: C:\\Windows\\Microsoft.NET\\Framework64\\v4.0.30319\\InstallUtil.exe\nImageLoaded: C:\\Windows\\System32\\shell32.dll\nFileVersion: 10.0.18362.1 (WinBuild.160101.0800)\nDescription: Windows Shell Common Dll\nProduct: Microsoft Windows Operating System\nCompany: Microsoft Corporation\nOriginalFileName: SHELL32.DLL\nHashes: SHA1=0D14F1608D67EF5007789C7F23DCA145C7B3A11C,MD5=6C7E0FF897DA1BAB52474665716B1E2D,SHA256=9E39A02E3F63E0692F840BA9E1CA01DB4177EBBE6987DA6456F5FFF81CDCE698,IMPHASH=72F8DF168838EAD98B499AD22D7362A3\nSigned: true\nSignature: Microsoft Windows\nSignatureStatus: Valid","agent":{"version":"7.4.0","type":"winlogbeat","ephemeral_id":"df5ad137-6594-4bd7-a3eb-e0eda670370c","hostname":"WECServer","id":"f8e32ecf-6ac8-4748-86ec-f026490623c4"}}
{"@timestamp":"2019-10-28T02:31:41.931Z","@metadata":{"beat":"winlogbeat","type":"_doc","version":"7.4.0","topic":"winlogbeat"},"message":"Image loaded:\nRuleName: \nUtcTime: 2019-10-28 02:31:41.908\nProcessGuid: {a158f72c-530d-5db6-0000-001011f7af00}\nProcessId: 5204\nImage: C:\\Windows\\Microsoft.NET\\Framework64\\v4.0.30319\\InstallUtil.exe\nImageLoaded: C:\\Windows\\System32\\cfgmgr32.dll\nFileVersion: 10.0.18362.1 (WinBuild.160101.0800)\nDescription: Configuration Manager DLL\nProduct: Microsoft Windows Operating System\nCompany: Microsoft Corporation\nOriginalFileName: CFGMGR32.DLL\nHashes: SHA1=0AA6DDA6E525AE3D5E93F7B0DE287F8F981A6805,MD5=E33BF62B7D7325E0A0DFB82D269E85CF,SHA256=60B1F98FA7095ADA9E75CE84ACEB50E0E20DC599393D6D50D97C17C11D1E809C,IMPHASH=4B4464C7677B6F07342800F4CF0BA273\nSigned: true\nSignature: Microsoft Windows\nSignatureStatus: Valid","ecs":{"version":"1.1.0"},"host":{"name":"WECServer"},"agent":{"type":"winlogbeat","ephemeral_id":"df5ad137-6594-4bd7-a3eb-e0eda670370c","hostname":"WECServer","id":"f8e32ecf-6ac8-4748-86ec-f026490623c4","version":"7.4.0"},"winlog":{"event_id":7,"record_id":271748,"computer_name":"ACCT001.shire.com","channel":"Microsoft-Windows-Sysmon/Operational","task":"Image loaded (rule: ImageLoad)","opcode":"Info","provider_guid":"{5770385f-c22a-43e0-bf4c-06f5698ffbd9}","user":{"identifier":"S-1-5-18","name":"SYSTEM","domain":"NT AUTHORITY","type":"User"},"process":{"pid":3208,"thread":{"id":5108}},"provider_name":"Microsoft-Windows-Sysmon","event_data":{"Signed":"true","OriginalFileName":"CFGMGR32.DLL","FileVersion":"10.0.18362.1 (WinBuild.160101.0800)","Product":"Microsoft Windows Operating System","Company":"Microsoft Corporation","Hashes":"SHA1=0AA6DDA6E525AE3D5E93F7B0DE287F8F981A6805,MD5=E33BF62B7D7325E0A0DFB82D269E85CF,SHA256=60B1F98FA7095ADA9E75CE84ACEB50E0E20DC599393D6D50D97C17C11D1E809C,IMPHASH=4B4464C7677B6F07342800F4CF0BA273","Description":"Configuration Manager DLL","UtcTime":"2019-10-28 02:31:41.908","ProcessGuid":"{a158f72c-530d-5db6-0000-001011f7af00}","Image":"C:\\Windows\\Microsoft.NET\\Framework64\\v4.0.30319\\InstallUtil.exe","ImageLoaded":"C:\\Windows\\System32\\cfgmgr32.dll","ProcessId":"5204","Signature":"Microsoft Windows","SignatureStatus":"Valid"},"api":"wineventlog","version":3},"event":{"code":7,"action":"Image loaded (rule: ImageLoad)","created":"2019-10-28T02:31:42.518Z","kind":"event"},"log":{"level":"information"}}
{"@timestamp":"2019-10-28T02:31:41.931Z","@metadata":{"beat":"winlogbeat","type":"_doc","version":"7.4.0","topic":"winlogbeat"},"winlog":{"event_data":{"FileVersion":"10.0.18362.1 (WinBuild.160101.0800)","Hashes":"SHA1=90F229FB5DB52DF3604195B10C48E946684929ED,MD5=ACE18C6797090A1AA259BB8713917F98,SHA256=F5E118F67745792909973717FAE1F9FE68B2619332A4451AD04E0C9072B8D605,IMPHASH=A9B9D04D0B53DC48ABB37BE77AD01B55","Signed":"true","Description":"Cryptographic Service Provider API","SignatureStatus":"Valid","ProcessId":"5204","ImageLoaded":"C:\\Windows\\System32\\cryptsp.dll","UtcTime":"2019-10-28 02:31:41.923","ProcessGuid":"{a158f72c-530d-5db6-0000-001011f7af00}","Product":"Microsoft Windows Operating System","OriginalFileName":"cryptsp.dll","Image":"C:\\Windows\\Microsoft.NET\\Framework64\\v4.0.30319\\InstallUtil.exe","Company":"Microsoft Corporation","Signature":"Microsoft Windows"},"channel":"Microsoft-Windows-Sysmon/Operational","process":{"pid":3208,"thread":{"id":5108}},"version":3,"provider_name":"Microsoft-Windows-Sysmon","record_id":271749,"task":"Image loaded (rule: ImageLoad)","provider_guid":"{5770385f-c22a-43e0-bf4c-06f5698ffbd9}","user":{"identifier":"S-1-5-18","name":"SYSTEM","domain":"NT AUTHORITY","type":"User"},"opcode":"Info","event_id":7,"api":"wineventlog","computer_name":"ACCT001.shire.com"},"event":{"created":"2019-10-28T02:31:42.518Z","kind":"event","code":7,"action":"Image loaded (rule: ImageLoad)"},"log":{"level":"information"},"message":"Image loaded:\nRuleName: \nUtcTime: 2019-10-28 02:31:41.923\nProcessGuid: {a158f72c-530d-5db6-0000-001011f7af00}\nProcessId: 5204\nImage: C:\\Windows\\Microsoft.NET\\Framework64\\v4.0.30319\\InstallUtil.exe\nImageLoaded: C:\\Windows\\System32\\cryptsp.dll\nFileVersion: 10.0.18362.1 (WinBuild.160101.0800)\nDescription: Cryptographic Service Provider API\nProduct: Microsoft Windows Operating System\nCompany: Microsoft Corporation\nOriginalFileName: cryptsp.dll\nHashes: SHA1=90F229FB5DB52DF3604195B10C48E946684929ED,MD5=ACE18C6797090A1AA259BB8713917F98,SHA256=F5E118F67745792909973717FAE1F9FE68B2619332A4451AD04E0C9072B8D605,IMPHASH=A9B9D04D0B53DC48ABB37BE77AD01B55\nSigned: true\nSignature: Microsoft Windows\nSignatureStatus: Valid","ecs":{"version":"1.1.0"},"host":{"name":"WECServer"},"agent":{"version":"7.4.0","type":"winlogbeat","ephemeral_id":"df5ad137-6594-4bd7-a3eb-e0eda670370c","hostname":"WECServer","id":"f8e32ecf-6ac8-4748-86ec-f026490623c4"}}
{"@timestamp":"2019-10-28T02:31:41.932Z","@metadata":{"beat":"winlogbeat","type":"_doc","version":"7.4.0","topic":"winlogbeat"},"event":{"code":7,"action":"Image loaded (rule: ImageLoad)","created":"2019-10-28T02:31:42.518Z","kind":"event"},"log":{"level":"information"},"message":"Image loaded:\nRuleName: \nUtcTime: 2019-10-28 02:31:41.923\nProcessGuid: {a158f72c-530d-5db6-0000-001011f7af00}\nProcessId: 5204\nImage: C:\\Windows\\Microsoft.NET\\Framework64\\v4.0.30319\\InstallUtil.exe\nImageLoaded: C:\\Windows\\System32\\bcrypt.dll\nFileVersion: 10.0.18362.1 (WinBuild.160101.0800)\nDescription: Windows Cryptographic Primitives Library\nProduct: Microsoft Windows Operating System\nCompany: Microsoft Corporation\nOriginalFileName: bcrypt.dll\nHashes: SHA1=C32D8979B0B4E76B11E562CE41775A95C28FBF62,MD5=537DE18D461AFD39FB340EA746C35383,SHA256=7416BC52DC617EEEC8BD4B8B00DD0C687FF213CD7FAB57C362B8EA21CD0D3DD1,IMPHASH=E5649DCD6FA9472DB9A89CCD123913C0\nSigned: true\nSignature: Microsoft Windows\nSignatureStatus: Valid","winlog":{"process":{"pid":3208,"thread":{"id":5108}},"computer_name":"ACCT001.shire.com","provider_guid":"{5770385f-c22a-43e0-bf4c-06f5698ffbd9}","channel":"Microsoft-Windows-Sysmon/Operational","provider_name":"Microsoft-Windows-Sysmon","version":3,"api":"wineventlog","user":{"identifier":"S-1-5-18","name":"SYSTEM","domain":"NT AUTHORITY","type":"User"},"event_data":{"ImageLoaded":"C:\\Windows\\System32\\bcrypt.dll","Signature":"Microsoft Windows","OriginalFileName":"bcrypt.dll","ProcessId":"5204","Company":"Microsoft Corporation","ProcessGuid":"{a158f72c-530d-5db6-0000-001011f7af00}","FileVersion":"10.0.18362.1 (WinBuild.160101.0800)","SignatureStatus":"Valid","UtcTime":"2019-10-28 02:31:41.923","Hashes":"SHA1=C32D8979B0B4E76B11E562CE41775A95C28FBF62,MD5=537DE18D461AFD39FB340EA746C35383,SHA256=7416BC52DC617EEEC8BD4B8B00DD0C687FF213CD7FAB57C362B8EA21CD0D3DD1,IMPHASH=E5649DCD6FA9472DB9A89CCD123913C0","Image":"C:\\Windows\\Microsoft.NET\\Framework64\\v4.0.30319\\InstallUtil.exe","Product":"Microsoft Windows Operating System","Description":"Windows Cryptographic Primitives Library","Signed":"true"},"opcode":"Info","event_id":7,"record_id":271750,"task":"Image loaded (rule: ImageLoad)"},"ecs":{"version":"1.1.0"},"host":{"name":"WECServer"},"agent":{"hostname":"WECServer","id":"f8e32ecf-6ac8-4748-86ec-f026490623c4","version":"7.4.0","type":"winlogbeat","ephemeral_id":"df5ad137-6594-4bd7-a3eb-e0eda670370c"}}
{"@timestamp":"2019-10-28T02:31:41.932Z","@metadata":{"beat":"winlogbeat","type":"_doc","version":"7.4.0","topic":"winlogbeat"},"agent":{"type":"winlogbeat","ephemeral_id":"df5ad137-6594-4bd7-a3eb-e0eda670370c","hostname":"WECServer","id":"f8e32ecf-6ac8-4748-86ec-f026490623c4","version":"7.4.0"},"ecs":{"version":"1.1.0"},"log":{"level":"information"},"message":"Image loaded:\nRuleName: \nUtcTime: 2019-10-28 02:31:41.923\nProcessGuid: {a158f72c-530d-5db6-0000-001011f7af00}\nProcessId: 5204\nImage: C:\\Windows\\Microsoft.NET\\Framework64\\v4.0.30319\\InstallUtil.exe\nImageLoaded: C:\\Windows\\System32\\rsaenh.dll\nFileVersion: 10.0.18362.1 (WinBuild.160101.0800)\nDescription: Microsoft Enhanced Cryptographic Provider\nProduct: Microsoft Windows Operating System\nCompany: Microsoft Corporation\nOriginalFileName: rsaenh.dll\nHashes: SHA1=09310F93E62D8B8BCBBEA36CB3AAF78CB98798EF,MD5=D3102BD5CD3C24E02C68CF6770379402,SHA256=49BF93C5C4D0D4AEE050ED83193DCF3FCB08D50DB5F0B7740436B24B83D14023,IMPHASH=A4C20B1A7B632846186AD47A0810709E\nSigned: true\nSignature: Microsoft Windows\nSignatureStatus: Valid","winlog":{"record_id":271751,"task":"Image loaded (rule: ImageLoad)","process":{"pid":3208,"thread":{"id":5108}},"event_id":7,"api":"wineventlog","provider_guid":"{5770385f-c22a-43e0-bf4c-06f5698ffbd9}","channel":"Microsoft-Windows-Sysmon/Operational","computer_name":"ACCT001.shire.com","version":3,"provider_name":"Microsoft-Windows-Sysmon","opcode":"Info","user":{"identifier":"S-1-5-18","name":"SYSTEM","domain":"NT AUTHORITY","type":"User"},"event_data":{"Company":"Microsoft Corporation","UtcTime":"2019-10-28 02:31:41.923","ProcessId":"5204","Signature":"Microsoft Windows","Description":"Microsoft Enhanced Cryptographic Provider","Product":"Microsoft Windows Operating System","ImageLoaded":"C:\\Windows\\System32\\rsaenh.dll","Hashes":"SHA1=09310F93E62D8B8BCBBEA36CB3AAF78CB98798EF,MD5=D3102BD5CD3C24E02C68CF6770379402,SHA256=49BF93C5C4D0D4AEE050ED83193DCF3FCB08D50DB5F0B7740436B24B83D14023,IMPHASH=A4C20B1A7B632846186AD47A0810709E","Signed":"true","ProcessGuid":"{a158f72c-530d-5db6-0000-001011f7af00}","OriginalFileName":"rsaenh.dll","SignatureStatus":"Valid","FileVersion":"10.0.18362.1 (WinBuild.160101.0800)","Image":"C:\\Windows\\Microsoft.NET\\Framework64\\v4.0.30319\\InstallUtil.exe"}},"event":{"action":"Image loaded (rule: ImageLoad)","created":"2019-10-28T02:31:42.518Z","kind":"event","code":7},"host":{"name":"WECServer"}}
{"@timestamp":"2019-10-28T02:31:42.021Z","@metadata":{"beat":"winlogbeat","type":"_doc","version":"7.4.0","topic":"winlogbeat"},"log":{"level":"information"},"message":"Image loaded:\nRuleName: \nUtcTime: 2019-10-28 02:31:41.908\nProcessGuid: {a158f72c-530d-5db6-0000-001011f7af00}\nProcessId: 5204\nImage: C:\\Windows\\Microsoft.NET\\Framework64\\v4.0.30319\\InstallUtil.exe\nImageLoaded: C:\\Windows\\assembly\\NativeImages_v4.0.30319_64\\System.Xml\\e2a5ebe21ab9ae2c699393d8bd65171b\\System.Xml.ni.dll\nFileVersion: 4.8.3752.0 built by: NET48REL1\nDescription: .NET Framework\nProduct: Microsoft .NET Framework\nCompany: Microsoft Corporation\nOriginalFileName: System.Xml.dll\nHashes: SHA1=A01C789250891E618EDB943C518BF71023012FB3,MD5=3145AA535ABEFC74C3F8B2696A546D88,SHA256=B7FFFA4189859B125DC226A46EABA97D6BD16E76A66D57FD9CED8FC656F7CC57,IMPHASH=00000000000000000000000000000000\nSigned: false\nSignature: \nSignatureStatus: Unavailable","ecs":{"version":"1.1.0"},"host":{"name":"WECServer"},"agent":{"ephemeral_id":"df5ad137-6594-4bd7-a3eb-e0eda670370c","hostname":"WECServer","id":"f8e32ecf-6ac8-4748-86ec-f026490623c4","version":"7.4.0","type":"winlogbeat"},"winlog":{"user":{"name":"SYSTEM","domain":"NT AUTHORITY","type":"User","identifier":"S-1-5-18"},"process":{"pid":3208,"thread":{"id":5116}},"channel":"Microsoft-Windows-Sysmon/Operational","event_id":7,"provider_name":"Microsoft-Windows-Sysmon","computer_name":"ACCT001.shire.com","version":3,"task":"Image loaded (rule: ImageLoad)","opcode":"Info","provider_guid":"{5770385f-c22a-43e0-bf4c-06f5698ffbd9}","event_data":{"ProcessId":"5204","Product":"Microsoft .NET Framework","UtcTime":"2019-10-28 02:31:41.908","Hashes":"SHA1=A01C789250891E618EDB943C518BF71023012FB3,MD5=3145AA535ABEFC74C3F8B2696A546D88,SHA256=B7FFFA4189859B125DC226A46EABA97D6BD16E76A66D57FD9CED8FC656F7CC57,IMPHASH=00000000000000000000000000000000","FileVersion":"4.8.3752.0 built by: NET48REL1","Signed":"false","SignatureStatus":"Unavailable","ProcessGuid":"{a158f72c-530d-5db6-0000-001011f7af00}","ImageLoaded":"C:\\Windows\\assembly\\NativeImages_v4.0.30319_64\\System.Xml\\e2a5ebe21ab9ae2c699393d8bd65171b\\System.Xml.ni.dll","Company":"Microsoft Corporation","Description":".NET Framework","OriginalFileName":"System.Xml.dll","Image":"C:\\Windows\\Microsoft.NET\\Framework64\\v4.0.30319\\InstallUtil.exe"},"record_id":271752,"api":"wineventlog"},"event":{"kind":"event","code":7,"action":"Image loaded (rule: ImageLoad)","created":"2019-10-28T02:31:42.518Z"}}
{"@timestamp":"2019-10-28T02:31:42.033Z","@metadata":{"beat":"winlogbeat","type":"_doc","version":"7.4.0","topic":"winlogbeat"},"log":{"level":"information"},"message":"Image loaded:\nRuleName: \nUtcTime: 2019-10-28 02:31:41.986\nProcessGuid: {a158f72c-530d-5db6-0000-001011f7af00}\nProcessId: 5204\nImage: C:\\Windows\\Microsoft.NET\\Framework64\\v4.0.30319\\InstallUtil.exe\nImageLoaded: C:\\Windows\\System32\\wldp.dll\nFileVersion: 10.0.18362.1 (WinBuild.160101.0800)\nDescription: Windows Lockdown Policy\nProduct: Microsoft Windows Operating System\nCompany: Microsoft Corporation\nOriginalFileName: wldp.dll\nHashes: SHA1=79548D78E3DD34C924A65ACBF2C0DC292CE5E505,MD5=B7CFAE5A9AA0B76E9281E9F8B7B6E377,SHA256=09180A8AAC44AD0CF57A9F5E8CAFEAB588D33800F1E6FB772F0065335E90A713,IMPHASH=A03B860721318475E048BD81FCB67920\nSigned: true\nSignature: Microsoft Windows\nSignatureStatus: Valid","ecs":{"version":"1.1.0"},"host":{"name":"WECServer"},"agent":{"hostname":"WECServer","id":"f8e32ecf-6ac8-4748-86ec-f026490623c4","version":"7.4.0","type":"winlogbeat","ephemeral_id":"df5ad137-6594-4bd7-a3eb-e0eda670370c"},"winlog":{"api":"wineventlog","version":3,"event_data":{"UtcTime":"2019-10-28 02:31:41.986","Description":"Windows Lockdown Policy","ProcessGuid":"{a158f72c-530d-5db6-0000-001011f7af00}","Product":"Microsoft Windows Operating System","Company":"Microsoft Corporation","Hashes":"SHA1=79548D78E3DD34C924A65ACBF2C0DC292CE5E505,MD5=B7CFAE5A9AA0B76E9281E9F8B7B6E377,SHA256=09180A8AAC44AD0CF57A9F5E8CAFEAB588D33800F1E6FB772F0065335E90A713,IMPHASH=A03B860721318475E048BD81FCB67920","SignatureStatus":"Valid","Image":"C:\\Windows\\Microsoft.NET\\Framework64\\v4.0.30319\\InstallUtil.exe","Signed":"true","ProcessId":"5204","ImageLoaded":"C:\\Windows\\System32\\wldp.dll","Signature":"Microsoft Windows","OriginalFileName":"wldp.dll","FileVersion":"10.0.18362.1 (WinBuild.160101.0800)"},"channel":"Microsoft-Windows-Sysmon/Operational","event_id":7,"task":"Image loaded (rule: ImageLoad)","opcode":"Info","provider_guid":"{5770385f-c22a-43e0-bf4c-06f5698ffbd9}","process":{"thread":{"id":5108},"pid":3208},"record_id":271753,"user":{"domain":"NT AUTHORITY","type":"User","identifier":"S-1-5-18","name":"SYSTEM"},"provider_name":"Microsoft-Windows-Sysmon","computer_name":"ACCT001.shire.com"},"event":{"created":"2019-10-28T02:31:42.518Z","kind":"event","code":7,"action":"Image loaded (rule: ImageLoad)"}}
{"@timestamp":"2019-10-28T02:31:42.033Z","@metadata":{"beat":"winlogbeat","type":"_doc","version":"7.4.0","topic":"winlogbeat"},"log":{"level":"information"},"message":"Image loaded:\nRuleName: \nUtcTime: 2019-10-28 02:31:41.986\nProcessGuid: {a158f72c-530d-5db6-0000-001011f7af00}\nProcessId: 5204\nImage: C:\\Windows\\Microsoft.NET\\Framework64\\v4.0.30319\\InstallUtil.exe\nImageLoaded: C:\\Windows\\System32\\crypt32.dll\nFileVersion: 10.0.18362.1 (WinBuild.160101.0800)\nDescription: Crypto API32\nProduct: Microsoft Windows Operating System\nCompany: Microsoft Corporation\nOriginalFileName: CRYPT32.DLL\nHashes: SHA1=35EAADE222905773197428BA4701975EC4CC0F47,MD5=CC7B3372C3CEC0E758D30336AB93FE96,SHA256=0027FF90DCA79C2CC1359DF54B8CECDE3D88FF87A3222D463A52D600086095E3,IMPHASH=B379A20CAA4CFFA680F9DFCB1E5F9E24\nSigned: true\nSignature: Microsoft Windows\nSignatureStatus: Valid","agent":{"ephemeral_id":"df5ad137-6594-4bd7-a3eb-e0eda670370c","hostname":"WECServer","id":"f8e32ecf-6ac8-4748-86ec-f026490623c4","version":"7.4.0","type":"winlogbeat"},"ecs":{"version":"1.1.0"},"host":{"name":"WECServer"},"winlog":{"record_id":271754,"computer_name":"ACCT001.shire.com","opcode":"Info","provider_guid":"{5770385f-c22a-43e0-bf4c-06f5698ffbd9}","event_id":7,"provider_name":"Microsoft-Windows-Sysmon","version":3,"event_data":{"Image":"C:\\Windows\\Microsoft.NET\\Framework64\\v4.0.30319\\InstallUtil.exe","FileVersion":"10.0.18362.1 (WinBuild.160101.0800)","Product":"Microsoft Windows Operating System","UtcTime":"2019-10-28 02:31:41.986","OriginalFileName":"CRYPT32.DLL","ImageLoaded":"C:\\Windows\\System32\\crypt32.dll","ProcessGuid":"{a158f72c-530d-5db6-0000-001011f7af00}","ProcessId":"5204","Company":"Microsoft Corporation","Description":"Crypto API32","Hashes":"SHA1=35EAADE222905773197428BA4701975EC4CC0F47,MD5=CC7B3372C3CEC0E758D30336AB93FE96,SHA256=0027FF90DCA79C2CC1359DF54B8CECDE3D88FF87A3222D463A52D600086095E3,IMPHASH=B379A20CAA4CFFA680F9DFCB1E5F9E24","Signed":"true","Signature":"Microsoft Windows","SignatureStatus":"Valid"},"channel":"Microsoft-Windows-Sysmon/Operational","process":{"pid":3208,"thread":{"id":5108}},"user":{"domain":"NT AUTHORITY","type":"User","identifier":"S-1-5-18","name":"SYSTEM"},"api":"wineventlog","task":"Image loaded (rule: ImageLoad)"},"event":{"kind":"event","code":7,"action":"Image loaded (rule: ImageLoad)","created":"2019-10-28T02:31:42.518Z"}}
{"@timestamp":"2019-10-28T02:31:42.034Z","@metadata":{"beat":"winlogbeat","type":"_doc","version":"7.4.0","topic":"winlogbeat"},"ecs":{"version":"1.1.0"},"message":"Image loaded:\nRuleName: \nUtcTime: 2019-10-28 02:31:41.986\nProcessGuid: {a158f72c-530d-5db6-0000-001011f7af00}\nProcessId: 5204\nImage: C:\\Windows\\Microsoft.NET\\Framework64\\v4.0.30319\\InstallUtil.exe\nImageLoaded: C:\\Windows\\System32\\msasn1.dll\nFileVersion: 10.0.18362.1 (WinBuild.160101.0800)\nDescription: ASN.1 Runtime APIs\nProduct: Microsoft Windows Operating System\nCompany: Microsoft Corporation\nOriginalFileName: msasn1.dll\nHashes: SHA1=F1F2A398A07419B588494558430A141884AD66EF,MD5=23D95BFDCD23EC6AFFF7E4B0703CE464,SHA256=18DE438E2C068383700C5A87423B70B251302F0D5107F331BC7EDE5097504907,IMPHASH=F79599CA729D557E0381EC0A41471A27\nSigned: true\nSignature: Microsoft Windows\nSignatureStatus: Valid","winlog":{"provider_name":"Microsoft-Windows-Sysmon","task":"Image loaded (rule: ImageLoad)","opcode":"Info","provider_guid":"{5770385f-c22a-43e0-bf4c-06f5698ffbd9}","event_data":{"Company":"Microsoft Corporation","SignatureStatus":"Valid","ProcessGuid":"{a158f72c-530d-5db6-0000-001011f7af00}","Image":"C:\\Windows\\Microsoft.NET\\Framework64\\v4.0.30319\\InstallUtil.exe","Hashes":"SHA1=F1F2A398A07419B588494558430A141884AD66EF,MD5=23D95BFDCD23EC6AFFF7E4B0703CE464,SHA256=18DE438E2C068383700C5A87423B70B251302F0D5107F331BC7EDE5097504907,IMPHASH=F79599CA729D557E0381EC0A41471A27","ProcessId":"5204","Product":"Microsoft Windows Operating System","ImageLoaded":"C:\\Windows\\System32\\msasn1.dll","FileVersion":"10.0.18362.1 (WinBuild.160101.0800)","OriginalFileName":"msasn1.dll","UtcTime":"2019-10-28 02:31:41.986","Signed":"true","Signature":"Microsoft Windows","Description":"ASN.1 Runtime APIs"},"computer_name":"ACCT001.shire.com","process":{"pid":3208,"thread":{"id":5108}},"version":3,"user":{"domain":"NT AUTHORITY","type":"User","identifier":"S-1-5-18","name":"SYSTEM"},"channel":"Microsoft-Windows-Sysmon/Operational","event_id":7,"record_id":271755,"api":"wineventlog"},"event":{"action":"Image loaded (rule: ImageLoad)","created":"2019-10-28T02:31:42.518Z","kind":"event","code":7},"log":{"level":"information"},"host":{"name":"WECServer"},"agent":{"id":"f8e32ecf-6ac8-4748-86ec-f026490623c4","version":"7.4.0","type":"winlogbeat","ephemeral_id":"df5ad137-6594-4bd7-a3eb-e0eda670370c","hostname":"WECServer"}}
{"@timestamp":"2019-10-28T02:31:42.034Z","@metadata":{"beat":"winlogbeat","type":"_doc","version":"7.4.0","topic":"winlogbeat"},"winlog":{"process":{"thread":{"id":5108},"pid":3208},"channel":"Microsoft-Windows-Sysmon/Operational","event_id":7,"record_id":271756,"task":"Image loaded (rule: ImageLoad)","opcode":"Info","version":3,"computer_name":"ACCT001.shire.com","provider_guid":"{5770385f-c22a-43e0-bf4c-06f5698ffbd9}","event_data":{"ProcessGuid":"{a158f72c-530d-5db6-0000-001011f7af00}","Product":"Microsoft Windows Operating System","Description":"Microsoft Trust Verification APIs","Image":"C:\\Windows\\Microsoft.NET\\Framework64\\v4.0.30319\\InstallUtil.exe","OriginalFileName":"WINTRUST.DLL","FileVersion":"10.0.18362.1 (WinBuild.160101.0800)","Signature":"Microsoft Windows","Signed":"true","Company":"Microsoft Corporation","Hashes":"SHA1=06FEBD1047F817F5F7A47A294788270D6C4D9756,MD5=5BB40784D8D4BE3E1892376E2F0D8067,SHA256=A561D59F3BB494907BE9EDD14CEC61557A6C3A4B9254C3C40D973E957562E385,IMPHASH=E751A3A6E23E90069D3D56F62FACCF8E","ImageLoaded":"C:\\Windows\\System32\\wintrust.dll","SignatureStatus":"Valid","UtcTime":"2019-10-28 02:31:41.986","ProcessId":"5204"},"user":{"domain":"NT AUTHORITY","type":"User","identifier":"S-1-5-18","name":"SYSTEM"},"provider_name":"Microsoft-Windows-Sysmon","api":"wineventlog"},"event":{"created":"2019-10-28T02:31:42.518Z","kind":"event","code":7,"action":"Image loaded (rule: ImageLoad)"},"log":{"level":"information"},"message":"Image loaded:\nRuleName: \nUtcTime: 2019-10-28 02:31:41.986\nProcessGuid: {a158f72c-530d-5db6-0000-001011f7af00}\nProcessId: 5204\nImage: C:\\Windows\\Microsoft.NET\\Framework64\\v4.0.30319\\InstallUtil.exe\nImageLoaded: C:\\Windows\\System32\\wintrust.dll\nFileVersion: 10.0.18362.1 (WinBuild.160101.0800)\nDescription: Microsoft Trust Verification APIs\nProduct: Microsoft Windows Operating System\nCompany: Microsoft Corporation\nOriginalFileName: WINTRUST.DLL\nHashes: SHA1=06FEBD1047F817F5F7A47A294788270D6C4D9756,MD5=5BB40784D8D4BE3E1892376E2F0D8067,SHA256=A561D59F3BB494907BE9EDD14CEC61557A6C3A4B9254C3C40D973E957562E385,IMPHASH=E751A3A6E23E90069D3D56F62FACCF8E\nSigned: true\nSignature: Microsoft Windows\nSignatureStatus: Valid","ecs":{"version":"1.1.0"},"host":{"name":"WECServer"},"agent":{"type":"winlogbeat","ephemeral_id":"df5ad137-6594-4bd7-a3eb-e0eda670370c","hostname":"WECServer","id":"f8e32ecf-6ac8-4748-86ec-f026490623c4","version":"7.4.0"}}
{"@timestamp":"2019-10-28T02:31:42.034Z","@metadata":{"beat":"winlogbeat","type":"_doc","version":"7.4.0","topic":"winlogbeat"},"message":"Image loaded:\nRuleName: \nUtcTime: 2019-10-28 02:31:41.986\nProcessGuid: {a158f72c-530d-5db6-0000-001011f7af00}\nProcessId: 5204\nImage: C:\\Windows\\Microsoft.NET\\Framework64\\v4.0.30319\\InstallUtil.exe\nImageLoaded: C:\\Windows\\System32\\amsi.dll\nFileVersion: 10.0.18362.1 (WinBuild.160101.0800)\nDescription: Anti-Malware Scan Interface\nProduct: Microsoft Windows Operating System\nCompany: Microsoft Corporation\nOriginalFileName: amsi.dll\nHashes: SHA1=C6027664D44C8579A0EF7F515E12A4542FD782CD,MD5=1C188194C6C1880FB7D9E6F54383FF40,SHA256=0A6947B24CAED32006E86DD83A29C1570DFE4ED363AE22D1277D9211430F73AD,IMPHASH=371B4EC2A6801A18FA86FD488786917F\nSigned: true\nSignature: Microsoft Windows\nSignatureStatus: Valid","agent":{"type":"winlogbeat","ephemeral_id":"df5ad137-6594-4bd7-a3eb-e0eda670370c","hostname":"WECServer","id":"f8e32ecf-6ac8-4748-86ec-f026490623c4","version":"7.4.0"},"ecs":{"version":"1.1.0"},"host":{"name":"WECServer"},"winlog":{"provider_guid":"{5770385f-c22a-43e0-bf4c-06f5698ffbd9}","process":{"pid":3208,"thread":{"id":5108}},"api":"wineventlog","computer_name":"ACCT001.shire.com","event_id":7,"provider_name":"Microsoft-Windows-Sysmon","record_id":271757,"task":"Image loaded (rule: ImageLoad)","opcode":"Info","version":3,"channel":"Microsoft-Windows-Sysmon/Operational","user":{"identifier":"S-1-5-18","name":"SYSTEM","domain":"NT AUTHORITY","type":"User"},"event_data":{"OriginalFileName":"amsi.dll","SignatureStatus":"Valid","Description":"Anti-Malware Scan Interface","Signed":"true","ImageLoaded":"C:\\Windows\\System32\\amsi.dll","UtcTime":"2019-10-28 02:31:41.986","ProcessGuid":"{a158f72c-530d-5db6-0000-001011f7af00}","ProcessId":"5204","FileVersion":"10.0.18362.1 (WinBuild.160101.0800)","Company":"Microsoft Corporation","Product":"Microsoft Windows Operating System","Image":"C:\\Windows\\Microsoft.NET\\Framework64\\v4.0.30319\\InstallUtil.exe","Signature":"Microsoft Windows","Hashes":"SHA1=C6027664D44C8579A0EF7F515E12A4542FD782CD,MD5=1C188194C6C1880FB7D9E6F54383FF40,SHA256=0A6947B24CAED32006E86DD83A29C1570DFE4ED363AE22D1277D9211430F73AD,IMPHASH=371B4EC2A6801A18FA86FD488786917F"}},"event":{"code":7,"action":"Image loaded (rule: ImageLoad)","created":"2019-10-28T02:31:42.518Z","kind":"event"},"log":{"level":"information"}}
{"@timestamp":"2019-10-28T02:31:42.034Z","@metadata":{"beat":"winlogbeat","type":"_doc","version":"7.4.0","topic":"winlogbeat"},"agent":{"type":"winlogbeat","ephemeral_id":"df5ad137-6594-4bd7-a3eb-e0eda670370c","hostname":"WECServer","id":"f8e32ecf-6ac8-4748-86ec-f026490623c4","version":"7.4.0"},"winlog":{"user":{"domain":"NT AUTHORITY","type":"User","identifier":"S-1-5-18","name":"SYSTEM"},"api":"wineventlog","computer_name":"ACCT001.shire.com","opcode":"Info","channel":"Microsoft-Windows-Sysmon/Operational","provider_name":"Microsoft-Windows-Sysmon","provider_guid":"{5770385f-c22a-43e0-bf4c-06f5698ffbd9}","process":{"pid":3208,"thread":{"id":5108}},"event_data":{"Image":"C:\\Windows\\Microsoft.NET\\Framework64\\v4.0.30319\\InstallUtil.exe","UtcTime":"2019-10-28 02:31:41.986","OriginalFileName":"userenv.dll","Signed":"true","Product":"Microsoft Windows Operating System","Signature":"Microsoft Windows","SignatureStatus":"Valid","ImageLoaded":"C:\\Windows\\System32\\userenv.dll","Company":"Microsoft Corporation","FileVersion":"10.0.18362.1 (WinBuild.160101.0800)","Hashes":"SHA1=4DD1C9B79FF9A5F4B72620873F1815D8476D6A6D,MD5=FEB2AF8EA0DED8C71E338895681F6D48,SHA256=79029586E5203D203D732B47FEB659AFA50BF4F573A1DC1051619C04D318A662,IMPHASH=E3B827E1AA20C9249479CE9EC28F8F44","Description":"Userenv","ProcessId":"5204","ProcessGuid":"{a158f72c-530d-5db6-0000-001011f7af00}"},"event_id":7,"record_id":271758,"task":"Image loaded (rule: ImageLoad)","version":3},"event":{"kind":"event","code":7,"action":"Image loaded (rule: ImageLoad)","created":"2019-10-28T02:31:42.518Z"},"log":{"level":"information"},"message":"Image loaded:\nRuleName: \nUtcTime: 2019-10-28 02:31:41.986\nProcessGuid: {a158f72c-530d-5db6-0000-001011f7af00}\nProcessId: 5204\nImage: C:\\Windows\\Microsoft.NET\\Framework64\\v4.0.30319\\InstallUtil.exe\nImageLoaded: C:\\Windows\\System32\\userenv.dll\nFileVersion: 10.0.18362.1 (WinBuild.160101.0800)\nDescription: Userenv\nProduct: Microsoft Windows Operating System\nCompany: Microsoft Corporation\nOriginalFileName: userenv.dll\nHashes: SHA1=4DD1C9B79FF9A5F4B72620873F1815D8476D6A6D,MD5=FEB2AF8EA0DED8C71E338895681F6D48,SHA256=79029586E5203D203D732B47FEB659AFA50BF4F573A1DC1051619C04D318A662,IMPHASH=E3B827E1AA20C9249479CE9EC28F8F44\nSigned: true\nSignature: Microsoft Windows\nSignatureStatus: Valid","ecs":{"version":"1.1.0"},"host":{"name":"WECServer"}}
{"@timestamp":"2019-10-28T02:31:42.059Z","@metadata":{"beat":"winlogbeat","type":"_doc","version":"7.4.0","topic":"winlogbeat"},"ecs":{"version":"1.1.0"},"host":{"name":"WECServer"},"agent":{"type":"winlogbeat","ephemeral_id":"df5ad137-6594-4bd7-a3eb-e0eda670370c","hostname":"WECServer","id":"f8e32ecf-6ac8-4748-86ec-f026490623c4","version":"7.4.0"},"winlog":{"task":"Image loaded (rule: ImageLoad)","api":"wineventlog","computer_name":"ACCT001.shire.com","provider_guid":"{5770385f-c22a-43e0-bf4c-06f5698ffbd9}","process":{"pid":3208,"thread":{"id":5116}},"event_data":{"Hashes":"SHA1=B0EAB7DF29C679E055286A3453AF9B8950A264B7,MD5=059D0371BE7B3D38BE03E651CCD7393E,SHA256=8EB3E33C3F273FAFD7FD5497A7D215E3F068E982AEC2A30F3525D3C60E6FFCB1,IMPHASH=00000000000000000000000000000000","ProcessId":"5204","Company":"Microsoft Corporation","ImageLoaded":"C:\\Windows\\assembly\\NativeImages_v4.0.30319_64\\System.Runteb92aa12#\\909e5f207dae45a8bc4f7882be50bd97\\System.Runtime.Serialization.ni.dll","SignatureStatus":"Unavailable","OriginalFileName":"System.Runtime.Serialization.dll","Image":"C:\\Windows\\Microsoft.NET\\Framework64\\v4.0.30319\\InstallUtil.exe","Description":"System.Runtime.Serialization.dll","ProcessGuid":"{a158f72c-530d-5db6-0000-001011f7af00}","UtcTime":"2019-10-28 02:31:41.986","Signed":"false","Product":"Microsoft .NET Framework","FileVersion":"4.8.3825.0 built by: NET48REL1LAST_B"},"channel":"Microsoft-Windows-Sysmon/Operational","version":3,"opcode":"Info","user":{"type":"User","identifier":"S-1-5-18","name":"SYSTEM","domain":"NT AUTHORITY"},"event_id":7,"record_id":271759,"provider_name":"Microsoft-Windows-Sysmon"},"event":{"created":"2019-10-28T02:31:42.518Z","kind":"event","code":7,"action":"Image loaded (rule: ImageLoad)"},"log":{"level":"information"},"message":"Image loaded:\nRuleName: \nUtcTime: 2019-10-28 02:31:41.986\nProcessGuid: {a158f72c-530d-5db6-0000-001011f7af00}\nProcessId: 5204\nImage: C:\\Windows\\Microsoft.NET\\Framework64\\v4.0.30319\\InstallUtil.exe\nImageLoaded: C:\\Windows\\assembly\\NativeImages_v4.0.30319_64\\System.Runteb92aa12#\\909e5f207dae45a8bc4f7882be50bd97\\System.Runtime.Serialization.ni.dll\nFileVersion: 4.8.3825.0 built by: NET48REL1LAST_B\nDescription: System.Runtime.Serialization.dll\nProduct: Microsoft .NET Framework\nCompany: Microsoft Corporation\nOriginalFileName: System.Runtime.Serialization.dll\nHashes: SHA1=B0EAB7DF29C679E055286A3453AF9B8950A264B7,MD5=059D0371BE7B3D38BE03E651CCD7393E,SHA256=8EB3E33C3F273FAFD7FD5497A7D215E3F068E982AEC2A30F3525D3C60E6FFCB1,IMPHASH=00000000000000000000000000000000\nSigned: false\nSignature: \nSignatureStatus: Unavailable"}
{"@timestamp":"2019-10-28T02:31:42.210Z","@metadata":{"beat":"winlogbeat","type":"_doc","version":"7.4.0","topic":"winlogbeat"},"winlog":{"task":"Image loaded (rule: ImageLoad)","api":"wineventlog","opcode":"Info","process":{"thread":{"id":5116},"pid":3208},"computer_name":"ACCT001.shire.com","version":3,"user":{"type":"User","identifier":"S-1-5-18","name":"SYSTEM","domain":"NT AUTHORITY"},"record_id":271760,"event_data":{"SignatureStatus":"Valid","FileVersion":"10.0.18362.1 (WinBuild.160101.0800)","OriginalFileName":"PSAPI","Signed":"true","Product":"Microsoft Windows Operating System","ProcessId":"5204","Signature":"Microsoft Windows","Hashes":"SHA1=354FBAC912764BBF6595F97A59D5E32041926194,MD5=89D92079F45D2F2539BCD1EEF73A701E,SHA256=6DAE0B5BAC5B2C34FD313B51AC793B6F0C270DA01474E4D1016B119FC1F9CE8F,IMPHASH=A19426362F5443C7159B76FBEAFD171F","Image":"C:\\Windows\\Microsoft.NET\\Framework64\\v4.0.30319\\InstallUtil.exe","UtcTime":"2019-10-28 02:31:42.205","ProcessGuid":"{a158f72c-530d-5db6-0000-001011f7af00}","Company":"Microsoft Corporation","ImageLoaded":"C:\\Windows\\System32\\psapi.dll","Description":"Process Status Helper"},"channel":"Microsoft-Windows-Sysmon/Operational","provider_name":"Microsoft-Windows-Sysmon","provider_guid":"{5770385f-c22a-43e0-bf4c-06f5698ffbd9}","event_id":7},"event":{"code":7,"action":"Image loaded (rule: ImageLoad)","created":"2019-10-28T02:31:42.518Z","kind":"event"},"log":{"level":"information"},"message":"Image loaded:\nRuleName: \nUtcTime: 2019-10-28 02:31:42.205\nProcessGuid: {a158f72c-530d-5db6-0000-001011f7af00}\nProcessId: 5204\nImage: C:\\Windows\\Microsoft.NET\\Framework64\\v4.0.30319\\InstallUtil.exe\nImageLoaded: C:\\Windows\\System32\\psapi.dll\nFileVersion: 10.0.18362.1 (WinBuild.160101.0800)\nDescription: Process Status Helper\nProduct: Microsoft Windows Operating System\nCompany: Microsoft Corporation\nOriginalFileName: PSAPI\nHashes: SHA1=354FBAC912764BBF6595F97A59D5E32041926194,MD5=89D92079F45D2F2539BCD1EEF73A701E,SHA256=6DAE0B5BAC5B2C34FD313B51AC793B6F0C270DA01474E4D1016B119FC1F9CE8F,IMPHASH=A19426362F5443C7159B76FBEAFD171F\nSigned: true\nSignature: Microsoft Windows\nSignatureStatus: Valid","ecs":{"version":"1.1.0"},"host":{"name":"WECServer"},"agent":{"type":"winlogbeat","ephemeral_id":"df5ad137-6594-4bd7-a3eb-e0eda670370c","hostname":"WECServer","id":"f8e32ecf-6ac8-4748-86ec-f026490623c4","version":"7.4.0"}}
{"@timestamp":"2019-10-28T02:31:42.210Z","@metadata":{"beat":"winlogbeat","type":"_doc","version":"7.4.0","topic":"winlogbeat"},"event":{"created":"2019-10-28T02:31:42.518Z","kind":"event","code":7,"action":"Image loaded (rule: ImageLoad)"},"ecs":{"version":"1.1.0"},"host":{"name":"WECServer"},"agent":{"ephemeral_id":"df5ad137-6594-4bd7-a3eb-e0eda670370c","hostname":"WECServer","id":"f8e32ecf-6ac8-4748-86ec-f026490623c4","version":"7.4.0","type":"winlogbeat"},"log":{"level":"information"},"message":"Image loaded:\nRuleName: \nUtcTime: 2019-10-28 02:31:42.205\nProcessGuid: {a158f72c-530d-5db6-0000-001011f7af00}\nProcessId: 5204\nImage: C:\\Windows\\Microsoft.NET\\Framework64\\v4.0.30319\\InstallUtil.exe\nImageLoaded: C:\\Windows\\System32\\IPHLPAPI.DLL\nFileVersion: 10.0.18362.1 (WinBuild.160101.0800)\nDescription: IP Helper API\nProduct: Microsoft Windows Operating System\nCompany: Microsoft Corporation\nOriginalFileName: iphlpapi.dll\nHashes: SHA1=9414EC114C3389E0A7BC2FD986E00946E1A2A299,MD5=3929147A2A34B0902152C7D0F241B02A,SHA256=AD1C5309AA873F6A284EABE382812868E20C3D3D64197F3E6EF9D015EA060CAA,IMPHASH=6EC28633CC4ECB9F457795DD7E00B34B\nSigned: true\nSignature: Microsoft Windows\nSignatureStatus: Valid","winlog":{"provider_guid":"{5770385f-c22a-43e0-bf4c-06f5698ffbd9}","version":3,"user":{"identifier":"S-1-5-18","name":"SYSTEM","domain":"NT AUTHORITY","type":"User"},"provider_name":"Microsoft-Windows-Sysmon","process":{"pid":3208,"thread":{"id":5108}},"event_data":{"SignatureStatus":"Valid","Image":"C:\\Windows\\Microsoft.NET\\Framework64\\v4.0.30319\\InstallUtil.exe","Hashes":"SHA1=9414EC114C3389E0A7BC2FD986E00946E1A2A299,MD5=3929147A2A34B0902152C7D0F241B02A,SHA256=AD1C5309AA873F6A284EABE382812868E20C3D3D64197F3E6EF9D015EA060CAA,IMPHASH=6EC28633CC4ECB9F457795DD7E00B34B","Signature":"Microsoft Windows","UtcTime":"2019-10-28 02:31:42.205","ProcessGuid":"{a158f72c-530d-5db6-0000-001011f7af00}","Product":"Microsoft Windows Operating System","OriginalFileName":"iphlpapi.dll","ProcessId":"5204","ImageLoaded":"C:\\Windows\\System32\\IPHLPAPI.DLL","Signed":"true","FileVersion":"10.0.18362.1 (WinBuild.160101.0800)","Description":"IP Helper API","Company":"Microsoft Corporation"},"record_id":271761,"task":"Image loaded (rule: ImageLoad)","api":"wineventlog","computer_name":"ACCT001.shire.com","channel":"Microsoft-Windows-Sysmon/Operational","opcode":"Info","event_id":7}}
{"@timestamp":"2019-10-28T02:31:42.211Z","@metadata":{"beat":"winlogbeat","type":"_doc","version":"7.4.0","topic":"winlogbeat"},"winlog":{"event_data":{"Hashes":"SHA1=09B4D2BB7B6D44024B76D9C66AB1833E3B14003F,MD5=B4B4D1FDDA13A47DD066899AF6DDA40B,SHA256=CC13039A4EF75A793A97773EA0A1A06B13A5B2F3826FCD6A569367C4DEADDDC4,IMPHASH=70D7A835AF4CA9F98A94AAF1B60BF88F","ProcessGuid":"{a158f72c-530d-5db6-0000-001011f7af00}","Description":"Windows Socket 2.0 32-Bit DLL","OriginalFileName":"ws2_32.dll","ImageLoaded":"C:\\Windows\\System32\\ws2_32.dll","FileVersion":"10.0.18362.1 (WinBuild.160101.0800)","SignatureStatus":"Valid","Signature":"Microsoft Windows","Image":"C:\\Windows\\Microsoft.NET\\Framework64\\v4.0.30319\\InstallUtil.exe","Signed":"true","Company":"Microsoft Corporation","ProcessId":"5204","UtcTime":"2019-10-28 02:31:42.205","Product":"Microsoft Windows Operating System"},"process":{"pid":3208,"thread":{"id":5108}},"channel":"Microsoft-Windows-Sysmon/Operational","provider_name":"Microsoft-Windows-Sysmon","opcode":"Info","api":"wineventlog","computer_name":"ACCT001.shire.com","user":{"type":"User","identifier":"S-1-5-18","name":"SYSTEM","domain":"NT AUTHORITY"},"event_id":7,"provider_guid":"{5770385f-c22a-43e0-bf4c-06f5698ffbd9}","version":3,"record_id":271762,"task":"Image loaded (rule: ImageLoad)"},"event":{"kind":"event","code":7,"action":"Image loaded (rule: ImageLoad)","created":"2019-10-28T02:31:42.518Z"},"log":{"level":"information"},"ecs":{"version":"1.1.0"},"host":{"name":"WECServer"},"agent":{"type":"winlogbeat","ephemeral_id":"df5ad137-6594-4bd7-a3eb-e0eda670370c","hostname":"WECServer","id":"f8e32ecf-6ac8-4748-86ec-f026490623c4","version":"7.4.0"},"message":"Image loaded:\nRuleName: \nUtcTime: 2019-10-28 02:31:42.205\nProcessGuid: {a158f72c-530d-5db6-0000-001011f7af00}\nProcessId: 5204\nImage: C:\\Windows\\Microsoft.NET\\Framework64\\v4.0.30319\\InstallUtil.exe\nImageLoaded: C:\\Windows\\System32\\ws2_32.dll\nFileVersion: 10.0.18362.1 (WinBuild.160101.0800)\nDescription: Windows Socket 2.0 32-Bit DLL\nProduct: Microsoft Windows Operating System\nCompany: Microsoft Corporation\nOriginalFileName: ws2_32.dll\nHashes: SHA1=09B4D2BB7B6D44024B76D9C66AB1833E3B14003F,MD5=B4B4D1FDDA13A47DD066899AF6DDA40B,SHA256=CC13039A4EF75A793A97773EA0A1A06B13A5B2F3826FCD6A569367C4DEADDDC4,IMPHASH=70D7A835AF4CA9F98A94AAF1B60BF88F\nSigned: true\nSignature: Microsoft Windows\nSignatureStatus: Valid"}
{"@timestamp":"2019-10-28T02:31:42.212Z","@metadata":{"beat":"winlogbeat","type":"_doc","version":"7.4.0","topic":"winlogbeat"},"log":{"level":"information"},"message":"Image loaded:\nRuleName: \nUtcTime: 2019-10-28 02:31:42.205\nProcessGuid: {a158f72c-530d-5db6-0000-001011f7af00}\nProcessId: 5204\nImage: C:\\Windows\\Microsoft.NET\\Framework64\\v4.0.30319\\InstallUtil.exe\nImageLoaded: C:\\Windows\\System32\\nsi.dll\nFileVersion: 10.0.18362.1 (WinBuild.160101.0800)\nDescription: NSI User-mode interface DLL\nProduct: Microsoft Windows Operating System\nCompany: Microsoft Corporation\nOriginalFileName: nsi.dll\nHashes: SHA1=1946664D8C218A3A23095DC61A9EA61C4F07E953,MD5=D471D537457155436E2027A8F3EBF271,SHA256=E0E1398106BCF030102AD39A32F0C049AA148AE4909BC0F8D37050FDE7AAA0C4,IMPHASH=DEFB8C5BB37FCD63DC790B55724FDE42\nSigned: true\nSignature: Microsoft Windows\nSignatureStatus: Valid","ecs":{"version":"1.1.0"},"host":{"name":"WECServer"},"agent":{"version":"7.4.0","type":"winlogbeat","ephemeral_id":"df5ad137-6594-4bd7-a3eb-e0eda670370c","hostname":"WECServer","id":"f8e32ecf-6ac8-4748-86ec-f026490623c4"},"winlog":{"computer_name":"ACCT001.shire.com","version":3,"user":{"domain":"NT AUTHORITY","type":"User","identifier":"S-1-5-18","name":"SYSTEM"},"event_id":7,"process":{"pid":3208,"thread":{"id":5108}},"task":"Image loaded (rule: ImageLoad)","api":"wineventlog","provider_guid":"{5770385f-c22a-43e0-bf4c-06f5698ffbd9}","opcode":"Info","event_data":{"ProcessGuid":"{a158f72c-530d-5db6-0000-001011f7af00}","OriginalFileName":"nsi.dll","ProcessId":"5204","FileVersion":"10.0.18362.1 (WinBuild.160101.0800)","Company":"Microsoft Corporation","SignatureStatus":"Valid","ImageLoaded":"C:\\Windows\\System32\\nsi.dll","Signature":"Microsoft Windows","Product":"Microsoft Windows Operating System","UtcTime":"2019-10-28 02:31:42.205","Image":"C:\\Windows\\Microsoft.NET\\Framework64\\v4.0.30319\\InstallUtil.exe","Signed":"true","Description":"NSI User-mode interface DLL","Hashes":"SHA1=1946664D8C218A3A23095DC61A9EA61C4F07E953,MD5=D471D537457155436E2027A8F3EBF271,SHA256=E0E1398106BCF030102AD39A32F0C049AA148AE4909BC0F8D37050FDE7AAA0C4,IMPHASH=DEFB8C5BB37FCD63DC790B55724FDE42"},"channel":"Microsoft-Windows-Sysmon/Operational","provider_name":"Microsoft-Windows-Sysmon","record_id":271763},"event":{"code":7,"action":"Image loaded (rule: ImageLoad)","created":"2019-10-28T02:31:42.518Z","kind":"event"}}
{"@timestamp":"2019-10-28T02:31:42.212Z","@metadata":{"beat":"winlogbeat","type":"_doc","version":"7.4.0","topic":"winlogbeat"},"host":{"name":"WECServer"},"agent":{"ephemeral_id":"df5ad137-6594-4bd7-a3eb-e0eda670370c","hostname":"WECServer","id":"f8e32ecf-6ac8-4748-86ec-f026490623c4","version":"7.4.0","type":"winlogbeat"},"message":"Registry object added or deleted:\nRuleName: \nEventType: CreateKey\nUtcTime: 2019-10-28 02:31:42.205\nProcessGuid: {a158f72c-530d-5db6-0000-001011f7af00}\nProcessId: 5204\nImage: C:\\Windows\\Microsoft.NET\\Framework64\\v4.0.30319\\InstallUtil.exe\nTargetObject: HKLM\\System\\CurrentControlSet\\Services\\Tcpip\\Parameters","winlog":{"channel":"Microsoft-Windows-Sysmon/Operational","record_id":271764,"task":"Registry object added or deleted (rule: RegistryEvent)","version":2,"user":{"type":"User","identifier":"S-1-5-18","name":"SYSTEM","domain":"NT AUTHORITY"},"event_data":{"TargetObject":"HKLM\\System\\CurrentControlSet\\Services\\Tcpip\\Parameters","EventType":"CreateKey","UtcTime":"2019-10-28 02:31:42.205","ProcessGuid":"{a158f72c-530d-5db6-0000-001011f7af00}","ProcessId":"5204","Image":"C:\\Windows\\Microsoft.NET\\Framework64\\v4.0.30319\\InstallUtil.exe"},"provider_name":"Microsoft-Windows-Sysmon","api":"wineventlog","opcode":"Info","process":{"thread":{"id":5108},"pid":3208},"event_id":12,"provider_guid":"{5770385f-c22a-43e0-bf4c-06f5698ffbd9}","computer_name":"ACCT001.shire.com"},"event":{"action":"Registry object added or deleted (rule: RegistryEvent)","created":"2019-10-28T02:31:42.518Z","kind":"event","code":12},"log":{"level":"information"},"ecs":{"version":"1.1.0"}}
{"@timestamp":"2019-10-28T02:31:42.212Z","@metadata":{"beat":"winlogbeat","type":"_doc","version":"7.4.0","topic":"winlogbeat"},"event":{"kind":"event","code":12,"action":"Registry object added or deleted (rule: RegistryEvent)","created":"2019-10-28T02:31:42.518Z"},"log":{"level":"information"},"message":"Registry object added or deleted:\nRuleName: \nEventType: CreateKey\nUtcTime: 2019-10-28 02:31:42.205\nProcessGuid: {a158f72c-530d-5db6-0000-001011f7af00}\nProcessId: 5204\nImage: C:\\Windows\\Microsoft.NET\\Framework64\\v4.0.30319\\InstallUtil.exe\nTargetObject: HKLM\\System\\CurrentControlSet\\Services\\Tcpip\\Parameters","ecs":{"version":"1.1.0"},"host":{"name":"WECServer"},"agent":{"ephemeral_id":"df5ad137-6594-4bd7-a3eb-e0eda670370c","hostname":"WECServer","id":"f8e32ecf-6ac8-4748-86ec-f026490623c4","version":"7.4.0","type":"winlogbeat"},"winlog":{"provider_guid":"{5770385f-c22a-43e0-bf4c-06f5698ffbd9}","event_id":12,"provider_name":"Microsoft-Windows-Sysmon","record_id":271765,"task":"Registry object added or deleted (rule: RegistryEvent)","computer_name":"ACCT001.shire.com","user":{"domain":"NT AUTHORITY","type":"User","identifier":"S-1-5-18","name":"SYSTEM"},"channel":"Microsoft-Windows-Sysmon/Operational","version":2,"process":{"pid":3208,"thread":{"id":5108}},"api":"wineventlog","opcode":"Info","event_data":{"ProcessId":"5204","Image":"C:\\Windows\\Microsoft.NET\\Framework64\\v4.0.30319\\InstallUtil.exe","TargetObject":"HKLM\\System\\CurrentControlSet\\Services\\Tcpip\\Parameters","EventType":"CreateKey","UtcTime":"2019-10-28 02:31:42.205","ProcessGuid":"{a158f72c-530d-5db6-0000-001011f7af00}"}}}
