{"@timestamp":"2019-10-28T02:31:41.382Z","@metadata":{"beat":"winlogbeat","type":"_doc","version":"7.4.0","topic":"winlogbeat"},"message":"Image loaded:\nRuleName: \nUtcTime: 2019-10-28 02:31:41.376\nProcessGuid: {a158f72c-530d-5db6-0000-001062e9af00}\nProcessId: 3728\nImage: C:\\Windows\\System32\\certutil.exe\nImageLoaded: C:\\Windows\\System32\\ucrtbase.dll\nFileVersion: 10.0.18362.1 (WinBuild.160101.0800)\nDescription: Microsoft C Runtime Library\nProduct: Microsoft Windows Operating System\nCompany: Microsoft Corporation\nOriginalFileName: ucrtbase.dll\nHashes: SHA1=375BEFF676D1823A67E7C9CD4C1F5FEE23AEA291,MD5=E3E6F8CF136910305DA93F81101177A1,SHA256=AEE341007B9149282E99B95336BC627474E85D36176FC240AE66EC12FEECC169,IMPHASH=5AE9A136FAFA10321F3D48251BF4F6A1\nSigned: true\nSignature: Microsoft Windows\nSignatureStatus: Valid","winlog":{"api":"wineventlog","provider_guid":"{5770385f-c22a-43e0-bf4c-06f5698ffbd9}","process":{"pid":3208,"thread":{"id":5108}},"record_id":271590,"computer_name":"ACCT001.shire.com","channel":"Microsoft-Windows-Sysmon/Operational","provider_name":"Microsoft-Windows-Sysmon","task":"Image loaded (rule: ImageLoad)","user":{"name":"SYSTEM","domain":"NT AUTHORITY","type":"User","identifier":"S-1-5-18"},"event_data":{"Image":"C:\\Windows\\System32\\certutil.exe","ImageLoaded":"C:\\Windows\\System32\\ucrtbase.dll","Signed":"true","UtcTime":"2019-10-28 02:31:41.376","SignatureStatus":"Valid","Signature":"Microsoft Windows","Company":"Microsoft Corporation","ProcessId":"3728","Description":"Microsoft C Runtime Library","Hashes":"SHA1=375BEFF676D1823A67E7C9CD4C1F5FEE23AEA291,MD5=E3E6F8CF136910305DA93F81101177A1,SHA256=AEE341007B9149282E99B95336BC627474E85D36176FC240AE66EC12FEECC169,IMPHASH=5AE9A136FAFA10321F3D48251BF4F6A1","ProcessGuid":"{a158f72c-530d-5db6-0000-001062e9af00}","FileVersion":"10.0.18362.1 (WinBuild.160101.0800)","Product":"Microsoft Windows Operating System","OriginalFileName":"ucrtbase.dll"},"event_id":7,"opcode":"Info","version":3},"event":{"kind":"event","code":7,"action":"Image loaded (rule: ImageLoad)","created":"2019-10-28T02:31:42.476Z"},"log":{"level":"information"},"ecs":{"version":"1.1.0"},"host":{"name":"WECServer"},"agent":{"hostname":"WECServer","id":"f8e32ecf-6ac8-4748-86ec-f026490623c4","version":"7.4.0","type":"winlogbeat","ephemeral_id":"df5ad137-6594-4bd7-a3eb-e0eda670370c"}}
{"@timestamp":"2019-10-28T02:31:41.383Z","@metadata":{"beat":"winlogbeat","type":"_doc","version":"7.4.0","topic":"winlogbeat"},"host":{"name":"WECServer"},"winlog":{"provider_name":"Microsoft-Windows-Sysmon","record_id":271591,"task":"Image loaded (rule: ImageLoad)","computer_name":"ACCT001.shire.com","process":{"pid":3208,"thread":{"id":5108}},"event_data":{"ProcessId":"3728","FileVersion":"10.0.18362.1 (WinBuild.160101.0800)","Description":"Microsoft Active Directory Certificate Services CA","OriginalFileName":"CertCa","Hashes":"SHA1=78A195A8A2E929BE952EA678CACF7F9FA9188404,MD5=E59F6AEA535F84B2D10E8A5C3D75BC87,SHA256=D99A975CCEF15335D0A58F52E3F2B69A20ED86445EE0899FD491FF029E0A4A0B,IMPHASH=C29AF99594BB13A1B41460EE9B8586F4","Signed":"true","Company":"Microsoft Corporation","Image":"C:\\Windows\\System32\\certutil.exe","UtcTime":"2019-10-28 02:31:41.376","ProcessGuid":"{a158f72c-530d-5db6-0000-001062e9af00}","ImageLoaded":"C:\\Windows\\System32\\certca.dll","Signature":"Microsoft Windows","Product":"Microsoft Windows Operating System","SignatureStatus":"Valid"},"event_id":7,"api":"wineventlog","version":3,"channel":"Microsoft-Windows-Sysmon/Operational","opcode":"Info","user":{"name":"SYSTEM","domain":"NT AUTHORITY","type":"User","identifier":"S-1-5-18"},"provider_guid":"{5770385f-c22a-43e0-bf4c-06f5698ffbd9}"},"event":{"kind":"event","code":7,"action":"Image loaded (rule: ImageLoad)","created":"2019-10-28T02:31:42.476Z"},"log":{"level":"information"},"message":"Image loaded:\nRuleName: \nUtcTime: 2019-10-28 02:31:41.376\nProcessGuid: {a158f72c-530d-5db6-0000-001062e9af00}\nProcessId: 3728\nImage: C:\\Windows\\System32\\certutil.exe\nImageLoaded: C:\\Windows\\System32\\certca.dll\nFileVersion: 10.0.18362.1 (WinBuild.160101.0800)\nDescription: Microsoft Active Directory Certificate Services CA\nProduct: Microsoft Windows Operating System\nCompany: Microsoft Corporation\nOriginalFileName: CertCa\nHashes: SHA1=78A195A8A2E929BE952EA678CACF7F9FA9188404,MD5=E59F6AEA535F84B2D10E8A5C3D75BC87,SHA256=D99A975CCEF15335D0A58F52E3F2B69A20ED86445EE0899FD491FF029E0A4A0B,IMPHASH=C29AF99594BB13A1B41460EE9B8586F4\nSigned: true\nSignature: Microsoft Windows\nSignatureStatus: Valid","agent":{"type":"winlogbeat","ephemeral_id":"df5ad137-6594-4bd7-a3eb-e0eda670370c","hostname":"WECServer","id":"f8e32ecf-6ac8-4748-86ec-f026490623c4","version":"7.4.0"},"ecs":{"version":"1.1.0"}}
{"@timestamp":"2019-10-28T02:31:41.383Z","@metadata":{"beat":"winlogbeat","type":"_doc","version":"7.4.0","topic":"winlogbeat"},"message":"Image loaded:\nRuleName: \nUtcTime: 2019-10-28 02:31:41.376\nProcessGuid: {a158f72c-530d-5db6-0000-001062e9af00}\nProcessId: 3728\nImage: C:\\Windows\\System32\\certutil.exe\nImageLoaded: C:\\Windows\\System32\\msasn1.dll\nFileVersion: 10.0.18362.1 (WinBuild.160101.0800)\nDescription: ASN.1 Runtime APIs\nProduct: Microsoft Windows Operating System\nCompany: Microsoft Corporation\nOriginalFileName: msasn1.dll\nHashes: SHA1=F1F2A398A07419B588494558430A141884AD66EF,MD5=23D95BFDCD23EC6AFFF7E4B0703CE464,SHA256=18DE438E2C068383700C5A87423B70B251302F0D5107F331BC7EDE5097504907,IMPHASH=F79599CA729D557E0381EC0A41471A27\nSigned: true\nSignature: Microsoft Windows\nSignatureStatus: Valid","ecs":{"version":"1.1.0"},"host":{"name":"WECServer"},"agent":{"type":"winlogbeat","ephemeral_id":"df5ad137-6594-4bd7-a3eb-e0eda670370c","hostname":"WECServer","id":"f8e32ecf-6ac8-4748-86ec-f026490623c4","version":"7.4.0"},"winlog":{"opcode":"Info","provider_guid":"{5770385f-c22a-43e0-bf4c-06f5698ffbd9}","version":3,"event_id":7,"computer_name":"ACCT001.shire.com","process":{"thread":{"id":5108},"pid":3208},"channel":"Microsoft-Windows-Sysmon/Operational","record_id":271592,"provider_name":"Microsoft-Windows-Sysmon","task":"Image loaded (rule: ImageLoad)","api":"wineventlog","user":{"type":"User","identifier":"S-1-5-18","name":"SYSTEM","domain":"NT AUTHORITY"},"event_data":{"Hashes":"SHA1=F1F2A398A07419B588494558430A141884AD66EF,MD5=23D95BFDCD23EC6AFFF7E4B0703CE464,SHA256=18DE438E2C068383700C5A87423B70B251302F0D5107F331BC7EDE5097504907,IMPHASH=F79599CA729D557E0381EC0A41471A27","FileVersion":"10.0.18362.1 (WinBuild.160101.0800)","OriginalFileName":"msasn1.dll","Company":"Microsoft Corporation","ProcessId":"3728","Description":"ASN.1 Runtime APIs","Signature":"Microsoft Windows","Image":"C:\\Windows\\System32\\certutil.exe","Product":"Microsoft Windows Operating System","UtcTime":"2019-10-28 02:31:41.376","ProcessGuid":"{a158f72c-530d-5db6-0000-001062e9af00}","SignatureStatus":"Valid","ImageLoaded":"C:\\Windows\\System32\\msasn1.dll","Signed":"true"}},"event":{"created":"2019-10-28T02:31:42.476Z","kind":"event","code":7,"action":"Image loaded (rule: ImageLoad)"},"log":{"level":"information"}}
{"@timestamp":"2019-10-28T02:31:41.383Z","@metadata":{"beat":"winlogbeat","type":"_doc","version":"7.4.0","topic":"winlogbeat"},"agent":{"type":"winlogbeat","ephemeral_id":"df5ad137-6594-4bd7-a3eb-e0eda670370c","hostname":"WECServer","id":"f8e32ecf-6ac8-4748-86ec-f026490623c4","version":"7.4.0"},"event":{"kind":"event","code":7,"action":"Image loaded (rule: ImageLoad)","created":"2019-10-28T02:31:42.476Z"},"log":{"level":"information"},"message":"Image loaded:\nRuleName: \nUtcTime: 2019-10-28 02:31:41.376\nProcessGuid: {a158f72c-530d-5db6-0000-001062e9af00}\nProcessId: 3728\nImage: C:\\Windows\\System32\\certutil.exe\nImageLoaded: C:\\Windows\\System32\\gdi32.dll\nFileVersion: 10.0.18362.1 (WinBuild.160101.0800)\nDescription: GDI Client DLL\nProduct: Microsoft Windows Operating System\nCompany: Microsoft Corporation\nOriginalFileName: gdi32\nHashes: SHA1=9E91D74D5B9BF64A3D4BE8C5EA3594F5DA2BC299,MD5=2839609118F48DEA292084E43FAA72D8,SHA256=4FC9460147D5A3AA1F9498863CF10BB7BE6099BEF1A3D55503164CA51E36E27E,IMPHASH=C5F30E6A06AB646153863B68366FE58A\nSigned: true\nSignature: Microsoft Windows\nSignatureStatus: Valid","winlog":{"record_id":271593,"opcode":"Info","event_id":7,"api":"wineventlog","provider_guid":"{5770385f-c22a-43e0-bf4c-06f5698ffbd9}","process":{"pid":3208,"thread":{"id":5108}},"event_data":{"Signed":"true","Signature":"Microsoft Windows","Hashes":"SHA1=9E91D74D5B9BF64A3D4BE8C5EA3594F5DA2BC299,MD5=2839609118F48DEA292084E43FAA72D8,SHA256=4FC9460147D5A3AA1F9498863CF10BB7BE6099BEF1A3D55503164CA51E36E27E,IMPHASH=C5F30E6A06AB646153863B68366FE58A","OriginalFileName":"gdi32","Product":"Microsoft Windows Operating System","FileVersion":"10.0.18362.1 (WinBuild.160101.0800)","Description":"GDI Client DLL","Image":"C:\\Windows\\System32\\certutil.exe","SignatureStatus":"Valid","UtcTime":"2019-10-28 02:31:41.376","ProcessId":"3728","ProcessGuid":"{a158f72c-530d-5db6-0000-001062e9af00}","ImageLoaded":"C:\\Windows\\System32\\gdi32.dll","Company":"Microsoft Corporation"},"channel":"Microsoft-Windows-Sysmon/Operational","task":"Image loaded (rule: ImageLoad)","computer_name":"ACCT001.shire.com","user":{"name":"SYSTEM","domain":"NT AUTHORITY","type":"User","identifier":"S-1-5-18"},"provider_name":"Microsoft-Windows-Sysmon","version":3},"ecs":{"version":"1.1.0"},"host":{"name":"WECServer"}}
{"@timestamp":"2019-10-28T02:31:41.384Z","@metadata":{"beat":"winlogbeat","type":"_doc","version":"7.4.0","topic":"winlogbeat"},"event":{"kind":"event","code":7,"action":"Image loaded (rule: ImageLoad)","created":"2019-10-28T02:31:42.476Z"},"log":{"level":"information"},"message":"Image loaded:\nRuleName: \nUtcTime: 2019-10-28 02:31:41.376\nProcessGuid: {a158f72c-530d-5db6-0000-001062e9af00}\nProcessId: 3728\nImage: C:\\Windows\\System32\\certutil.exe\nImageLoaded: C:\\Windows\\System32\\cryptsp.dll\nFileVersion: 10.0.18362.1 (WinBuild.160101.0800)\nDescription: Cryptographic Service Provider API\nProduct: Microsoft Windows Operating System\nCompany: Microsoft Corporation\nOriginalFileName: cryptsp.dll\nHashes: SHA1=90F229FB5DB52DF3604195B10C48E946684929ED,MD5=ACE18C6797090A1AA259BB8713917F98,SHA256=F5E118F67745792909973717FAE1F9FE68B2619332A4451AD04E0C9072B8D605,IMPHASH=A9B9D04D0B53DC48ABB37BE77AD01B55\nSigned: true\nSignature: Microsoft Windows\nSignatureStatus: Valid","ecs":{"version":"1.1.0"},"host":{"name":"WECServer"},"agent":{"hostname":"WECServer","id":"f8e32ecf-6ac8-4748-86ec-f026490623c4","version":"7.4.0","type":"winlogbeat","ephemeral_id":"df5ad137-6594-4bd7-a3eb-e0eda670370c"},"winlog":{"provider_guid":"{5770385f-c22a-43e0-bf4c-06f5698ffbd9}","process":{"pid":3208,"thread":{"id":5108}},"record_id":271594,"event_data":{"Image":"C:\\Windows\\System32\\certutil.exe","OriginalFileName":"cryptsp.dll","Company":"Microsoft Corporation","Signature":"Microsoft Windows","SignatureStatus":"Valid","UtcTime":"2019-10-28 02:31:41.376","ImageLoaded":"C:\\Windows\\System32\\cryptsp.dll","FileVersion":"10.0.18362.1 (WinBuild.160101.0800)","ProcessId":"3728","ProcessGuid":"{a158f72c-530d-5db6-0000-001062e9af00}","Signed":"true","Product":"Microsoft Windows Operating System","Description":"Cryptographic Service Provider API","Hashes":"SHA1=90F229FB5DB52DF3604195B10C48E946684929ED,MD5=ACE18C6797090A1AA259BB8713917F98,SHA256=F5E118F67745792909973717FAE1F9FE68B2619332A4451AD04E0C9072B8D605,IMPHASH=A9B9D04D0B53DC48ABB37BE77AD01B55"},"api":"wineventlog","task":"Image loaded (rule: ImageLoad)","computer_name":"ACCT001.shire.com","provider_name":"Microsoft-Windows-Sysmon","opcode":"Info","version":3,"user":{"identifier":"S-1-5-18","name":"SYSTEM","domain":"NT AUTHORITY","type":"User"},"channel":"Microsoft-Windows-Sysmon/Operational","event_id":7}}
{"@timestamp":"2019-10-28T02:31:41.384Z","@metadata":{"beat":"winlogbeat","type":"_doc","version":"7.4.0","topic":"winlogbeat"},"winlog":{"computer_name":"ACCT001.shire.com","event_data":{"Signature":"Microsoft Windows","SignatureStatus":"Valid","UtcTime":"2019-10-28 02:31:41.376","Signed":"true","Company":"Microsoft Corporation","OriginalFileName":"cabinet.dll","Image":"C:\\Windows\\System32\\certutil.exe","Description":"Microsoft Cabinet File API","FileVersion":"5.00 (WinBuild.160101.0800)","ProcessGuid":"{a158f72c-530d-5db6-0000-001062e9af00}","Hashes":"SHA1=9E71C7231C6DAB9864AF90E8A10FA419577E835F,MD5=D52CE4DBB7605E76EE088CC7EB19D147,SHA256=86609D073F7F769DAF0C3B3E8EC32503D727932896C9C62925FD7979ECC42366,IMPHASH=70C2163A31BA0B9482E5CE33E0D2BEBF","Product":"Microsoft Windows Operating System","ImageLoaded":"C:\\Windows\\System32\\cabinet.dll","ProcessId":"3728"},"channel":"Microsoft-Windows-Sysmon/Operational","record_id":271595,"task":"Image loaded (rule: ImageLoad)","event_id":7,"version":3,"user":{"identifier":"S-1-5-18","name":"SYSTEM","domain":"NT AUTHORITY","type":"User"},"opcode":"Info","process":{"pid":3208,"thread":{"id":5108}},"provider_name":"Microsoft-Windows-Sysmon","api":"wineventlog","provider_guid":"{5770385f-c22a-43e0-bf4c-06f5698ffbd9}"},"event":{"created":"2019-10-28T02:31:42.476Z","kind":"event","code":7,"action":"Image loaded (rule: ImageLoad)"},"log":{"level":"information"},"message":"Image loaded:\nRuleName: \nUtcTime: 2019-10-28 02:31:41.376\nProcessGuid: {a158f72c-530d-5db6-0000-001062e9af00}\nProcessId: 3728\nImage: C:\\Windows\\System32\\certutil.exe\nImageLoaded: C:\\Windows\\System32\\cabinet.dll\nFileVersion: 5.00 (WinBuild.160101.0800)\nDescription: Microsoft Cabinet File API\nProduct: Microsoft Windows Operating System\nCompany: Microsoft Corporation\nOriginalFileName: cabinet.dll\nHashes: SHA1=9E71C7231C6DAB9864AF90E8A10FA419577E835F,MD5=D52CE4DBB7605E76EE088CC7EB19D147,SHA256=86609D073F7F769DAF0C3B3E8EC32503D727932896C9C62925FD7979ECC42366,IMPHASH=70C2163A31BA0B9482E5CE33E0D2BEBF\nSigned: true\nSignature: Microsoft Windows\nSignatureStatus: Valid","ecs":{"version":"1.1.0"},"host":{"name":"WECServer"},"agent":{"hostname":"WECServer","id":"f8e32ecf-6ac8-4748-86ec-f026490623c4","version":"7.4.0","type":"winlogbeat","ephemeral_id":"df5ad137-6594-4bd7-a3eb-e0eda670370c"}}
{"@timestamp":"2019-10-28T02:31:41.384Z","@metadata":{"beat":"winlogbeat","type":"_doc","version":"7.4.0","topic":"winlogbeat"},"agent":{"type":"winlogbeat","ephemeral_id":"df5ad137-6594-4bd7-a3eb-e0eda670370c","hostname":"WECServer","id":"f8e32ecf-6ac8-4748-86ec-f026490623c4","version":"7.4.0"},"event":{"kind":"event","code":7,"action":"Image loaded (rule: ImageLoad)","created":"2019-10-28T02:31:42.476Z"},"log":{"level":"information"},"message":"Image loaded:\nRuleName: \nUtcTime: 2019-10-28 02:31:41.376\nProcessGuid: {a158f72c-530d-5db6-0000-001062e9af00}\nProcessId: 3728\nImage: C:\\Windows\\System32\\certutil.exe\nImageLoaded: C:\\Windows\\WinSxS\\amd64_microsoft.windows.common-controls_6595b64144ccf1df_5.82.18362.30_none_e685621eb27f4d6a\\comctl32.dll\nFileVersion: 5.82 (WinBuild.160101.0800)\nDescription: Common Controls Library\nProduct: Microsoft Windows Operating System\nCompany: Microsoft Corporation\nOriginalFileName: COMCTL32.DLL\nHashes: SHA1=7CF96404C39B412D44BEA7D5E396C8ED8D24A889,MD5=08BC0F946E347CE7CCA4BAE104B2DCA7,SHA256=A4279896EBDA1F302A3A5C2A806869772B1CC54812511B71252E09E1D22D36C7,IMPHASH=D15202401C121E13ACFB0EED0FA1C497\nSigned: true\nSignature: Microsoft Windows\nSignatureStatus: Valid","winlog":{"provider_guid":"{5770385f-c22a-43e0-bf4c-06f5698ffbd9}","version":3,"event_data":{"SignatureStatus":"Valid","ProcessGuid":"{a158f72c-530d-5db6-0000-001062e9af00}","Hashes":"SHA1=7CF96404C39B412D44BEA7D5E396C8ED8D24A889,MD5=08BC0F946E347CE7CCA4BAE104B2DCA7,SHA256=A4279896EBDA1F302A3A5C2A806869772B1CC54812511B71252E09E1D22D36C7,IMPHASH=D15202401C121E13ACFB0EED0FA1C497","Description":"Common Controls Library","Company":"Microsoft Corporation","Product":"Microsoft Windows Operating System","ImageLoaded":"C:\\Windows\\WinSxS\\amd64_microsoft.windows.common-controls_6595b64144ccf1df_5.82.18362.30_none_e685621eb27f4d6a\\comctl32.dll","ProcessId":"3728","UtcTime":"2019-10-28 02:31:41.376","Image":"C:\\Windows\\System32\\certutil.exe","FileVersion":"5.82 (WinBuild.160101.0800)","OriginalFileName":"COMCTL32.DLL","Signed":"true","Signature":"Microsoft Windows"},"event_id":7,"api":"wineventlog","provider_name":"Microsoft-Windows-Sysmon","computer_name":"ACCT001.shire.com","opcode":"Info","user":{"domain":"NT AUTHORITY","type":"User","identifier":"S-1-5-18","name":"SYSTEM"},"channel":"Microsoft-Windows-Sysmon/Operational","record_id":271596,"task":"Image loaded (rule: ImageLoad)","process":{"pid":3208,"thread":{"id":5108}}},"ecs":{"version":"1.1.0"},"host":{"name":"WECServer"}}
{"@timestamp":"2019-10-28T02:31:41.385Z","@metadata":{"beat":"winlogbeat","type":"_doc","version":"7.4.0","topic":"winlogbeat"},"host":{"name":"WECServer"},"log":{"level":"information"},"message":"Image loaded:\nRuleName: \nUtcTime: 2019-10-28 02:31:41.376\nProcessGuid: {a158f72c-530d-5db6-0000-001062e9af00}\nProcessId: 3728\nImage: C:\\Windows\\System32\\certutil.exe\nImageLoaded: C:\\Windows\\System32\\gdi32.dll\nFileVersion: 10.0.18362.1 (WinBuild.160101.0800)\nDescription: GDI Client DLL\nProduct: Microsoft Windows Operating System\nCompany: Microsoft Corporation\nOriginalFileName: gdi32\nHashes: SHA1=9E91D74D5B9BF64A3D4BE8C5EA3594F5DA2BC299,MD5=2839609118F48DEA292084E43FAA72D8,SHA256=4FC9460147D5A3AA1F9498863CF10BB7BE6099BEF1A3D55503164CA51E36E27E,IMPHASH=C5F30E6A06AB646153863B68366FE58A\nSigned: true\nSignature: Microsoft Windows\nSignatureStatus: Valid","winlog":{"provider_guid":"{5770385f-c22a-43e0-bf4c-06f5698ffbd9}","channel":"Microsoft-Windows-Sysmon/Operational","task":"Image loaded (rule: ImageLoad)","computer_name":"ACCT001.shire.com","provider_name":"Microsoft-Windows-Sysmon","process":{"pid":3208,"thread":{"id":5108}},"user":{"identifier":"S-1-5-18","name":"SYSTEM","domain":"NT AUTHORITY","type":"User"},"event_data":{"ProcessId":"3728","Image":"C:\\Windows\\System32\\certutil.exe","Signed":"true","ImageLoaded":"C:\\Windows\\System32\\gdi32.dll","Hashes":"SHA1=9E91D74D5B9BF64A3D4BE8C5EA3594F5DA2BC299,MD5=2839609118F48DEA292084E43FAA72D8,SHA256=4FC9460147D5A3AA1F9498863CF10BB7BE6099BEF1A3D55503164CA51E36E27E,IMPHASH=C5F30E6A06AB646153863B68366FE58A","Description":"GDI Client DLL","ProcessGuid":"{a158f72c-530d-5db6-0000-001062e9af00}","Company":"Microsoft Corporation","SignatureStatus":"Valid","UtcTime":"2019-10-28 02:31:41.376","OriginalFileName":"gdi32","Signature":"Microsoft Windows","FileVersion":"10.0.18362.1 (WinBuild.160101.0800)","Product":"Microsoft Windows Operating System"},"api":"wineventlog","opcode":"Info","event_id":7,"record_id":271597,"version":3},"event":{"kind":"event","code":7,"action":"Image loaded (rule: ImageLoad)","created":"2019-10-28T02:31:42.476Z"},"agent":{"type":"winlogbeat","ephemeral_id":"df5ad137-6594-4bd7-a3eb-e0eda670370c","hostname":"WECServer","id":"f8e32ecf-6ac8-4748-86ec-f026490623c4","version":"7.4.0"},"ecs":{"version":"1.1.0"}}
{"@timestamp":"2019-10-28T02:31:41.385Z","@metadata":{"beat":"winlogbeat","type":"_doc","version":"7.4.0","topic":"winlogbeat"},"ecs":{"version":"1.1.0"},"host":{"name":"WECServer"},"agent":{"type":"winlogbeat","ephemeral_id":"df5ad137-6594-4bd7-a3eb-e0eda670370c","hostname":"WECServer","id":"f8e32ecf-6ac8-4748-86ec-f026490623c4","version":"7.4.0"},"winlog":{"event_data":{"ProcessId":"3728","Description":"Win32u","Signature":"Microsoft Windows","ImageLoaded":"C:\\Windows\\System32\\win32u.dll","SignatureStatus":"Valid","UtcTime":"2019-10-28 02:31:41.376","Product":"Microsoft Windows Operating System","OriginalFileName":"Win32u.DLL","Signed":"true","Image":"C:\\Windows\\System32\\certutil.exe","Hashes":"SHA1=F6826F19BB585A1F52F6D2D2B063BFA175AA5B19,MD5=6D9F4B6D13442736A901BF455355AA8A,SHA256=E2F6F0021EFBBFDA3597DCD4F778BC1954138A6289BA9C0EBED360F37E5FAC9B,IMPHASH=00000000000000000000000000000000","Company":"Microsoft Corporation","FileVersion":"10.0.18362.1 (WinBuild.160101.0800)","ProcessGuid":"{a158f72c-530d-5db6-0000-001062e9af00}"},"version":3,"task":"Image loaded (rule: ImageLoad)","api":"wineventlog","process":{"pid":3208,"thread":{"id":5108}},"provider_name":"Microsoft-Windows-Sysmon","record_id":271598,"opcode":"Info","user":{"identifier":"S-1-5-18","name":"SYSTEM","domain":"NT AUTHORITY","type":"User"},"event_id":7,"computer_name":"ACCT001.shire.com","provider_guid":"{5770385f-c22a-43e0-bf4c-06f5698ffbd9}","channel":"Microsoft-Windows-Sysmon/Operational"},"event":{"created":"2019-10-28T02:31:42.476Z","kind":"event","code":7,"action":"Image loaded (rule: ImageLoad)"},"log":{"level":"information"},"message":"Image loaded:\nRuleName: \nUtcTime: 2019-10-28 02:31:41.376\nProcessGuid: {a158f72c-530d-5db6-0000-001062e9af00}\nProcessId: 3728\nImage: C:\\Windows\\System32\\certutil.exe\nImageLoaded: C:\\Windows\\System32\\win32u.dll\nFileVersion: 10.0.18362.1 (WinBuild.160101.0800)\nDescription: Win32u\nProduct: Microsoft Windows Operating System\nCompany: Microsoft Corporation\nOriginalFileName: Win32u.DLL\nHashes: SHA1=F6826F19BB585A1F52F6D2D2B063BFA175AA5B19,MD5=6D9F4B6D13442736A901BF455355AA8A,SHA256=E2F6F0021EFBBFDA3597DCD4F778BC1954138A6289BA9C0EBED360F37E5FAC9B,IMPHASH=00000000000000000000000000000000\nSigned: true\nSignature: Microsoft Windows\nSignatureStatus: Valid"}
{"@timestamp":"2019-10-28T02:31:41.385Z","@metadata":{"beat":"winlogbeat","type":"_doc","version":"7.4.0","topic":"winlogbeat"},"winlog":{"api":"wineventlog","computer_name":"ACCT001.shire.com","opcode":"Info","process":{"pid":3208,"thread":{"id":5108}},"channel":"Microsoft-Windows-Sysmon/Operational","task":"Image loaded (rule: ImageLoad)","event_data":{"UtcTime":"2019-10-28 02:31:41.376","ImageLoaded":"C:\\Windows\\System32\\cryptui.dll","SignatureStatus":"Valid","Product":"Microsoft Windows Operating System","Signature":"Microsoft Windows","Hashes":"SHA1=10EA8C6BCBBDBE47DAC7A06C5D9F91F1AA0288D9,MD5=B198010910AF4568A62B177ACC7AF4BF,SHA256=98E55C730557B9B28EAC389290C78EE85ADAB5A02794CB3E6A832C007CDEAF81,IMPHASH=CA956E6FFF01D415B0E3DEBCC50F6D4A","ProcessId":"3728","ProcessGuid":"{a158f72c-530d-5db6-0000-001062e9af00}","Image":"C:\\Windows\\System32\\certutil.exe","FileVersion":"10.0.18362.1 (WinBuild.160101.0800)","Company":"Microsoft Corporation","OriginalFileName":"CRYPTUI.DLL","Signed":"true","Description":"Microsoft Trust UI Provider"},"user":{"domain":"NT AUTHORITY","type":"User","identifier":"S-1-5-18","name":"SYSTEM"},"provider_guid":"{5770385f-c22a-43e0-bf4c-06f5698ffbd9}","version":3,"record_id":271599,"event_id":7,"provider_name":"Microsoft-Windows-Sysmon"},"event":{"code":7,"action":"Image loaded (rule: ImageLoad)","created":"2019-10-28T02:31:42.476Z","kind":"event"},"ecs":{"version":"1.1.0"},"host":{"name":"WECServer"},"agent":{"version":"7.4.0","type":"winlogbeat","ephemeral_id":"df5ad137-6594-4bd7-a3eb-e0eda670370c","hostname":"WECServer","id":"f8e32ecf-6ac8-4748-86ec-f026490623c4"},"log":{"level":"information"},"message":"Image loaded:\nRuleName: \nUtcTime: 2019-10-28 02:31:41.376\nProcessGuid: {a158f72c-530d-5db6-0000-001062e9af00}\nProcessId: 3728\nImage: C:\\Windows\\System32\\certutil.exe\nImageLoaded: C:\\Windows\\System32\\cryptui.dll\nFileVersion: 10.0.18362.1 (WinBuild.160101.0800)\nDescription: Microsoft Trust UI Provider\nProduct: Microsoft Windows Operating System\nCompany: Microsoft Corporation\nOriginalFileName: CRYPTUI.DLL\nHashes: SHA1=10EA8C6BCBBDBE47DAC7A06C5D9F91F1AA0288D9,MD5=B198010910AF4568A62B177ACC7AF4BF,SHA256=98E55C730557B9B28EAC389290C78EE85ADAB5A02794CB3E6A832C007CDEAF81,IMPHASH=CA956E6FFF01D415B0E3DEBCC50F6D4A\nSigned: true\nSignature: Microsoft Windows\nSignatureStatus: Valid"}
{"@timestamp":"2019-10-28T02:31:41.386Z","@metadata":{"beat":"winlogbeat","type":"_doc","version":"7.4.0","topic":"winlogbeat"},"winlog":{"event_id":7,"provider_name":"Microsoft-Windows-Sysmon","channel":"Microsoft-Windows-Sysmon/Operational","task":"Image loaded (rule: ImageLoad)","process":{"thread":{"id":5108},"pid":3208},"computer_name":"ACCT001.shire.com","version":3,"event_data":{"Image":"C:\\Windows\\System32\\certutil.exe","Hashes":"SHA1=1EED6EFB96A15D88FA610E8D7AB273F3AEDCE012,MD5=44F5E9206813B92918F5BB5F42F8E5D0,SHA256=71D3E6D772E122CF233F014149964E6C7112BE077AE084EC4D0BF7EDADB791AD,IMPHASH=0DAE690602785B4013502C3737408F4F","Signed":"true","UtcTime":"2019-10-28 02:31:41.376","ImageLoaded":"C:\\Windows\\System32\\user32.dll","FileVersion":"10.0.18362.1 (WinBuild.160101.0800)","ProcessId":"3728","SignatureStatus":"Valid","OriginalFileName":"user32","Product":"Microsoft Windows Operating System","Company":"Microsoft Corporation","Description":"Multi-User Windows USER API Client DLL","ProcessGuid":"{a158f72c-530d-5db6-0000-001062e9af00}","Signature":"Microsoft Windows"},"record_id":271600,"api":"wineventlog","opcode":"Info","provider_guid":"{5770385f-c22a-43e0-bf4c-06f5698ffbd9}","user":{"domain":"NT AUTHORITY","type":"User","identifier":"S-1-5-18","name":"SYSTEM"}},"event":{"code":7,"action":"Image loaded (rule: ImageLoad)","created":"2019-10-28T02:31:42.476Z","kind":"event"},"log":{"level":"information"},"message":"Image loaded:\nRuleName: \nUtcTime: 2019-10-28 02:31:41.376\nProcessGuid: {a158f72c-530d-5db6-0000-001062e9af00}\nProcessId: 3728\nImage: C:\\Windows\\System32\\certutil.exe\nImageLoaded: C:\\Windows\\System32\\user32.dll\nFileVersion: 10.0.18362.1 (WinBuild.160101.0800)\nDescription: Multi-User Windows USER API Client DLL\nProduct: Microsoft Windows Operating System\nCompany: Microsoft Corporation\nOriginalFileName: user32\nHashes: SHA1=1EED6EFB96A15D88FA610E8D7AB273F3AEDCE012,MD5=44F5E9206813B92918F5BB5F42F8E5D0,SHA256=71D3E6D772E122CF233F014149964E6C7112BE077AE084EC4D0BF7EDADB791AD,IMPHASH=0DAE690602785B4013502C3737408F4F\nSigned: true\nSignature: Microsoft Windows\nSignatureStatus: Valid","agent":{"id":"f8e32ecf-6ac8-4748-86ec-f026490623c4","version":"7.4.0","type":"winlogbeat","ephemeral_id":"df5ad137-6594-4bd7-a3eb-e0eda670370c","hostname":"WECServer"},"ecs":{"version":"1.1.0"},"host":{"name":"WECServer"}}
{"@timestamp":"2019-10-28T02:31:41.387Z","@metadata":{"beat":"winlogbeat","type":"_doc","version":"7.4.0","topic":"winlogbeat"},"winlog":{"opcode":"Info","provider_guid":"{5770385f-c22a-43e0-bf4c-06f5698ffbd9}","process":{"pid":3208,"thread":{"id":5108}},"event_id":7,"task":"Image loaded (rule: ImageLoad)","user":{"type":"User","identifier":"S-1-5-18","name":"SYSTEM","domain":"NT AUTHORITY"},"record_id":271601,"api":"wineventlog","channel":"Microsoft-Windows-Sysmon/Operational","provider_name":"Microsoft-Windows-Sysmon","event_data":{"Description":"Win32u","Company":"Microsoft Corporation","OriginalFileName":"Win32u.DLL","Hashes":"SHA1=F6826F19BB585A1F52F6D2D2B063BFA175AA5B19,MD5=6D9F4B6D13442736A901BF455355AA8A,SHA256=E2F6F0021EFBBFDA3597DCD4F778BC1954138A6289BA9C0EBED360F37E5FAC9B,IMPHASH=00000000000000000000000000000000","Signed":"true","Image":"C:\\Windows\\System32\\certutil.exe","FileVersion":"10.0.18362.1 (WinBuild.160101.0800)","Signature":"Microsoft Windows","UtcTime":"2019-10-28 02:31:41.376","SignatureStatus":"Valid","Product":"Microsoft Windows Operating System","ImageLoaded":"C:\\Windows\\System32\\win32u.dll","ProcessGuid":"{a158f72c-530d-5db6-0000-001062e9af00}","ProcessId":"3728"},"computer_name":"ACCT001.shire.com","version":3},"event":{"code":7,"action":"Image loaded (rule: ImageLoad)","created":"2019-10-28T02:31:42.476Z","kind":"event"},"ecs":{"version":"1.1.0"},"host":{"name":"WECServer"},"agent":{"version":"7.4.0","type":"winlogbeat","ephemeral_id":"df5ad137-6594-4bd7-a3eb-e0eda670370c","hostname":"WECServer","id":"f8e32ecf-6ac8-4748-86ec-f026490623c4"},"log":{"level":"information"},"message":"Image loaded:\nRuleName: \nUtcTime: 2019-10-28 02:31:41.376\nProcessGuid: {a158f72c-530d-5db6-0000-001062e9af00}\nProcessId: 3728\nImage: C:\\Windows\\System32\\certutil.exe\nImageLoaded: C:\\Windows\\System32\\win32u.dll\nFileVersion: 10.0.18362.1 (WinBuild.160101.0800)\nDescription: Win32u\nProduct: Microsoft Windows Operating System\nCompany: Microsoft Corporation\nOriginalFileName: Win32u.DLL\nHashes: SHA1=F6826F19BB585A1F52F6D2D2B063BFA175AA5B19,MD5=6D9F4B6D13442736A901BF455355AA8A,SHA256=E2F6F0021EFBBFDA3597DCD4F778BC1954138A6289BA9C0EBED360F37E5FAC9B,IMPHASH=00000000000000000000000000000000\nSigned: true\nSignature: Microsoft Windows\nSignatureStatus: Valid"}
{"@timestamp":"2019-10-28T02:31:41.388Z","@metadata":{"beat":"winlogbeat","type":"_doc","version":"7.4.0","topic":"winlogbeat"},"winlog":{"channel":"Microsoft-Windows-Sysmon/Operational","provider_name":"Microsoft-Windows-Sysmon","task":"Image loaded (rule: ImageLoad)","api":"wineventlog","event_id":7,"process":{"pid":3208,"thread":{"id":5108}},"event_data":{"Hashes":"SHA1=B35F7D3553E85438393681F009724476F593762C,MD5=2BBF16C9E4DBA6D5A6CD8F5E84E14312,SHA256=AB70E41D34068781561AC3081125207D806B9BAB1B1DFA7B62ED00F7B61B2EE3,IMPHASH=3D091FB4FD5D6B28DD662D5E66B7D20C","UtcTime":"2019-10-28 02:31:41.376","ProcessId":"3728","Signature":"Microsoft Windows","Signed":"true","Product":"Microsoft Windows Operating System","OriginalFileName":"gdi32","Company":"Microsoft Corporation","ImageLoaded":"C:\\Windows\\System32\\gdi32full.dll","Description":"GDI Client DLL","ProcessGuid":"{a158f72c-530d-5db6-0000-001062e9af00}","SignatureStatus":"Valid","Image":"C:\\Windows\\System32\\certutil.exe","FileVersion":"10.0.18362.1 (WinBuild.160101.0800)"},"record_id":271602,"version":3,"user":{"domain":"NT AUTHORITY","type":"User","identifier":"S-1-5-18","name":"SYSTEM"},"computer_name":"ACCT001.shire.com","opcode":"Info","provider_guid":"{5770385f-c22a-43e0-bf4c-06f5698ffbd9}"},"event":{"kind":"event","code":7,"action":"Image loaded (rule: ImageLoad)","created":"2019-10-28T02:31:42.476Z"},"log":{"level":"information"},"message":"Image loaded:\nRuleName: \nUtcTime: 2019-10-28 02:31:41.376\nProcessGuid: {a158f72c-530d-5db6-0000-001062e9af00}\nProcessId: 3728\nImage: C:\\Windows\\System32\\certutil.exe\nImageLoaded: C:\\Windows\\System32\\gdi32full.dll\nFileVersion: 10.0.18362.1 (WinBuild.160101.0800)\nDescription: GDI Client DLL\nProduct: Microsoft Windows Operating System\nCompany: Microsoft Corporation\nOriginalFileName: gdi32\nHashes: SHA1=B35F7D3553E85438393681F009724476F593762C,MD5=2BBF16C9E4DBA6D5A6CD8F5E84E14312,SHA256=AB70E41D34068781561AC3081125207D806B9BAB1B1DFA7B62ED00F7B61B2EE3,IMPHASH=3D091FB4FD5D6B28DD662D5E66B7D20C\nSigned: true\nSignature: Microsoft Windows\nSignatureStatus: Valid","ecs":{"version":"1.1.0"},"host":{"name":"WECServer"},"agent":{"type":"winlogbeat","ephemeral_id":"df5ad137-6594-4bd7-a3eb-e0eda670370c","hostname":"WECServer","id":"f8e32ecf-6ac8-4748-86ec-f026490623c4","version":"7.4.0"}}
{"@timestamp":"2019-10-28T02:31:41.388Z","@metadata":{"beat":"winlogbeat","type":"_doc","version":"7.4.0","topic":"winlogbeat"},"winlog":{"process":{"thread":{"id":5108},"pid":3208},"event_data":{"UtcTime":"2019-10-28 02:31:41.376","ProcessId":"3728","Signed":"true","OriginalFileName":"bcrypt.dll","ImageLoaded":"C:\\Windows\\System32\\bcrypt.dll","Company":"Microsoft Corporation","Description":"Windows Cryptographic Primitives Library","Signature":"Microsoft Windows","SignatureStatus":"Valid","ProcessGuid":"{a158f72c-530d-5db6-0000-001062e9af00}","FileVersion":"10.0.18362.1 (WinBuild.160101.0800)","Image":"C:\\Windows\\System32\\certutil.exe","Hashes":"SHA1=C32D8979B0B4E76B11E562CE41775A95C28FBF62,MD5=537DE18D461AFD39FB340EA746C35383,SHA256=7416BC52DC617EEEC8BD4B8B00DD0C687FF213CD7FAB57C362B8EA21CD0D3DD1,IMPHASH=E5649DCD6FA9472DB9A89CCD123913C0","Product":"Microsoft Windows Operating System"},"provider_name":"Microsoft-Windows-Sysmon","task":"Image loaded (rule: ImageLoad)","computer_name":"ACCT001.shire.com","user":{"identifier":"S-1-5-18","name":"SYSTEM","domain":"NT AUTHORITY","type":"User"},"channel":"Microsoft-Windows-Sysmon/Operational","provider_guid":"{5770385f-c22a-43e0-bf4c-06f5698ffbd9}","api":"wineventlog","opcode":"Info","version":3,"event_id":7,"record_id":271603},"event":{"kind":"event","code":7,"action":"Image loaded (rule: ImageLoad)","created":"2019-10-28T02:31:42.476Z"},"agent":{"type":"winlogbeat","ephemeral_id":"df5ad137-6594-4bd7-a3eb-e0eda670370c","hostname":"WECServer","id":"f8e32ecf-6ac8-4748-86ec-f026490623c4","version":"7.4.0"},"ecs":{"version":"1.1.0"},"host":{"name":"WECServer"},"log":{"level":"information"},"message":"Image loaded:\nRuleName: \nUtcTime: 2019-10-28 02:31:41.376\nProcessGuid: {a158f72c-530d-5db6-0000-001062e9af00}\nProcessId: 3728\nImage: C:\\Windows\\System32\\certutil.exe\nImageLoaded: C:\\Windows\\System32\\bcrypt.dll\nFileVersion: 10.0.18362.1 (WinBuild.160101.0800)\nDescription: Windows Cryptographic Primitives Library\nProduct: Microsoft Windows Operating System\nCompany: Microsoft Corporation\nOriginalFileName: bcrypt.dll\nHashes: SHA1=C32D8979B0B4E76B11E562CE41775A95C28FBF62,MD5=537DE18D461AFD39FB340EA746C35383,SHA256=7416BC52DC617EEEC8BD4B8B00DD0C687FF213CD7FAB57C362B8EA21CD0D3DD1,IMPHASH=E5649DCD6FA9472DB9A89CCD123913C0\nSigned: true\nSignature: Microsoft Windows\nSignatureStatus: Valid"}
{"@timestamp":"2019-10-28T02:31:41.388Z","@metadata":{"beat":"winlogbeat","type":"_doc","version":"7.4.0","topic":"winlogbeat"},"ecs":{"version":"1.1.0"},"host":{"name":"WECServer"},"agent":{"version":"7.4.0","type":"winlogbeat","ephemeral_id":"df5ad137-6594-4bd7-a3eb-e0eda670370c","hostname":"WECServer","id":"f8e32ecf-6ac8-4748-86ec-f026490623c4"},"log":{"level":"information"},"message":"Image loaded:\nRuleName: \nUtcTime: 2019-10-28 02:31:41.376\nProcessGuid: {a158f72c-530d-5db6-0000-001062e9af00}\nProcessId: 3728\nImage: C:\\Windows\\System32\\certutil.exe\nImageLoaded: C:\\Windows\\System32\\msvcp_win.dll\nFileVersion: 10.0.18362.1 (WinBuild.160101.0800)\nDescription: Microsoft C Runtime Library\nProduct: Microsoft Windows Operating System\nCompany: Microsoft Corporation\nOriginalFileName: msvcp_win.dll\nHashes: SHA1=645D86E62F5D28EAEE2A87A66E482BE5E9330AF9,MD5=E25D67561F894B5371E23C1A4C1B6BAA,SHA256=5C93145704D06D1E8E432C976E2CD54794D5B79C8A8019CD3B72CF9280DB809C,IMPHASH=7F555C87AEA488E97B6067A0419ED3B4\nSigned: true\nSignature: Microsoft Windows\nSignatureStatus: Valid","winlog":{"event_data":{"ImageLoaded":"C:\\Windows\\System32\\msvcp_win.dll","Hashes":"SHA1=645D86E62F5D28EAEE2A87A66E482BE5E9330AF9,MD5=E25D67561F894B5371E23C1A4C1B6BAA,SHA256=5C93145704D06D1E8E432C976E2CD54794D5B79C8A8019CD3B72CF9280DB809C,IMPHASH=7F555C87AEA488E97B6067A0419ED3B4","ProcessGuid":"{a158f72c-530d-5db6-0000-001062e9af00}","Product":"Microsoft Windows Operating System","Signature":"Microsoft Windows","SignatureStatus":"Valid","ProcessId":"3728","Image":"C:\\Windows\\System32\\certutil.exe","UtcTime":"2019-10-28 02:31:41.376","Signed":"true","OriginalFileName":"msvcp_win.dll","FileVersion":"10.0.18362.1 (WinBuild.160101.0800)","Description":"Microsoft C Runtime Library","Company":"Microsoft Corporation"},"event_id":7,"computer_name":"ACCT001.shire.com","api":"wineventlog","opcode":"Info","version":3,"record_id":271604,"provider_guid":"{5770385f-c22a-43e0-bf4c-06f5698ffbd9}","user":{"name":"SYSTEM","domain":"NT AUTHORITY","type":"User","identifier":"S-1-5-18"},"channel":"Microsoft-Windows-Sysmon/Operational","process":{"pid":3208,"thread":{"id":5108}},"provider_name":"Microsoft-Windows-Sysmon","task":"Image loaded (rule: ImageLoad)"},"event":{"created":"2019-10-28T02:31:42.476Z","kind":"event","code":7,"action":"Image loaded (rule: ImageLoad)"}}
{"@timestamp":"2019-10-28T02:31:41.389Z","@metadata":{"beat":"winlogbeat","type":"_doc","version":"7.4.0","topic":"winlogbeat"},"winlog":{"version":3,"event_data":{"Image":"C:\\Windows\\System32\\certutil.exe","ProcessId":"3728","OriginalFileName":"normaliz.dll","Product":"Microsoft Windows Operating System","UtcTime":"2019-10-28 02:31:41.376","Signed":"true","Signature":"Microsoft Windows","ProcessGuid":"{a158f72c-530d-5db6-0000-001062e9af00}","SignatureStatus":"Valid","FileVersion":"10.0.18362.1 (WinBuild.160101.0800)","Hashes":"SHA1=11679B93397126DAAC9F7ADEA979B6AC5696607F,MD5=F5B9C63D8F22C9B98D8A36B3A1A2DD07,SHA256=AEC702D91834A07E17CFC8F06975BB131E4ED9ED27F84C5B45AEA97904A665AF,IMPHASH=00000000000000000000000000000000","Company":"Microsoft Corporation","ImageLoaded":"C:\\Windows\\System32\\normaliz.dll","Description":"Unicode Normalization DLL"},"record_id":271605,"api":"wineventlog","opcode":"Info","provider_name":"Microsoft-Windows-Sysmon","process":{"thread":{"id":5108},"pid":3208},"channel":"Microsoft-Windows-Sysmon/Operational","task":"Image loaded (rule: ImageLoad)","computer_name":"ACCT001.shire.com","provider_guid":"{5770385f-c22a-43e0-bf4c-06f5698ffbd9}","user":{"identifier":"S-1-5-18","name":"SYSTEM","domain":"NT AUTHORITY","type":"User"},"event_id":7},"event":{"kind":"event","code":7,"action":"Image loaded (rule: ImageLoad)","created":"2019-10-28T02:31:42.476Z"},"log":{"level":"information"},"message":"Image loaded:\nRuleName: \nUtcTime: 2019-10-28 02:31:41.376\nProcessGuid: {a158f72c-530d-5db6-0000-001062e9af00}\nProcessId: 3728\nImage: C:\\Windows\\System32\\certutil.exe\nImageLoaded: C:\\Windows\\System32\\normaliz.dll\nFileVersion: 10.0.18362.1 (WinBuild.160101.0800)\nDescription: Unicode Normalization DLL\nProduct: Microsoft Windows Operating System\nCompany: Microsoft Corporation\nOriginalFileName: normaliz.dll\nHashes: SHA1=11679B93397126DAAC9F7ADEA979B6AC5696607F,MD5=F5B9C63D8F22C9B98D8A36B3A1A2DD07,SHA256=AEC702D91834A07E17CFC8F06975BB131E4ED9ED27F84C5B45AEA97904A665AF,IMPHASH=00000000000000000000000000000000\nSigned: true\nSignature: Microsoft Windows\nSignatureStatus: Valid","ecs":{"version":"1.1.0"},"host":{"name":"WECServer"},"agent":{"type":"winlogbeat","ephemeral_id":"df5ad137-6594-4bd7-a3eb-e0eda670370c","hostname":"WECServer","id":"f8e32ecf-6ac8-4748-86ec-f026490623c4","version":"7.4.0"}}
{"@timestamp":"2019-10-28T02:31:41.389Z","@metadata":{"beat":"winlogbeat","type":"_doc","version":"7.4.0","topic":"winlogbeat"},"host":{"name":"WECServer"},"winlog":{"api":"wineventlog","task":"Image loaded (rule: ImageLoad)","computer_name":"ACCT001.shire.com","opcode":"Info","user":{"name":"SYSTEM","domain":"NT AUTHORITY","type":"User","identifier":"S-1-5-18"},"process":{"pid":3208,"thread":{"id":5108}},"event_id":7,"event_data":{"UtcTime":"2019-10-28 02:31:41.376","FileVersion":"10.0.18362.1 (WinBuild.160101.0800)","Product":"Microsoft Windows Operating System","Hashes":"SHA1=F49964A73238B4FA6BE5C25E1060ABA6C0EEE52B,MD5=FF1EF5A267E237E061D6CF7655C61502,SHA256=53E8C9D12372004D56D489231C29134FCE6C39AE14F00682559E29D41DD4D7BD,IMPHASH=4458CB6DE6246C2447EE885DE013644D","Signature":"Microsoft Windows","SignatureStatus":"Valid","ProcessId":"3728","Signed":"true","ProcessGuid":"{a158f72c-530d-5db6-0000-001062e9af00}","Image":"C:\\Windows\\System32\\certutil.exe","Description":"Windows NCrypt Router","Company":"Microsoft Corporation","OriginalFileName":"ncrypt.dll","ImageLoaded":"C:\\Windows\\System32\\ncrypt.dll"},"provider_name":"Microsoft-Windows-Sysmon","record_id":271606,"channel":"Microsoft-Windows-Sysmon/Operational","provider_guid":"{5770385f-c22a-43e0-bf4c-06f5698ffbd9}","version":3},"event":{"kind":"event","code":7,"action":"Image loaded (rule: ImageLoad)","created":"2019-10-28T02:31:42.476Z"},"log":{"level":"information"},"message":"Image loaded:\nRuleName: \nUtcTime: 2019-10-28 02:31:41.376\nProcessGuid: {a158f72c-530d-5db6-0000-001062e9af00}\nProcessId: 3728\nImage: C:\\Windows\\System32\\certutil.exe\nImageLoaded: C:\\Windows\\System32\\ncrypt.dll\nFileVersion: 10.0.18362.1 (WinBuild.160101.0800)\nDescription: Windows NCrypt Router\nProduct: Microsoft Windows Operating System\nCompany: Microsoft Corporation\nOriginalFileName: ncrypt.dll\nHashes: SHA1=F49964A73238B4FA6BE5C25E1060ABA6C0EEE52B,MD5=FF1EF5A267E237E061D6CF7655C61502,SHA256=53E8C9D12372004D56D489231C29134FCE6C39AE14F00682559E29D41DD4D7BD,IMPHASH=4458CB6DE6246C2447EE885DE013644D\nSigned: true\nSignature: Microsoft Windows\nSignatureStatus: Valid","agent":{"type":"winlogbeat","ephemeral_id":"df5ad137-6594-4bd7-a3eb-e0eda670370c","hostname":"WECServer","id":"f8e32ecf-6ac8-4748-86ec-f026490623c4","version":"7.4.0"},"ecs":{"version":"1.1.0"}}
{"@timestamp":"2019-10-28T02:31:41.390Z","@metadata":{"beat":"winlogbeat","type":"_doc","version":"7.4.0","topic":"winlogbeat"},"ecs":{"version":"1.1.0"},"host":{"name":"WECServer"},"event":{"kind":"event","code":7,"action":"Image loaded (rule: ImageLoad)","created":"2019-10-28T02:31:42.476Z"},"log":{"level":"information"},"message":"Image loaded:\nRuleName: \nUtcTime: 2019-10-28 02:31:41.376\nProcessGuid: {a158f72c-530d-5db6-0000-001062e9af00}\nProcessId: 3728\nImage: C:\\Windows\\System32\\certutil.exe\nImageLoaded: C:\\Windows\\System32\\ntasn1.dll\nFileVersion: 10.0.18362.1 (WinBuild.160101.0800)\nDescription: Microsoft ASN.1 API\nProduct: Microsoft Windows Operating System\nCompany: Microsoft Corporation\nOriginalFileName: ntasn1.dll\nHashes: SHA1=A2D12FF45777950F1E84B4B97E387DD08CA21E9E,MD5=0365BBD35F91F2E3990A72DF66572586,SHA256=C1979FED6A92EB1864EC03F1ACEEDA4455D1FD498C460BD52E469054ACD7B953,IMPHASH=F7100EF886430CB1ABAF38BE7BB05DEF\nSigned: true\nSignature: Microsoft Windows\nSignatureStatus: Valid","winlog":{"record_id":271607,"provider_guid":"{5770385f-c22a-43e0-bf4c-06f5698ffbd9}","version":3,"user":{"identifier":"S-1-5-18","name":"SYSTEM","domain":"NT AUTHORITY","type":"User"},"event_id":7,"computer_name":"ACCT001.shire.com","opcode":"Info","provider_name":"Microsoft-Windows-Sysmon","event_data":{"Company":"Microsoft Corporation","Product":"Microsoft Windows Operating System","Signature":"Microsoft Windows","ProcessId":"3728","Description":"Microsoft ASN.1 API","UtcTime":"2019-10-28 02:31:41.376","ImageLoaded":"C:\\Windows\\System32\\ntasn1.dll","Signed":"true","Image":"C:\\Windows\\System32\\certutil.exe","OriginalFileName":"ntasn1.dll","Hashes":"SHA1=A2D12FF45777950F1E84B4B97E387DD08CA21E9E,MD5=0365BBD35F91F2E3990A72DF66572586,SHA256=C1979FED6A92EB1864EC03F1ACEEDA4455D1FD498C460BD52E469054ACD7B953,IMPHASH=F7100EF886430CB1ABAF38BE7BB05DEF","ProcessGuid":"{a158f72c-530d-5db6-0000-001062e9af00}","FileVersion":"10.0.18362.1 (WinBuild.160101.0800)","SignatureStatus":"Valid"},"process":{"pid":3208,"thread":{"id":5108}},"channel":"Microsoft-Windows-Sysmon/Operational","task":"Image loaded (rule: ImageLoad)","api":"wineventlog"},"agent":{"type":"winlogbeat","ephemeral_id":"df5ad137-6594-4bd7-a3eb-e0eda670370c","hostname":"WECServer","id":"f8e32ecf-6ac8-4748-86ec-f026490623c4","version":"7.4.0"}}
{"@timestamp":"2019-10-28T02:31:41.390Z","@metadata":{"beat":"winlogbeat","type":"_doc","version":"7.4.0","topic":"winlogbeat"},"winlog":{"provider_name":"Microsoft-Windows-Sysmon","computer_name":"ACCT001.shire.com","opcode":"Info","event_data":{"Company":"Microsoft Corporation","SignatureStatus":"Valid","Signed":"true","UtcTime":"2019-10-28 02:31:41.376","Description":"Windows Setup API","Product":"Microsoft Windows Operating System","ProcessGuid":"{a158f72c-530d-5db6-0000-001062e9af00}","ProcessId":"3728","Signature":"Microsoft Windows","Image":"C:\\Windows\\System32\\certutil.exe","OriginalFileName":"SETUPAPI.DLL","ImageLoaded":"C:\\Windows\\System32\\setupapi.dll","FileVersion":"10.0.18362.1 (WinBuild.160101.0800)","Hashes":"SHA1=2EB4B872612BFEF3697F7CD2948044A16B98B51B,MD5=04B058D188908EB631CED20F7B2EA3D9,SHA256=F9AA66AA0B302FD79D34447C371816237D8915F371CD53F19744B720B6A03B99,IMPHASH=C99B549EFE7A882B1FC7F457615E8522"},"user":{"identifier":"S-1-5-18","name":"SYSTEM","domain":"NT AUTHORITY","type":"User"},"version":3,"channel":"Microsoft-Windows-Sysmon/Operational","record_id":271608,"task":"Image loaded (rule: ImageLoad)","provider_guid":"{5770385f-c22a-43e0-bf4c-06f5698ffbd9}","process":{"thread":{"id":5108},"pid":3208},"event_id":7,"api":"wineventlog"},"event":{"kind":"event","code":7,"action":"Image loaded (rule: ImageLoad)","created":"2019-10-28T02:31:42.476Z"},"log":{"level":"information"},"message":"Image loaded:\nRuleName: \nUtcTime: 2019-10-28 02:31:41.376\nProcessGuid: {a158f72c-530d-5db6-0000-001062e9af00}\nProcessId: 3728\nImage: C:\\Windows\\System32\\certutil.exe\nImageLoaded: C:\\Windows\\System32\\setupapi.dll\nFileVersion: 10.0.18362.1 (WinBuild.160101.0800)\nDescription: Windows Setup API\nProduct: Microsoft Windows Operating System\nCompany: Microsoft Corporation\nOriginalFileName: SETUPAPI.DLL\nHashes: SHA1=2EB4B872612BFEF3697F7CD2948044A16B98B51B,MD5=04B058D188908EB631CED20F7B2EA3D9,SHA256=F9AA66AA0B302FD79D34447C371816237D8915F371CD53F19744B720B6A03B99,IMPHASH=C99B549EFE7A882B1FC7F457615E8522\nSigned: true\nSignature: Microsoft Windows\nSignatureStatus: Valid","host":{"name":"WECServer"},"agent":{"ephemeral_id":"df5ad137-6594-4bd7-a3eb-e0eda670370c","hostname":"WECServer","id":"f8e32ecf-6ac8-4748-86ec-f026490623c4","version":"7.4.0","type":"winlogbeat"},"ecs":{"version":"1.1.0"}}
{"@timestamp":"2019-10-28T02:31:41.391Z","@metadata":{"beat":"winlogbeat","type":"_doc","version":"7.4.0","topic":"winlogbeat"},"ecs":{"version":"1.1.0"},"host":{"name":"WECServer"},"agent":{"type":"winlogbeat","ephemeral_id":"df5ad137-6594-4bd7-a3eb-e0eda670370c","hostname":"WECServer","id":"f8e32ecf-6ac8-4748-86ec-f026490623c4","version":"7.4.0"},"winlog":{"process":{"pid":3208,"thread":{"id":5108}},"user":{"identifier":"S-1-5-18","name":"SYSTEM","domain":"NT AUTHORITY","type":"User"},"api":"wineventlog","version":3,"event_data":{"UtcTime":"2019-10-28 02:31:41.376","Signed":"true","ProcessGuid":"{a158f72c-530d-5db6-0000-001062e9af00}","FileVersion":"10.0.18362.1 (WinBuild.160101.0800)","Signature":"Microsoft Windows","OriginalFileName":"NetApi32.DLL","Product":"Microsoft Windows Operating System","ImageLoaded":"C:\\Windows\\System32\\netapi32.dll","Hashes":"SHA1=7DFDD188B30162DAA87FDD3E5B7A55C80CD839F1,MD5=86A9DF3FA9D5FCAC8EF57601FCCD78F9,SHA256=F8CDA38FD3FF371E772875EA657A37662321EBB7AD8D6978DBCCCA7FC6DB64F1,IMPHASH=7D4E1695394CF47BD397AFD45A40E55D","Description":"Net Win32 API DLL","SignatureStatus":"Valid","ProcessId":"3728","Image":"C:\\Windows\\System32\\certutil.exe","Company":"Microsoft Corporation"},"event_id":7,"computer_name":"ACCT001.shire.com","provider_guid":"{5770385f-c22a-43e0-bf4c-06f5698ffbd9}","channel":"Microsoft-Windows-Sysmon/Operational","record_id":271609,"opcode":"Info","provider_name":"Microsoft-Windows-Sysmon","task":"Image loaded (rule: ImageLoad)"},"event":{"kind":"event","code":7,"action":"Image loaded (rule: ImageLoad)","created":"2019-10-28T02:31:42.476Z"},"log":{"level":"information"},"message":"Image loaded:\nRuleName: \nUtcTime: 2019-10-28 02:31:41.376\nProcessGuid: {a158f72c-530d-5db6-0000-001062e9af00}\nProcessId: 3728\nImage: C:\\Windows\\System32\\certutil.exe\nImageLoaded: C:\\Windows\\System32\\netapi32.dll\nFileVersion: 10.0.18362.1 (WinBuild.160101.0800)\nDescription: Net Win32 API DLL\nProduct: Microsoft Windows Operating System\nCompany: Microsoft Corporation\nOriginalFileName: NetApi32.DLL\nHashes: SHA1=7DFDD188B30162DAA87FDD3E5B7A55C80CD839F1,MD5=86A9DF3FA9D5FCAC8EF57601FCCD78F9,SHA256=F8CDA38FD3FF371E772875EA657A37662321EBB7AD8D6978DBCCCA7FC6DB64F1,IMPHASH=7D4E1695394CF47BD397AFD45A40E55D\nSigned: true\nSignature: Microsoft Windows\nSignatureStatus: Valid"}
{"@timestamp":"2019-10-28T02:31:41.391Z","@metadata":{"beat":"winlogbeat","type":"_doc","version":"7.4.0","topic":"winlogbeat"},"message":"Image loaded:\nRuleName: \nUtcTime: 2019-10-28 02:31:41.376\nProcessGuid: {a158f72c-530d-5db6-0000-001062e9af00}\nProcessId: 3728\nImage: C:\\Windows\\System32\\certutil.exe\nImageLoaded: C:\\Windows\\System32\\cfgmgr32.dll\nFileVersion: 10.0.18362.1 (WinBuild.160101.0800)\nDescription: Configuration Manager DLL\nProduct: Microsoft Windows Operating System\nCompany: Microsoft Corporation\nOriginalFileName: CFGMGR32.DLL\nHashes: SHA1=0AA6DDA6E525AE3D5E93F7B0DE287F8F981A6805,MD5=E33BF62B7D7325E0A0DFB82D269E85CF,SHA256=60B1F98FA7095ADA9E75CE84ACEB50E0E20DC599393D6D50D97C17C11D1E809C,IMPHASH=4B4464C7677B6F07342800F4CF0BA273\nSigned: true\nSignature: Microsoft Windows\nSignatureStatus: Valid","winlog":{"api":"wineventlog","version":3,"provider_name":"Microsoft-Windows-Sysmon","computer_name":"ACCT001.shire.com","user":{"domain":"NT AUTHORITY","type":"User","identifier":"S-1-5-18","name":"SYSTEM"},"record_id":271610,"provider_guid":"{5770385f-c22a-43e0-bf4c-06f5698ffbd9}","process":{"pid":3208,"thread":{"id":5108}},"event_id":7,"task":"Image loaded (rule: ImageLoad)","opcode":"Info","event_data":{"Image":"C:\\Windows\\System32\\certutil.exe","Description":"Configuration Manager DLL","FileVersion":"10.0.18362.1 (WinBuild.160101.0800)","Signature":"Microsoft Windows","Signed":"true","OriginalFileName":"CFGMGR32.DLL","ProcessId":"3728","UtcTime":"2019-10-28 02:31:41.376","ImageLoaded":"C:\\Windows\\System32\\cfgmgr32.dll","Hashes":"SHA1=0AA6DDA6E525AE3D5E93F7B0DE287F8F981A6805,MD5=E33BF62B7D7325E0A0DFB82D269E85CF,SHA256=60B1F98FA7095ADA9E75CE84ACEB50E0E20DC599393D6D50D97C17C11D1E809C,IMPHASH=4B4464C7677B6F07342800F4CF0BA273","Company":"Microsoft Corporation","ProcessGuid":"{a158f72c-530d-5db6-0000-001062e9af00}","Product":"Microsoft Windows Operating System","SignatureStatus":"Valid"},"channel":"Microsoft-Windows-Sysmon/Operational"},"event":{"created":"2019-10-28T02:31:42.476Z","kind":"event","code":7,"action":"Image loaded (rule: ImageLoad)"},"log":{"level":"information"},"ecs":{"version":"1.1.0"},"host":{"name":"WECServer"},"agent":{"type":"winlogbeat","ephemeral_id":"df5ad137-6594-4bd7-a3eb-e0eda670370c","hostname":"WECServer","id":"f8e32ecf-6ac8-4748-86ec-f026490623c4","version":"7.4.0"}}
