{"@timestamp":"2019-10-28T02:31:58.908Z","@metadata":{"beat":"winlogbeat","type":"_doc","version":"7.4.0","topic":"winlogbeat"},"message":"Process accessed:\nRuleName: \nUtcTime: 2019-10-28 02:31:58.906\nSourceProcessGUID: {962923ac-a0e4-5db5-0000-0010db000100}\nSourceProcessId: 1528\nSourceThreadId: 3576\nSourceImage: C:\\Windows\\system32\\svchost.exe\nTargetProcessGUID: {962923ac-a0ed-5db5-0000-0010cee20100}\nTargetProcessId: 2764\nTargetImage: C:\\Windows\\System32\\svchost.exe\nGrantedAccess: 0x1000\nCallTrace: C:\\Windows\\SYSTEM32\\ntdll.dll+9fc24|C:\\Windows\\System32\\KERNELBASE.dll+20d0e|c:\\windows\\system32\\fwbase.dll+16e5|c:\\windows\\system32\\fwbase.dll+1639|c:\\windows\\system32\\mpssvc.dll+e42d|c:\\windows\\system32\\mpssvc.dll+e1a8|c:\\windows\\system32\\mpssvc.dll+ebd2|C:\\Windows\\System32\\RPCRT4.dll+77823|C:\\Windows\\System32\\RPCRT4.dll+db4a6|C:\\Windows\\System32\\RPCRT4.dll+10d20|C:\\Windows\\System32\\RPCRT4.dll+54a38|C:\\Windows\\System32\\RPCRT4.dll+304b0|C:\\Windows\\System32\\RPCRT4.dll+2fe5b|C:\\Windows\\System32\\RPCRT4.dll+221ff|C:\\Windows\\System32\\RPCRT4.dll+2165a|C:\\Windows\\System32\\RPCRT4.dll+20c21|C:\\Windows\\System32\\RPCRT4.dll+20692|C:\\Windows\\System32\\RPCRT4.dll+17465|C:\\Windows\\SYSTEM32\\ntdll.dll+4f4c0|C:\\Windows\\SYSTEM32\\ntdll.dll+50348|C:\\Windows\\System32\\KERNEL32.DLL+17974|C:\\Windows\\SYSTEM32\\ntdll.dll+6a271","winlog":{"task":"Process accessed (rule: ProcessAccess)","opcode":"Info","provider_guid":"{5770385f-c22a-43e0-bf4c-06f5698ffbd9}","version":3,"api":"wineventlog","event_data":{"UtcTime":"2019-10-28 02:31:58.906","SourceProcessGUID":"{962923ac-a0e4-5db5-0000-0010db000100}","GrantedAccess":"0x1000","CallTrace":"C:\\Windows\\SYSTEM32\\ntdll.dll+9fc24|C:\\Windows\\System32\\KERNELBASE.dll+20d0e|c:\\windows\\system32\\fwbase.dll+16e5|c:\\windows\\system32\\fwbase.dll+1639|c:\\windows\\system32\\mpssvc.dll+e42d|c:\\windows\\system32\\mpssvc.dll+e1a8|c:\\windows\\system32\\mpssvc.dll+ebd2|C:\\Windows\\System32\\RPCRT4.dll+77823|C:\\Windows\\System32\\RPCRT4.dll+db4a6|C:\\Windows\\System32\\RPCRT4.dll+10d20|C:\\Windows\\System32\\RPCRT4.dll+54a38|C:\\Windows\\System32\\RPCRT4.dll+304b0|C:\\Windows\\System32\\RPCRT4.dll+2fe5b|C:\\Windows\\System32\\RPCRT4.dll+221ff|C:\\Windows\\System32\\RPCRT4.dll+2165a|C:\\Windows\\System32\\RPCRT4.dll+20c21|C:\\Windows\\System32\\RPCRT4.dll+20692|C:\\Windows\\System32\\RPCRT4.dll+17465|C:\\Windows\\SYSTEM32\\ntdll.dll+4f4c0|C:\\Windows\\SYSTEM32\\ntdll.dll+50348|C:\\Windows\\System32\\KERNEL32.DLL+17974|C:\\Windows\\SYSTEM32\\ntdll.dll+6a271","TargetProcessGUID":"{962923ac-a0ed-5db5-0000-0010cee20100}","TargetProcessId":"2764","SourceProcessId":"1528","SourceThreadId":"3576","SourceImage":"C:\\Windows\\system32\\svchost.exe","TargetImage":"C:\\Windows\\System32\\svchost.exe"},"channel":"Microsoft-Windows-Sysmon/Operational","computer_name":"HFDC01.shire.com","process":{"pid":2044,"thread":{"id":3656}},"event_id":10,"provider_name":"Microsoft-Windows-Sysmon","record_id":222743,"user":{"name":"SYSTEM","domain":"NT AUTHORITY","type":"User","identifier":"S-1-5-18"}},"event":{"action":"Process accessed (rule: ProcessAccess)","created":"2019-10-28T02:31:59.668Z","kind":"event","code":10},"log":{"level":"information"},"ecs":{"version":"1.1.0"},"host":{"name":"WECServer"},"agent":{"type":"winlogbeat","ephemeral_id":"df5ad137-6594-4bd7-a3eb-e0eda670370c","hostname":"WECServer","id":"f8e32ecf-6ac8-4748-86ec-f026490623c4","version":"7.4.0"}}
{"@timestamp":"2019-10-28T02:31:58.908Z","@metadata":{"beat":"winlogbeat","type":"_doc","version":"7.4.0","topic":"winlogbeat"},"winlog":{"provider_guid":"{5770385f-c22a-43e0-bf4c-06f5698ffbd9}","provider_name":"Microsoft-Windows-Sysmon","opcode":"Info","event_data":{"TargetProcessGUID":"{962923ac-a0ed-5db5-0000-0010cee20100}","SourceProcessId":"1528","SourceThreadId":"3576","SourceImage":"C:\\Windows\\system32\\svchost.exe","TargetImage":"C:\\Windows\\System32\\svchost.exe","GrantedAccess":"0x1000","UtcTime":"2019-10-28 02:31:58.906","TargetProcessId":"2764","CallTrace":"C:\\Windows\\SYSTEM32\\ntdll.dll+9fc24|C:\\Windows\\System32\\KERNELBASE.dll+20d0e|c:\\windows\\system32\\fwbase.dll+16e5|c:\\windows\\system32\\fwbase.dll+1639|c:\\windows\\system32\\mpssvc.dll+e42d|c:\\windows\\system32\\mpssvc.dll+e1a8|c:\\windows\\system32\\mpssvc.dll+ebd2|C:\\Windows\\System32\\RPCRT4.dll+77823|C:\\Windows\\System32\\RPCRT4.dll+db4a6|C:\\Windows\\System32\\RPCRT4.dll+10d20|C:\\Windows\\System32\\RPCRT4.dll+54a38|C:\\Windows\\System32\\RPCRT4.dll+304b0|C:\\Windows\\System32\\RPCRT4.dll+2fe5b|C:\\Windows\\System32\\RPCRT4.dll+221ff|C:\\Windows\\System32\\RPCRT4.dll+2165a|C:\\Windows\\System32\\RPCRT4.dll+20c21|C:\\Windows\\System32\\RPCRT4.dll+20692|C:\\Windows\\System32\\RPCRT4.dll+17465|C:\\Windows\\SYSTEM32\\ntdll.dll+4f4c0|C:\\Windows\\SYSTEM32\\ntdll.dll+50348|C:\\Windows\\System32\\KERNEL32.DLL+17974|C:\\Windows\\SYSTEM32\\ntdll.dll+6a271","SourceProcessGUID":"{962923ac-a0e4-5db5-0000-0010db000100}"},"record_id":222744,"api":"wineventlog","task":"Process accessed (rule: ProcessAccess)","process":{"pid":2044,"thread":{"id":3656}},"computer_name":"HFDC01.shire.com","version":3,"user":{"identifier":"S-1-5-18","name":"SYSTEM","domain":"NT AUTHORITY","type":"User"},"channel":"Microsoft-Windows-Sysmon/Operational","event_id":10},"event":{"code":10,"action":"Process accessed (rule: ProcessAccess)","created":"2019-10-28T02:31:59.668Z","kind":"event"},"log":{"level":"information"},"message":"Process accessed:\nRuleName: \nUtcTime: 2019-10-28 02:31:58.906\nSourceProcessGUID: {962923ac-a0e4-5db5-0000-0010db000100}\nSourceProcessId: 1528\nSourceThreadId: 3576\nSourceImage: C:\\Windows\\system32\\svchost.exe\nTargetProcessGUID: {962923ac-a0ed-5db5-0000-0010cee20100}\nTargetProcessId: 2764\nTargetImage: C:\\Windows\\System32\\svchost.exe\nGrantedAccess: 0x1000\nCallTrace: C:\\Windows\\SYSTEM32\\ntdll.dll+9fc24|C:\\Windows\\System32\\KERNELBASE.dll+20d0e|c:\\windows\\system32\\fwbase.dll+16e5|c:\\windows\\system32\\fwbase.dll+1639|c:\\windows\\system32\\mpssvc.dll+e42d|c:\\windows\\system32\\mpssvc.dll+e1a8|c:\\windows\\system32\\mpssvc.dll+ebd2|C:\\Windows\\System32\\RPCRT4.dll+77823|C:\\Windows\\System32\\RPCRT4.dll+db4a6|C:\\Windows\\System32\\RPCRT4.dll+10d20|C:\\Windows\\System32\\RPCRT4.dll+54a38|C:\\Windows\\System32\\RPCRT4.dll+304b0|C:\\Windows\\System32\\RPCRT4.dll+2fe5b|C:\\Windows\\System32\\RPCRT4.dll+221ff|C:\\Windows\\System32\\RPCRT4.dll+2165a|C:\\Windows\\System32\\RPCRT4.dll+20c21|C:\\Windows\\System32\\RPCRT4.dll+20692|C:\\Windows\\System32\\RPCRT4.dll+17465|C:\\Windows\\SYSTEM32\\ntdll.dll+4f4c0|C:\\Windows\\SYSTEM32\\ntdll.dll+50348|C:\\Windows\\System32\\KERNEL32.DLL+17974|C:\\Windows\\SYSTEM32\\ntdll.dll+6a271","ecs":{"version":"1.1.0"},"host":{"name":"WECServer"},"agent":{"type":"winlogbeat","ephemeral_id":"df5ad137-6594-4bd7-a3eb-e0eda670370c","hostname":"WECServer","id":"f8e32ecf-6ac8-4748-86ec-f026490623c4","version":"7.4.0"}}
{"@timestamp":"2019-10-28T02:31:58.908Z","@metadata":{"beat":"winlogbeat","type":"_doc","version":"7.4.0","topic":"winlogbeat"},"log":{"level":"information"},"message":"Process accessed:\nRuleName: \nUtcTime: 2019-10-28 02:31:58.906\nSourceProcessGUID: {962923ac-a0e4-5db5-0000-0010db000100}\nSourceProcessId: 1528\nSourceThreadId: 3576\nSourceImage: C:\\Windows\\system32\\svchost.exe\nTargetProcessGUID: {962923ac-a0ed-5db5-0000-0010cee20100}\nTargetProcessId: 2764\nTargetImage: C:\\Windows\\System32\\svchost.exe\nGrantedAccess: 0x1000\nCallTrace: C:\\Windows\\SYSTEM32\\ntdll.dll+9fc24|C:\\Windows\\System32\\KERNELBASE.dll+20d0e|c:\\windows\\system32\\fwbase.dll+16e5|c:\\windows\\system32\\fwbase.dll+1639|c:\\windows\\system32\\mpssvc.dll+e42d|c:\\windows\\system32\\mpssvc.dll+e1a8|c:\\windows\\system32\\mpssvc.dll+ebd2|C:\\Windows\\System32\\RPCRT4.dll+77823|C:\\Windows\\System32\\RPCRT4.dll+db4a6|C:\\Windows\\System32\\RPCRT4.dll+10d20|C:\\Windows\\System32\\RPCRT4.dll+54a38|C:\\Windows\\System32\\RPCRT4.dll+304b0|C:\\Windows\\System32\\RPCRT4.dll+2fe5b|C:\\Windows\\System32\\RPCRT4.dll+221ff|C:\\Windows\\System32\\RPCRT4.dll+2165a|C:\\Windows\\System32\\RPCRT4.dll+20c21|C:\\Windows\\System32\\RPCRT4.dll+20692|C:\\Windows\\System32\\RPCRT4.dll+17465|C:\\Windows\\SYSTEM32\\ntdll.dll+4f4c0|C:\\Windows\\SYSTEM32\\ntdll.dll+50348|C:\\Windows\\System32\\KERNEL32.DLL+17974|C:\\Windows\\SYSTEM32\\ntdll.dll+6a271","ecs":{"version":"1.1.0"},"host":{"name":"WECServer"},"agent":{"type":"winlogbeat","ephemeral_id":"df5ad137-6594-4bd7-a3eb-e0eda670370c","hostname":"WECServer","id":"f8e32ecf-6ac8-4748-86ec-f026490623c4","version":"7.4.0"},"winlog":{"provider_guid":"{5770385f-c22a-43e0-bf4c-06f5698ffbd9}","user":{"domain":"NT AUTHORITY","type":"User","identifier":"S-1-5-18","name":"SYSTEM"},"event_id":10,"opcode":"Info","channel":"Microsoft-Windows-Sysmon/Operational","task":"Process accessed (rule: ProcessAccess)","api":"wineventlog","computer_name":"HFDC01.shire.com","version":3,"process":{"thread":{"id":3656},"pid":2044},"event_data":{"SourceProcessGUID":"{962923ac-a0e4-5db5-0000-0010db000100}","SourceProcessId":"1528","CallTrace":"C:\\Windows\\SYSTEM32\\ntdll.dll+9fc24|C:\\Windows\\System32\\KERNELBASE.dll+20d0e|c:\\windows\\system32\\fwbase.dll+16e5|c:\\windows\\system32\\fwbase.dll+1639|c:\\windows\\system32\\mpssvc.dll+e42d|c:\\windows\\system32\\mpssvc.dll+e1a8|c:\\windows\\system32\\mpssvc.dll+ebd2|C:\\Windows\\System32\\RPCRT4.dll+77823|C:\\Windows\\System32\\RPCRT4.dll+db4a6|C:\\Windows\\System32\\RPCRT4.dll+10d20|C:\\Windows\\System32\\RPCRT4.dll+54a38|C:\\Windows\\System32\\RPCRT4.dll+304b0|C:\\Windows\\System32\\RPCRT4.dll+2fe5b|C:\\Windows\\System32\\RPCRT4.dll+221ff|C:\\Windows\\System32\\RPCRT4.dll+2165a|C:\\Windows\\System32\\RPCRT4.dll+20c21|C:\\Windows\\System32\\RPCRT4.dll+20692|C:\\Windows\\System32\\RPCRT4.dll+17465|C:\\Windows\\SYSTEM32\\ntdll.dll+4f4c0|C:\\Windows\\SYSTEM32\\ntdll.dll+50348|C:\\Windows\\System32\\KERNEL32.DLL+17974|C:\\Windows\\SYSTEM32\\ntdll.dll+6a271","TargetImage":"C:\\Windows\\System32\\svchost.exe","TargetProcessGUID":"{962923ac-a0ed-5db5-0000-0010cee20100}","TargetProcessId":"2764","GrantedAccess":"0x1000","UtcTime":"2019-10-28 02:31:58.906","SourceThreadId":"3576","SourceImage":"C:\\Windows\\system32\\svchost.exe"},"provider_name":"Microsoft-Windows-Sysmon","record_id":222745},"event":{"kind":"event","code":10,"action":"Process accessed (rule: ProcessAccess)","created":"2019-10-28T02:31:59.668Z"}}
{"@timestamp":"2019-10-28T02:31:58.908Z","@metadata":{"beat":"winlogbeat","type":"_doc","version":"7.4.0","topic":"winlogbeat"},"message":"Process accessed:\nRuleName: \nUtcTime: 2019-10-28 02:31:58.906\nSourceProcessGUID: {962923ac-a0e4-5db5-0000-0010db000100}\nSourceProcessId: 1528\nSourceThreadId: 3576\nSourceImage: C:\\Windows\\system32\\svchost.exe\nTargetProcessGUID: {962923ac-a0ed-5db5-0000-0010cee20100}\nTargetProcessId: 2764\nTargetImage: C:\\Windows\\System32\\svchost.exe\nGrantedAccess: 0x1000\nCallTrace: C:\\Windows\\SYSTEM32\\ntdll.dll+9fc24|C:\\Windows\\System32\\KERNELBASE.dll+20d0e|c:\\windows\\system32\\fwbase.dll+16e5|c:\\windows\\system32\\fwbase.dll+1639|c:\\windows\\system32\\mpssvc.dll+e42d|c:\\windows\\system32\\mpssvc.dll+e1a8|c:\\windows\\system32\\mpssvc.dll+ebd2|C:\\Windows\\System32\\RPCRT4.dll+77823|C:\\Windows\\System32\\RPCRT4.dll+db4a6|C:\\Windows\\System32\\RPCRT4.dll+10d20|C:\\Windows\\System32\\RPCRT4.dll+54a38|C:\\Windows\\System32\\RPCRT4.dll+304b0|C:\\Windows\\System32\\RPCRT4.dll+2fe5b|C:\\Windows\\System32\\RPCRT4.dll+221ff|C:\\Windows\\System32\\RPCRT4.dll+2165a|C:\\Windows\\System32\\RPCRT4.dll+20c21|C:\\Windows\\System32\\RPCRT4.dll+20692|C:\\Windows\\System32\\RPCRT4.dll+17465|C:\\Windows\\SYSTEM32\\ntdll.dll+4f4c0|C:\\Windows\\SYSTEM32\\ntdll.dll+50348|C:\\Windows\\System32\\KERNEL32.DLL+17974|C:\\Windows\\SYSTEM32\\ntdll.dll+6a271","winlog":{"event_id":10,"provider_name":"Microsoft-Windows-Sysmon","computer_name":"HFDC01.shire.com","record_id":222746,"process":{"pid":2044,"thread":{"id":3656}},"user":{"identifier":"S-1-5-18","name":"SYSTEM","domain":"NT AUTHORITY","type":"User"},"api":"wineventlog","provider_guid":"{5770385f-c22a-43e0-bf4c-06f5698ffbd9}","opcode":"Info","version":3,"event_data":{"SourceProcessGUID":"{962923ac-a0e4-5db5-0000-0010db000100}","GrantedAccess":"0x1000","CallTrace":"C:\\Windows\\SYSTEM32\\ntdll.dll+9fc24|C:\\Windows\\System32\\KERNELBASE.dll+20d0e|c:\\windows\\system32\\fwbase.dll+16e5|c:\\windows\\system32\\fwbase.dll+1639|c:\\windows\\system32\\mpssvc.dll+e42d|c:\\windows\\system32\\mpssvc.dll+e1a8|c:\\windows\\system32\\mpssvc.dll+ebd2|C:\\Windows\\System32\\RPCRT4.dll+77823|C:\\Windows\\System32\\RPCRT4.dll+db4a6|C:\\Windows\\System32\\RPCRT4.dll+10d20|C:\\Windows\\System32\\RPCRT4.dll+54a38|C:\\Windows\\System32\\RPCRT4.dll+304b0|C:\\Windows\\System32\\RPCRT4.dll+2fe5b|C:\\Windows\\System32\\RPCRT4.dll+221ff|C:\\Windows\\System32\\RPCRT4.dll+2165a|C:\\Windows\\System32\\RPCRT4.dll+20c21|C:\\Windows\\System32\\RPCRT4.dll+20692|C:\\Windows\\System32\\RPCRT4.dll+17465|C:\\Windows\\SYSTEM32\\ntdll.dll+4f4c0|C:\\Windows\\SYSTEM32\\ntdll.dll+50348|C:\\Windows\\System32\\KERNEL32.DLL+17974|C:\\Windows\\SYSTEM32\\ntdll.dll+6a271","UtcTime":"2019-10-28 02:31:58.906","SourceImage":"C:\\Windows\\system32\\svchost.exe","SourceThreadId":"3576","TargetProcessId":"2764","TargetImage":"C:\\Windows\\System32\\svchost.exe","SourceProcessId":"1528","TargetProcessGUID":"{962923ac-a0ed-5db5-0000-0010cee20100}"},"channel":"Microsoft-Windows-Sysmon/Operational","task":"Process accessed (rule: ProcessAccess)"},"event":{"action":"Process accessed (rule: ProcessAccess)","created":"2019-10-28T02:31:59.668Z","kind":"event","code":10},"log":{"level":"information"},"ecs":{"version":"1.1.0"},"host":{"name":"WECServer"},"agent":{"type":"winlogbeat","ephemeral_id":"df5ad137-6594-4bd7-a3eb-e0eda670370c","hostname":"WECServer","id":"f8e32ecf-6ac8-4748-86ec-f026490623c4","version":"7.4.0"}}
{"@timestamp":"2019-10-28T02:31:58.909Z","@metadata":{"beat":"winlogbeat","type":"_doc","version":"7.4.0","topic":"winlogbeat"},"event":{"kind":"event","code":10,"action":"Process accessed (rule: ProcessAccess)","created":"2019-10-28T02:31:59.668Z"},"log":{"level":"information"},"message":"Process accessed:\nRuleName: \nUtcTime: 2019-10-28 02:31:58.906\nSourceProcessGUID: {962923ac-a0e4-5db5-0000-0010db000100}\nSourceProcessId: 1528\nSourceThreadId: 3576\nSourceImage: C:\\Windows\\system32\\svchost.exe\nTargetProcessGUID: {962923ac-a0ed-5db5-0000-0010cee20100}\nTargetProcessId: 2764\nTargetImage: C:\\Windows\\System32\\svchost.exe\nGrantedAccess: 0x1000\nCallTrace: C:\\Windows\\SYSTEM32\\ntdll.dll+9fc24|C:\\Windows\\System32\\KERNELBASE.dll+20d0e|c:\\windows\\system32\\fwbase.dll+16e5|c:\\windows\\system32\\fwbase.dll+1639|c:\\windows\\system32\\mpssvc.dll+e42d|c:\\windows\\system32\\mpssvc.dll+e1a8|c:\\windows\\system32\\mpssvc.dll+ebd2|C:\\Windows\\System32\\RPCRT4.dll+77823|C:\\Windows\\System32\\RPCRT4.dll+db4a6|C:\\Windows\\System32\\RPCRT4.dll+10d20|C:\\Windows\\System32\\RPCRT4.dll+54a38|C:\\Windows\\System32\\RPCRT4.dll+304b0|C:\\Windows\\System32\\RPCRT4.dll+2fe5b|C:\\Windows\\System32\\RPCRT4.dll+221ff|C:\\Windows\\System32\\RPCRT4.dll+2165a|C:\\Windows\\System32\\RPCRT4.dll+20c21|C:\\Windows\\System32\\RPCRT4.dll+20692|C:\\Windows\\System32\\RPCRT4.dll+17465|C:\\Windows\\SYSTEM32\\ntdll.dll+4f4c0|C:\\Windows\\SYSTEM32\\ntdll.dll+50348|C:\\Windows\\System32\\KERNEL32.DLL+17974|C:\\Windows\\SYSTEM32\\ntdll.dll+6a271","agent":{"version":"7.4.0","type":"winlogbeat","ephemeral_id":"df5ad137-6594-4bd7-a3eb-e0eda670370c","hostname":"WECServer","id":"f8e32ecf-6ac8-4748-86ec-f026490623c4"},"ecs":{"version":"1.1.0"},"host":{"name":"WECServer"},"winlog":{"provider_name":"Microsoft-Windows-Sysmon","task":"Process accessed (rule: ProcessAccess)","api":"wineventlog","computer_name":"HFDC01.shire.com","provider_guid":"{5770385f-c22a-43e0-bf4c-06f5698ffbd9}","event_data":{"TargetProcessGUID":"{962923ac-a0ed-5db5-0000-0010cee20100}","TargetImage":"C:\\Windows\\System32\\svchost.exe","SourceProcessId":"1528","SourceImage":"C:\\Windows\\system32\\svchost.exe","TargetProcessId":"2764","CallTrace":"C:\\Windows\\SYSTEM32\\ntdll.dll+9fc24|C:\\Windows\\System32\\KERNELBASE.dll+20d0e|c:\\windows\\system32\\fwbase.dll+16e5|c:\\windows\\system32\\fwbase.dll+1639|c:\\windows\\system32\\mpssvc.dll+e42d|c:\\windows\\system32\\mpssvc.dll+e1a8|c:\\windows\\system32\\mpssvc.dll+ebd2|C:\\Windows\\System32\\RPCRT4.dll+77823|C:\\Windows\\System32\\RPCRT4.dll+db4a6|C:\\Windows\\System32\\RPCRT4.dll+10d20|C:\\Windows\\System32\\RPCRT4.dll+54a38|C:\\Windows\\System32\\RPCRT4.dll+304b0|C:\\Windows\\System32\\RPCRT4.dll+2fe5b|C:\\Windows\\System32\\RPCRT4.dll+221ff|C:\\Windows\\System32\\RPCRT4.dll+2165a|C:\\Windows\\System32\\RPCRT4.dll+20c21|C:\\Windows\\System32\\RPCRT4.dll+20692|C:\\Windows\\System32\\RPCRT4.dll+17465|C:\\Windows\\SYSTEM32\\ntdll.dll+4f4c0|C:\\Windows\\SYSTEM32\\ntdll.dll+50348|C:\\Windows\\System32\\KERNEL32.DLL+17974|C:\\Windows\\SYSTEM32\\ntdll.dll+6a271","UtcTime":"2019-10-28 02:31:58.906","SourceThreadId":"3576","GrantedAccess":"0x1000","SourceProcessGUID":"{962923ac-a0e4-5db5-0000-0010db000100}"},"version":3,"channel":"Microsoft-Windows-Sysmon/Operational","event_id":10,"process":{"pid":2044,"thread":{"id":3656}},"user":{"type":"User","identifier":"S-1-5-18","name":"SYSTEM","domain":"NT AUTHORITY"},"record_id":222747,"opcode":"Info"}}
{"@timestamp":"2019-10-28T02:31:58.909Z","@metadata":{"beat":"winlogbeat","type":"_doc","version":"7.4.0","topic":"winlogbeat"},"log":{"level":"information"},"message":"Process accessed:\nRuleName: \nUtcTime: 2019-10-28 02:31:58.906\nSourceProcessGUID: {962923ac-a0e4-5db5-0000-0010db000100}\nSourceProcessId: 1528\nSourceThreadId: 3576\nSourceImage: C:\\Windows\\system32\\svchost.exe\nTargetProcessGUID: {962923ac-a0ed-5db5-0000-0010cee20100}\nTargetProcessId: 2764\nTargetImage: C:\\Windows\\System32\\svchost.exe\nGrantedAccess: 0x1000\nCallTrace: C:\\Windows\\SYSTEM32\\ntdll.dll+9fc24|C:\\Windows\\System32\\KERNELBASE.dll+20d0e|c:\\windows\\system32\\fwbase.dll+16e5|c:\\windows\\system32\\fwbase.dll+1639|c:\\windows\\system32\\mpssvc.dll+e42d|c:\\windows\\system32\\mpssvc.dll+e1a8|c:\\windows\\system32\\mpssvc.dll+ebd2|C:\\Windows\\System32\\RPCRT4.dll+77823|C:\\Windows\\System32\\RPCRT4.dll+db4a6|C:\\Windows\\System32\\RPCRT4.dll+10d20|C:\\Windows\\System32\\RPCRT4.dll+54a38|C:\\Windows\\System32\\RPCRT4.dll+304b0|C:\\Windows\\System32\\RPCRT4.dll+2fe5b|C:\\Windows\\System32\\RPCRT4.dll+221ff|C:\\Windows\\System32\\RPCRT4.dll+2165a|C:\\Windows\\System32\\RPCRT4.dll+20c21|C:\\Windows\\System32\\RPCRT4.dll+20692|C:\\Windows\\System32\\RPCRT4.dll+17465|C:\\Windows\\SYSTEM32\\ntdll.dll+4f4c0|C:\\Windows\\SYSTEM32\\ntdll.dll+50348|C:\\Windows\\System32\\KERNEL32.DLL+17974|C:\\Windows\\SYSTEM32\\ntdll.dll+6a271","winlog":{"channel":"Microsoft-Windows-Sysmon/Operational","user":{"identifier":"S-1-5-18","name":"SYSTEM","domain":"NT AUTHORITY","type":"User"},"event_data":{"SourceThreadId":"3576","TargetProcessGUID":"{962923ac-a0ed-5db5-0000-0010cee20100}","SourceImage":"C:\\Windows\\system32\\svchost.exe","TargetImage":"C:\\Windows\\System32\\svchost.exe","GrantedAccess":"0x1000","CallTrace":"C:\\Windows\\SYSTEM32\\ntdll.dll+9fc24|C:\\Windows\\System32\\KERNELBASE.dll+20d0e|c:\\windows\\system32\\fwbase.dll+16e5|c:\\windows\\system32\\fwbase.dll+1639|c:\\windows\\system32\\mpssvc.dll+e42d|c:\\windows\\system32\\mpssvc.dll+e1a8|c:\\windows\\system32\\mpssvc.dll+ebd2|C:\\Windows\\System32\\RPCRT4.dll+77823|C:\\Windows\\System32\\RPCRT4.dll+db4a6|C:\\Windows\\System32\\RPCRT4.dll+10d20|C:\\Windows\\System32\\RPCRT4.dll+54a38|C:\\Windows\\System32\\RPCRT4.dll+304b0|C:\\Windows\\System32\\RPCRT4.dll+2fe5b|C:\\Windows\\System32\\RPCRT4.dll+221ff|C:\\Windows\\System32\\RPCRT4.dll+2165a|C:\\Windows\\System32\\RPCRT4.dll+20c21|C:\\Windows\\System32\\RPCRT4.dll+20692|C:\\Windows\\System32\\RPCRT4.dll+17465|C:\\Windows\\SYSTEM32\\ntdll.dll+4f4c0|C:\\Windows\\SYSTEM32\\ntdll.dll+50348|C:\\Windows\\System32\\KERNEL32.DLL+17974|C:\\Windows\\SYSTEM32\\ntdll.dll+6a271","TargetProcessId":"2764","SourceProcessId":"1528","SourceProcessGUID":"{962923ac-a0e4-5db5-0000-0010db000100}","UtcTime":"2019-10-28 02:31:58.906"},"record_id":222748,"api":"wineventlog","computer_name":"HFDC01.shire.com","provider_guid":"{5770385f-c22a-43e0-bf4c-06f5698ffbd9}","process":{"pid":2044,"thread":{"id":3656}},"provider_name":"Microsoft-Windows-Sysmon","opcode":"Info","version":3,"event_id":10,"task":"Process accessed (rule: ProcessAccess)"},"event":{"code":10,"action":"Process accessed (rule: ProcessAccess)","created":"2019-10-28T02:31:59.668Z","kind":"event"},"ecs":{"version":"1.1.0"},"host":{"name":"WECServer"},"agent":{"type":"winlogbeat","ephemeral_id":"df5ad137-6594-4bd7-a3eb-e0eda670370c","hostname":"WECServer","id":"f8e32ecf-6ac8-4748-86ec-f026490623c4","version":"7.4.0"}}
{"@timestamp":"2019-10-28T02:31:58.909Z","@metadata":{"beat":"winlogbeat","type":"_doc","version":"7.4.0","topic":"winlogbeat"},"agent":{"hostname":"WECServer","id":"f8e32ecf-6ac8-4748-86ec-f026490623c4","version":"7.4.0","type":"winlogbeat","ephemeral_id":"df5ad137-6594-4bd7-a3eb-e0eda670370c"},"log":{"level":"information"},"message":"Process accessed:\nRuleName: \nUtcTime: 2019-10-28 02:31:58.906\nSourceProcessGUID: {962923ac-a0e4-5db5-0000-0010db000100}\nSourceProcessId: 1528\nSourceThreadId: 3576\nSourceImage: C:\\Windows\\system32\\svchost.exe\nTargetProcessGUID: {962923ac-a0ed-5db5-0000-0010cee20100}\nTargetProcessId: 2764\nTargetImage: C:\\Windows\\System32\\svchost.exe\nGrantedAccess: 0x1000\nCallTrace: C:\\Windows\\SYSTEM32\\ntdll.dll+9fc24|C:\\Windows\\System32\\KERNELBASE.dll+20d0e|c:\\windows\\system32\\fwbase.dll+16e5|c:\\windows\\system32\\fwbase.dll+1639|c:\\windows\\system32\\mpssvc.dll+e42d|c:\\windows\\system32\\mpssvc.dll+c8eb|c:\\windows\\system32\\mpssvc.dll+c6d2|c:\\windows\\system32\\mpssvc.dll+c4f5|C:\\Windows\\System32\\RPCRT4.dll+77823|C:\\Windows\\System32\\RPCRT4.dll+db4a6|C:\\Windows\\System32\\RPCRT4.dll+10d20|C:\\Windows\\System32\\RPCRT4.dll+54a38|C:\\Windows\\System32\\RPCRT4.dll+304b0|C:\\Windows\\System32\\RPCRT4.dll+2fe5b|C:\\Windows\\System32\\RPCRT4.dll+221ff|C:\\Windows\\System32\\RPCRT4.dll+2165a|C:\\Windows\\System32\\RPCRT4.dll+20c21|C:\\Windows\\System32\\RPCRT4.dll+20692|C:\\Windows\\System32\\RPCRT4.dll+17465|C:\\Windows\\SYSTEM32\\ntdll.dll+4f4c0|C:\\Windows\\SYSTEM32\\ntdll.dll+50348|C:\\Windows\\System32\\KERNEL32.DLL+17974|C:\\Windows\\SYSTEM32\\ntdll.dll+6a271","winlog":{"user":{"identifier":"S-1-5-18","name":"SYSTEM","domain":"NT AUTHORITY","type":"User"},"channel":"Microsoft-Windows-Sysmon/Operational","computer_name":"HFDC01.shire.com","opcode":"Info","provider_guid":"{5770385f-c22a-43e0-bf4c-06f5698ffbd9}","event_id":10,"record_id":222749,"task":"Process accessed (rule: ProcessAccess)","api":"wineventlog","event_data":{"TargetProcessId":"2764","GrantedAccess":"0x1000","SourceProcessId":"1528","SourceImage":"C:\\Windows\\system32\\svchost.exe","UtcTime":"2019-10-28 02:31:58.906","SourceThreadId":"3576","TargetImage":"C:\\Windows\\System32\\svchost.exe","CallTrace":"C:\\Windows\\SYSTEM32\\ntdll.dll+9fc24|C:\\Windows\\System32\\KERNELBASE.dll+20d0e|c:\\windows\\system32\\fwbase.dll+16e5|c:\\windows\\system32\\fwbase.dll+1639|c:\\windows\\system32\\mpssvc.dll+e42d|c:\\windows\\system32\\mpssvc.dll+c8eb|c:\\windows\\system32\\mpssvc.dll+c6d2|c:\\windows\\system32\\mpssvc.dll+c4f5|C:\\Windows\\System32\\RPCRT4.dll+77823|C:\\Windows\\System32\\RPCRT4.dll+db4a6|C:\\Windows\\System32\\RPCRT4.dll+10d20|C:\\Windows\\System32\\RPCRT4.dll+54a38|C:\\Windows\\System32\\RPCRT4.dll+304b0|C:\\Windows\\System32\\RPCRT4.dll+2fe5b|C:\\Windows\\System32\\RPCRT4.dll+221ff|C:\\Windows\\System32\\RPCRT4.dll+2165a|C:\\Windows\\System32\\RPCRT4.dll+20c21|C:\\Windows\\System32\\RPCRT4.dll+20692|C:\\Windows\\System32\\RPCRT4.dll+17465|C:\\Windows\\SYSTEM32\\ntdll.dll+4f4c0|C:\\Windows\\SYSTEM32\\ntdll.dll+50348|C:\\Windows\\System32\\KERNEL32.DLL+17974|C:\\Windows\\SYSTEM32\\ntdll.dll+6a271","TargetProcessGUID":"{962923ac-a0ed-5db5-0000-0010cee20100}","SourceProcessGUID":"{962923ac-a0e4-5db5-0000-0010db000100}"},"provider_name":"Microsoft-Windows-Sysmon","version":3,"process":{"thread":{"id":3656},"pid":2044}},"event":{"created":"2019-10-28T02:31:59.668Z","kind":"event","code":10,"action":"Process accessed (rule: ProcessAccess)"},"ecs":{"version":"1.1.0"},"host":{"name":"WECServer"}}
{"@timestamp":"2019-10-28T02:31:58.910Z","@metadata":{"beat":"winlogbeat","type":"_doc","version":"7.4.0","topic":"winlogbeat"},"ecs":{"version":"1.1.0"},"winlog":{"provider_name":"Microsoft-Windows-Sysmon","provider_guid":"{5770385f-c22a-43e0-bf4c-06f5698ffbd9}","process":{"pid":2044,"thread":{"id":3656}},"user":{"identifier":"S-1-5-18","name":"SYSTEM","domain":"NT AUTHORITY","type":"User"},"task":"Process accessed (rule: ProcessAccess)","api":"wineventlog","event_data":{"SourceThreadId":"3576","TargetProcessGUID":"{962923ac-a0ed-5db5-0000-0010cee20100}","SourceProcessGUID":"{962923ac-a0e4-5db5-0000-0010db000100}","TargetProcessId":"2764","CallTrace":"C:\\Windows\\SYSTEM32\\ntdll.dll+9fc24|C:\\Windows\\System32\\KERNELBASE.dll+20d0e|c:\\windows\\system32\\fwbase.dll+16e5|c:\\windows\\system32\\fwbase.dll+1639|c:\\windows\\system32\\mpssvc.dll+e42d|c:\\windows\\system32\\mpssvc.dll+e1a8|c:\\windows\\system32\\mpssvc.dll+ebd2|C:\\Windows\\System32\\RPCRT4.dll+77823|C:\\Windows\\System32\\RPCRT4.dll+db4a6|C:\\Windows\\System32\\RPCRT4.dll+10d20|C:\\Windows\\System32\\RPCRT4.dll+54a38|C:\\Windows\\System32\\RPCRT4.dll+304b0|C:\\Windows\\System32\\RPCRT4.dll+2fe5b|C:\\Windows\\System32\\RPCRT4.dll+221ff|C:\\Windows\\System32\\RPCRT4.dll+2165a|C:\\Windows\\System32\\RPCRT4.dll+20c21|C:\\Windows\\System32\\RPCRT4.dll+20692|C:\\Windows\\System32\\RPCRT4.dll+17465|C:\\Windows\\SYSTEM32\\ntdll.dll+4f4c0|C:\\Windows\\SYSTEM32\\ntdll.dll+50348|C:\\Windows\\System32\\KERNEL32.DLL+17974|C:\\Windows\\SYSTEM32\\ntdll.dll+6a271","GrantedAccess":"0x1000","TargetImage":"C:\\Windows\\System32\\svchost.exe","SourceProcessId":"1528","SourceImage":"C:\\Windows\\system32\\svchost.exe","UtcTime":"2019-10-28 02:31:58.906"},"channel":"Microsoft-Windows-Sysmon/Operational","event_id":10,"record_id":222750,"computer_name":"HFDC01.shire.com","opcode":"Info","version":3},"event":{"created":"2019-10-28T02:31:59.668Z","kind":"event","code":10,"action":"Process accessed (rule: ProcessAccess)"},"log":{"level":"information"},"message":"Process accessed:\nRuleName: \nUtcTime: 2019-10-28 02:31:58.906\nSourceProcessGUID: {962923ac-a0e4-5db5-0000-0010db000100}\nSourceProcessId: 1528\nSourceThreadId: 3576\nSourceImage: C:\\Windows\\system32\\svchost.exe\nTargetProcessGUID: {962923ac-a0ed-5db5-0000-0010cee20100}\nTargetProcessId: 2764\nTargetImage: C:\\Windows\\System32\\svchost.exe\nGrantedAccess: 0x1000\nCallTrace: C:\\Windows\\SYSTEM32\\ntdll.dll+9fc24|C:\\Windows\\System32\\KERNELBASE.dll+20d0e|c:\\windows\\system32\\fwbase.dll+16e5|c:\\windows\\system32\\fwbase.dll+1639|c:\\windows\\system32\\mpssvc.dll+e42d|c:\\windows\\system32\\mpssvc.dll+e1a8|c:\\windows\\system32\\mpssvc.dll+ebd2|C:\\Windows\\System32\\RPCRT4.dll+77823|C:\\Windows\\System32\\RPCRT4.dll+db4a6|C:\\Windows\\System32\\RPCRT4.dll+10d20|C:\\Windows\\System32\\RPCRT4.dll+54a38|C:\\Windows\\System32\\RPCRT4.dll+304b0|C:\\Windows\\System32\\RPCRT4.dll+2fe5b|C:\\Windows\\System32\\RPCRT4.dll+221ff|C:\\Windows\\System32\\RPCRT4.dll+2165a|C:\\Windows\\System32\\RPCRT4.dll+20c21|C:\\Windows\\System32\\RPCRT4.dll+20692|C:\\Windows\\System32\\RPCRT4.dll+17465|C:\\Windows\\SYSTEM32\\ntdll.dll+4f4c0|C:\\Windows\\SYSTEM32\\ntdll.dll+50348|C:\\Windows\\System32\\KERNEL32.DLL+17974|C:\\Windows\\SYSTEM32\\ntdll.dll+6a271","host":{"name":"WECServer"},"agent":{"type":"winlogbeat","ephemeral_id":"df5ad137-6594-4bd7-a3eb-e0eda670370c","hostname":"WECServer","id":"f8e32ecf-6ac8-4748-86ec-f026490623c4","version":"7.4.0"}}
{"@timestamp":"2019-10-28T02:31:58.910Z","@metadata":{"beat":"winlogbeat","type":"_doc","version":"7.4.0","topic":"winlogbeat"},"event":{"code":10,"action":"Process accessed (rule: ProcessAccess)","created":"2019-10-28T02:31:59.668Z","kind":"event"},"log":{"level":"information"},"message":"Process accessed:\nRuleName: \nUtcTime: 2019-10-28 02:31:58.906\nSourceProcessGUID: {962923ac-a0e4-5db5-0000-0010db000100}\nSourceProcessId: 1528\nSourceThreadId: 3576\nSourceImage: C:\\Windows\\system32\\svchost.exe\nTargetProcessGUID: {962923ac-a0ed-5db5-0000-0010cee20100}\nTargetProcessId: 2764\nTargetImage: C:\\Windows\\System32\\svchost.exe\nGrantedAccess: 0x1000\nCallTrace: C:\\Windows\\SYSTEM32\\ntdll.dll+9fc24|C:\\Windows\\System32\\KERNELBASE.dll+20d0e|c:\\windows\\system32\\fwbase.dll+16e5|c:\\windows\\system32\\fwbase.dll+1639|c:\\windows\\system32\\mpssvc.dll+e42d|c:\\windows\\system32\\mpssvc.dll+e1a8|c:\\windows\\system32\\mpssvc.dll+ebd2|C:\\Windows\\System32\\RPCRT4.dll+77823|C:\\Windows\\System32\\RPCRT4.dll+db4a6|C:\\Windows\\System32\\RPCRT4.dll+10d20|C:\\Windows\\System32\\RPCRT4.dll+54a38|C:\\Windows\\System32\\RPCRT4.dll+304b0|C:\\Windows\\System32\\RPCRT4.dll+2fe5b|C:\\Windows\\System32\\RPCRT4.dll+221ff|C:\\Windows\\System32\\RPCRT4.dll+2165a|C:\\Windows\\System32\\RPCRT4.dll+20c21|C:\\Windows\\System32\\RPCRT4.dll+20692|C:\\Windows\\System32\\RPCRT4.dll+17465|C:\\Windows\\SYSTEM32\\ntdll.dll+4f4c0|C:\\Windows\\SYSTEM32\\ntdll.dll+50348|C:\\Windows\\System32\\KERNEL32.DLL+17974|C:\\Windows\\SYSTEM32\\ntdll.dll+6a271","winlog":{"provider_name":"Microsoft-Windows-Sysmon","opcode":"Info","event_id":10,"task":"Process accessed (rule: ProcessAccess)","process":{"pid":2044,"thread":{"id":3656}},"channel":"Microsoft-Windows-Sysmon/Operational","provider_guid":"{5770385f-c22a-43e0-bf4c-06f5698ffbd9}","version":3,"computer_name":"HFDC01.shire.com","user":{"identifier":"S-1-5-18","name":"SYSTEM","domain":"NT AUTHORITY","type":"User"},"event_data":{"GrantedAccess":"0x1000","CallTrace":"C:\\Windows\\SYSTEM32\\ntdll.dll+9fc24|C:\\Windows\\System32\\KERNELBASE.dll+20d0e|c:\\windows\\system32\\fwbase.dll+16e5|c:\\windows\\system32\\fwbase.dll+1639|c:\\windows\\system32\\mpssvc.dll+e42d|c:\\windows\\system32\\mpssvc.dll+e1a8|c:\\windows\\system32\\mpssvc.dll+ebd2|C:\\Windows\\System32\\RPCRT4.dll+77823|C:\\Windows\\System32\\RPCRT4.dll+db4a6|C:\\Windows\\System32\\RPCRT4.dll+10d20|C:\\Windows\\System32\\RPCRT4.dll+54a38|C:\\Windows\\System32\\RPCRT4.dll+304b0|C:\\Windows\\System32\\RPCRT4.dll+2fe5b|C:\\Windows\\System32\\RPCRT4.dll+221ff|C:\\Windows\\System32\\RPCRT4.dll+2165a|C:\\Windows\\System32\\RPCRT4.dll+20c21|C:\\Windows\\System32\\RPCRT4.dll+20692|C:\\Windows\\System32\\RPCRT4.dll+17465|C:\\Windows\\SYSTEM32\\ntdll.dll+4f4c0|C:\\Windows\\SYSTEM32\\ntdll.dll+50348|C:\\Windows\\System32\\KERNEL32.DLL+17974|C:\\Windows\\SYSTEM32\\ntdll.dll+6a271","SourceProcessId":"1528","TargetProcessGUID":"{962923ac-a0ed-5db5-0000-0010cee20100}","SourceThreadId":"3576","TargetProcessId":"2764","UtcTime":"2019-10-28 02:31:58.906","SourceImage":"C:\\Windows\\system32\\svchost.exe","SourceProcessGUID":"{962923ac-a0e4-5db5-0000-0010db000100}","TargetImage":"C:\\Windows\\System32\\svchost.exe"},"record_id":222751,"api":"wineventlog"},"ecs":{"version":"1.1.0"},"host":{"name":"WECServer"},"agent":{"id":"f8e32ecf-6ac8-4748-86ec-f026490623c4","version":"7.4.0","type":"winlogbeat","ephemeral_id":"df5ad137-6594-4bd7-a3eb-e0eda670370c","hostname":"WECServer"}}
{"@timestamp":"2019-10-28T02:31:58.910Z","@metadata":{"beat":"winlogbeat","type":"_doc","version":"7.4.0","topic":"winlogbeat"},"log":{"level":"information"},"message":"Process accessed:\nRuleName: \nUtcTime: 2019-10-28 02:31:58.906\nSourceProcessGUID: {962923ac-a0e4-5db5-0000-0010db000100}\nSourceProcessId: 1528\nSourceThreadId: 3576\nSourceImage: C:\\Windows\\system32\\svchost.exe\nTargetProcessGUID: {962923ac-a0ed-5db5-0000-0010cee20100}\nTargetProcessId: 2764\nTargetImage: C:\\Windows\\System32\\svchost.exe\nGrantedAccess: 0x1000\nCallTrace: C:\\Windows\\SYSTEM32\\ntdll.dll+9fc24|C:\\Windows\\System32\\KERNELBASE.dll+20d0e|c:\\windows\\system32\\fwbase.dll+16e5|c:\\windows\\system32\\fwbase.dll+1639|c:\\windows\\system32\\mpssvc.dll+e42d|c:\\windows\\system32\\mpssvc.dll+e1a8|c:\\windows\\system32\\mpssvc.dll+ebd2|C:\\Windows\\System32\\RPCRT4.dll+77823|C:\\Windows\\System32\\RPCRT4.dll+db4a6|C:\\Windows\\System32\\RPCRT4.dll+10d20|C:\\Windows\\System32\\RPCRT4.dll+54a38|C:\\Windows\\System32\\RPCRT4.dll+304b0|C:\\Windows\\System32\\RPCRT4.dll+2fe5b|C:\\Windows\\System32\\RPCRT4.dll+221ff|C:\\Windows\\System32\\RPCRT4.dll+2165a|C:\\Windows\\System32\\RPCRT4.dll+20c21|C:\\Windows\\System32\\RPCRT4.dll+20692|C:\\Windows\\System32\\RPCRT4.dll+17465|C:\\Windows\\SYSTEM32\\ntdll.dll+4f4c0|C:\\Windows\\SYSTEM32\\ntdll.dll+50348|C:\\Windows\\System32\\KERNEL32.DLL+17974|C:\\Windows\\SYSTEM32\\ntdll.dll+6a271","ecs":{"version":"1.1.0"},"host":{"name":"WECServer"},"agent":{"ephemeral_id":"df5ad137-6594-4bd7-a3eb-e0eda670370c","hostname":"WECServer","id":"f8e32ecf-6ac8-4748-86ec-f026490623c4","version":"7.4.0","type":"winlogbeat"},"winlog":{"provider_name":"Microsoft-Windows-Sysmon","task":"Process accessed (rule: ProcessAccess)","event_id":10,"opcode":"Info","api":"wineventlog","version":3,"channel":"Microsoft-Windows-Sysmon/Operational","user":{"domain":"NT AUTHORITY","type":"User","identifier":"S-1-5-18","name":"SYSTEM"},"process":{"pid":2044,"thread":{"id":3656}},"event_data":{"SourceProcessGUID":"{962923ac-a0e4-5db5-0000-0010db000100}","GrantedAccess":"0x1000","CallTrace":"C:\\Windows\\SYSTEM32\\ntdll.dll+9fc24|C:\\Windows\\System32\\KERNELBASE.dll+20d0e|c:\\windows\\system32\\fwbase.dll+16e5|c:\\windows\\system32\\fwbase.dll+1639|c:\\windows\\system32\\mpssvc.dll+e42d|c:\\windows\\system32\\mpssvc.dll+e1a8|c:\\windows\\system32\\mpssvc.dll+ebd2|C:\\Windows\\System32\\RPCRT4.dll+77823|C:\\Windows\\System32\\RPCRT4.dll+db4a6|C:\\Windows\\System32\\RPCRT4.dll+10d20|C:\\Windows\\System32\\RPCRT4.dll+54a38|C:\\Windows\\System32\\RPCRT4.dll+304b0|C:\\Windows\\System32\\RPCRT4.dll+2fe5b|C:\\Windows\\System32\\RPCRT4.dll+221ff|C:\\Windows\\System32\\RPCRT4.dll+2165a|C:\\Windows\\System32\\RPCRT4.dll+20c21|C:\\Windows\\System32\\RPCRT4.dll+20692|C:\\Windows\\System32\\RPCRT4.dll+17465|C:\\Windows\\SYSTEM32\\ntdll.dll+4f4c0|C:\\Windows\\SYSTEM32\\ntdll.dll+50348|C:\\Windows\\System32\\KERNEL32.DLL+17974|C:\\Windows\\SYSTEM32\\ntdll.dll+6a271","SourceProcessId":"1528","SourceThreadId":"3576","SourceImage":"C:\\Windows\\system32\\svchost.exe","TargetProcessGUID":"{962923ac-a0ed-5db5-0000-0010cee20100}","TargetImage":"C:\\Windows\\System32\\svchost.exe","UtcTime":"2019-10-28 02:31:58.906","TargetProcessId":"2764"},"computer_name":"HFDC01.shire.com","provider_guid":"{5770385f-c22a-43e0-bf4c-06f5698ffbd9}","record_id":222752},"event":{"action":"Process accessed (rule: ProcessAccess)","created":"2019-10-28T02:31:59.668Z","kind":"event","code":10}}
{"@timestamp":"2019-10-28T02:31:58.910Z","@metadata":{"beat":"winlogbeat","type":"_doc","version":"7.4.0","topic":"winlogbeat"},"log":{"level":"information"},"message":"Process accessed:\nRuleName: \nUtcTime: 2019-10-28 02:31:58.906\nSourceProcessGUID: {962923ac-a0e4-5db5-0000-0010db000100}\nSourceProcessId: 1528\nSourceThreadId: 3576\nSourceImage: C:\\Windows\\system32\\svchost.exe\nTargetProcessGUID: {962923ac-a0ed-5db5-0000-0010cee20100}\nTargetProcessId: 2764\nTargetImage: C:\\Windows\\System32\\svchost.exe\nGrantedAccess: 0x1000\nCallTrace: C:\\Windows\\SYSTEM32\\ntdll.dll+9fc24|C:\\Windows\\System32\\KERNELBASE.dll+20d0e|c:\\windows\\system32\\fwbase.dll+16e5|c:\\windows\\system32\\fwbase.dll+1639|c:\\windows\\system32\\mpssvc.dll+e42d|c:\\windows\\system32\\mpssvc.dll+cf2b|c:\\windows\\system32\\mpssvc.dll+cca7|C:\\Windows\\System32\\RPCRT4.dll+77823|C:\\Windows\\System32\\RPCRT4.dll+db4a6|C:\\Windows\\System32\\RPCRT4.dll+10d20|C:\\Windows\\System32\\RPCRT4.dll+54a38|C:\\Windows\\System32\\RPCRT4.dll+304b0|C:\\Windows\\System32\\RPCRT4.dll+2fe5b|C:\\Windows\\System32\\RPCRT4.dll+221ff|C:\\Windows\\System32\\RPCRT4.dll+2165a|C:\\Windows\\System32\\RPCRT4.dll+20c21|C:\\Windows\\System32\\RPCRT4.dll+20692|C:\\Windows\\System32\\RPCRT4.dll+17465|C:\\Windows\\SYSTEM32\\ntdll.dll+4f4c0|C:\\Windows\\SYSTEM32\\ntdll.dll+50348|C:\\Windows\\System32\\KERNEL32.DLL+17974|C:\\Windows\\SYSTEM32\\ntdll.dll+6a271","ecs":{"version":"1.1.0"},"host":{"name":"WECServer"},"agent":{"ephemeral_id":"df5ad137-6594-4bd7-a3eb-e0eda670370c","hostname":"WECServer","id":"f8e32ecf-6ac8-4748-86ec-f026490623c4","version":"7.4.0","type":"winlogbeat"},"winlog":{"provider_guid":"{5770385f-c22a-43e0-bf4c-06f5698ffbd9}","computer_name":"HFDC01.shire.com","opcode":"Info","version":3,"process":{"thread":{"id":3656},"pid":2044},"event_id":10,"provider_name":"Microsoft-Windows-Sysmon","api":"wineventlog","user":{"identifier":"S-1-5-18","name":"SYSTEM","domain":"NT AUTHORITY","type":"User"},"channel":"Microsoft-Windows-Sysmon/Operational","event_data":{"GrantedAccess":"0x1000","TargetProcessGUID":"{962923ac-a0ed-5db5-0000-0010cee20100}","TargetProcessId":"2764","CallTrace":"C:\\Windows\\SYSTEM32\\ntdll.dll+9fc24|C:\\Windows\\System32\\KERNELBASE.dll+20d0e|c:\\windows\\system32\\fwbase.dll+16e5|c:\\windows\\system32\\fwbase.dll+1639|c:\\windows\\system32\\mpssvc.dll+e42d|c:\\windows\\system32\\mpssvc.dll+cf2b|c:\\windows\\system32\\mpssvc.dll+cca7|C:\\Windows\\System32\\RPCRT4.dll+77823|C:\\Windows\\System32\\RPCRT4.dll+db4a6|C:\\Windows\\System32\\RPCRT4.dll+10d20|C:\\Windows\\System32\\RPCRT4.dll+54a38|C:\\Windows\\System32\\RPCRT4.dll+304b0|C:\\Windows\\System32\\RPCRT4.dll+2fe5b|C:\\Windows\\System32\\RPCRT4.dll+221ff|C:\\Windows\\System32\\RPCRT4.dll+2165a|C:\\Windows\\System32\\RPCRT4.dll+20c21|C:\\Windows\\System32\\RPCRT4.dll+20692|C:\\Windows\\System32\\RPCRT4.dll+17465|C:\\Windows\\SYSTEM32\\ntdll.dll+4f4c0|C:\\Windows\\SYSTEM32\\ntdll.dll+50348|C:\\Windows\\System32\\KERNEL32.DLL+17974|C:\\Windows\\SYSTEM32\\ntdll.dll+6a271","UtcTime":"2019-10-28 02:31:58.906","SourceProcessId":"1528","SourceProcessGUID":"{962923ac-a0e4-5db5-0000-0010db000100}","SourceThreadId":"3576","SourceImage":"C:\\Windows\\system32\\svchost.exe","TargetImage":"C:\\Windows\\System32\\svchost.exe"},"task":"Process accessed (rule: ProcessAccess)","record_id":222753},"event":{"code":10,"action":"Process accessed (rule: ProcessAccess)","created":"2019-10-28T02:31:59.668Z","kind":"event"}}
{"@timestamp":"2019-10-28T02:31:58.910Z","@metadata":{"beat":"winlogbeat","type":"_doc","version":"7.4.0","topic":"winlogbeat"},"log":{"level":"information"},"message":"Process accessed:\nRuleName: \nUtcTime: 2019-10-28 02:31:58.906\nSourceProcessGUID: {962923ac-a0e4-5db5-0000-0010db000100}\nSourceProcessId: 1528\nSourceThreadId: 3576\nSourceImage: C:\\Windows\\system32\\svchost.exe\nTargetProcessGUID: {962923ac-a0ed-5db5-0000-0010cee20100}\nTargetProcessId: 2764\nTargetImage: C:\\Windows\\System32\\svchost.exe\nGrantedAccess: 0x1000\nCallTrace: C:\\Windows\\SYSTEM32\\ntdll.dll+9fc24|C:\\Windows\\System32\\KERNELBASE.dll+20d0e|c:\\windows\\system32\\fwbase.dll+16e5|c:\\windows\\system32\\fwbase.dll+1639|c:\\windows\\system32\\mpssvc.dll+e42d|c:\\windows\\system32\\mpssvc.dll+d9a3|c:\\windows\\system32\\mpssvc.dll+ea94|C:\\Windows\\System32\\RPCRT4.dll+77823|C:\\Windows\\System32\\RPCRT4.dll+db4a6|C:\\Windows\\System32\\RPCRT4.dll+10d20|C:\\Windows\\System32\\RPCRT4.dll+54a38|C:\\Windows\\System32\\RPCRT4.dll+304b0|C:\\Windows\\System32\\RPCRT4.dll+2fe5b|C:\\Windows\\System32\\RPCRT4.dll+221ff|C:\\Windows\\System32\\RPCRT4.dll+2165a|C:\\Windows\\System32\\RPCRT4.dll+20c21|C:\\Windows\\System32\\RPCRT4.dll+20692|C:\\Windows\\System32\\RPCRT4.dll+17465|C:\\Windows\\SYSTEM32\\ntdll.dll+4f4c0|C:\\Windows\\SYSTEM32\\ntdll.dll+50348|C:\\Windows\\System32\\KERNEL32.DLL+17974|C:\\Windows\\SYSTEM32\\ntdll.dll+6a271","winlog":{"opcode":"Info","provider_guid":"{5770385f-c22a-43e0-bf4c-06f5698ffbd9}","channel":"Microsoft-Windows-Sysmon/Operational","api":"wineventlog","user":{"identifier":"S-1-5-18","name":"SYSTEM","domain":"NT AUTHORITY","type":"User"},"event_data":{"SourceImage":"C:\\Windows\\system32\\svchost.exe","TargetProcessGUID":"{962923ac-a0ed-5db5-0000-0010cee20100}","TargetImage":"C:\\Windows\\System32\\svchost.exe","GrantedAccess":"0x1000","UtcTime":"2019-10-28 02:31:58.906","SourceProcessId":"1528","TargetProcessId":"2764","SourceProcessGUID":"{962923ac-a0e4-5db5-0000-0010db000100}","SourceThreadId":"3576","CallTrace":"C:\\Windows\\SYSTEM32\\ntdll.dll+9fc24|C:\\Windows\\System32\\KERNELBASE.dll+20d0e|c:\\windows\\system32\\fwbase.dll+16e5|c:\\windows\\system32\\fwbase.dll+1639|c:\\windows\\system32\\mpssvc.dll+e42d|c:\\windows\\system32\\mpssvc.dll+d9a3|c:\\windows\\system32\\mpssvc.dll+ea94|C:\\Windows\\System32\\RPCRT4.dll+77823|C:\\Windows\\System32\\RPCRT4.dll+db4a6|C:\\Windows\\System32\\RPCRT4.dll+10d20|C:\\Windows\\System32\\RPCRT4.dll+54a38|C:\\Windows\\System32\\RPCRT4.dll+304b0|C:\\Windows\\System32\\RPCRT4.dll+2fe5b|C:\\Windows\\System32\\RPCRT4.dll+221ff|C:\\Windows\\System32\\RPCRT4.dll+2165a|C:\\Windows\\System32\\RPCRT4.dll+20c21|C:\\Windows\\System32\\RPCRT4.dll+20692|C:\\Windows\\System32\\RPCRT4.dll+17465|C:\\Windows\\SYSTEM32\\ntdll.dll+4f4c0|C:\\Windows\\SYSTEM32\\ntdll.dll+50348|C:\\Windows\\System32\\KERNEL32.DLL+17974|C:\\Windows\\SYSTEM32\\ntdll.dll+6a271"},"provider_name":"Microsoft-Windows-Sysmon","task":"Process accessed (rule: ProcessAccess)","version":3,"process":{"pid":2044,"thread":{"id":3656}},"event_id":10,"computer_name":"HFDC01.shire.com","record_id":222754},"event":{"kind":"event","code":10,"action":"Process accessed (rule: ProcessAccess)","created":"2019-10-28T02:31:59.668Z"},"ecs":{"version":"1.1.0"},"host":{"name":"WECServer"},"agent":{"type":"winlogbeat","ephemeral_id":"df5ad137-6594-4bd7-a3eb-e0eda670370c","hostname":"WECServer","id":"f8e32ecf-6ac8-4748-86ec-f026490623c4","version":"7.4.0"}}
{"@timestamp":"2019-10-28T02:31:58.911Z","@metadata":{"beat":"winlogbeat","type":"_doc","version":"7.4.0","topic":"winlogbeat"},"message":"Process accessed:\nRuleName: \nUtcTime: 2019-10-28 02:31:58.906\nSourceProcessGUID: {962923ac-a0e4-5db5-0000-0010db000100}\nSourceProcessId: 1528\nSourceThreadId: 3576\nSourceImage: C:\\Windows\\system32\\svchost.exe\nTargetProcessGUID: {962923ac-a0ed-5db5-0000-0010cee20100}\nTargetProcessId: 2764\nTargetImage: C:\\Windows\\System32\\svchost.exe\nGrantedAccess: 0x1000\nCallTrace: C:\\Windows\\SYSTEM32\\ntdll.dll+9fc24|C:\\Windows\\System32\\KERNELBASE.dll+20d0e|c:\\windows\\system32\\fwbase.dll+16e5|c:\\windows\\system32\\fwbase.dll+1639|c:\\windows\\system32\\mpssvc.dll+e42d|c:\\windows\\system32\\mpssvc.dll+d6d8|c:\\windows\\system32\\mpssvc.dll+d414|C:\\Windows\\System32\\RPCRT4.dll+77823|C:\\Windows\\System32\\RPCRT4.dll+db4a6|C:\\Windows\\System32\\RPCRT4.dll+10d20|C:\\Windows\\System32\\RPCRT4.dll+54a38|C:\\Windows\\System32\\RPCRT4.dll+304b0|C:\\Windows\\System32\\RPCRT4.dll+2fe5b|C:\\Windows\\System32\\RPCRT4.dll+221ff|C:\\Windows\\System32\\RPCRT4.dll+2165a|C:\\Windows\\System32\\RPCRT4.dll+20c21|C:\\Windows\\System32\\RPCRT4.dll+20692|C:\\Windows\\System32\\RPCRT4.dll+17465|C:\\Windows\\SYSTEM32\\ntdll.dll+4f4c0|C:\\Windows\\SYSTEM32\\ntdll.dll+50348|C:\\Windows\\System32\\KERNEL32.DLL+17974|C:\\Windows\\SYSTEM32\\ntdll.dll+6a271","ecs":{"version":"1.1.0"},"host":{"name":"WECServer"},"agent":{"type":"winlogbeat","ephemeral_id":"df5ad137-6594-4bd7-a3eb-e0eda670370c","hostname":"WECServer","id":"f8e32ecf-6ac8-4748-86ec-f026490623c4","version":"7.4.0"},"winlog":{"event_data":{"SourceThreadId":"3576","CallTrace":"C:\\Windows\\SYSTEM32\\ntdll.dll+9fc24|C:\\Windows\\System32\\KERNELBASE.dll+20d0e|c:\\windows\\system32\\fwbase.dll+16e5|c:\\windows\\system32\\fwbase.dll+1639|c:\\windows\\system32\\mpssvc.dll+e42d|c:\\windows\\system32\\mpssvc.dll+d6d8|c:\\windows\\system32\\mpssvc.dll+d414|C:\\Windows\\System32\\RPCRT4.dll+77823|C:\\Windows\\System32\\RPCRT4.dll+db4a6|C:\\Windows\\System32\\RPCRT4.dll+10d20|C:\\Windows\\System32\\RPCRT4.dll+54a38|C:\\Windows\\System32\\RPCRT4.dll+304b0|C:\\Windows\\System32\\RPCRT4.dll+2fe5b|C:\\Windows\\System32\\RPCRT4.dll+221ff|C:\\Windows\\System32\\RPCRT4.dll+2165a|C:\\Windows\\System32\\RPCRT4.dll+20c21|C:\\Windows\\System32\\RPCRT4.dll+20692|C:\\Windows\\System32\\RPCRT4.dll+17465|C:\\Windows\\SYSTEM32\\ntdll.dll+4f4c0|C:\\Windows\\SYSTEM32\\ntdll.dll+50348|C:\\Windows\\System32\\KERNEL32.DLL+17974|C:\\Windows\\SYSTEM32\\ntdll.dll+6a271","SourceProcessGUID":"{962923ac-a0e4-5db5-0000-0010db000100}","SourceProcessId":"1528","TargetProcessGUID":"{962923ac-a0ed-5db5-0000-0010cee20100}","TargetImage":"C:\\Windows\\System32\\svchost.exe","GrantedAccess":"0x1000","UtcTime":"2019-10-28 02:31:58.906","SourceImage":"C:\\Windows\\system32\\svchost.exe","TargetProcessId":"2764"},"task":"Process accessed (rule: ProcessAccess)","channel":"Microsoft-Windows-Sysmon/Operational","provider_name":"Microsoft-Windows-Sysmon","record_id":222755,"version":3,"computer_name":"HFDC01.shire.com","process":{"thread":{"id":3656},"pid":2044},"user":{"type":"User","identifier":"S-1-5-18","name":"SYSTEM","domain":"NT AUTHORITY"},"api":"wineventlog","opcode":"Info","provider_guid":"{5770385f-c22a-43e0-bf4c-06f5698ffbd9}","event_id":10},"event":{"code":10,"action":"Process accessed (rule: ProcessAccess)","created":"2019-10-28T02:31:59.668Z","kind":"event"},"log":{"level":"information"}}
{"@timestamp":"2019-10-28T02:31:58.911Z","@metadata":{"beat":"winlogbeat","type":"_doc","version":"7.4.0","topic":"winlogbeat"},"host":{"name":"WECServer"},"agent":{"version":"7.4.0","type":"winlogbeat","ephemeral_id":"df5ad137-6594-4bd7-a3eb-e0eda670370c","hostname":"WECServer","id":"f8e32ecf-6ac8-4748-86ec-f026490623c4"},"event":{"kind":"event","code":10,"action":"Process accessed (rule: ProcessAccess)","created":"2019-10-28T02:31:59.668Z"},"log":{"level":"information"},"message":"Process accessed:\nRuleName: \nUtcTime: 2019-10-28 02:31:58.906\nSourceProcessGUID: {962923ac-a0e4-5db5-0000-0010db000100}\nSourceProcessId: 1528\nSourceThreadId: 3576\nSourceImage: C:\\Windows\\system32\\svchost.exe\nTargetProcessGUID: {962923ac-a0ed-5db5-0000-0010cee20100}\nTargetProcessId: 2764\nTargetImage: C:\\Windows\\System32\\svchost.exe\nGrantedAccess: 0x1000\nCallTrace: C:\\Windows\\SYSTEM32\\ntdll.dll+9fc24|C:\\Windows\\System32\\KERNELBASE.dll+20d0e|c:\\windows\\system32\\fwbase.dll+16e5|c:\\windows\\system32\\fwbase.dll+1639|c:\\windows\\system32\\mpssvc.dll+e42d|c:\\windows\\system32\\mpssvc.dll+d9a3|c:\\windows\\system32\\mpssvc.dll+ea94|C:\\Windows\\System32\\RPCRT4.dll+77823|C:\\Windows\\System32\\RPCRT4.dll+db4a6|C:\\Windows\\System32\\RPCRT4.dll+10d20|C:\\Windows\\System32\\RPCRT4.dll+54a38|C:\\Windows\\System32\\RPCRT4.dll+304b0|C:\\Windows\\System32\\RPCRT4.dll+2fe5b|C:\\Windows\\System32\\RPCRT4.dll+221ff|C:\\Windows\\System32\\RPCRT4.dll+2165a|C:\\Windows\\System32\\RPCRT4.dll+20c21|C:\\Windows\\System32\\RPCRT4.dll+20692|C:\\Windows\\System32\\RPCRT4.dll+17465|C:\\Windows\\SYSTEM32\\ntdll.dll+4f4c0|C:\\Windows\\SYSTEM32\\ntdll.dll+50348|C:\\Windows\\System32\\KERNEL32.DLL+17974|C:\\Windows\\SYSTEM32\\ntdll.dll+6a271","winlog":{"event_id":10,"provider_name":"Microsoft-Windows-Sysmon","opcode":"Info","channel":"Microsoft-Windows-Sysmon/Operational","process":{"pid":2044,"thread":{"id":3656}},"user":{"name":"SYSTEM","domain":"NT AUTHORITY","type":"User","identifier":"S-1-5-18"},"api":"wineventlog","provider_guid":"{5770385f-c22a-43e0-bf4c-06f5698ffbd9}","record_id":222756,"version":3,"event_data":{"TargetProcessId":"2764","TargetImage":"C:\\Windows\\System32\\svchost.exe","CallTrace":"C:\\Windows\\SYSTEM32\\ntdll.dll+9fc24|C:\\Windows\\System32\\KERNELBASE.dll+20d0e|c:\\windows\\system32\\fwbase.dll+16e5|c:\\windows\\system32\\fwbase.dll+1639|c:\\windows\\system32\\mpssvc.dll+e42d|c:\\windows\\system32\\mpssvc.dll+d9a3|c:\\windows\\system32\\mpssvc.dll+ea94|C:\\Windows\\System32\\RPCRT4.dll+77823|C:\\Windows\\System32\\RPCRT4.dll+db4a6|C:\\Windows\\System32\\RPCRT4.dll+10d20|C:\\Windows\\System32\\RPCRT4.dll+54a38|C:\\Windows\\System32\\RPCRT4.dll+304b0|C:\\Windows\\System32\\RPCRT4.dll+2fe5b|C:\\Windows\\System32\\RPCRT4.dll+221ff|C:\\Windows\\System32\\RPCRT4.dll+2165a|C:\\Windows\\System32\\RPCRT4.dll+20c21|C:\\Windows\\System32\\RPCRT4.dll+20692|C:\\Windows\\System32\\RPCRT4.dll+17465|C:\\Windows\\SYSTEM32\\ntdll.dll+4f4c0|C:\\Windows\\SYSTEM32\\ntdll.dll+50348|C:\\Windows\\System32\\KERNEL32.DLL+17974|C:\\Windows\\SYSTEM32\\ntdll.dll+6a271","UtcTime":"2019-10-28 02:31:58.906","TargetProcessGUID":"{962923ac-a0ed-5db5-0000-0010cee20100}","SourceProcessId":"1528","SourceImage":"C:\\Windows\\system32\\svchost.exe","GrantedAccess":"0x1000","SourceProcessGUID":"{962923ac-a0e4-5db5-0000-0010db000100}","SourceThreadId":"3576"},"task":"Process accessed (rule: ProcessAccess)","computer_name":"HFDC01.shire.com"},"ecs":{"version":"1.1.0"}}
