{"@timestamp":"2019-10-28T02:31:46.473Z","@metadata":{"beat":"winlogbeat","type":"_doc","version":"7.4.0","topic":"winlogbeat"},"host":{"name":"WECServer"},"agent":{"type":"winlogbeat","ephemeral_id":"df5ad137-6594-4bd7-a3eb-e0eda670370c","hostname":"WECServer","id":"f8e32ecf-6ac8-4748-86ec-f026490623c4","version":"7.4.0"},"winlog":{"computer_name":"ACCT001.shire.com","event_id":10,"provider_guid":"{5770385f-c22a-43e0-bf4c-06f5698ffbd9}","user":{"identifier":"S-1-5-18","name":"SYSTEM","domain":"NT AUTHORITY","type":"User"},"event_data":{"TargetProcessId":"6164","SourceProcessGUID":"{a158f72c-a3a1-5db5-0000-0010e67e0800}","TargetImage":"C:\\Windows\\SystemApps\\Microsoft.Windows.Cortana_cw5n1h2txyewy\\SearchUI.exe","CallTrace":"C:\\Windows\\SYSTEM32\\ntdll.dll+9c524|C:\\Windows\\System32\\KERNELBASE.dll+2730e|C:\\Windows\\system32\\twinui.dll+72169|C:\\Windows\\SYSTEM32\\ntdll.dll+30739|C:\\Windows\\SYSTEM32\\ntdll.dll+345c4|C:\\Windows\\System32\\KERNEL32.DLL+17944|C:\\Windows\\SYSTEM32\\ntdll.dll+6ce71","SourceThreadId":"5828","SourceImage":"C:\\Windows\\Explorer.EXE","TargetProcessGUID":"{a158f72c-a3a9-5db5-0000-0010edc60a00}","GrantedAccess":"0x2000","UtcTime":"2019-10-28 02:31:46.471","SourceProcessId":"5616"},"channel":"Microsoft-Windows-Sysmon/Operational","record_id":271833,"process":{"pid":3208,"thread":{"id":5108}},"provider_name":"Microsoft-Windows-Sysmon","task":"Process accessed (rule: ProcessAccess)","opcode":"Info","version":3,"api":"wineventlog"},"event":{"kind":"event","code":10,"action":"Process accessed (rule: ProcessAccess)","created":"2019-10-28T02:31:49.593Z"},"log":{"level":"information"},"message":"Process accessed:\nRuleName: \nUtcTime: 2019-10-28 02:31:46.471\nSourceProcessGUID: {a158f72c-a3a1-5db5-0000-0010e67e0800}\nSourceProcessId: 5616\nSourceThreadId: 5828\nSourceImage: C:\\Windows\\Explorer.EXE\nTargetProcessGUID: {a158f72c-a3a9-5db5-0000-0010edc60a00}\nTargetProcessId: 6164\nTargetImage: C:\\Windows\\SystemApps\\Microsoft.Windows.Cortana_cw5n1h2txyewy\\SearchUI.exe\nGrantedAccess: 0x2000\nCallTrace: C:\\Windows\\SYSTEM32\\ntdll.dll+9c524|C:\\Windows\\System32\\KERNELBASE.dll+2730e|C:\\Windows\\system32\\twinui.dll+72169|C:\\Windows\\SYSTEM32\\ntdll.dll+30739|C:\\Windows\\SYSTEM32\\ntdll.dll+345c4|C:\\Windows\\System32\\KERNEL32.DLL+17944|C:\\Windows\\SYSTEM32\\ntdll.dll+6ce71","ecs":{"version":"1.1.0"}}
{"@timestamp":"2019-10-28T02:31:46.473Z","@metadata":{"beat":"winlogbeat","type":"_doc","version":"7.4.0","topic":"winlogbeat"},"agent":{"id":"f8e32ecf-6ac8-4748-86ec-f026490623c4","version":"7.4.0","type":"winlogbeat","ephemeral_id":"df5ad137-6594-4bd7-a3eb-e0eda670370c","hostname":"WECServer"},"ecs":{"version":"1.1.0"},"winlog":{"event_data":{"TargetProcessId":"5528","TargetProcessGUID":"{a158f72c-a3a8-5db5-0000-00104f790a00}","GrantedAccess":"0x2000","CallTrace":"C:\\Windows\\SYSTEM32\\ntdll.dll+9c524|C:\\Windows\\System32\\KERNELBASE.dll+2730e|C:\\Windows\\system32\\twinui.dll+72169|C:\\Windows\\SYSTEM32\\ntdll.dll+30739|C:\\Windows\\SYSTEM32\\ntdll.dll+345c4|C:\\Windows\\System32\\KERNEL32.DLL+17944|C:\\Windows\\SYSTEM32\\ntdll.dll+6ce71","TargetImage":"C:\\Windows\\SystemApps\\Microsoft.Windows.StartMenuExperienceHost_cw5n1h2txyewy\\StartMenuExperienceHost.exe","UtcTime":"2019-10-28 02:31:46.471","SourceProcessGUID":"{a158f72c-a3a1-5db5-0000-0010e67e0800}","SourceProcessId":"5616","SourceThreadId":"5828","SourceImage":"C:\\Windows\\Explorer.EXE"},"version":3,"process":{"pid":3208,"thread":{"id":5108}},"channel":"Microsoft-Windows-Sysmon/Operational","event_id":10,"record_id":271834,"provider_name":"Microsoft-Windows-Sysmon","task":"Process accessed (rule: ProcessAccess)","computer_name":"ACCT001.shire.com","provider_guid":"{5770385f-c22a-43e0-bf4c-06f5698ffbd9}","api":"wineventlog","opcode":"Info","user":{"domain":"NT AUTHORITY","type":"User","identifier":"S-1-5-18","name":"SYSTEM"}},"event":{"created":"2019-10-28T02:31:49.593Z","kind":"event","code":10,"action":"Process accessed (rule: ProcessAccess)"},"log":{"level":"information"},"message":"Process accessed:\nRuleName: \nUtcTime: 2019-10-28 02:31:46.471\nSourceProcessGUID: {a158f72c-a3a1-5db5-0000-0010e67e0800}\nSourceProcessId: 5616\nSourceThreadId: 5828\nSourceImage: C:\\Windows\\Explorer.EXE\nTargetProcessGUID: {a158f72c-a3a8-5db5-0000-00104f790a00}\nTargetProcessId: 5528\nTargetImage: C:\\Windows\\SystemApps\\Microsoft.Windows.StartMenuExperienceHost_cw5n1h2txyewy\\StartMenuExperienceHost.exe\nGrantedAccess: 0x2000\nCallTrace: C:\\Windows\\SYSTEM32\\ntdll.dll+9c524|C:\\Windows\\System32\\KERNELBASE.dll+2730e|C:\\Windows\\system32\\twinui.dll+72169|C:\\Windows\\SYSTEM32\\ntdll.dll+30739|C:\\Windows\\SYSTEM32\\ntdll.dll+345c4|C:\\Windows\\System32\\KERNEL32.DLL+17944|C:\\Windows\\SYSTEM32\\ntdll.dll+6ce71","host":{"name":"WECServer"}}
{"@timestamp":"2019-10-28T02:31:46.473Z","@metadata":{"beat":"winlogbeat","type":"_doc","version":"7.4.0","topic":"winlogbeat"},"host":{"name":"WECServer"},"agent":{"hostname":"WECServer","id":"f8e32ecf-6ac8-4748-86ec-f026490623c4","version":"7.4.0","type":"winlogbeat","ephemeral_id":"df5ad137-6594-4bd7-a3eb-e0eda670370c"},"winlog":{"provider_guid":"{5770385f-c22a-43e0-bf4c-06f5698ffbd9}","event_id":10,"task":"Process accessed (rule: ProcessAccess)","computer_name":"ACCT001.shire.com","opcode":"Info","version":3,"provider_name":"Microsoft-Windows-Sysmon","record_id":271835,"channel":"Microsoft-Windows-Sysmon/Operational","process":{"pid":3208,"thread":{"id":5108}},"user":{"type":"User","identifier":"S-1-5-18","name":"SYSTEM","domain":"NT AUTHORITY"},"api":"wineventlog","event_data":{"SourceProcessId":"5616","CallTrace":"C:\\Windows\\SYSTEM32\\ntdll.dll+9c524|C:\\Windows\\System32\\KERNELBASE.dll+2730e|C:\\Windows\\system32\\twinui.dll+72169|C:\\Windows\\SYSTEM32\\ntdll.dll+30739|C:\\Windows\\SYSTEM32\\ntdll.dll+345c4|C:\\Windows\\System32\\KERNEL32.DLL+17944|C:\\Windows\\SYSTEM32\\ntdll.dll+6ce71","TargetProcessGUID":"{a158f72c-5213-5db6-0000-00107366ae00}","GrantedAccess":"0x2000","TargetImage":"C:\\Windows\\System32\\MicrosoftEdgeCP.exe","SourceProcessGUID":"{a158f72c-a3a1-5db5-0000-0010e67e0800}","SourceThreadId":"5828","TargetProcessId":"6488","UtcTime":"2019-10-28 02:31:46.471","SourceImage":"C:\\Windows\\Explorer.EXE"}},"event":{"kind":"event","code":10,"action":"Process accessed (rule: ProcessAccess)","created":"2019-10-28T02:31:49.593Z"},"log":{"level":"information"},"message":"Process accessed:\nRuleName: \nUtcTime: 2019-10-28 02:31:46.471\nSourceProcessGUID: {a158f72c-a3a1-5db5-0000-0010e67e0800}\nSourceProcessId: 5616\nSourceThreadId: 5828\nSourceImage: C:\\Windows\\Explorer.EXE\nTargetProcessGUID: {a158f72c-5213-5db6-0000-00107366ae00}\nTargetProcessId: 6488\nTargetImage: C:\\Windows\\System32\\MicrosoftEdgeCP.exe\nGrantedAccess: 0x2000\nCallTrace: C:\\Windows\\SYSTEM32\\ntdll.dll+9c524|C:\\Windows\\System32\\KERNELBASE.dll+2730e|C:\\Windows\\system32\\twinui.dll+72169|C:\\Windows\\SYSTEM32\\ntdll.dll+30739|C:\\Windows\\SYSTEM32\\ntdll.dll+345c4|C:\\Windows\\System32\\KERNEL32.DLL+17944|C:\\Windows\\SYSTEM32\\ntdll.dll+6ce71","ecs":{"version":"1.1.0"}}
{"@timestamp":"2019-10-28T02:31:46.473Z","@metadata":{"beat":"winlogbeat","type":"_doc","version":"7.4.0","topic":"winlogbeat"},"log":{"level":"information"},"message":"Process accessed:\nRuleName: \nUtcTime: 2019-10-28 02:31:46.471\nSourceProcessGUID: {a158f72c-a3a1-5db5-0000-0010e67e0800}\nSourceProcessId: 5616\nSourceThreadId: 5828\nSourceImage: C:\\Windows\\Explorer.EXE\nTargetProcessGUID: {a158f72c-5212-5db6-0000-0010872dae00}\nTargetProcessId: 5864\nTargetImage: C:\\Windows\\SystemApps\\Microsoft.MicrosoftEdge_8wekyb3d8bbwe\\MicrosoftEdge.exe\nGrantedAccess: 0x2000\nCallTrace: C:\\Windows\\SYSTEM32\\ntdll.dll+9c524|C:\\Windows\\System32\\KERNELBASE.dll+2730e|C:\\Windows\\system32\\twinui.dll+72169|C:\\Windows\\SYSTEM32\\ntdll.dll+30739|C:\\Windows\\SYSTEM32\\ntdll.dll+345c4|C:\\Windows\\System32\\KERNEL32.DLL+17944|C:\\Windows\\SYSTEM32\\ntdll.dll+6ce71","ecs":{"version":"1.1.0"},"host":{"name":"WECServer"},"agent":{"hostname":"WECServer","id":"f8e32ecf-6ac8-4748-86ec-f026490623c4","version":"7.4.0","type":"winlogbeat","ephemeral_id":"df5ad137-6594-4bd7-a3eb-e0eda670370c"},"winlog":{"task":"Process accessed (rule: ProcessAccess)","api":"wineventlog","version":3,"process":{"pid":3208,"thread":{"id":5108}},"channel":"Microsoft-Windows-Sysmon/Operational","computer_name":"ACCT001.shire.com","provider_guid":"{5770385f-c22a-43e0-bf4c-06f5698ffbd9}","provider_name":"Microsoft-Windows-Sysmon","event_data":{"TargetProcessGUID":"{a158f72c-5212-5db6-0000-0010872dae00}","GrantedAccess":"0x2000","CallTrace":"C:\\Windows\\SYSTEM32\\ntdll.dll+9c524|C:\\Windows\\System32\\KERNELBASE.dll+2730e|C:\\Windows\\system32\\twinui.dll+72169|C:\\Windows\\SYSTEM32\\ntdll.dll+30739|C:\\Windows\\SYSTEM32\\ntdll.dll+345c4|C:\\Windows\\System32\\KERNEL32.DLL+17944|C:\\Windows\\SYSTEM32\\ntdll.dll+6ce71","SourceProcessGUID":"{a158f72c-a3a1-5db5-0000-0010e67e0800}","TargetProcessId":"5864","TargetImage":"C:\\Windows\\SystemApps\\Microsoft.MicrosoftEdge_8wekyb3d8bbwe\\MicrosoftEdge.exe","UtcTime":"2019-10-28 02:31:46.471","SourceProcessId":"5616","SourceThreadId":"5828","SourceImage":"C:\\Windows\\Explorer.EXE"},"event_id":10,"opcode":"Info","user":{"identifier":"S-1-5-18","name":"SYSTEM","domain":"NT AUTHORITY","type":"User"},"record_id":271836},"event":{"kind":"event","code":10,"action":"Process accessed (rule: ProcessAccess)","created":"2019-10-28T02:31:49.593Z"}}
{"@timestamp":"2019-10-28T02:31:46.473Z","@metadata":{"beat":"winlogbeat","type":"_doc","version":"7.4.0","topic":"winlogbeat"},"event":{"created":"2019-10-28T02:31:49.593Z","kind":"event","code":10,"action":"Process accessed (rule: ProcessAccess)"},"log":{"level":"information"},"message":"Process accessed:\nRuleName: \nUtcTime: 2019-10-28 02:31:46.471\nSourceProcessGUID: {a158f72c-a3a1-5db5-0000-0010e67e0800}\nSourceProcessId: 5616\nSourceThreadId: 5828\nSourceImage: C:\\Windows\\Explorer.EXE\nTargetProcessGUID: {a158f72c-3a9b-5db6-0000-001001de8b00}\nTargetProcessId: 2780\nTargetImage: C:\\Windows\\System32\\WindowsPowerShell\\v1.0\\powershell.exe\nGrantedAccess: 0x2000\nCallTrace: C:\\Windows\\SYSTEM32\\ntdll.dll+9c524|C:\\Windows\\System32\\KERNELBASE.dll+2730e|C:\\Windows\\system32\\twinui.dll+72169|C:\\Windows\\SYSTEM32\\ntdll.dll+30739|C:\\Windows\\SYSTEM32\\ntdll.dll+345c4|C:\\Windows\\System32\\KERNEL32.DLL+17944|C:\\Windows\\SYSTEM32\\ntdll.dll+6ce71","winlog":{"event_data":{"CallTrace":"C:\\Windows\\SYSTEM32\\ntdll.dll+9c524|C:\\Windows\\System32\\KERNELBASE.dll+2730e|C:\\Windows\\system32\\twinui.dll+72169|C:\\Windows\\SYSTEM32\\ntdll.dll+30739|C:\\Windows\\SYSTEM32\\ntdll.dll+345c4|C:\\Windows\\System32\\KERNEL32.DLL+17944|C:\\Windows\\SYSTEM32\\ntdll.dll+6ce71","UtcTime":"2019-10-28 02:31:46.471","SourceThreadId":"5828","TargetProcessGUID":"{a158f72c-3a9b-5db6-0000-001001de8b00}","TargetProcessId":"2780","TargetImage":"C:\\Windows\\System32\\WindowsPowerShell\\v1.0\\powershell.exe","SourceProcessGUID":"{a158f72c-a3a1-5db5-0000-0010e67e0800}","SourceProcessId":"5616","SourceImage":"C:\\Windows\\Explorer.EXE","GrantedAccess":"0x2000"},"opcode":"Info","event_id":10,"record_id":271837,"computer_name":"ACCT001.shire.com","provider_guid":"{5770385f-c22a-43e0-bf4c-06f5698ffbd9}","channel":"Microsoft-Windows-Sysmon/Operational","process":{"pid":3208,"thread":{"id":5108}},"provider_name":"Microsoft-Windows-Sysmon","user":{"identifier":"S-1-5-18","name":"SYSTEM","domain":"NT AUTHORITY","type":"User"},"task":"Process accessed (rule: ProcessAccess)","api":"wineventlog","version":3},"host":{"name":"WECServer"},"agent":{"id":"f8e32ecf-6ac8-4748-86ec-f026490623c4","version":"7.4.0","type":"winlogbeat","ephemeral_id":"df5ad137-6594-4bd7-a3eb-e0eda670370c","hostname":"WECServer"},"ecs":{"version":"1.1.0"}}
{"@timestamp":"2019-10-28T02:31:46.473Z","@metadata":{"beat":"winlogbeat","type":"_doc","version":"7.4.0","topic":"winlogbeat"},"host":{"name":"WECServer"},"agent":{"type":"winlogbeat","ephemeral_id":"df5ad137-6594-4bd7-a3eb-e0eda670370c","hostname":"WECServer","id":"f8e32ecf-6ac8-4748-86ec-f026490623c4","version":"7.4.0"},"winlog":{"computer_name":"ACCT001.shire.com","version":3,"task":"Process accessed (rule: ProcessAccess)","opcode":"Info","record_id":271838,"api":"wineventlog","process":{"pid":3208,"thread":{"id":5108}},"event_id":10,"provider_name":"Microsoft-Windows-Sysmon","provider_guid":"{5770385f-c22a-43e0-bf4c-06f5698ffbd9}","user":{"identifier":"S-1-5-18","name":"SYSTEM","domain":"NT AUTHORITY","type":"User"},"channel":"Microsoft-Windows-Sysmon/Operational","event_data":{"SourceProcessId":"5616","SourceThreadId":"5828","SourceImage":"C:\\Windows\\Explorer.EXE","TargetProcessGUID":"{a158f72c-a4da-5db5-0000-0010022a3800}","TargetProcessId":"4484","TargetImage":"C:\\Program Files\\WindowsApps\\Microsoft.WindowsStore_11811.1001.18.0_x64__8wekyb3d8bbwe\\WinStore.App.exe","GrantedAccess":"0x2000","CallTrace":"C:\\Windows\\SYSTEM32\\ntdll.dll+9c524|C:\\Windows\\System32\\KERNELBASE.dll+2730e|C:\\Windows\\system32\\twinui.dll+72169|C:\\Windows\\SYSTEM32\\ntdll.dll+30739|C:\\Windows\\SYSTEM32\\ntdll.dll+345c4|C:\\Windows\\System32\\KERNEL32.DLL+17944|C:\\Windows\\SYSTEM32\\ntdll.dll+6ce71","UtcTime":"2019-10-28 02:31:46.471","SourceProcessGUID":"{a158f72c-a3a1-5db5-0000-0010e67e0800}"}},"event":{"action":"Process accessed (rule: ProcessAccess)","created":"2019-10-28T02:31:49.593Z","kind":"event","code":10},"log":{"level":"information"},"message":"Process accessed:\nRuleName: \nUtcTime: 2019-10-28 02:31:46.471\nSourceProcessGUID: {a158f72c-a3a1-5db5-0000-0010e67e0800}\nSourceProcessId: 5616\nSourceThreadId: 5828\nSourceImage: C:\\Windows\\Explorer.EXE\nTargetProcessGUID: {a158f72c-a4da-5db5-0000-0010022a3800}\nTargetProcessId: 4484\nTargetImage: C:\\Program Files\\WindowsApps\\Microsoft.WindowsStore_11811.1001.18.0_x64__8wekyb3d8bbwe\\WinStore.App.exe\nGrantedAccess: 0x2000\nCallTrace: C:\\Windows\\SYSTEM32\\ntdll.dll+9c524|C:\\Windows\\System32\\KERNELBASE.dll+2730e|C:\\Windows\\system32\\twinui.dll+72169|C:\\Windows\\SYSTEM32\\ntdll.dll+30739|C:\\Windows\\SYSTEM32\\ntdll.dll+345c4|C:\\Windows\\System32\\KERNEL32.DLL+17944|C:\\Windows\\SYSTEM32\\ntdll.dll+6ce71","ecs":{"version":"1.1.0"}}
{"@timestamp":"2019-10-28T02:31:47.985Z","@metadata":{"beat":"winlogbeat","type":"_doc","version":"7.4.0","topic":"winlogbeat"},"winlog":{"api":"wineventlog","computer_name":"HR001.shire.com","process":{"pid":3980,"thread":{"id":5276}},"channel":"Microsoft-Windows-Sysmon/Operational","task":"Process accessed (rule: ProcessAccess)","version":3,"provider_name":"Microsoft-Windows-Sysmon","provider_guid":"{5770385f-c22a-43e0-bf4c-06f5698ffbd9}","event_data":{"TargetProcessId":"3860","UtcTime":"2019-10-28 02:31:47.984","SourceImage":"C:\\Windows\\System32\\svchost.exe","TargetImage":"C:\\Program Files\\Amazon\\Ec2ConfigService\\Ec2Config.exe","GrantedAccess":"0x1400","SourceProcessId":"4228","TargetProcessGUID":"{a158f72c-a36d-5db5-0000-0010fdb50200}","SourceProcessGUID":"{a158f72c-a36e-5db5-0000-0010f8fd0200}","CallTrace":"C:\\Windows\\SYSTEM32\\ntdll.dll+9c524|C:\\Windows\\System32\\KERNELBASE.dll+2730e|c:\\windows\\system32\\rasmans.dll+3751b|c:\\windows\\system32\\rasmans.dll+36fad|c:\\windows\\system32\\rasmans.dll+10ed8|c:\\windows\\system32\\rasmans.dll+33cd5|C:\\Windows\\System32\\svchost.exe+314c|C:\\Windows\\System32\\sechost.dll+2de2|C:\\Windows\\System32\\KERNEL32.DLL+17944|C:\\Windows\\SYSTEM32\\ntdll.dll+6ce71","SourceThreadId":"4364"},"user":{"identifier":"S-1-5-18","name":"SYSTEM","domain":"NT AUTHORITY","type":"User"},"event_id":10,"record_id":207882,"opcode":"Info"},"event":{"kind":"event","code":10,"action":"Process accessed (rule: ProcessAccess)","created":"2019-10-28T02:31:50.604Z"},"log":{"level":"information"},"ecs":{"version":"1.1.0"},"host":{"name":"WECServer"},"agent":{"version":"7.4.0","type":"winlogbeat","ephemeral_id":"df5ad137-6594-4bd7-a3eb-e0eda670370c","hostname":"WECServer","id":"f8e32ecf-6ac8-4748-86ec-f026490623c4"},"message":"Process accessed:\nRuleName: \nUtcTime: 2019-10-28 02:31:47.984\nSourceProcessGUID: {a158f72c-a36e-5db5-0000-0010f8fd0200}\nSourceProcessId: 4228\nSourceThreadId: 4364\nSourceImage: C:\\Windows\\System32\\svchost.exe\nTargetProcessGUID: {a158f72c-a36d-5db5-0000-0010fdb50200}\nTargetProcessId: 3860\nTargetImage: C:\\Program Files\\Amazon\\Ec2ConfigService\\Ec2Config.exe\nGrantedAccess: 0x1400\nCallTrace: C:\\Windows\\SYSTEM32\\ntdll.dll+9c524|C:\\Windows\\System32\\KERNELBASE.dll+2730e|c:\\windows\\system32\\rasmans.dll+3751b|c:\\windows\\system32\\rasmans.dll+36fad|c:\\windows\\system32\\rasmans.dll+10ed8|c:\\windows\\system32\\rasmans.dll+33cd5|C:\\Windows\\System32\\svchost.exe+314c|C:\\Windows\\System32\\sechost.dll+2de2|C:\\Windows\\System32\\KERNEL32.DLL+17944|C:\\Windows\\SYSTEM32\\ntdll.dll+6ce71"}
{"@timestamp":"2019-10-28T02:31:50.112Z","@metadata":{"beat":"winlogbeat","type":"_doc","version":"7.4.0","topic":"winlogbeat"},"agent":{"type":"winlogbeat","ephemeral_id":"df5ad137-6594-4bd7-a3eb-e0eda670370c","hostname":"WECServer","id":"f8e32ecf-6ac8-4748-86ec-f026490623c4","version":"7.4.0"},"log":{"level":"information"},"message":"The Windows Filtering Platform has permitted a bind to a local port.\n\nApplication Information:\n\tProcess ID:\t\t3996\n\tApplication Name:\t\\device\\harddiskvolume2\\windows\\system32\\svchost.exe\n\nNetwork Information:\n\tSource Address:\t\t0.0.0.0\n\tSource Port:\t\t54224\n\tProtocol:\t\t6\n\nFilter Information:\n\tFilter Run-Time ID:\t0\n\tLayer Name:\t\tResource Assignment\n\tLayer Run-Time ID:\t36","winlog":{"channel":"security","record_id":32703,"computer_name":"HR001.shire.com","api":"wineventlog","provider_guid":"{54849625-5478-4994-a5ba-3e3b0328c30d}","process":{"pid":4,"thread":{"id":7828}},"task":"Filtering Platform Connection","opcode":"Info","event_id":5158,"provider_name":"Microsoft-Windows-Security-Auditing","keywords":["Audit Success"],"event_data":{"SourceAddress":"0.0.0.0","SourcePort":"54224","Protocol":"6","FilterRTID":"0","LayerName":"%%14608","LayerRTID":"36","ProcessId":"3996","Application":"\\device\\harddiskvolume2\\windows\\system32\\svchost.exe"}},"event":{"kind":"event","code":5158,"action":"Filtering Platform Connection","created":"2019-10-28T02:31:52.613Z"},"ecs":{"version":"1.1.0"},"host":{"name":"WECServer"}}
{"@timestamp":"2019-10-28T02:31:50.112Z","@metadata":{"beat":"winlogbeat","type":"_doc","version":"7.4.0","topic":"winlogbeat"},"event":{"created":"2019-10-28T02:31:52.613Z","kind":"event","code":5156,"action":"Filtering Platform Connection"},"ecs":{"version":"1.1.0"},"host":{"name":"WECServer"},"agent":{"id":"f8e32ecf-6ac8-4748-86ec-f026490623c4","version":"7.4.0","type":"winlogbeat","ephemeral_id":"df5ad137-6594-4bd7-a3eb-e0eda670370c","hostname":"WECServer"},"log":{"level":"information"},"message":"The Windows Filtering Platform has permitted a connection.\n\nApplication Information:\n\tProcess ID:\t\t3996\n\tApplication Name:\t\\device\\harddiskvolume2\\windows\\system32\\svchost.exe\n\nNetwork Information:\n\tDirection:\t\tOutbound\n\tSource Address:\t\t172.18.39.106\n\tSource Port:\t\t54224\n\tDestination Address:\t172.18.39.102\n\tDestination Port:\t\t5985\n\tProtocol:\t\t6\n\nFilter Information:\n\tFilter Run-Time ID:\t67266\n\tLayer Name:\t\tConnect\n\tLayer Run-Time ID:\t48","winlog":{"event_id":5156,"computer_name":"HR001.shire.com","channel":"security","version":1,"event_data":{"LayerRTID":"48","Direction":"%%14593","SourceAddress":"172.18.39.106","SourcePort":"54224","RemoteUserID":"S-1-0-0","LayerName":"%%14611","DestAddress":"172.18.39.102","DestPort":"5985","FilterRTID":"67266","RemoteMachineID":"S-1-0-0","ProcessID":"3996","Application":"\\device\\harddiskvolume2\\windows\\system32\\svchost.exe","Protocol":"6"},"provider_guid":"{54849625-5478-4994-a5ba-3e3b0328c30d}","opcode":"Info","process":{"pid":4,"thread":{"id":7828}},"provider_name":"Microsoft-Windows-Security-Auditing","record_id":32704,"task":"Filtering Platform Connection","api":"wineventlog","keywords":["Audit Success"]}}
{"@timestamp":"2019-10-28T02:31:50.207Z","@metadata":{"beat":"winlogbeat","type":"_doc","version":"7.4.0","topic":"winlogbeat"},"winlog":{"channel":"security","event_id":5158,"task":"Filtering Platform Connection","computer_name":"ACCT001.shire.com","provider_name":"Microsoft-Windows-Security-Auditing","provider_guid":"{54849625-5478-4994-a5ba-3e3b0328c30d}","opcode":"Info","event_data":{"LayerRTID":"36","ProcessId":"3256","Application":"\\device\\harddiskvolume2\\windows\\system32\\svchost.exe","SourceAddress":"0.0.0.0","SourcePort":"54987","Protocol":"6","FilterRTID":"0","LayerName":"%%14608"},"record_id":41357,"keywords":["Audit Success"],"api":"wineventlog","process":{"pid":4,"thread":{"id":8320}}},"event":{"action":"Filtering Platform Connection","created":"2019-10-28T02:31:52.613Z","kind":"event","code":5158},"log":{"level":"information"},"message":"The Windows Filtering Platform has permitted a bind to a local port.\n\nApplication Information:\n\tProcess ID:\t\t3256\n\tApplication Name:\t\\device\\harddiskvolume2\\windows\\system32\\svchost.exe\n\nNetwork Information:\n\tSource Address:\t\t0.0.0.0\n\tSource Port:\t\t54987\n\tProtocol:\t\t6\n\nFilter Information:\n\tFilter Run-Time ID:\t0\n\tLayer Name:\t\tResource Assignment\n\tLayer Run-Time ID:\t36","ecs":{"version":"1.1.0"},"host":{"name":"WECServer"},"agent":{"type":"winlogbeat","ephemeral_id":"df5ad137-6594-4bd7-a3eb-e0eda670370c","hostname":"WECServer","id":"f8e32ecf-6ac8-4748-86ec-f026490623c4","version":"7.4.0"}}
{"@timestamp":"2019-10-28T02:31:50.207Z","@metadata":{"beat":"winlogbeat","type":"_doc","version":"7.4.0","topic":"winlogbeat"},"agent":{"type":"winlogbeat","ephemeral_id":"df5ad137-6594-4bd7-a3eb-e0eda670370c","hostname":"WECServer","id":"f8e32ecf-6ac8-4748-86ec-f026490623c4","version":"7.4.0"},"ecs":{"version":"1.1.0"},"host":{"name":"WECServer"},"log":{"level":"information"},"message":"The Windows Filtering Platform has permitted a connection.\n\nApplication Information:\n\tProcess ID:\t\t3256\n\tApplication Name:\t\\device\\harddiskvolume2\\windows\\system32\\svchost.exe\n\nNetwork Information:\n\tDirection:\t\tOutbound\n\tSource Address:\t\t172.18.39.100\n\tSource Port:\t\t54987\n\tDestination Address:\t172.18.39.102\n\tDestination Port:\t\t5985\n\tProtocol:\t\t6\n\nFilter Information:\n\tFilter Run-Time ID:\t67260\n\tLayer Name:\t\tConnect\n\tLayer Run-Time ID:\t48","winlog":{"record_id":41358,"event_data":{"SourceAddress":"172.18.39.100","FilterRTID":"67260","RemoteUserID":"S-1-0-0","Application":"\\device\\harddiskvolume2\\windows\\system32\\svchost.exe","Protocol":"6","ProcessID":"3256","Direction":"%%14593","DestPort":"5985","LayerName":"%%14611","DestAddress":"172.18.39.102","LayerRTID":"48","RemoteMachineID":"S-1-0-0","SourcePort":"54987"},"event_id":5156,"opcode":"Info","process":{"pid":4,"thread":{"id":8320}},"task":"Filtering Platform Connection","computer_name":"ACCT001.shire.com","channel":"security","provider_name":"Microsoft-Windows-Security-Auditing","api":"wineventlog","keywords":["Audit Success"],"version":1,"provider_guid":"{54849625-5478-4994-a5ba-3e3b0328c30d}"},"event":{"action":"Filtering Platform Connection","created":"2019-10-28T02:31:52.613Z","kind":"event","code":5156}}
{"@timestamp":"2019-10-28T02:31:51.359Z","@metadata":{"beat":"winlogbeat","type":"_doc","version":"7.4.0","topic":"winlogbeat"},"ecs":{"version":"1.1.0"},"host":{"name":"WECServer"},"agent":{"type":"winlogbeat","ephemeral_id":"df5ad137-6594-4bd7-a3eb-e0eda670370c","hostname":"WECServer","id":"f8e32ecf-6ac8-4748-86ec-f026490623c4","version":"7.4.0"},"winlog":{"api":"wineventlog","provider_name":"Microsoft-Windows-Sysmon","process":{"pid":3980,"thread":{"id":4888}},"user":{"identifier":"S-1-5-18","name":"SYSTEM","domain":"NT AUTHORITY","type":"User"},"event_id":3,"task":"Network connection detected (rule: NetworkConnect)","version":5,"event_data":{"Initiated":"true","Protocol":"tcp","DestinationHostname":"ip-172-18-39-102.ec2.internal","DestinationPort":"5985","SourceIsIpv6":"false","User":"NT AUTHORITY\\NETWORK SERVICE","DestinationIsIpv6":"false","ProcessId":"3996","SourcePort":"54224","ProcessGuid":"{a158f72c-a36e-5db5-0000-0010b9c60200}","DestinationIp":"172.18.39.102","SourceIp":"172.18.39.106","UtcTime":"2019-10-28 02:31:49.127","Image":"C:\\Windows\\System32\\svchost.exe","SourceHostname":"HR001.shire.com"},"channel":"Microsoft-Windows-Sysmon/Operational","record_id":207883,"opcode":"Info","computer_name":"HR001.shire.com","provider_guid":"{5770385f-c22a-43e0-bf4c-06f5698ffbd9}"},"event":{"kind":"event","code":3,"action":"Network connection detected (rule: NetworkConnect)","created":"2019-10-28T02:31:53.616Z"},"log":{"level":"information"},"message":"Network connection detected:\nRuleName: \nUtcTime: 2019-10-28 02:31:49.127\nProcessGuid: {a158f72c-a36e-5db5-0000-0010b9c60200}\nProcessId: 3996\nImage: C:\\Windows\\System32\\svchost.exe\nUser: NT AUTHORITY\\NETWORK SERVICE\nProtocol: tcp\nInitiated: true\nSourceIsIpv6: false\nSourceIp: 172.18.39.106\nSourceHostname: HR001.shire.com\nSourcePort: 54224\nSourcePortName: \nDestinationIsIpv6: false\nDestinationIp: 172.18.39.102\nDestinationHostname: ip-172-18-39-102.ec2.internal\nDestinationPort: 5985\nDestinationPortName: "}
{"@timestamp":"2019-10-28T02:31:51.299Z","@metadata":{"beat":"winlogbeat","type":"_doc","version":"7.4.0","topic":"winlogbeat"},"message":"Network connection detected:\nRuleName: \nUtcTime: 2019-10-28 02:31:49.475\nProcessGuid: {a158f72c-a393-5db5-0000-0010a4240200}\nProcessId: 3256\nImage: C:\\Windows\\System32\\svchost.exe\nUser: NT AUTHORITY\\NETWORK SERVICE\nProtocol: tcp\nInitiated: true\nSourceIsIpv6: false\nSourceIp: 172.18.39.100\nSourceHostname: ACCT001.shire.com\nSourcePort: 54987\nSourcePortName: \nDestinationIsIpv6: false\nDestinationIp: 172.18.39.102\nDestinationHostname: ip-172-18-39-102.ec2.internal\nDestinationPort: 5985\nDestinationPortName: ","winlog":{"computer_name":"ACCT001.shire.com","opcode":"Info","process":{"thread":{"id":4268},"pid":3208},"task":"Network connection detected (rule: NetworkConnect)","api":"wineventlog","version":5,"record_id":271839,"user":{"identifier":"S-1-5-18","name":"SYSTEM","domain":"NT AUTHORITY","type":"User"},"event_id":3,"provider_name":"Microsoft-Windows-Sysmon","event_data":{"ProcessGuid":"{a158f72c-a393-5db5-0000-0010a4240200}","User":"NT AUTHORITY\\NETWORK SERVICE","UtcTime":"2019-10-28 02:31:49.475","Image":"C:\\Windows\\System32\\svchost.exe","SourceHostname":"ACCT001.shire.com","DestinationPort":"5985","SourceIsIpv6":"false","SourceIp":"172.18.39.100","Initiated":"true","DestinationHostname":"ip-172-18-39-102.ec2.internal","DestinationIp":"172.18.39.102","SourcePort":"54987","ProcessId":"3256","Protocol":"tcp","DestinationIsIpv6":"false"},"channel":"Microsoft-Windows-Sysmon/Operational","provider_guid":"{5770385f-c22a-43e0-bf4c-06f5698ffbd9}"},"event":{"kind":"event","code":3,"action":"Network connection detected (rule: NetworkConnect)","created":"2019-10-28T02:31:53.616Z"},"ecs":{"version":"1.1.0"},"host":{"name":"WECServer"},"agent":{"type":"winlogbeat","ephemeral_id":"df5ad137-6594-4bd7-a3eb-e0eda670370c","hostname":"WECServer","id":"f8e32ecf-6ac8-4748-86ec-f026490623c4","version":"7.4.0"},"log":{"level":"information"}}
{"@timestamp":"2019-10-28T02:31:51.630Z","@metadata":{"beat":"winlogbeat","type":"_doc","version":"7.4.0","topic":"winlogbeat"},"agent":{"id":"f8e32ecf-6ac8-4748-86ec-f026490623c4","version":"7.4.0","type":"winlogbeat","ephemeral_id":"df5ad137-6594-4bd7-a3eb-e0eda670370c","hostname":"WECServer"},"winlog":{"opcode":"Info","process":{"pid":3208,"thread":{"id":5108}},"channel":"Microsoft-Windows-Sysmon/Operational","provider_guid":"{5770385f-c22a-43e0-bf4c-06f5698ffbd9}","user":{"type":"User","identifier":"S-1-5-18","name":"SYSTEM","domain":"NT AUTHORITY"},"event_data":{"CreationUtcTime":"2019-10-28 01:33:45.435","UtcTime":"2019-10-28 02:31:51.627","ProcessGuid":"{a158f72c-a391-5db5-0000-0010b96f0100}","ProcessId":"2112","Image":"C:\\Windows\\system32\\svchost.exe","TargetFilename":"C:\\Windows\\Prefetch\\INSTALLUTIL.EXE-DB6ADCBC.pf"},"event_id":11,"computer_name":"ACCT001.shire.com","provider_name":"Microsoft-Windows-Sysmon","task":"File created (rule: FileCreate)","version":2,"record_id":271840,"api":"wineventlog"},"event":{"created":"2019-10-28T02:31:53.616Z","kind":"event","code":11,"action":"File created (rule: FileCreate)"},"log":{"level":"information"},"message":"File created:\nRuleName: \nUtcTime: 2019-10-28 02:31:51.627\nProcessGuid: {a158f72c-a391-5db5-0000-0010b96f0100}\nProcessId: 2112\nImage: C:\\Windows\\system32\\svchost.exe\nTargetFilename: C:\\Windows\\Prefetch\\INSTALLUTIL.EXE-DB6ADCBC.pf\nCreationUtcTime: 2019-10-28 01:33:45.435","ecs":{"version":"1.1.0"},"host":{"name":"WECServer"}}
{"@timestamp":"2019-10-28T02:31:52.549Z","@metadata":{"beat":"winlogbeat","type":"_doc","version":"7.4.0","topic":"winlogbeat"},"event":{"kind":"event","code":10,"action":"Process accessed (rule: ProcessAccess)","created":"2019-10-28T02:31:55.637Z"},"log":{"level":"information"},"message":"Process accessed:\nRuleName: \nUtcTime: 2019-10-28 02:31:52.549\nSourceProcessGUID: {a158f72c-a394-5db5-0000-0010015a0200}\nSourceProcessId: 3560\nSourceThreadId: 3672\nSourceImage: C:\\Windows\\System32\\svchost.exe\nTargetProcessGUID: {a158f72c-a393-5db5-0000-0010e60d0200}\nTargetProcessId: 3080\nTargetImage: C:\\Program Files\\Amazon\\Ec2ConfigService\\Ec2Config.exe\nGrantedAccess: 0x1400\nCallTrace: C:\\Windows\\SYSTEM32\\ntdll.dll+9c524|C:\\Windows\\System32\\KERNELBASE.dll+2730e|c:\\windows\\system32\\rasmans.dll+3751b|c:\\windows\\system32\\rasmans.dll+36fad|c:\\windows\\system32\\rasmans.dll+10ed8|c:\\windows\\system32\\rasmans.dll+33cd5|C:\\Windows\\System32\\svchost.exe+314c|C:\\Windows\\System32\\sechost.dll+2de2|C:\\Windows\\System32\\KERNEL32.DLL+17944|C:\\Windows\\SYSTEM32\\ntdll.dll+6ce71","winlog":{"channel":"Microsoft-Windows-Sysmon/Operational","record_id":271841,"api":"wineventlog","event_data":{"CallTrace":"C:\\Windows\\SYSTEM32\\ntdll.dll+9c524|C:\\Windows\\System32\\KERNELBASE.dll+2730e|c:\\windows\\system32\\rasmans.dll+3751b|c:\\windows\\system32\\rasmans.dll+36fad|c:\\windows\\system32\\rasmans.dll+10ed8|c:\\windows\\system32\\rasmans.dll+33cd5|C:\\Windows\\System32\\svchost.exe+314c|C:\\Windows\\System32\\sechost.dll+2de2|C:\\Windows\\System32\\KERNEL32.DLL+17944|C:\\Windows\\SYSTEM32\\ntdll.dll+6ce71","SourceProcessGUID":"{a158f72c-a394-5db5-0000-0010015a0200}","SourceProcessId":"3560","SourceImage":"C:\\Windows\\System32\\svchost.exe","TargetProcessGUID":"{a158f72c-a393-5db5-0000-0010e60d0200}","TargetProcessId":"3080","GrantedAccess":"0x1400","UtcTime":"2019-10-28 02:31:52.549","SourceThreadId":"3672","TargetImage":"C:\\Program Files\\Amazon\\Ec2ConfigService\\Ec2Config.exe"},"opcode":"Info","process":{"pid":3208,"thread":{"id":5108}},"provider_guid":"{5770385f-c22a-43e0-bf4c-06f5698ffbd9}","computer_name":"ACCT001.shire.com","version":3,"task":"Process accessed (rule: ProcessAccess)","user":{"identifier":"S-1-5-18","name":"SYSTEM","domain":"NT AUTHORITY","type":"User"},"event_id":10,"provider_name":"Microsoft-Windows-Sysmon"},"host":{"name":"WECServer"},"agent":{"hostname":"WECServer","id":"f8e32ecf-6ac8-4748-86ec-f026490623c4","version":"7.4.0","type":"winlogbeat","ephemeral_id":"df5ad137-6594-4bd7-a3eb-e0eda670370c"},"ecs":{"version":"1.1.0"}}
{"@timestamp":"2019-10-28T02:31:52.549Z","@metadata":{"beat":"winlogbeat","type":"_doc","version":"7.4.0","topic":"winlogbeat"},"ecs":{"version":"1.1.0"},"host":{"name":"WECServer"},"agent":{"id":"f8e32ecf-6ac8-4748-86ec-f026490623c4","version":"7.4.0","type":"winlogbeat","ephemeral_id":"df5ad137-6594-4bd7-a3eb-e0eda670370c","hostname":"WECServer"},"log":{"level":"information"},"message":"Process accessed:\nRuleName: \nUtcTime: 2019-10-28 02:31:52.549\nSourceProcessGUID: {a158f72c-a394-5db5-0000-0010015a0200}\nSourceProcessId: 3560\nSourceThreadId: 3672\nSourceImage: C:\\Windows\\System32\\svchost.exe\nTargetProcessGUID: {a158f72c-530d-5db6-0000-001011f7af00}\nTargetProcessId: 5204\nTargetImage: C:\\Windows\\Microsoft.NET\\Framework64\\v4.0.30319\\InstallUtil.exe\nGrantedAccess: 0x1400\nCallTrace: C:\\Windows\\SYSTEM32\\ntdll.dll+9c524|C:\\Windows\\System32\\KERNELBASE.dll+2730e|c:\\windows\\system32\\rasmans.dll+3751b|c:\\windows\\system32\\rasmans.dll+36fad|c:\\windows\\system32\\rasmans.dll+10ed8|c:\\windows\\system32\\rasmans.dll+33cd5|C:\\Windows\\System32\\svchost.exe+314c|C:\\Windows\\System32\\sechost.dll+2de2|C:\\Windows\\System32\\KERNEL32.DLL+17944|C:\\Windows\\SYSTEM32\\ntdll.dll+6ce71","winlog":{"computer_name":"ACCT001.shire.com","user":{"identifier":"S-1-5-18","name":"SYSTEM","domain":"NT AUTHORITY","type":"User"},"event_data":{"UtcTime":"2019-10-28 02:31:52.549","SourceProcessId":"3560","TargetImage":"C:\\Windows\\Microsoft.NET\\Framework64\\v4.0.30319\\InstallUtil.exe","SourceProcessGUID":"{a158f72c-a394-5db5-0000-0010015a0200}","SourceThreadId":"3672","SourceImage":"C:\\Windows\\System32\\svchost.exe","CallTrace":"C:\\Windows\\SYSTEM32\\ntdll.dll+9c524|C:\\Windows\\System32\\KERNELBASE.dll+2730e|c:\\windows\\system32\\rasmans.dll+3751b|c:\\windows\\system32\\rasmans.dll+36fad|c:\\windows\\system32\\rasmans.dll+10ed8|c:\\windows\\system32\\rasmans.dll+33cd5|C:\\Windows\\System32\\svchost.exe+314c|C:\\Windows\\System32\\sechost.dll+2de2|C:\\Windows\\System32\\KERNEL32.DLL+17944|C:\\Windows\\SYSTEM32\\ntdll.dll+6ce71","TargetProcessGUID":"{a158f72c-530d-5db6-0000-001011f7af00}","TargetProcessId":"5204","GrantedAccess":"0x1400"},"provider_guid":"{5770385f-c22a-43e0-bf4c-06f5698ffbd9}","provider_name":"Microsoft-Windows-Sysmon","task":"Process accessed (rule: ProcessAccess)","api":"wineventlog","process":{"pid":3208,"thread":{"id":5108}},"channel":"Microsoft-Windows-Sysmon/Operational","event_id":10,"record_id":271842,"opcode":"Info","version":3},"event":{"created":"2019-10-28T02:31:55.637Z","kind":"event","code":10,"action":"Process accessed (rule: ProcessAccess)"}}
{"@timestamp":"2019-10-28T02:31:54.340Z","@metadata":{"beat":"winlogbeat","type":"_doc","version":"7.4.0","topic":"winlogbeat"},"message":"Process accessed:\nRuleName: \nUtcTime: 2019-10-28 02:31:54.340\nSourceProcessGUID: {a158f72c-a3a8-5db5-0000-001005670200}\nSourceProcessId: 3604\nSourceThreadId: 3688\nSourceImage: C:\\Windows\\System32\\svchost.exe\nTargetProcessGUID: {a158f72c-a3a7-5db5-0000-0010ab1f0200}\nTargetProcessId: 3112\nTargetImage: C:\\Program Files\\Amazon\\Ec2ConfigService\\Ec2Config.exe\nGrantedAccess: 0x1400\nCallTrace: C:\\Windows\\SYSTEM32\\ntdll.dll+9c524|C:\\Windows\\System32\\KERNELBASE.dll+2730e|c:\\windows\\system32\\rasmans.dll+3751b|c:\\windows\\system32\\rasmans.dll+36fad|c:\\windows\\system32\\rasmans.dll+10ed8|c:\\windows\\system32\\rasmans.dll+33cd5|C:\\Windows\\System32\\svchost.exe+314c|C:\\Windows\\System32\\sechost.dll+2de2|C:\\Windows\\System32\\KERNEL32.DLL+17944|C:\\Windows\\SYSTEM32\\ntdll.dll+6ce71","winlog":{"version":3,"event_id":10,"record_id":200354,"opcode":"Info","api":"wineventlog","task":"Process accessed (rule: ProcessAccess)","computer_name":"IT001.shire.com","user":{"name":"SYSTEM","domain":"NT AUTHORITY","type":"User","identifier":"S-1-5-18"},"event_data":{"TargetImage":"C:\\Program Files\\Amazon\\Ec2ConfigService\\Ec2Config.exe","UtcTime":"2019-10-28 02:31:54.340","TargetProcessGUID":"{a158f72c-a3a7-5db5-0000-0010ab1f0200}","SourceProcessGUID":"{a158f72c-a3a8-5db5-0000-001005670200}","SourceProcessId":"3604","TargetProcessId":"3112","SourceImage":"C:\\Windows\\System32\\svchost.exe","GrantedAccess":"0x1400","CallTrace":"C:\\Windows\\SYSTEM32\\ntdll.dll+9c524|C:\\Windows\\System32\\KERNELBASE.dll+2730e|c:\\windows\\system32\\rasmans.dll+3751b|c:\\windows\\system32\\rasmans.dll+36fad|c:\\windows\\system32\\rasmans.dll+10ed8|c:\\windows\\system32\\rasmans.dll+33cd5|C:\\Windows\\System32\\svchost.exe+314c|C:\\Windows\\System32\\sechost.dll+2de2|C:\\Windows\\System32\\KERNEL32.DLL+17944|C:\\Windows\\SYSTEM32\\ntdll.dll+6ce71","SourceThreadId":"3688"},"provider_name":"Microsoft-Windows-Sysmon","provider_guid":"{5770385f-c22a-43e0-bf4c-06f5698ffbd9}","process":{"pid":3196,"thread":{"id":4324}},"channel":"Microsoft-Windows-Sysmon/Operational"},"event":{"created":"2019-10-28T02:31:56.638Z","kind":"event","code":10,"action":"Process accessed (rule: ProcessAccess)"},"ecs":{"version":"1.1.0"},"host":{"name":"WECServer"},"agent":{"type":"winlogbeat","ephemeral_id":"df5ad137-6594-4bd7-a3eb-e0eda670370c","hostname":"WECServer","id":"f8e32ecf-6ac8-4748-86ec-f026490623c4","version":"7.4.0"},"log":{"level":"information"}}
{"@timestamp":"2019-10-28T02:31:57.063Z","@metadata":{"beat":"winlogbeat","type":"_doc","version":"7.4.0","topic":"winlogbeat"},"ecs":{"version":"1.1.0"},"host":{"name":"WECServer"},"agent":{"id":"f8e32ecf-6ac8-4748-86ec-f026490623c4","version":"7.4.0","type":"winlogbeat","ephemeral_id":"df5ad137-6594-4bd7-a3eb-e0eda670370c","hostname":"WECServer"},"event":{"created":"2019-10-28T02:31:58.649Z","kind":"event","code":12,"action":"Registry object added or deleted (rule: RegistryEvent)"},"log":{"level":"information"},"message":"Registry object added or deleted:\nRuleName: \nEventType: CreateKey\nUtcTime: 2019-10-28 02:31:57.048\nProcessGuid: {a158f72c-a3a1-5db5-0000-0010e67e0800}\nProcessId: 5616\nImage: C:\\Windows\\Explorer.EXE\nTargetObject: HKU\\S-1-5-21-2379224252-1048547738-3559495803-1113\\Software\\Microsoft\\Windows\\CurrentVersion\\Explorer\\FeatureUsage\\AppSwitched","winlog":{"provider_name":"Microsoft-Windows-Sysmon","computer_name":"ACCT001.shire.com","event_data":{"Image":"C:\\Windows\\Explorer.EXE","TargetObject":"HKU\\S-1-5-21-2379224252-1048547738-3559495803-1113\\Software\\Microsoft\\Windows\\CurrentVersion\\Explorer\\FeatureUsage\\AppSwitched","EventType":"CreateKey","UtcTime":"2019-10-28 02:31:57.048","ProcessGuid":"{a158f72c-a3a1-5db5-0000-0010e67e0800}","ProcessId":"5616"},"api":"wineventlog","provider_guid":"{5770385f-c22a-43e0-bf4c-06f5698ffbd9}","user":{"name":"SYSTEM","domain":"NT AUTHORITY","type":"User","identifier":"S-1-5-18"},"event_id":12,"opcode":"Info","process":{"pid":3208,"thread":{"id":5108}},"channel":"Microsoft-Windows-Sysmon/Operational","record_id":271843,"task":"Registry object added or deleted (rule: RegistryEvent)","version":2}}
{"@timestamp":"2019-10-28T02:31:57.063Z","@metadata":{"beat":"winlogbeat","type":"_doc","version":"7.4.0","topic":"winlogbeat"},"agent":{"hostname":"WECServer","id":"f8e32ecf-6ac8-4748-86ec-f026490623c4","version":"7.4.0","type":"winlogbeat","ephemeral_id":"df5ad137-6594-4bd7-a3eb-e0eda670370c"},"winlog":{"task":"Registry value set (rule: RegistryEvent)","record_id":271844,"version":2,"process":{"thread":{"id":5108},"pid":3208},"user":{"identifier":"S-1-5-18","name":"SYSTEM","domain":"NT AUTHORITY","type":"User"},"event_id":13,"opcode":"Info","provider_name":"Microsoft-Windows-Sysmon","api":"wineventlog","provider_guid":"{5770385f-c22a-43e0-bf4c-06f5698ffbd9}","channel":"Microsoft-Windows-Sysmon/Operational","event_data":{"ProcessGuid":"{a158f72c-a3a1-5db5-0000-0010e67e0800}","ProcessId":"5616","Image":"C:\\Windows\\Explorer.EXE","TargetObject":"HKU\\S-1-5-21-2379224252-1048547738-3559495803-1113\\Software\\Microsoft\\Windows\\CurrentVersion\\Explorer\\FeatureUsage\\AppSwitched\\Microsoft.Windows.Explorer","Details":"DWORD (0x00000006)","EventType":"SetValue","UtcTime":"2019-10-28 02:31:57.048"},"computer_name":"ACCT001.shire.com"},"event":{"code":13,"action":"Registry value set (rule: RegistryEvent)","created":"2019-10-28T02:31:58.649Z","kind":"event"},"log":{"level":"information"},"message":"Registry value set:\nRuleName: \nEventType: SetValue\nUtcTime: 2019-10-28 02:31:57.048\nProcessGuid: {a158f72c-a3a1-5db5-0000-0010e67e0800}\nProcessId: 5616\nImage: C:\\Windows\\Explorer.EXE\nTargetObject: HKU\\S-1-5-21-2379224252-1048547738-3559495803-1113\\Software\\Microsoft\\Windows\\CurrentVersion\\Explorer\\FeatureUsage\\AppSwitched\\Microsoft.Windows.Explorer\nDetails: DWORD (0x00000006)","ecs":{"version":"1.1.0"},"host":{"name":"WECServer"}}
{"@timestamp":"2019-10-28T02:31:57.089Z","@metadata":{"beat":"winlogbeat","type":"_doc","version":"7.4.0","topic":"winlogbeat"},"host":{"name":"WECServer"},"agent":{"type":"winlogbeat","ephemeral_id":"df5ad137-6594-4bd7-a3eb-e0eda670370c","hostname":"WECServer","id":"f8e32ecf-6ac8-4748-86ec-f026490623c4","version":"7.4.0"},"winlog":{"version":2,"event_id":13,"api":"wineventlog","channel":"Microsoft-Windows-Sysmon/Operational","provider_name":"Microsoft-Windows-Sysmon","provider_guid":"{5770385f-c22a-43e0-bf4c-06f5698ffbd9}","opcode":"Info","event_data":{"Details":"Binary Data","EventType":"SetValue","UtcTime":"2019-10-28 02:31:57.080","ProcessGuid":"{a158f72c-a3a1-5db5-0000-0010e67e0800}","ProcessId":"5616","Image":"C:\\Windows\\Explorer.EXE","TargetObject":"HKU\\S-1-5-21-2379224252-1048547738-3559495803-1113\\Software\\Microsoft\\Windows\\CurrentVersion\\Explorer\\UserAssist\\{CEBFF5CD-ACE2-4F4F-9178-9926F41749EA}\\Count\\{1NP14R77-02R7-4R5Q-O744-2RO1NR5198O7}\\JvaqbjfCbjreFuryy\\i1.0\\cbjrefuryy.rkr"},"process":{"thread":{"id":5108},"pid":3208},"user":{"name":"SYSTEM","domain":"NT AUTHORITY","type":"User","identifier":"S-1-5-18"},"record_id":271845,"task":"Registry value set (rule: RegistryEvent)","computer_name":"ACCT001.shire.com"},"event":{"code":13,"action":"Registry value set (rule: RegistryEvent)","created":"2019-10-28T02:31:58.649Z","kind":"event"},"log":{"level":"information"},"message":"Registry value set:\nRuleName: \nEventType: SetValue\nUtcTime: 2019-10-28 02:31:57.080\nProcessGuid: {a158f72c-a3a1-5db5-0000-0010e67e0800}\nProcessId: 5616\nImage: C:\\Windows\\Explorer.EXE\nTargetObject: HKU\\S-1-5-21-2379224252-1048547738-3559495803-1113\\Software\\Microsoft\\Windows\\CurrentVersion\\Explorer\\UserAssist\\{CEBFF5CD-ACE2-4F4F-9178-9926F41749EA}\\Count\\{1NP14R77-02R7-4R5Q-O744-2RO1NR5198O7}\\JvaqbjfCbjreFuryy\\i1.0\\cbjrefuryy.rkr\nDetails: Binary Data","ecs":{"version":"1.1.0"}}
{"@timestamp":"2019-10-28T02:31:57.089Z","@metadata":{"beat":"winlogbeat","type":"_doc","version":"7.4.0","topic":"winlogbeat"},"log":{"level":"information"},"message":"Registry value set:\nRuleName: \nEventType: SetValue\nUtcTime: 2019-10-28 02:31:57.080\nProcessGuid: {a158f72c-a3a1-5db5-0000-0010e67e0800}\nProcessId: 5616\nImage: C:\\Windows\\Explorer.EXE\nTargetObject: HKU\\S-1-5-21-2379224252-1048547738-3559495803-1113\\Software\\Microsoft\\Windows\\CurrentVersion\\Explorer\\UserAssist\\{CEBFF5CD-ACE2-4F4F-9178-9926F41749EA}\\Count\\HRZR_PGYFRFFVBA\nDetails: Binary Data","ecs":{"version":"1.1.0"},"host":{"name":"WECServer"},"agent":{"ephemeral_id":"df5ad137-6594-4bd7-a3eb-e0eda670370c","hostname":"WECServer","id":"f8e32ecf-6ac8-4748-86ec-f026490623c4","version":"7.4.0","type":"winlogbeat"},"winlog":{"event_data":{"ProcessId":"5616","Image":"C:\\Windows\\Explorer.EXE","TargetObject":"HKU\\S-1-5-21-2379224252-1048547738-3559495803-1113\\Software\\Microsoft\\Windows\\CurrentVersion\\Explorer\\UserAssist\\{CEBFF5CD-ACE2-4F4F-9178-9926F41749EA}\\Count\\HRZR_PGYFRFFVBA","Details":"Binary Data","EventType":"SetValue","UtcTime":"2019-10-28 02:31:57.080","ProcessGuid":"{a158f72c-a3a1-5db5-0000-0010e67e0800}"},"event_id":13,"version":2,"process":{"pid":3208,"thread":{"id":5108}},"user":{"identifier":"S-1-5-18","name":"SYSTEM","domain":"NT AUTHORITY","type":"User"},"api":"wineventlog","provider_guid":"{5770385f-c22a-43e0-bf4c-06f5698ffbd9}","channel":"Microsoft-Windows-Sysmon/Operational","computer_name":"ACCT001.shire.com","opcode":"Info","provider_name":"Microsoft-Windows-Sysmon","record_id":271846,"task":"Registry value set (rule: RegistryEvent)"},"event":{"kind":"event","code":13,"action":"Registry value set (rule: RegistryEvent)","created":"2019-10-28T02:31:58.649Z"}}
{"@timestamp":"2019-10-28T02:31:57.090Z","@metadata":{"beat":"winlogbeat","type":"_doc","version":"7.4.0","topic":"winlogbeat"},"event":{"kind":"event","code":10,"action":"Process accessed (rule: ProcessAccess)","created":"2019-10-28T02:31:58.649Z"},"log":{"level":"information"},"message":"Process accessed:\nRuleName: \nUtcTime: 2019-10-28 02:31:57.080\nSourceProcessGUID: {a158f72c-a3a1-5db5-0000-0010e67e0800}\nSourceProcessId: 5616\nSourceThreadId: 5332\nSourceImage: C:\\Windows\\Explorer.EXE\nTargetProcessGUID: {a158f72c-3a3a-5db6-0000-001026ad8900}\nTargetProcessId: 2648\nTargetImage: C:\\Windows\\SystemApps\\InputApp_cw5n1h2txyewy\\WindowsInternal.ComposableShell.Experiences.TextInput.InputApp.exe\nGrantedAccess: 0x2000\nCallTrace: C:\\Windows\\SYSTEM32\\ntdll.dll+9c524|C:\\Windows\\System32\\KERNELBASE.dll+2730e|C:\\Windows\\system32\\twinui.dll+72169|C:\\Windows\\system32\\twinui.dll+77c92|C:\\Windows\\system32\\twinui.dll+17a5b|C:\\Windows\\system32\\twinui.dll+1759c|C:\\Windows\\system32\\twinui.dll+6853a|C:\\Windows\\system32\\twinui.dll+17059|C:\\Windows\\system32\\twinui.dll+1719b|C:\\Windows\\system32\\twinui.dll+1711d|C:\\Windows\\System32\\USER32.dll+1681d|C:\\Windows\\System32\\USER32.dll+16212|C:\\Windows\\System32\\windows.immersiveshell.serviceprovider.dll+44d0|C:\\Windows\\System32\\windows.immersiveshell.serviceprovider.dll+409d|C:\\Windows\\System32\\windows.immersiveshell.serviceprovider.dll+3e4f|C:\\Windows\\System32\\KERNEL32.DLL+17944|C:\\Windows\\SYSTEM32\\ntdll.dll+6ce71","host":{"name":"WECServer"},"agent":{"version":"7.4.0","type":"winlogbeat","ephemeral_id":"df5ad137-6594-4bd7-a3eb-e0eda670370c","hostname":"WECServer","id":"f8e32ecf-6ac8-4748-86ec-f026490623c4"},"ecs":{"version":"1.1.0"},"winlog":{"task":"Process accessed (rule: ProcessAccess)","version":3,"provider_name":"Microsoft-Windows-Sysmon","record_id":271847,"computer_name":"ACCT001.shire.com","process":{"pid":3208,"thread":{"id":5108}},"event_data":{"SourceProcessId":"5616","SourceImage":"C:\\Windows\\Explorer.EXE","UtcTime":"2019-10-28 02:31:57.080","TargetImage":"C:\\Windows\\SystemApps\\InputApp_cw5n1h2txyewy\\WindowsInternal.ComposableShell.Experiences.TextInput.InputApp.exe","GrantedAccess":"0x2000","SourceThreadId":"5332","TargetProcessGUID":"{a158f72c-3a3a-5db6-0000-001026ad8900}","SourceProcessGUID":"{a158f72c-a3a1-5db5-0000-0010e67e0800}","TargetProcessId":"2648","CallTrace":"C:\\Windows\\SYSTEM32\\ntdll.dll+9c524|C:\\Windows\\System32\\KERNELBASE.dll+2730e|C:\\Windows\\system32\\twinui.dll+72169|C:\\Windows\\system32\\twinui.dll+77c92|C:\\Windows\\system32\\twinui.dll+17a5b|C:\\Windows\\system32\\twinui.dll+1759c|C:\\Windows\\system32\\twinui.dll+6853a|C:\\Windows\\system32\\twinui.dll+17059|C:\\Windows\\system32\\twinui.dll+1719b|C:\\Windows\\system32\\twinui.dll+1711d|C:\\Windows\\System32\\USER32.dll+1681d|C:\\Windows\\System32\\USER32.dll+16212|C:\\Windows\\System32\\windows.immersiveshell.serviceprovider.dll+44d0|C:\\Windows\\System32\\windows.immersiveshell.serviceprovider.dll+409d|C:\\Windows\\System32\\windows.immersiveshell.serviceprovider.dll+3e4f|C:\\Windows\\System32\\KERNEL32.DLL+17944|C:\\Windows\\SYSTEM32\\ntdll.dll+6ce71"},"provider_guid":"{5770385f-c22a-43e0-bf4c-06f5698ffbd9}","user":{"identifier":"S-1-5-18","name":"SYSTEM","domain":"NT AUTHORITY","type":"User"},"channel":"Microsoft-Windows-Sysmon/Operational","opcode":"Info","api":"wineventlog","event_id":10}}
