{"@timestamp":"2019-10-28T02:31:41.405Z","@metadata":{"beat":"winlogbeat","type":"_doc","version":"7.4.0","topic":"winlogbeat"},"log":{"level":"information"},"message":"Image loaded:\nRuleName: \nUtcTime: 2019-10-28 02:31:41.392\nProcessGuid: {a158f72c-530d-5db6-0000-001062e9af00}\nProcessId: 3728\nImage: C:\\Windows\\System32\\certutil.exe\nImageLoaded: C:\\Windows\\System32\\imm32.dll\nFileVersion: 10.0.18362.1 (WinBuild.160101.0800)\nDescription: Multi-User Windows IMM32 API Client DLL\nProduct: Microsoft Windows Operating System\nCompany: Microsoft Corporation\nOriginalFileName: imm32\nHashes: SHA1=C0FC34773A9A6D67CC9CFB506E746A09113CFA91,MD5=5A545E170673868185B378391A895524,SHA256=EE733D86EF7A18136F6F4EFCC7A70911F6EF6A556CC720F9DEA3550B7554CD50,IMPHASH=24F54B6761C10BA12481CF6C780605BF\nSigned: true\nSignature: Microsoft Windows\nSignatureStatus: Valid","ecs":{"version":"1.1.0"},"host":{"name":"WECServer"},"agent":{"type":"winlogbeat","ephemeral_id":"df5ad137-6594-4bd7-a3eb-e0eda670370c","hostname":"WECServer","id":"f8e32ecf-6ac8-4748-86ec-f026490623c4","version":"7.4.0"},"winlog":{"provider_guid":"{5770385f-c22a-43e0-bf4c-06f5698ffbd9}","provider_name":"Microsoft-Windows-Sysmon","opcode":"Info","version":3,"task":"Image loaded (rule: ImageLoad)","api":"wineventlog","channel":"Microsoft-Windows-Sysmon/Operational","record_id":271632,"process":{"thread":{"id":5108},"pid":3208},"user":{"type":"User","identifier":"S-1-5-18","name":"SYSTEM","domain":"NT AUTHORITY"},"event_id":7,"computer_name":"ACCT001.shire.com","event_data":{"Signed":"true","Product":"Microsoft Windows Operating System","Signature":"Microsoft Windows","Hashes":"SHA1=C0FC34773A9A6D67CC9CFB506E746A09113CFA91,MD5=5A545E170673868185B378391A895524,SHA256=EE733D86EF7A18136F6F4EFCC7A70911F6EF6A556CC720F9DEA3550B7554CD50,IMPHASH=24F54B6761C10BA12481CF6C780605BF","UtcTime":"2019-10-28 02:31:41.392","ProcessGuid":"{a158f72c-530d-5db6-0000-001062e9af00}","Description":"Multi-User Windows IMM32 API Client DLL","OriginalFileName":"imm32","Company":"Microsoft Corporation","SignatureStatus":"Valid","ProcessId":"3728","Image":"C:\\Windows\\System32\\certutil.exe","ImageLoaded":"C:\\Windows\\System32\\imm32.dll","FileVersion":"10.0.18362.1 (WinBuild.160101.0800)"}},"event":{"kind":"event","code":7,"action":"Image loaded (rule: ImageLoad)","created":"2019-10-28T02:31:42.477Z"}}
{"@timestamp":"2019-10-28T02:31:41.411Z","@metadata":{"beat":"winlogbeat","type":"_doc","version":"7.4.0","topic":"winlogbeat"},"ecs":{"version":"1.1.0"},"host":{"name":"WECServer"},"agent":{"id":"f8e32ecf-6ac8-4748-86ec-f026490623c4","version":"7.4.0","type":"winlogbeat","ephemeral_id":"df5ad137-6594-4bd7-a3eb-e0eda670370c","hostname":"WECServer"},"winlog":{"task":"Image loaded (rule: ImageLoad)","opcode":"Info","event_data":{"Company":"Microsoft Corporation","Hashes":"SHA1=36A11D93E96F6536D5D5A583C836A1CF7F5DA7A2,MD5=0556742D0B884E434013016F3C100F68,SHA256=12810CBC43D04B3530DC3922F4DACDB0E2AB6E51C78C1A5CC13EE97B7B3F9E62,IMPHASH=B5109399FE9835C3E30AD79FD4829085","UtcTime":"2019-10-28 02:31:41.408","ProcessId":"3728","ImageLoaded":"C:\\Windows\\System32\\uxtheme.dll","Signed":"true","SignatureStatus":"Valid","Product":"Microsoft Windows Operating System","Signature":"Microsoft Windows","Description":"Microsoft UxTheme Library","ProcessGuid":"{a158f72c-530d-5db6-0000-001062e9af00}","OriginalFileName":"UxTheme.dll","Image":"C:\\Windows\\System32\\certutil.exe","FileVersion":"10.0.18362.1 (WinBuild.160101.0800)"},"api":"wineventlog","version":3,"user":{"domain":"NT AUTHORITY","type":"User","identifier":"S-1-5-18","name":"SYSTEM"},"process":{"thread":{"id":5108},"pid":3208},"event_id":7,"record_id":271633,"channel":"Microsoft-Windows-Sysmon/Operational","provider_name":"Microsoft-Windows-Sysmon","computer_name":"ACCT001.shire.com","provider_guid":"{5770385f-c22a-43e0-bf4c-06f5698ffbd9}"},"event":{"action":"Image loaded (rule: ImageLoad)","created":"2019-10-28T02:31:42.477Z","kind":"event","code":7},"log":{"level":"information"},"message":"Image loaded:\nRuleName: \nUtcTime: 2019-10-28 02:31:41.408\nProcessGuid: {a158f72c-530d-5db6-0000-001062e9af00}\nProcessId: 3728\nImage: C:\\Windows\\System32\\certutil.exe\nImageLoaded: C:\\Windows\\System32\\uxtheme.dll\nFileVersion: 10.0.18362.1 (WinBuild.160101.0800)\nDescription: Microsoft UxTheme Library\nProduct: Microsoft Windows Operating System\nCompany: Microsoft Corporation\nOriginalFileName: UxTheme.dll\nHashes: SHA1=36A11D93E96F6536D5D5A583C836A1CF7F5DA7A2,MD5=0556742D0B884E434013016F3C100F68,SHA256=12810CBC43D04B3530DC3922F4DACDB0E2AB6E51C78C1A5CC13EE97B7B3F9E62,IMPHASH=B5109399FE9835C3E30AD79FD4829085\nSigned: true\nSignature: Microsoft Windows\nSignatureStatus: Valid"}
{"@timestamp":"2019-10-28T02:31:41.411Z","@metadata":{"beat":"winlogbeat","type":"_doc","version":"7.4.0","topic":"winlogbeat"},"winlog":{"computer_name":"ACCT001.shire.com","version":3,"provider_guid":"{5770385f-c22a-43e0-bf4c-06f5698ffbd9}","event_data":{"TargetImage":"C:\\Windows\\system32\\certutil.exe","SourceProcessId":"2128","UtcTime":"2019-10-28 02:31:41.408","SourceThreadId":"2240","SourceImage":"C:\\Windows\\System32\\svchost.exe","TargetProcessGUID":"{a158f72c-530d-5db6-0000-001062e9af00}","TargetProcessId":"3728","SourceProcessGUID":"{a158f72c-a391-5db5-0000-00105e700100}","GrantedAccess":"0x1478","CallTrace":"C:\\Windows\\SYSTEM32\\ntdll.dll+9c524|c:\\windows\\system32\\themeservice.dll+1a9a|c:\\windows\\system32\\themeservice.dll+1736|c:\\windows\\system32\\themeservice.dll+6026|c:\\windows\\system32\\themeservice.dll+ad9a|c:\\windows\\system32\\themeservice.dll+9dcf|C:\\Windows\\System32\\svchost.exe+314c|C:\\Windows\\System32\\sechost.dll+2de2|C:\\Windows\\System32\\KERNEL32.DLL+17944|C:\\Windows\\SYSTEM32\\ntdll.dll+6ce71"},"channel":"Microsoft-Windows-Sysmon/Operational","record_id":271634,"user":{"identifier":"S-1-5-18","name":"SYSTEM","domain":"NT AUTHORITY","type":"User"},"task":"Process accessed (rule: ProcessAccess)","event_id":10,"provider_name":"Microsoft-Windows-Sysmon","api":"wineventlog","opcode":"Info","process":{"pid":3208,"thread":{"id":5108}}},"event":{"created":"2019-10-28T02:31:42.477Z","kind":"event","code":10,"action":"Process accessed (rule: ProcessAccess)"},"log":{"level":"information"},"ecs":{"version":"1.1.0"},"host":{"name":"WECServer"},"agent":{"type":"winlogbeat","ephemeral_id":"df5ad137-6594-4bd7-a3eb-e0eda670370c","hostname":"WECServer","id":"f8e32ecf-6ac8-4748-86ec-f026490623c4","version":"7.4.0"},"message":"Process accessed:\nRuleName: \nUtcTime: 2019-10-28 02:31:41.408\nSourceProcessGUID: {a158f72c-a391-5db5-0000-00105e700100}\nSourceProcessId: 2128\nSourceThreadId: 2240\nSourceImage: C:\\Windows\\System32\\svchost.exe\nTargetProcessGUID: {a158f72c-530d-5db6-0000-001062e9af00}\nTargetProcessId: 3728\nTargetImage: C:\\Windows\\system32\\certutil.exe\nGrantedAccess: 0x1478\nCallTrace: C:\\Windows\\SYSTEM32\\ntdll.dll+9c524|c:\\windows\\system32\\themeservice.dll+1a9a|c:\\windows\\system32\\themeservice.dll+1736|c:\\windows\\system32\\themeservice.dll+6026|c:\\windows\\system32\\themeservice.dll+ad9a|c:\\windows\\system32\\themeservice.dll+9dcf|C:\\Windows\\System32\\svchost.exe+314c|C:\\Windows\\System32\\sechost.dll+2de2|C:\\Windows\\System32\\KERNEL32.DLL+17944|C:\\Windows\\SYSTEM32\\ntdll.dll+6ce71"}
{"@timestamp":"2019-10-28T02:31:41.412Z","@metadata":{"beat":"winlogbeat","type":"_doc","version":"7.4.0","topic":"winlogbeat"},"log":{"level":"information"},"message":"Process accessed:\nRuleName: \nUtcTime: 2019-10-28 02:31:41.408\nSourceProcessGUID: {a158f72c-a391-5db5-0000-00105e700100}\nSourceProcessId: 2128\nSourceThreadId: 7484\nSourceImage: C:\\Windows\\System32\\svchost.exe\nTargetProcessGUID: {a158f72c-530d-5db6-0000-001062e9af00}\nTargetProcessId: 3728\nTargetImage: C:\\Windows\\system32\\certutil.exe\nGrantedAccess: 0x1400\nCallTrace: C:\\Windows\\SYSTEM32\\ntdll.dll+9c524|c:\\windows\\system32\\themeservice.dll+1d60|c:\\windows\\system32\\themeservice.dll+1595|c:\\windows\\system32\\themeservice.dll+1461|c:\\windows\\system32\\themeservice.dll+1886|C:\\Windows\\SYSTEM32\\ntdll.dll+2f665|C:\\Windows\\SYSTEM32\\ntdll.dll+345c4|C:\\Windows\\System32\\KERNEL32.DLL+17944|C:\\Windows\\SYSTEM32\\ntdll.dll+6ce71","ecs":{"version":"1.1.0"},"host":{"name":"WECServer"},"agent":{"version":"7.4.0","type":"winlogbeat","ephemeral_id":"df5ad137-6594-4bd7-a3eb-e0eda670370c","hostname":"WECServer","id":"f8e32ecf-6ac8-4748-86ec-f026490623c4"},"winlog":{"computer_name":"ACCT001.shire.com","provider_guid":"{5770385f-c22a-43e0-bf4c-06f5698ffbd9}","user":{"identifier":"S-1-5-18","name":"SYSTEM","domain":"NT AUTHORITY","type":"User"},"event_id":10,"task":"Process accessed (rule: ProcessAccess)","process":{"pid":3208,"thread":{"id":5108}},"record_id":271635,"version":3,"provider_name":"Microsoft-Windows-Sysmon","api":"wineventlog","opcode":"Info","event_data":{"GrantedAccess":"0x1400","CallTrace":"C:\\Windows\\SYSTEM32\\ntdll.dll+9c524|c:\\windows\\system32\\themeservice.dll+1d60|c:\\windows\\system32\\themeservice.dll+1595|c:\\windows\\system32\\themeservice.dll+1461|c:\\windows\\system32\\themeservice.dll+1886|C:\\Windows\\SYSTEM32\\ntdll.dll+2f665|C:\\Windows\\SYSTEM32\\ntdll.dll+345c4|C:\\Windows\\System32\\KERNEL32.DLL+17944|C:\\Windows\\SYSTEM32\\ntdll.dll+6ce71","SourceProcessGUID":"{a158f72c-a391-5db5-0000-00105e700100}","TargetProcessGUID":"{a158f72c-530d-5db6-0000-001062e9af00}","TargetProcessId":"3728","SourceProcessId":"2128","TargetImage":"C:\\Windows\\system32\\certutil.exe","SourceThreadId":"7484","UtcTime":"2019-10-28 02:31:41.408","SourceImage":"C:\\Windows\\System32\\svchost.exe"},"channel":"Microsoft-Windows-Sysmon/Operational"},"event":{"code":10,"action":"Process accessed (rule: ProcessAccess)","created":"2019-10-28T02:31:42.477Z","kind":"event"}}
{"@timestamp":"2019-10-28T02:31:41.412Z","@metadata":{"beat":"winlogbeat","type":"_doc","version":"7.4.0","topic":"winlogbeat"},"ecs":{"version":"1.1.0"},"host":{"name":"WECServer"},"winlog":{"task":"Image loaded (rule: ImageLoad)","record_id":271636,"event_data":{"SignatureStatus":"Valid","ProcessId":"3728","Product":"Microsoft Windows Operating System","Company":"Microsoft Corporation","UtcTime":"2019-10-28 02:31:41.408","Description":"MSCTF Server DLL","Signed":"true","ImageLoaded":"C:\\Windows\\System32\\msctf.dll","Image":"C:\\Windows\\System32\\certutil.exe","Signature":"Microsoft Windows","OriginalFileName":"MSCTF.DLL","Hashes":"SHA1=AABF6ED98BBBF3B2F4E09A5E522A028C7596B926,MD5=9F36804C2BECC7CA3449B8068581BD3A,SHA256=D8C06AC0523C0C74F96D14ACDEC64DBAC0D57F9C1157C3645F062B14DCBDD330,IMPHASH=F63D05CA1F4BDD40A38EDE2AC7E1C30F","ProcessGuid":"{a158f72c-530d-5db6-0000-001062e9af00}","FileVersion":"10.0.18362.1 (WinBuild.160101.0800)"},"version":3,"event_id":7,"opcode":"Info","provider_guid":"{5770385f-c22a-43e0-bf4c-06f5698ffbd9}","process":{"pid":3208,"thread":{"id":5108}},"user":{"domain":"NT AUTHORITY","type":"User","identifier":"S-1-5-18","name":"SYSTEM"},"computer_name":"ACCT001.shire.com","channel":"Microsoft-Windows-Sysmon/Operational","provider_name":"Microsoft-Windows-Sysmon","api":"wineventlog"},"event":{"kind":"event","code":7,"action":"Image loaded (rule: ImageLoad)","created":"2019-10-28T02:31:42.477Z"},"log":{"level":"information"},"message":"Image loaded:\nRuleName: \nUtcTime: 2019-10-28 02:31:41.408\nProcessGuid: {a158f72c-530d-5db6-0000-001062e9af00}\nProcessId: 3728\nImage: C:\\Windows\\System32\\certutil.exe\nImageLoaded: C:\\Windows\\System32\\msctf.dll\nFileVersion: 10.0.18362.1 (WinBuild.160101.0800)\nDescription: MSCTF Server DLL\nProduct: Microsoft Windows Operating System\nCompany: Microsoft Corporation\nOriginalFileName: MSCTF.DLL\nHashes: SHA1=AABF6ED98BBBF3B2F4E09A5E522A028C7596B926,MD5=9F36804C2BECC7CA3449B8068581BD3A,SHA256=D8C06AC0523C0C74F96D14ACDEC64DBAC0D57F9C1157C3645F062B14DCBDD330,IMPHASH=F63D05CA1F4BDD40A38EDE2AC7E1C30F\nSigned: true\nSignature: Microsoft Windows\nSignatureStatus: Valid","agent":{"type":"winlogbeat","ephemeral_id":"df5ad137-6594-4bd7-a3eb-e0eda670370c","hostname":"WECServer","id":"f8e32ecf-6ac8-4748-86ec-f026490623c4","version":"7.4.0"}}
{"@timestamp":"2019-10-28T02:31:41.413Z","@metadata":{"beat":"winlogbeat","type":"_doc","version":"7.4.0","topic":"winlogbeat"},"ecs":{"version":"1.1.0"},"host":{"name":"WECServer"},"agent":{"type":"winlogbeat","ephemeral_id":"df5ad137-6594-4bd7-a3eb-e0eda670370c","hostname":"WECServer","id":"f8e32ecf-6ac8-4748-86ec-f026490623c4","version":"7.4.0"},"log":{"level":"information"},"message":"Process accessed:\nRuleName: \nUtcTime: 2019-10-28 02:31:41.408\nSourceProcessGUID: {a158f72c-a3a1-5db5-0000-0010e67e0800}\nSourceProcessId: 5616\nSourceThreadId: 5332\nSourceImage: C:\\Windows\\Explorer.EXE\nTargetProcessGUID: {a158f72c-530d-5db6-0000-001062e9af00}\nTargetProcessId: 3728\nTargetImage: C:\\Windows\\system32\\certutil.exe\nGrantedAccess: 0x1000\nCallTrace: C:\\Windows\\SYSTEM32\\ntdll.dll+9c524|C:\\Windows\\System32\\KERNELBASE.dll+2730e|C:\\Windows\\SYSTEM32\\TWINAPI.dll+6cd1|C:\\Windows\\system32\\twinui.pcshell.dll+3d8e0|C:\\Windows\\system32\\twinui.pcshell.dll+3d0e2|C:\\Windows\\system32\\twinui.dll+17a5b|C:\\Windows\\system32\\twinui.dll+1759c|C:\\Windows\\system32\\twinui.dll+6853a|C:\\Windows\\system32\\twinui.dll+17059|C:\\Windows\\system32\\twinui.dll+1719b|C:\\Windows\\system32\\twinui.dll+1711d|C:\\Windows\\System32\\USER32.dll+1681d|C:\\Windows\\System32\\USER32.dll+16212|C:\\Windows\\System32\\windows.immersiveshell.serviceprovider.dll+44d0|C:\\Windows\\System32\\windows.immersiveshell.serviceprovider.dll+409d|C:\\Windows\\System32\\windows.immersiveshell.serviceprovider.dll+3e4f|C:\\Windows\\System32\\KERNEL32.DLL+17944|C:\\Windows\\SYSTEM32\\ntdll.dll+6ce71","winlog":{"opcode":"Info","provider_name":"Microsoft-Windows-Sysmon","provider_guid":"{5770385f-c22a-43e0-bf4c-06f5698ffbd9}","user":{"type":"User","identifier":"S-1-5-18","name":"SYSTEM","domain":"NT AUTHORITY"},"record_id":271637,"api":"wineventlog","version":3,"process":{"pid":3208,"thread":{"id":5108}},"event_id":10,"computer_name":"ACCT001.shire.com","event_data":{"TargetProcessGUID":"{a158f72c-530d-5db6-0000-001062e9af00}","UtcTime":"2019-10-28 02:31:41.408","SourceThreadId":"5332","SourceProcessGUID":"{a158f72c-a3a1-5db5-0000-0010e67e0800}","SourceProcessId":"5616","TargetProcessId":"3728","TargetImage":"C:\\Windows\\system32\\certutil.exe","GrantedAccess":"0x1000","CallTrace":"C:\\Windows\\SYSTEM32\\ntdll.dll+9c524|C:\\Windows\\System32\\KERNELBASE.dll+2730e|C:\\Windows\\SYSTEM32\\TWINAPI.dll+6cd1|C:\\Windows\\system32\\twinui.pcshell.dll+3d8e0|C:\\Windows\\system32\\twinui.pcshell.dll+3d0e2|C:\\Windows\\system32\\twinui.dll+17a5b|C:\\Windows\\system32\\twinui.dll+1759c|C:\\Windows\\system32\\twinui.dll+6853a|C:\\Windows\\system32\\twinui.dll+17059|C:\\Windows\\system32\\twinui.dll+1719b|C:\\Windows\\system32\\twinui.dll+1711d|C:\\Windows\\System32\\USER32.dll+1681d|C:\\Windows\\System32\\USER32.dll+16212|C:\\Windows\\System32\\windows.immersiveshell.serviceprovider.dll+44d0|C:\\Windows\\System32\\windows.immersiveshell.serviceprovider.dll+409d|C:\\Windows\\System32\\windows.immersiveshell.serviceprovider.dll+3e4f|C:\\Windows\\System32\\KERNEL32.DLL+17944|C:\\Windows\\SYSTEM32\\ntdll.dll+6ce71","SourceImage":"C:\\Windows\\Explorer.EXE"},"channel":"Microsoft-Windows-Sysmon/Operational","task":"Process accessed (rule: ProcessAccess)"},"event":{"kind":"event","code":10,"action":"Process accessed (rule: ProcessAccess)","created":"2019-10-28T02:31:42.477Z"}}
{"@timestamp":"2019-10-28T02:31:41.414Z","@metadata":{"beat":"winlogbeat","type":"_doc","version":"7.4.0","topic":"winlogbeat"},"host":{"name":"WECServer"},"event":{"kind":"event","code":10,"action":"Process accessed (rule: ProcessAccess)","created":"2019-10-28T02:31:42.477Z"},"log":{"level":"information"},"message":"Process accessed:\nRuleName: \nUtcTime: 2019-10-28 02:31:41.408\nSourceProcessGUID: {a158f72c-a3a1-5db5-0000-0010e67e0800}\nSourceProcessId: 5616\nSourceThreadId: 5332\nSourceImage: C:\\Windows\\Explorer.EXE\nTargetProcessGUID: {a158f72c-530d-5db6-0000-001062e9af00}\nTargetProcessId: 3728\nTargetImage: C:\\Windows\\system32\\certutil.exe\nGrantedAccess: 0x1000\nCallTrace: C:\\Windows\\SYSTEM32\\ntdll.dll+9c524|C:\\Windows\\System32\\KERNELBASE.dll+2730e|C:\\Windows\\SYSTEM32\\TWINAPI.dll+6cd1|C:\\Windows\\system32\\twinui.pcshell.dll+3d8e0|C:\\Windows\\system32\\twinui.pcshell.dll+3d0e2|C:\\Windows\\system32\\twinui.dll+17a5b|C:\\Windows\\system32\\twinui.dll+1759c|C:\\Windows\\system32\\twinui.dll+6853a|C:\\Windows\\system32\\twinui.dll+17059|C:\\Windows\\system32\\twinui.dll+1719b|C:\\Windows\\system32\\twinui.dll+1711d|C:\\Windows\\System32\\USER32.dll+1681d|C:\\Windows\\System32\\USER32.dll+16212|C:\\Windows\\System32\\windows.immersiveshell.serviceprovider.dll+44d0|C:\\Windows\\System32\\windows.immersiveshell.serviceprovider.dll+409d|C:\\Windows\\System32\\windows.immersiveshell.serviceprovider.dll+3e4f|C:\\Windows\\System32\\KERNEL32.DLL+17944|C:\\Windows\\SYSTEM32\\ntdll.dll+6ce71","winlog":{"provider_guid":"{5770385f-c22a-43e0-bf4c-06f5698ffbd9}","api":"wineventlog","event_id":10,"provider_name":"Microsoft-Windows-Sysmon","process":{"pid":3208,"thread":{"id":5108}},"user":{"name":"SYSTEM","domain":"NT AUTHORITY","type":"User","identifier":"S-1-5-18"},"record_id":271638,"computer_name":"ACCT001.shire.com","task":"Process accessed (rule: ProcessAccess)","version":3,"opcode":"Info","event_data":{"TargetProcessId":"3728","GrantedAccess":"0x1000","UtcTime":"2019-10-28 02:31:41.408","SourceProcessGUID":"{a158f72c-a3a1-5db5-0000-0010e67e0800}","TargetProcessGUID":"{a158f72c-530d-5db6-0000-001062e9af00}","SourceProcessId":"5616","SourceThreadId":"5332","SourceImage":"C:\\Windows\\Explorer.EXE","CallTrace":"C:\\Windows\\SYSTEM32\\ntdll.dll+9c524|C:\\Windows\\System32\\KERNELBASE.dll+2730e|C:\\Windows\\SYSTEM32\\TWINAPI.dll+6cd1|C:\\Windows\\system32\\twinui.pcshell.dll+3d8e0|C:\\Windows\\system32\\twinui.pcshell.dll+3d0e2|C:\\Windows\\system32\\twinui.dll+17a5b|C:\\Windows\\system32\\twinui.dll+1759c|C:\\Windows\\system32\\twinui.dll+6853a|C:\\Windows\\system32\\twinui.dll+17059|C:\\Windows\\system32\\twinui.dll+1719b|C:\\Windows\\system32\\twinui.dll+1711d|C:\\Windows\\System32\\USER32.dll+1681d|C:\\Windows\\System32\\USER32.dll+16212|C:\\Windows\\System32\\windows.immersiveshell.serviceprovider.dll+44d0|C:\\Windows\\System32\\windows.immersiveshell.serviceprovider.dll+409d|C:\\Windows\\System32\\windows.immersiveshell.serviceprovider.dll+3e4f|C:\\Windows\\System32\\KERNEL32.DLL+17944|C:\\Windows\\SYSTEM32\\ntdll.dll+6ce71","TargetImage":"C:\\Windows\\system32\\certutil.exe"},"channel":"Microsoft-Windows-Sysmon/Operational"},"agent":{"type":"winlogbeat","ephemeral_id":"df5ad137-6594-4bd7-a3eb-e0eda670370c","hostname":"WECServer","id":"f8e32ecf-6ac8-4748-86ec-f026490623c4","version":"7.4.0"},"ecs":{"version":"1.1.0"}}
{"@timestamp":"2019-10-28T02:31:41.417Z","@metadata":{"beat":"winlogbeat","type":"_doc","version":"7.4.0","topic":"winlogbeat"},"log":{"level":"information"},"message":"Registry object added or deleted:\nRuleName: \nEventType: CreateKey\nUtcTime: 2019-10-28 02:31:41.408\nProcessGuid: {a158f72c-530d-5db6-0000-001062e9af00}\nProcessId: 3728\nImage: C:\\Windows\\system32\\certutil.exe\nTargetObject: HKLM\\SOFTWARE","winlog":{"provider_name":"Microsoft-Windows-Sysmon","user":{"name":"SYSTEM","domain":"NT AUTHORITY","type":"User","identifier":"S-1-5-18"},"provider_guid":"{5770385f-c22a-43e0-bf4c-06f5698ffbd9}","version":2,"opcode":"Info","process":{"thread":{"id":5108},"pid":3208},"event_id":12,"task":"Registry object added or deleted (rule: RegistryEvent)","api":"wineventlog","computer_name":"ACCT001.shire.com","channel":"Microsoft-Windows-Sysmon/Operational","record_id":271639,"event_data":{"Image":"C:\\Windows\\system32\\certutil.exe","TargetObject":"HKLM\\SOFTWARE","EventType":"CreateKey","UtcTime":"2019-10-28 02:31:41.408","ProcessGuid":"{a158f72c-530d-5db6-0000-001062e9af00}","ProcessId":"3728"}},"event":{"action":"Registry object added or deleted (rule: RegistryEvent)","created":"2019-10-28T02:31:42.477Z","kind":"event","code":12},"ecs":{"version":"1.1.0"},"host":{"name":"WECServer"},"agent":{"version":"7.4.0","type":"winlogbeat","ephemeral_id":"df5ad137-6594-4bd7-a3eb-e0eda670370c","hostname":"WECServer","id":"f8e32ecf-6ac8-4748-86ec-f026490623c4"}}
{"@timestamp":"2019-10-28T02:31:41.417Z","@metadata":{"beat":"winlogbeat","type":"_doc","version":"7.4.0","topic":"winlogbeat"},"winlog":{"api":"wineventlog","opcode":"Info","version":2,"channel":"Microsoft-Windows-Sysmon/Operational","provider_name":"Microsoft-Windows-Sysmon","user":{"name":"SYSTEM","domain":"NT AUTHORITY","type":"User","identifier":"S-1-5-18"},"event_data":{"TargetObject":"HKLM\\SOFTWARE\\Microsoft","EventType":"CreateKey","UtcTime":"2019-10-28 02:31:41.408","ProcessGuid":"{a158f72c-530d-5db6-0000-001062e9af00}","ProcessId":"3728","Image":"C:\\Windows\\system32\\certutil.exe"},"computer_name":"ACCT001.shire.com","event_id":12,"record_id":271640,"task":"Registry object added or deleted (rule: RegistryEvent)","process":{"thread":{"id":5108},"pid":3208},"provider_guid":"{5770385f-c22a-43e0-bf4c-06f5698ffbd9}"},"event":{"kind":"event","code":12,"action":"Registry object added or deleted (rule: RegistryEvent)","created":"2019-10-28T02:31:42.477Z"},"ecs":{"version":"1.1.0"},"host":{"name":"WECServer"},"agent":{"hostname":"WECServer","id":"f8e32ecf-6ac8-4748-86ec-f026490623c4","version":"7.4.0","type":"winlogbeat","ephemeral_id":"df5ad137-6594-4bd7-a3eb-e0eda670370c"},"log":{"level":"information"},"message":"Registry object added or deleted:\nRuleName: \nEventType: CreateKey\nUtcTime: 2019-10-28 02:31:41.408\nProcessGuid: {a158f72c-530d-5db6-0000-001062e9af00}\nProcessId: 3728\nImage: C:\\Windows\\system32\\certutil.exe\nTargetObject: HKLM\\SOFTWARE\\Microsoft"}
{"@timestamp":"2019-10-28T02:31:41.417Z","@metadata":{"beat":"winlogbeat","type":"_doc","version":"7.4.0","topic":"winlogbeat"},"winlog":{"api":"wineventlog","process":{"pid":3208,"thread":{"id":5108}},"record_id":271641,"opcode":"Info","version":2,"provider_name":"Microsoft-Windows-Sysmon","event_id":12,"channel":"Microsoft-Windows-Sysmon/Operational","task":"Registry object added or deleted (rule: RegistryEvent)","computer_name":"ACCT001.shire.com","user":{"type":"User","identifier":"S-1-5-18","name":"SYSTEM","domain":"NT AUTHORITY"},"provider_guid":"{5770385f-c22a-43e0-bf4c-06f5698ffbd9}","event_data":{"ProcessId":"3728","Image":"C:\\Windows\\system32\\certutil.exe","TargetObject":"HKLM\\SOFTWARE\\Microsoft\\Cryptography","EventType":"CreateKey","UtcTime":"2019-10-28 02:31:41.408","ProcessGuid":"{a158f72c-530d-5db6-0000-001062e9af00}"}},"event":{"kind":"event","code":12,"action":"Registry object added or deleted (rule: RegistryEvent)","created":"2019-10-28T02:31:42.477Z"},"log":{"level":"information"},"message":"Registry object added or deleted:\nRuleName: \nEventType: CreateKey\nUtcTime: 2019-10-28 02:31:41.408\nProcessGuid: {a158f72c-530d-5db6-0000-001062e9af00}\nProcessId: 3728\nImage: C:\\Windows\\system32\\certutil.exe\nTargetObject: HKLM\\SOFTWARE\\Microsoft\\Cryptography","ecs":{"version":"1.1.0"},"host":{"name":"WECServer"},"agent":{"type":"winlogbeat","ephemeral_id":"df5ad137-6594-4bd7-a3eb-e0eda670370c","hostname":"WECServer","id":"f8e32ecf-6ac8-4748-86ec-f026490623c4","version":"7.4.0"}}
{"@timestamp":"2019-10-28T02:31:41.417Z","@metadata":{"beat":"winlogbeat","type":"_doc","version":"7.4.0","topic":"winlogbeat"},"message":"Registry object added or deleted:\nRuleName: \nEventType: CreateKey\nUtcTime: 2019-10-28 02:31:41.408\nProcessGuid: {a158f72c-530d-5db6-0000-001062e9af00}\nProcessId: 3728\nImage: C:\\Windows\\system32\\certutil.exe\nTargetObject: HKLM\\SOFTWARE\\Microsoft\\Cryptography\\OID","winlog":{"provider_name":"Microsoft-Windows-Sysmon","api":"wineventlog","opcode":"Info","event_id":12,"user":{"type":"User","identifier":"S-1-5-18","name":"SYSTEM","domain":"NT AUTHORITY"},"provider_guid":"{5770385f-c22a-43e0-bf4c-06f5698ffbd9}","version":2,"channel":"Microsoft-Windows-Sysmon/Operational","record_id":271642,"task":"Registry object added or deleted (rule: RegistryEvent)","computer_name":"ACCT001.shire.com","process":{"pid":3208,"thread":{"id":5108}},"event_data":{"TargetObject":"HKLM\\SOFTWARE\\Microsoft\\Cryptography\\OID","EventType":"CreateKey","UtcTime":"2019-10-28 02:31:41.408","ProcessGuid":"{a158f72c-530d-5db6-0000-001062e9af00}","ProcessId":"3728","Image":"C:\\Windows\\system32\\certutil.exe"}},"event":{"created":"2019-10-28T02:31:42.477Z","kind":"event","code":12,"action":"Registry object added or deleted (rule: RegistryEvent)"},"log":{"level":"information"},"ecs":{"version":"1.1.0"},"host":{"name":"WECServer"},"agent":{"type":"winlogbeat","ephemeral_id":"df5ad137-6594-4bd7-a3eb-e0eda670370c","hostname":"WECServer","id":"f8e32ecf-6ac8-4748-86ec-f026490623c4","version":"7.4.0"}}
{"@timestamp":"2019-10-28T02:31:41.417Z","@metadata":{"beat":"winlogbeat","type":"_doc","version":"7.4.0","topic":"winlogbeat"},"message":"Registry object added or deleted:\nRuleName: \nEventType: CreateKey\nUtcTime: 2019-10-28 02:31:41.408\nProcessGuid: {a158f72c-530d-5db6-0000-001062e9af00}\nProcessId: 3728\nImage: C:\\Windows\\system32\\certutil.exe\nTargetObject: HKLM\\SOFTWARE\\Microsoft\\Cryptography\\OID\\EncodingType 0","winlog":{"api":"wineventlog","event_id":12,"computer_name":"ACCT001.shire.com","opcode":"Info","process":{"pid":3208,"thread":{"id":5108}},"user":{"identifier":"S-1-5-18","name":"SYSTEM","domain":"NT AUTHORITY","type":"User"},"version":2,"provider_guid":"{5770385f-c22a-43e0-bf4c-06f5698ffbd9}","event_data":{"UtcTime":"2019-10-28 02:31:41.408","ProcessGuid":"{a158f72c-530d-5db6-0000-001062e9af00}","ProcessId":"3728","Image":"C:\\Windows\\system32\\certutil.exe","TargetObject":"HKLM\\SOFTWARE\\Microsoft\\Cryptography\\OID\\EncodingType 0","EventType":"CreateKey"},"channel":"Microsoft-Windows-Sysmon/Operational","provider_name":"Microsoft-Windows-Sysmon","record_id":271643,"task":"Registry object added or deleted (rule: RegistryEvent)"},"event":{"code":12,"action":"Registry object added or deleted (rule: RegistryEvent)","created":"2019-10-28T02:31:42.477Z","kind":"event"},"host":{"name":"WECServer"},"agent":{"hostname":"WECServer","id":"f8e32ecf-6ac8-4748-86ec-f026490623c4","version":"7.4.0","type":"winlogbeat","ephemeral_id":"df5ad137-6594-4bd7-a3eb-e0eda670370c"},"ecs":{"version":"1.1.0"},"log":{"level":"information"}}
{"@timestamp":"2019-10-28T02:31:41.417Z","@metadata":{"beat":"winlogbeat","type":"_doc","version":"7.4.0","topic":"winlogbeat"},"message":"Registry object added or deleted:\nRuleName: \nEventType: CreateKey\nUtcTime: 2019-10-28 02:31:41.408\nProcessGuid: {a158f72c-530d-5db6-0000-001062e9af00}\nProcessId: 3728\nImage: C:\\Windows\\system32\\certutil.exe\nTargetObject: HKLM\\SOFTWARE\\Microsoft\\Cryptography\\OID\\EncodingType 0\\CryptDllFindOIDInfo","ecs":{"version":"1.1.0"},"host":{"name":"WECServer"},"agent":{"type":"winlogbeat","ephemeral_id":"df5ad137-6594-4bd7-a3eb-e0eda670370c","hostname":"WECServer","id":"f8e32ecf-6ac8-4748-86ec-f026490623c4","version":"7.4.0"},"winlog":{"event_id":12,"record_id":271644,"opcode":"Info","provider_guid":"{5770385f-c22a-43e0-bf4c-06f5698ffbd9}","process":{"pid":3208,"thread":{"id":5108}},"user":{"identifier":"S-1-5-18","name":"SYSTEM","domain":"NT AUTHORITY","type":"User"},"computer_name":"ACCT001.shire.com","version":2,"task":"Registry object added or deleted (rule: RegistryEvent)","api":"wineventlog","event_data":{"TargetObject":"HKLM\\SOFTWARE\\Microsoft\\Cryptography\\OID\\EncodingType 0\\CryptDllFindOIDInfo","EventType":"CreateKey","UtcTime":"2019-10-28 02:31:41.408","ProcessGuid":"{a158f72c-530d-5db6-0000-001062e9af00}","ProcessId":"3728","Image":"C:\\Windows\\system32\\certutil.exe"},"channel":"Microsoft-Windows-Sysmon/Operational","provider_name":"Microsoft-Windows-Sysmon"},"event":{"kind":"event","code":12,"action":"Registry object added or deleted (rule: RegistryEvent)","created":"2019-10-28T02:31:42.477Z"},"log":{"level":"information"}}
{"@timestamp":"2019-10-28T02:31:41.417Z","@metadata":{"beat":"winlogbeat","type":"_doc","version":"7.4.0","topic":"winlogbeat"},"winlog":{"user":{"identifier":"S-1-5-18","name":"SYSTEM","domain":"NT AUTHORITY","type":"User"},"task":"Registry object added or deleted (rule: RegistryEvent)","record_id":271645,"opcode":"Info","version":2,"process":{"pid":3208,"thread":{"id":5108}},"channel":"Microsoft-Windows-Sysmon/Operational","computer_name":"ACCT001.shire.com","event_id":12,"provider_name":"Microsoft-Windows-Sysmon","api":"wineventlog","provider_guid":"{5770385f-c22a-43e0-bf4c-06f5698ffbd9}","event_data":{"ProcessGuid":"{a158f72c-530d-5db6-0000-001062e9af00}","ProcessId":"3728","Image":"C:\\Windows\\system32\\certutil.exe","TargetObject":"HKLM\\SOFTWARE","EventType":"CreateKey","UtcTime":"2019-10-28 02:31:41.408"}},"event":{"kind":"event","code":12,"action":"Registry object added or deleted (rule: RegistryEvent)","created":"2019-10-28T02:31:42.477Z"},"log":{"level":"information"},"message":"Registry object added or deleted:\nRuleName: \nEventType: CreateKey\nUtcTime: 2019-10-28 02:31:41.408\nProcessGuid: {a158f72c-530d-5db6-0000-001062e9af00}\nProcessId: 3728\nImage: C:\\Windows\\system32\\certutil.exe\nTargetObject: HKLM\\SOFTWARE","ecs":{"version":"1.1.0"},"host":{"name":"WECServer"},"agent":{"type":"winlogbeat","ephemeral_id":"df5ad137-6594-4bd7-a3eb-e0eda670370c","hostname":"WECServer","id":"f8e32ecf-6ac8-4748-86ec-f026490623c4","version":"7.4.0"}}
{"@timestamp":"2019-10-28T02:31:41.417Z","@metadata":{"beat":"winlogbeat","type":"_doc","version":"7.4.0","topic":"winlogbeat"},"message":"Registry object added or deleted:\nRuleName: \nEventType: CreateKey\nUtcTime: 2019-10-28 02:31:41.408\nProcessGuid: {a158f72c-530d-5db6-0000-001062e9af00}\nProcessId: 3728\nImage: C:\\Windows\\system32\\certutil.exe\nTargetObject: HKLM\\SOFTWARE\\Microsoft","ecs":{"version":"1.1.0"},"host":{"name":"WECServer"},"agent":{"id":"f8e32ecf-6ac8-4748-86ec-f026490623c4","version":"7.4.0","type":"winlogbeat","ephemeral_id":"df5ad137-6594-4bd7-a3eb-e0eda670370c","hostname":"WECServer"},"winlog":{"record_id":271646,"task":"Registry object added or deleted (rule: RegistryEvent)","api":"wineventlog","process":{"pid":3208,"thread":{"id":5108}},"channel":"Microsoft-Windows-Sysmon/Operational","provider_name":"Microsoft-Windows-Sysmon","opcode":"Info","event_id":12,"user":{"type":"User","identifier":"S-1-5-18","name":"SYSTEM","domain":"NT AUTHORITY"},"event_data":{"Image":"C:\\Windows\\system32\\certutil.exe","TargetObject":"HKLM\\SOFTWARE\\Microsoft","EventType":"CreateKey","UtcTime":"2019-10-28 02:31:41.408","ProcessGuid":"{a158f72c-530d-5db6-0000-001062e9af00}","ProcessId":"3728"},"computer_name":"ACCT001.shire.com","provider_guid":"{5770385f-c22a-43e0-bf4c-06f5698ffbd9}","version":2},"event":{"kind":"event","code":12,"action":"Registry object added or deleted (rule: RegistryEvent)","created":"2019-10-28T02:31:42.477Z"},"log":{"level":"information"}}
{"@timestamp":"2019-10-28T02:31:41.417Z","@metadata":{"beat":"winlogbeat","type":"_doc","version":"7.4.0","topic":"winlogbeat"},"event":{"code":12,"action":"Registry object added or deleted (rule: RegistryEvent)","created":"2019-10-28T02:31:42.477Z","kind":"event"},"log":{"level":"information"},"message":"Registry object added or deleted:\nRuleName: \nEventType: CreateKey\nUtcTime: 2019-10-28 02:31:41.408\nProcessGuid: {a158f72c-530d-5db6-0000-001062e9af00}\nProcessId: 3728\nImage: C:\\Windows\\system32\\certutil.exe\nTargetObject: HKLM\\SOFTWARE\\Microsoft\\Cryptography","winlog":{"task":"Registry object added or deleted (rule: RegistryEvent)","record_id":271647,"opcode":"Info","api":"wineventlog","computer_name":"ACCT001.shire.com","process":{"pid":3208,"thread":{"id":5108}},"user":{"identifier":"S-1-5-18","name":"SYSTEM","domain":"NT AUTHORITY","type":"User"},"provider_name":"Microsoft-Windows-Sysmon","provider_guid":"{5770385f-c22a-43e0-bf4c-06f5698ffbd9}","event_data":{"UtcTime":"2019-10-28 02:31:41.408","ProcessGuid":"{a158f72c-530d-5db6-0000-001062e9af00}","ProcessId":"3728","Image":"C:\\Windows\\system32\\certutil.exe","TargetObject":"HKLM\\SOFTWARE\\Microsoft\\Cryptography","EventType":"CreateKey"},"channel":"Microsoft-Windows-Sysmon/Operational","version":2,"event_id":12},"ecs":{"version":"1.1.0"},"host":{"name":"WECServer"},"agent":{"type":"winlogbeat","ephemeral_id":"df5ad137-6594-4bd7-a3eb-e0eda670370c","hostname":"WECServer","id":"f8e32ecf-6ac8-4748-86ec-f026490623c4","version":"7.4.0"}}
{"@timestamp":"2019-10-28T02:31:41.417Z","@metadata":{"beat":"winlogbeat","type":"_doc","version":"7.4.0","topic":"winlogbeat"},"ecs":{"version":"1.1.0"},"host":{"name":"WECServer"},"agent":{"type":"winlogbeat","ephemeral_id":"df5ad137-6594-4bd7-a3eb-e0eda670370c","hostname":"WECServer","id":"f8e32ecf-6ac8-4748-86ec-f026490623c4","version":"7.4.0"},"winlog":{"opcode":"Info","user":{"type":"User","identifier":"S-1-5-18","name":"SYSTEM","domain":"NT AUTHORITY"},"event_data":{"EventType":"CreateKey","UtcTime":"2019-10-28 02:31:41.408","ProcessGuid":"{a158f72c-530d-5db6-0000-001062e9af00}","ProcessId":"3728","Image":"C:\\Windows\\system32\\certutil.exe","TargetObject":"HKLM\\SOFTWARE\\Microsoft\\Cryptography\\OID"},"channel":"Microsoft-Windows-Sysmon/Operational","provider_name":"Microsoft-Windows-Sysmon","process":{"pid":3208,"thread":{"id":5108}},"event_id":12,"version":2,"provider_guid":"{5770385f-c22a-43e0-bf4c-06f5698ffbd9}","api":"wineventlog","computer_name":"ACCT001.shire.com","record_id":271648,"task":"Registry object added or deleted (rule: RegistryEvent)"},"event":{"created":"2019-10-28T02:31:42.477Z","kind":"event","code":12,"action":"Registry object added or deleted (rule: RegistryEvent)"},"log":{"level":"information"},"message":"Registry object added or deleted:\nRuleName: \nEventType: CreateKey\nUtcTime: 2019-10-28 02:31:41.408\nProcessGuid: {a158f72c-530d-5db6-0000-001062e9af00}\nProcessId: 3728\nImage: C:\\Windows\\system32\\certutil.exe\nTargetObject: HKLM\\SOFTWARE\\Microsoft\\Cryptography\\OID"}
{"@timestamp":"2019-10-28T02:31:41.417Z","@metadata":{"beat":"winlogbeat","type":"_doc","version":"7.4.0","topic":"winlogbeat"},"agent":{"type":"winlogbeat","ephemeral_id":"df5ad137-6594-4bd7-a3eb-e0eda670370c","hostname":"WECServer","id":"f8e32ecf-6ac8-4748-86ec-f026490623c4","version":"7.4.0"},"ecs":{"version":"1.1.0"},"winlog":{"event_id":12,"version":2,"api":"wineventlog","user":{"domain":"NT AUTHORITY","type":"User","identifier":"S-1-5-18","name":"SYSTEM"},"event_data":{"Image":"C:\\Windows\\system32\\certutil.exe","TargetObject":"HKLM\\SOFTWARE\\Microsoft\\Cryptography\\OID\\EncodingType 0","EventType":"CreateKey","UtcTime":"2019-10-28 02:31:41.408","ProcessGuid":"{a158f72c-530d-5db6-0000-001062e9af00}","ProcessId":"3728"},"provider_name":"Microsoft-Windows-Sysmon","provider_guid":"{5770385f-c22a-43e0-bf4c-06f5698ffbd9}","process":{"thread":{"id":5108},"pid":3208},"channel":"Microsoft-Windows-Sysmon/Operational","record_id":271649,"computer_name":"ACCT001.shire.com","task":"Registry object added or deleted (rule: RegistryEvent)","opcode":"Info"},"event":{"kind":"event","code":12,"action":"Registry object added or deleted (rule: RegistryEvent)","created":"2019-10-28T02:31:42.477Z"},"log":{"level":"information"},"message":"Registry object added or deleted:\nRuleName: \nEventType: CreateKey\nUtcTime: 2019-10-28 02:31:41.408\nProcessGuid: {a158f72c-530d-5db6-0000-001062e9af00}\nProcessId: 3728\nImage: C:\\Windows\\system32\\certutil.exe\nTargetObject: HKLM\\SOFTWARE\\Microsoft\\Cryptography\\OID\\EncodingType 0","host":{"name":"WECServer"}}
{"@timestamp":"2019-10-28T02:31:41.417Z","@metadata":{"beat":"winlogbeat","type":"_doc","version":"7.4.0","topic":"winlogbeat"},"agent":{"hostname":"WECServer","id":"f8e32ecf-6ac8-4748-86ec-f026490623c4","version":"7.4.0","type":"winlogbeat","ephemeral_id":"df5ad137-6594-4bd7-a3eb-e0eda670370c"},"ecs":{"version":"1.1.0"},"winlog":{"user":{"identifier":"S-1-5-18","name":"SYSTEM","domain":"NT AUTHORITY","type":"User"},"event_data":{"EventType":"CreateKey","UtcTime":"2019-10-28 02:31:41.408","ProcessGuid":"{a158f72c-530d-5db6-0000-001062e9af00}","ProcessId":"3728","Image":"C:\\Windows\\system32\\certutil.exe","TargetObject":"HKLM\\SOFTWARE\\Microsoft\\Cryptography\\OID\\EncodingType 0\\CryptDllFindOIDInfo"},"task":"Registry object added or deleted (rule: RegistryEvent)","provider_guid":"{5770385f-c22a-43e0-bf4c-06f5698ffbd9}","channel":"Microsoft-Windows-Sysmon/Operational","provider_name":"Microsoft-Windows-Sysmon","opcode":"Info","process":{"pid":3208,"thread":{"id":5108}},"record_id":271650,"api":"wineventlog","version":2,"computer_name":"ACCT001.shire.com","event_id":12},"event":{"kind":"event","code":12,"action":"Registry object added or deleted (rule: RegistryEvent)","created":"2019-10-28T02:31:42.477Z"},"log":{"level":"information"},"message":"Registry object added or deleted:\nRuleName: \nEventType: CreateKey\nUtcTime: 2019-10-28 02:31:41.408\nProcessGuid: {a158f72c-530d-5db6-0000-001062e9af00}\nProcessId: 3728\nImage: C:\\Windows\\system32\\certutil.exe\nTargetObject: HKLM\\SOFTWARE\\Microsoft\\Cryptography\\OID\\EncodingType 0\\CryptDllFindOIDInfo","host":{"name":"WECServer"}}
{"@timestamp":"2019-10-28T02:31:41.417Z","@metadata":{"beat":"winlogbeat","type":"_doc","version":"7.4.0","topic":"winlogbeat"},"winlog":{"event_id":12,"provider_name":"Microsoft-Windows-Sysmon","event_data":{"EventType":"CreateKey","UtcTime":"2019-10-28 02:31:41.408","ProcessGuid":"{a158f72c-530d-5db6-0000-001062e9af00}","ProcessId":"3728","Image":"C:\\Windows\\system32\\certutil.exe","TargetObject":"HKLM\\SOFTWARE"},"user":{"type":"User","identifier":"S-1-5-18","name":"SYSTEM","domain":"NT AUTHORITY"},"channel":"Microsoft-Windows-Sysmon/Operational","record_id":271651,"task":"Registry object added or deleted (rule: RegistryEvent)","computer_name":"ACCT001.shire.com","version":2,"process":{"pid":3208,"thread":{"id":5108}},"api":"wineventlog","opcode":"Info","provider_guid":"{5770385f-c22a-43e0-bf4c-06f5698ffbd9}"},"event":{"kind":"event","code":12,"action":"Registry object added or deleted (rule: RegistryEvent)","created":"2019-10-28T02:31:42.477Z"},"log":{"level":"information"},"message":"Registry object added or deleted:\nRuleName: \nEventType: CreateKey\nUtcTime: 2019-10-28 02:31:41.408\nProcessGuid: {a158f72c-530d-5db6-0000-001062e9af00}\nProcessId: 3728\nImage: C:\\Windows\\system32\\certutil.exe\nTargetObject: HKLM\\SOFTWARE","ecs":{"version":"1.1.0"},"host":{"name":"WECServer"},"agent":{"ephemeral_id":"df5ad137-6594-4bd7-a3eb-e0eda670370c","hostname":"WECServer","id":"f8e32ecf-6ac8-4748-86ec-f026490623c4","version":"7.4.0","type":"winlogbeat"}}
{"@timestamp":"2019-10-28T02:31:41.417Z","@metadata":{"beat":"winlogbeat","type":"_doc","version":"7.4.0","topic":"winlogbeat"},"winlog":{"provider_name":"Microsoft-Windows-Sysmon","record_id":271652,"process":{"pid":3208,"thread":{"id":5108}},"user":{"identifier":"S-1-5-18","name":"SYSTEM","domain":"NT AUTHORITY","type":"User"},"provider_guid":"{5770385f-c22a-43e0-bf4c-06f5698ffbd9}","version":2,"event_id":12,"computer_name":"ACCT001.shire.com","channel":"Microsoft-Windows-Sysmon/Operational","task":"Registry object added or deleted (rule: RegistryEvent)","api":"wineventlog","opcode":"Info","event_data":{"EventType":"CreateKey","UtcTime":"2019-10-28 02:31:41.408","ProcessGuid":"{a158f72c-530d-5db6-0000-001062e9af00}","ProcessId":"3728","Image":"C:\\Windows\\system32\\certutil.exe","TargetObject":"HKLM\\SOFTWARE\\Microsoft"}},"event":{"code":12,"action":"Registry object added or deleted (rule: RegistryEvent)","created":"2019-10-28T02:31:42.478Z","kind":"event"},"log":{"level":"information"},"message":"Registry object added or deleted:\nRuleName: \nEventType: CreateKey\nUtcTime: 2019-10-28 02:31:41.408\nProcessGuid: {a158f72c-530d-5db6-0000-001062e9af00}\nProcessId: 3728\nImage: C:\\Windows\\system32\\certutil.exe\nTargetObject: HKLM\\SOFTWARE\\Microsoft","ecs":{"version":"1.1.0"},"host":{"name":"WECServer"},"agent":{"id":"f8e32ecf-6ac8-4748-86ec-f026490623c4","version":"7.4.0","type":"winlogbeat","ephemeral_id":"df5ad137-6594-4bd7-a3eb-e0eda670370c","hostname":"WECServer"}}
{"@timestamp":"2019-10-28T02:31:41.417Z","@metadata":{"beat":"winlogbeat","type":"_doc","version":"7.4.0","topic":"winlogbeat"},"message":"Registry object added or deleted:\nRuleName: \nEventType: CreateKey\nUtcTime: 2019-10-28 02:31:41.408\nProcessGuid: {a158f72c-530d-5db6-0000-001062e9af00}\nProcessId: 3728\nImage: C:\\Windows\\system32\\certutil.exe\nTargetObject: HKLM\\SOFTWARE\\Microsoft\\Cryptography","ecs":{"version":"1.1.0"},"host":{"name":"WECServer"},"agent":{"id":"f8e32ecf-6ac8-4748-86ec-f026490623c4","version":"7.4.0","type":"winlogbeat","ephemeral_id":"df5ad137-6594-4bd7-a3eb-e0eda670370c","hostname":"WECServer"},"winlog":{"channel":"Microsoft-Windows-Sysmon/Operational","task":"Registry object added or deleted (rule: RegistryEvent)","record_id":271653,"api":"wineventlog","process":{"pid":3208,"thread":{"id":5108}},"computer_name":"ACCT001.shire.com","user":{"identifier":"S-1-5-18","name":"SYSTEM","domain":"NT AUTHORITY","type":"User"},"event_data":{"ProcessId":"3728","Image":"C:\\Windows\\system32\\certutil.exe","TargetObject":"HKLM\\SOFTWARE\\Microsoft\\Cryptography","EventType":"CreateKey","UtcTime":"2019-10-28 02:31:41.408","ProcessGuid":"{a158f72c-530d-5db6-0000-001062e9af00}"},"provider_name":"Microsoft-Windows-Sysmon","opcode":"Info","provider_guid":"{5770385f-c22a-43e0-bf4c-06f5698ffbd9}","version":2,"event_id":12},"event":{"code":12,"action":"Registry object added or deleted (rule: RegistryEvent)","created":"2019-10-28T02:31:42.478Z","kind":"event"},"log":{"level":"information"}}
{"@timestamp":"2019-10-28T02:31:41.417Z","@metadata":{"beat":"winlogbeat","type":"_doc","version":"7.4.0","topic":"winlogbeat"},"message":"Registry object added or deleted:\nRuleName: \nEventType: CreateKey\nUtcTime: 2019-10-28 02:31:41.408\nProcessGuid: {a158f72c-530d-5db6-0000-001062e9af00}\nProcessId: 3728\nImage: C:\\Windows\\system32\\certutil.exe\nTargetObject: HKLM\\SOFTWARE\\Microsoft\\Cryptography\\OID","host":{"name":"WECServer"},"agent":{"ephemeral_id":"df5ad137-6594-4bd7-a3eb-e0eda670370c","hostname":"WECServer","id":"f8e32ecf-6ac8-4748-86ec-f026490623c4","version":"7.4.0","type":"winlogbeat"},"ecs":{"version":"1.1.0"},"winlog":{"provider_guid":"{5770385f-c22a-43e0-bf4c-06f5698ffbd9}","opcode":"Info","user":{"identifier":"S-1-5-18","name":"SYSTEM","domain":"NT AUTHORITY","type":"User"},"channel":"Microsoft-Windows-Sysmon/Operational","record_id":271654,"provider_name":"Microsoft-Windows-Sysmon","task":"Registry object added or deleted (rule: RegistryEvent)","api":"wineventlog","computer_name":"ACCT001.shire.com","process":{"pid":3208,"thread":{"id":5108}},"event_data":{"UtcTime":"2019-10-28 02:31:41.408","ProcessGuid":"{a158f72c-530d-5db6-0000-001062e9af00}","ProcessId":"3728","Image":"C:\\Windows\\system32\\certutil.exe","TargetObject":"HKLM\\SOFTWARE\\Microsoft\\Cryptography\\OID","EventType":"CreateKey"},"version":2,"event_id":12},"event":{"kind":"event","code":12,"action":"Registry object added or deleted (rule: RegistryEvent)","created":"2019-10-28T02:31:42.478Z"},"log":{"level":"information"}}
{"@timestamp":"2019-10-28T02:31:41.417Z","@metadata":{"beat":"winlogbeat","type":"_doc","version":"7.4.0","topic":"winlogbeat"},"message":"Registry object added or deleted:\nRuleName: \nEventType: CreateKey\nUtcTime: 2019-10-28 02:31:41.408\nProcessGuid: {a158f72c-530d-5db6-0000-001062e9af00}\nProcessId: 3728\nImage: C:\\Windows\\system32\\certutil.exe\nTargetObject: HKLM\\SOFTWARE\\Microsoft\\Cryptography\\OID\\EncodingType 0","winlog":{"event_id":12,"version":2,"process":{"pid":3208,"thread":{"id":5108}},"computer_name":"ACCT001.shire.com","provider_name":"Microsoft-Windows-Sysmon","task":"Registry object added or deleted (rule: RegistryEvent)","api":"wineventlog","provider_guid":"{5770385f-c22a-43e0-bf4c-06f5698ffbd9}","channel":"Microsoft-Windows-Sysmon/Operational","event_data":{"Image":"C:\\Windows\\system32\\certutil.exe","TargetObject":"HKLM\\SOFTWARE\\Microsoft\\Cryptography\\OID\\EncodingType 0","EventType":"CreateKey","UtcTime":"2019-10-28 02:31:41.408","ProcessGuid":"{a158f72c-530d-5db6-0000-001062e9af00}","ProcessId":"3728"},"user":{"type":"User","identifier":"S-1-5-18","name":"SYSTEM","domain":"NT AUTHORITY"},"opcode":"Info","record_id":271655},"ecs":{"version":"1.1.0"},"host":{"name":"WECServer"},"agent":{"id":"f8e32ecf-6ac8-4748-86ec-f026490623c4","version":"7.4.0","type":"winlogbeat","ephemeral_id":"df5ad137-6594-4bd7-a3eb-e0eda670370c","hostname":"WECServer"},"event":{"action":"Registry object added or deleted (rule: RegistryEvent)","created":"2019-10-28T02:31:42.478Z","kind":"event","code":12},"log":{"level":"information"}}
{"@timestamp":"2019-10-28T02:31:41.417Z","@metadata":{"beat":"winlogbeat","type":"_doc","version":"7.4.0","topic":"winlogbeat"},"host":{"name":"WECServer"},"agent":{"type":"winlogbeat","ephemeral_id":"df5ad137-6594-4bd7-a3eb-e0eda670370c","hostname":"WECServer","id":"f8e32ecf-6ac8-4748-86ec-f026490623c4","version":"7.4.0"},"winlog":{"user":{"name":"SYSTEM","domain":"NT AUTHORITY","type":"User","identifier":"S-1-5-18"},"provider_name":"Microsoft-Windows-Sysmon","version":2,"record_id":271656,"event_data":{"EventType":"CreateKey","UtcTime":"2019-10-28 02:31:41.408","ProcessGuid":"{a158f72c-530d-5db6-0000-001062e9af00}","ProcessId":"3728","Image":"C:\\Windows\\system32\\certutil.exe","TargetObject":"HKLM\\SOFTWARE\\Microsoft\\Cryptography\\OID\\EncodingType 0\\CryptDllFindOIDInfo"},"event_id":12,"opcode":"Info","process":{"pid":3208,"thread":{"id":5108}},"provider_guid":"{5770385f-c22a-43e0-bf4c-06f5698ffbd9}","channel":"Microsoft-Windows-Sysmon/Operational","task":"Registry object added or deleted (rule: RegistryEvent)","api":"wineventlog","computer_name":"ACCT001.shire.com"},"event":{"created":"2019-10-28T02:31:42.478Z","kind":"event","code":12,"action":"Registry object added or deleted (rule: RegistryEvent)"},"log":{"level":"information"},"message":"Registry object added or deleted:\nRuleName: \nEventType: CreateKey\nUtcTime: 2019-10-28 02:31:41.408\nProcessGuid: {a158f72c-530d-5db6-0000-001062e9af00}\nProcessId: 3728\nImage: C:\\Windows\\system32\\certutil.exe\nTargetObject: HKLM\\SOFTWARE\\Microsoft\\Cryptography\\OID\\EncodingType 0\\CryptDllFindOIDInfo","ecs":{"version":"1.1.0"}}
{"@timestamp":"2019-10-28T02:31:41.418Z","@metadata":{"beat":"winlogbeat","type":"_doc","version":"7.4.0","topic":"winlogbeat"},"winlog":{"channel":"Microsoft-Windows-Sysmon/Operational","record_id":271657,"provider_guid":"{5770385f-c22a-43e0-bf4c-06f5698ffbd9}","user":{"type":"User","identifier":"S-1-5-18","name":"SYSTEM","domain":"NT AUTHORITY"},"provider_name":"Microsoft-Windows-Sysmon","computer_name":"ACCT001.shire.com","version":3,"opcode":"Info","process":{"pid":3208,"thread":{"id":5108}},"event_data":{"ImageLoaded":"C:\\Windows\\System32\\cryptnet.dll","Signed":"true","ProcessId":"3728","Signature":"Microsoft Windows","Product":"Microsoft Windows Operating System","Hashes":"SHA1=614229D06C56C4A5E89AA41D5D79DC0FF2B1E06A,MD5=7F48D30FD7AF2898C58E78058B188361,SHA256=723563F8BB4D7FAFF5C1B202902866F8A0982B14E09E5E636EBAF2FA9B9100FE,IMPHASH=1BB913D1BE1C6B72F870212A6BB991F3","Image":"C:\\Windows\\System32\\certutil.exe","Description":"Crypto Network Related API","OriginalFileName":"CRYPTNET.DLL","UtcTime":"2019-10-28 02:31:41.408","Company":"Microsoft Corporation","ProcessGuid":"{a158f72c-530d-5db6-0000-001062e9af00}","FileVersion":"10.0.18362.1 (WinBuild.160101.0800)","SignatureStatus":"Valid"},"event_id":7,"task":"Image loaded (rule: ImageLoad)","api":"wineventlog"},"event":{"kind":"event","code":7,"action":"Image loaded (rule: ImageLoad)","created":"2019-10-28T02:31:42.478Z"},"log":{"level":"information"},"message":"Image loaded:\nRuleName: \nUtcTime: 2019-10-28 02:31:41.408\nProcessGuid: {a158f72c-530d-5db6-0000-001062e9af00}\nProcessId: 3728\nImage: C:\\Windows\\System32\\certutil.exe\nImageLoaded: C:\\Windows\\System32\\cryptnet.dll\nFileVersion: 10.0.18362.1 (WinBuild.160101.0800)\nDescription: Crypto Network Related API\nProduct: Microsoft Windows Operating System\nCompany: Microsoft Corporation\nOriginalFileName: CRYPTNET.DLL\nHashes: SHA1=614229D06C56C4A5E89AA41D5D79DC0FF2B1E06A,MD5=7F48D30FD7AF2898C58E78058B188361,SHA256=723563F8BB4D7FAFF5C1B202902866F8A0982B14E09E5E636EBAF2FA9B9100FE,IMPHASH=1BB913D1BE1C6B72F870212A6BB991F3\nSigned: true\nSignature: Microsoft Windows\nSignatureStatus: Valid","ecs":{"version":"1.1.0"},"host":{"name":"WECServer"},"agent":{"type":"winlogbeat","ephemeral_id":"df5ad137-6594-4bd7-a3eb-e0eda670370c","hostname":"WECServer","id":"f8e32ecf-6ac8-4748-86ec-f026490623c4","version":"7.4.0"}}
