{"@timestamp":"2019-10-28T02:31:42.239Z","@metadata":{"beat":"winlogbeat","type":"_doc","version":"7.4.0","topic":"winlogbeat"},"ecs":{"version":"1.1.0"},"host":{"name":"WECServer"},"agent":{"type":"winlogbeat","ephemeral_id":"df5ad137-6594-4bd7-a3eb-e0eda670370c","hostname":"WECServer","id":"f8e32ecf-6ac8-4748-86ec-f026490623c4","version":"7.4.0"},"winlog":{"record_id":271781,"api":"wineventlog","provider_guid":"{5770385f-c22a-43e0-bf4c-06f5698ffbd9}","event_data":{"ProcessGuid":"{a158f72c-530d-5db6-0000-001011f7af00}","ProcessId":"5204","Image":"C:\\Windows\\Microsoft.NET\\Framework64\\v4.0.30319\\InstallUtil.exe","TargetObject":"HKLM\\SOFTWARE\\Microsoft\\Tracing\\InstallUtil_RASAPI32\\FileTracingMask","Details":"DWORD (0xffff0000)","EventType":"SetValue","UtcTime":"2019-10-28 02:31:42.220"},"user":{"name":"SYSTEM","domain":"NT AUTHORITY","type":"User","identifier":"S-1-5-18"},"version":2,"provider_name":"Microsoft-Windows-Sysmon","task":"Registry value set (rule: RegistryEvent)","computer_name":"ACCT001.shire.com","opcode":"Info","process":{"thread":{"id":5108},"pid":3208},"channel":"Microsoft-Windows-Sysmon/Operational","event_id":13},"event":{"kind":"event","code":13,"action":"Registry value set (rule: RegistryEvent)","created":"2019-10-28T02:31:42.530Z"},"log":{"level":"information"},"message":"Registry value set:\nRuleName: \nEventType: SetValue\nUtcTime: 2019-10-28 02:31:42.220\nProcessGuid: {a158f72c-530d-5db6-0000-001011f7af00}\nProcessId: 5204\nImage: C:\\Windows\\Microsoft.NET\\Framework64\\v4.0.30319\\InstallUtil.exe\nTargetObject: HKLM\\SOFTWARE\\Microsoft\\Tracing\\InstallUtil_RASAPI32\\FileTracingMask\nDetails: DWORD (0xffff0000)"}
{"@timestamp":"2019-10-28T02:31:41.472Z","@metadata":{"beat":"winlogbeat","type":"_doc","version":"7.4.0","topic":"winlogbeat"},"log":{"level":"information"},"message":"The Windows Filtering Platform has permitted a bind to a local port.\n\nApplication Information:\n\tProcess ID:\t\t3728\n\tApplication Name:\t\\device\\harddiskvolume2\\windows\\system32\\certutil.exe\n\nNetwork Information:\n\tSource Address:\t\t0.0.0.0\n\tSource Port:\t\t54983\n\tProtocol:\t\t6\n\nFilter Information:\n\tFilter Run-Time ID:\t0\n\tLayer Name:\t\tResource Assignment\n\tLayer Run-Time ID:\t36","ecs":{"version":"1.1.0"},"host":{"name":"WECServer"},"agent":{"id":"f8e32ecf-6ac8-4748-86ec-f026490623c4","version":"7.4.0","type":"winlogbeat","ephemeral_id":"df5ad137-6594-4bd7-a3eb-e0eda670370c","hostname":"WECServer"},"winlog":{"channel":"security","event_id":5158,"task":"Filtering Platform Connection","computer_name":"ACCT001.shire.com","opcode":"Info","provider_name":"Microsoft-Windows-Security-Auditing","provider_guid":"{54849625-5478-4994-a5ba-3e3b0328c30d}","record_id":41345,"api":"wineventlog","keywords":["Audit Success"],"process":{"pid":4,"thread":{"id":8320}},"event_data":{"SourcePort":"54983","Protocol":"6","FilterRTID":"0","LayerName":"%%14608","LayerRTID":"36","ProcessId":"3728","Application":"\\device\\harddiskvolume2\\windows\\system32\\certutil.exe","SourceAddress":"0.0.0.0"}},"event":{"code":5158,"action":"Filtering Platform Connection","created":"2019-10-28T02:31:42.531Z","kind":"event"}}
{"@timestamp":"2019-10-28T02:31:42.239Z","@metadata":{"beat":"winlogbeat","type":"_doc","version":"7.4.0","topic":"winlogbeat"},"agent":{"id":"f8e32ecf-6ac8-4748-86ec-f026490623c4","version":"7.4.0","type":"winlogbeat","ephemeral_id":"df5ad137-6594-4bd7-a3eb-e0eda670370c","hostname":"WECServer"},"winlog":{"opcode":"Info","provider_name":"Microsoft-Windows-Sysmon","task":"Registry value set (rule: RegistryEvent)","event_data":{"ProcessGuid":"{a158f72c-530d-5db6-0000-001011f7af00}","ProcessId":"5204","Image":"C:\\Windows\\Microsoft.NET\\Framework64\\v4.0.30319\\InstallUtil.exe","TargetObject":"HKLM\\SOFTWARE\\Microsoft\\Tracing\\InstallUtil_RASAPI32\\ConsoleTracingMask","Details":"DWORD (0xffff0000)","EventType":"SetValue","UtcTime":"2019-10-28 02:31:42.220"},"channel":"Microsoft-Windows-Sysmon/Operational","api":"wineventlog","computer_name":"ACCT001.shire.com","process":{"thread":{"id":5108},"pid":3208},"user":{"domain":"NT AUTHORITY","type":"User","identifier":"S-1-5-18","name":"SYSTEM"},"event_id":13,"version":2,"record_id":271782,"provider_guid":"{5770385f-c22a-43e0-bf4c-06f5698ffbd9}"},"event":{"action":"Registry value set (rule: RegistryEvent)","created":"2019-10-28T02:31:42.531Z","kind":"event","code":13},"log":{"level":"information"},"message":"Registry value set:\nRuleName: \nEventType: SetValue\nUtcTime: 2019-10-28 02:31:42.220\nProcessGuid: {a158f72c-530d-5db6-0000-001011f7af00}\nProcessId: 5204\nImage: C:\\Windows\\Microsoft.NET\\Framework64\\v4.0.30319\\InstallUtil.exe\nTargetObject: HKLM\\SOFTWARE\\Microsoft\\Tracing\\InstallUtil_RASAPI32\\ConsoleTracingMask\nDetails: DWORD (0xffff0000)","ecs":{"version":"1.1.0"},"host":{"name":"WECServer"}}
{"@timestamp":"2019-10-28T02:31:41.472Z","@metadata":{"beat":"winlogbeat","type":"_doc","version":"7.4.0","topic":"winlogbeat"},"host":{"name":"WECServer"},"agent":{"type":"winlogbeat","ephemeral_id":"df5ad137-6594-4bd7-a3eb-e0eda670370c","hostname":"WECServer","id":"f8e32ecf-6ac8-4748-86ec-f026490623c4","version":"7.4.0"},"ecs":{"version":"1.1.0"},"log":{"level":"information"},"message":"The Windows Filtering Platform has permitted a connection.\n\nApplication Information:\n\tProcess ID:\t\t3728\n\tApplication Name:\t\\device\\harddiskvolume2\\windows\\system32\\certutil.exe\n\nNetwork Information:\n\tDirection:\t\tOutbound\n\tSource Address:\t\t172.18.39.100\n\tSource Port:\t\t54983\n\tDestination Address:\t172.18.39.8\n\tDestination Port:\t\t80\n\tProtocol:\t\t6\n\nFilter Information:\n\tFilter Run-Time ID:\t67260\n\tLayer Name:\t\tConnect\n\tLayer Run-Time ID:\t48","winlog":{"task":"Filtering Platform Connection","process":{"thread":{"id":8320},"pid":4},"keywords":["Audit Success"],"event_data":{"LayerName":"%%14611","LayerRTID":"48","Application":"\\device\\harddiskvolume2\\windows\\system32\\certutil.exe","Direction":"%%14593","DestAddress":"172.18.39.8","FilterRTID":"67260","ProcessID":"3728","Protocol":"6","RemoteMachineID":"S-1-0-0","RemoteUserID":"S-1-0-0","SourcePort":"54983","DestPort":"80","SourceAddress":"172.18.39.100"},"api":"wineventlog","computer_name":"ACCT001.shire.com","version":1,"opcode":"Info","provider_guid":"{54849625-5478-4994-a5ba-3e3b0328c30d}","channel":"security","event_id":5156,"provider_name":"Microsoft-Windows-Security-Auditing","record_id":41346},"event":{"kind":"event","code":5156,"action":"Filtering Platform Connection","created":"2019-10-28T02:31:42.531Z"}}
{"@timestamp":"2019-10-28T02:31:42.239Z","@metadata":{"beat":"winlogbeat","type":"_doc","version":"7.4.0","topic":"winlogbeat"},"message":"Registry value set:\nRuleName: \nEventType: SetValue\nUtcTime: 2019-10-28 02:31:42.220\nProcessGuid: {a158f72c-530d-5db6-0000-001011f7af00}\nProcessId: 5204\nImage: C:\\Windows\\Microsoft.NET\\Framework64\\v4.0.30319\\InstallUtil.exe\nTargetObject: HKLM\\SOFTWARE\\Microsoft\\Tracing\\InstallUtil_RASAPI32\\MaxFileSize\nDetails: DWORD (0x00100000)","ecs":{"version":"1.1.0"},"host":{"name":"WECServer"},"agent":{"ephemeral_id":"df5ad137-6594-4bd7-a3eb-e0eda670370c","hostname":"WECServer","id":"f8e32ecf-6ac8-4748-86ec-f026490623c4","version":"7.4.0","type":"winlogbeat"},"winlog":{"process":{"thread":{"id":5108},"pid":3208},"event_data":{"UtcTime":"2019-10-28 02:31:42.220","ProcessGuid":"{a158f72c-530d-5db6-0000-001011f7af00}","ProcessId":"5204","Image":"C:\\Windows\\Microsoft.NET\\Framework64\\v4.0.30319\\InstallUtil.exe","TargetObject":"HKLM\\SOFTWARE\\Microsoft\\Tracing\\InstallUtil_RASAPI32\\MaxFileSize","Details":"DWORD (0x00100000)","EventType":"SetValue"},"record_id":271783,"computer_name":"ACCT001.shire.com","opcode":"Info","provider_guid":"{5770385f-c22a-43e0-bf4c-06f5698ffbd9}","user":{"identifier":"S-1-5-18","name":"SYSTEM","domain":"NT AUTHORITY","type":"User"},"version":2,"task":"Registry value set (rule: RegistryEvent)","provider_name":"Microsoft-Windows-Sysmon","channel":"Microsoft-Windows-Sysmon/Operational","event_id":13,"api":"wineventlog"},"event":{"kind":"event","code":13,"action":"Registry value set (rule: RegistryEvent)","created":"2019-10-28T02:31:42.531Z"},"log":{"level":"information"}}
{"@timestamp":"2019-10-28T02:31:42.239Z","@metadata":{"beat":"winlogbeat","type":"_doc","version":"7.4.0","topic":"winlogbeat"},"host":{"name":"WECServer"},"agent":{"type":"winlogbeat","ephemeral_id":"df5ad137-6594-4bd7-a3eb-e0eda670370c","hostname":"WECServer","id":"f8e32ecf-6ac8-4748-86ec-f026490623c4","version":"7.4.0"},"event":{"kind":"event","code":13,"action":"Registry value set (rule: RegistryEvent)","created":"2019-10-28T02:31:42.531Z"},"log":{"level":"information"},"message":"Registry value set:\nRuleName: \nEventType: SetValue\nUtcTime: 2019-10-28 02:31:42.220\nProcessGuid: {a158f72c-530d-5db6-0000-001011f7af00}\nProcessId: 5204\nImage: C:\\Windows\\Microsoft.NET\\Framework64\\v4.0.30319\\InstallUtil.exe\nTargetObject: HKLM\\SOFTWARE\\Microsoft\\Tracing\\InstallUtil_RASAPI32\\FileDirectory\nDetails: %%windir%%\\tracing","winlog":{"task":"Registry value set (rule: RegistryEvent)","api":"wineventlog","opcode":"Info","provider_name":"Microsoft-Windows-Sysmon","event_data":{"UtcTime":"2019-10-28 02:31:42.220","ProcessGuid":"{a158f72c-530d-5db6-0000-001011f7af00}","ProcessId":"5204","Image":"C:\\Windows\\Microsoft.NET\\Framework64\\v4.0.30319\\InstallUtil.exe","TargetObject":"HKLM\\SOFTWARE\\Microsoft\\Tracing\\InstallUtil_RASAPI32\\FileDirectory","Details":"%%windir%%\\tracing","EventType":"SetValue"},"version":2,"user":{"type":"User","identifier":"S-1-5-18","name":"SYSTEM","domain":"NT AUTHORITY"},"computer_name":"ACCT001.shire.com","channel":"Microsoft-Windows-Sysmon/Operational","event_id":13,"record_id":271784,"provider_guid":"{5770385f-c22a-43e0-bf4c-06f5698ffbd9}","process":{"pid":3208,"thread":{"id":5108}}},"ecs":{"version":"1.1.0"}}
{"@timestamp":"2019-10-28T02:31:41.483Z","@metadata":{"beat":"winlogbeat","type":"_doc","version":"7.4.0","topic":"winlogbeat"},"winlog":{"channel":"security","event_id":4689,"record_id":41347,"event_data":{"SubjectLogonId":"0x6f86c","Status":"0x0","ProcessId":"0xe90","ProcessName":"C:\\Windows\\System32\\certutil.exe","SubjectUserSid":"S-1-5-21-2379224252-1048547738-3559495803-1113","SubjectUserName":"lrodriguez","SubjectDomainName":"shire"},"provider_name":"Microsoft-Windows-Security-Auditing","api":"wineventlog","keywords":["Audit Success"],"process":{"pid":4,"thread":{"id":5784}},"opcode":"Info","provider_guid":"{54849625-5478-4994-a5ba-3e3b0328c30d}","task":"Process Termination","computer_name":"ACCT001.shire.com"},"host":{"name":"WECServer"},"agent":{"ephemeral_id":"df5ad137-6594-4bd7-a3eb-e0eda670370c","hostname":"WECServer","id":"f8e32ecf-6ac8-4748-86ec-f026490623c4","version":"7.4.0","type":"winlogbeat"},"ecs":{"version":"1.1.0"},"event":{"action":"Process Termination","created":"2019-10-28T02:31:42.531Z","kind":"event","code":4689},"log":{"level":"information"},"message":"A process has exited.\n\nSubject:\n\tSecurity ID:\t\tS-1-5-21-2379224252-1048547738-3559495803-1113\n\tAccount Name:\t\tlrodriguez\n\tAccount Domain:\t\tshire\n\tLogon ID:\t\t0x6F86C\n\nProcess Information:\n\tProcess ID:\t0xe90\n\tProcess Name:\tC:\\Windows\\System32\\certutil.exe\n\tExit Status:\t0x0"}
{"@timestamp":"2019-10-28T02:31:42.239Z","@metadata":{"beat":"winlogbeat","type":"_doc","version":"7.4.0","topic":"winlogbeat"},"winlog":{"channel":"Microsoft-Windows-Sysmon/Operational","provider_guid":"{5770385f-c22a-43e0-bf4c-06f5698ffbd9}","computer_name":"ACCT001.shire.com","user":{"identifier":"S-1-5-18","name":"SYSTEM","domain":"NT AUTHORITY","type":"User"},"provider_name":"Microsoft-Windows-Sysmon","record_id":271785,"process":{"pid":3208,"thread":{"id":5108}},"event_data":{"ProcessGuid":"{a158f72c-530d-5db6-0000-001011f7af00}","ProcessId":"5204","Image":"C:\\Windows\\Microsoft.NET\\Framework64\\v4.0.30319\\InstallUtil.exe","TargetObject":"HKLM\\SOFTWARE\\Microsoft\\Tracing","EventType":"CreateKey","UtcTime":"2019-10-28 02:31:42.236"},"task":"Registry object added or deleted (rule: RegistryEvent)","api":"wineventlog","opcode":"Info","event_id":12,"version":2},"event":{"code":12,"action":"Registry object added or deleted (rule: RegistryEvent)","created":"2019-10-28T02:31:42.531Z","kind":"event"},"log":{"level":"information"},"message":"Registry object added or deleted:\nRuleName: \nEventType: CreateKey\nUtcTime: 2019-10-28 02:31:42.236\nProcessGuid: {a158f72c-530d-5db6-0000-001011f7af00}\nProcessId: 5204\nImage: C:\\Windows\\Microsoft.NET\\Framework64\\v4.0.30319\\InstallUtil.exe\nTargetObject: HKLM\\SOFTWARE\\Microsoft\\Tracing","ecs":{"version":"1.1.0"},"host":{"name":"WECServer"},"agent":{"id":"f8e32ecf-6ac8-4748-86ec-f026490623c4","version":"7.4.0","type":"winlogbeat","ephemeral_id":"df5ad137-6594-4bd7-a3eb-e0eda670370c","hostname":"WECServer"}}
{"@timestamp":"2019-10-28T02:31:41.531Z","@metadata":{"beat":"winlogbeat","type":"_doc","version":"7.4.0","topic":"winlogbeat"},"winlog":{"provider_guid":"{54849625-5478-4994-a5ba-3e3b0328c30d}","version":2,"api":"wineventlog","computer_name":"ACCT001.shire.com","process":{"pid":4,"thread":{"id":5784}},"event_data":{"SubjectUserSid":"S-1-5-21-2379224252-1048547738-3559495803-1113","NewProcessId":"0x1454","SubjectLogonId":"0x6f86c","TokenElevationType":"%%1936","ProcessId":"0xadc","TargetLogonId":"0x0","SubjectUserName":"lrodriguez","TargetDomainName":"-","MandatoryLabel":"S-1-16-8192","TargetUserName":"-","SubjectDomainName":"shire","NewProcessName":"C:\\Windows\\Microsoft.NET\\Framework64\\v4.0.30319\\InstallUtil.exe","TargetUserSid":"S-1-0-0","CommandLine":"\"C:\\Windows\\Microsoft.NET\\Framework64\\v4.0.30319\\InstallUtil.exe\" /logfile= /LogToConsole=false /u c:\\ProgramData\\util.dll","ParentProcessName":"C:\\Windows\\System32\\WindowsPowerShell\\v1.0\\powershell.exe"},"channel":"security","event_id":4688,"provider_name":"Microsoft-Windows-Security-Auditing","record_id":41348,"task":"Process Creation","keywords":["Audit Success"],"opcode":"Info"},"event":{"kind":"event","code":4688,"action":"Process Creation","created":"2019-10-28T02:31:42.531Z"},"log":{"level":"information"},"message":"A new process has been created.\n\nCreator Subject:\n\tSecurity ID:\t\tS-1-5-21-2379224252-1048547738-3559495803-1113\n\tAccount Name:\t\tlrodriguez\n\tAccount Domain:\t\tshire\n\tLogon ID:\t\t0x6F86C\n\nTarget Subject:\n\tSecurity ID:\t\tS-1-0-0\n\tAccount Name:\t\t-\n\tAccount Domain:\t\t-\n\tLogon ID:\t\t0x0\n\nProcess Information:\n\tNew Process ID:\t\t0x1454\n\tNew Process Name:\tC:\\Windows\\Microsoft.NET\\Framework64\\v4.0.30319\\InstallUtil.exe\n\tToken Elevation Type:\t%%1936\n\tMandatory Label:\t\tS-1-16-8192\n\tCreator Process ID:\t0xadc\n\tCreator Process Name:\tC:\\Windows\\System32\\WindowsPowerShell\\v1.0\\powershell.exe\n\tProcess Command Line:\t\"C:\\Windows\\Microsoft.NET\\Framework64\\v4.0.30319\\InstallUtil.exe\" /logfile= /LogToConsole=false /u c:\\ProgramData\\util.dll\n\nToken Elevation Type indicates the type of token that was assigned to the new process in accordance with User Account Control policy.\n\nType 1 is a full token with no privileges removed or groups disabled.  A full token is only used if User Account Control is disabled or if the user is the built-in Administrator account or a service account.\n\nType 2 is an elevated token with no privileges removed or groups disabled.  An elevated token is used when User Account Control is enabled and the user chooses to start the program using Run as administrator.  An elevated token is also used when an application is configured to always require administrative privilege or to always require maximum privilege, and the user is a member of the Administrators group.\n\nType 3 is a limited token with administrative privileges removed and administrative groups disabled.  The limited token is used when User Account Control is enabled, the application does not require administrative privilege, and the user does not choose to start the program using Run as administrator.","ecs":{"version":"1.1.0"},"host":{"name":"WECServer"},"agent":{"version":"7.4.0","type":"winlogbeat","ephemeral_id":"df5ad137-6594-4bd7-a3eb-e0eda670370c","hostname":"WECServer","id":"f8e32ecf-6ac8-4748-86ec-f026490623c4"}}
{"@timestamp":"2019-10-28T02:31:42.239Z","@metadata":{"beat":"winlogbeat","type":"_doc","version":"7.4.0","topic":"winlogbeat"},"log":{"level":"information"},"message":"Registry object added or deleted:\nRuleName: \nEventType: CreateKey\nUtcTime: 2019-10-28 02:31:42.236\nProcessGuid: {a158f72c-530d-5db6-0000-001011f7af00}\nProcessId: 5204\nImage: C:\\Windows\\Microsoft.NET\\Framework64\\v4.0.30319\\InstallUtil.exe\nTargetObject: HKLM\\SOFTWARE\\Microsoft\\Tracing\\InstallUtil_RASMANCS","ecs":{"version":"1.1.0"},"host":{"name":"WECServer"},"agent":{"hostname":"WECServer","id":"f8e32ecf-6ac8-4748-86ec-f026490623c4","version":"7.4.0","type":"winlogbeat","ephemeral_id":"df5ad137-6594-4bd7-a3eb-e0eda670370c"},"winlog":{"user":{"identifier":"S-1-5-18","name":"SYSTEM","domain":"NT AUTHORITY","type":"User"},"event_id":12,"api":"wineventlog","computer_name":"ACCT001.shire.com","provider_guid":"{5770385f-c22a-43e0-bf4c-06f5698ffbd9}","event_data":{"EventType":"CreateKey","UtcTime":"2019-10-28 02:31:42.236","ProcessGuid":"{a158f72c-530d-5db6-0000-001011f7af00}","ProcessId":"5204","Image":"C:\\Windows\\Microsoft.NET\\Framework64\\v4.0.30319\\InstallUtil.exe","TargetObject":"HKLM\\SOFTWARE\\Microsoft\\Tracing\\InstallUtil_RASMANCS"},"task":"Registry object added or deleted (rule: RegistryEvent)","record_id":271786,"opcode":"Info","version":2,"process":{"pid":3208,"thread":{"id":5108}},"channel":"Microsoft-Windows-Sysmon/Operational","provider_name":"Microsoft-Windows-Sysmon"},"event":{"kind":"event","code":12,"action":"Registry object added or deleted (rule: RegistryEvent)","created":"2019-10-28T02:31:42.531Z"}}
{"@timestamp":"2019-10-28T02:31:41.537Z","@metadata":{"beat":"winlogbeat","type":"_doc","version":"7.4.0","topic":"winlogbeat"},"winlog":{"record_id":41349,"task":"Sensitive Privilege Use","api":"wineventlog","event_data":{"ProcessId":"0x1454","Service":"-","PrivilegeList":"SeProfileSingleProcessPrivilege","ProcessName":"C:\\Windows\\Microsoft.NET\\Framework64\\v4.0.30319\\InstallUtil.exe","SubjectDomainName":"shire","ObjectServer":"Security","SubjectUserSid":"S-1-5-21-2379224252-1048547738-3559495803-1113","SubjectUserName":"lrodriguez","SubjectLogonId":"0x6f86c"},"channel":"security","computer_name":"ACCT001.shire.com","keywords":["Audit Failure"],"opcode":"Info","provider_name":"Microsoft-Windows-Security-Auditing","process":{"pid":4,"thread":{"id":5784}},"event_id":4673,"provider_guid":"{54849625-5478-4994-a5ba-3e3b0328c30d}"},"event":{"code":4673,"action":"Sensitive Privilege Use","created":"2019-10-28T02:31:42.531Z","kind":"event"},"log":{"level":"information"},"message":"A privileged service was called.\n\nSubject:\n\tSecurity ID:\t\tS-1-5-21-2379224252-1048547738-3559495803-1113\n\tAccount Name:\t\tlrodriguez\n\tAccount Domain:\t\tshire\n\tLogon ID:\t\t0x6F86C\n\nService:\n\tServer:\tSecurity\n\tService Name:\t-\n\nProcess:\n\tProcess ID:\t0x1454\n\tProcess Name:\tC:\\Windows\\Microsoft.NET\\Framework64\\v4.0.30319\\InstallUtil.exe\n\nService Request Information:\n\tPrivileges:\t\tSeProfileSingleProcessPrivilege","agent":{"hostname":"WECServer","id":"f8e32ecf-6ac8-4748-86ec-f026490623c4","version":"7.4.0","type":"winlogbeat","ephemeral_id":"df5ad137-6594-4bd7-a3eb-e0eda670370c"},"ecs":{"version":"1.1.0"},"host":{"name":"WECServer"}}
{"@timestamp":"2019-10-28T02:31:42.239Z","@metadata":{"beat":"winlogbeat","type":"_doc","version":"7.4.0","topic":"winlogbeat"},"winlog":{"version":2,"event_id":13,"user":{"name":"SYSTEM","domain":"NT AUTHORITY","type":"User","identifier":"S-1-5-18"},"api":"wineventlog","process":{"pid":3208,"thread":{"id":5108}},"event_data":{"Image":"C:\\Windows\\Microsoft.NET\\Framework64\\v4.0.30319\\InstallUtil.exe","TargetObject":"HKLM\\SOFTWARE\\Microsoft\\Tracing\\InstallUtil_RASMANCS\\EnableFileTracing","Details":"DWORD (0x00000000)","EventType":"SetValue","UtcTime":"2019-10-28 02:31:42.236","ProcessGuid":"{a158f72c-530d-5db6-0000-001011f7af00}","ProcessId":"5204"},"provider_guid":"{5770385f-c22a-43e0-bf4c-06f5698ffbd9}","provider_name":"Microsoft-Windows-Sysmon","task":"Registry value set (rule: RegistryEvent)","record_id":271787,"computer_name":"ACCT001.shire.com","opcode":"Info","channel":"Microsoft-Windows-Sysmon/Operational"},"event":{"kind":"event","code":13,"action":"Registry value set (rule: RegistryEvent)","created":"2019-10-28T02:31:42.531Z"},"log":{"level":"information"},"message":"Registry value set:\nRuleName: \nEventType: SetValue\nUtcTime: 2019-10-28 02:31:42.236\nProcessGuid: {a158f72c-530d-5db6-0000-001011f7af00}\nProcessId: 5204\nImage: C:\\Windows\\Microsoft.NET\\Framework64\\v4.0.30319\\InstallUtil.exe\nTargetObject: HKLM\\SOFTWARE\\Microsoft\\Tracing\\InstallUtil_RASMANCS\\EnableFileTracing\nDetails: DWORD (0x00000000)","ecs":{"version":"1.1.0"},"host":{"name":"WECServer"},"agent":{"hostname":"WECServer","id":"f8e32ecf-6ac8-4748-86ec-f026490623c4","version":"7.4.0","type":"winlogbeat","ephemeral_id":"df5ad137-6594-4bd7-a3eb-e0eda670370c"}}
{"@timestamp":"2019-10-28T02:31:41.556Z","@metadata":{"beat":"winlogbeat","type":"_doc","version":"7.4.0","topic":"winlogbeat"},"host":{"name":"WECServer"},"agent":{"id":"f8e32ecf-6ac8-4748-86ec-f026490623c4","version":"7.4.0","type":"winlogbeat","ephemeral_id":"df5ad137-6594-4bd7-a3eb-e0eda670370c","hostname":"WECServer"},"ecs":{"version":"1.1.0"},"event":{"action":"Sensitive Privilege Use","created":"2019-10-28T02:31:42.531Z","kind":"event","code":4673},"log":{"level":"information"},"message":"A privileged service was called.\n\nSubject:\n\tSecurity ID:\t\tS-1-5-21-2379224252-1048547738-3559495803-1113\n\tAccount Name:\t\tlrodriguez\n\tAccount Domain:\t\tshire\n\tLogon ID:\t\t0x6F86C\n\nService:\n\tServer:\tSecurity\n\tService Name:\t-\n\nProcess:\n\tProcess ID:\t0x1454\n\tProcess Name:\tC:\\Windows\\Microsoft.NET\\Framework64\\v4.0.30319\\InstallUtil.exe\n\nService Request Information:\n\tPrivileges:\t\tSeCreateGlobalPrivilege","winlog":{"computer_name":"ACCT001.shire.com","channel":"security","provider_name":"Microsoft-Windows-Security-Auditing","keywords":["Audit Failure"],"provider_guid":"{54849625-5478-4994-a5ba-3e3b0328c30d}","api":"wineventlog","process":{"pid":4,"thread":{"id":5784}},"event_id":4673,"opcode":"Info","event_data":{"SubjectDomainName":"shire","Service":"-","ProcessName":"C:\\Windows\\Microsoft.NET\\Framework64\\v4.0.30319\\InstallUtil.exe","ObjectServer":"Security","PrivilegeList":"SeCreateGlobalPrivilege","ProcessId":"0x1454","SubjectUserSid":"S-1-5-21-2379224252-1048547738-3559495803-1113","SubjectUserName":"lrodriguez","SubjectLogonId":"0x6f86c"},"record_id":41350,"task":"Sensitive Privilege Use"}}
{"@timestamp":"2019-10-28T02:31:42.269Z","@metadata":{"beat":"winlogbeat","type":"_doc","version":"7.4.0","topic":"winlogbeat"},"log":{"level":"information"},"message":"The Windows Filtering Platform has permitted a bind to a local port.\n\nApplication Information:\n\tProcess ID:\t\t5204\n\tApplication Name:\t\\device\\harddiskvolume2\\windows\\microsoft.net\\framework64\\v4.0.30319\\installutil.exe\n\nNetwork Information:\n\tSource Address:\t\t0.0.0.0\n\tSource Port:\t\t54984\n\tProtocol:\t\t6\n\nFilter Information:\n\tFilter Run-Time ID:\t0\n\tLayer Name:\t\tResource Assignment\n\tLayer Run-Time ID:\t36","agent":{"id":"f8e32ecf-6ac8-4748-86ec-f026490623c4","version":"7.4.0","type":"winlogbeat","ephemeral_id":"df5ad137-6594-4bd7-a3eb-e0eda670370c","hostname":"WECServer"},"ecs":{"version":"1.1.0"},"host":{"name":"WECServer"},"winlog":{"event_data":{"LayerName":"%%14608","LayerRTID":"36","ProcessId":"5204","Application":"\\device\\harddiskvolume2\\windows\\microsoft.net\\framework64\\v4.0.30319\\installutil.exe","SourceAddress":"0.0.0.0","SourcePort":"54984","Protocol":"6","FilterRTID":"0"},"keywords":["Audit Success"],"opcode":"Info","task":"Filtering Platform Connection","provider_guid":"{54849625-5478-4994-a5ba-3e3b0328c30d}","process":{"pid":4,"thread":{"id":5784}},"computer_name":"ACCT001.shire.com","channel":"security","event_id":5158,"provider_name":"Microsoft-Windows-Security-Auditing","record_id":41351,"api":"wineventlog"},"event":{"kind":"event","code":5158,"action":"Filtering Platform Connection","created":"2019-10-28T02:31:42.531Z"}}
{"@timestamp":"2019-10-28T02:31:42.239Z","@metadata":{"beat":"winlogbeat","type":"_doc","version":"7.4.0","topic":"winlogbeat"},"agent":{"hostname":"WECServer","id":"f8e32ecf-6ac8-4748-86ec-f026490623c4","version":"7.4.0","type":"winlogbeat","ephemeral_id":"df5ad137-6594-4bd7-a3eb-e0eda670370c"},"winlog":{"channel":"Microsoft-Windows-Sysmon/Operational","record_id":271788,"version":2,"event_data":{"ProcessGuid":"{a158f72c-530d-5db6-0000-001011f7af00}","ProcessId":"5204","Image":"C:\\Windows\\Microsoft.NET\\Framework64\\v4.0.30319\\InstallUtil.exe","TargetObject":"HKLM\\SOFTWARE\\Microsoft\\Tracing\\InstallUtil_RASMANCS\\EnableAutoFileTracing","Details":"DWORD (0x00000000)","EventType":"SetValue","UtcTime":"2019-10-28 02:31:42.236"},"process":{"pid":3208,"thread":{"id":5108}},"user":{"identifier":"S-1-5-18","name":"SYSTEM","domain":"NT AUTHORITY","type":"User"},"event_id":13,"provider_name":"Microsoft-Windows-Sysmon","api":"wineventlog","computer_name":"ACCT001.shire.com","provider_guid":"{5770385f-c22a-43e0-bf4c-06f5698ffbd9}","task":"Registry value set (rule: RegistryEvent)","opcode":"Info"},"event":{"code":13,"action":"Registry value set (rule: RegistryEvent)","created":"2019-10-28T02:31:42.531Z","kind":"event"},"log":{"level":"information"},"message":"Registry value set:\nRuleName: \nEventType: SetValue\nUtcTime: 2019-10-28 02:31:42.236\nProcessGuid: {a158f72c-530d-5db6-0000-001011f7af00}\nProcessId: 5204\nImage: C:\\Windows\\Microsoft.NET\\Framework64\\v4.0.30319\\InstallUtil.exe\nTargetObject: HKLM\\SOFTWARE\\Microsoft\\Tracing\\InstallUtil_RASMANCS\\EnableAutoFileTracing\nDetails: DWORD (0x00000000)","ecs":{"version":"1.1.0"},"host":{"name":"WECServer"}}
{"@timestamp":"2019-10-28T02:31:42.269Z","@metadata":{"beat":"winlogbeat","type":"_doc","version":"7.4.0","topic":"winlogbeat"},"host":{"name":"WECServer"},"agent":{"id":"f8e32ecf-6ac8-4748-86ec-f026490623c4","version":"7.4.0","type":"winlogbeat","ephemeral_id":"df5ad137-6594-4bd7-a3eb-e0eda670370c","hostname":"WECServer"},"ecs":{"version":"1.1.0"},"winlog":{"channel":"security","opcode":"Info","event_data":{"SourceAddress":"172.18.39.100","SourcePort":"54984","RemoteMachineID":"S-1-0-0","Application":"\\device\\harddiskvolume2\\windows\\microsoft.net\\framework64\\v4.0.30319\\installutil.exe","RemoteUserID":"S-1-0-0","LayerRTID":"48","Direction":"%%14593","FilterRTID":"67260","DestAddress":"172.18.39.8","ProcessID":"5204","LayerName":"%%14611","DestPort":"80","Protocol":"6"},"provider_name":"Microsoft-Windows-Security-Auditing","api":"wineventlog","event_id":5156,"task":"Filtering Platform Connection","computer_name":"ACCT001.shire.com","keywords":["Audit Success"],"record_id":41352,"process":{"pid":4,"thread":{"id":5784}},"provider_guid":"{54849625-5478-4994-a5ba-3e3b0328c30d}","version":1},"event":{"created":"2019-10-28T02:31:42.531Z","kind":"event","code":5156,"action":"Filtering Platform Connection"},"log":{"level":"information"},"message":"The Windows Filtering Platform has permitted a connection.\n\nApplication Information:\n\tProcess ID:\t\t5204\n\tApplication Name:\t\\device\\harddiskvolume2\\windows\\microsoft.net\\framework64\\v4.0.30319\\installutil.exe\n\nNetwork Information:\n\tDirection:\t\tOutbound\n\tSource Address:\t\t172.18.39.100\n\tSource Port:\t\t54984\n\tDestination Address:\t172.18.39.8\n\tDestination Port:\t\t80\n\tProtocol:\t\t6\n\nFilter Information:\n\tFilter Run-Time ID:\t67260\n\tLayer Name:\t\tConnect\n\tLayer Run-Time ID:\t48"}
{"@timestamp":"2019-10-28T02:31:42.239Z","@metadata":{"beat":"winlogbeat","type":"_doc","version":"7.4.0","topic":"winlogbeat"},"agent":{"id":"f8e32ecf-6ac8-4748-86ec-f026490623c4","version":"7.4.0","type":"winlogbeat","ephemeral_id":"df5ad137-6594-4bd7-a3eb-e0eda670370c","hostname":"WECServer"},"winlog":{"task":"Registry value set (rule: RegistryEvent)","api":"wineventlog","computer_name":"ACCT001.shire.com","channel":"Microsoft-Windows-Sysmon/Operational","event_data":{"TargetObject":"HKLM\\SOFTWARE\\Microsoft\\Tracing\\InstallUtil_RASMANCS\\EnableConsoleTracing","Details":"DWORD (0x00000000)","EventType":"SetValue","UtcTime":"2019-10-28 02:31:42.236","ProcessGuid":"{a158f72c-530d-5db6-0000-001011f7af00}","ProcessId":"5204","Image":"C:\\Windows\\Microsoft.NET\\Framework64\\v4.0.30319\\InstallUtil.exe"},"process":{"thread":{"id":5108},"pid":3208},"provider_name":"Microsoft-Windows-Sysmon","record_id":271789,"user":{"identifier":"S-1-5-18","name":"SYSTEM","domain":"NT AUTHORITY","type":"User"},"opcode":"Info","provider_guid":"{5770385f-c22a-43e0-bf4c-06f5698ffbd9}","version":2,"event_id":13},"event":{"code":13,"action":"Registry value set (rule: RegistryEvent)","created":"2019-10-28T02:31:42.531Z","kind":"event"},"log":{"level":"information"},"message":"Registry value set:\nRuleName: \nEventType: SetValue\nUtcTime: 2019-10-28 02:31:42.236\nProcessGuid: {a158f72c-530d-5db6-0000-001011f7af00}\nProcessId: 5204\nImage: C:\\Windows\\Microsoft.NET\\Framework64\\v4.0.30319\\InstallUtil.exe\nTargetObject: HKLM\\SOFTWARE\\Microsoft\\Tracing\\InstallUtil_RASMANCS\\EnableConsoleTracing\nDetails: DWORD (0x00000000)","ecs":{"version":"1.1.0"},"host":{"name":"WECServer"}}
{"@timestamp":"2019-10-28T02:31:42.239Z","@metadata":{"beat":"winlogbeat","type":"_doc","version":"7.4.0","topic":"winlogbeat"},"host":{"name":"WECServer"},"agent":{"id":"f8e32ecf-6ac8-4748-86ec-f026490623c4","version":"7.4.0","type":"winlogbeat","ephemeral_id":"df5ad137-6594-4bd7-a3eb-e0eda670370c","hostname":"WECServer"},"winlog":{"user":{"type":"User","identifier":"S-1-5-18","name":"SYSTEM","domain":"NT AUTHORITY"},"provider_name":"Microsoft-Windows-Sysmon","process":{"pid":3208,"thread":{"id":5108}},"provider_guid":"{5770385f-c22a-43e0-bf4c-06f5698ffbd9}","task":"Registry value set (rule: RegistryEvent)","api":"wineventlog","version":2,"channel":"Microsoft-Windows-Sysmon/Operational","event_id":13,"record_id":271790,"computer_name":"ACCT001.shire.com","opcode":"Info","event_data":{"ProcessId":"5204","Image":"C:\\Windows\\Microsoft.NET\\Framework64\\v4.0.30319\\InstallUtil.exe","TargetObject":"HKLM\\SOFTWARE\\Microsoft\\Tracing\\InstallUtil_RASMANCS\\FileTracingMask","Details":"DWORD (0xffff0000)","EventType":"SetValue","UtcTime":"2019-10-28 02:31:42.236","ProcessGuid":"{a158f72c-530d-5db6-0000-001011f7af00}"}},"event":{"action":"Registry value set (rule: RegistryEvent)","created":"2019-10-28T02:31:42.531Z","kind":"event","code":13},"log":{"level":"information"},"message":"Registry value set:\nRuleName: \nEventType: SetValue\nUtcTime: 2019-10-28 02:31:42.236\nProcessGuid: {a158f72c-530d-5db6-0000-001011f7af00}\nProcessId: 5204\nImage: C:\\Windows\\Microsoft.NET\\Framework64\\v4.0.30319\\InstallUtil.exe\nTargetObject: HKLM\\SOFTWARE\\Microsoft\\Tracing\\InstallUtil_RASMANCS\\FileTracingMask\nDetails: DWORD (0xffff0000)","ecs":{"version":"1.1.0"}}
{"@timestamp":"2019-10-28T02:31:42.239Z","@metadata":{"beat":"winlogbeat","type":"_doc","version":"7.4.0","topic":"winlogbeat"},"agent":{"type":"winlogbeat","ephemeral_id":"df5ad137-6594-4bd7-a3eb-e0eda670370c","hostname":"WECServer","id":"f8e32ecf-6ac8-4748-86ec-f026490623c4","version":"7.4.0"},"winlog":{"user":{"name":"SYSTEM","domain":"NT AUTHORITY","type":"User","identifier":"S-1-5-18"},"event_id":13,"opcode":"Info","channel":"Microsoft-Windows-Sysmon/Operational","task":"Registry value set (rule: RegistryEvent)","api":"wineventlog","process":{"pid":3208,"thread":{"id":5108}},"provider_name":"Microsoft-Windows-Sysmon","computer_name":"ACCT001.shire.com","version":2,"event_data":{"Image":"C:\\Windows\\Microsoft.NET\\Framework64\\v4.0.30319\\InstallUtil.exe","TargetObject":"HKLM\\SOFTWARE\\Microsoft\\Tracing\\InstallUtil_RASMANCS\\ConsoleTracingMask","Details":"DWORD (0xffff0000)","EventType":"SetValue","UtcTime":"2019-10-28 02:31:42.236","ProcessGuid":"{a158f72c-530d-5db6-0000-001011f7af00}","ProcessId":"5204"},"record_id":271791,"provider_guid":"{5770385f-c22a-43e0-bf4c-06f5698ffbd9}"},"event":{"kind":"event","code":13,"action":"Registry value set (rule: RegistryEvent)","created":"2019-10-28T02:31:42.531Z"},"log":{"level":"information"},"message":"Registry value set:\nRuleName: \nEventType: SetValue\nUtcTime: 2019-10-28 02:31:42.236\nProcessGuid: {a158f72c-530d-5db6-0000-001011f7af00}\nProcessId: 5204\nImage: C:\\Windows\\Microsoft.NET\\Framework64\\v4.0.30319\\InstallUtil.exe\nTargetObject: HKLM\\SOFTWARE\\Microsoft\\Tracing\\InstallUtil_RASMANCS\\ConsoleTracingMask\nDetails: DWORD (0xffff0000)","ecs":{"version":"1.1.0"},"host":{"name":"WECServer"}}
{"@timestamp":"2019-10-28T02:31:42.239Z","@metadata":{"beat":"winlogbeat","type":"_doc","version":"7.4.0","topic":"winlogbeat"},"ecs":{"version":"1.1.0"},"host":{"name":"WECServer"},"agent":{"type":"winlogbeat","ephemeral_id":"df5ad137-6594-4bd7-a3eb-e0eda670370c","hostname":"WECServer","id":"f8e32ecf-6ac8-4748-86ec-f026490623c4","version":"7.4.0"},"winlog":{"api":"wineventlog","provider_guid":"{5770385f-c22a-43e0-bf4c-06f5698ffbd9}","process":{"pid":3208,"thread":{"id":5108}},"task":"Registry value set (rule: RegistryEvent)","event_id":13,"provider_name":"Microsoft-Windows-Sysmon","user":{"identifier":"S-1-5-18","name":"SYSTEM","domain":"NT AUTHORITY","type":"User"},"version":2,"event_data":{"UtcTime":"2019-10-28 02:31:42.236","ProcessGuid":"{a158f72c-530d-5db6-0000-001011f7af00}","ProcessId":"5204","Image":"C:\\Windows\\Microsoft.NET\\Framework64\\v4.0.30319\\InstallUtil.exe","TargetObject":"HKLM\\SOFTWARE\\Microsoft\\Tracing\\InstallUtil_RASMANCS\\MaxFileSize","Details":"DWORD (0x00100000)","EventType":"SetValue"},"channel":"Microsoft-Windows-Sysmon/Operational","record_id":271792,"computer_name":"ACCT001.shire.com","opcode":"Info"},"event":{"kind":"event","code":13,"action":"Registry value set (rule: RegistryEvent)","created":"2019-10-28T02:31:42.531Z"},"log":{"level":"information"},"message":"Registry value set:\nRuleName: \nEventType: SetValue\nUtcTime: 2019-10-28 02:31:42.236\nProcessGuid: {a158f72c-530d-5db6-0000-001011f7af00}\nProcessId: 5204\nImage: C:\\Windows\\Microsoft.NET\\Framework64\\v4.0.30319\\InstallUtil.exe\nTargetObject: HKLM\\SOFTWARE\\Microsoft\\Tracing\\InstallUtil_RASMANCS\\MaxFileSize\nDetails: DWORD (0x00100000)"}
{"@timestamp":"2019-10-28T02:31:42.240Z","@metadata":{"beat":"winlogbeat","type":"_doc","version":"7.4.0","topic":"winlogbeat"},"ecs":{"version":"1.1.0"},"host":{"name":"WECServer"},"agent":{"type":"winlogbeat","ephemeral_id":"df5ad137-6594-4bd7-a3eb-e0eda670370c","hostname":"WECServer","id":"f8e32ecf-6ac8-4748-86ec-f026490623c4","version":"7.4.0"},"event":{"kind":"event","code":13,"action":"Registry value set (rule: RegistryEvent)","created":"2019-10-28T02:31:42.531Z"},"log":{"level":"information"},"message":"Registry value set:\nRuleName: \nEventType: SetValue\nUtcTime: 2019-10-28 02:31:42.236\nProcessGuid: {a158f72c-530d-5db6-0000-001011f7af00}\nProcessId: 5204\nImage: C:\\Windows\\Microsoft.NET\\Framework64\\v4.0.30319\\InstallUtil.exe\nTargetObject: HKLM\\SOFTWARE\\Microsoft\\Tracing\\InstallUtil_RASMANCS\\FileDirectory\nDetails: %%windir%%\\tracing","winlog":{"provider_name":"Microsoft-Windows-Sysmon","api":"wineventlog","event_data":{"ProcessGuid":"{a158f72c-530d-5db6-0000-001011f7af00}","ProcessId":"5204","Image":"C:\\Windows\\Microsoft.NET\\Framework64\\v4.0.30319\\InstallUtil.exe","TargetObject":"HKLM\\SOFTWARE\\Microsoft\\Tracing\\InstallUtil_RASMANCS\\FileDirectory","Details":"%%windir%%\\tracing","EventType":"SetValue","UtcTime":"2019-10-28 02:31:42.236"},"channel":"Microsoft-Windows-Sysmon/Operational","record_id":271793,"provider_guid":"{5770385f-c22a-43e0-bf4c-06f5698ffbd9}","event_id":13,"computer_name":"ACCT001.shire.com","opcode":"Info","version":2,"process":{"thread":{"id":5108},"pid":3208},"user":{"domain":"NT AUTHORITY","type":"User","identifier":"S-1-5-18","name":"SYSTEM"},"task":"Registry value set (rule: RegistryEvent)"}}
{"@timestamp":"2019-10-28T02:31:42.240Z","@metadata":{"beat":"winlogbeat","type":"_doc","version":"7.4.0","topic":"winlogbeat"},"event":{"code":12,"action":"Registry object added or deleted (rule: RegistryEvent)","created":"2019-10-28T02:31:42.531Z","kind":"event"},"log":{"level":"information"},"message":"Registry object added or deleted:\nRuleName: \nEventType: CreateKey\nUtcTime: 2019-10-28 02:31:42.236\nProcessGuid: {a158f72c-530d-5db6-0000-001011f7af00}\nProcessId: 5204\nImage: C:\\Windows\\Microsoft.NET\\Framework64\\v4.0.30319\\InstallUtil.exe\nTargetObject: HKLM\\SOFTWARE\\Microsoft\\Hvsi","ecs":{"version":"1.1.0"},"host":{"name":"WECServer"},"agent":{"type":"winlogbeat","ephemeral_id":"df5ad137-6594-4bd7-a3eb-e0eda670370c","hostname":"WECServer","id":"f8e32ecf-6ac8-4748-86ec-f026490623c4","version":"7.4.0"},"winlog":{"version":2,"provider_name":"Microsoft-Windows-Sysmon","task":"Registry object added or deleted (rule: RegistryEvent)","event_id":12,"api":"wineventlog","user":{"identifier":"S-1-5-18","name":"SYSTEM","domain":"NT AUTHORITY","type":"User"},"provider_guid":"{5770385f-c22a-43e0-bf4c-06f5698ffbd9}","process":{"pid":3208,"thread":{"id":5108}},"computer_name":"ACCT001.shire.com","opcode":"Info","channel":"Microsoft-Windows-Sysmon/Operational","record_id":271794,"event_data":{"ProcessId":"5204","Image":"C:\\Windows\\Microsoft.NET\\Framework64\\v4.0.30319\\InstallUtil.exe","TargetObject":"HKLM\\SOFTWARE\\Microsoft\\Hvsi","EventType":"CreateKey","UtcTime":"2019-10-28 02:31:42.236","ProcessGuid":"{a158f72c-530d-5db6-0000-001011f7af00}"}}}
{"@timestamp":"2019-10-28T02:31:42.240Z","@metadata":{"beat":"winlogbeat","type":"_doc","version":"7.4.0","topic":"winlogbeat"},"event":{"action":"Registry object added or deleted (rule: RegistryEvent)","created":"2019-10-28T02:31:42.531Z","kind":"event","code":12},"log":{"level":"information"},"message":"Registry object added or deleted:\nRuleName: \nEventType: CreateKey\nUtcTime: 2019-10-28 02:31:42.236\nProcessGuid: {a158f72c-530d-5db6-0000-001011f7af00}\nProcessId: 5204\nImage: C:\\Windows\\Microsoft.NET\\Framework64\\v4.0.30319\\InstallUtil.exe\nTargetObject: HKLM\\System\\CurrentControlSet\\Control\\Hvsi","ecs":{"version":"1.1.0"},"host":{"name":"WECServer"},"agent":{"type":"winlogbeat","ephemeral_id":"df5ad137-6594-4bd7-a3eb-e0eda670370c","hostname":"WECServer","id":"f8e32ecf-6ac8-4748-86ec-f026490623c4","version":"7.4.0"},"winlog":{"channel":"Microsoft-Windows-Sysmon/Operational","event_id":12,"provider_guid":"{5770385f-c22a-43e0-bf4c-06f5698ffbd9}","version":2,"user":{"type":"User","identifier":"S-1-5-18","name":"SYSTEM","domain":"NT AUTHORITY"},"event_data":{"Image":"C:\\Windows\\Microsoft.NET\\Framework64\\v4.0.30319\\InstallUtil.exe","TargetObject":"HKLM\\System\\CurrentControlSet\\Control\\Hvsi","EventType":"CreateKey","UtcTime":"2019-10-28 02:31:42.236","ProcessGuid":"{a158f72c-530d-5db6-0000-001011f7af00}","ProcessId":"5204"},"task":"Registry object added or deleted (rule: RegistryEvent)","api":"wineventlog","opcode":"Info","process":{"pid":3208,"thread":{"id":5108}},"computer_name":"ACCT001.shire.com","provider_name":"Microsoft-Windows-Sysmon","record_id":271795}}
{"@timestamp":"2019-10-28T02:31:42.243Z","@metadata":{"beat":"winlogbeat","type":"_doc","version":"7.4.0","topic":"winlogbeat"},"host":{"name":"WECServer"},"agent":{"type":"winlogbeat","ephemeral_id":"df5ad137-6594-4bd7-a3eb-e0eda670370c","hostname":"WECServer","id":"f8e32ecf-6ac8-4748-86ec-f026490623c4","version":"7.4.0"},"winlog":{"provider_name":"Microsoft-Windows-Sysmon","record_id":271796,"api":"wineventlog","event_id":7,"user":{"type":"User","identifier":"S-1-5-18","name":"SYSTEM","domain":"NT AUTHORITY"},"opcode":"Info","provider_guid":"{5770385f-c22a-43e0-bf4c-06f5698ffbd9}","process":{"pid":3208,"thread":{"id":5108}},"channel":"Microsoft-Windows-Sysmon/Operational","task":"Image loaded (rule: ImageLoad)","computer_name":"ACCT001.shire.com","version":3,"event_data":{"Product":"Microsoft Windows Operating System","Hashes":"SHA1=A1B34BD9B031B4E30FADF5C15A72205FB16D6F09,MD5=614D39388965D0E7B3DBE5B83C7CA164,SHA256=266A5502D91A16FDAD816E8C2BBE002BB33DEF30047E4058FD09512C87D3A23D,IMPHASH=E5E26C86BC73F56D7EDD17D98802AA21","UtcTime":"2019-10-28 02:31:42.236","Signed":"true","SignatureStatus":"Valid","OriginalFileName":"mswsock.dll","Description":"Microsoft Windows Sockets 2.0 Service Provider","ImageLoaded":"C:\\Windows\\System32\\mswsock.dll","Signature":"Microsoft Windows","ProcessGuid":"{a158f72c-530d-5db6-0000-001011f7af00}","Company":"Microsoft Corporation","FileVersion":"10.0.18362.1 (WinBuild.160101.0800)","ProcessId":"5204","Image":"C:\\Windows\\Microsoft.NET\\Framework64\\v4.0.30319\\InstallUtil.exe"}},"event":{"kind":"event","code":7,"action":"Image loaded (rule: ImageLoad)","created":"2019-10-28T02:31:42.531Z"},"log":{"level":"information"},"message":"Image loaded:\nRuleName: \nUtcTime: 2019-10-28 02:31:42.236\nProcessGuid: {a158f72c-530d-5db6-0000-001011f7af00}\nProcessId: 5204\nImage: C:\\Windows\\Microsoft.NET\\Framework64\\v4.0.30319\\InstallUtil.exe\nImageLoaded: C:\\Windows\\System32\\mswsock.dll\nFileVersion: 10.0.18362.1 (WinBuild.160101.0800)\nDescription: Microsoft Windows Sockets 2.0 Service Provider\nProduct: Microsoft Windows Operating System\nCompany: Microsoft Corporation\nOriginalFileName: mswsock.dll\nHashes: SHA1=A1B34BD9B031B4E30FADF5C15A72205FB16D6F09,MD5=614D39388965D0E7B3DBE5B83C7CA164,SHA256=266A5502D91A16FDAD816E8C2BBE002BB33DEF30047E4058FD09512C87D3A23D,IMPHASH=E5E26C86BC73F56D7EDD17D98802AA21\nSigned: true\nSignature: Microsoft Windows\nSignatureStatus: Valid","ecs":{"version":"1.1.0"}}
{"@timestamp":"2019-10-28T02:31:42.248Z","@metadata":{"beat":"winlogbeat","type":"_doc","version":"7.4.0","topic":"winlogbeat"},"log":{"level":"information"},"host":{"name":"WECServer"},"agent":{"hostname":"WECServer","id":"f8e32ecf-6ac8-4748-86ec-f026490623c4","version":"7.4.0","type":"winlogbeat","ephemeral_id":"df5ad137-6594-4bd7-a3eb-e0eda670370c"},"ecs":{"version":"1.1.0"},"message":"Image loaded:\nRuleName: \nUtcTime: 2019-10-28 02:31:42.220\nProcessGuid: {a158f72c-530d-5db6-0000-001011f7af00}\nProcessId: 5204\nImage: C:\\Windows\\Microsoft.NET\\Framework64\\v4.0.30319\\InstallUtil.exe\nImageLoaded: C:\\Windows\\System32\\rasapi32.dll\nFileVersion: 10.0.18362.1 (WinBuild.160101.0800)\nDescription: Remote Access API\nProduct: Microsoft Windows Operating System\nCompany: Microsoft Corporation\nOriginalFileName: rasapi32.dll\nHashes: SHA1=218583AA8C6A2A7508EB8BE01FF06547A9C8D990,MD5=3B464CA61028635618673B4681397CD1,SHA256=599EE94E7EF6A292C4C0039EEB19718BD316583FF302EB2D7AC98D1CC34EA315,IMPHASH=203436624F20FCA7E9892A00E3DEC48F\nSigned: true\nSignature: Microsoft Windows\nSignatureStatus: Valid","winlog":{"event_id":7,"user":{"type":"User","identifier":"S-1-5-18","name":"SYSTEM","domain":"NT AUTHORITY"},"event_data":{"ImageLoaded":"C:\\Windows\\System32\\rasapi32.dll","SignatureStatus":"Valid","ProcessGuid":"{a158f72c-530d-5db6-0000-001011f7af00}","Signature":"Microsoft Windows","Image":"C:\\Windows\\Microsoft.NET\\Framework64\\v4.0.30319\\InstallUtil.exe","OriginalFileName":"rasapi32.dll","Signed":"true","Product":"Microsoft Windows Operating System","Company":"Microsoft Corporation","Hashes":"SHA1=218583AA8C6A2A7508EB8BE01FF06547A9C8D990,MD5=3B464CA61028635618673B4681397CD1,SHA256=599EE94E7EF6A292C4C0039EEB19718BD316583FF302EB2D7AC98D1CC34EA315,IMPHASH=203436624F20FCA7E9892A00E3DEC48F","FileVersion":"10.0.18362.1 (WinBuild.160101.0800)","Description":"Remote Access API","UtcTime":"2019-10-28 02:31:42.220","ProcessId":"5204"},"api":"wineventlog","computer_name":"ACCT001.shire.com","opcode":"Info","provider_guid":"{5770385f-c22a-43e0-bf4c-06f5698ffbd9}","version":3,"task":"Image loaded (rule: ImageLoad)","process":{"pid":3208,"thread":{"id":5116}},"channel":"Microsoft-Windows-Sysmon/Operational","provider_name":"Microsoft-Windows-Sysmon","record_id":271797},"event":{"created":"2019-10-28T02:31:42.531Z","kind":"event","code":7,"action":"Image loaded (rule: ImageLoad)"}}
{"@timestamp":"2019-10-28T02:31:42.258Z","@metadata":{"beat":"winlogbeat","type":"_doc","version":"7.4.0","topic":"winlogbeat"},"ecs":{"version":"1.1.0"},"host":{"name":"WECServer"},"agent":{"type":"winlogbeat","ephemeral_id":"df5ad137-6594-4bd7-a3eb-e0eda670370c","hostname":"WECServer","id":"f8e32ecf-6ac8-4748-86ec-f026490623c4","version":"7.4.0"},"message":"Image loaded:\nRuleName: \nUtcTime: 2019-10-28 02:31:42.220\nProcessGuid: {a158f72c-530d-5db6-0000-001011f7af00}\nProcessId: 5204\nImage: C:\\Windows\\Microsoft.NET\\Framework64\\v4.0.30319\\InstallUtil.exe\nImageLoaded: C:\\Windows\\System32\\rasman.dll\nFileVersion: 10.0.18362.1 (WinBuild.160101.0800)\nDescription: Remote Access Connection Manager\nProduct: Microsoft Windows Operating System\nCompany: Microsoft Corporation\nOriginalFileName: Rasman.dll\nHashes: SHA1=0B50337E75AFB93240FC7E49045CC3141DCFC01B,MD5=84587E382BC8AA17CEA1128AFAD459B7,SHA256=AA1EFC39F6C3469932F816E17EA3A87BB3DFF8265D571322234435C691EED314,IMPHASH=4FB0C8ACCF918806EAFFAE9F49027D05\nSigned: true\nSignature: Microsoft Windows\nSignatureStatus: Valid","winlog":{"event_id":7,"computer_name":"ACCT001.shire.com","opcode":"Info","process":{"thread":{"id":5116},"pid":3208},"event_data":{"Signed":"true","Company":"Microsoft Corporation","Image":"C:\\Windows\\Microsoft.NET\\Framework64\\v4.0.30319\\InstallUtil.exe","ImageLoaded":"C:\\Windows\\System32\\rasman.dll","Product":"Microsoft Windows Operating System","SignatureStatus":"Valid","ProcessId":"5204","FileVersion":"10.0.18362.1 (WinBuild.160101.0800)","UtcTime":"2019-10-28 02:31:42.220","Signature":"Microsoft Windows","Hashes":"SHA1=0B50337E75AFB93240FC7E49045CC3141DCFC01B,MD5=84587E382BC8AA17CEA1128AFAD459B7,SHA256=AA1EFC39F6C3469932F816E17EA3A87BB3DFF8265D571322234435C691EED314,IMPHASH=4FB0C8ACCF918806EAFFAE9F49027D05","ProcessGuid":"{a158f72c-530d-5db6-0000-001011f7af00}","Description":"Remote Access Connection Manager","OriginalFileName":"Rasman.dll"},"provider_name":"Microsoft-Windows-Sysmon","provider_guid":"{5770385f-c22a-43e0-bf4c-06f5698ffbd9}","user":{"type":"User","identifier":"S-1-5-18","name":"SYSTEM","domain":"NT AUTHORITY"},"record_id":271798,"version":3,"channel":"Microsoft-Windows-Sysmon/Operational","task":"Image loaded (rule: ImageLoad)","api":"wineventlog"},"event":{"action":"Image loaded (rule: ImageLoad)","created":"2019-10-28T02:31:42.531Z","kind":"event","code":7},"log":{"level":"information"}}
