{"@timestamp":"2019-10-28T02:31:41.419Z","@metadata":{"beat":"winlogbeat","type":"_doc","version":"7.4.0","topic":"winlogbeat"},"agent":{"type":"winlogbeat","ephemeral_id":"df5ad137-6594-4bd7-a3eb-e0eda670370c","hostname":"WECServer","id":"f8e32ecf-6ac8-4748-86ec-f026490623c4","version":"7.4.0"},"ecs":{"version":"1.1.0"},"event":{"created":"2019-10-28T02:31:42.478Z","kind":"event","code":7,"action":"Image loaded (rule: ImageLoad)"},"log":{"level":"information"},"message":"Image loaded:\nRuleName: \nUtcTime: 2019-10-28 02:31:41.408\nProcessGuid: {a158f72c-530d-5db6-0000-001062e9af00}\nProcessId: 3728\nImage: C:\\Windows\\System32\\certutil.exe\nImageLoaded: C:\\Windows\\System32\\winhttp.dll\nFileVersion: 10.0.18362.1 (WinBuild.160101.0800)\nDescription: Windows HTTP Services\nProduct: Microsoft Windows Operating System\nCompany: Microsoft Corporation\nOriginalFileName: winhttp.dll\nHashes: SHA1=6B1A5640C5685ABD80FC396F21511724C5F538F5,MD5=BFE8E078140A14FE3F2024BFC1B0E075,SHA256=07C9217AC0B68F5CFC130E76DA704EE8AE4B4623AD3F4518732A3B6073A82513,IMPHASH=7797C1B2797DC9ADD45C8EA64BBB46BB\nSigned: true\nSignature: Microsoft Windows\nSignatureStatus: Valid","winlog":{"channel":"Microsoft-Windows-Sysmon/Operational","event_id":7,"provider_name":"Microsoft-Windows-Sysmon","opcode":"Info","version":3,"record_id":271658,"computer_name":"ACCT001.shire.com","user":{"name":"SYSTEM","domain":"NT AUTHORITY","type":"User","identifier":"S-1-5-18"},"event_data":{"Signature":"Microsoft Windows","ProcessGuid":"{a158f72c-530d-5db6-0000-001062e9af00}","ImageLoaded":"C:\\Windows\\System32\\winhttp.dll","Company":"Microsoft Corporation","Signed":"true","ProcessId":"3728","UtcTime":"2019-10-28 02:31:41.408","Product":"Microsoft Windows Operating System","Description":"Windows HTTP Services","Image":"C:\\Windows\\System32\\certutil.exe","OriginalFileName":"winhttp.dll","FileVersion":"10.0.18362.1 (WinBuild.160101.0800)","SignatureStatus":"Valid","Hashes":"SHA1=6B1A5640C5685ABD80FC396F21511724C5F538F5,MD5=BFE8E078140A14FE3F2024BFC1B0E075,SHA256=07C9217AC0B68F5CFC130E76DA704EE8AE4B4623AD3F4518732A3B6073A82513,IMPHASH=7797C1B2797DC9ADD45C8EA64BBB46BB"},"task":"Image loaded (rule: ImageLoad)","api":"wineventlog","provider_guid":"{5770385f-c22a-43e0-bf4c-06f5698ffbd9}","process":{"thread":{"id":5108},"pid":3208}},"host":{"name":"WECServer"}}
{"@timestamp":"2019-10-28T02:31:41.421Z","@metadata":{"beat":"winlogbeat","type":"_doc","version":"7.4.0","topic":"winlogbeat"},"log":{"level":"information"},"message":"Image loaded:\nRuleName: \nUtcTime: 2019-10-28 02:31:41.408\nProcessGuid: {a158f72c-530d-5db6-0000-001062e9af00}\nProcessId: 3728\nImage: C:\\Windows\\System32\\certutil.exe\nImageLoaded: C:\\Windows\\System32\\OnDemandConnRouteHelper.dll\nFileVersion: 10.0.18362.1 (WinBuild.160101.0800)\nDescription: On Demand Connctiond Route Helper\nProduct: Microsoft Windows Operating System\nCompany: Microsoft Corporation\nOriginalFileName: OnDemandConnRouteHelper.dll\nHashes: SHA1=CB0FED80A33581425BBEA334D9185F63C5EE315F,MD5=9D1E318E09783AFBBF2F51D6E9950662,SHA256=48C0E264A522173740EBD7627900BE7E6FEDAEE2264F67A00E78D4A6D76865D8,IMPHASH=83BEA6248DF8A10A1D9DF229B452B69F\nSigned: true\nSignature: Microsoft Windows\nSignatureStatus: Valid","ecs":{"version":"1.1.0"},"host":{"name":"WECServer"},"agent":{"hostname":"WECServer","id":"f8e32ecf-6ac8-4748-86ec-f026490623c4","version":"7.4.0","type":"winlogbeat","ephemeral_id":"df5ad137-6594-4bd7-a3eb-e0eda670370c"},"winlog":{"event_id":7,"record_id":271659,"task":"Image loaded (rule: ImageLoad)","channel":"Microsoft-Windows-Sysmon/Operational","provider_guid":"{5770385f-c22a-43e0-bf4c-06f5698ffbd9}","computer_name":"ACCT001.shire.com","version":3,"process":{"thread":{"id":5108},"pid":3208},"api":"wineventlog","opcode":"Info","user":{"name":"SYSTEM","domain":"NT AUTHORITY","type":"User","identifier":"S-1-5-18"},"event_data":{"Hashes":"SHA1=CB0FED80A33581425BBEA334D9185F63C5EE315F,MD5=9D1E318E09783AFBBF2F51D6E9950662,SHA256=48C0E264A522173740EBD7627900BE7E6FEDAEE2264F67A00E78D4A6D76865D8,IMPHASH=83BEA6248DF8A10A1D9DF229B452B69F","UtcTime":"2019-10-28 02:31:41.408","Description":"On Demand Connctiond Route Helper","ImageLoaded":"C:\\Windows\\System32\\OnDemandConnRouteHelper.dll","SignatureStatus":"Valid","ProcessId":"3728","ProcessGuid":"{a158f72c-530d-5db6-0000-001062e9af00}","Signature":"Microsoft Windows","Image":"C:\\Windows\\System32\\certutil.exe","Signed":"true","FileVersion":"10.0.18362.1 (WinBuild.160101.0800)","Product":"Microsoft Windows Operating System","Company":"Microsoft Corporation","OriginalFileName":"OnDemandConnRouteHelper.dll"},"provider_name":"Microsoft-Windows-Sysmon"},"event":{"kind":"event","code":7,"action":"Image loaded (rule: ImageLoad)","created":"2019-10-28T02:31:42.478Z"}}
{"@timestamp":"2019-10-28T02:31:41.422Z","@metadata":{"beat":"winlogbeat","type":"_doc","version":"7.4.0","topic":"winlogbeat"},"message":"Image loaded:\nRuleName: \nUtcTime: 2019-10-28 02:31:41.408\nProcessGuid: {a158f72c-530d-5db6-0000-001062e9af00}\nProcessId: 3728\nImage: C:\\Windows\\System32\\certutil.exe\nImageLoaded: C:\\Windows\\System32\\mswsock.dll\nFileVersion: 10.0.18362.1 (WinBuild.160101.0800)\nDescription: Microsoft Windows Sockets 2.0 Service Provider\nProduct: Microsoft Windows Operating System\nCompany: Microsoft Corporation\nOriginalFileName: mswsock.dll\nHashes: SHA1=A1B34BD9B031B4E30FADF5C15A72205FB16D6F09,MD5=614D39388965D0E7B3DBE5B83C7CA164,SHA256=266A5502D91A16FDAD816E8C2BBE002BB33DEF30047E4058FD09512C87D3A23D,IMPHASH=E5E26C86BC73F56D7EDD17D98802AA21\nSigned: true\nSignature: Microsoft Windows\nSignatureStatus: Valid","ecs":{"version":"1.1.0"},"host":{"name":"WECServer"},"agent":{"type":"winlogbeat","ephemeral_id":"df5ad137-6594-4bd7-a3eb-e0eda670370c","hostname":"WECServer","id":"f8e32ecf-6ac8-4748-86ec-f026490623c4","version":"7.4.0"},"winlog":{"event_id":7,"provider_name":"Microsoft-Windows-Sysmon","task":"Image loaded (rule: ImageLoad)","api":"wineventlog","process":{"pid":3208,"thread":{"id":5108}},"computer_name":"ACCT001.shire.com","version":3,"channel":"Microsoft-Windows-Sysmon/Operational","provider_guid":"{5770385f-c22a-43e0-bf4c-06f5698ffbd9}","user":{"type":"User","identifier":"S-1-5-18","name":"SYSTEM","domain":"NT AUTHORITY"},"record_id":271660,"event_data":{"FileVersion":"10.0.18362.1 (WinBuild.160101.0800)","Description":"Microsoft Windows Sockets 2.0 Service Provider","ProcessGuid":"{a158f72c-530d-5db6-0000-001062e9af00}","SignatureStatus":"Valid","Product":"Microsoft Windows Operating System","Company":"Microsoft Corporation","ImageLoaded":"C:\\Windows\\System32\\mswsock.dll","Image":"C:\\Windows\\System32\\certutil.exe","Signature":"Microsoft Windows","OriginalFileName":"mswsock.dll","ProcessId":"3728","Signed":"true","UtcTime":"2019-10-28 02:31:41.408","Hashes":"SHA1=A1B34BD9B031B4E30FADF5C15A72205FB16D6F09,MD5=614D39388965D0E7B3DBE5B83C7CA164,SHA256=266A5502D91A16FDAD816E8C2BBE002BB33DEF30047E4058FD09512C87D3A23D,IMPHASH=E5E26C86BC73F56D7EDD17D98802AA21"},"opcode":"Info"},"event":{"kind":"event","code":7,"action":"Image loaded (rule: ImageLoad)","created":"2019-10-28T02:31:42.478Z"},"log":{"level":"information"}}
{"@timestamp":"2019-10-28T02:31:41.423Z","@metadata":{"beat":"winlogbeat","type":"_doc","version":"7.4.0","topic":"winlogbeat"},"message":"Image loaded:\nRuleName: \nUtcTime: 2019-10-28 02:31:41.408\nProcessGuid: {a158f72c-530d-5db6-0000-001062e9af00}\nProcessId: 3728\nImage: C:\\Windows\\System32\\certutil.exe\nImageLoaded: C:\\Windows\\System32\\IPHLPAPI.DLL\nFileVersion: 10.0.18362.1 (WinBuild.160101.0800)\nDescription: IP Helper API\nProduct: Microsoft Windows Operating System\nCompany: Microsoft Corporation\nOriginalFileName: iphlpapi.dll\nHashes: SHA1=9414EC114C3389E0A7BC2FD986E00946E1A2A299,MD5=3929147A2A34B0902152C7D0F241B02A,SHA256=AD1C5309AA873F6A284EABE382812868E20C3D3D64197F3E6EF9D015EA060CAA,IMPHASH=6EC28633CC4ECB9F457795DD7E00B34B\nSigned: true\nSignature: Microsoft Windows\nSignatureStatus: Valid","winlog":{"provider_guid":"{5770385f-c22a-43e0-bf4c-06f5698ffbd9}","process":{"pid":3208,"thread":{"id":5108}},"channel":"Microsoft-Windows-Sysmon/Operational","provider_name":"Microsoft-Windows-Sysmon","task":"Image loaded (rule: ImageLoad)","event_data":{"Product":"Microsoft Windows Operating System","Signed":"true","Signature":"Microsoft Windows","ProcessGuid":"{a158f72c-530d-5db6-0000-001062e9af00}","ProcessId":"3728","UtcTime":"2019-10-28 02:31:41.408","ImageLoaded":"C:\\Windows\\System32\\IPHLPAPI.DLL","Hashes":"SHA1=9414EC114C3389E0A7BC2FD986E00946E1A2A299,MD5=3929147A2A34B0902152C7D0F241B02A,SHA256=AD1C5309AA873F6A284EABE382812868E20C3D3D64197F3E6EF9D015EA060CAA,IMPHASH=6EC28633CC4ECB9F457795DD7E00B34B","Company":"Microsoft Corporation","FileVersion":"10.0.18362.1 (WinBuild.160101.0800)","OriginalFileName":"iphlpapi.dll","Description":"IP Helper API","SignatureStatus":"Valid","Image":"C:\\Windows\\System32\\certutil.exe"},"api":"wineventlog","computer_name":"ACCT001.shire.com","opcode":"Info","record_id":271661,"event_id":7,"user":{"identifier":"S-1-5-18","name":"SYSTEM","domain":"NT AUTHORITY","type":"User"},"version":3},"event":{"kind":"event","code":7,"action":"Image loaded (rule: ImageLoad)","created":"2019-10-28T02:31:42.478Z"},"log":{"level":"information"},"ecs":{"version":"1.1.0"},"host":{"name":"WECServer"},"agent":{"type":"winlogbeat","ephemeral_id":"df5ad137-6594-4bd7-a3eb-e0eda670370c","hostname":"WECServer","id":"f8e32ecf-6ac8-4748-86ec-f026490623c4","version":"7.4.0"}}
{"@timestamp":"2019-10-28T02:31:41.423Z","@metadata":{"beat":"winlogbeat","type":"_doc","version":"7.4.0","topic":"winlogbeat"},"log":{"level":"information"},"message":"Image loaded:\nRuleName: \nUtcTime: 2019-10-28 02:31:41.408\nProcessGuid: {a158f72c-530d-5db6-0000-001062e9af00}\nProcessId: 3728\nImage: C:\\Windows\\System32\\certutil.exe\nImageLoaded: C:\\Windows\\System32\\winnsi.dll\nFileVersion: 10.0.18362.1 (WinBuild.160101.0800)\nDescription: Network Store Information RPC interface\nProduct: Microsoft Windows Operating System\nCompany: Microsoft Corporation\nOriginalFileName: winnsi.dll\nHashes: SHA1=42E3C457000C8942F4026F016287BD6E1B724173,MD5=12FB138D9414FC9A8AD457C5DC2CA06B,SHA256=7686241E0AA2F440C6192F803A1676480158FCD4A785C07BC74C3695D47770E7,IMPHASH=AD7C692FA9FCC8C643FD494188DECA65\nSigned: true\nSignature: Microsoft Windows\nSignatureStatus: Valid","winlog":{"api":"wineventlog","process":{"pid":3208,"thread":{"id":5108}},"event_id":7,"version":3,"user":{"identifier":"S-1-5-18","name":"SYSTEM","domain":"NT AUTHORITY","type":"User"},"record_id":271662,"computer_name":"ACCT001.shire.com","opcode":"Info","event_data":{"FileVersion":"10.0.18362.1 (WinBuild.160101.0800)","OriginalFileName":"winnsi.dll","SignatureStatus":"Valid","Company":"Microsoft Corporation","Description":"Network Store Information RPC interface","Product":"Microsoft Windows Operating System","UtcTime":"2019-10-28 02:31:41.408","ProcessGuid":"{a158f72c-530d-5db6-0000-001062e9af00}","ImageLoaded":"C:\\Windows\\System32\\winnsi.dll","Image":"C:\\Windows\\System32\\certutil.exe","Signed":"true","ProcessId":"3728","Hashes":"SHA1=42E3C457000C8942F4026F016287BD6E1B724173,MD5=12FB138D9414FC9A8AD457C5DC2CA06B,SHA256=7686241E0AA2F440C6192F803A1676480158FCD4A785C07BC74C3695D47770E7,IMPHASH=AD7C692FA9FCC8C643FD494188DECA65","Signature":"Microsoft Windows"},"channel":"Microsoft-Windows-Sysmon/Operational","task":"Image loaded (rule: ImageLoad)","provider_guid":"{5770385f-c22a-43e0-bf4c-06f5698ffbd9}","provider_name":"Microsoft-Windows-Sysmon"},"event":{"created":"2019-10-28T02:31:42.478Z","kind":"event","code":7,"action":"Image loaded (rule: ImageLoad)"},"host":{"name":"WECServer"},"agent":{"id":"f8e32ecf-6ac8-4748-86ec-f026490623c4","version":"7.4.0","type":"winlogbeat","ephemeral_id":"df5ad137-6594-4bd7-a3eb-e0eda670370c","hostname":"WECServer"},"ecs":{"version":"1.1.0"}}
{"@timestamp":"2019-10-28T02:31:41.424Z","@metadata":{"beat":"winlogbeat","type":"_doc","version":"7.4.0","topic":"winlogbeat"},"message":"Image loaded:\nRuleName: \nUtcTime: 2019-10-28 02:31:41.423\nProcessGuid: {a158f72c-530d-5db6-0000-001062e9af00}\nProcessId: 3728\nImage: C:\\Windows\\System32\\certutil.exe\nImageLoaded: C:\\Windows\\System32\\nsi.dll\nFileVersion: 10.0.18362.1 (WinBuild.160101.0800)\nDescription: NSI User-mode interface DLL\nProduct: Microsoft Windows Operating System\nCompany: Microsoft Corporation\nOriginalFileName: nsi.dll\nHashes: SHA1=1946664D8C218A3A23095DC61A9EA61C4F07E953,MD5=D471D537457155436E2027A8F3EBF271,SHA256=E0E1398106BCF030102AD39A32F0C049AA148AE4909BC0F8D37050FDE7AAA0C4,IMPHASH=DEFB8C5BB37FCD63DC790B55724FDE42\nSigned: true\nSignature: Microsoft Windows\nSignatureStatus: Valid","winlog":{"provider_name":"Microsoft-Windows-Sysmon","task":"Image loaded (rule: ImageLoad)","provider_guid":"{5770385f-c22a-43e0-bf4c-06f5698ffbd9}","event_data":{"ProcessGuid":"{a158f72c-530d-5db6-0000-001062e9af00}","SignatureStatus":"Valid","Description":"NSI User-mode interface DLL","ProcessId":"3728","Signed":"true","Image":"C:\\Windows\\System32\\certutil.exe","FileVersion":"10.0.18362.1 (WinBuild.160101.0800)","Company":"Microsoft Corporation","UtcTime":"2019-10-28 02:31:41.423","OriginalFileName":"nsi.dll","Product":"Microsoft Windows Operating System","Hashes":"SHA1=1946664D8C218A3A23095DC61A9EA61C4F07E953,MD5=D471D537457155436E2027A8F3EBF271,SHA256=E0E1398106BCF030102AD39A32F0C049AA148AE4909BC0F8D37050FDE7AAA0C4,IMPHASH=DEFB8C5BB37FCD63DC790B55724FDE42","Signature":"Microsoft Windows","ImageLoaded":"C:\\Windows\\System32\\nsi.dll"},"channel":"Microsoft-Windows-Sysmon/Operational","record_id":271663,"opcode":"Info","user":{"identifier":"S-1-5-18","name":"SYSTEM","domain":"NT AUTHORITY","type":"User"},"api":"wineventlog","computer_name":"ACCT001.shire.com","version":3,"event_id":7,"process":{"pid":3208,"thread":{"id":5108}}},"event":{"action":"Image loaded (rule: ImageLoad)","created":"2019-10-28T02:31:42.478Z","kind":"event","code":7},"log":{"level":"information"},"ecs":{"version":"1.1.0"},"host":{"name":"WECServer"},"agent":{"hostname":"WECServer","id":"f8e32ecf-6ac8-4748-86ec-f026490623c4","version":"7.4.0","type":"winlogbeat","ephemeral_id":"df5ad137-6594-4bd7-a3eb-e0eda670370c"}}
{"@timestamp":"2019-10-28T02:31:41.432Z","@metadata":{"beat":"winlogbeat","type":"_doc","version":"7.4.0","topic":"winlogbeat"},"winlog":{"record_id":271664,"task":"Image loaded (rule: ImageLoad)","provider_guid":"{5770385f-c22a-43e0-bf4c-06f5698ffbd9}","version":3,"user":{"identifier":"S-1-5-18","name":"SYSTEM","domain":"NT AUTHORITY","type":"User"},"computer_name":"ACCT001.shire.com","opcode":"Info","event_id":7,"event_data":{"Hashes":"SHA1=17EA640F9F06FBC131C062A4C0C3EE93937A7F95,MD5=98E67DE77636FD3607951FE2A3F116FE,SHA256=08A5F9A5D8AE6FA6A2A89B2A789D1A599E3D129B30C1B2A8628634F397079DD0,IMPHASH=A08BF41263E3776AD11E1600C12BCA60","FileVersion":"10.0.18362.1 (WinBuild.160101.0800)","OriginalFileName":"dhcpcsvc6.dll","Signature":"Microsoft Windows","Company":"Microsoft Corporation","Signed":"true","ProcessGuid":"{a158f72c-530d-5db6-0000-001062e9af00}","ImageLoaded":"C:\\Windows\\System32\\dhcpcsvc6.dll","Image":"C:\\Windows\\System32\\certutil.exe","UtcTime":"2019-10-28 02:31:41.423","SignatureStatus":"Valid","ProcessId":"3728","Product":"Microsoft Windows Operating System","Description":"DHCPv6 Client"},"process":{"pid":3208,"thread":{"id":5108}},"channel":"Microsoft-Windows-Sysmon/Operational","provider_name":"Microsoft-Windows-Sysmon","api":"wineventlog"},"event":{"kind":"event","code":7,"action":"Image loaded (rule: ImageLoad)","created":"2019-10-28T02:31:42.478Z"},"log":{"level":"information"},"message":"Image loaded:\nRuleName: \nUtcTime: 2019-10-28 02:31:41.423\nProcessGuid: {a158f72c-530d-5db6-0000-001062e9af00}\nProcessId: 3728\nImage: C:\\Windows\\System32\\certutil.exe\nImageLoaded: C:\\Windows\\System32\\dhcpcsvc6.dll\nFileVersion: 10.0.18362.1 (WinBuild.160101.0800)\nDescription: DHCPv6 Client\nProduct: Microsoft Windows Operating System\nCompany: Microsoft Corporation\nOriginalFileName: dhcpcsvc6.dll\nHashes: SHA1=17EA640F9F06FBC131C062A4C0C3EE93937A7F95,MD5=98E67DE77636FD3607951FE2A3F116FE,SHA256=08A5F9A5D8AE6FA6A2A89B2A789D1A599E3D129B30C1B2A8628634F397079DD0,IMPHASH=A08BF41263E3776AD11E1600C12BCA60\nSigned: true\nSignature: Microsoft Windows\nSignatureStatus: Valid","host":{"name":"WECServer"},"agent":{"ephemeral_id":"df5ad137-6594-4bd7-a3eb-e0eda670370c","hostname":"WECServer","id":"f8e32ecf-6ac8-4748-86ec-f026490623c4","version":"7.4.0","type":"winlogbeat"},"ecs":{"version":"1.1.0"}}
{"@timestamp":"2019-10-28T02:31:41.433Z","@metadata":{"beat":"winlogbeat","type":"_doc","version":"7.4.0","topic":"winlogbeat"},"host":{"name":"WECServer"},"agent":{"type":"winlogbeat","ephemeral_id":"df5ad137-6594-4bd7-a3eb-e0eda670370c","hostname":"WECServer","id":"f8e32ecf-6ac8-4748-86ec-f026490623c4","version":"7.4.0"},"message":"Image loaded:\nRuleName: \nUtcTime: 2019-10-28 02:31:41.423\nProcessGuid: {a158f72c-530d-5db6-0000-001062e9af00}\nProcessId: 3728\nImage: C:\\Windows\\System32\\certutil.exe\nImageLoaded: C:\\Windows\\System32\\dhcpcsvc.dll\nFileVersion: 10.0.18362.1 (WinBuild.160101.0800)\nDescription: DHCP Client Service\nProduct: Microsoft Windows Operating System\nCompany: Microsoft Corporation\nOriginalFileName: dhcpcsvc.dll\nHashes: SHA1=4D145FFC99D92043927713BD9D98EA853A87A8E6,MD5=6EDAC9E4340B468519FB2AA79DD2A113,SHA256=19F63D1F0BC5FE8A9D87F3BB12032EA6C15951EBBEBE46B35B7355DD31E071C7,IMPHASH=EE29DA81355C13DA2F9BBA37D3F3B408\nSigned: true\nSignature: Microsoft Windows\nSignatureStatus: Valid","winlog":{"computer_name":"ACCT001.shire.com","provider_guid":"{5770385f-c22a-43e0-bf4c-06f5698ffbd9}","channel":"Microsoft-Windows-Sysmon/Operational","version":3,"provider_name":"Microsoft-Windows-Sysmon","record_id":271665,"opcode":"Info","api":"wineventlog","process":{"pid":3208,"thread":{"id":5108}},"user":{"identifier":"S-1-5-18","name":"SYSTEM","domain":"NT AUTHORITY","type":"User"},"event_id":7,"task":"Image loaded (rule: ImageLoad)","event_data":{"OriginalFileName":"dhcpcsvc.dll","FileVersion":"10.0.18362.1 (WinBuild.160101.0800)","SignatureStatus":"Valid","ProcessId":"3728","Hashes":"SHA1=4D145FFC99D92043927713BD9D98EA853A87A8E6,MD5=6EDAC9E4340B468519FB2AA79DD2A113,SHA256=19F63D1F0BC5FE8A9D87F3BB12032EA6C15951EBBEBE46B35B7355DD31E071C7,IMPHASH=EE29DA81355C13DA2F9BBA37D3F3B408","Description":"DHCP Client Service","Product":"Microsoft Windows Operating System","Company":"Microsoft Corporation","UtcTime":"2019-10-28 02:31:41.423","ProcessGuid":"{a158f72c-530d-5db6-0000-001062e9af00}","Image":"C:\\Windows\\System32\\certutil.exe","ImageLoaded":"C:\\Windows\\System32\\dhcpcsvc.dll","Signed":"true","Signature":"Microsoft Windows"}},"event":{"action":"Image loaded (rule: ImageLoad)","created":"2019-10-28T02:31:42.478Z","kind":"event","code":7},"log":{"level":"information"},"ecs":{"version":"1.1.0"}}
{"@timestamp":"2019-10-28T02:31:41.435Z","@metadata":{"beat":"winlogbeat","type":"_doc","version":"7.4.0","topic":"winlogbeat"},"winlog":{"user":{"type":"User","identifier":"S-1-5-18","name":"SYSTEM","domain":"NT AUTHORITY"},"provider_name":"Microsoft-Windows-Sysmon","api":"wineventlog","event_data":{"OriginalFileName":"webio.dll","Company":"Microsoft Corporation","ProcessGuid":"{a158f72c-530d-5db6-0000-001062e9af00}","ImageLoaded":"C:\\Windows\\System32\\webio.dll","Hashes":"SHA1=7DF2415331DD985E342FEDD930EA0316F576D778,MD5=5403127A6F6BA8B6E51FDCE057D24A34,SHA256=ABF5747A63C7E02C34F960FACE6FB61B60C50E20F380988A5CC3FA8F1E8AAC87,IMPHASH=6C22A92AC2ADB4C9523B32FA288F66C9","Signed":"true","Signature":"Microsoft Windows","Product":"Microsoft Windows Operating System","SignatureStatus":"Valid","FileVersion":"10.0.18362.1 (WinBuild.160101.0800)","Image":"C:\\Windows\\System32\\certutil.exe","Description":"Web Transfer Protocols API","ProcessId":"3728","UtcTime":"2019-10-28 02:31:41.423"},"channel":"Microsoft-Windows-Sysmon/Operational","provider_guid":"{5770385f-c22a-43e0-bf4c-06f5698ffbd9}","opcode":"Info","process":{"thread":{"id":5108},"pid":3208},"task":"Image loaded (rule: ImageLoad)","computer_name":"ACCT001.shire.com","version":3,"event_id":7,"record_id":271666},"event":{"action":"Image loaded (rule: ImageLoad)","created":"2019-10-28T02:31:42.478Z","kind":"event","code":7},"log":{"level":"information"},"message":"Image loaded:\nRuleName: \nUtcTime: 2019-10-28 02:31:41.423\nProcessGuid: {a158f72c-530d-5db6-0000-001062e9af00}\nProcessId: 3728\nImage: C:\\Windows\\System32\\certutil.exe\nImageLoaded: C:\\Windows\\System32\\webio.dll\nFileVersion: 10.0.18362.1 (WinBuild.160101.0800)\nDescription: Web Transfer Protocols API\nProduct: Microsoft Windows Operating System\nCompany: Microsoft Corporation\nOriginalFileName: webio.dll\nHashes: SHA1=7DF2415331DD985E342FEDD930EA0316F576D778,MD5=5403127A6F6BA8B6E51FDCE057D24A34,SHA256=ABF5747A63C7E02C34F960FACE6FB61B60C50E20F380988A5CC3FA8F1E8AAC87,IMPHASH=6C22A92AC2ADB4C9523B32FA288F66C9\nSigned: true\nSignature: Microsoft Windows\nSignatureStatus: Valid","ecs":{"version":"1.1.0"},"host":{"name":"WECServer"},"agent":{"id":"f8e32ecf-6ac8-4748-86ec-f026490623c4","version":"7.4.0","type":"winlogbeat","ephemeral_id":"df5ad137-6594-4bd7-a3eb-e0eda670370c","hostname":"WECServer"}}
{"@timestamp":"2019-10-28T02:31:41.449Z","@metadata":{"beat":"winlogbeat","type":"_doc","version":"7.4.0","topic":"winlogbeat"},"winlog":{"user":{"type":"User","identifier":"S-1-5-18","name":"SYSTEM","domain":"NT AUTHORITY"},"event_data":{"Image":"C:\\Windows\\system32\\certutil.exe","TargetFilename":"C:\\Users\\lrodriguez\\AppData\\LocalLow\\Microsoft\\CryptnetUrlCache\\MetaData\\26AD92BE113E5969407CC2F6A66EB71C","CreationUtcTime":"2019-10-28 02:31:41.439","UtcTime":"2019-10-28 02:31:41.439","ProcessGuid":"{a158f72c-530d-5db6-0000-001062e9af00}","ProcessId":"3728"},"event_id":11,"record_id":271667,"task":"File created (rule: FileCreate)","computer_name":"ACCT001.shire.com","provider_guid":"{5770385f-c22a-43e0-bf4c-06f5698ffbd9}","process":{"pid":3208,"thread":{"id":5108}},"opcode":"Info","provider_name":"Microsoft-Windows-Sysmon","version":2,"api":"wineventlog","channel":"Microsoft-Windows-Sysmon/Operational"},"event":{"kind":"event","code":11,"action":"File created (rule: FileCreate)","created":"2019-10-28T02:31:42.478Z"},"log":{"level":"information"},"message":"File created:\nRuleName: \nUtcTime: 2019-10-28 02:31:41.439\nProcessGuid: {a158f72c-530d-5db6-0000-001062e9af00}\nProcessId: 3728\nImage: C:\\Windows\\system32\\certutil.exe\nTargetFilename: C:\\Users\\lrodriguez\\AppData\\LocalLow\\Microsoft\\CryptnetUrlCache\\MetaData\\26AD92BE113E5969407CC2F6A66EB71C\nCreationUtcTime: 2019-10-28 02:31:41.439","ecs":{"version":"1.1.0"},"host":{"name":"WECServer"},"agent":{"id":"f8e32ecf-6ac8-4748-86ec-f026490623c4","version":"7.4.0","type":"winlogbeat","ephemeral_id":"df5ad137-6594-4bd7-a3eb-e0eda670370c","hostname":"WECServer"}}
{"@timestamp":"2019-10-28T02:31:41.449Z","@metadata":{"beat":"winlogbeat","type":"_doc","version":"7.4.0","topic":"winlogbeat"},"message":"File created:\nRuleName: \nUtcTime: 2019-10-28 02:31:41.439\nProcessGuid: {a158f72c-530d-5db6-0000-001062e9af00}\nProcessId: 3728\nImage: C:\\Windows\\system32\\certutil.exe\nTargetFilename: C:\\Users\\lrodriguez\\AppData\\LocalLow\\Microsoft\\CryptnetUrlCache\\Content\\26AD92BE113E5969407CC2F6A66EB71C\nCreationUtcTime: 2019-10-28 02:31:41.439","winlog":{"process":{"thread":{"id":5108},"pid":3208},"api":"wineventlog","version":2,"event_data":{"ProcessGuid":"{a158f72c-530d-5db6-0000-001062e9af00}","ProcessId":"3728","Image":"C:\\Windows\\system32\\certutil.exe","TargetFilename":"C:\\Users\\lrodriguez\\AppData\\LocalLow\\Microsoft\\CryptnetUrlCache\\Content\\26AD92BE113E5969407CC2F6A66EB71C","CreationUtcTime":"2019-10-28 02:31:41.439","UtcTime":"2019-10-28 02:31:41.439"},"opcode":"Info","event_id":11,"provider_name":"Microsoft-Windows-Sysmon","user":{"identifier":"S-1-5-18","name":"SYSTEM","domain":"NT AUTHORITY","type":"User"},"record_id":271668,"computer_name":"ACCT001.shire.com","task":"File created (rule: FileCreate)","provider_guid":"{5770385f-c22a-43e0-bf4c-06f5698ffbd9}","channel":"Microsoft-Windows-Sysmon/Operational"},"event":{"kind":"event","code":11,"action":"File created (rule: FileCreate)","created":"2019-10-28T02:31:42.478Z"},"log":{"level":"information"},"host":{"name":"WECServer"},"agent":{"type":"winlogbeat","ephemeral_id":"df5ad137-6594-4bd7-a3eb-e0eda670370c","hostname":"WECServer","id":"f8e32ecf-6ac8-4748-86ec-f026490623c4","version":"7.4.0"},"ecs":{"version":"1.1.0"}}
{"@timestamp":"2019-10-28T02:31:41.451Z","@metadata":{"beat":"winlogbeat","type":"_doc","version":"7.4.0","topic":"winlogbeat"},"host":{"name":"WECServer"},"agent":{"type":"winlogbeat","ephemeral_id":"df5ad137-6594-4bd7-a3eb-e0eda670370c","hostname":"WECServer","id":"f8e32ecf-6ac8-4748-86ec-f026490623c4","version":"7.4.0"},"event":{"kind":"event","code":7,"action":"Image loaded (rule: ImageLoad)","created":"2019-10-28T02:31:42.478Z"},"log":{"level":"information"},"message":"Image loaded:\nRuleName: \nUtcTime: 2019-10-28 02:31:41.439\nProcessGuid: {a158f72c-530d-5db6-0000-001062e9af00}\nProcessId: 3728\nImage: C:\\Windows\\System32\\certutil.exe\nImageLoaded: C:\\Windows\\System32\\rsaenh.dll\nFileVersion: 10.0.18362.1 (WinBuild.160101.0800)\nDescription: Microsoft Enhanced Cryptographic Provider\nProduct: Microsoft Windows Operating System\nCompany: Microsoft Corporation\nOriginalFileName: rsaenh.dll\nHashes: SHA1=09310F93E62D8B8BCBBEA36CB3AAF78CB98798EF,MD5=D3102BD5CD3C24E02C68CF6770379402,SHA256=49BF93C5C4D0D4AEE050ED83193DCF3FCB08D50DB5F0B7740436B24B83D14023,IMPHASH=A4C20B1A7B632846186AD47A0810709E\nSigned: true\nSignature: Microsoft Windows\nSignatureStatus: Valid","winlog":{"process":{"pid":3208,"thread":{"id":5108}},"task":"Image loaded (rule: ImageLoad)","api":"wineventlog","computer_name":"ACCT001.shire.com","event_id":7,"provider_name":"Microsoft-Windows-Sysmon","opcode":"Info","channel":"Microsoft-Windows-Sysmon/Operational","provider_guid":"{5770385f-c22a-43e0-bf4c-06f5698ffbd9}","version":3,"record_id":271669,"user":{"identifier":"S-1-5-18","name":"SYSTEM","domain":"NT AUTHORITY","type":"User"},"event_data":{"Signature":"Microsoft Windows","UtcTime":"2019-10-28 02:31:41.439","ProcessId":"3728","ImageLoaded":"C:\\Windows\\System32\\rsaenh.dll","Product":"Microsoft Windows Operating System","Signed":"true","Description":"Microsoft Enhanced Cryptographic Provider","Image":"C:\\Windows\\System32\\certutil.exe","ProcessGuid":"{a158f72c-530d-5db6-0000-001062e9af00}","FileVersion":"10.0.18362.1 (WinBuild.160101.0800)","SignatureStatus":"Valid","Company":"Microsoft Corporation","OriginalFileName":"rsaenh.dll","Hashes":"SHA1=09310F93E62D8B8BCBBEA36CB3AAF78CB98798EF,MD5=D3102BD5CD3C24E02C68CF6770379402,SHA256=49BF93C5C4D0D4AEE050ED83193DCF3FCB08D50DB5F0B7740436B24B83D14023,IMPHASH=A4C20B1A7B632846186AD47A0810709E"}},"ecs":{"version":"1.1.0"}}
{"@timestamp":"2019-10-28T02:31:41.452Z","@metadata":{"beat":"winlogbeat","type":"_doc","version":"7.4.0","topic":"winlogbeat"},"agent":{"version":"7.4.0","type":"winlogbeat","ephemeral_id":"df5ad137-6594-4bd7-a3eb-e0eda670370c","hostname":"WECServer","id":"f8e32ecf-6ac8-4748-86ec-f026490623c4"},"message":"Image loaded:\nRuleName: \nUtcTime: 2019-10-28 02:31:41.439\nProcessGuid: {a158f72c-530d-5db6-0000-001062e9af00}\nProcessId: 3728\nImage: C:\\Windows\\System32\\certutil.exe\nImageLoaded: C:\\Windows\\System32\\cryptbase.dll\nFileVersion: 10.0.18362.1 (WinBuild.160101.0800)\nDescription: Base cryptographic API DLL\nProduct: Microsoft Windows Operating System\nCompany: Microsoft Corporation\nOriginalFileName: cryptbase.dll\nHashes: SHA1=B6093663113CF33A76156CB3F6D4322514F00E4B,MD5=26887DE7D7D1928F52A452E3A63E55E8,SHA256=EA86D9754164CA2C01B4A7F81188B2490CEE1F350E177861A4702C92DFD6D066,IMPHASH=3F27E242D68FC14338677A25FAE441F7\nSigned: true\nSignature: Microsoft Windows\nSignatureStatus: Valid","winlog":{"opcode":"Info","event_data":{"ProcessId":"3728","UtcTime":"2019-10-28 02:31:41.439","ProcessGuid":"{a158f72c-530d-5db6-0000-001062e9af00}","ImageLoaded":"C:\\Windows\\System32\\cryptbase.dll","Product":"Microsoft Windows Operating System","Image":"C:\\Windows\\System32\\certutil.exe","Company":"Microsoft Corporation","FileVersion":"10.0.18362.1 (WinBuild.160101.0800)","Hashes":"SHA1=B6093663113CF33A76156CB3F6D4322514F00E4B,MD5=26887DE7D7D1928F52A452E3A63E55E8,SHA256=EA86D9754164CA2C01B4A7F81188B2490CEE1F350E177861A4702C92DFD6D066,IMPHASH=3F27E242D68FC14338677A25FAE441F7","Description":"Base cryptographic API DLL","Signed":"true","OriginalFileName":"cryptbase.dll","Signature":"Microsoft Windows","SignatureStatus":"Valid"},"task":"Image loaded (rule: ImageLoad)","provider_guid":"{5770385f-c22a-43e0-bf4c-06f5698ffbd9}","version":3,"channel":"Microsoft-Windows-Sysmon/Operational","record_id":271670,"computer_name":"ACCT001.shire.com","event_id":7,"api":"wineventlog","process":{"pid":3208,"thread":{"id":5108}},"provider_name":"Microsoft-Windows-Sysmon","user":{"identifier":"S-1-5-18","name":"SYSTEM","domain":"NT AUTHORITY","type":"User"}},"event":{"created":"2019-10-28T02:31:42.479Z","kind":"event","code":7,"action":"Image loaded (rule: ImageLoad)"},"log":{"level":"information"},"ecs":{"version":"1.1.0"},"host":{"name":"WECServer"}}
{"@timestamp":"2019-10-28T02:31:41.454Z","@metadata":{"beat":"winlogbeat","type":"_doc","version":"7.4.0","topic":"winlogbeat"},"winlog":{"user":{"type":"User","identifier":"S-1-5-18","name":"SYSTEM","domain":"NT AUTHORITY"},"provider_name":"Microsoft-Windows-Sysmon","computer_name":"ACCT001.shire.com","provider_guid":"{5770385f-c22a-43e0-bf4c-06f5698ffbd9}","task":"Image loaded (rule: ImageLoad)","api":"wineventlog","version":3,"event_data":{"ProcessGuid":"{a158f72c-530d-5db6-0000-001062e9af00}","Image":"C:\\Windows\\System32\\certutil.exe","Product":"Internet Explorer","FileVersion":"11.00.18362.1 (WinBuild.160101.0800)","Company":"Microsoft Corporation","Hashes":"SHA1=1F0DC5637EC1661759AADAB2B137D5E2AECB9088,MD5=AF53B36C5157E483CDB80FE79FB0FFFB,SHA256=51C8807B5BD2CA690BD624207D3D64430FF704F0807F5A2DC9008D9BD03A418F,IMPHASH=8A91E12AED8A0B282C3E51CA39DEC3F4","SignatureStatus":"Valid","ProcessId":"3728","Signed":"true","Signature":"Microsoft Windows","OriginalFileName":"IeRtUtil.dll","ImageLoaded":"C:\\Windows\\System32\\iertutil.dll","UtcTime":"2019-10-28 02:31:41.439","Description":"Run time utility for Internet Explorer"},"event_id":7,"opcode":"Info","process":{"pid":3208,"thread":{"id":5108}},"channel":"Microsoft-Windows-Sysmon/Operational","record_id":271671},"event":{"code":7,"action":"Image loaded (rule: ImageLoad)","created":"2019-10-28T02:31:42.479Z","kind":"event"},"host":{"name":"WECServer"},"agent":{"id":"f8e32ecf-6ac8-4748-86ec-f026490623c4","version":"7.4.0","type":"winlogbeat","ephemeral_id":"df5ad137-6594-4bd7-a3eb-e0eda670370c","hostname":"WECServer"},"ecs":{"version":"1.1.0"},"log":{"level":"information"},"message":"Image loaded:\nRuleName: \nUtcTime: 2019-10-28 02:31:41.439\nProcessGuid: {a158f72c-530d-5db6-0000-001062e9af00}\nProcessId: 3728\nImage: C:\\Windows\\System32\\certutil.exe\nImageLoaded: C:\\Windows\\System32\\iertutil.dll\nFileVersion: 11.00.18362.1 (WinBuild.160101.0800)\nDescription: Run time utility for Internet Explorer\nProduct: Internet Explorer\nCompany: Microsoft Corporation\nOriginalFileName: IeRtUtil.dll\nHashes: SHA1=1F0DC5637EC1661759AADAB2B137D5E2AECB9088,MD5=AF53B36C5157E483CDB80FE79FB0FFFB,SHA256=51C8807B5BD2CA690BD624207D3D64430FF704F0807F5A2DC9008D9BD03A418F,IMPHASH=8A91E12AED8A0B282C3E51CA39DEC3F4\nSigned: true\nSignature: Microsoft Windows\nSignatureStatus: Valid"}
{"@timestamp":"2019-10-28T02:31:41.461Z","@metadata":{"beat":"winlogbeat","type":"_doc","version":"7.4.0","topic":"winlogbeat"},"winlog":{"channel":"Microsoft-Windows-Sysmon/Operational","version":3,"event_data":{"ProcessId":"3728","ImageLoaded":"C:\\Windows\\System32\\OnDemandConnRouteHelper.dll","Image":"C:\\Windows\\System32\\certutil.exe","FileVersion":"10.0.18362.1 (WinBuild.160101.0800)","Description":"On Demand Connctiond Route Helper","Hashes":"SHA1=CB0FED80A33581425BBEA334D9185F63C5EE315F,MD5=9D1E318E09783AFBBF2F51D6E9950662,SHA256=48C0E264A522173740EBD7627900BE7E6FEDAEE2264F67A00E78D4A6D76865D8,IMPHASH=83BEA6248DF8A10A1D9DF229B452B69F","Product":"Microsoft Windows Operating System","UtcTime":"2019-10-28 02:31:41.455","OriginalFileName":"OnDemandConnRouteHelper.dll","ProcessGuid":"{a158f72c-530d-5db6-0000-001062e9af00}","Company":"Microsoft Corporation","SignatureStatus":"Valid","Signed":"true","Signature":"Microsoft Windows"},"provider_name":"Microsoft-Windows-Sysmon","opcode":"Info","user":{"domain":"NT AUTHORITY","type":"User","identifier":"S-1-5-18","name":"SYSTEM"},"api":"wineventlog","provider_guid":"{5770385f-c22a-43e0-bf4c-06f5698ffbd9}","process":{"pid":3208,"thread":{"id":5108}},"event_id":7,"task":"Image loaded (rule: ImageLoad)","computer_name":"ACCT001.shire.com","record_id":271672},"event":{"code":7,"action":"Image loaded (rule: ImageLoad)","created":"2019-10-28T02:31:42.479Z","kind":"event"},"log":{"level":"information"},"message":"Image loaded:\nRuleName: \nUtcTime: 2019-10-28 02:31:41.455\nProcessGuid: {a158f72c-530d-5db6-0000-001062e9af00}\nProcessId: 3728\nImage: C:\\Windows\\System32\\certutil.exe\nImageLoaded: C:\\Windows\\System32\\OnDemandConnRouteHelper.dll\nFileVersion: 10.0.18362.1 (WinBuild.160101.0800)\nDescription: On Demand Connctiond Route Helper\nProduct: Microsoft Windows Operating System\nCompany: Microsoft Corporation\nOriginalFileName: OnDemandConnRouteHelper.dll\nHashes: SHA1=CB0FED80A33581425BBEA334D9185F63C5EE315F,MD5=9D1E318E09783AFBBF2F51D6E9950662,SHA256=48C0E264A522173740EBD7627900BE7E6FEDAEE2264F67A00E78D4A6D76865D8,IMPHASH=83BEA6248DF8A10A1D9DF229B452B69F\nSigned: true\nSignature: Microsoft Windows\nSignatureStatus: Valid","ecs":{"version":"1.1.0"},"host":{"name":"WECServer"},"agent":{"ephemeral_id":"df5ad137-6594-4bd7-a3eb-e0eda670370c","hostname":"WECServer","id":"f8e32ecf-6ac8-4748-86ec-f026490623c4","version":"7.4.0","type":"winlogbeat"}}
{"@timestamp":"2019-10-28T02:31:41.467Z","@metadata":{"beat":"winlogbeat","type":"_doc","version":"7.4.0","topic":"winlogbeat"},"message":"Registry object added or deleted:\nRuleName: \nEventType: CreateKey\nUtcTime: 2019-10-28 02:31:41.455\nProcessGuid: {a158f72c-530d-5db6-0000-001062e9af00}\nProcessId: 3728\nImage: C:\\Windows\\system32\\certutil.exe\nTargetObject: HKU\\S-1-5-21-2379224252-1048547738-3559495803-1113\\Software\\Microsoft\\Windows\\CurrentVersion\\Internet Settings\\ZoneMap","ecs":{"version":"1.1.0"},"host":{"name":"WECServer"},"agent":{"type":"winlogbeat","ephemeral_id":"df5ad137-6594-4bd7-a3eb-e0eda670370c","hostname":"WECServer","id":"f8e32ecf-6ac8-4748-86ec-f026490623c4","version":"7.4.0"},"winlog":{"provider_guid":"{5770385f-c22a-43e0-bf4c-06f5698ffbd9}","process":{"pid":3208,"thread":{"id":5108}},"event_id":12,"record_id":271673,"api":"wineventlog","version":2,"channel":"Microsoft-Windows-Sysmon/Operational","task":"Registry object added or deleted (rule: RegistryEvent)","provider_name":"Microsoft-Windows-Sysmon","event_data":{"EventType":"CreateKey","UtcTime":"2019-10-28 02:31:41.455","ProcessGuid":"{a158f72c-530d-5db6-0000-001062e9af00}","ProcessId":"3728","Image":"C:\\Windows\\system32\\certutil.exe","TargetObject":"HKU\\S-1-5-21-2379224252-1048547738-3559495803-1113\\Software\\Microsoft\\Windows\\CurrentVersion\\Internet Settings\\ZoneMap"},"computer_name":"ACCT001.shire.com","opcode":"Info","user":{"type":"User","identifier":"S-1-5-18","name":"SYSTEM","domain":"NT AUTHORITY"}},"event":{"action":"Registry object added or deleted (rule: RegistryEvent)","created":"2019-10-28T02:31:42.479Z","kind":"event","code":12},"log":{"level":"information"}}
{"@timestamp":"2019-10-28T02:31:41.468Z","@metadata":{"beat":"winlogbeat","type":"_doc","version":"7.4.0","topic":"winlogbeat"},"event":{"kind":"event","code":13,"action":"Registry value set (rule: RegistryEvent)","created":"2019-10-28T02:31:42.479Z"},"log":{"level":"information"},"message":"Registry value set:\nRuleName: \nEventType: SetValue\nUtcTime: 2019-10-28 02:31:41.455\nProcessGuid: {a158f72c-530d-5db6-0000-001062e9af00}\nProcessId: 3728\nImage: C:\\Windows\\system32\\certutil.exe\nTargetObject: HKU\\S-1-5-21-2379224252-1048547738-3559495803-1113\\Software\\Microsoft\\Windows\\CurrentVersion\\Internet Settings\\ZoneMap\\ProxyBypass\nDetails: DWORD (0x00000001)","host":{"name":"WECServer"},"agent":{"type":"winlogbeat","ephemeral_id":"df5ad137-6594-4bd7-a3eb-e0eda670370c","hostname":"WECServer","id":"f8e32ecf-6ac8-4748-86ec-f026490623c4","version":"7.4.0"},"ecs":{"version":"1.1.0"},"winlog":{"provider_guid":"{5770385f-c22a-43e0-bf4c-06f5698ffbd9}","process":{"pid":3208,"thread":{"id":5108}},"channel":"Microsoft-Windows-Sysmon/Operational","provider_name":"Microsoft-Windows-Sysmon","record_id":271674,"event_data":{"EventType":"SetValue","UtcTime":"2019-10-28 02:31:41.455","ProcessGuid":"{a158f72c-530d-5db6-0000-001062e9af00}","ProcessId":"3728","Image":"C:\\Windows\\system32\\certutil.exe","TargetObject":"HKU\\S-1-5-21-2379224252-1048547738-3559495803-1113\\Software\\Microsoft\\Windows\\CurrentVersion\\Internet Settings\\ZoneMap\\ProxyBypass","Details":"DWORD (0x00000001)"},"opcode":"Info","computer_name":"ACCT001.shire.com","user":{"type":"User","identifier":"S-1-5-18","name":"SYSTEM","domain":"NT AUTHORITY"},"event_id":13,"task":"Registry value set (rule: RegistryEvent)","api":"wineventlog","version":2}}
{"@timestamp":"2019-10-28T02:31:41.468Z","@metadata":{"beat":"winlogbeat","type":"_doc","version":"7.4.0","topic":"winlogbeat"},"message":"Registry value set:\nRuleName: \nEventType: SetValue\nUtcTime: 2019-10-28 02:31:41.455\nProcessGuid: {a158f72c-530d-5db6-0000-001062e9af00}\nProcessId: 3728\nImage: C:\\Windows\\system32\\certutil.exe\nTargetObject: HKU\\S-1-5-21-2379224252-1048547738-3559495803-1113\\Software\\Microsoft\\Windows\\CurrentVersion\\Internet Settings\\ZoneMap\\IntranetName\nDetails: DWORD (0x00000001)","winlog":{"computer_name":"ACCT001.shire.com","event_data":{"TargetObject":"HKU\\S-1-5-21-2379224252-1048547738-3559495803-1113\\Software\\Microsoft\\Windows\\CurrentVersion\\Internet Settings\\ZoneMap\\IntranetName","Details":"DWORD (0x00000001)","EventType":"SetValue","UtcTime":"2019-10-28 02:31:41.455","ProcessGuid":"{a158f72c-530d-5db6-0000-001062e9af00}","ProcessId":"3728","Image":"C:\\Windows\\system32\\certutil.exe"},"version":2,"process":{"pid":3208,"thread":{"id":5108}},"provider_name":"Microsoft-Windows-Sysmon","api":"wineventlog","provider_guid":"{5770385f-c22a-43e0-bf4c-06f5698ffbd9}","channel":"Microsoft-Windows-Sysmon/Operational","opcode":"Info","user":{"domain":"NT AUTHORITY","type":"User","identifier":"S-1-5-18","name":"SYSTEM"},"event_id":13,"record_id":271675,"task":"Registry value set (rule: RegistryEvent)"},"event":{"kind":"event","code":13,"action":"Registry value set (rule: RegistryEvent)","created":"2019-10-28T02:31:42.479Z"},"log":{"level":"information"},"ecs":{"version":"1.1.0"},"host":{"name":"WECServer"},"agent":{"type":"winlogbeat","ephemeral_id":"df5ad137-6594-4bd7-a3eb-e0eda670370c","hostname":"WECServer","id":"f8e32ecf-6ac8-4748-86ec-f026490623c4","version":"7.4.0"}}
{"@timestamp":"2019-10-28T02:31:41.468Z","@metadata":{"beat":"winlogbeat","type":"_doc","version":"7.4.0","topic":"winlogbeat"},"message":"Registry value set:\nRuleName: \nEventType: SetValue\nUtcTime: 2019-10-28 02:31:41.455\nProcessGuid: {a158f72c-530d-5db6-0000-001062e9af00}\nProcessId: 3728\nImage: C:\\Windows\\system32\\certutil.exe\nTargetObject: HKU\\S-1-5-21-2379224252-1048547738-3559495803-1113\\Software\\Microsoft\\Windows\\CurrentVersion\\Internet Settings\\ZoneMap\\UNCAsIntranet\nDetails: DWORD (0x00000001)","winlog":{"user":{"identifier":"S-1-5-18","name":"SYSTEM","domain":"NT AUTHORITY","type":"User"},"event_id":13,"opcode":"Info","channel":"Microsoft-Windows-Sysmon/Operational","provider_guid":"{5770385f-c22a-43e0-bf4c-06f5698ffbd9}","provider_name":"Microsoft-Windows-Sysmon","record_id":271676,"computer_name":"ACCT001.shire.com","event_data":{"UtcTime":"2019-10-28 02:31:41.455","ProcessGuid":"{a158f72c-530d-5db6-0000-001062e9af00}","ProcessId":"3728","Image":"C:\\Windows\\system32\\certutil.exe","TargetObject":"HKU\\S-1-5-21-2379224252-1048547738-3559495803-1113\\Software\\Microsoft\\Windows\\CurrentVersion\\Internet Settings\\ZoneMap\\UNCAsIntranet","Details":"DWORD (0x00000001)","EventType":"SetValue"},"task":"Registry value set (rule: RegistryEvent)","api":"wineventlog","version":2,"process":{"pid":3208,"thread":{"id":5108}}},"ecs":{"version":"1.1.0"},"host":{"name":"WECServer"},"agent":{"id":"f8e32ecf-6ac8-4748-86ec-f026490623c4","version":"7.4.0","type":"winlogbeat","ephemeral_id":"df5ad137-6594-4bd7-a3eb-e0eda670370c","hostname":"WECServer"},"event":{"kind":"event","code":13,"action":"Registry value set (rule: RegistryEvent)","created":"2019-10-28T02:31:42.479Z"},"log":{"level":"information"}}
{"@timestamp":"2019-10-28T02:31:41.468Z","@metadata":{"beat":"winlogbeat","type":"_doc","version":"7.4.0","topic":"winlogbeat"},"event":{"created":"2019-10-28T02:31:42.479Z","kind":"event","code":13,"action":"Registry value set (rule: RegistryEvent)"},"log":{"level":"information"},"message":"Registry value set:\nRuleName: \nEventType: SetValue\nUtcTime: 2019-10-28 02:31:41.455\nProcessGuid: {a158f72c-530d-5db6-0000-001062e9af00}\nProcessId: 3728\nImage: C:\\Windows\\system32\\certutil.exe\nTargetObject: HKU\\S-1-5-21-2379224252-1048547738-3559495803-1113\\Software\\Microsoft\\Windows\\CurrentVersion\\Internet Settings\\ZoneMap\\AutoDetect\nDetails: DWORD (0x00000000)","winlog":{"computer_name":"ACCT001.shire.com","event_id":13,"provider_name":"Microsoft-Windows-Sysmon","record_id":271677,"version":2,"process":{"pid":3208,"thread":{"id":5108}},"channel":"Microsoft-Windows-Sysmon/Operational","api":"wineventlog","event_data":{"Details":"DWORD (0x00000000)","EventType":"SetValue","UtcTime":"2019-10-28 02:31:41.455","ProcessGuid":"{a158f72c-530d-5db6-0000-001062e9af00}","ProcessId":"3728","Image":"C:\\Windows\\system32\\certutil.exe","TargetObject":"HKU\\S-1-5-21-2379224252-1048547738-3559495803-1113\\Software\\Microsoft\\Windows\\CurrentVersion\\Internet Settings\\ZoneMap\\AutoDetect"},"task":"Registry value set (rule: RegistryEvent)","opcode":"Info","provider_guid":"{5770385f-c22a-43e0-bf4c-06f5698ffbd9}","user":{"name":"SYSTEM","domain":"NT AUTHORITY","type":"User","identifier":"S-1-5-18"}},"ecs":{"version":"1.1.0"},"host":{"name":"WECServer"},"agent":{"type":"winlogbeat","ephemeral_id":"df5ad137-6594-4bd7-a3eb-e0eda670370c","hostname":"WECServer","id":"f8e32ecf-6ac8-4748-86ec-f026490623c4","version":"7.4.0"}}
{"@timestamp":"2019-10-28T02:31:41.468Z","@metadata":{"beat":"winlogbeat","type":"_doc","version":"7.4.0","topic":"winlogbeat"},"host":{"name":"WECServer"},"agent":{"type":"winlogbeat","ephemeral_id":"df5ad137-6594-4bd7-a3eb-e0eda670370c","hostname":"WECServer","id":"f8e32ecf-6ac8-4748-86ec-f026490623c4","version":"7.4.0"},"winlog":{"provider_name":"Microsoft-Windows-Sysmon","computer_name":"ACCT001.shire.com","record_id":271678,"opcode":"Info","version":2,"event_id":13,"task":"Registry value set (rule: RegistryEvent)","process":{"pid":3208,"thread":{"id":5108}},"event_data":{"ProcessGuid":"{a158f72c-530d-5db6-0000-001062e9af00}","ProcessId":"3728","Image":"C:\\Windows\\system32\\certutil.exe","TargetObject":"HKU\\S-1-5-21-2379224252-1048547738-3559495803-1113\\Software\\Microsoft\\Windows\\CurrentVersion\\Internet Settings\\ZoneMap\\ProxyBypass","Details":"DWORD (0x00000001)","EventType":"SetValue","UtcTime":"2019-10-28 02:31:41.455"},"channel":"Microsoft-Windows-Sysmon/Operational","api":"wineventlog","provider_guid":"{5770385f-c22a-43e0-bf4c-06f5698ffbd9}","user":{"identifier":"S-1-5-18","name":"SYSTEM","domain":"NT AUTHORITY","type":"User"}},"event":{"kind":"event","code":13,"action":"Registry value set (rule: RegistryEvent)","created":"2019-10-28T02:31:42.479Z"},"log":{"level":"information"},"message":"Registry value set:\nRuleName: \nEventType: SetValue\nUtcTime: 2019-10-28 02:31:41.455\nProcessGuid: {a158f72c-530d-5db6-0000-001062e9af00}\nProcessId: 3728\nImage: C:\\Windows\\system32\\certutil.exe\nTargetObject: HKU\\S-1-5-21-2379224252-1048547738-3559495803-1113\\Software\\Microsoft\\Windows\\CurrentVersion\\Internet Settings\\ZoneMap\\ProxyBypass\nDetails: DWORD (0x00000001)","ecs":{"version":"1.1.0"}}
{"@timestamp":"2019-10-28T02:31:41.468Z","@metadata":{"beat":"winlogbeat","type":"_doc","version":"7.4.0","topic":"winlogbeat"},"agent":{"type":"winlogbeat","ephemeral_id":"df5ad137-6594-4bd7-a3eb-e0eda670370c","hostname":"WECServer","id":"f8e32ecf-6ac8-4748-86ec-f026490623c4","version":"7.4.0"},"winlog":{"opcode":"Info","provider_name":"Microsoft-Windows-Sysmon","task":"Registry value set (rule: RegistryEvent)","user":{"domain":"NT AUTHORITY","type":"User","identifier":"S-1-5-18","name":"SYSTEM"},"computer_name":"ACCT001.shire.com","process":{"pid":3208,"thread":{"id":5108}},"provider_guid":"{5770385f-c22a-43e0-bf4c-06f5698ffbd9}","version":2,"channel":"Microsoft-Windows-Sysmon/Operational","event_id":13,"record_id":271679,"api":"wineventlog","event_data":{"TargetObject":"HKU\\S-1-5-21-2379224252-1048547738-3559495803-1113\\Software\\Microsoft\\Windows\\CurrentVersion\\Internet Settings\\ZoneMap\\IntranetName","Details":"DWORD (0x00000001)","EventType":"SetValue","UtcTime":"2019-10-28 02:31:41.455","ProcessGuid":"{a158f72c-530d-5db6-0000-001062e9af00}","ProcessId":"3728","Image":"C:\\Windows\\system32\\certutil.exe"}},"event":{"created":"2019-10-28T02:31:42.479Z","kind":"event","code":13,"action":"Registry value set (rule: RegistryEvent)"},"log":{"level":"information"},"message":"Registry value set:\nRuleName: \nEventType: SetValue\nUtcTime: 2019-10-28 02:31:41.455\nProcessGuid: {a158f72c-530d-5db6-0000-001062e9af00}\nProcessId: 3728\nImage: C:\\Windows\\system32\\certutil.exe\nTargetObject: HKU\\S-1-5-21-2379224252-1048547738-3559495803-1113\\Software\\Microsoft\\Windows\\CurrentVersion\\Internet Settings\\ZoneMap\\IntranetName\nDetails: DWORD (0x00000001)","ecs":{"version":"1.1.0"},"host":{"name":"WECServer"}}
{"@timestamp":"2019-10-28T02:31:41.468Z","@metadata":{"beat":"winlogbeat","type":"_doc","version":"7.4.0","topic":"winlogbeat"},"event":{"action":"Registry value set (rule: RegistryEvent)","created":"2019-10-28T02:31:42.479Z","kind":"event","code":13},"log":{"level":"information"},"host":{"name":"WECServer"},"agent":{"hostname":"WECServer","id":"f8e32ecf-6ac8-4748-86ec-f026490623c4","version":"7.4.0","type":"winlogbeat","ephemeral_id":"df5ad137-6594-4bd7-a3eb-e0eda670370c"},"ecs":{"version":"1.1.0"},"message":"Registry value set:\nRuleName: \nEventType: SetValue\nUtcTime: 2019-10-28 02:31:41.455\nProcessGuid: {a158f72c-530d-5db6-0000-001062e9af00}\nProcessId: 3728\nImage: C:\\Windows\\system32\\certutil.exe\nTargetObject: HKU\\S-1-5-21-2379224252-1048547738-3559495803-1113\\Software\\Microsoft\\Windows\\CurrentVersion\\Internet Settings\\ZoneMap\\UNCAsIntranet\nDetails: DWORD (0x00000001)","winlog":{"event_data":{"UtcTime":"2019-10-28 02:31:41.455","ProcessGuid":"{a158f72c-530d-5db6-0000-001062e9af00}","ProcessId":"3728","Image":"C:\\Windows\\system32\\certutil.exe","TargetObject":"HKU\\S-1-5-21-2379224252-1048547738-3559495803-1113\\Software\\Microsoft\\Windows\\CurrentVersion\\Internet Settings\\ZoneMap\\UNCAsIntranet","Details":"DWORD (0x00000001)","EventType":"SetValue"},"record_id":271680,"version":2,"computer_name":"ACCT001.shire.com","opcode":"Info","process":{"thread":{"id":5108},"pid":3208},"user":{"identifier":"S-1-5-18","name":"SYSTEM","domain":"NT AUTHORITY","type":"User"},"event_id":13,"provider_name":"Microsoft-Windows-Sysmon","task":"Registry value set (rule: RegistryEvent)","api":"wineventlog","provider_guid":"{5770385f-c22a-43e0-bf4c-06f5698ffbd9}","channel":"Microsoft-Windows-Sysmon/Operational"}}
{"@timestamp":"2019-10-28T02:31:41.469Z","@metadata":{"beat":"winlogbeat","type":"_doc","version":"7.4.0","topic":"winlogbeat"},"log":{"level":"information"},"message":"Registry value set:\nRuleName: \nEventType: SetValue\nUtcTime: 2019-10-28 02:31:41.455\nProcessGuid: {a158f72c-530d-5db6-0000-001062e9af00}\nProcessId: 3728\nImage: C:\\Windows\\system32\\certutil.exe\nTargetObject: HKU\\S-1-5-21-2379224252-1048547738-3559495803-1113\\Software\\Microsoft\\Windows\\CurrentVersion\\Internet Settings\\ZoneMap\\AutoDetect\nDetails: DWORD (0x00000000)","ecs":{"version":"1.1.0"},"host":{"name":"WECServer"},"agent":{"type":"winlogbeat","ephemeral_id":"df5ad137-6594-4bd7-a3eb-e0eda670370c","hostname":"WECServer","id":"f8e32ecf-6ac8-4748-86ec-f026490623c4","version":"7.4.0"},"winlog":{"api":"wineventlog","event_data":{"ProcessGuid":"{a158f72c-530d-5db6-0000-001062e9af00}","ProcessId":"3728","Image":"C:\\Windows\\system32\\certutil.exe","TargetObject":"HKU\\S-1-5-21-2379224252-1048547738-3559495803-1113\\Software\\Microsoft\\Windows\\CurrentVersion\\Internet Settings\\ZoneMap\\AutoDetect","Details":"DWORD (0x00000000)","EventType":"SetValue","UtcTime":"2019-10-28 02:31:41.455"},"provider_name":"Microsoft-Windows-Sysmon","record_id":271681,"provider_guid":"{5770385f-c22a-43e0-bf4c-06f5698ffbd9}","version":2,"process":{"pid":3208,"thread":{"id":5108}},"task":"Registry value set (rule: RegistryEvent)","user":{"type":"User","identifier":"S-1-5-18","name":"SYSTEM","domain":"NT AUTHORITY"},"opcode":"Info","event_id":13,"computer_name":"ACCT001.shire.com","channel":"Microsoft-Windows-Sysmon/Operational"},"event":{"action":"Registry value set (rule: RegistryEvent)","created":"2019-10-28T02:31:42.479Z","kind":"event","code":13}}
