{"@timestamp":"2019-10-28T02:31:41.474Z","@metadata":{"beat":"winlogbeat","type":"_doc","version":"7.4.0","topic":"winlogbeat"},"ecs":{"version":"1.1.0"},"winlog":{"api":"wineventlog","opcode":"Info","event_data":{"UtcTime":"2019-10-28 02:31:41.470","ProcessGuid":"{a158f72c-530d-5db6-0000-001062e9af00}","ProcessId":"3728","Image":"C:\\Windows\\system32\\certutil.exe","TargetObject":"HKU\\S-1-5-21-2379224252-1048547738-3559495803-1113\\Software\\Microsoft\\Windows\\CurrentVersion\\Internet Settings\\5.0\\Cache\\Content\\CachePrefix","Details":"(Empty)","EventType":"SetValue"},"process":{"thread":{"id":5108},"pid":3208},"event_id":13,"record_id":271682,"user":{"type":"User","identifier":"S-1-5-18","name":"SYSTEM","domain":"NT AUTHORITY"},"task":"Registry value set (rule: RegistryEvent)","computer_name":"ACCT001.shire.com","provider_guid":"{5770385f-c22a-43e0-bf4c-06f5698ffbd9}","version":2,"channel":"Microsoft-Windows-Sysmon/Operational","provider_name":"Microsoft-Windows-Sysmon"},"event":{"code":13,"action":"Registry value set (rule: RegistryEvent)","created":"2019-10-28T02:31:42.479Z","kind":"event"},"log":{"level":"information"},"message":"Registry value set:\nRuleName: \nEventType: SetValue\nUtcTime: 2019-10-28 02:31:41.470\nProcessGuid: {a158f72c-530d-5db6-0000-001062e9af00}\nProcessId: 3728\nImage: C:\\Windows\\system32\\certutil.exe\nTargetObject: HKU\\S-1-5-21-2379224252-1048547738-3559495803-1113\\Software\\Microsoft\\Windows\\CurrentVersion\\Internet Settings\\5.0\\Cache\\Content\\CachePrefix\nDetails: (Empty)","host":{"name":"WECServer"},"agent":{"type":"winlogbeat","ephemeral_id":"df5ad137-6594-4bd7-a3eb-e0eda670370c","hostname":"WECServer","id":"f8e32ecf-6ac8-4748-86ec-f026490623c4","version":"7.4.0"}}
{"@timestamp":"2019-10-28T02:31:41.474Z","@metadata":{"beat":"winlogbeat","type":"_doc","version":"7.4.0","topic":"winlogbeat"},"agent":{"type":"winlogbeat","ephemeral_id":"df5ad137-6594-4bd7-a3eb-e0eda670370c","hostname":"WECServer","id":"f8e32ecf-6ac8-4748-86ec-f026490623c4","version":"7.4.0"},"ecs":{"version":"1.1.0"},"host":{"name":"WECServer"},"winlog":{"task":"Registry value set (rule: RegistryEvent)","provider_name":"Microsoft-Windows-Sysmon","provider_guid":"{5770385f-c22a-43e0-bf4c-06f5698ffbd9}","version":2,"computer_name":"ACCT001.shire.com","opcode":"Info","process":{"pid":3208,"thread":{"id":5108}},"user":{"identifier":"S-1-5-18","name":"SYSTEM","domain":"NT AUTHORITY","type":"User"},"event_data":{"UtcTime":"2019-10-28 02:31:41.470","ProcessGuid":"{a158f72c-530d-5db6-0000-001062e9af00}","ProcessId":"3728","Image":"C:\\Windows\\system32\\certutil.exe","TargetObject":"HKU\\S-1-5-21-2379224252-1048547738-3559495803-1113\\Software\\Microsoft\\Windows\\CurrentVersion\\Internet Settings\\5.0\\Cache\\Cookies\\CachePrefix","Details":"Cookie:","EventType":"SetValue"},"channel":"Microsoft-Windows-Sysmon/Operational","event_id":13,"record_id":271683,"api":"wineventlog"},"event":{"kind":"event","code":13,"action":"Registry value set (rule: RegistryEvent)","created":"2019-10-28T02:31:42.479Z"},"log":{"level":"information"},"message":"Registry value set:\nRuleName: \nEventType: SetValue\nUtcTime: 2019-10-28 02:31:41.470\nProcessGuid: {a158f72c-530d-5db6-0000-001062e9af00}\nProcessId: 3728\nImage: C:\\Windows\\system32\\certutil.exe\nTargetObject: HKU\\S-1-5-21-2379224252-1048547738-3559495803-1113\\Software\\Microsoft\\Windows\\CurrentVersion\\Internet Settings\\5.0\\Cache\\Cookies\\CachePrefix\nDetails: Cookie:"}
{"@timestamp":"2019-10-28T02:31:41.475Z","@metadata":{"beat":"winlogbeat","type":"_doc","version":"7.4.0","topic":"winlogbeat"},"winlog":{"task":"Registry value set (rule: RegistryEvent)","provider_guid":"{5770385f-c22a-43e0-bf4c-06f5698ffbd9}","event_data":{"ProcessGuid":"{a158f72c-530d-5db6-0000-001062e9af00}","ProcessId":"3728","Image":"C:\\Windows\\system32\\certutil.exe","TargetObject":"HKU\\S-1-5-21-2379224252-1048547738-3559495803-1113\\Software\\Microsoft\\Windows\\CurrentVersion\\Internet Settings\\5.0\\Cache\\History\\CachePrefix","Details":"Visited:","EventType":"SetValue","UtcTime":"2019-10-28 02:31:41.470"},"event_id":13,"api":"wineventlog","opcode":"Info","user":{"identifier":"S-1-5-18","name":"SYSTEM","domain":"NT AUTHORITY","type":"User"},"record_id":271684,"provider_name":"Microsoft-Windows-Sysmon","computer_name":"ACCT001.shire.com","process":{"thread":{"id":5108},"pid":3208},"version":2,"channel":"Microsoft-Windows-Sysmon/Operational"},"event":{"action":"Registry value set (rule: RegistryEvent)","created":"2019-10-28T02:31:42.515Z","kind":"event","code":13},"log":{"level":"information"},"message":"Registry value set:\nRuleName: \nEventType: SetValue\nUtcTime: 2019-10-28 02:31:41.470\nProcessGuid: {a158f72c-530d-5db6-0000-001062e9af00}\nProcessId: 3728\nImage: C:\\Windows\\system32\\certutil.exe\nTargetObject: HKU\\S-1-5-21-2379224252-1048547738-3559495803-1113\\Software\\Microsoft\\Windows\\CurrentVersion\\Internet Settings\\5.0\\Cache\\History\\CachePrefix\nDetails: Visited:","ecs":{"version":"1.1.0"},"host":{"name":"WECServer"},"agent":{"id":"f8e32ecf-6ac8-4748-86ec-f026490623c4","version":"7.4.0","type":"winlogbeat","ephemeral_id":"df5ad137-6594-4bd7-a3eb-e0eda670370c","hostname":"WECServer"}}
{"@timestamp":"2019-10-28T02:31:41.477Z","@metadata":{"beat":"winlogbeat","type":"_doc","version":"7.4.0","topic":"winlogbeat"},"ecs":{"version":"1.1.0"},"host":{"name":"WECServer"},"agent":{"type":"winlogbeat","ephemeral_id":"df5ad137-6594-4bd7-a3eb-e0eda670370c","hostname":"WECServer","id":"f8e32ecf-6ac8-4748-86ec-f026490623c4","version":"7.4.0"},"winlog":{"provider_guid":"{5770385f-c22a-43e0-bf4c-06f5698ffbd9}","event_data":{"ProcessGuid":"{a158f72c-530d-5db6-0000-001062e9af00}","ProcessId":"3728","Image":"C:\\Windows\\system32\\certutil.exe","TargetFilename":"C:\\Users\\lrodriguez\\AppData\\Local\\Microsoft\\Windows\\INetCache\\IE\\UDM4U3K6\\util[1].dll","CreationUtcTime":"2019-10-28 02:31:41.470","UtcTime":"2019-10-28 02:31:41.470"},"api":"wineventlog","process":{"pid":3208,"thread":{"id":5108}},"record_id":271685,"opcode":"Info","user":{"name":"SYSTEM","domain":"NT AUTHORITY","type":"User","identifier":"S-1-5-18"},"channel":"Microsoft-Windows-Sysmon/Operational","provider_name":"Microsoft-Windows-Sysmon","computer_name":"ACCT001.shire.com","version":2,"event_id":11,"task":"File created (rule: FileCreate)"},"event":{"action":"File created (rule: FileCreate)","created":"2019-10-28T02:31:42.515Z","kind":"event","code":11},"log":{"level":"information"},"message":"File created:\nRuleName: \nUtcTime: 2019-10-28 02:31:41.470\nProcessGuid: {a158f72c-530d-5db6-0000-001062e9af00}\nProcessId: 3728\nImage: C:\\Windows\\system32\\certutil.exe\nTargetFilename: C:\\Users\\lrodriguez\\AppData\\Local\\Microsoft\\Windows\\INetCache\\IE\\UDM4U3K6\\util[1].dll\nCreationUtcTime: 2019-10-28 02:31:41.470"}
{"@timestamp":"2019-10-28T02:31:41.479Z","@metadata":{"beat":"winlogbeat","type":"_doc","version":"7.4.0","topic":"winlogbeat"},"winlog":{"task":"File created (rule: FileCreate)","event_data":{"UtcTime":"2019-10-28 02:31:41.470","ProcessGuid":"{a158f72c-530d-5db6-0000-001062e9af00}","ProcessId":"3728","Image":"C:\\Windows\\system32\\certutil.exe","TargetFilename":"C:\\ProgramData\\util.dll","CreationUtcTime":"2019-10-28 02:31:41.470"},"channel":"Microsoft-Windows-Sysmon/Operational","api":"wineventlog","provider_guid":"{5770385f-c22a-43e0-bf4c-06f5698ffbd9}","version":2,"record_id":271686,"computer_name":"ACCT001.shire.com","user":{"name":"SYSTEM","domain":"NT AUTHORITY","type":"User","identifier":"S-1-5-18"},"opcode":"Info","process":{"pid":3208,"thread":{"id":5108}},"event_id":11,"provider_name":"Microsoft-Windows-Sysmon"},"event":{"kind":"event","code":11,"action":"File created (rule: FileCreate)","created":"2019-10-28T02:31:42.515Z"},"log":{"level":"information"},"message":"File created:\nRuleName: \nUtcTime: 2019-10-28 02:31:41.470\nProcessGuid: {a158f72c-530d-5db6-0000-001062e9af00}\nProcessId: 3728\nImage: C:\\Windows\\system32\\certutil.exe\nTargetFilename: C:\\ProgramData\\util.dll\nCreationUtcTime: 2019-10-28 02:31:41.470","ecs":{"version":"1.1.0"},"host":{"name":"WECServer"},"agent":{"type":"winlogbeat","ephemeral_id":"df5ad137-6594-4bd7-a3eb-e0eda670370c","hostname":"WECServer","id":"f8e32ecf-6ac8-4748-86ec-f026490623c4","version":"7.4.0"}}
{"@timestamp":"2019-10-28T02:31:41.483Z","@metadata":{"beat":"winlogbeat","type":"_doc","version":"7.4.0","topic":"winlogbeat"},"log":{"level":"information"},"host":{"name":"WECServer"},"agent":{"hostname":"WECServer","id":"f8e32ecf-6ac8-4748-86ec-f026490623c4","version":"7.4.0","type":"winlogbeat","ephemeral_id":"df5ad137-6594-4bd7-a3eb-e0eda670370c"},"ecs":{"version":"1.1.0"},"message":"Process terminated:\nRuleName: \nUtcTime: 2019-10-28 02:31:41.470\nProcessGuid: {a158f72c-530d-5db6-0000-001062e9af00}\nProcessId: 3728\nImage: C:\\Windows\\System32\\certutil.exe","winlog":{"record_id":271687,"process":{"pid":3208,"thread":{"id":5108}},"event_id":5,"computer_name":"ACCT001.shire.com","task":"Process terminated (rule: ProcessTerminate)","provider_name":"Microsoft-Windows-Sysmon","user":{"domain":"NT AUTHORITY","type":"User","identifier":"S-1-5-18","name":"SYSTEM"},"channel":"Microsoft-Windows-Sysmon/Operational","version":3,"event_data":{"UtcTime":"2019-10-28 02:31:41.470","ProcessGuid":"{a158f72c-530d-5db6-0000-001062e9af00}","ProcessId":"3728","Image":"C:\\Windows\\System32\\certutil.exe"},"provider_guid":"{5770385f-c22a-43e0-bf4c-06f5698ffbd9}","api":"wineventlog","opcode":"Info"},"event":{"kind":"event","code":5,"action":"Process terminated (rule: ProcessTerminate)","created":"2019-10-28T02:31:42.516Z"}}
{"@timestamp":"2019-10-28T02:31:41.518Z","@metadata":{"beat":"winlogbeat","type":"_doc","version":"7.4.0","topic":"winlogbeat"},"message":"Image loaded:\nRuleName: \nUtcTime: 2019-10-28 02:31:41.439\nProcessGuid: {a158f72c-530d-5db6-0000-001062e9af00}\nProcessId: 3728\nImage: C:\\Windows\\System32\\certutil.exe\nImageLoaded: C:\\Windows\\System32\\wininet.dll\nFileVersion: 11.00.18362.1 (WinBuild.160101.0800)\nDescription: Internet Extensions for Win32\nProduct: Internet Explorer\nCompany: Microsoft Corporation\nOriginalFileName: wininet.dll\nHashes: SHA1=8D613F59E5140361A6C4574D78298B3B46B369BB,MD5=85320B7412307E99F8DD7665A421FBC0,SHA256=4B007599B0E47A69F458F31E232ED0F8BF7C8E76A1656F104C248FA122B92314,IMPHASH=9A583033E0BD8D9E50D8338C451A2715\nSigned: true\nSignature: Microsoft Windows\nSignatureStatus: Valid","ecs":{"version":"1.1.0"},"host":{"name":"WECServer"},"agent":{"ephemeral_id":"df5ad137-6594-4bd7-a3eb-e0eda670370c","hostname":"WECServer","id":"f8e32ecf-6ac8-4748-86ec-f026490623c4","version":"7.4.0","type":"winlogbeat"},"winlog":{"computer_name":"ACCT001.shire.com","process":{"pid":3208,"thread":{"id":5116}},"version":3,"opcode":"Info","user":{"domain":"NT AUTHORITY","type":"User","identifier":"S-1-5-18","name":"SYSTEM"},"channel":"Microsoft-Windows-Sysmon/Operational","event_id":7,"record_id":271688,"api":"wineventlog","event_data":{"Hashes":"SHA1=8D613F59E5140361A6C4574D78298B3B46B369BB,MD5=85320B7412307E99F8DD7665A421FBC0,SHA256=4B007599B0E47A69F458F31E232ED0F8BF7C8E76A1656F104C248FA122B92314,IMPHASH=9A583033E0BD8D9E50D8338C451A2715","Image":"C:\\Windows\\System32\\certutil.exe","UtcTime":"2019-10-28 02:31:41.439","ProcessId":"3728","ImageLoaded":"C:\\Windows\\System32\\wininet.dll","Product":"Internet Explorer","Description":"Internet Extensions for Win32","ProcessGuid":"{a158f72c-530d-5db6-0000-001062e9af00}","Signed":"true","SignatureStatus":"Valid","Company":"Microsoft Corporation","Signature":"Microsoft Windows","OriginalFileName":"wininet.dll","FileVersion":"11.00.18362.1 (WinBuild.160101.0800)"},"provider_name":"Microsoft-Windows-Sysmon","task":"Image loaded (rule: ImageLoad)","provider_guid":"{5770385f-c22a-43e0-bf4c-06f5698ffbd9}"},"event":{"kind":"event","code":7,"action":"Image loaded (rule: ImageLoad)","created":"2019-10-28T02:31:42.516Z"},"log":{"level":"information"}}
{"@timestamp":"2019-10-28T02:31:41.536Z","@metadata":{"beat":"winlogbeat","type":"_doc","version":"7.4.0","topic":"winlogbeat"},"winlog":{"event_id":1,"provider_name":"Microsoft-Windows-Sysmon","task":"Process Create (rule: ProcessCreate)","version":5,"user":{"type":"User","identifier":"S-1-5-18","name":"SYSTEM","domain":"NT AUTHORITY"},"record_id":271689,"api":"wineventlog","opcode":"Info","process":{"pid":3208,"thread":{"id":5108}},"event_data":{"CommandLine":"\"C:\\Windows\\Microsoft.NET\\Framework64\\v4.0.30319\\InstallUtil.exe\" /logfile= /LogToConsole=false /u c:\\ProgramData\\util.dll","ProcessGuid":"{a158f72c-530d-5db6-0000-001011f7af00}","Product":"Microsoft .NET Framework","User":"shire\\lrodriguez","Image":"C:\\Windows\\Microsoft.NET\\Framework64\\v4.0.30319\\InstallUtil.exe","Company":"Microsoft Corporation","ParentProcessGuid":"{a158f72c-3a9b-5db6-0000-001001de8b00}","ParentProcessId":"2780","CurrentDirectory":"C:\\","ParentCommandLine":"\"C:\\Windows\\System32\\WindowsPowerShell\\v1.0\\powershell.exe\" ","UtcTime":"2019-10-28 02:31:41.531","LogonId":"0x6f86c","TerminalSessionId":"1","Hashes":"SHA1=BE9360E88838D064C2A13E8F154FD79D3B8BA0E1,MD5=4E481FD8FB0F3BDEE93ABF6D3C614EB7,SHA256=9E8EB9A066BCC4DCC56AED56B73688922B5F921901938D8C02817D5390543585,IMPHASH=00000000000000000000000000000000","OriginalFileName":"InstallUtil.exe","IntegrityLevel":"Medium","Description":".NET Framework installation utility","LogonGuid":"{a158f72c-a39d-5db5-0000-00206cf80600}","FileVersion":"4.8.3752.0 built by: NET48REL1","ParentImage":"C:\\Windows\\System32\\WindowsPowerShell\\v1.0\\powershell.exe","ProcessId":"5204"},"channel":"Microsoft-Windows-Sysmon/Operational","computer_name":"ACCT001.shire.com","provider_guid":"{5770385f-c22a-43e0-bf4c-06f5698ffbd9}"},"event":{"created":"2019-10-28T02:31:42.516Z","kind":"event","code":1,"action":"Process Create (rule: ProcessCreate)"},"log":{"level":"information"},"message":"Process Create:\nRuleName: \nUtcTime: 2019-10-28 02:31:41.531\nProcessGuid: {a158f72c-530d-5db6-0000-001011f7af00}\nProcessId: 5204\nImage: C:\\Windows\\Microsoft.NET\\Framework64\\v4.0.30319\\InstallUtil.exe\nFileVersion: 4.8.3752.0 built by: NET48REL1\nDescription: .NET Framework installation utility\nProduct: Microsoft .NET Framework\nCompany: Microsoft Corporation\nOriginalFileName: InstallUtil.exe\nCommandLine: \"C:\\Windows\\Microsoft.NET\\Framework64\\v4.0.30319\\InstallUtil.exe\" /logfile= /LogToConsole=false /u c:\\ProgramData\\util.dll\nCurrentDirectory: C:\\\nUser: shire\\lrodriguez\nLogonGuid: {a158f72c-a39d-5db5-0000-00206cf80600}\nLogonId: 0x6F86C\nTerminalSessionId: 1\nIntegrityLevel: Medium\nHashes: SHA1=BE9360E88838D064C2A13E8F154FD79D3B8BA0E1,MD5=4E481FD8FB0F3BDEE93ABF6D3C614EB7,SHA256=9E8EB9A066BCC4DCC56AED56B73688922B5F921901938D8C02817D5390543585,IMPHASH=00000000000000000000000000000000\nParentProcessGuid: {a158f72c-3a9b-5db6-0000-001001de8b00}\nParentProcessId: 2780\nParentImage: C:\\Windows\\System32\\WindowsPowerShell\\v1.0\\powershell.exe\nParentCommandLine: \"C:\\Windows\\System32\\WindowsPowerShell\\v1.0\\powershell.exe\" ","ecs":{"version":"1.1.0"},"host":{"name":"WECServer"},"agent":{"version":"7.4.0","type":"winlogbeat","ephemeral_id":"df5ad137-6594-4bd7-a3eb-e0eda670370c","hostname":"WECServer","id":"f8e32ecf-6ac8-4748-86ec-f026490623c4"}}
{"@timestamp":"2019-10-28T02:31:41.536Z","@metadata":{"beat":"winlogbeat","type":"_doc","version":"7.4.0","topic":"winlogbeat"},"message":"Process accessed:\nRuleName: \nUtcTime: 2019-10-28 02:31:41.517\nSourceProcessGUID: {a158f72c-3a9b-5db6-0000-001001de8b00}\nSourceProcessId: 2780\nSourceThreadId: 5228\nSourceImage: C:\\Windows\\System32\\WindowsPowerShell\\v1.0\\powershell.exe\nTargetProcessGUID: {a158f72c-530d-5db6-0000-001011f7af00}\nTargetProcessId: 5204\nTargetImage: C:\\Windows\\Microsoft.NET\\Framework64\\v4.0.30319\\InstallUtil.exe\nGrantedAccess: 0x1FFFFF\nCallTrace: C:\\Windows\\SYSTEM32\\ntdll.dll+9d8d4|C:\\Windows\\System32\\KERNELBASE.dll+5e4c0|C:\\Windows\\System32\\KERNELBASE.dll+5c056|C:\\Windows\\System32\\KERNEL32.DLL+1bc03|C:\\Windows\\assembly\\NativeImages_v4.0.30319_64\\System\\ab7db4bb476e741e1f09a230a3b50d63\\System.ni.dll+384236|C:\\Windows\\assembly\\NativeImages_v4.0.30319_64\\System\\ab7db4bb476e741e1f09a230a3b50d63\\System.ni.dll+2c4809|C:\\Windows\\assembly\\NativeImages_v4.0.30319_64\\System\\ab7db4bb476e741e1f09a230a3b50d63\\System.ni.dll+2c4179|C:\\Windows\\assembly\\NativeImages_v4.0.30319_64\\System.Manaa57fc8cc#\\62416e11eb31c778aac11127159a555d\\System.Management.Automation.ni.dll+200f2079|C:\\Windows\\assembly\\NativeImages_v4.0.30319_64\\System.Manaa57fc8cc#\\62416e11eb31c778aac11127159a555d\\System.Management.Automation.ni.dll+2004949a|C:\\Windows\\assembly\\NativeImages_v4.0.30319_64\\System.Manaa57fc8cc#\\62416e11eb31c778aac11127159a555d\\System.Management.Automation.ni.dll+200d39dd|C:\\Windows\\assembly\\NativeImages_v4.0.30319_64\\System.Manaa57fc8cc#\\62416e11eb31c778aac11127159a555d\\System.Management.Automation.ni.dll+200d369b|C:\\Windows\\assembly\\NativeImages_v4.0.30319_64\\System.Manaa57fc8cc#\\62416e11eb31c778aac11127159a555d\\System.Management.Automation.ni.dll+201d6a6f|UNKNOWN(00007FFEBF665251)","agent":{"type":"winlogbeat","ephemeral_id":"df5ad137-6594-4bd7-a3eb-e0eda670370c","hostname":"WECServer","id":"f8e32ecf-6ac8-4748-86ec-f026490623c4","version":"7.4.0"},"ecs":{"version":"1.1.0"},"host":{"name":"WECServer"},"winlog":{"record_id":271690,"event_data":{"TargetImage":"C:\\Windows\\Microsoft.NET\\Framework64\\v4.0.30319\\InstallUtil.exe","SourceThreadId":"5228","SourceProcessGUID":"{a158f72c-3a9b-5db6-0000-001001de8b00}","SourceImage":"C:\\Windows\\System32\\WindowsPowerShell\\v1.0\\powershell.exe","SourceProcessId":"2780","TargetProcessGUID":"{a158f72c-530d-5db6-0000-001011f7af00}","TargetProcessId":"5204","GrantedAccess":"0x1fffff","CallTrace":"C:\\Windows\\SYSTEM32\\ntdll.dll+9d8d4|C:\\Windows\\System32\\KERNELBASE.dll+5e4c0|C:\\Windows\\System32\\KERNELBASE.dll+5c056|C:\\Windows\\System32\\KERNEL32.DLL+1bc03|C:\\Windows\\assembly\\NativeImages_v4.0.30319_64\\System\\ab7db4bb476e741e1f09a230a3b50d63\\System.ni.dll+384236|C:\\Windows\\assembly\\NativeImages_v4.0.30319_64\\System\\ab7db4bb476e741e1f09a230a3b50d63\\System.ni.dll+2c4809|C:\\Windows\\assembly\\NativeImages_v4.0.30319_64\\System\\ab7db4bb476e741e1f09a230a3b50d63\\System.ni.dll+2c4179|C:\\Windows\\assembly\\NativeImages_v4.0.30319_64\\System.Manaa57fc8cc#\\62416e11eb31c778aac11127159a555d\\System.Management.Automation.ni.dll+200f2079|C:\\Windows\\assembly\\NativeImages_v4.0.30319_64\\System.Manaa57fc8cc#\\62416e11eb31c778aac11127159a555d\\System.Management.Automation.ni.dll+2004949a|C:\\Windows\\assembly\\NativeImages_v4.0.30319_64\\System.Manaa57fc8cc#\\62416e11eb31c778aac11127159a555d\\System.Management.Automation.ni.dll+200d39dd|C:\\Windows\\assembly\\NativeImages_v4.0.30319_64\\System.Manaa57fc8cc#\\62416e11eb31c778aac11127159a555d\\System.Management.Automation.ni.dll+200d369b|C:\\Windows\\assembly\\NativeImages_v4.0.30319_64\\System.Manaa57fc8cc#\\62416e11eb31c778aac11127159a555d\\System.Management.Automation.ni.dll+201d6a6f|UNKNOWN(00007FFEBF665251)","UtcTime":"2019-10-28 02:31:41.517"},"channel":"Microsoft-Windows-Sysmon/Operational","task":"Process accessed (rule: ProcessAccess)","provider_guid":"{5770385f-c22a-43e0-bf4c-06f5698ffbd9}","version":3,"user":{"type":"User","identifier":"S-1-5-18","name":"SYSTEM","domain":"NT AUTHORITY"},"provider_name":"Microsoft-Windows-Sysmon","process":{"pid":3208,"thread":{"id":5108}},"api":"wineventlog","opcode":"Info","event_id":10,"computer_name":"ACCT001.shire.com"},"event":{"kind":"event","code":10,"action":"Process accessed (rule: ProcessAccess)","created":"2019-10-28T02:31:42.516Z"},"log":{"level":"information"}}
{"@timestamp":"2019-10-28T02:31:41.536Z","@metadata":{"beat":"winlogbeat","type":"_doc","version":"7.4.0","topic":"winlogbeat"},"winlog":{"opcode":"Info","provider_guid":"{5770385f-c22a-43e0-bf4c-06f5698ffbd9}","version":3,"event_id":10,"record_id":271691,"api":"wineventlog","channel":"Microsoft-Windows-Sysmon/Operational","provider_name":"Microsoft-Windows-Sysmon","process":{"thread":{"id":5108},"pid":3208},"task":"Process accessed (rule: ProcessAccess)","computer_name":"ACCT001.shire.com","user":{"type":"User","identifier":"S-1-5-18","name":"SYSTEM","domain":"NT AUTHORITY"},"event_data":{"SourceProcessId":"676","TargetProcessGUID":"{a158f72c-530d-5db6-0000-001011f7af00}","UtcTime":"2019-10-28 02:31:41.517","TargetProcessId":"5204","GrantedAccess":"0x1fffff","SourceThreadId":"788","SourceImage":"C:\\Windows\\system32\\csrss.exe","TargetImage":"C:\\Windows\\Microsoft.NET\\Framework64\\v4.0.30319\\InstallUtil.exe","CallTrace":"C:\\Windows\\SYSTEM32\\ntdll.dll+9c524|C:\\Windows\\system32\\basesrv.DLL+2fba|C:\\Windows\\SYSTEM32\\CSRSRV.dll+5af4|C:\\Windows\\SYSTEM32\\ntdll.dll+6ce7f","SourceProcessGUID":"{a158f72c-a38f-5db5-0000-0010ff5f0000}"}},"event":{"kind":"event","code":10,"action":"Process accessed (rule: ProcessAccess)","created":"2019-10-28T02:31:42.516Z"},"log":{"level":"information"},"message":"Process accessed:\nRuleName: \nUtcTime: 2019-10-28 02:31:41.517\nSourceProcessGUID: {a158f72c-a38f-5db5-0000-0010ff5f0000}\nSourceProcessId: 676\nSourceThreadId: 788\nSourceImage: C:\\Windows\\system32\\csrss.exe\nTargetProcessGUID: {a158f72c-530d-5db6-0000-001011f7af00}\nTargetProcessId: 5204\nTargetImage: C:\\Windows\\Microsoft.NET\\Framework64\\v4.0.30319\\InstallUtil.exe\nGrantedAccess: 0x1FFFFF\nCallTrace: C:\\Windows\\SYSTEM32\\ntdll.dll+9c524|C:\\Windows\\system32\\basesrv.DLL+2fba|C:\\Windows\\SYSTEM32\\CSRSRV.dll+5af4|C:\\Windows\\SYSTEM32\\ntdll.dll+6ce7f","ecs":{"version":"1.1.0"},"host":{"name":"WECServer"},"agent":{"type":"winlogbeat","ephemeral_id":"df5ad137-6594-4bd7-a3eb-e0eda670370c","hostname":"WECServer","id":"f8e32ecf-6ac8-4748-86ec-f026490623c4","version":"7.4.0"}}
{"@timestamp":"2019-10-28T02:31:41.537Z","@metadata":{"beat":"winlogbeat","type":"_doc","version":"7.4.0","topic":"winlogbeat"},"log":{"level":"information"},"message":"Image loaded:\nRuleName: \nUtcTime: 2019-10-28 02:31:41.533\nProcessGuid: {a158f72c-530d-5db6-0000-001011f7af00}\nProcessId: 5204\nImage: C:\\Windows\\Microsoft.NET\\Framework64\\v4.0.30319\\InstallUtil.exe\nImageLoaded: C:\\Windows\\Microsoft.NET\\Framework64\\v4.0.30319\\InstallUtil.exe\nFileVersion: 4.8.3752.0 built by: NET48REL1\nDescription: .NET Framework installation utility\nProduct: Microsoft .NET Framework\nCompany: Microsoft Corporation\nOriginalFileName: InstallUtil.exe\nHashes: SHA1=BE9360E88838D064C2A13E8F154FD79D3B8BA0E1,MD5=4E481FD8FB0F3BDEE93ABF6D3C614EB7,SHA256=9E8EB9A066BCC4DCC56AED56B73688922B5F921901938D8C02817D5390543585,IMPHASH=00000000000000000000000000000000\nSigned: true\nSignature: Microsoft Corporation\nSignatureStatus: Valid","ecs":{"version":"1.1.0"},"host":{"name":"WECServer"},"agent":{"type":"winlogbeat","ephemeral_id":"df5ad137-6594-4bd7-a3eb-e0eda670370c","hostname":"WECServer","id":"f8e32ecf-6ac8-4748-86ec-f026490623c4","version":"7.4.0"},"winlog":{"task":"Image loaded (rule: ImageLoad)","opcode":"Info","provider_guid":"{5770385f-c22a-43e0-bf4c-06f5698ffbd9}","process":{"pid":3208,"thread":{"id":5108}},"channel":"Microsoft-Windows-Sysmon/Operational","event_id":7,"version":3,"event_data":{"Signature":"Microsoft Corporation","Image":"C:\\Windows\\Microsoft.NET\\Framework64\\v4.0.30319\\InstallUtil.exe","ImageLoaded":"C:\\Windows\\Microsoft.NET\\Framework64\\v4.0.30319\\InstallUtil.exe","Description":".NET Framework installation utility","OriginalFileName":"InstallUtil.exe","Product":"Microsoft .NET Framework","ProcessGuid":"{a158f72c-530d-5db6-0000-001011f7af00}","Signed":"true","Hashes":"SHA1=BE9360E88838D064C2A13E8F154FD79D3B8BA0E1,MD5=4E481FD8FB0F3BDEE93ABF6D3C614EB7,SHA256=9E8EB9A066BCC4DCC56AED56B73688922B5F921901938D8C02817D5390543585,IMPHASH=00000000000000000000000000000000","SignatureStatus":"Valid","Company":"Microsoft Corporation","UtcTime":"2019-10-28 02:31:41.533","ProcessId":"5204","FileVersion":"4.8.3752.0 built by: NET48REL1"},"user":{"identifier":"S-1-5-18","name":"SYSTEM","domain":"NT AUTHORITY","type":"User"},"provider_name":"Microsoft-Windows-Sysmon","api":"wineventlog","record_id":271692,"computer_name":"ACCT001.shire.com"},"event":{"code":7,"action":"Image loaded (rule: ImageLoad)","created":"2019-10-28T02:31:42.516Z","kind":"event"}}
{"@timestamp":"2019-10-28T02:31:41.537Z","@metadata":{"beat":"winlogbeat","type":"_doc","version":"7.4.0","topic":"winlogbeat"},"host":{"name":"WECServer"},"agent":{"type":"winlogbeat","ephemeral_id":"df5ad137-6594-4bd7-a3eb-e0eda670370c","hostname":"WECServer","id":"f8e32ecf-6ac8-4748-86ec-f026490623c4","version":"7.4.0"},"log":{"level":"information"},"message":"Image loaded:\nRuleName: \nUtcTime: 2019-10-28 02:31:41.533\nProcessGuid: {a158f72c-530d-5db6-0000-001011f7af00}\nProcessId: 5204\nImage: C:\\Windows\\Microsoft.NET\\Framework64\\v4.0.30319\\InstallUtil.exe\nImageLoaded: C:\\Windows\\System32\\ntdll.dll\nFileVersion: 10.0.18362.1 (WinBuild.160101.0800)\nDescription: NT Layer DLL\nProduct: Microsoft Windows Operating System\nCompany: Microsoft Corporation\nOriginalFileName: ntdll.dll\nHashes: SHA1=C5085044059F466DF8C513B615AAF2F43DCD2ADA,MD5=3239D9CDC68757AB4620B3AC127E18C5,SHA256=D6DA3BB97F6839436A9399D087138CA44B50E5674C4C8093CE41A4C1658C7259,IMPHASH=00000000000000000000000000000000\nSigned: true\nSignature: Microsoft Windows\nSignatureStatus: Valid","winlog":{"event_id":7,"api":"wineventlog","version":3,"process":{"pid":3208,"thread":{"id":5108}},"event_data":{"ImageLoaded":"C:\\Windows\\System32\\ntdll.dll","Signed":"true","Product":"Microsoft Windows Operating System","Signature":"Microsoft Windows","Company":"Microsoft Corporation","UtcTime":"2019-10-28 02:31:41.533","Image":"C:\\Windows\\Microsoft.NET\\Framework64\\v4.0.30319\\InstallUtil.exe","Hashes":"SHA1=C5085044059F466DF8C513B615AAF2F43DCD2ADA,MD5=3239D9CDC68757AB4620B3AC127E18C5,SHA256=D6DA3BB97F6839436A9399D087138CA44B50E5674C4C8093CE41A4C1658C7259,IMPHASH=00000000000000000000000000000000","SignatureStatus":"Valid","ProcessId":"5204","ProcessGuid":"{a158f72c-530d-5db6-0000-001011f7af00}","FileVersion":"10.0.18362.1 (WinBuild.160101.0800)","OriginalFileName":"ntdll.dll","Description":"NT Layer DLL"},"opcode":"Info","provider_name":"Microsoft-Windows-Sysmon","provider_guid":"{5770385f-c22a-43e0-bf4c-06f5698ffbd9}","user":{"identifier":"S-1-5-18","name":"SYSTEM","domain":"NT AUTHORITY","type":"User"},"channel":"Microsoft-Windows-Sysmon/Operational","record_id":271693,"task":"Image loaded (rule: ImageLoad)","computer_name":"ACCT001.shire.com"},"event":{"code":7,"action":"Image loaded (rule: ImageLoad)","created":"2019-10-28T02:31:42.516Z","kind":"event"},"ecs":{"version":"1.1.0"}}
{"@timestamp":"2019-10-28T02:31:41.538Z","@metadata":{"beat":"winlogbeat","type":"_doc","version":"7.4.0","topic":"winlogbeat"},"log":{"level":"information"},"message":"Image loaded:\nRuleName: \nUtcTime: 2019-10-28 02:31:41.533\nProcessGuid: {a158f72c-530d-5db6-0000-001011f7af00}\nProcessId: 5204\nImage: C:\\Windows\\Microsoft.NET\\Framework64\\v4.0.30319\\InstallUtil.exe\nImageLoaded: C:\\Windows\\System32\\mscoree.dll\nFileVersion: 10.0.18362.1 (WinBuild.160101.0800)\nDescription: Microsoft .NET Runtime Execution Engine\nProduct: Microsoft Windows Operating System\nCompany: Microsoft Corporation\nOriginalFileName: mscoree.dll\nHashes: SHA1=5029F9119FE1D6679666C5DF2441EA656D39A6EE,MD5=8FFAA80338156FD443D34F4CE9BD8431,SHA256=696A78B8C7E32163E3752A8D73A13C70C12BBB05E20EB28295B786E5A88D7FDB,IMPHASH=65F23EFA1EB51A5DAAB399BFAA840074\nSigned: true\nSignature: Microsoft Windows\nSignatureStatus: Valid","ecs":{"version":"1.1.0"},"host":{"name":"WECServer"},"agent":{"id":"f8e32ecf-6ac8-4748-86ec-f026490623c4","version":"7.4.0","type":"winlogbeat","ephemeral_id":"df5ad137-6594-4bd7-a3eb-e0eda670370c","hostname":"WECServer"},"winlog":{"channel":"Microsoft-Windows-Sysmon/Operational","task":"Image loaded (rule: ImageLoad)","record_id":271694,"api":"wineventlog","process":{"pid":3208,"thread":{"id":5108}},"opcode":"Info","provider_guid":"{5770385f-c22a-43e0-bf4c-06f5698ffbd9}","user":{"identifier":"S-1-5-18","name":"SYSTEM","domain":"NT AUTHORITY","type":"User"},"event_data":{"Company":"Microsoft Corporation","Image":"C:\\Windows\\Microsoft.NET\\Framework64\\v4.0.30319\\InstallUtil.exe","Hashes":"SHA1=5029F9119FE1D6679666C5DF2441EA656D39A6EE,MD5=8FFAA80338156FD443D34F4CE9BD8431,SHA256=696A78B8C7E32163E3752A8D73A13C70C12BBB05E20EB28295B786E5A88D7FDB,IMPHASH=65F23EFA1EB51A5DAAB399BFAA840074","Description":"Microsoft .NET Runtime Execution Engine","ImageLoaded":"C:\\Windows\\System32\\mscoree.dll","OriginalFileName":"mscoree.dll","UtcTime":"2019-10-28 02:31:41.533","ProcessId":"5204","ProcessGuid":"{a158f72c-530d-5db6-0000-001011f7af00}","Signature":"Microsoft Windows","SignatureStatus":"Valid","Product":"Microsoft Windows Operating System","Signed":"true","FileVersion":"10.0.18362.1 (WinBuild.160101.0800)"},"version":3,"computer_name":"ACCT001.shire.com","event_id":7,"provider_name":"Microsoft-Windows-Sysmon"},"event":{"created":"2019-10-28T02:31:42.516Z","kind":"event","code":7,"action":"Image loaded (rule: ImageLoad)"}}
{"@timestamp":"2019-10-28T02:31:41.539Z","@metadata":{"beat":"winlogbeat","type":"_doc","version":"7.4.0","topic":"winlogbeat"},"host":{"name":"WECServer"},"winlog":{"record_id":271695,"task":"Image loaded (rule: ImageLoad)","version":3,"user":{"identifier":"S-1-5-18","name":"SYSTEM","domain":"NT AUTHORITY","type":"User"},"provider_name":"Microsoft-Windows-Sysmon","computer_name":"ACCT001.shire.com","opcode":"Info","process":{"thread":{"id":5108},"pid":3208},"event_data":{"ProcessId":"5204","Product":"Microsoft Windows Operating System","FileVersion":"10.0.18362.1 (WinBuild.160101.0800)","OriginalFileName":"kernel32","Signed":"true","Description":"Windows NT BASE API Client DLL","SignatureStatus":"Valid","Image":"C:\\Windows\\Microsoft.NET\\Framework64\\v4.0.30319\\InstallUtil.exe","Company":"Microsoft Corporation","Signature":"Microsoft Windows","ProcessGuid":"{a158f72c-530d-5db6-0000-001011f7af00}","UtcTime":"2019-10-28 02:31:41.533","ImageLoaded":"C:\\Windows\\System32\\kernel32.dll","Hashes":"SHA1=B4016D4A9016F977587BD5E4D194148ED350A3D2,MD5=AEC7A212F781FDEE765290B97F44816D,SHA256=1D96FBCDE4FBC5E55F439D08AE1F42136153C7F92DBB64C5A98592365122DE4E,IMPHASH=F9F97E60CFCD78BE051D9570C88FFB6F"},"event_id":7,"api":"wineventlog","channel":"Microsoft-Windows-Sysmon/Operational","provider_guid":"{5770385f-c22a-43e0-bf4c-06f5698ffbd9}"},"event":{"kind":"event","code":7,"action":"Image loaded (rule: ImageLoad)","created":"2019-10-28T02:31:42.516Z"},"log":{"level":"information"},"message":"Image loaded:\nRuleName: \nUtcTime: 2019-10-28 02:31:41.533\nProcessGuid: {a158f72c-530d-5db6-0000-001011f7af00}\nProcessId: 5204\nImage: C:\\Windows\\Microsoft.NET\\Framework64\\v4.0.30319\\InstallUtil.exe\nImageLoaded: C:\\Windows\\System32\\kernel32.dll\nFileVersion: 10.0.18362.1 (WinBuild.160101.0800)\nDescription: Windows NT BASE API Client DLL\nProduct: Microsoft Windows Operating System\nCompany: Microsoft Corporation\nOriginalFileName: kernel32\nHashes: SHA1=B4016D4A9016F977587BD5E4D194148ED350A3D2,MD5=AEC7A212F781FDEE765290B97F44816D,SHA256=1D96FBCDE4FBC5E55F439D08AE1F42136153C7F92DBB64C5A98592365122DE4E,IMPHASH=F9F97E60CFCD78BE051D9570C88FFB6F\nSigned: true\nSignature: Microsoft Windows\nSignatureStatus: Valid","agent":{"type":"winlogbeat","ephemeral_id":"df5ad137-6594-4bd7-a3eb-e0eda670370c","hostname":"WECServer","id":"f8e32ecf-6ac8-4748-86ec-f026490623c4","version":"7.4.0"},"ecs":{"version":"1.1.0"}}
{"@timestamp":"2019-10-28T02:31:41.539Z","@metadata":{"beat":"winlogbeat","type":"_doc","version":"7.4.0","topic":"winlogbeat"},"event":{"code":7,"action":"Image loaded (rule: ImageLoad)","created":"2019-10-28T02:31:42.516Z","kind":"event"},"log":{"level":"information"},"message":"Image loaded:\nRuleName: \nUtcTime: 2019-10-28 02:31:41.533\nProcessGuid: {a158f72c-530d-5db6-0000-001011f7af00}\nProcessId: 5204\nImage: C:\\Windows\\Microsoft.NET\\Framework64\\v4.0.30319\\InstallUtil.exe\nImageLoaded: C:\\Windows\\System32\\KernelBase.dll\nFileVersion: 10.0.18362.1 (WinBuild.160101.0800)\nDescription: Windows NT BASE API Client DLL\nProduct: Microsoft Windows Operating System\nCompany: Microsoft Corporation\nOriginalFileName: Kernelbase.dll\nHashes: SHA1=3A200170DB32A6FB4A82764086D6E2427C9A9A33,MD5=F6749BD7C5D1E8E4BB687091254D23D6,SHA256=4C51E2E15CA843D8F121656329C1B363FA1E65484C5989E89173D4389126E7A8,IMPHASH=EE04B80B0375B4716981CFBD3F0E9003\nSigned: true\nSignature: Microsoft Windows\nSignatureStatus: Valid","ecs":{"version":"1.1.0"},"host":{"name":"WECServer"},"agent":{"id":"f8e32ecf-6ac8-4748-86ec-f026490623c4","version":"7.4.0","type":"winlogbeat","ephemeral_id":"df5ad137-6594-4bd7-a3eb-e0eda670370c","hostname":"WECServer"},"winlog":{"api":"wineventlog","computer_name":"ACCT001.shire.com","version":3,"user":{"type":"User","identifier":"S-1-5-18","name":"SYSTEM","domain":"NT AUTHORITY"},"event_id":7,"process":{"pid":3208,"thread":{"id":5108}},"channel":"Microsoft-Windows-Sysmon/Operational","task":"Image loaded (rule: ImageLoad)","record_id":271696,"provider_name":"Microsoft-Windows-Sysmon","opcode":"Info","provider_guid":"{5770385f-c22a-43e0-bf4c-06f5698ffbd9}","event_data":{"FileVersion":"10.0.18362.1 (WinBuild.160101.0800)","OriginalFileName":"Kernelbase.dll","Signed":"true","Company":"Microsoft Corporation","ImageLoaded":"C:\\Windows\\System32\\KernelBase.dll","Description":"Windows NT BASE API Client DLL","Signature":"Microsoft Windows","SignatureStatus":"Valid","ProcessId":"5204","Product":"Microsoft Windows Operating System","UtcTime":"2019-10-28 02:31:41.533","Image":"C:\\Windows\\Microsoft.NET\\Framework64\\v4.0.30319\\InstallUtil.exe","Hashes":"SHA1=3A200170DB32A6FB4A82764086D6E2427C9A9A33,MD5=F6749BD7C5D1E8E4BB687091254D23D6,SHA256=4C51E2E15CA843D8F121656329C1B363FA1E65484C5989E89173D4389126E7A8,IMPHASH=EE04B80B0375B4716981CFBD3F0E9003","ProcessGuid":"{a158f72c-530d-5db6-0000-001011f7af00}"}}}
{"@timestamp":"2019-10-28T02:31:41.540Z","@metadata":{"beat":"winlogbeat","type":"_doc","version":"7.4.0","topic":"winlogbeat"},"message":"Process accessed:\nRuleName: \nUtcTime: 2019-10-28 02:31:41.533\nSourceProcessGUID: {a158f72c-3a9b-5db6-0000-001002ed8b00}\nSourceProcessId: 4792\nSourceThreadId: 1336\nSourceImage: C:\\Windows\\system32\\conhost.exe\nTargetProcessGUID: {a158f72c-530d-5db6-0000-001011f7af00}\nTargetProcessId: 5204\nTargetImage: C:\\Windows\\Microsoft.NET\\Framework64\\v4.0.30319\\InstallUtil.exe\nGrantedAccess: 0x1FFFFF\nCallTrace: C:\\Windows\\SYSTEM32\\ntdll.dll+9c524|C:\\Windows\\System32\\KERNELBASE.dll+2730e|C:\\Windows\\system32\\conhost.exe+1260d|C:\\Windows\\system32\\conhost.exe+12505|C:\\Windows\\system32\\conhost.exe+895c|C:\\Windows\\system32\\conhost.exe+f2e6|C:\\Windows\\System32\\KERNEL32.DLL+17944|C:\\Windows\\SYSTEM32\\ntdll.dll+6ce71","ecs":{"version":"1.1.0"},"host":{"name":"WECServer"},"agent":{"id":"f8e32ecf-6ac8-4748-86ec-f026490623c4","version":"7.4.0","type":"winlogbeat","ephemeral_id":"df5ad137-6594-4bd7-a3eb-e0eda670370c","hostname":"WECServer"},"winlog":{"event_id":10,"computer_name":"ACCT001.shire.com","provider_guid":"{5770385f-c22a-43e0-bf4c-06f5698ffbd9}","channel":"Microsoft-Windows-Sysmon/Operational","provider_name":"Microsoft-Windows-Sysmon","task":"Process accessed (rule: ProcessAccess)","opcode":"Info","process":{"pid":3208,"thread":{"id":5108}},"api":"wineventlog","user":{"name":"SYSTEM","domain":"NT AUTHORITY","type":"User","identifier":"S-1-5-18"},"record_id":271697,"version":3,"event_data":{"UtcTime":"2019-10-28 02:31:41.533","SourceProcessGUID":"{a158f72c-3a9b-5db6-0000-001002ed8b00}","TargetProcessGUID":"{a158f72c-530d-5db6-0000-001011f7af00}","TargetProcessId":"5204","CallTrace":"C:\\Windows\\SYSTEM32\\ntdll.dll+9c524|C:\\Windows\\System32\\KERNELBASE.dll+2730e|C:\\Windows\\system32\\conhost.exe+1260d|C:\\Windows\\system32\\conhost.exe+12505|C:\\Windows\\system32\\conhost.exe+895c|C:\\Windows\\system32\\conhost.exe+f2e6|C:\\Windows\\System32\\KERNEL32.DLL+17944|C:\\Windows\\SYSTEM32\\ntdll.dll+6ce71","TargetImage":"C:\\Windows\\Microsoft.NET\\Framework64\\v4.0.30319\\InstallUtil.exe","GrantedAccess":"0x1fffff","SourceProcessId":"4792","SourceThreadId":"1336","SourceImage":"C:\\Windows\\system32\\conhost.exe"}},"event":{"code":10,"action":"Process accessed (rule: ProcessAccess)","created":"2019-10-28T02:31:42.516Z","kind":"event"},"log":{"level":"information"}}
{"@timestamp":"2019-10-28T02:31:41.541Z","@metadata":{"beat":"winlogbeat","type":"_doc","version":"7.4.0","topic":"winlogbeat"},"log":{"level":"information"},"message":"Image loaded:\nRuleName: \nUtcTime: 2019-10-28 02:31:41.533\nProcessGuid: {a158f72c-530d-5db6-0000-001011f7af00}\nProcessId: 5204\nImage: C:\\Windows\\Microsoft.NET\\Framework64\\v4.0.30319\\InstallUtil.exe\nImageLoaded: C:\\Windows\\System32\\advapi32.dll\nFileVersion: 10.0.18362.1 (WinBuild.160101.0800)\nDescription: Advanced Windows 32 Base API\nProduct: Microsoft Windows Operating System\nCompany: Microsoft Corporation\nOriginalFileName: advapi32.dll\nHashes: SHA1=51A6EA37D4F84790C3E0294245F9ABDF5E07079C,MD5=DA132C88434FE7689E9503ACA5CD93B3,SHA256=E1D2CEF7DEF91E45317C03DC64764AF145AA74468881CCEF0666B39A87DF9EE3,IMPHASH=2EC97399E2184A00955C40B48ABB77B5\nSigned: true\nSignature: Microsoft Windows\nSignatureStatus: Valid","winlog":{"event_id":7,"user":{"domain":"NT AUTHORITY","type":"User","identifier":"S-1-5-18","name":"SYSTEM"},"provider_name":"Microsoft-Windows-Sysmon","api":"wineventlog","channel":"Microsoft-Windows-Sysmon/Operational","event_data":{"Description":"Advanced Windows 32 Base API","ProcessId":"5204","Image":"C:\\Windows\\Microsoft.NET\\Framework64\\v4.0.30319\\InstallUtil.exe","ImageLoaded":"C:\\Windows\\System32\\advapi32.dll","ProcessGuid":"{a158f72c-530d-5db6-0000-001011f7af00}","SignatureStatus":"Valid","Company":"Microsoft Corporation","Signature":"Microsoft Windows","FileVersion":"10.0.18362.1 (WinBuild.160101.0800)","Hashes":"SHA1=51A6EA37D4F84790C3E0294245F9ABDF5E07079C,MD5=DA132C88434FE7689E9503ACA5CD93B3,SHA256=E1D2CEF7DEF91E45317C03DC64764AF145AA74468881CCEF0666B39A87DF9EE3,IMPHASH=2EC97399E2184A00955C40B48ABB77B5","Product":"Microsoft Windows Operating System","Signed":"true","UtcTime":"2019-10-28 02:31:41.533","OriginalFileName":"advapi32.dll"},"task":"Image loaded (rule: ImageLoad)","computer_name":"ACCT001.shire.com","opcode":"Info","version":3,"process":{"pid":3208,"thread":{"id":5108}},"record_id":271698,"provider_guid":"{5770385f-c22a-43e0-bf4c-06f5698ffbd9}"},"event":{"action":"Image loaded (rule: ImageLoad)","created":"2019-10-28T02:31:42.516Z","kind":"event","code":7},"ecs":{"version":"1.1.0"},"host":{"name":"WECServer"},"agent":{"type":"winlogbeat","ephemeral_id":"df5ad137-6594-4bd7-a3eb-e0eda670370c","hostname":"WECServer","id":"f8e32ecf-6ac8-4748-86ec-f026490623c4","version":"7.4.0"}}
{"@timestamp":"2019-10-28T02:31:41.541Z","@metadata":{"beat":"winlogbeat","type":"_doc","version":"7.4.0","topic":"winlogbeat"},"winlog":{"provider_name":"Microsoft-Windows-Sysmon","version":3,"computer_name":"ACCT001.shire.com","user":{"domain":"NT AUTHORITY","type":"User","identifier":"S-1-5-18","name":"SYSTEM"},"channel":"Microsoft-Windows-Sysmon/Operational","provider_guid":"{5770385f-c22a-43e0-bf4c-06f5698ffbd9}","process":{"pid":3208,"thread":{"id":5108}},"event_data":{"FileVersion":"7.0.18362.1 (WinBuild.160101.0800)","Company":"Microsoft Corporation","UtcTime":"2019-10-28 02:31:41.533","Hashes":"SHA1=0EA4B3CFB14E49CEC0D42FF0F1FA989E69647A8F,MD5=36354D9B5B0A58A4B9A19103852C00A2,SHA256=E5A863D3F4BFEFED7D73A7B1499F81B7235BC9AE3C108065041BCB8E5446B1BB,IMPHASH=1273683626EBBA703979F188A1E64237","ProcessGuid":"{a158f72c-530d-5db6-0000-001011f7af00}","ProcessId":"5204","Image":"C:\\Windows\\Microsoft.NET\\Framework64\\v4.0.30319\\InstallUtil.exe","Signed":"true","ImageLoaded":"C:\\Windows\\System32\\msvcrt.dll","Signature":"Microsoft Windows","OriginalFileName":"msvcrt.dll","SignatureStatus":"Valid","Description":"Windows NT CRT DLL","Product":"Microsoft Windows Operating System"},"opcode":"Info","event_id":7,"record_id":271699,"task":"Image loaded (rule: ImageLoad)","api":"wineventlog"},"event":{"kind":"event","code":7,"action":"Image loaded (rule: ImageLoad)","created":"2019-10-28T02:31:42.516Z"},"log":{"level":"information"},"message":"Image loaded:\nRuleName: \nUtcTime: 2019-10-28 02:31:41.533\nProcessGuid: {a158f72c-530d-5db6-0000-001011f7af00}\nProcessId: 5204\nImage: C:\\Windows\\Microsoft.NET\\Framework64\\v4.0.30319\\InstallUtil.exe\nImageLoaded: C:\\Windows\\System32\\msvcrt.dll\nFileVersion: 7.0.18362.1 (WinBuild.160101.0800)\nDescription: Windows NT CRT DLL\nProduct: Microsoft Windows Operating System\nCompany: Microsoft Corporation\nOriginalFileName: msvcrt.dll\nHashes: SHA1=0EA4B3CFB14E49CEC0D42FF0F1FA989E69647A8F,MD5=36354D9B5B0A58A4B9A19103852C00A2,SHA256=E5A863D3F4BFEFED7D73A7B1499F81B7235BC9AE3C108065041BCB8E5446B1BB,IMPHASH=1273683626EBBA703979F188A1E64237\nSigned: true\nSignature: Microsoft Windows\nSignatureStatus: Valid","ecs":{"version":"1.1.0"},"host":{"name":"WECServer"},"agent":{"type":"winlogbeat","ephemeral_id":"df5ad137-6594-4bd7-a3eb-e0eda670370c","hostname":"WECServer","id":"f8e32ecf-6ac8-4748-86ec-f026490623c4","version":"7.4.0"}}
{"@timestamp":"2019-10-28T02:31:41.542Z","@metadata":{"beat":"winlogbeat","type":"_doc","version":"7.4.0","topic":"winlogbeat"},"winlog":{"opcode":"Info","provider_guid":"{5770385f-c22a-43e0-bf4c-06f5698ffbd9}","version":3,"event_id":7,"record_id":271700,"provider_name":"Microsoft-Windows-Sysmon","task":"Image loaded (rule: ImageLoad)","computer_name":"ACCT001.shire.com","channel":"Microsoft-Windows-Sysmon/Operational","user":{"identifier":"S-1-5-18","name":"SYSTEM","domain":"NT AUTHORITY","type":"User"},"event_data":{"Company":"Microsoft Corporation","Image":"C:\\Windows\\Microsoft.NET\\Framework64\\v4.0.30319\\InstallUtil.exe","ProcessGuid":"{a158f72c-530d-5db6-0000-001011f7af00}","ProcessId":"5204","Signature":"Microsoft Windows","OriginalFileName":"sechost.dll","Signed":"true","UtcTime":"2019-10-28 02:31:41.533","Hashes":"SHA1=00DAFA555E44301C9C42F165DD223D8CE5EA23BD,MD5=9C897DB5845E9D0CC704CB0CC8674369,SHA256=5E826F83B929A9993DC31F448E1D15E7394A332585A6150170592E908316B19A,IMPHASH=CE4BD072766253F6A267D0284CA82002","Product":"Microsoft Windows Operating System","FileVersion":"10.0.18362.1 (WinBuild.160101.0800)","SignatureStatus":"Valid","ImageLoaded":"C:\\Windows\\System32\\sechost.dll","Description":"Host for SCM/SDDL/LSA Lookup APIs"},"process":{"pid":3208,"thread":{"id":5108}},"api":"wineventlog"},"ecs":{"version":"1.1.0"},"host":{"name":"WECServer"},"agent":{"version":"7.4.0","type":"winlogbeat","ephemeral_id":"df5ad137-6594-4bd7-a3eb-e0eda670370c","hostname":"WECServer","id":"f8e32ecf-6ac8-4748-86ec-f026490623c4"},"event":{"created":"2019-10-28T02:31:42.516Z","kind":"event","code":7,"action":"Image loaded (rule: ImageLoad)"},"log":{"level":"information"},"message":"Image loaded:\nRuleName: \nUtcTime: 2019-10-28 02:31:41.533\nProcessGuid: {a158f72c-530d-5db6-0000-001011f7af00}\nProcessId: 5204\nImage: C:\\Windows\\Microsoft.NET\\Framework64\\v4.0.30319\\InstallUtil.exe\nImageLoaded: C:\\Windows\\System32\\sechost.dll\nFileVersion: 10.0.18362.1 (WinBuild.160101.0800)\nDescription: Host for SCM/SDDL/LSA Lookup APIs\nProduct: Microsoft Windows Operating System\nCompany: Microsoft Corporation\nOriginalFileName: sechost.dll\nHashes: SHA1=00DAFA555E44301C9C42F165DD223D8CE5EA23BD,MD5=9C897DB5845E9D0CC704CB0CC8674369,SHA256=5E826F83B929A9993DC31F448E1D15E7394A332585A6150170592E908316B19A,IMPHASH=CE4BD072766253F6A267D0284CA82002\nSigned: true\nSignature: Microsoft Windows\nSignatureStatus: Valid"}
{"@timestamp":"2019-10-28T02:31:41.542Z","@metadata":{"beat":"winlogbeat","type":"_doc","version":"7.4.0","topic":"winlogbeat"},"agent":{"type":"winlogbeat","ephemeral_id":"df5ad137-6594-4bd7-a3eb-e0eda670370c","hostname":"WECServer","id":"f8e32ecf-6ac8-4748-86ec-f026490623c4","version":"7.4.0"},"ecs":{"version":"1.1.0"},"host":{"name":"WECServer"},"winlog":{"process":{"pid":3208,"thread":{"id":5108}},"event_id":7,"provider_name":"Microsoft-Windows-Sysmon","opcode":"Info","channel":"Microsoft-Windows-Sysmon/Operational","task":"Image loaded (rule: ImageLoad)","event_data":{"Image":"C:\\Windows\\Microsoft.NET\\Framework64\\v4.0.30319\\InstallUtil.exe","UtcTime":"2019-10-28 02:31:41.533","FileVersion":"10.0.18362.1 (WinBuild.160101.0800)","Description":"Remote Procedure Call Runtime","Hashes":"SHA1=66B3BD2329E351529C9DF1907C080328FD758CDC,MD5=F1ECA4F2ED08CE2D0C41E1200E2961F9,SHA256=78C4D3F9607A399DCD96E9067A14F143E9838FB02E78E7775675BC7D46D8D703,IMPHASH=88E7E7C7FA90052EC162DD37F2B7C7BD","SignatureStatus":"Valid","ProcessGuid":"{a158f72c-530d-5db6-0000-001011f7af00}","OriginalFileName":"rpcrt4.dll","Product":"Microsoft Windows Operating System","ProcessId":"5204","Company":"Microsoft Corporation","Signed":"true","ImageLoaded":"C:\\Windows\\System32\\rpcrt4.dll","Signature":"Microsoft Windows"},"record_id":271701,"api":"wineventlog","computer_name":"ACCT001.shire.com","provider_guid":"{5770385f-c22a-43e0-bf4c-06f5698ffbd9}","version":3,"user":{"name":"SYSTEM","domain":"NT AUTHORITY","type":"User","identifier":"S-1-5-18"}},"event":{"kind":"event","code":7,"action":"Image loaded (rule: ImageLoad)","created":"2019-10-28T02:31:42.516Z"},"log":{"level":"information"},"message":"Image loaded:\nRuleName: \nUtcTime: 2019-10-28 02:31:41.533\nProcessGuid: {a158f72c-530d-5db6-0000-001011f7af00}\nProcessId: 5204\nImage: C:\\Windows\\Microsoft.NET\\Framework64\\v4.0.30319\\InstallUtil.exe\nImageLoaded: C:\\Windows\\System32\\rpcrt4.dll\nFileVersion: 10.0.18362.1 (WinBuild.160101.0800)\nDescription: Remote Procedure Call Runtime\nProduct: Microsoft Windows Operating System\nCompany: Microsoft Corporation\nOriginalFileName: rpcrt4.dll\nHashes: SHA1=66B3BD2329E351529C9DF1907C080328FD758CDC,MD5=F1ECA4F2ED08CE2D0C41E1200E2961F9,SHA256=78C4D3F9607A399DCD96E9067A14F143E9838FB02E78E7775675BC7D46D8D703,IMPHASH=88E7E7C7FA90052EC162DD37F2B7C7BD\nSigned: true\nSignature: Microsoft Windows\nSignatureStatus: Valid"}
{"@timestamp":"2019-10-28T02:31:41.544Z","@metadata":{"beat":"winlogbeat","type":"_doc","version":"7.4.0","topic":"winlogbeat"},"agent":{"type":"winlogbeat","ephemeral_id":"df5ad137-6594-4bd7-a3eb-e0eda670370c","hostname":"WECServer","id":"f8e32ecf-6ac8-4748-86ec-f026490623c4","version":"7.4.0"},"event":{"code":7,"action":"Image loaded (rule: ImageLoad)","created":"2019-10-28T02:31:42.516Z","kind":"event"},"log":{"level":"information"},"message":"Image loaded:\nRuleName: \nUtcTime: 2019-10-28 02:31:41.533\nProcessGuid: {a158f72c-530d-5db6-0000-001011f7af00}\nProcessId: 5204\nImage: C:\\Windows\\Microsoft.NET\\Framework64\\v4.0.30319\\InstallUtil.exe\nImageLoaded: C:\\Windows\\Microsoft.NET\\Framework64\\v4.0.30319\\mscoreei.dll\nFileVersion: 4.8.3752.0 built by: NET48REL1\nDescription: Microsoft .NET Runtime Execution Engine\nProduct: Microsoft .NET Framework\nCompany: Microsoft Corporation\nOriginalFileName: mscoreei.dll\nHashes: SHA1=E17128B0B9240B1686C2C649F7769013E9E281DD,MD5=72CDCA95ABB5D243922BC191FBE79742,SHA256=07073E71F6B15091DF109CF97C26862755F013FF99382C08979C7DB2699DF50F,IMPHASH=005299FA213F652A596AC31760C5340B\nSigned: true\nSignature: Microsoft Corporation\nSignatureStatus: Valid","winlog":{"channel":"Microsoft-Windows-Sysmon/Operational","api":"wineventlog","event_data":{"Product":"Microsoft .NET Framework","Hashes":"SHA1=E17128B0B9240B1686C2C649F7769013E9E281DD,MD5=72CDCA95ABB5D243922BC191FBE79742,SHA256=07073E71F6B15091DF109CF97C26862755F013FF99382C08979C7DB2699DF50F,IMPHASH=005299FA213F652A596AC31760C5340B","ImageLoaded":"C:\\Windows\\Microsoft.NET\\Framework64\\v4.0.30319\\mscoreei.dll","Image":"C:\\Windows\\Microsoft.NET\\Framework64\\v4.0.30319\\InstallUtil.exe","Company":"Microsoft Corporation","OriginalFileName":"mscoreei.dll","FileVersion":"4.8.3752.0 built by: NET48REL1","Signed":"true","Description":"Microsoft .NET Runtime Execution Engine","SignatureStatus":"Valid","UtcTime":"2019-10-28 02:31:41.533","ProcessGuid":"{a158f72c-530d-5db6-0000-001011f7af00}","ProcessId":"5204","Signature":"Microsoft Corporation"},"provider_name":"Microsoft-Windows-Sysmon","record_id":271702,"provider_guid":"{5770385f-c22a-43e0-bf4c-06f5698ffbd9}","user":{"identifier":"S-1-5-18","name":"SYSTEM","domain":"NT AUTHORITY","type":"User"},"event_id":7,"opcode":"Info","process":{"pid":3208,"thread":{"id":5108}},"task":"Image loaded (rule: ImageLoad)","computer_name":"ACCT001.shire.com","version":3},"ecs":{"version":"1.1.0"},"host":{"name":"WECServer"}}
