{"@timestamp":"2019-10-28T02:32:00.019Z","@metadata":{"beat":"winlogbeat","type":"_doc","version":"7.4.0","topic":"winlogbeat"},"log":{"level":"information"},"message":"A privileged service was called.\n\nSubject:\n\tSecurity ID:\t\tS-1-5-19\n\tAccount Name:\t\tLOCAL SERVICE\n\tAccount Domain:\t\tNT AUTHORITY\n\tLogon ID:\t\t0x3E5\n\nService:\n\tServer:\tSecurity\n\tService Name:\t-\n\nProcess:\n\tProcess ID:\t0x3f8\n\tProcess Name:\tC:\\Windows\\System32\\svchost.exe\n\nService Request Information:\n\tPrivileges:\t\tSeProfileSingleProcessPrivilege","ecs":{"version":"1.1.0"},"host":{"name":"WECServer"},"agent":{"type":"winlogbeat","ephemeral_id":"df5ad137-6594-4bd7-a3eb-e0eda670370c","hostname":"WECServer","id":"f8e32ecf-6ac8-4748-86ec-f026490623c4","version":"7.4.0"},"winlog":{"task":"Sensitive Privilege Use","process":{"thread":{"id":372},"pid":4},"opcode":"Info","provider_guid":"{54849625-5478-4994-a5ba-3e3b0328c30d}","computer_name":"HFDC01.shire.com","keywords":["Audit Failure"],"event_data":{"SubjectUserSid":"S-1-5-19","SubjectUserName":"LOCAL SERVICE","ProcessName":"C:\\Windows\\System32\\svchost.exe","PrivilegeList":"SeProfileSingleProcessPrivilege","ProcessId":"0x3f8","SubjectDomainName":"NT AUTHORITY","ObjectServer":"Security","SubjectLogonId":"0x3e5","Service":"-"},"event_id":4673,"provider_name":"Microsoft-Windows-Security-Auditing","channel":"Security","api":"wineventlog","record_id":116093},"event":{"created":"2019-10-28T02:32:01.703Z","kind":"event","code":4673,"action":"Sensitive Privilege Use"}}
{"@timestamp":"2019-10-28T02:32:00.001Z","@metadata":{"beat":"winlogbeat","type":"_doc","version":"7.4.0","topic":"winlogbeat"},"ecs":{"version":"1.1.0"},"host":{"name":"WECServer"},"agent":{"version":"7.4.0","type":"winlogbeat","ephemeral_id":"df5ad137-6594-4bd7-a3eb-e0eda670370c","hostname":"WECServer","id":"f8e32ecf-6ac8-4748-86ec-f026490623c4"},"winlog":{"opcode":"Info","version":3,"event_data":{"SourceImage":"C:\\Windows\\system32\\svchost.exe","TargetProcessGUID":"{a158f72c-a36d-5db5-0000-001025b50200}","TargetImage":"C:\\Windows\\System32\\svchost.exe","UtcTime":"2019-10-28 02:32:00.000","SourceThreadId":"8096","GrantedAccess":"0x1000","SourceProcessGUID":"{a158f72c-a369-5db5-0000-00105ed60000}","TargetProcessId":"3844","CallTrace":"C:\\Windows\\SYSTEM32\\ntdll.dll+9c524|C:\\Windows\\System32\\KERNELBASE.dll+6a685|c:\\windows\\system32\\lsm.dll+10225|C:\\Windows\\System32\\RPCRT4.dll+76963|C:\\Windows\\System32\\RPCRT4.dll+da036|C:\\Windows\\System32\\RPCRT4.dll+37a5c|C:\\Windows\\System32\\RPCRT4.dll+548d8|C:\\Windows\\System32\\RPCRT4.dll+2c931|C:\\Windows\\System32\\RPCRT4.dll+2c1eb|C:\\Windows\\System32\\RPCRT4.dll+1a86f|C:\\Windows\\System32\\RPCRT4.dll+19d1a|C:\\Windows\\System32\\RPCRT4.dll+19301|C:\\Windows\\System32\\RPCRT4.dll+18d6e|C:\\Windows\\System32\\RPCRT4.dll+169a5|C:\\Windows\\SYSTEM32\\ntdll.dll+333fd|C:\\Windows\\SYSTEM32\\ntdll.dll+34152|C:\\Windows\\System32\\KERNEL32.DLL+17944|C:\\Windows\\SYSTEM32\\ntdll.dll+6ce71","SourceProcessId":"668"},"channel":"Microsoft-Windows-Sysmon/Operational","api":"wineventlog","provider_guid":"{5770385f-c22a-43e0-bf4c-06f5698ffbd9}","task":"Process accessed (rule: ProcessAccess)","computer_name":"HR001.shire.com","process":{"thread":{"id":5276},"pid":3980},"record_id":207885,"user":{"domain":"NT AUTHORITY","type":"User","identifier":"S-1-5-18","name":"SYSTEM"},"provider_name":"Microsoft-Windows-Sysmon","event_id":10},"event":{"kind":"event","code":10,"action":"Process accessed (rule: ProcessAccess)","created":"2019-10-28T02:32:01.703Z"},"log":{"level":"information"},"message":"Process accessed:\nRuleName: \nUtcTime: 2019-10-28 02:32:00.000\nSourceProcessGUID: {a158f72c-a369-5db5-0000-00105ed60000}\nSourceProcessId: 668\nSourceThreadId: 8096\nSourceImage: C:\\Windows\\system32\\svchost.exe\nTargetProcessGUID: {a158f72c-a36d-5db5-0000-001025b50200}\nTargetProcessId: 3844\nTargetImage: C:\\Windows\\System32\\svchost.exe\nGrantedAccess: 0x1000\nCallTrace: C:\\Windows\\SYSTEM32\\ntdll.dll+9c524|C:\\Windows\\System32\\KERNELBASE.dll+6a685|c:\\windows\\system32\\lsm.dll+10225|C:\\Windows\\System32\\RPCRT4.dll+76963|C:\\Windows\\System32\\RPCRT4.dll+da036|C:\\Windows\\System32\\RPCRT4.dll+37a5c|C:\\Windows\\System32\\RPCRT4.dll+548d8|C:\\Windows\\System32\\RPCRT4.dll+2c931|C:\\Windows\\System32\\RPCRT4.dll+2c1eb|C:\\Windows\\System32\\RPCRT4.dll+1a86f|C:\\Windows\\System32\\RPCRT4.dll+19d1a|C:\\Windows\\System32\\RPCRT4.dll+19301|C:\\Windows\\System32\\RPCRT4.dll+18d6e|C:\\Windows\\System32\\RPCRT4.dll+169a5|C:\\Windows\\SYSTEM32\\ntdll.dll+333fd|C:\\Windows\\SYSTEM32\\ntdll.dll+34152|C:\\Windows\\System32\\KERNEL32.DLL+17944|C:\\Windows\\SYSTEM32\\ntdll.dll+6ce71"}
{"@timestamp":"2019-10-28T02:32:00.001Z","@metadata":{"beat":"winlogbeat","type":"_doc","version":"7.4.0","topic":"winlogbeat"},"winlog":{"process":{"pid":3980,"thread":{"id":5276}},"provider_name":"Microsoft-Windows-Sysmon","record_id":207886,"opcode":"Info","version":3,"channel":"Microsoft-Windows-Sysmon/Operational","provider_guid":"{5770385f-c22a-43e0-bf4c-06f5698ffbd9}","event_data":{"SourceProcessGUID":"{a158f72c-a369-5db5-0000-00105ed60000}","SourceProcessId":"668","SourceThreadId":"8096","TargetProcessId":"3844","TargetImage":"C:\\Windows\\System32\\svchost.exe","SourceImage":"C:\\Windows\\system32\\svchost.exe","GrantedAccess":"0x1000","CallTrace":"C:\\Windows\\SYSTEM32\\ntdll.dll+9c524|C:\\Windows\\System32\\KERNELBASE.dll+6a685|c:\\windows\\system32\\lsm.dll+108a0|C:\\Windows\\System32\\RPCRT4.dll+76963|C:\\Windows\\System32\\RPCRT4.dll+da036|C:\\Windows\\System32\\RPCRT4.dll+37a5c|C:\\Windows\\System32\\RPCRT4.dll+548d8|C:\\Windows\\System32\\RPCRT4.dll+2c931|C:\\Windows\\System32\\RPCRT4.dll+2c1eb|C:\\Windows\\System32\\RPCRT4.dll+1a86f|C:\\Windows\\System32\\RPCRT4.dll+19d1a|C:\\Windows\\System32\\RPCRT4.dll+19301|C:\\Windows\\System32\\RPCRT4.dll+18d6e|C:\\Windows\\System32\\RPCRT4.dll+169a5|C:\\Windows\\SYSTEM32\\ntdll.dll+333fd|C:\\Windows\\SYSTEM32\\ntdll.dll+34152|C:\\Windows\\System32\\KERNEL32.DLL+17944|C:\\Windows\\SYSTEM32\\ntdll.dll+6ce71","UtcTime":"2019-10-28 02:32:00.000","TargetProcessGUID":"{a158f72c-a36d-5db5-0000-001025b50200}"},"event_id":10,"task":"Process accessed (rule: ProcessAccess)","computer_name":"HR001.shire.com","api":"wineventlog","user":{"domain":"NT AUTHORITY","type":"User","identifier":"S-1-5-18","name":"SYSTEM"}},"ecs":{"version":"1.1.0"},"host":{"name":"WECServer"},"agent":{"ephemeral_id":"df5ad137-6594-4bd7-a3eb-e0eda670370c","hostname":"WECServer","id":"f8e32ecf-6ac8-4748-86ec-f026490623c4","version":"7.4.0","type":"winlogbeat"},"event":{"action":"Process accessed (rule: ProcessAccess)","created":"2019-10-28T02:32:01.703Z","kind":"event","code":10},"log":{"level":"information"},"message":"Process accessed:\nRuleName: \nUtcTime: 2019-10-28 02:32:00.000\nSourceProcessGUID: {a158f72c-a369-5db5-0000-00105ed60000}\nSourceProcessId: 668\nSourceThreadId: 8096\nSourceImage: C:\\Windows\\system32\\svchost.exe\nTargetProcessGUID: {a158f72c-a36d-5db5-0000-001025b50200}\nTargetProcessId: 3844\nTargetImage: C:\\Windows\\System32\\svchost.exe\nGrantedAccess: 0x1000\nCallTrace: C:\\Windows\\SYSTEM32\\ntdll.dll+9c524|C:\\Windows\\System32\\KERNELBASE.dll+6a685|c:\\windows\\system32\\lsm.dll+108a0|C:\\Windows\\System32\\RPCRT4.dll+76963|C:\\Windows\\System32\\RPCRT4.dll+da036|C:\\Windows\\System32\\RPCRT4.dll+37a5c|C:\\Windows\\System32\\RPCRT4.dll+548d8|C:\\Windows\\System32\\RPCRT4.dll+2c931|C:\\Windows\\System32\\RPCRT4.dll+2c1eb|C:\\Windows\\System32\\RPCRT4.dll+1a86f|C:\\Windows\\System32\\RPCRT4.dll+19d1a|C:\\Windows\\System32\\RPCRT4.dll+19301|C:\\Windows\\System32\\RPCRT4.dll+18d6e|C:\\Windows\\System32\\RPCRT4.dll+169a5|C:\\Windows\\SYSTEM32\\ntdll.dll+333fd|C:\\Windows\\SYSTEM32\\ntdll.dll+34152|C:\\Windows\\System32\\KERNEL32.DLL+17944|C:\\Windows\\SYSTEM32\\ntdll.dll+6ce71"}
{"@timestamp":"2019-10-28T02:32:00.002Z","@metadata":{"beat":"winlogbeat","type":"_doc","version":"7.4.0","topic":"winlogbeat"},"event":{"action":"Process accessed (rule: ProcessAccess)","created":"2019-10-28T02:32:01.703Z","kind":"event","code":10},"log":{"level":"information"},"message":"Process accessed:\nRuleName: \nUtcTime: 2019-10-28 02:32:00.000\nSourceProcessGUID: {a158f72c-a369-5db5-0000-00105ed60000}\nSourceProcessId: 668\nSourceThreadId: 8096\nSourceImage: C:\\Windows\\system32\\svchost.exe\nTargetProcessGUID: {a158f72c-a36d-5db5-0000-001025b50200}\nTargetProcessId: 3844\nTargetImage: C:\\Windows\\System32\\svchost.exe\nGrantedAccess: 0x1000\nCallTrace: C:\\Windows\\SYSTEM32\\ntdll.dll+9c524|C:\\Windows\\System32\\KERNELBASE.dll+6a685|c:\\windows\\system32\\lsm.dll+106fe|C:\\Windows\\System32\\RPCRT4.dll+76963|C:\\Windows\\System32\\RPCRT4.dll+da036|C:\\Windows\\System32\\RPCRT4.dll+37a5c|C:\\Windows\\System32\\RPCRT4.dll+548d8|C:\\Windows\\System32\\RPCRT4.dll+2c931|C:\\Windows\\System32\\RPCRT4.dll+2c1eb|C:\\Windows\\System32\\RPCRT4.dll+1a86f|C:\\Windows\\System32\\RPCRT4.dll+19d1a|C:\\Windows\\System32\\RPCRT4.dll+19301|C:\\Windows\\System32\\RPCRT4.dll+18d6e|C:\\Windows\\System32\\RPCRT4.dll+169a5|C:\\Windows\\SYSTEM32\\ntdll.dll+333fd|C:\\Windows\\SYSTEM32\\ntdll.dll+34152|C:\\Windows\\System32\\KERNEL32.DLL+17944|C:\\Windows\\SYSTEM32\\ntdll.dll+6ce71","winlog":{"provider_guid":"{5770385f-c22a-43e0-bf4c-06f5698ffbd9}","api":"wineventlog","user":{"identifier":"S-1-5-18","name":"SYSTEM","domain":"NT AUTHORITY","type":"User"},"event_data":{"TargetProcessGUID":"{a158f72c-a36d-5db5-0000-001025b50200}","GrantedAccess":"0x1000","SourceImage":"C:\\Windows\\system32\\svchost.exe","SourceThreadId":"8096","TargetProcessId":"3844","SourceProcessGUID":"{a158f72c-a369-5db5-0000-00105ed60000}","SourceProcessId":"668","TargetImage":"C:\\Windows\\System32\\svchost.exe","CallTrace":"C:\\Windows\\SYSTEM32\\ntdll.dll+9c524|C:\\Windows\\System32\\KERNELBASE.dll+6a685|c:\\windows\\system32\\lsm.dll+106fe|C:\\Windows\\System32\\RPCRT4.dll+76963|C:\\Windows\\System32\\RPCRT4.dll+da036|C:\\Windows\\System32\\RPCRT4.dll+37a5c|C:\\Windows\\System32\\RPCRT4.dll+548d8|C:\\Windows\\System32\\RPCRT4.dll+2c931|C:\\Windows\\System32\\RPCRT4.dll+2c1eb|C:\\Windows\\System32\\RPCRT4.dll+1a86f|C:\\Windows\\System32\\RPCRT4.dll+19d1a|C:\\Windows\\System32\\RPCRT4.dll+19301|C:\\Windows\\System32\\RPCRT4.dll+18d6e|C:\\Windows\\System32\\RPCRT4.dll+169a5|C:\\Windows\\SYSTEM32\\ntdll.dll+333fd|C:\\Windows\\SYSTEM32\\ntdll.dll+34152|C:\\Windows\\System32\\KERNEL32.DLL+17944|C:\\Windows\\SYSTEM32\\ntdll.dll+6ce71","UtcTime":"2019-10-28 02:32:00.000"},"provider_name":"Microsoft-Windows-Sysmon","record_id":207887,"version":3,"process":{"pid":3980,"thread":{"id":5276}},"event_id":10,"computer_name":"HR001.shire.com","opcode":"Info","channel":"Microsoft-Windows-Sysmon/Operational","task":"Process accessed (rule: ProcessAccess)"},"ecs":{"version":"1.1.0"},"host":{"name":"WECServer"},"agent":{"type":"winlogbeat","ephemeral_id":"df5ad137-6594-4bd7-a3eb-e0eda670370c","hostname":"WECServer","id":"f8e32ecf-6ac8-4748-86ec-f026490623c4","version":"7.4.0"}}
{"@timestamp":"2019-10-28T02:32:00.002Z","@metadata":{"beat":"winlogbeat","type":"_doc","version":"7.4.0","topic":"winlogbeat"},"log":{"level":"information"},"message":"Process accessed:\nRuleName: \nUtcTime: 2019-10-28 02:32:00.000\nSourceProcessGUID: {a158f72c-a369-5db5-0000-00105ed60000}\nSourceProcessId: 668\nSourceThreadId: 3516\nSourceImage: C:\\Windows\\system32\\svchost.exe\nTargetProcessGUID: {a158f72c-a36d-5db5-0000-001025b50200}\nTargetProcessId: 3844\nTargetImage: C:\\Windows\\System32\\svchost.exe\nGrantedAccess: 0x1000\nCallTrace: C:\\Windows\\SYSTEM32\\ntdll.dll+9c524|C:\\Windows\\System32\\KERNELBASE.dll+6a685|c:\\windows\\system32\\lsm.dll+f6ba|C:\\Windows\\System32\\RPCRT4.dll+76963|C:\\Windows\\System32\\RPCRT4.dll+da036|C:\\Windows\\System32\\RPCRT4.dll+37a5c|C:\\Windows\\System32\\RPCRT4.dll+548d8|C:\\Windows\\System32\\RPCRT4.dll+2c931|C:\\Windows\\System32\\RPCRT4.dll+2c1eb|C:\\Windows\\System32\\RPCRT4.dll+1a86f|C:\\Windows\\System32\\RPCRT4.dll+19d1a|C:\\Windows\\System32\\RPCRT4.dll+19301|C:\\Windows\\System32\\RPCRT4.dll+18d6e|C:\\Windows\\System32\\RPCRT4.dll+169a5|C:\\Windows\\SYSTEM32\\ntdll.dll+333fd|C:\\Windows\\SYSTEM32\\ntdll.dll+34152|C:\\Windows\\System32\\KERNEL32.DLL+17944|C:\\Windows\\SYSTEM32\\ntdll.dll+6ce71","ecs":{"version":"1.1.0"},"host":{"name":"WECServer"},"agent":{"id":"f8e32ecf-6ac8-4748-86ec-f026490623c4","version":"7.4.0","type":"winlogbeat","ephemeral_id":"df5ad137-6594-4bd7-a3eb-e0eda670370c","hostname":"WECServer"},"winlog":{"channel":"Microsoft-Windows-Sysmon/Operational","event_id":10,"task":"Process accessed (rule: ProcessAccess)","event_data":{"TargetProcessId":"3844","SourceThreadId":"3516","CallTrace":"C:\\Windows\\SYSTEM32\\ntdll.dll+9c524|C:\\Windows\\System32\\KERNELBASE.dll+6a685|c:\\windows\\system32\\lsm.dll+f6ba|C:\\Windows\\System32\\RPCRT4.dll+76963|C:\\Windows\\System32\\RPCRT4.dll+da036|C:\\Windows\\System32\\RPCRT4.dll+37a5c|C:\\Windows\\System32\\RPCRT4.dll+548d8|C:\\Windows\\System32\\RPCRT4.dll+2c931|C:\\Windows\\System32\\RPCRT4.dll+2c1eb|C:\\Windows\\System32\\RPCRT4.dll+1a86f|C:\\Windows\\System32\\RPCRT4.dll+19d1a|C:\\Windows\\System32\\RPCRT4.dll+19301|C:\\Windows\\System32\\RPCRT4.dll+18d6e|C:\\Windows\\System32\\RPCRT4.dll+169a5|C:\\Windows\\SYSTEM32\\ntdll.dll+333fd|C:\\Windows\\SYSTEM32\\ntdll.dll+34152|C:\\Windows\\System32\\KERNEL32.DLL+17944|C:\\Windows\\SYSTEM32\\ntdll.dll+6ce71","TargetImage":"C:\\Windows\\System32\\svchost.exe","GrantedAccess":"0x1000","SourceProcessGUID":"{a158f72c-a369-5db5-0000-00105ed60000}","SourceImage":"C:\\Windows\\system32\\svchost.exe","UtcTime":"2019-10-28 02:32:00.000","SourceProcessId":"668","TargetProcessGUID":"{a158f72c-a36d-5db5-0000-001025b50200}"},"provider_guid":"{5770385f-c22a-43e0-bf4c-06f5698ffbd9}","opcode":"Info","provider_name":"Microsoft-Windows-Sysmon","record_id":207888,"api":"wineventlog","version":3,"process":{"pid":3980,"thread":{"id":5276}},"user":{"domain":"NT AUTHORITY","type":"User","identifier":"S-1-5-18","name":"SYSTEM"},"computer_name":"HR001.shire.com"},"event":{"action":"Process accessed (rule: ProcessAccess)","created":"2019-10-28T02:32:01.703Z","kind":"event","code":10}}
{"@timestamp":"2019-10-28T02:32:00.003Z","@metadata":{"beat":"winlogbeat","type":"_doc","version":"7.4.0","topic":"winlogbeat"},"event":{"kind":"event","code":10,"action":"Process accessed (rule: ProcessAccess)","created":"2019-10-28T02:32:01.704Z"},"log":{"level":"information"},"message":"Process accessed:\nRuleName: \nUtcTime: 2019-10-28 02:32:00.000\nSourceProcessGUID: {a158f72c-a369-5db5-0000-00105ed60000}\nSourceProcessId: 668\nSourceThreadId: 3516\nSourceImage: C:\\Windows\\system32\\svchost.exe\nTargetProcessGUID: {a158f72c-a36d-5db5-0000-001025b50200}\nTargetProcessId: 3844\nTargetImage: C:\\Windows\\System32\\svchost.exe\nGrantedAccess: 0x1000\nCallTrace: C:\\Windows\\SYSTEM32\\ntdll.dll+9c524|C:\\Windows\\System32\\KERNELBASE.dll+6a685|c:\\windows\\system32\\lsm.dll+f97f|c:\\windows\\system32\\lsm.dll+f7ad|C:\\Windows\\System32\\RPCRT4.dll+76963|C:\\Windows\\System32\\RPCRT4.dll+da036|C:\\Windows\\System32\\RPCRT4.dll+37a5c|C:\\Windows\\System32\\RPCRT4.dll+548d8|C:\\Windows\\System32\\RPCRT4.dll+2c931|C:\\Windows\\System32\\RPCRT4.dll+2c1eb|C:\\Windows\\System32\\RPCRT4.dll+1a86f|C:\\Windows\\System32\\RPCRT4.dll+19d1a|C:\\Windows\\System32\\RPCRT4.dll+19301|C:\\Windows\\System32\\RPCRT4.dll+18d6e|C:\\Windows\\System32\\RPCRT4.dll+169a5|C:\\Windows\\SYSTEM32\\ntdll.dll+333fd|C:\\Windows\\SYSTEM32\\ntdll.dll+34152|C:\\Windows\\System32\\KERNEL32.DLL+17944|C:\\Windows\\SYSTEM32\\ntdll.dll+6ce71","agent":{"type":"winlogbeat","ephemeral_id":"df5ad137-6594-4bd7-a3eb-e0eda670370c","hostname":"WECServer","id":"f8e32ecf-6ac8-4748-86ec-f026490623c4","version":"7.4.0"},"ecs":{"version":"1.1.0"},"host":{"name":"WECServer"},"winlog":{"provider_guid":"{5770385f-c22a-43e0-bf4c-06f5698ffbd9}","version":3,"process":{"pid":3980,"thread":{"id":5276}},"event_id":10,"provider_name":"Microsoft-Windows-Sysmon","opcode":"Info","channel":"Microsoft-Windows-Sysmon/Operational","task":"Process accessed (rule: ProcessAccess)","user":{"identifier":"S-1-5-18","name":"SYSTEM","domain":"NT AUTHORITY","type":"User"},"event_data":{"TargetProcessGUID":"{a158f72c-a36d-5db5-0000-001025b50200}","SourceProcessId":"668","SourceImage":"C:\\Windows\\system32\\svchost.exe","TargetProcessId":"3844","CallTrace":"C:\\Windows\\SYSTEM32\\ntdll.dll+9c524|C:\\Windows\\System32\\KERNELBASE.dll+6a685|c:\\windows\\system32\\lsm.dll+f97f|c:\\windows\\system32\\lsm.dll+f7ad|C:\\Windows\\System32\\RPCRT4.dll+76963|C:\\Windows\\System32\\RPCRT4.dll+da036|C:\\Windows\\System32\\RPCRT4.dll+37a5c|C:\\Windows\\System32\\RPCRT4.dll+548d8|C:\\Windows\\System32\\RPCRT4.dll+2c931|C:\\Windows\\System32\\RPCRT4.dll+2c1eb|C:\\Windows\\System32\\RPCRT4.dll+1a86f|C:\\Windows\\System32\\RPCRT4.dll+19d1a|C:\\Windows\\System32\\RPCRT4.dll+19301|C:\\Windows\\System32\\RPCRT4.dll+18d6e|C:\\Windows\\System32\\RPCRT4.dll+169a5|C:\\Windows\\SYSTEM32\\ntdll.dll+333fd|C:\\Windows\\SYSTEM32\\ntdll.dll+34152|C:\\Windows\\System32\\KERNEL32.DLL+17944|C:\\Windows\\SYSTEM32\\ntdll.dll+6ce71","UtcTime":"2019-10-28 02:32:00.000","SourceProcessGUID":"{a158f72c-a369-5db5-0000-00105ed60000}","TargetImage":"C:\\Windows\\System32\\svchost.exe","GrantedAccess":"0x1000","SourceThreadId":"3516"},"record_id":207889,"api":"wineventlog","computer_name":"HR001.shire.com"}}
{"@timestamp":"2019-10-28T02:32:00.003Z","@metadata":{"beat":"winlogbeat","type":"_doc","version":"7.4.0","topic":"winlogbeat"},"event":{"code":10,"action":"Process accessed (rule: ProcessAccess)","created":"2019-10-28T02:32:01.704Z","kind":"event"},"agent":{"type":"winlogbeat","ephemeral_id":"df5ad137-6594-4bd7-a3eb-e0eda670370c","hostname":"WECServer","id":"f8e32ecf-6ac8-4748-86ec-f026490623c4","version":"7.4.0"},"ecs":{"version":"1.1.0"},"host":{"name":"WECServer"},"log":{"level":"information"},"message":"Process accessed:\nRuleName: \nUtcTime: 2019-10-28 02:32:00.000\nSourceProcessGUID: {a158f72c-a369-5db5-0000-00105ed60000}\nSourceProcessId: 668\nSourceThreadId: 3516\nSourceImage: C:\\Windows\\system32\\svchost.exe\nTargetProcessGUID: {a158f72c-a36d-5db5-0000-001025b50200}\nTargetProcessId: 3844\nTargetImage: C:\\Windows\\System32\\svchost.exe\nGrantedAccess: 0x1000\nCallTrace: C:\\Windows\\SYSTEM32\\ntdll.dll+9c524|C:\\Windows\\System32\\KERNELBASE.dll+6a685|c:\\windows\\system32\\lsm.dll+f6ba|C:\\Windows\\System32\\RPCRT4.dll+76963|C:\\Windows\\System32\\RPCRT4.dll+da036|C:\\Windows\\System32\\RPCRT4.dll+37a5c|C:\\Windows\\System32\\RPCRT4.dll+548d8|C:\\Windows\\System32\\RPCRT4.dll+2c931|C:\\Windows\\System32\\RPCRT4.dll+2c1eb|C:\\Windows\\System32\\RPCRT4.dll+1a86f|C:\\Windows\\System32\\RPCRT4.dll+19d1a|C:\\Windows\\System32\\RPCRT4.dll+19301|C:\\Windows\\System32\\RPCRT4.dll+18d6e|C:\\Windows\\System32\\RPCRT4.dll+169a5|C:\\Windows\\SYSTEM32\\ntdll.dll+333fd|C:\\Windows\\SYSTEM32\\ntdll.dll+34152|C:\\Windows\\System32\\KERNEL32.DLL+17944|C:\\Windows\\SYSTEM32\\ntdll.dll+6ce71","winlog":{"event_id":10,"user":{"name":"SYSTEM","domain":"NT AUTHORITY","type":"User","identifier":"S-1-5-18"},"api":"wineventlog","computer_name":"HR001.shire.com","process":{"pid":3980,"thread":{"id":5276}},"record_id":207890,"version":3,"event_data":{"TargetProcessGUID":"{a158f72c-a36d-5db5-0000-001025b50200}","TargetImage":"C:\\Windows\\System32\\svchost.exe","SourceProcessGUID":"{a158f72c-a369-5db5-0000-00105ed60000}","SourceThreadId":"3516","TargetProcessId":"3844","GrantedAccess":"0x1000","SourceImage":"C:\\Windows\\system32\\svchost.exe","CallTrace":"C:\\Windows\\SYSTEM32\\ntdll.dll+9c524|C:\\Windows\\System32\\KERNELBASE.dll+6a685|c:\\windows\\system32\\lsm.dll+f6ba|C:\\Windows\\System32\\RPCRT4.dll+76963|C:\\Windows\\System32\\RPCRT4.dll+da036|C:\\Windows\\System32\\RPCRT4.dll+37a5c|C:\\Windows\\System32\\RPCRT4.dll+548d8|C:\\Windows\\System32\\RPCRT4.dll+2c931|C:\\Windows\\System32\\RPCRT4.dll+2c1eb|C:\\Windows\\System32\\RPCRT4.dll+1a86f|C:\\Windows\\System32\\RPCRT4.dll+19d1a|C:\\Windows\\System32\\RPCRT4.dll+19301|C:\\Windows\\System32\\RPCRT4.dll+18d6e|C:\\Windows\\System32\\RPCRT4.dll+169a5|C:\\Windows\\SYSTEM32\\ntdll.dll+333fd|C:\\Windows\\SYSTEM32\\ntdll.dll+34152|C:\\Windows\\System32\\KERNEL32.DLL+17944|C:\\Windows\\SYSTEM32\\ntdll.dll+6ce71","UtcTime":"2019-10-28 02:32:00.000","SourceProcessId":"668"},"channel":"Microsoft-Windows-Sysmon/Operational","task":"Process accessed (rule: ProcessAccess)","provider_guid":"{5770385f-c22a-43e0-bf4c-06f5698ffbd9}","provider_name":"Microsoft-Windows-Sysmon","opcode":"Info"}}
{"@timestamp":"2019-10-28T02:32:00.003Z","@metadata":{"beat":"winlogbeat","type":"_doc","version":"7.4.0","topic":"winlogbeat"},"message":"Process accessed:\nRuleName: \nUtcTime: 2019-10-28 02:32:00.000\nSourceProcessGUID: {a158f72c-a369-5db5-0000-00105ed60000}\nSourceProcessId: 668\nSourceThreadId: 3516\nSourceImage: C:\\Windows\\system32\\svchost.exe\nTargetProcessGUID: {a158f72c-a36d-5db5-0000-001025b50200}\nTargetProcessId: 3844\nTargetImage: C:\\Windows\\System32\\svchost.exe\nGrantedAccess: 0x1000\nCallTrace: C:\\Windows\\SYSTEM32\\ntdll.dll+9c524|C:\\Windows\\System32\\KERNELBASE.dll+6a685|c:\\windows\\system32\\lsm.dll+f97f|c:\\windows\\system32\\lsm.dll+f7ad|C:\\Windows\\System32\\RPCRT4.dll+76963|C:\\Windows\\System32\\RPCRT4.dll+da036|C:\\Windows\\System32\\RPCRT4.dll+37a5c|C:\\Windows\\System32\\RPCRT4.dll+548d8|C:\\Windows\\System32\\RPCRT4.dll+2c931|C:\\Windows\\System32\\RPCRT4.dll+2c1eb|C:\\Windows\\System32\\RPCRT4.dll+1a86f|C:\\Windows\\System32\\RPCRT4.dll+19d1a|C:\\Windows\\System32\\RPCRT4.dll+19301|C:\\Windows\\System32\\RPCRT4.dll+18d6e|C:\\Windows\\System32\\RPCRT4.dll+169a5|C:\\Windows\\SYSTEM32\\ntdll.dll+333fd|C:\\Windows\\SYSTEM32\\ntdll.dll+34152|C:\\Windows\\System32\\KERNEL32.DLL+17944|C:\\Windows\\SYSTEM32\\ntdll.dll+6ce71","winlog":{"provider_guid":"{5770385f-c22a-43e0-bf4c-06f5698ffbd9}","process":{"pid":3980,"thread":{"id":5276}},"event_id":10,"api":"wineventlog","user":{"identifier":"S-1-5-18","name":"SYSTEM","domain":"NT AUTHORITY","type":"User"},"provider_name":"Microsoft-Windows-Sysmon","opcode":"Info","computer_name":"HR001.shire.com","channel":"Microsoft-Windows-Sysmon/Operational","version":3,"event_data":{"SourceImage":"C:\\Windows\\system32\\svchost.exe","TargetProcessId":"3844","TargetImage":"C:\\Windows\\System32\\svchost.exe","GrantedAccess":"0x1000","UtcTime":"2019-10-28 02:32:00.000","SourceProcessGUID":"{a158f72c-a369-5db5-0000-00105ed60000}","SourceProcessId":"668","SourceThreadId":"3516","CallTrace":"C:\\Windows\\SYSTEM32\\ntdll.dll+9c524|C:\\Windows\\System32\\KERNELBASE.dll+6a685|c:\\windows\\system32\\lsm.dll+f97f|c:\\windows\\system32\\lsm.dll+f7ad|C:\\Windows\\System32\\RPCRT4.dll+76963|C:\\Windows\\System32\\RPCRT4.dll+da036|C:\\Windows\\System32\\RPCRT4.dll+37a5c|C:\\Windows\\System32\\RPCRT4.dll+548d8|C:\\Windows\\System32\\RPCRT4.dll+2c931|C:\\Windows\\System32\\RPCRT4.dll+2c1eb|C:\\Windows\\System32\\RPCRT4.dll+1a86f|C:\\Windows\\System32\\RPCRT4.dll+19d1a|C:\\Windows\\System32\\RPCRT4.dll+19301|C:\\Windows\\System32\\RPCRT4.dll+18d6e|C:\\Windows\\System32\\RPCRT4.dll+169a5|C:\\Windows\\SYSTEM32\\ntdll.dll+333fd|C:\\Windows\\SYSTEM32\\ntdll.dll+34152|C:\\Windows\\System32\\KERNEL32.DLL+17944|C:\\Windows\\SYSTEM32\\ntdll.dll+6ce71","TargetProcessGUID":"{a158f72c-a36d-5db5-0000-001025b50200}"},"record_id":207891,"task":"Process accessed (rule: ProcessAccess)"},"ecs":{"version":"1.1.0"},"host":{"name":"WECServer"},"agent":{"type":"winlogbeat","ephemeral_id":"df5ad137-6594-4bd7-a3eb-e0eda670370c","hostname":"WECServer","id":"f8e32ecf-6ac8-4748-86ec-f026490623c4","version":"7.4.0"},"event":{"kind":"event","code":10,"action":"Process accessed (rule: ProcessAccess)","created":"2019-10-28T02:32:01.704Z"},"log":{"level":"information"}}
{"@timestamp":"2019-10-28T02:32:00.003Z","@metadata":{"beat":"winlogbeat","type":"_doc","version":"7.4.0","topic":"winlogbeat"},"ecs":{"version":"1.1.0"},"winlog":{"channel":"Microsoft-Windows-Sysmon/Operational","record_id":207892,"version":3,"event_data":{"GrantedAccess":"0x1000","CallTrace":"C:\\Windows\\SYSTEM32\\ntdll.dll+9c524|C:\\Windows\\System32\\KERNELBASE.dll+6a685|c:\\windows\\system32\\lsm.dll+111b6|C:\\Windows\\System32\\RPCRT4.dll+76963|C:\\Windows\\System32\\RPCRT4.dll+da036|C:\\Windows\\System32\\RPCRT4.dll+37a5c|C:\\Windows\\System32\\RPCRT4.dll+548d8|C:\\Windows\\System32\\RPCRT4.dll+2c931|C:\\Windows\\System32\\RPCRT4.dll+2c1eb|C:\\Windows\\System32\\RPCRT4.dll+1a86f|C:\\Windows\\System32\\RPCRT4.dll+19d1a|C:\\Windows\\System32\\RPCRT4.dll+19301|C:\\Windows\\System32\\RPCRT4.dll+18d6e|C:\\Windows\\System32\\RPCRT4.dll+169a5|C:\\Windows\\SYSTEM32\\ntdll.dll+333fd|C:\\Windows\\SYSTEM32\\ntdll.dll+34152|C:\\Windows\\System32\\KERNEL32.DLL+17944|C:\\Windows\\SYSTEM32\\ntdll.dll+6ce71","SourceThreadId":"8096","TargetProcessId":"3844","TargetProcessGUID":"{a158f72c-a36d-5db5-0000-001025b50200}","TargetImage":"C:\\Windows\\System32\\svchost.exe","SourceProcessGUID":"{a158f72c-a369-5db5-0000-00105ed60000}","UtcTime":"2019-10-28 02:32:00.000","SourceProcessId":"668","SourceImage":"C:\\Windows\\system32\\svchost.exe"},"api":"wineventlog","provider_guid":"{5770385f-c22a-43e0-bf4c-06f5698ffbd9}","event_id":10,"task":"Process accessed (rule: ProcessAccess)","process":{"thread":{"id":5276},"pid":3980},"user":{"domain":"NT AUTHORITY","type":"User","identifier":"S-1-5-18","name":"SYSTEM"},"provider_name":"Microsoft-Windows-Sysmon","computer_name":"HR001.shire.com","opcode":"Info"},"event":{"code":10,"action":"Process accessed (rule: ProcessAccess)","created":"2019-10-28T02:32:01.704Z","kind":"event"},"log":{"level":"information"},"message":"Process accessed:\nRuleName: \nUtcTime: 2019-10-28 02:32:00.000\nSourceProcessGUID: {a158f72c-a369-5db5-0000-00105ed60000}\nSourceProcessId: 668\nSourceThreadId: 8096\nSourceImage: C:\\Windows\\system32\\svchost.exe\nTargetProcessGUID: {a158f72c-a36d-5db5-0000-001025b50200}\nTargetProcessId: 3844\nTargetImage: C:\\Windows\\System32\\svchost.exe\nGrantedAccess: 0x1000\nCallTrace: C:\\Windows\\SYSTEM32\\ntdll.dll+9c524|C:\\Windows\\System32\\KERNELBASE.dll+6a685|c:\\windows\\system32\\lsm.dll+111b6|C:\\Windows\\System32\\RPCRT4.dll+76963|C:\\Windows\\System32\\RPCRT4.dll+da036|C:\\Windows\\System32\\RPCRT4.dll+37a5c|C:\\Windows\\System32\\RPCRT4.dll+548d8|C:\\Windows\\System32\\RPCRT4.dll+2c931|C:\\Windows\\System32\\RPCRT4.dll+2c1eb|C:\\Windows\\System32\\RPCRT4.dll+1a86f|C:\\Windows\\System32\\RPCRT4.dll+19d1a|C:\\Windows\\System32\\RPCRT4.dll+19301|C:\\Windows\\System32\\RPCRT4.dll+18d6e|C:\\Windows\\System32\\RPCRT4.dll+169a5|C:\\Windows\\SYSTEM32\\ntdll.dll+333fd|C:\\Windows\\SYSTEM32\\ntdll.dll+34152|C:\\Windows\\System32\\KERNEL32.DLL+17944|C:\\Windows\\SYSTEM32\\ntdll.dll+6ce71","host":{"name":"WECServer"},"agent":{"ephemeral_id":"df5ad137-6594-4bd7-a3eb-e0eda670370c","hostname":"WECServer","id":"f8e32ecf-6ac8-4748-86ec-f026490623c4","version":"7.4.0","type":"winlogbeat"}}
{"@timestamp":"2019-10-28T02:32:00.003Z","@metadata":{"beat":"winlogbeat","type":"_doc","version":"7.4.0","topic":"winlogbeat"},"message":"Process accessed:\nRuleName: \nUtcTime: 2019-10-28 02:32:00.000\nSourceProcessGUID: {a158f72c-a369-5db5-0000-00105ed60000}\nSourceProcessId: 668\nSourceThreadId: 3516\nSourceImage: C:\\Windows\\system32\\svchost.exe\nTargetProcessGUID: {a158f72c-a369-5db5-0000-0010e7f00000}\nTargetProcessId: 1136\nTargetImage: C:\\Windows\\System32\\svchost.exe\nGrantedAccess: 0x40\nCallTrace: C:\\Windows\\SYSTEM32\\ntdll.dll+9c524|C:\\Windows\\System32\\KERNELBASE.dll+2730e|c:\\windows\\system32\\lsm.dll+1a207|C:\\Windows\\System32\\RPCRT4.dll+76963|C:\\Windows\\System32\\RPCRT4.dll+da036|C:\\Windows\\System32\\RPCRT4.dll+38299|C:\\Windows\\System32\\combase.dll+a542f|C:\\Windows\\System32\\combase.dll+28263|C:\\Windows\\System32\\combase.dll+28053|C:\\Windows\\System32\\combase.dll+a8006|C:\\Windows\\System32\\combase.dll+5b72a|C:\\Windows\\System32\\combase.dll+a3c7d|C:\\Windows\\System32\\combase.dll+6a07c|C:\\Windows\\System32\\combase.dll+6a8e1|C:\\Windows\\System32\\combase.dll+6c088|C:\\Windows\\System32\\RPCRT4.dll+548d8|C:\\Windows\\System32\\RPCRT4.dll+2c931|C:\\Windows\\System32\\RPCRT4.dll+2c480|C:\\Windows\\System32\\RPCRT4.dll+1a6bf|C:\\Windows\\System32\\RPCRT4.dll+19d1a|C:\\Windows\\System32\\RPCRT4.dll+19301|C:\\Windows\\System32\\RPCRT4.dll+18d6e|C:\\Windows\\System32\\RPCRT4.dll+169a5|C:\\Windows\\SYSTEM32\\ntdll.dll+333fd","ecs":{"version":"1.1.0"},"host":{"name":"WECServer"},"agent":{"type":"winlogbeat","ephemeral_id":"df5ad137-6594-4bd7-a3eb-e0eda670370c","hostname":"WECServer","id":"f8e32ecf-6ac8-4748-86ec-f026490623c4","version":"7.4.0"},"winlog":{"process":{"pid":3980,"thread":{"id":5276}},"event_id":10,"provider_name":"Microsoft-Windows-Sysmon","record_id":207893,"api":"wineventlog","computer_name":"HR001.shire.com","opcode":"Info","task":"Process accessed (rule: ProcessAccess)","user":{"domain":"NT AUTHORITY","type":"User","identifier":"S-1-5-18","name":"SYSTEM"},"event_data":{"TargetProcessGUID":"{a158f72c-a369-5db5-0000-0010e7f00000}","CallTrace":"C:\\Windows\\SYSTEM32\\ntdll.dll+9c524|C:\\Windows\\System32\\KERNELBASE.dll+2730e|c:\\windows\\system32\\lsm.dll+1a207|C:\\Windows\\System32\\RPCRT4.dll+76963|C:\\Windows\\System32\\RPCRT4.dll+da036|C:\\Windows\\System32\\RPCRT4.dll+38299|C:\\Windows\\System32\\combase.dll+a542f|C:\\Windows\\System32\\combase.dll+28263|C:\\Windows\\System32\\combase.dll+28053|C:\\Windows\\System32\\combase.dll+a8006|C:\\Windows\\System32\\combase.dll+5b72a|C:\\Windows\\System32\\combase.dll+a3c7d|C:\\Windows\\System32\\combase.dll+6a07c|C:\\Windows\\System32\\combase.dll+6a8e1|C:\\Windows\\System32\\combase.dll+6c088|C:\\Windows\\System32\\RPCRT4.dll+548d8|C:\\Windows\\System32\\RPCRT4.dll+2c931|C:\\Windows\\System32\\RPCRT4.dll+2c480|C:\\Windows\\System32\\RPCRT4.dll+1a6bf|C:\\Windows\\System32\\RPCRT4.dll+19d1a|C:\\Windows\\System32\\RPCRT4.dll+19301|C:\\Windows\\System32\\RPCRT4.dll+18d6e|C:\\Windows\\System32\\RPCRT4.dll+169a5|C:\\Windows\\SYSTEM32\\ntdll.dll+333fd","SourceThreadId":"3516","TargetImage":"C:\\Windows\\System32\\svchost.exe","GrantedAccess":"0x40","UtcTime":"2019-10-28 02:32:00.000","SourceImage":"C:\\Windows\\system32\\svchost.exe","TargetProcessId":"1136","SourceProcessGUID":"{a158f72c-a369-5db5-0000-00105ed60000}","SourceProcessId":"668"},"provider_guid":"{5770385f-c22a-43e0-bf4c-06f5698ffbd9}","channel":"Microsoft-Windows-Sysmon/Operational","version":3},"event":{"kind":"event","code":10,"action":"Process accessed (rule: ProcessAccess)","created":"2019-10-28T02:32:01.704Z"},"log":{"level":"information"}}
{"@timestamp":"2019-10-28T02:32:00.004Z","@metadata":{"beat":"winlogbeat","type":"_doc","version":"7.4.0","topic":"winlogbeat"},"host":{"name":"WECServer"},"agent":{"ephemeral_id":"df5ad137-6594-4bd7-a3eb-e0eda670370c","hostname":"WECServer","id":"f8e32ecf-6ac8-4748-86ec-f026490623c4","version":"7.4.0","type":"winlogbeat"},"winlog":{"user":{"domain":"NT AUTHORITY","type":"User","identifier":"S-1-5-18","name":"SYSTEM"},"channel":"Microsoft-Windows-Sysmon/Operational","provider_name":"Microsoft-Windows-Sysmon","record_id":207894,"event_id":10,"task":"Process accessed (rule: ProcessAccess)","computer_name":"HR001.shire.com","api":"wineventlog","event_data":{"SourceProcessGUID":"{a158f72c-a369-5db5-0000-00105ed60000}","CallTrace":"C:\\Windows\\SYSTEM32\\ntdll.dll+9c524|C:\\Windows\\System32\\KERNELBASE.dll+6a685|c:\\windows\\system32\\lsm.dll+111b6|C:\\Windows\\System32\\RPCRT4.dll+76963|C:\\Windows\\System32\\RPCRT4.dll+da036|C:\\Windows\\System32\\RPCRT4.dll+37a5c|C:\\Windows\\System32\\RPCRT4.dll+548d8|C:\\Windows\\System32\\RPCRT4.dll+2c931|C:\\Windows\\System32\\RPCRT4.dll+2c1eb|C:\\Windows\\System32\\RPCRT4.dll+1a86f|C:\\Windows\\System32\\RPCRT4.dll+19d1a|C:\\Windows\\System32\\RPCRT4.dll+19301|C:\\Windows\\System32\\RPCRT4.dll+18d6e|C:\\Windows\\System32\\RPCRT4.dll+169a5|C:\\Windows\\SYSTEM32\\ntdll.dll+333fd|C:\\Windows\\SYSTEM32\\ntdll.dll+34152|C:\\Windows\\System32\\KERNEL32.DLL+17944|C:\\Windows\\SYSTEM32\\ntdll.dll+6ce71","UtcTime":"2019-10-28 02:32:00.000","SourceProcessId":"668","SourceThreadId":"3516","TargetProcessGUID":"{a158f72c-a36d-5db5-0000-001025b50200}","SourceImage":"C:\\Windows\\system32\\svchost.exe","TargetProcessId":"3844","TargetImage":"C:\\Windows\\System32\\svchost.exe","GrantedAccess":"0x1000"},"opcode":"Info","version":3,"process":{"pid":3980,"thread":{"id":5276}},"provider_guid":"{5770385f-c22a-43e0-bf4c-06f5698ffbd9}"},"event":{"kind":"event","code":10,"action":"Process accessed (rule: ProcessAccess)","created":"2019-10-28T02:32:01.704Z"},"log":{"level":"information"},"message":"Process accessed:\nRuleName: \nUtcTime: 2019-10-28 02:32:00.000\nSourceProcessGUID: {a158f72c-a369-5db5-0000-00105ed60000}\nSourceProcessId: 668\nSourceThreadId: 3516\nSourceImage: C:\\Windows\\system32\\svchost.exe\nTargetProcessGUID: {a158f72c-a36d-5db5-0000-001025b50200}\nTargetProcessId: 3844\nTargetImage: C:\\Windows\\System32\\svchost.exe\nGrantedAccess: 0x1000\nCallTrace: C:\\Windows\\SYSTEM32\\ntdll.dll+9c524|C:\\Windows\\System32\\KERNELBASE.dll+6a685|c:\\windows\\system32\\lsm.dll+111b6|C:\\Windows\\System32\\RPCRT4.dll+76963|C:\\Windows\\System32\\RPCRT4.dll+da036|C:\\Windows\\System32\\RPCRT4.dll+37a5c|C:\\Windows\\System32\\RPCRT4.dll+548d8|C:\\Windows\\System32\\RPCRT4.dll+2c931|C:\\Windows\\System32\\RPCRT4.dll+2c1eb|C:\\Windows\\System32\\RPCRT4.dll+1a86f|C:\\Windows\\System32\\RPCRT4.dll+19d1a|C:\\Windows\\System32\\RPCRT4.dll+19301|C:\\Windows\\System32\\RPCRT4.dll+18d6e|C:\\Windows\\System32\\RPCRT4.dll+169a5|C:\\Windows\\SYSTEM32\\ntdll.dll+333fd|C:\\Windows\\SYSTEM32\\ntdll.dll+34152|C:\\Windows\\System32\\KERNEL32.DLL+17944|C:\\Windows\\SYSTEM32\\ntdll.dll+6ce71","ecs":{"version":"1.1.0"}}
{"@timestamp":"2019-10-28T02:32:00.004Z","@metadata":{"beat":"winlogbeat","type":"_doc","version":"7.4.0","topic":"winlogbeat"},"host":{"name":"WECServer"},"winlog":{"opcode":"Info","provider_guid":"{5770385f-c22a-43e0-bf4c-06f5698ffbd9}","user":{"name":"SYSTEM","domain":"NT AUTHORITY","type":"User","identifier":"S-1-5-18"},"record_id":207895,"channel":"Microsoft-Windows-Sysmon/Operational","event_id":10,"provider_name":"Microsoft-Windows-Sysmon","api":"wineventlog","event_data":{"SourceThreadId":"3516","TargetImage":"C:\\Windows\\System32\\svchost.exe","TargetProcessGUID":"{a158f72c-a369-5db5-0000-0010e7f00000}","TargetProcessId":"1136","GrantedAccess":"0x40","SourceProcessGUID":"{a158f72c-a369-5db5-0000-00105ed60000}","SourceImage":"C:\\Windows\\system32\\svchost.exe","CallTrace":"C:\\Windows\\SYSTEM32\\ntdll.dll+9c524|C:\\Windows\\System32\\KERNELBASE.dll+2730e|c:\\windows\\system32\\lsm.dll+1a207|C:\\Windows\\System32\\RPCRT4.dll+76963|C:\\Windows\\System32\\RPCRT4.dll+da036|C:\\Windows\\System32\\RPCRT4.dll+38299|C:\\Windows\\System32\\combase.dll+a542f|C:\\Windows\\System32\\combase.dll+28263|C:\\Windows\\System32\\combase.dll+28053|C:\\Windows\\System32\\combase.dll+a8006|C:\\Windows\\System32\\combase.dll+5b72a|C:\\Windows\\System32\\combase.dll+a3c7d|C:\\Windows\\System32\\combase.dll+6a07c|C:\\Windows\\System32\\combase.dll+6a8e1|C:\\Windows\\System32\\combase.dll+6c088|C:\\Windows\\System32\\RPCRT4.dll+548d8|C:\\Windows\\System32\\RPCRT4.dll+2c931|C:\\Windows\\System32\\RPCRT4.dll+2c480|C:\\Windows\\System32\\RPCRT4.dll+1a6bf|C:\\Windows\\System32\\RPCRT4.dll+19d1a|C:\\Windows\\System32\\RPCRT4.dll+19301|C:\\Windows\\System32\\RPCRT4.dll+18d6e|C:\\Windows\\System32\\RPCRT4.dll+169a5|C:\\Windows\\SYSTEM32\\ntdll.dll+333fd","UtcTime":"2019-10-28 02:32:00.000","SourceProcessId":"668"},"task":"Process accessed (rule: ProcessAccess)","version":3,"process":{"pid":3980,"thread":{"id":5276}},"computer_name":"HR001.shire.com"},"event":{"kind":"event","code":10,"action":"Process accessed (rule: ProcessAccess)","created":"2019-10-28T02:32:01.704Z"},"log":{"level":"information"},"message":"Process accessed:\nRuleName: \nUtcTime: 2019-10-28 02:32:00.000\nSourceProcessGUID: {a158f72c-a369-5db5-0000-00105ed60000}\nSourceProcessId: 668\nSourceThreadId: 3516\nSourceImage: C:\\Windows\\system32\\svchost.exe\nTargetProcessGUID: {a158f72c-a369-5db5-0000-0010e7f00000}\nTargetProcessId: 1136\nTargetImage: C:\\Windows\\System32\\svchost.exe\nGrantedAccess: 0x40\nCallTrace: C:\\Windows\\SYSTEM32\\ntdll.dll+9c524|C:\\Windows\\System32\\KERNELBASE.dll+2730e|c:\\windows\\system32\\lsm.dll+1a207|C:\\Windows\\System32\\RPCRT4.dll+76963|C:\\Windows\\System32\\RPCRT4.dll+da036|C:\\Windows\\System32\\RPCRT4.dll+38299|C:\\Windows\\System32\\combase.dll+a542f|C:\\Windows\\System32\\combase.dll+28263|C:\\Windows\\System32\\combase.dll+28053|C:\\Windows\\System32\\combase.dll+a8006|C:\\Windows\\System32\\combase.dll+5b72a|C:\\Windows\\System32\\combase.dll+a3c7d|C:\\Windows\\System32\\combase.dll+6a07c|C:\\Windows\\System32\\combase.dll+6a8e1|C:\\Windows\\System32\\combase.dll+6c088|C:\\Windows\\System32\\RPCRT4.dll+548d8|C:\\Windows\\System32\\RPCRT4.dll+2c931|C:\\Windows\\System32\\RPCRT4.dll+2c480|C:\\Windows\\System32\\RPCRT4.dll+1a6bf|C:\\Windows\\System32\\RPCRT4.dll+19d1a|C:\\Windows\\System32\\RPCRT4.dll+19301|C:\\Windows\\System32\\RPCRT4.dll+18d6e|C:\\Windows\\System32\\RPCRT4.dll+169a5|C:\\Windows\\SYSTEM32\\ntdll.dll+333fd","agent":{"id":"f8e32ecf-6ac8-4748-86ec-f026490623c4","version":"7.4.0","type":"winlogbeat","ephemeral_id":"df5ad137-6594-4bd7-a3eb-e0eda670370c","hostname":"WECServer"},"ecs":{"version":"1.1.0"}}
{"@timestamp":"2019-10-28T02:32:00.003Z","@metadata":{"beat":"winlogbeat","type":"_doc","version":"7.4.0","topic":"winlogbeat"},"host":{"name":"WECServer"},"winlog":{"version":3,"record_id":271859,"event_id":10,"event_data":{"SourceProcessGUID":"{a158f72c-a390-5db5-0000-00101ad60000}","SourceImage":"C:\\Windows\\system32\\svchost.exe","UtcTime":"2019-10-28 02:32:00.002","TargetProcessGUID":"{a158f72c-a393-5db5-0000-0010470b0200}","CallTrace":"C:\\Windows\\SYSTEM32\\ntdll.dll+9c524|C:\\Windows\\System32\\KERNELBASE.dll+6a685|c:\\windows\\system32\\lsm.dll+10225|C:\\Windows\\System32\\RPCRT4.dll+76963|C:\\Windows\\System32\\RPCRT4.dll+da036|C:\\Windows\\System32\\RPCRT4.dll+37a5c|C:\\Windows\\System32\\RPCRT4.dll+548d8|C:\\Windows\\System32\\RPCRT4.dll+2c931|C:\\Windows\\System32\\RPCRT4.dll+2c1eb|C:\\Windows\\System32\\RPCRT4.dll+1a86f|C:\\Windows\\System32\\RPCRT4.dll+19d1a|C:\\Windows\\System32\\RPCRT4.dll+19301|C:\\Windows\\System32\\RPCRT4.dll+18d6e|C:\\Windows\\System32\\RPCRT4.dll+169a5|C:\\Windows\\SYSTEM32\\ntdll.dll+333fd|C:\\Windows\\SYSTEM32\\ntdll.dll+34152|C:\\Windows\\System32\\KERNEL32.DLL+17944|C:\\Windows\\SYSTEM32\\ntdll.dll+6ce71","SourceThreadId":"7724","GrantedAccess":"0x1000","SourceProcessId":"680","TargetProcessId":"2940","TargetImage":"C:\\Windows\\System32\\svchost.exe"},"opcode":"Info","process":{"thread":{"id":5108},"pid":3208},"user":{"identifier":"S-1-5-18","name":"SYSTEM","domain":"NT AUTHORITY","type":"User"},"provider_guid":"{5770385f-c22a-43e0-bf4c-06f5698ffbd9}","provider_name":"Microsoft-Windows-Sysmon","task":"Process accessed (rule: ProcessAccess)","api":"wineventlog","computer_name":"ACCT001.shire.com","channel":"Microsoft-Windows-Sysmon/Operational"},"event":{"created":"2019-10-28T02:32:01.704Z","kind":"event","code":10,"action":"Process accessed (rule: ProcessAccess)"},"log":{"level":"information"},"message":"Process accessed:\nRuleName: \nUtcTime: 2019-10-28 02:32:00.002\nSourceProcessGUID: {a158f72c-a390-5db5-0000-00101ad60000}\nSourceProcessId: 680\nSourceThreadId: 7724\nSourceImage: C:\\Windows\\system32\\svchost.exe\nTargetProcessGUID: {a158f72c-a393-5db5-0000-0010470b0200}\nTargetProcessId: 2940\nTargetImage: C:\\Windows\\System32\\svchost.exe\nGrantedAccess: 0x1000\nCallTrace: C:\\Windows\\SYSTEM32\\ntdll.dll+9c524|C:\\Windows\\System32\\KERNELBASE.dll+6a685|c:\\windows\\system32\\lsm.dll+10225|C:\\Windows\\System32\\RPCRT4.dll+76963|C:\\Windows\\System32\\RPCRT4.dll+da036|C:\\Windows\\System32\\RPCRT4.dll+37a5c|C:\\Windows\\System32\\RPCRT4.dll+548d8|C:\\Windows\\System32\\RPCRT4.dll+2c931|C:\\Windows\\System32\\RPCRT4.dll+2c1eb|C:\\Windows\\System32\\RPCRT4.dll+1a86f|C:\\Windows\\System32\\RPCRT4.dll+19d1a|C:\\Windows\\System32\\RPCRT4.dll+19301|C:\\Windows\\System32\\RPCRT4.dll+18d6e|C:\\Windows\\System32\\RPCRT4.dll+169a5|C:\\Windows\\SYSTEM32\\ntdll.dll+333fd|C:\\Windows\\SYSTEM32\\ntdll.dll+34152|C:\\Windows\\System32\\KERNEL32.DLL+17944|C:\\Windows\\SYSTEM32\\ntdll.dll+6ce71","agent":{"type":"winlogbeat","ephemeral_id":"df5ad137-6594-4bd7-a3eb-e0eda670370c","hostname":"WECServer","id":"f8e32ecf-6ac8-4748-86ec-f026490623c4","version":"7.4.0"},"ecs":{"version":"1.1.0"}}
{"@timestamp":"2019-10-28T02:32:00.003Z","@metadata":{"beat":"winlogbeat","type":"_doc","version":"7.4.0","topic":"winlogbeat"},"log":{"level":"information"},"message":"Process accessed:\nRuleName: \nUtcTime: 2019-10-28 02:32:00.002\nSourceProcessGUID: {a158f72c-a390-5db5-0000-00101ad60000}\nSourceProcessId: 680\nSourceThreadId: 7724\nSourceImage: C:\\Windows\\system32\\svchost.exe\nTargetProcessGUID: {a158f72c-a393-5db5-0000-0010470b0200}\nTargetProcessId: 2940\nTargetImage: C:\\Windows\\System32\\svchost.exe\nGrantedAccess: 0x1000\nCallTrace: C:\\Windows\\SYSTEM32\\ntdll.dll+9c524|C:\\Windows\\System32\\KERNELBASE.dll+6a685|c:\\windows\\system32\\lsm.dll+108a0|C:\\Windows\\System32\\RPCRT4.dll+76963|C:\\Windows\\System32\\RPCRT4.dll+da036|C:\\Windows\\System32\\RPCRT4.dll+37a5c|C:\\Windows\\System32\\RPCRT4.dll+548d8|C:\\Windows\\System32\\RPCRT4.dll+2c931|C:\\Windows\\System32\\RPCRT4.dll+2c1eb|C:\\Windows\\System32\\RPCRT4.dll+1a86f|C:\\Windows\\System32\\RPCRT4.dll+19d1a|C:\\Windows\\System32\\RPCRT4.dll+19301|C:\\Windows\\System32\\RPCRT4.dll+18d6e|C:\\Windows\\System32\\RPCRT4.dll+169a5|C:\\Windows\\SYSTEM32\\ntdll.dll+333fd|C:\\Windows\\SYSTEM32\\ntdll.dll+34152|C:\\Windows\\System32\\KERNEL32.DLL+17944|C:\\Windows\\SYSTEM32\\ntdll.dll+6ce71","winlog":{"provider_guid":"{5770385f-c22a-43e0-bf4c-06f5698ffbd9}","user":{"type":"User","identifier":"S-1-5-18","name":"SYSTEM","domain":"NT AUTHORITY"},"provider_name":"Microsoft-Windows-Sysmon","api":"wineventlog","opcode":"Info","channel":"Microsoft-Windows-Sysmon/Operational","event_id":10,"computer_name":"ACCT001.shire.com","process":{"pid":3208,"thread":{"id":5108}},"task":"Process accessed (rule: ProcessAccess)","version":3,"event_data":{"SourceProcessGUID":"{a158f72c-a390-5db5-0000-00101ad60000}","UtcTime":"2019-10-28 02:32:00.002","SourceThreadId":"7724","TargetImage":"C:\\Windows\\System32\\svchost.exe","CallTrace":"C:\\Windows\\SYSTEM32\\ntdll.dll+9c524|C:\\Windows\\System32\\KERNELBASE.dll+6a685|c:\\windows\\system32\\lsm.dll+108a0|C:\\Windows\\System32\\RPCRT4.dll+76963|C:\\Windows\\System32\\RPCRT4.dll+da036|C:\\Windows\\System32\\RPCRT4.dll+37a5c|C:\\Windows\\System32\\RPCRT4.dll+548d8|C:\\Windows\\System32\\RPCRT4.dll+2c931|C:\\Windows\\System32\\RPCRT4.dll+2c1eb|C:\\Windows\\System32\\RPCRT4.dll+1a86f|C:\\Windows\\System32\\RPCRT4.dll+19d1a|C:\\Windows\\System32\\RPCRT4.dll+19301|C:\\Windows\\System32\\RPCRT4.dll+18d6e|C:\\Windows\\System32\\RPCRT4.dll+169a5|C:\\Windows\\SYSTEM32\\ntdll.dll+333fd|C:\\Windows\\SYSTEM32\\ntdll.dll+34152|C:\\Windows\\System32\\KERNEL32.DLL+17944|C:\\Windows\\SYSTEM32\\ntdll.dll+6ce71","SourceProcessId":"680","SourceImage":"C:\\Windows\\system32\\svchost.exe","TargetProcessGUID":"{a158f72c-a393-5db5-0000-0010470b0200}","TargetProcessId":"2940","GrantedAccess":"0x1000"},"record_id":271860},"event":{"created":"2019-10-28T02:32:01.704Z","kind":"event","code":10,"action":"Process accessed (rule: ProcessAccess)"},"host":{"name":"WECServer"},"agent":{"hostname":"WECServer","id":"f8e32ecf-6ac8-4748-86ec-f026490623c4","version":"7.4.0","type":"winlogbeat","ephemeral_id":"df5ad137-6594-4bd7-a3eb-e0eda670370c"},"ecs":{"version":"1.1.0"}}
{"@timestamp":"2019-10-28T02:32:00.003Z","@metadata":{"beat":"winlogbeat","type":"_doc","version":"7.4.0","topic":"winlogbeat"},"log":{"level":"information"},"message":"Process accessed:\nRuleName: \nUtcTime: 2019-10-28 02:32:00.002\nSourceProcessGUID: {a158f72c-a390-5db5-0000-00101ad60000}\nSourceProcessId: 680\nSourceThreadId: 7724\nSourceImage: C:\\Windows\\system32\\svchost.exe\nTargetProcessGUID: {a158f72c-a393-5db5-0000-0010470b0200}\nTargetProcessId: 2940\nTargetImage: C:\\Windows\\System32\\svchost.exe\nGrantedAccess: 0x1000\nCallTrace: C:\\Windows\\SYSTEM32\\ntdll.dll+9c524|C:\\Windows\\System32\\KERNELBASE.dll+6a685|c:\\windows\\system32\\lsm.dll+106fe|C:\\Windows\\System32\\RPCRT4.dll+76963|C:\\Windows\\System32\\RPCRT4.dll+da036|C:\\Windows\\System32\\RPCRT4.dll+37a5c|C:\\Windows\\System32\\RPCRT4.dll+548d8|C:\\Windows\\System32\\RPCRT4.dll+2c931|C:\\Windows\\System32\\RPCRT4.dll+2c1eb|C:\\Windows\\System32\\RPCRT4.dll+1a86f|C:\\Windows\\System32\\RPCRT4.dll+19d1a|C:\\Windows\\System32\\RPCRT4.dll+19301|C:\\Windows\\System32\\RPCRT4.dll+18d6e|C:\\Windows\\System32\\RPCRT4.dll+169a5|C:\\Windows\\SYSTEM32\\ntdll.dll+333fd|C:\\Windows\\SYSTEM32\\ntdll.dll+34152|C:\\Windows\\System32\\KERNEL32.DLL+17944|C:\\Windows\\SYSTEM32\\ntdll.dll+6ce71","ecs":{"version":"1.1.0"},"host":{"name":"WECServer"},"agent":{"type":"winlogbeat","ephemeral_id":"df5ad137-6594-4bd7-a3eb-e0eda670370c","hostname":"WECServer","id":"f8e32ecf-6ac8-4748-86ec-f026490623c4","version":"7.4.0"},"winlog":{"opcode":"Info","provider_guid":"{5770385f-c22a-43e0-bf4c-06f5698ffbd9}","version":3,"api":"wineventlog","event_data":{"SourceThreadId":"7724","SourceProcessId":"680","TargetProcessId":"2940","TargetImage":"C:\\Windows\\System32\\svchost.exe","SourceProcessGUID":"{a158f72c-a390-5db5-0000-00101ad60000}","SourceImage":"C:\\Windows\\system32\\svchost.exe","TargetProcessGUID":"{a158f72c-a393-5db5-0000-0010470b0200}","GrantedAccess":"0x1000","CallTrace":"C:\\Windows\\SYSTEM32\\ntdll.dll+9c524|C:\\Windows\\System32\\KERNELBASE.dll+6a685|c:\\windows\\system32\\lsm.dll+106fe|C:\\Windows\\System32\\RPCRT4.dll+76963|C:\\Windows\\System32\\RPCRT4.dll+da036|C:\\Windows\\System32\\RPCRT4.dll+37a5c|C:\\Windows\\System32\\RPCRT4.dll+548d8|C:\\Windows\\System32\\RPCRT4.dll+2c931|C:\\Windows\\System32\\RPCRT4.dll+2c1eb|C:\\Windows\\System32\\RPCRT4.dll+1a86f|C:\\Windows\\System32\\RPCRT4.dll+19d1a|C:\\Windows\\System32\\RPCRT4.dll+19301|C:\\Windows\\System32\\RPCRT4.dll+18d6e|C:\\Windows\\System32\\RPCRT4.dll+169a5|C:\\Windows\\SYSTEM32\\ntdll.dll+333fd|C:\\Windows\\SYSTEM32\\ntdll.dll+34152|C:\\Windows\\System32\\KERNEL32.DLL+17944|C:\\Windows\\SYSTEM32\\ntdll.dll+6ce71","UtcTime":"2019-10-28 02:32:00.002"},"record_id":271861,"user":{"identifier":"S-1-5-18","name":"SYSTEM","domain":"NT AUTHORITY","type":"User"},"computer_name":"ACCT001.shire.com","channel":"Microsoft-Windows-Sysmon/Operational","event_id":10,"task":"Process accessed (rule: ProcessAccess)","provider_name":"Microsoft-Windows-Sysmon","process":{"thread":{"id":5108},"pid":3208}},"event":{"kind":"event","code":10,"action":"Process accessed (rule: ProcessAccess)","created":"2019-10-28T02:32:01.704Z"}}
