{"@timestamp":"2019-10-28T02:31:41.545Z","@metadata":{"beat":"winlogbeat","type":"_doc","version":"7.4.0","topic":"winlogbeat"},"winlog":{"provider_name":"Microsoft-Windows-Sysmon","task":"Image loaded (rule: ImageLoad)","api":"wineventlog","record_id":271703,"computer_name":"ACCT001.shire.com","version":3,"opcode":"Info","event_data":{"Product":"Microsoft Windows Operating System","Signed":"true","Description":"Shell Light-weight Utility Library","SignatureStatus":"Valid","Image":"C:\\Windows\\Microsoft.NET\\Framework64\\v4.0.30319\\InstallUtil.exe","Hashes":"SHA1=9074DF3335B785BB00B43AE76ACC66B799118FAE,MD5=BFB85A9022324E41FCEC5011BCB5FD23,SHA256=3CDA144CFB6278DA47267FE1E1FE258716A074C3D3DD8413B259DA7DA1039871,IMPHASH=6659A49ABF33952444C5A7FA22FD9032","UtcTime":"2019-10-28 02:31:41.533","Company":"Microsoft Corporation","ProcessId":"5204","FileVersion":"10.0.18362.1 (WinBuild.160101.0800)","ProcessGuid":"{a158f72c-530d-5db6-0000-001011f7af00}","ImageLoaded":"C:\\Windows\\System32\\shlwapi.dll","Signature":"Microsoft Windows","OriginalFileName":"SHLWAPI.DLL"},"user":{"identifier":"S-1-5-18","name":"SYSTEM","domain":"NT AUTHORITY","type":"User"},"channel":"Microsoft-Windows-Sysmon/Operational","event_id":7,"provider_guid":"{5770385f-c22a-43e0-bf4c-06f5698ffbd9}","process":{"thread":{"id":5108},"pid":3208}},"event":{"kind":"event","code":7,"action":"Image loaded (rule: ImageLoad)","created":"2019-10-28T02:31:42.516Z"},"log":{"level":"information"},"message":"Image loaded:\nRuleName: \nUtcTime: 2019-10-28 02:31:41.533\nProcessGuid: {a158f72c-530d-5db6-0000-001011f7af00}\nProcessId: 5204\nImage: C:\\Windows\\Microsoft.NET\\Framework64\\v4.0.30319\\InstallUtil.exe\nImageLoaded: C:\\Windows\\System32\\shlwapi.dll\nFileVersion: 10.0.18362.1 (WinBuild.160101.0800)\nDescription: Shell Light-weight Utility Library\nProduct: Microsoft Windows Operating System\nCompany: Microsoft Corporation\nOriginalFileName: SHLWAPI.DLL\nHashes: SHA1=9074DF3335B785BB00B43AE76ACC66B799118FAE,MD5=BFB85A9022324E41FCEC5011BCB5FD23,SHA256=3CDA144CFB6278DA47267FE1E1FE258716A074C3D3DD8413B259DA7DA1039871,IMPHASH=6659A49ABF33952444C5A7FA22FD9032\nSigned: true\nSignature: Microsoft Windows\nSignatureStatus: Valid","agent":{"type":"winlogbeat","ephemeral_id":"df5ad137-6594-4bd7-a3eb-e0eda670370c","hostname":"WECServer","id":"f8e32ecf-6ac8-4748-86ec-f026490623c4","version":"7.4.0"},"ecs":{"version":"1.1.0"},"host":{"name":"WECServer"}}
{"@timestamp":"2019-10-28T02:31:41.545Z","@metadata":{"beat":"winlogbeat","type":"_doc","version":"7.4.0","topic":"winlogbeat"},"winlog":{"opcode":"Info","provider_guid":"{5770385f-c22a-43e0-bf4c-06f5698ffbd9}","event_id":7,"provider_name":"Microsoft-Windows-Sysmon","event_data":{"ImageLoaded":"C:\\Windows\\System32\\combase.dll","UtcTime":"2019-10-28 02:31:41.533","Signed":"true","Image":"C:\\Windows\\Microsoft.NET\\Framework64\\v4.0.30319\\InstallUtil.exe","Hashes":"SHA1=A426D26C54B5D22F0DE38ED250BBC1EC0780D052,MD5=D7D43C7E99DB383172C69EEBD2BFDC04,SHA256=6169CCC48CDC3ECA061D68687B54C34F5A273FAFE81CD1171299B0FC604C3A88,IMPHASH=BEEE865B06F92C9705F24BC04E0B2423","SignatureStatus":"Valid","ProcessId":"5204","Product":"Microsoft Windows Operating System","OriginalFileName":"COMBASE.DLL","FileVersion":"10.0.18362.1 (WinBuild.160101.0800)","Signature":"Microsoft Windows","Description":"Microsoft COM for Windows","ProcessGuid":"{a158f72c-530d-5db6-0000-001011f7af00}","Company":"Microsoft Corporation"},"record_id":271704,"task":"Image loaded (rule: ImageLoad)","api":"wineventlog","user":{"type":"User","identifier":"S-1-5-18","name":"SYSTEM","domain":"NT AUTHORITY"},"version":3,"channel":"Microsoft-Windows-Sysmon/Operational","computer_name":"ACCT001.shire.com","process":{"pid":3208,"thread":{"id":5108}}},"event":{"kind":"event","code":7,"action":"Image loaded (rule: ImageLoad)","created":"2019-10-28T02:31:42.516Z"},"log":{"level":"information"},"message":"Image loaded:\nRuleName: \nUtcTime: 2019-10-28 02:31:41.533\nProcessGuid: {a158f72c-530d-5db6-0000-001011f7af00}\nProcessId: 5204\nImage: C:\\Windows\\Microsoft.NET\\Framework64\\v4.0.30319\\InstallUtil.exe\nImageLoaded: C:\\Windows\\System32\\combase.dll\nFileVersion: 10.0.18362.1 (WinBuild.160101.0800)\nDescription: Microsoft COM for Windows\nProduct: Microsoft Windows Operating System\nCompany: Microsoft Corporation\nOriginalFileName: COMBASE.DLL\nHashes: SHA1=A426D26C54B5D22F0DE38ED250BBC1EC0780D052,MD5=D7D43C7E99DB383172C69EEBD2BFDC04,SHA256=6169CCC48CDC3ECA061D68687B54C34F5A273FAFE81CD1171299B0FC604C3A88,IMPHASH=BEEE865B06F92C9705F24BC04E0B2423\nSigned: true\nSignature: Microsoft Windows\nSignatureStatus: Valid","ecs":{"version":"1.1.0"},"host":{"name":"WECServer"},"agent":{"hostname":"WECServer","id":"f8e32ecf-6ac8-4748-86ec-f026490623c4","version":"7.4.0","type":"winlogbeat","ephemeral_id":"df5ad137-6594-4bd7-a3eb-e0eda670370c"}}
{"@timestamp":"2019-10-28T02:31:41.546Z","@metadata":{"beat":"winlogbeat","type":"_doc","version":"7.4.0","topic":"winlogbeat"},"event":{"kind":"event","code":7,"action":"Image loaded (rule: ImageLoad)","created":"2019-10-28T02:31:42.516Z"},"log":{"level":"information"},"message":"Image loaded:\nRuleName: \nUtcTime: 2019-10-28 02:31:41.533\nProcessGuid: {a158f72c-530d-5db6-0000-001011f7af00}\nProcessId: 5204\nImage: C:\\Windows\\Microsoft.NET\\Framework64\\v4.0.30319\\InstallUtil.exe\nImageLoaded: C:\\Windows\\System32\\ucrtbase.dll\nFileVersion: 10.0.18362.1 (WinBuild.160101.0800)\nDescription: Microsoft C Runtime Library\nProduct: Microsoft Windows Operating System\nCompany: Microsoft Corporation\nOriginalFileName: ucrtbase.dll\nHashes: SHA1=375BEFF676D1823A67E7C9CD4C1F5FEE23AEA291,MD5=E3E6F8CF136910305DA93F81101177A1,SHA256=AEE341007B9149282E99B95336BC627474E85D36176FC240AE66EC12FEECC169,IMPHASH=5AE9A136FAFA10321F3D48251BF4F6A1\nSigned: true\nSignature: Microsoft Windows\nSignatureStatus: Valid","agent":{"type":"winlogbeat","ephemeral_id":"df5ad137-6594-4bd7-a3eb-e0eda670370c","hostname":"WECServer","id":"f8e32ecf-6ac8-4748-86ec-f026490623c4","version":"7.4.0"},"ecs":{"version":"1.1.0"},"host":{"name":"WECServer"},"winlog":{"version":3,"event_data":{"ProcessGuid":"{a158f72c-530d-5db6-0000-001011f7af00}","Hashes":"SHA1=375BEFF676D1823A67E7C9CD4C1F5FEE23AEA291,MD5=E3E6F8CF136910305DA93F81101177A1,SHA256=AEE341007B9149282E99B95336BC627474E85D36176FC240AE66EC12FEECC169,IMPHASH=5AE9A136FAFA10321F3D48251BF4F6A1","Image":"C:\\Windows\\Microsoft.NET\\Framework64\\v4.0.30319\\InstallUtil.exe","Product":"Microsoft Windows Operating System","FileVersion":"10.0.18362.1 (WinBuild.160101.0800)","Description":"Microsoft C Runtime Library","SignatureStatus":"Valid","Company":"Microsoft Corporation","Signed":"true","Signature":"Microsoft Windows","UtcTime":"2019-10-28 02:31:41.533","OriginalFileName":"ucrtbase.dll","ProcessId":"5204","ImageLoaded":"C:\\Windows\\System32\\ucrtbase.dll"},"record_id":271705,"event_id":7,"api":"wineventlog","opcode":"Info","provider_guid":"{5770385f-c22a-43e0-bf4c-06f5698ffbd9}","provider_name":"Microsoft-Windows-Sysmon","task":"Image loaded (rule: ImageLoad)","computer_name":"ACCT001.shire.com","process":{"pid":3208,"thread":{"id":5108}},"user":{"name":"SYSTEM","domain":"NT AUTHORITY","type":"User","identifier":"S-1-5-18"},"channel":"Microsoft-Windows-Sysmon/Operational"}}
{"@timestamp":"2019-10-28T02:31:41.546Z","@metadata":{"beat":"winlogbeat","type":"_doc","version":"7.4.0","topic":"winlogbeat"},"log":{"level":"information"},"message":"Image loaded:\nRuleName: \nUtcTime: 2019-10-28 02:31:41.533\nProcessGuid: {a158f72c-530d-5db6-0000-001011f7af00}\nProcessId: 5204\nImage: C:\\Windows\\Microsoft.NET\\Framework64\\v4.0.30319\\InstallUtil.exe\nImageLoaded: C:\\Windows\\System32\\bcryptprimitives.dll\nFileVersion: 10.0.18362.1 (WinBuild.160101.0800)\nDescription: Windows Cryptographic Primitives Library\nProduct: Microsoft Windows Operating System\nCompany: Microsoft Corporation\nOriginalFileName: bcryptprimitives.dll\nHashes: SHA1=3E304AD14FF9B3624638C08FFE0349AA8D51FA67,MD5=5A27AB63A4D98C4760B4D9367053D3B3,SHA256=D73E318F1A4EB729E9D327642ED87973C429D02DEE1CF55D7EF7DF93EA9D1765,IMPHASH=402DA460E2AC467F4489C588A9941032\nSigned: true\nSignature: Microsoft Windows\nSignatureStatus: Valid","ecs":{"version":"1.1.0"},"host":{"name":"WECServer"},"agent":{"type":"winlogbeat","ephemeral_id":"df5ad137-6594-4bd7-a3eb-e0eda670370c","hostname":"WECServer","id":"f8e32ecf-6ac8-4748-86ec-f026490623c4","version":"7.4.0"},"winlog":{"record_id":271706,"provider_guid":"{5770385f-c22a-43e0-bf4c-06f5698ffbd9}","opcode":"Info","channel":"Microsoft-Windows-Sysmon/Operational","provider_name":"Microsoft-Windows-Sysmon","process":{"pid":3208,"thread":{"id":5108}},"version":3,"event_id":7,"task":"Image loaded (rule: ImageLoad)","api":"wineventlog","computer_name":"ACCT001.shire.com","user":{"type":"User","identifier":"S-1-5-18","name":"SYSTEM","domain":"NT AUTHORITY"},"event_data":{"OriginalFileName":"bcryptprimitives.dll","Company":"Microsoft Corporation","Hashes":"SHA1=3E304AD14FF9B3624638C08FFE0349AA8D51FA67,MD5=5A27AB63A4D98C4760B4D9367053D3B3,SHA256=D73E318F1A4EB729E9D327642ED87973C429D02DEE1CF55D7EF7DF93EA9D1765,IMPHASH=402DA460E2AC467F4489C588A9941032","Description":"Windows Cryptographic Primitives Library","Signed":"true","Signature":"Microsoft Windows","ProcessGuid":"{a158f72c-530d-5db6-0000-001011f7af00}","ProcessId":"5204","FileVersion":"10.0.18362.1 (WinBuild.160101.0800)","Product":"Microsoft Windows Operating System","Image":"C:\\Windows\\Microsoft.NET\\Framework64\\v4.0.30319\\InstallUtil.exe","SignatureStatus":"Valid","UtcTime":"2019-10-28 02:31:41.533","ImageLoaded":"C:\\Windows\\System32\\bcryptprimitives.dll"}},"event":{"created":"2019-10-28T02:31:42.516Z","kind":"event","code":7,"action":"Image loaded (rule: ImageLoad)"}}
{"@timestamp":"2019-10-28T02:31:41.549Z","@metadata":{"beat":"winlogbeat","type":"_doc","version":"7.4.0","topic":"winlogbeat"},"winlog":{"event_data":{"Company":"Microsoft Corporation","Hashes":"SHA1=54CCAD50DC36061BF85F89BC313CD5DFD3FFEC83,MD5=2426F9C2D871830BC6DCDFBA443E872E,SHA256=357965B84191377EB10AA10A843EE0ACBB2F6145D24DA6753CA262CFB823057B,IMPHASH=D0C4D6981031F6492696A15189F18D1D","Signed":"true","Signature":"Microsoft Windows","FileVersion":"11.00.18362.1 (WinBuild.160101.0800)","OriginalFileName":"UrlMon.dll","SignatureStatus":"Valid","Product":"Internet Explorer","ProcessGuid":"{a158f72c-530d-5db6-0000-001062e9af00}","Description":"OLE32 Extensions for Win32","UtcTime":"2019-10-28 02:31:41.455","ImageLoaded":"C:\\Windows\\System32\\urlmon.dll","Image":"C:\\Windows\\System32\\certutil.exe","ProcessId":"3728"},"event_id":7,"record_id":271707,"computer_name":"ACCT001.shire.com","channel":"Microsoft-Windows-Sysmon/Operational","opcode":"Info","process":{"thread":{"id":5116},"pid":3208},"version":3,"provider_guid":"{5770385f-c22a-43e0-bf4c-06f5698ffbd9}","user":{"type":"User","identifier":"S-1-5-18","name":"SYSTEM","domain":"NT AUTHORITY"},"provider_name":"Microsoft-Windows-Sysmon","api":"wineventlog","task":"Image loaded (rule: ImageLoad)"},"event":{"action":"Image loaded (rule: ImageLoad)","created":"2019-10-28T02:31:42.516Z","kind":"event","code":7},"log":{"level":"information"},"message":"Image loaded:\nRuleName: \nUtcTime: 2019-10-28 02:31:41.455\nProcessGuid: {a158f72c-530d-5db6-0000-001062e9af00}\nProcessId: 3728\nImage: C:\\Windows\\System32\\certutil.exe\nImageLoaded: C:\\Windows\\System32\\urlmon.dll\nFileVersion: 11.00.18362.1 (WinBuild.160101.0800)\nDescription: OLE32 Extensions for Win32\nProduct: Internet Explorer\nCompany: Microsoft Corporation\nOriginalFileName: UrlMon.dll\nHashes: SHA1=54CCAD50DC36061BF85F89BC313CD5DFD3FFEC83,MD5=2426F9C2D871830BC6DCDFBA443E872E,SHA256=357965B84191377EB10AA10A843EE0ACBB2F6145D24DA6753CA262CFB823057B,IMPHASH=D0C4D6981031F6492696A15189F18D1D\nSigned: true\nSignature: Microsoft Windows\nSignatureStatus: Valid","ecs":{"version":"1.1.0"},"host":{"name":"WECServer"},"agent":{"type":"winlogbeat","ephemeral_id":"df5ad137-6594-4bd7-a3eb-e0eda670370c","hostname":"WECServer","id":"f8e32ecf-6ac8-4748-86ec-f026490623c4","version":"7.4.0"}}
{"@timestamp":"2019-10-28T02:31:41.551Z","@metadata":{"beat":"winlogbeat","type":"_doc","version":"7.4.0","topic":"winlogbeat"},"winlog":{"event_id":7,"provider_name":"Microsoft-Windows-Sysmon","opcode":"Info","channel":"Microsoft-Windows-Sysmon/Operational","version":3,"process":{"pid":3208,"thread":{"id":5108}},"task":"Image loaded (rule: ImageLoad)","api":"wineventlog","event_data":{"ProcessGuid":"{a158f72c-530d-5db6-0000-001011f7af00}","UtcTime":"2019-10-28 02:31:41.533","Description":"GDI Client DLL","ImageLoaded":"C:\\Windows\\System32\\gdi32.dll","Image":"C:\\Windows\\Microsoft.NET\\Framework64\\v4.0.30319\\InstallUtil.exe","FileVersion":"10.0.18362.1 (WinBuild.160101.0800)","Company":"Microsoft Corporation","Signed":"true","ProcessId":"5204","Signature":"Microsoft Windows","OriginalFileName":"gdi32","Product":"Microsoft Windows Operating System","SignatureStatus":"Valid","Hashes":"SHA1=9E91D74D5B9BF64A3D4BE8C5EA3594F5DA2BC299,MD5=2839609118F48DEA292084E43FAA72D8,SHA256=4FC9460147D5A3AA1F9498863CF10BB7BE6099BEF1A3D55503164CA51E36E27E,IMPHASH=C5F30E6A06AB646153863B68366FE58A"},"record_id":271708,"computer_name":"ACCT001.shire.com","provider_guid":"{5770385f-c22a-43e0-bf4c-06f5698ffbd9}","user":{"identifier":"S-1-5-18","name":"SYSTEM","domain":"NT AUTHORITY","type":"User"}},"agent":{"version":"7.4.0","type":"winlogbeat","ephemeral_id":"df5ad137-6594-4bd7-a3eb-e0eda670370c","hostname":"WECServer","id":"f8e32ecf-6ac8-4748-86ec-f026490623c4"},"ecs":{"version":"1.1.0"},"host":{"name":"WECServer"},"event":{"kind":"event","code":7,"action":"Image loaded (rule: ImageLoad)","created":"2019-10-28T02:31:42.516Z"},"log":{"level":"information"},"message":"Image loaded:\nRuleName: \nUtcTime: 2019-10-28 02:31:41.533\nProcessGuid: {a158f72c-530d-5db6-0000-001011f7af00}\nProcessId: 5204\nImage: C:\\Windows\\Microsoft.NET\\Framework64\\v4.0.30319\\InstallUtil.exe\nImageLoaded: C:\\Windows\\System32\\gdi32.dll\nFileVersion: 10.0.18362.1 (WinBuild.160101.0800)\nDescription: GDI Client DLL\nProduct: Microsoft Windows Operating System\nCompany: Microsoft Corporation\nOriginalFileName: gdi32\nHashes: SHA1=9E91D74D5B9BF64A3D4BE8C5EA3594F5DA2BC299,MD5=2839609118F48DEA292084E43FAA72D8,SHA256=4FC9460147D5A3AA1F9498863CF10BB7BE6099BEF1A3D55503164CA51E36E27E,IMPHASH=C5F30E6A06AB646153863B68366FE58A\nSigned: true\nSignature: Microsoft Windows\nSignatureStatus: Valid"}
{"@timestamp":"2019-10-28T02:31:41.551Z","@metadata":{"beat":"winlogbeat","type":"_doc","version":"7.4.0","topic":"winlogbeat"},"message":"Image loaded:\nRuleName: \nUtcTime: 2019-10-28 02:31:41.533\nProcessGuid: {a158f72c-530d-5db6-0000-001011f7af00}\nProcessId: 5204\nImage: C:\\Windows\\Microsoft.NET\\Framework64\\v4.0.30319\\InstallUtil.exe\nImageLoaded: C:\\Windows\\System32\\win32u.dll\nFileVersion: 10.0.18362.1 (WinBuild.160101.0800)\nDescription: Win32u\nProduct: Microsoft Windows Operating System\nCompany: Microsoft Corporation\nOriginalFileName: Win32u.DLL\nHashes: SHA1=F6826F19BB585A1F52F6D2D2B063BFA175AA5B19,MD5=6D9F4B6D13442736A901BF455355AA8A,SHA256=E2F6F0021EFBBFDA3597DCD4F778BC1954138A6289BA9C0EBED360F37E5FAC9B,IMPHASH=00000000000000000000000000000000\nSigned: true\nSignature: Microsoft Windows\nSignatureStatus: Valid","agent":{"type":"winlogbeat","ephemeral_id":"df5ad137-6594-4bd7-a3eb-e0eda670370c","hostname":"WECServer","id":"f8e32ecf-6ac8-4748-86ec-f026490623c4","version":"7.4.0"},"ecs":{"version":"1.1.0"},"host":{"name":"WECServer"},"winlog":{"computer_name":"ACCT001.shire.com","user":{"name":"SYSTEM","domain":"NT AUTHORITY","type":"User","identifier":"S-1-5-18"},"event_data":{"Hashes":"SHA1=F6826F19BB585A1F52F6D2D2B063BFA175AA5B19,MD5=6D9F4B6D13442736A901BF455355AA8A,SHA256=E2F6F0021EFBBFDA3597DCD4F778BC1954138A6289BA9C0EBED360F37E5FAC9B,IMPHASH=00000000000000000000000000000000","UtcTime":"2019-10-28 02:31:41.533","Image":"C:\\Windows\\Microsoft.NET\\Framework64\\v4.0.30319\\InstallUtil.exe","Product":"Microsoft Windows Operating System","Company":"Microsoft Corporation","Signature":"Microsoft Windows","ProcessId":"5204","ProcessGuid":"{a158f72c-530d-5db6-0000-001011f7af00}","Signed":"true","Description":"Win32u","OriginalFileName":"Win32u.DLL","ImageLoaded":"C:\\Windows\\System32\\win32u.dll","FileVersion":"10.0.18362.1 (WinBuild.160101.0800)","SignatureStatus":"Valid"},"task":"Image loaded (rule: ImageLoad)","api":"wineventlog","version":3,"process":{"pid":3208,"thread":{"id":5108}},"provider_name":"Microsoft-Windows-Sysmon","record_id":271709,"opcode":"Info","channel":"Microsoft-Windows-Sysmon/Operational","event_id":7,"provider_guid":"{5770385f-c22a-43e0-bf4c-06f5698ffbd9}"},"event":{"code":7,"action":"Image loaded (rule: ImageLoad)","created":"2019-10-28T02:31:42.516Z","kind":"event"},"log":{"level":"information"}}
{"@timestamp":"2019-10-28T02:31:41.551Z","@metadata":{"beat":"winlogbeat","type":"_doc","version":"7.4.0","topic":"winlogbeat"},"event":{"kind":"event","code":7,"action":"Image loaded (rule: ImageLoad)","created":"2019-10-28T02:31:42.516Z"},"log":{"level":"information"},"message":"Image loaded:\nRuleName: \nUtcTime: 2019-10-28 02:31:41.533\nProcessGuid: {a158f72c-530d-5db6-0000-001011f7af00}\nProcessId: 5204\nImage: C:\\Windows\\Microsoft.NET\\Framework64\\v4.0.30319\\InstallUtil.exe\nImageLoaded: C:\\Windows\\System32\\gdi32full.dll\nFileVersion: 10.0.18362.1 (WinBuild.160101.0800)\nDescription: GDI Client DLL\nProduct: Microsoft Windows Operating System\nCompany: Microsoft Corporation\nOriginalFileName: gdi32\nHashes: SHA1=B35F7D3553E85438393681F009724476F593762C,MD5=2BBF16C9E4DBA6D5A6CD8F5E84E14312,SHA256=AB70E41D34068781561AC3081125207D806B9BAB1B1DFA7B62ED00F7B61B2EE3,IMPHASH=3D091FB4FD5D6B28DD662D5E66B7D20C\nSigned: true\nSignature: Microsoft Windows\nSignatureStatus: Valid","winlog":{"record_id":271710,"task":"Image loaded (rule: ImageLoad)","api":"wineventlog","channel":"Microsoft-Windows-Sysmon/Operational","event_id":7,"provider_name":"Microsoft-Windows-Sysmon","provider_guid":"{5770385f-c22a-43e0-bf4c-06f5698ffbd9}","version":3,"computer_name":"ACCT001.shire.com","event_data":{"ProcessGuid":"{a158f72c-530d-5db6-0000-001011f7af00}","ProcessId":"5204","Image":"C:\\Windows\\Microsoft.NET\\Framework64\\v4.0.30319\\InstallUtil.exe","FileVersion":"10.0.18362.1 (WinBuild.160101.0800)","Hashes":"SHA1=B35F7D3553E85438393681F009724476F593762C,MD5=2BBF16C9E4DBA6D5A6CD8F5E84E14312,SHA256=AB70E41D34068781561AC3081125207D806B9BAB1B1DFA7B62ED00F7B61B2EE3,IMPHASH=3D091FB4FD5D6B28DD662D5E66B7D20C","Description":"GDI Client DLL","Company":"Microsoft Corporation","UtcTime":"2019-10-28 02:31:41.533","ImageLoaded":"C:\\Windows\\System32\\gdi32full.dll","OriginalFileName":"gdi32","SignatureStatus":"Valid","Signed":"true","Signature":"Microsoft Windows","Product":"Microsoft Windows Operating System"},"user":{"type":"User","identifier":"S-1-5-18","name":"SYSTEM","domain":"NT AUTHORITY"},"opcode":"Info","process":{"pid":3208,"thread":{"id":5108}}},"ecs":{"version":"1.1.0"},"host":{"name":"WECServer"},"agent":{"version":"7.4.0","type":"winlogbeat","ephemeral_id":"df5ad137-6594-4bd7-a3eb-e0eda670370c","hostname":"WECServer","id":"f8e32ecf-6ac8-4748-86ec-f026490623c4"}}
{"@timestamp":"2019-10-28T02:31:41.551Z","@metadata":{"beat":"winlogbeat","type":"_doc","version":"7.4.0","topic":"winlogbeat"},"message":"Image loaded:\nRuleName: \nUtcTime: 2019-10-28 02:31:41.533\nProcessGuid: {a158f72c-530d-5db6-0000-001011f7af00}\nProcessId: 5204\nImage: C:\\Windows\\Microsoft.NET\\Framework64\\v4.0.30319\\InstallUtil.exe\nImageLoaded: C:\\Windows\\System32\\msvcp_win.dll\nFileVersion: 10.0.18362.1 (WinBuild.160101.0800)\nDescription: Microsoft C Runtime Library\nProduct: Microsoft Windows Operating System\nCompany: Microsoft Corporation\nOriginalFileName: msvcp_win.dll\nHashes: SHA1=645D86E62F5D28EAEE2A87A66E482BE5E9330AF9,MD5=E25D67561F894B5371E23C1A4C1B6BAA,SHA256=5C93145704D06D1E8E432C976E2CD54794D5B79C8A8019CD3B72CF9280DB809C,IMPHASH=7F555C87AEA488E97B6067A0419ED3B4\nSigned: true\nSignature: Microsoft Windows\nSignatureStatus: Valid","winlog":{"process":{"pid":3208,"thread":{"id":5108}},"channel":"Microsoft-Windows-Sysmon/Operational","computer_name":"ACCT001.shire.com","version":3,"task":"Image loaded (rule: ImageLoad)","opcode":"Info","user":{"identifier":"S-1-5-18","name":"SYSTEM","domain":"NT AUTHORITY","type":"User"},"event_id":7,"record_id":271711,"provider_guid":"{5770385f-c22a-43e0-bf4c-06f5698ffbd9}","provider_name":"Microsoft-Windows-Sysmon","api":"wineventlog","event_data":{"FileVersion":"10.0.18362.1 (WinBuild.160101.0800)","Image":"C:\\Windows\\Microsoft.NET\\Framework64\\v4.0.30319\\InstallUtil.exe","ProcessGuid":"{a158f72c-530d-5db6-0000-001011f7af00}","Product":"Microsoft Windows Operating System","Description":"Microsoft C Runtime Library","UtcTime":"2019-10-28 02:31:41.533","OriginalFileName":"msvcp_win.dll","Company":"Microsoft Corporation","Signature":"Microsoft Windows","Signed":"true","ImageLoaded":"C:\\Windows\\System32\\msvcp_win.dll","SignatureStatus":"Valid","ProcessId":"5204","Hashes":"SHA1=645D86E62F5D28EAEE2A87A66E482BE5E9330AF9,MD5=E25D67561F894B5371E23C1A4C1B6BAA,SHA256=5C93145704D06D1E8E432C976E2CD54794D5B79C8A8019CD3B72CF9280DB809C,IMPHASH=7F555C87AEA488E97B6067A0419ED3B4"}},"event":{"kind":"event","code":7,"action":"Image loaded (rule: ImageLoad)","created":"2019-10-28T02:31:42.516Z"},"ecs":{"version":"1.1.0"},"host":{"name":"WECServer"},"agent":{"id":"f8e32ecf-6ac8-4748-86ec-f026490623c4","version":"7.4.0","type":"winlogbeat","ephemeral_id":"df5ad137-6594-4bd7-a3eb-e0eda670370c","hostname":"WECServer"},"log":{"level":"information"}}
{"@timestamp":"2019-10-28T02:31:41.552Z","@metadata":{"beat":"winlogbeat","type":"_doc","version":"7.4.0","topic":"winlogbeat"},"winlog":{"user":{"name":"SYSTEM","domain":"NT AUTHORITY","type":"User","identifier":"S-1-5-18"},"record_id":271712,"provider_name":"Microsoft-Windows-Sysmon","provider_guid":"{5770385f-c22a-43e0-bf4c-06f5698ffbd9}","task":"Image loaded (rule: ImageLoad)","api":"wineventlog","computer_name":"ACCT001.shire.com","process":{"pid":3208,"thread":{"id":5108}},"version":3,"channel":"Microsoft-Windows-Sysmon/Operational","opcode":"Info","event_data":{"Hashes":"SHA1=1EED6EFB96A15D88FA610E8D7AB273F3AEDCE012,MD5=44F5E9206813B92918F5BB5F42F8E5D0,SHA256=71D3E6D772E122CF233F014149964E6C7112BE077AE084EC4D0BF7EDADB791AD,IMPHASH=0DAE690602785B4013502C3737408F4F","Signed":"true","SignatureStatus":"Valid","Product":"Microsoft Windows Operating System","ImageLoaded":"C:\\Windows\\System32\\user32.dll","OriginalFileName":"user32","Company":"Microsoft Corporation","Description":"Multi-User Windows USER API Client DLL","FileVersion":"10.0.18362.1 (WinBuild.160101.0800)","Image":"C:\\Windows\\Microsoft.NET\\Framework64\\v4.0.30319\\InstallUtil.exe","UtcTime":"2019-10-28 02:31:41.533","ProcessGuid":"{a158f72c-530d-5db6-0000-001011f7af00}","Signature":"Microsoft Windows","ProcessId":"5204"},"event_id":7},"event":{"code":7,"action":"Image loaded (rule: ImageLoad)","created":"2019-10-28T02:31:42.516Z","kind":"event"},"log":{"level":"information"},"message":"Image loaded:\nRuleName: \nUtcTime: 2019-10-28 02:31:41.533\nProcessGuid: {a158f72c-530d-5db6-0000-001011f7af00}\nProcessId: 5204\nImage: C:\\Windows\\Microsoft.NET\\Framework64\\v4.0.30319\\InstallUtil.exe\nImageLoaded: C:\\Windows\\System32\\user32.dll\nFileVersion: 10.0.18362.1 (WinBuild.160101.0800)\nDescription: Multi-User Windows USER API Client DLL\nProduct: Microsoft Windows Operating System\nCompany: Microsoft Corporation\nOriginalFileName: user32\nHashes: SHA1=1EED6EFB96A15D88FA610E8D7AB273F3AEDCE012,MD5=44F5E9206813B92918F5BB5F42F8E5D0,SHA256=71D3E6D772E122CF233F014149964E6C7112BE077AE084EC4D0BF7EDADB791AD,IMPHASH=0DAE690602785B4013502C3737408F4F\nSigned: true\nSignature: Microsoft Windows\nSignatureStatus: Valid","ecs":{"version":"1.1.0"},"host":{"name":"WECServer"},"agent":{"type":"winlogbeat","ephemeral_id":"df5ad137-6594-4bd7-a3eb-e0eda670370c","hostname":"WECServer","id":"f8e32ecf-6ac8-4748-86ec-f026490623c4","version":"7.4.0"}}
{"@timestamp":"2019-10-28T02:31:41.552Z","@metadata":{"beat":"winlogbeat","type":"_doc","version":"7.4.0","topic":"winlogbeat"},"winlog":{"version":3,"user":{"identifier":"S-1-5-18","name":"SYSTEM","domain":"NT AUTHORITY","type":"User"},"event_data":{"ImageLoaded":"C:\\Windows\\System32\\imm32.dll","Signature":"Microsoft Windows","ProcessGuid":"{a158f72c-530d-5db6-0000-001011f7af00}","SignatureStatus":"Valid","Company":"Microsoft Corporation","ProcessId":"5204","OriginalFileName":"imm32","FileVersion":"10.0.18362.1 (WinBuild.160101.0800)","Hashes":"SHA1=C0FC34773A9A6D67CC9CFB506E746A09113CFA91,MD5=5A545E170673868185B378391A895524,SHA256=EE733D86EF7A18136F6F4EFCC7A70911F6EF6A556CC720F9DEA3550B7554CD50,IMPHASH=24F54B6761C10BA12481CF6C780605BF","Image":"C:\\Windows\\Microsoft.NET\\Framework64\\v4.0.30319\\InstallUtil.exe","Description":"Multi-User Windows IMM32 API Client DLL","Signed":"true","UtcTime":"2019-10-28 02:31:41.548","Product":"Microsoft Windows Operating System"},"task":"Image loaded (rule: ImageLoad)","api":"wineventlog","opcode":"Info","event_id":7,"computer_name":"ACCT001.shire.com","process":{"pid":3208,"thread":{"id":5108}},"channel":"Microsoft-Windows-Sysmon/Operational","record_id":271713,"provider_name":"Microsoft-Windows-Sysmon","provider_guid":"{5770385f-c22a-43e0-bf4c-06f5698ffbd9}"},"event":{"action":"Image loaded (rule: ImageLoad)","created":"2019-10-28T02:31:42.516Z","kind":"event","code":7},"log":{"level":"information"},"message":"Image loaded:\nRuleName: \nUtcTime: 2019-10-28 02:31:41.548\nProcessGuid: {a158f72c-530d-5db6-0000-001011f7af00}\nProcessId: 5204\nImage: C:\\Windows\\Microsoft.NET\\Framework64\\v4.0.30319\\InstallUtil.exe\nImageLoaded: C:\\Windows\\System32\\imm32.dll\nFileVersion: 10.0.18362.1 (WinBuild.160101.0800)\nDescription: Multi-User Windows IMM32 API Client DLL\nProduct: Microsoft Windows Operating System\nCompany: Microsoft Corporation\nOriginalFileName: imm32\nHashes: SHA1=C0FC34773A9A6D67CC9CFB506E746A09113CFA91,MD5=5A545E170673868185B378391A895524,SHA256=EE733D86EF7A18136F6F4EFCC7A70911F6EF6A556CC720F9DEA3550B7554CD50,IMPHASH=24F54B6761C10BA12481CF6C780605BF\nSigned: true\nSignature: Microsoft Windows\nSignatureStatus: Valid","ecs":{"version":"1.1.0"},"host":{"name":"WECServer"},"agent":{"type":"winlogbeat","ephemeral_id":"df5ad137-6594-4bd7-a3eb-e0eda670370c","hostname":"WECServer","id":"f8e32ecf-6ac8-4748-86ec-f026490623c4","version":"7.4.0"}}
{"@timestamp":"2019-10-28T02:31:41.553Z","@metadata":{"beat":"winlogbeat","type":"_doc","version":"7.4.0","topic":"winlogbeat"},"agent":{"id":"f8e32ecf-6ac8-4748-86ec-f026490623c4","version":"7.4.0","type":"winlogbeat","ephemeral_id":"df5ad137-6594-4bd7-a3eb-e0eda670370c","hostname":"WECServer"},"event":{"kind":"event","code":7,"action":"Image loaded (rule: ImageLoad)","created":"2019-10-28T02:31:42.516Z"},"log":{"level":"information"},"message":"Image loaded:\nRuleName: \nUtcTime: 2019-10-28 02:31:41.548\nProcessGuid: {a158f72c-530d-5db6-0000-001011f7af00}\nProcessId: 5204\nImage: C:\\Windows\\Microsoft.NET\\Framework64\\v4.0.30319\\InstallUtil.exe\nImageLoaded: C:\\Windows\\System32\\kernel.appcore.dll\nFileVersion: 10.0.18362.1 (WinBuild.160101.0800)\nDescription: AppModel API Host\nProduct: Microsoft Windows Operating System\nCompany: Microsoft Corporation\nOriginalFileName: kernel.appcore.dll\nHashes: SHA1=4985EC8C3309DB6CCCCFD4D18423A84E37BEC172,MD5=EDF981437C0FD1B9DBF9EA42CE97CE60,SHA256=42164F81BC8FC2D0A6B71DAA492BE6A6D4785821AA4FDCA27B9273721EDB23D9,IMPHASH=8899216954AA228EAA7E8EEDC31DBC03\nSigned: true\nSignature: Microsoft Windows\nSignatureStatus: Valid","winlog":{"process":{"pid":3208,"thread":{"id":5108}},"user":{"name":"SYSTEM","domain":"NT AUTHORITY","type":"User","identifier":"S-1-5-18"},"event_id":7,"task":"Image loaded (rule: ImageLoad)","api":"wineventlog","computer_name":"ACCT001.shire.com","opcode":"Info","event_data":{"ImageLoaded":"C:\\Windows\\System32\\kernel.appcore.dll","Hashes":"SHA1=4985EC8C3309DB6CCCCFD4D18423A84E37BEC172,MD5=EDF981437C0FD1B9DBF9EA42CE97CE60,SHA256=42164F81BC8FC2D0A6B71DAA492BE6A6D4785821AA4FDCA27B9273721EDB23D9,IMPHASH=8899216954AA228EAA7E8EEDC31DBC03","ProcessId":"5204","Signature":"Microsoft Windows","FileVersion":"10.0.18362.1 (WinBuild.160101.0800)","SignatureStatus":"Valid","Product":"Microsoft Windows Operating System","ProcessGuid":"{a158f72c-530d-5db6-0000-001011f7af00}","Image":"C:\\Windows\\Microsoft.NET\\Framework64\\v4.0.30319\\InstallUtil.exe","Signed":"true","OriginalFileName":"kernel.appcore.dll","Description":"AppModel API Host","UtcTime":"2019-10-28 02:31:41.548","Company":"Microsoft Corporation"},"provider_guid":"{5770385f-c22a-43e0-bf4c-06f5698ffbd9}","version":3,"channel":"Microsoft-Windows-Sysmon/Operational","provider_name":"Microsoft-Windows-Sysmon","record_id":271714},"ecs":{"version":"1.1.0"},"host":{"name":"WECServer"}}
{"@timestamp":"2019-10-28T02:31:41.452Z","@metadata":{"beat":"winlogbeat","type":"_doc","version":"7.4.0","topic":"winlogbeat"},"ecs":{"version":"1.1.0"},"winlog":{"event_id":4634,"task":"Logoff","computer_name":"HFDC01.shire.com","provider_guid":"{54849625-5478-4994-a5ba-3e3b0328c30d}","event_data":{"TargetUserSid":"S-1-5-18","TargetUserName":"HFDC01$","TargetDomainName":"shire","TargetLogonId":"0xb15d0e","LogonType":"3"},"record_id":116090,"keywords":["Audit Success"],"process":{"pid":776,"thread":{"id":1652}},"channel":"Security","provider_name":"Microsoft-Windows-Security-Auditing","api":"wineventlog","opcode":"Info"},"event":{"created":"2019-10-28T02:31:42.516Z","kind":"event","code":4634,"action":"Logoff"},"log":{"level":"information"},"message":"An account was logged off.\n\nSubject:\n\tSecurity ID:\t\tS-1-5-18\n\tAccount Name:\t\tHFDC01$\n\tAccount Domain:\t\tshire\n\tLogon ID:\t\t0xB15D0E\n\nLogon Type:\t\t\t3\n\nThis event is generated when a logon session is destroyed. It may be positively correlated with a logon event using the Logon ID value. Logon IDs are only unique between reboots on the same computer.","host":{"name":"WECServer"},"agent":{"hostname":"WECServer","id":"f8e32ecf-6ac8-4748-86ec-f026490623c4","version":"7.4.0","type":"winlogbeat","ephemeral_id":"df5ad137-6594-4bd7-a3eb-e0eda670370c"}}
{"@timestamp":"2019-10-28T02:31:41.553Z","@metadata":{"beat":"winlogbeat","type":"_doc","version":"7.4.0","topic":"winlogbeat"},"host":{"name":"WECServer"},"agent":{"id":"f8e32ecf-6ac8-4748-86ec-f026490623c4","version":"7.4.0","type":"winlogbeat","ephemeral_id":"df5ad137-6594-4bd7-a3eb-e0eda670370c","hostname":"WECServer"},"winlog":{"task":"Image loaded (rule: ImageLoad)","opcode":"Info","provider_guid":"{5770385f-c22a-43e0-bf4c-06f5698ffbd9}","version":3,"event_data":{"Company":"Microsoft Corporation","ProcessId":"5204","Signed":"true","ProcessGuid":"{a158f72c-530d-5db6-0000-001011f7af00}","Image":"C:\\Windows\\Microsoft.NET\\Framework64\\v4.0.30319\\InstallUtil.exe","FileVersion":"10.0.18362.1 (WinBuild.160101.0800)","SignatureStatus":"Valid","ImageLoaded":"C:\\Windows\\System32\\version.dll","Hashes":"SHA1=119724CC09BB52731D86A6B9F94003ED88E0E3FE,MD5=2C7C14627CFF3384C52E61D4DBD0ECC3,SHA256=41B4D85D84A86E41B948694B9B5F398A0D79F47629D6D969EB5B461D4F5D0347,IMPHASH=34340C2C4E9AA6EF6AD12BB695FC695B","Product":"Microsoft Windows Operating System","Description":"Version Checking and File Installation Libraries","Signature":"Microsoft Windows","OriginalFileName":"VERSION.DLL","UtcTime":"2019-10-28 02:31:41.548"},"channel":"Microsoft-Windows-Sysmon/Operational","record_id":271715,"event_id":7,"process":{"pid":3208,"thread":{"id":5108}},"provider_name":"Microsoft-Windows-Sysmon","computer_name":"ACCT001.shire.com","user":{"identifier":"S-1-5-18","name":"SYSTEM","domain":"NT AUTHORITY","type":"User"},"api":"wineventlog"},"event":{"created":"2019-10-28T02:31:42.516Z","kind":"event","code":7,"action":"Image loaded (rule: ImageLoad)"},"log":{"level":"information"},"message":"Image loaded:\nRuleName: \nUtcTime: 2019-10-28 02:31:41.548\nProcessGuid: {a158f72c-530d-5db6-0000-001011f7af00}\nProcessId: 5204\nImage: C:\\Windows\\Microsoft.NET\\Framework64\\v4.0.30319\\InstallUtil.exe\nImageLoaded: C:\\Windows\\System32\\version.dll\nFileVersion: 10.0.18362.1 (WinBuild.160101.0800)\nDescription: Version Checking and File Installation Libraries\nProduct: Microsoft Windows Operating System\nCompany: Microsoft Corporation\nOriginalFileName: VERSION.DLL\nHashes: SHA1=119724CC09BB52731D86A6B9F94003ED88E0E3FE,MD5=2C7C14627CFF3384C52E61D4DBD0ECC3,SHA256=41B4D85D84A86E41B948694B9B5F398A0D79F47629D6D969EB5B461D4F5D0347,IMPHASH=34340C2C4E9AA6EF6AD12BB695FC695B\nSigned: true\nSignature: Microsoft Windows\nSignatureStatus: Valid","ecs":{"version":"1.1.0"}}
{"@timestamp":"2019-10-28T02:31:41.554Z","@metadata":{"beat":"winlogbeat","type":"_doc","version":"7.4.0","topic":"winlogbeat"},"event":{"kind":"event","code":7,"action":"Image loaded (rule: ImageLoad)","created":"2019-10-28T02:31:42.516Z"},"log":{"level":"information"},"message":"Image loaded:\nRuleName: \nUtcTime: 2019-10-28 02:31:41.548\nProcessGuid: {a158f72c-530d-5db6-0000-001011f7af00}\nProcessId: 5204\nImage: C:\\Windows\\Microsoft.NET\\Framework64\\v4.0.30319\\InstallUtil.exe\nImageLoaded: C:\\Windows\\Microsoft.NET\\Framework64\\v4.0.30319\\clr.dll\nFileVersion: 4.8.4010.0 built by: NET48REL1LAST_B\nDescription: Microsoft .NET Runtime Common Language Runtime - WorkStation\nProduct: Microsoft .NET Framework\nCompany: Microsoft Corporation\nOriginalFileName: clr.dll\nHashes: SHA1=367A7815DE033103B4D854CD9B3A08FE20FDCF7E,MD5=B81EF25711BBE2FF5D6FB4DB433F6947,SHA256=32BCFFD22671C49BAB767837008A02BEF659D5962C57B47B117C23DBF0347F8E,IMPHASH=2BC2B098BC197051D6B424CC7B54426F\nSigned: true\nSignature: Microsoft Corporation\nSignatureStatus: Valid","winlog":{"provider_guid":"{5770385f-c22a-43e0-bf4c-06f5698ffbd9}","process":{"pid":3208,"thread":{"id":5108}},"event_data":{"OriginalFileName":"clr.dll","Description":"Microsoft .NET Runtime Common Language Runtime - WorkStation","Signed":"true","SignatureStatus":"Valid","FileVersion":"4.8.4010.0 built by: NET48REL1LAST_B","Company":"Microsoft Corporation","UtcTime":"2019-10-28 02:31:41.548","ProcessId":"5204","Image":"C:\\Windows\\Microsoft.NET\\Framework64\\v4.0.30319\\InstallUtil.exe","Hashes":"SHA1=367A7815DE033103B4D854CD9B3A08FE20FDCF7E,MD5=B81EF25711BBE2FF5D6FB4DB433F6947,SHA256=32BCFFD22671C49BAB767837008A02BEF659D5962C57B47B117C23DBF0347F8E,IMPHASH=2BC2B098BC197051D6B424CC7B54426F","ImageLoaded":"C:\\Windows\\Microsoft.NET\\Framework64\\v4.0.30319\\clr.dll","ProcessGuid":"{a158f72c-530d-5db6-0000-001011f7af00}","Product":"Microsoft .NET Framework","Signature":"Microsoft Corporation"},"record_id":271716,"task":"Image loaded (rule: ImageLoad)","computer_name":"ACCT001.shire.com","api":"wineventlog","opcode":"Info","user":{"identifier":"S-1-5-18","name":"SYSTEM","domain":"NT AUTHORITY","type":"User"},"channel":"Microsoft-Windows-Sysmon/Operational","event_id":7,"provider_name":"Microsoft-Windows-Sysmon","version":3},"ecs":{"version":"1.1.0"},"host":{"name":"WECServer"},"agent":{"type":"winlogbeat","ephemeral_id":"df5ad137-6594-4bd7-a3eb-e0eda670370c","hostname":"WECServer","id":"f8e32ecf-6ac8-4748-86ec-f026490623c4","version":"7.4.0"}}
{"@timestamp":"2019-10-28T02:31:41.555Z","@metadata":{"beat":"winlogbeat","type":"_doc","version":"7.4.0","topic":"winlogbeat"},"winlog":{"provider_name":"Microsoft-Windows-Sysmon","task":"Image loaded (rule: ImageLoad)","api":"wineventlog","event_id":7,"computer_name":"ACCT001.shire.com","event_data":{"ProcessGuid":"{a158f72c-530d-5db6-0000-001011f7af00}","Company":"Microsoft Corporation","SignatureStatus":"Valid","Image":"C:\\Windows\\Microsoft.NET\\Framework64\\v4.0.30319\\InstallUtil.exe","UtcTime":"2019-10-28 02:31:41.548","OriginalFileName":"vcruntime140_clr0400.dll","Signature":"Microsoft Corporation","Signed":"true","Product":"Microsoft Visual Studio 2017","ProcessId":"5204","Hashes":"SHA1=6790994B2E72E7FE8690CD8EBA1FCF4577389280,MD5=63936588122BDEE9624D02CE3F8F54EA,SHA256=21F7E6165CE8DD92DB8CDF48CEE83DE64B2B0807B7B499CF87678B70C6F8C32F,IMPHASH=CD244BF7A749BF0B13E038D2EE842BFC","FileVersion":"14.10.25028.0 built by: VCTOOLSD15RTM","Description":"Microsoft C Runtime Library","ImageLoaded":"C:\\Windows\\System32\\vcruntime140_clr0400.dll"},"process":{"pid":3208,"thread":{"id":5108}},"record_id":271717,"opcode":"Info","provider_guid":"{5770385f-c22a-43e0-bf4c-06f5698ffbd9}","version":3,"channel":"Microsoft-Windows-Sysmon/Operational","user":{"type":"User","identifier":"S-1-5-18","name":"SYSTEM","domain":"NT AUTHORITY"}},"event":{"code":7,"action":"Image loaded (rule: ImageLoad)","created":"2019-10-28T02:31:42.516Z","kind":"event"},"log":{"level":"information"},"message":"Image loaded:\nRuleName: \nUtcTime: 2019-10-28 02:31:41.548\nProcessGuid: {a158f72c-530d-5db6-0000-001011f7af00}\nProcessId: 5204\nImage: C:\\Windows\\Microsoft.NET\\Framework64\\v4.0.30319\\InstallUtil.exe\nImageLoaded: C:\\Windows\\System32\\vcruntime140_clr0400.dll\nFileVersion: 14.10.25028.0 built by: VCTOOLSD15RTM\nDescription: Microsoft C Runtime Library\nProduct: Microsoft Visual Studio 2017\nCompany: Microsoft Corporation\nOriginalFileName: vcruntime140_clr0400.dll\nHashes: SHA1=6790994B2E72E7FE8690CD8EBA1FCF4577389280,MD5=63936588122BDEE9624D02CE3F8F54EA,SHA256=21F7E6165CE8DD92DB8CDF48CEE83DE64B2B0807B7B499CF87678B70C6F8C32F,IMPHASH=CD244BF7A749BF0B13E038D2EE842BFC\nSigned: true\nSignature: Microsoft Corporation\nSignatureStatus: Valid","host":{"name":"WECServer"},"agent":{"type":"winlogbeat","ephemeral_id":"df5ad137-6594-4bd7-a3eb-e0eda670370c","hostname":"WECServer","id":"f8e32ecf-6ac8-4748-86ec-f026490623c4","version":"7.4.0"},"ecs":{"version":"1.1.0"}}
{"@timestamp":"2019-10-28T02:31:41.555Z","@metadata":{"beat":"winlogbeat","type":"_doc","version":"7.4.0","topic":"winlogbeat"},"event":{"created":"2019-10-28T02:31:42.516Z","kind":"event","code":7,"action":"Image loaded (rule: ImageLoad)"},"log":{"level":"information"},"message":"Image loaded:\nRuleName: \nUtcTime: 2019-10-28 02:31:41.548\nProcessGuid: {a158f72c-530d-5db6-0000-001011f7af00}\nProcessId: 5204\nImage: C:\\Windows\\Microsoft.NET\\Framework64\\v4.0.30319\\InstallUtil.exe\nImageLoaded: C:\\Windows\\System32\\ucrtbase_clr0400.dll\nFileVersion: 14.10.25028.0 built by: VCTOOLSD15RTM\nDescription: Microsoft C Runtime Library\nProduct: Microsoft Visual Studio 2017\nCompany: Microsoft Corporation\nOriginalFileName: ucrtbase_clr0400.dll\nHashes: SHA1=FF572BE9C4959684F64CF1EAD2636FE983E59627,MD5=F8F171BE1820544E15B555847005355C,SHA256=CDDF9A2BF085AE59BA464B3BA6394AACFC342DA5F17D77FD5306054C8AABF153,IMPHASH=0524DC27AA10ADA72FFB6F88F5FD8829\nSigned: true\nSignature: Microsoft Corporation\nSignatureStatus: Valid","host":{"name":"WECServer"},"agent":{"version":"7.4.0","type":"winlogbeat","ephemeral_id":"df5ad137-6594-4bd7-a3eb-e0eda670370c","hostname":"WECServer","id":"f8e32ecf-6ac8-4748-86ec-f026490623c4"},"ecs":{"version":"1.1.0"},"winlog":{"computer_name":"ACCT001.shire.com","version":3,"task":"Image loaded (rule: ImageLoad)","process":{"thread":{"id":5108},"pid":3208},"event_data":{"Image":"C:\\Windows\\Microsoft.NET\\Framework64\\v4.0.30319\\InstallUtil.exe","Signature":"Microsoft Corporation","ImageLoaded":"C:\\Windows\\System32\\ucrtbase_clr0400.dll","UtcTime":"2019-10-28 02:31:41.548","Description":"Microsoft C Runtime Library","Product":"Microsoft Visual Studio 2017","ProcessGuid":"{a158f72c-530d-5db6-0000-001011f7af00}","Signed":"true","FileVersion":"14.10.25028.0 built by: VCTOOLSD15RTM","OriginalFileName":"ucrtbase_clr0400.dll","ProcessId":"5204","Hashes":"SHA1=FF572BE9C4959684F64CF1EAD2636FE983E59627,MD5=F8F171BE1820544E15B555847005355C,SHA256=CDDF9A2BF085AE59BA464B3BA6394AACFC342DA5F17D77FD5306054C8AABF153,IMPHASH=0524DC27AA10ADA72FFB6F88F5FD8829","Company":"Microsoft Corporation","SignatureStatus":"Valid"},"opcode":"Info","user":{"identifier":"S-1-5-18","name":"SYSTEM","domain":"NT AUTHORITY","type":"User"},"event_id":7,"provider_name":"Microsoft-Windows-Sysmon","provider_guid":"{5770385f-c22a-43e0-bf4c-06f5698ffbd9}","channel":"Microsoft-Windows-Sysmon/Operational","record_id":271718,"api":"wineventlog"}}
{"@timestamp":"2019-10-28T02:31:41.562Z","@metadata":{"beat":"winlogbeat","type":"_doc","version":"7.4.0","topic":"winlogbeat"},"event":{"kind":"event","code":7,"action":"Image loaded (rule: ImageLoad)","created":"2019-10-28T02:31:42.516Z"},"log":{"level":"information"},"message":"Image loaded:\nRuleName: \nUtcTime: 2019-10-28 02:31:41.548\nProcessGuid: {a158f72c-530d-5db6-0000-001011f7af00}\nProcessId: 5204\nImage: C:\\Windows\\Microsoft.NET\\Framework64\\v4.0.30319\\InstallUtil.exe\nImageLoaded: C:\\Windows\\assembly\\NativeImages_v4.0.30319_64\\mscorlib\\6be7b71ba8ec1ec519f633ef15aa982f\\mscorlib.ni.dll\nFileVersion: 4.8.4010.0 built by: NET48REL1LAST_B\nDescription: Microsoft Common Language Runtime Class Library\nProduct: Microsoft .NET Framework\nCompany: Microsoft Corporation\nOriginalFileName: mscorlib.dll\nHashes: SHA1=290B4644CA6E5080A8C702B4FF4D7BEEDA5B2685,MD5=9BE53AE1B73DA5BDF1164CC4E6A4161B,SHA256=42CADECE453ED7A92F0A28A471E9A8F67ADFDF8BCD6C15E738CCB045A7A62C20,IMPHASH=00000000000000000000000000000000\nSigned: true\nSignature: Microsoft Corporation\nSignatureStatus: Valid","ecs":{"version":"1.1.0"},"host":{"name":"WECServer"},"agent":{"type":"winlogbeat","ephemeral_id":"df5ad137-6594-4bd7-a3eb-e0eda670370c","hostname":"WECServer","id":"f8e32ecf-6ac8-4748-86ec-f026490623c4","version":"7.4.0"},"winlog":{"opcode":"Info","event_id":7,"task":"Image loaded (rule: ImageLoad)","version":3,"channel":"Microsoft-Windows-Sysmon/Operational","provider_name":"Microsoft-Windows-Sysmon","api":"wineventlog","computer_name":"ACCT001.shire.com","process":{"thread":{"id":5108},"pid":3208},"user":{"name":"SYSTEM","domain":"NT AUTHORITY","type":"User","identifier":"S-1-5-18"},"event_data":{"Hashes":"SHA1=290B4644CA6E5080A8C702B4FF4D7BEEDA5B2685,MD5=9BE53AE1B73DA5BDF1164CC4E6A4161B,SHA256=42CADECE453ED7A92F0A28A471E9A8F67ADFDF8BCD6C15E738CCB045A7A62C20,IMPHASH=00000000000000000000000000000000","Description":"Microsoft Common Language Runtime Class Library","UtcTime":"2019-10-28 02:31:41.548","Product":"Microsoft .NET Framework","ImageLoaded":"C:\\Windows\\assembly\\NativeImages_v4.0.30319_64\\mscorlib\\6be7b71ba8ec1ec519f633ef15aa982f\\mscorlib.ni.dll","Company":"Microsoft Corporation","Image":"C:\\Windows\\Microsoft.NET\\Framework64\\v4.0.30319\\InstallUtil.exe","ProcessId":"5204","OriginalFileName":"mscorlib.dll","Signature":"Microsoft Corporation","SignatureStatus":"Valid","FileVersion":"4.8.4010.0 built by: NET48REL1LAST_B","Signed":"true","ProcessGuid":"{a158f72c-530d-5db6-0000-001011f7af00}"},"record_id":271719,"provider_guid":"{5770385f-c22a-43e0-bf4c-06f5698ffbd9}"}}
{"@timestamp":"2019-10-28T02:31:41.563Z","@metadata":{"beat":"winlogbeat","type":"_doc","version":"7.4.0","topic":"winlogbeat"},"message":"Image loaded:\nRuleName: \nUtcTime: 2019-10-28 02:31:41.548\nProcessGuid: {a158f72c-530d-5db6-0000-001011f7af00}\nProcessId: 5204\nImage: C:\\Windows\\Microsoft.NET\\Framework64\\v4.0.30319\\InstallUtil.exe\nImageLoaded: C:\\Windows\\System32\\ole32.dll\nFileVersion: 10.0.18362.1 (WinBuild.160101.0800)\nDescription: Microsoft OLE for Windows\nProduct: Microsoft Windows Operating System\nCompany: Microsoft Corporation\nOriginalFileName: OLE32.DLL\nHashes: SHA1=EFBB7EC9B10E52AC83AFB25934CA6A5A383DEA1B,MD5=328E20E2922DCB671401427B6AB13948,SHA256=08D6E55A86F2CCB4E84F53361B61C0222ABBF96627ED56D37172C2EDB9B19AC8,IMPHASH=EDC5544CC86F9E7F5D231EA258CC2264\nSigned: true\nSignature: Microsoft Windows\nSignatureStatus: Valid","winlog":{"task":"Image loaded (rule: ImageLoad)","process":{"thread":{"id":5108},"pid":3208},"user":{"identifier":"S-1-5-18","name":"SYSTEM","domain":"NT AUTHORITY","type":"User"},"event_data":{"ImageLoaded":"C:\\Windows\\System32\\ole32.dll","FileVersion":"10.0.18362.1 (WinBuild.160101.0800)","Signature":"Microsoft Windows","UtcTime":"2019-10-28 02:31:41.548","ProcessGuid":"{a158f72c-530d-5db6-0000-001011f7af00}","OriginalFileName":"OLE32.DLL","ProcessId":"5204","Product":"Microsoft Windows Operating System","Hashes":"SHA1=EFBB7EC9B10E52AC83AFB25934CA6A5A383DEA1B,MD5=328E20E2922DCB671401427B6AB13948,SHA256=08D6E55A86F2CCB4E84F53361B61C0222ABBF96627ED56D37172C2EDB9B19AC8,IMPHASH=EDC5544CC86F9E7F5D231EA258CC2264","SignatureStatus":"Valid","Signed":"true","Image":"C:\\Windows\\Microsoft.NET\\Framework64\\v4.0.30319\\InstallUtil.exe","Description":"Microsoft OLE for Windows","Company":"Microsoft Corporation"},"provider_name":"Microsoft-Windows-Sysmon","api":"wineventlog","computer_name":"ACCT001.shire.com","version":3,"event_id":7,"record_id":271720,"opcode":"Info","provider_guid":"{5770385f-c22a-43e0-bf4c-06f5698ffbd9}","channel":"Microsoft-Windows-Sysmon/Operational"},"ecs":{"version":"1.1.0"},"host":{"name":"WECServer"},"agent":{"id":"f8e32ecf-6ac8-4748-86ec-f026490623c4","version":"7.4.0","type":"winlogbeat","ephemeral_id":"df5ad137-6594-4bd7-a3eb-e0eda670370c","hostname":"WECServer"},"event":{"code":7,"action":"Image loaded (rule: ImageLoad)","created":"2019-10-28T02:31:42.516Z","kind":"event"},"log":{"level":"information"}}
{"@timestamp":"2019-10-28T02:31:41.566Z","@metadata":{"beat":"winlogbeat","type":"_doc","version":"7.4.0","topic":"winlogbeat"},"ecs":{"version":"1.1.0"},"host":{"name":"WECServer"},"agent":{"hostname":"WECServer","id":"f8e32ecf-6ac8-4748-86ec-f026490623c4","version":"7.4.0","type":"winlogbeat","ephemeral_id":"df5ad137-6594-4bd7-a3eb-e0eda670370c"},"winlog":{"provider_name":"Microsoft-Windows-Sysmon","task":"Image loaded (rule: ImageLoad)","api":"wineventlog","channel":"Microsoft-Windows-Sysmon/Operational","record_id":271721,"event_id":7,"user":{"type":"User","identifier":"S-1-5-18","name":"SYSTEM","domain":"NT AUTHORITY"},"event_data":{"ImageLoaded":"C:\\Windows\\Microsoft.NET\\Framework64\\v4.0.30319\\clrjit.dll","Hashes":"SHA1=4070F8B27A9C88BCD07C1ADFE7093E376E8A7A60,MD5=F8B720D3F9C1E6220F8B281C6352CBD6,SHA256=A9D255361FB5E0FF94D634172091DABCDD9807803E2B4FFCFB40FD9B521375EC,IMPHASH=E2C276219B6E4BFC3D8A2A21121AA515","Signature":"Microsoft Corporation","OriginalFileName":"clrjit.dll","Description":"Microsoft .NET Runtime Just-In-Time Compiler","Signed":"true","SignatureStatus":"Valid","UtcTime":"2019-10-28 02:31:41.564","ProcessGuid":"{a158f72c-530d-5db6-0000-001011f7af00}","Product":"Microsoft .NET Framework","Image":"C:\\Windows\\Microsoft.NET\\Framework64\\v4.0.30319\\InstallUtil.exe","Company":"Microsoft Corporation","FileVersion":"4.8.4010.0 built by: NET48REL1LAST_B","ProcessId":"5204"},"computer_name":"ACCT001.shire.com","provider_guid":"{5770385f-c22a-43e0-bf4c-06f5698ffbd9}","version":3,"process":{"pid":3208,"thread":{"id":5108}},"opcode":"Info"},"event":{"kind":"event","code":7,"action":"Image loaded (rule: ImageLoad)","created":"2019-10-28T02:31:42.516Z"},"log":{"level":"information"},"message":"Image loaded:\nRuleName: \nUtcTime: 2019-10-28 02:31:41.564\nProcessGuid: {a158f72c-530d-5db6-0000-001011f7af00}\nProcessId: 5204\nImage: C:\\Windows\\Microsoft.NET\\Framework64\\v4.0.30319\\InstallUtil.exe\nImageLoaded: C:\\Windows\\Microsoft.NET\\Framework64\\v4.0.30319\\clrjit.dll\nFileVersion: 4.8.4010.0 built by: NET48REL1LAST_B\nDescription: Microsoft .NET Runtime Just-In-Time Compiler\nProduct: Microsoft .NET Framework\nCompany: Microsoft Corporation\nOriginalFileName: clrjit.dll\nHashes: SHA1=4070F8B27A9C88BCD07C1ADFE7093E376E8A7A60,MD5=F8B720D3F9C1E6220F8B281C6352CBD6,SHA256=A9D255361FB5E0FF94D634172091DABCDD9807803E2B4FFCFB40FD9B521375EC,IMPHASH=E2C276219B6E4BFC3D8A2A21121AA515\nSigned: true\nSignature: Microsoft Corporation\nSignatureStatus: Valid"}
