{"@timestamp":"2019-10-28T02:31:20.827Z","@metadata":{"beat":"winlogbeat","type":"_doc","version":"7.4.0","topic":"winlogbeat"},"ecs":{"version":"1.1.0"},"host":{"name":"WECServer"},"agent":{"id":"f8e32ecf-6ac8-4748-86ec-f026490623c4","version":"7.4.0","type":"winlogbeat","ephemeral_id":"df5ad137-6594-4bd7-a3eb-e0eda670370c","hostname":"WECServer"},"log":{"level":"information"},"message":"Registry value set:\nRuleName: \nEventType: SetValue\nUtcTime: 2019-10-28 02:31:20.814\nProcessGuid: {a158f72c-a3a1-5db5-0000-0010e67e0800}\nProcessId: 5616\nImage: C:\\Windows\\Explorer.EXE\nTargetObject: HKU\\S-1-5-21-2379224252-1048547738-3559495803-1113\\Software\\Microsoft\\Windows\\CurrentVersion\\ActivityDataModel\\ReaderRevisionInfo\\D3BD910A-E979-5DC6-3463-2727C7AF0B28\nDetails: Binary Data","winlog":{"provider_guid":"{5770385f-c22a-43e0-bf4c-06f5698ffbd9}","version":2,"process":{"thread":{"id":5108},"pid":3208},"computer_name":"ACCT001.shire.com","opcode":"Info","event_id":13,"provider_name":"Microsoft-Windows-Sysmon","task":"Registry value set (rule: RegistryEvent)","event_data":{"UtcTime":"2019-10-28 02:31:20.814","ProcessGuid":"{a158f72c-a3a1-5db5-0000-0010e67e0800}","ProcessId":"5616","Image":"C:\\Windows\\Explorer.EXE","TargetObject":"HKU\\S-1-5-21-2379224252-1048547738-3559495803-1113\\Software\\Microsoft\\Windows\\CurrentVersion\\ActivityDataModel\\ReaderRevisionInfo\\D3BD910A-E979-5DC6-3463-2727C7AF0B28","Details":"Binary Data","EventType":"SetValue"},"channel":"Microsoft-Windows-Sysmon/Operational","record_id":271571,"api":"wineventlog","user":{"name":"SYSTEM","domain":"NT AUTHORITY","type":"User","identifier":"S-1-5-18"}},"event":{"code":13,"action":"Registry value set (rule: RegistryEvent)","created":"2019-10-28T02:31:23.303Z","kind":"event"}}
{"@timestamp":"2019-10-28T02:31:22.330Z","@metadata":{"beat":"winlogbeat","type":"_doc","version":"7.4.0","topic":"winlogbeat"},"winlog":{"event_data":{"TargetProcessId":"3080","UtcTime":"2019-10-28 02:31:22.330","SourceThreadId":"3672","CallTrace":"C:\\Windows\\SYSTEM32\\ntdll.dll+9c524|C:\\Windows\\System32\\KERNELBASE.dll+2730e|c:\\windows\\system32\\rasmans.dll+3751b|c:\\windows\\system32\\rasmans.dll+36fad|c:\\windows\\system32\\rasmans.dll+10ed8|c:\\windows\\system32\\rasmans.dll+33cd5|C:\\Windows\\System32\\svchost.exe+314c|C:\\Windows\\System32\\sechost.dll+2de2|C:\\Windows\\System32\\KERNEL32.DLL+17944|C:\\Windows\\SYSTEM32\\ntdll.dll+6ce71","TargetProcessGUID":"{a158f72c-a393-5db5-0000-0010e60d0200}","TargetImage":"C:\\Program Files\\Amazon\\Ec2ConfigService\\Ec2Config.exe","GrantedAccess":"0x1400","SourceImage":"C:\\Windows\\System32\\svchost.exe","SourceProcessGUID":"{a158f72c-a394-5db5-0000-0010015a0200}","SourceProcessId":"3560"},"provider_guid":"{5770385f-c22a-43e0-bf4c-06f5698ffbd9}","process":{"pid":3208,"thread":{"id":5108}},"api":"wineventlog","provider_name":"Microsoft-Windows-Sysmon","opcode":"Info","computer_name":"ACCT001.shire.com","channel":"Microsoft-Windows-Sysmon/Operational","version":3,"user":{"domain":"NT AUTHORITY","type":"User","identifier":"S-1-5-18","name":"SYSTEM"},"event_id":10,"record_id":271572,"task":"Process accessed (rule: ProcessAccess)"},"event":{"code":10,"action":"Process accessed (rule: ProcessAccess)","created":"2019-10-28T02:31:25.323Z","kind":"event"},"log":{"level":"information"},"message":"Process accessed:\nRuleName: \nUtcTime: 2019-10-28 02:31:22.330\nSourceProcessGUID: {a158f72c-a394-5db5-0000-0010015a0200}\nSourceProcessId: 3560\nSourceThreadId: 3672\nSourceImage: C:\\Windows\\System32\\svchost.exe\nTargetProcessGUID: {a158f72c-a393-5db5-0000-0010e60d0200}\nTargetProcessId: 3080\nTargetImage: C:\\Program Files\\Amazon\\Ec2ConfigService\\Ec2Config.exe\nGrantedAccess: 0x1400\nCallTrace: C:\\Windows\\SYSTEM32\\ntdll.dll+9c524|C:\\Windows\\System32\\KERNELBASE.dll+2730e|c:\\windows\\system32\\rasmans.dll+3751b|c:\\windows\\system32\\rasmans.dll+36fad|c:\\windows\\system32\\rasmans.dll+10ed8|c:\\windows\\system32\\rasmans.dll+33cd5|C:\\Windows\\System32\\svchost.exe+314c|C:\\Windows\\System32\\sechost.dll+2de2|C:\\Windows\\System32\\KERNEL32.DLL+17944|C:\\Windows\\SYSTEM32\\ntdll.dll+6ce71","ecs":{"version":"1.1.0"},"host":{"name":"WECServer"},"agent":{"type":"winlogbeat","ephemeral_id":"df5ad137-6594-4bd7-a3eb-e0eda670370c","hostname":"WECServer","id":"f8e32ecf-6ac8-4748-86ec-f026490623c4","version":"7.4.0"}}
{"@timestamp":"2019-10-28T02:31:22.674Z","@metadata":{"beat":"winlogbeat","type":"_doc","version":"7.4.0","topic":"winlogbeat"},"agent":{"type":"winlogbeat","ephemeral_id":"df5ad137-6594-4bd7-a3eb-e0eda670370c","hostname":"WECServer","id":"f8e32ecf-6ac8-4748-86ec-f026490623c4","version":"7.4.0"},"ecs":{"version":"1.1.0"},"log":{"level":"information"},"message":"The Windows Filtering Platform has permitted a bind to a local port.\n\nApplication Information:\n\tProcess ID:\t\t3080\n\tApplication Name:\t\\device\\harddiskvolume2\\program files\\amazon\\ec2configservice\\ec2config.exe\n\nNetwork Information:\n\tSource Address:\t\t0.0.0.0\n\tSource Port:\t\t54979\n\tProtocol:\t\t6\n\nFilter Information:\n\tFilter Run-Time ID:\t0\n\tLayer Name:\t\tResource Assignment\n\tLayer Run-Time ID:\t36","winlog":{"api":"wineventlog","opcode":"Info","provider_guid":"{54849625-5478-4994-a5ba-3e3b0328c30d}","process":{"pid":4,"thread":{"id":8320}},"channel":"security","provider_name":"Microsoft-Windows-Security-Auditing","computer_name":"ACCT001.shire.com","event_id":5158,"keywords":["Audit Success"],"record_id":41335,"task":"Filtering Platform Connection","event_data":{"ProcessId":"3080","Application":"\\device\\harddiskvolume2\\program files\\amazon\\ec2configservice\\ec2config.exe","SourceAddress":"0.0.0.0","SourcePort":"54979","Protocol":"6","FilterRTID":"0","LayerName":"%%14608","LayerRTID":"36"}},"event":{"created":"2019-10-28T02:31:25.323Z","kind":"event","code":5158,"action":"Filtering Platform Connection"},"host":{"name":"WECServer"}}
{"@timestamp":"2019-10-28T02:31:22.674Z","@metadata":{"beat":"winlogbeat","type":"_doc","version":"7.4.0","topic":"winlogbeat"},"event":{"kind":"event","code":5156,"action":"Filtering Platform Connection","created":"2019-10-28T02:31:25.323Z"},"log":{"level":"information"},"message":"The Windows Filtering Platform has permitted a connection.\n\nApplication Information:\n\tProcess ID:\t\t3080\n\tApplication Name:\t\\device\\harddiskvolume2\\program files\\amazon\\ec2configservice\\ec2config.exe\n\nNetwork Information:\n\tDirection:\t\tOutbound\n\tSource Address:\t\t172.18.39.100\n\tSource Port:\t\t54979\n\tDestination Address:\t169.254.169.254\n\tDestination Port:\t\t80\n\tProtocol:\t\t6\n\nFilter Information:\n\tFilter Run-Time ID:\t67260\n\tLayer Name:\t\tConnect\n\tLayer Run-Time ID:\t48","agent":{"hostname":"WECServer","id":"f8e32ecf-6ac8-4748-86ec-f026490623c4","version":"7.4.0","type":"winlogbeat","ephemeral_id":"df5ad137-6594-4bd7-a3eb-e0eda670370c"},"ecs":{"version":"1.1.0"},"host":{"name":"WECServer"},"winlog":{"channel":"security","event_id":5156,"process":{"pid":4,"thread":{"id":8320}},"event_data":{"RemoteUserID":"S-1-0-0","ProcessID":"3080","SourceAddress":"172.18.39.100","SourcePort":"54979","DestAddress":"169.254.169.254","Protocol":"6","LayerRTID":"48","RemoteMachineID":"S-1-0-0","Application":"\\device\\harddiskvolume2\\program files\\amazon\\ec2configservice\\ec2config.exe","FilterRTID":"67260","Direction":"%%14593","DestPort":"80","LayerName":"%%14611"},"record_id":41336,"computer_name":"ACCT001.shire.com","keywords":["Audit Success"],"version":1,"task":"Filtering Platform Connection","provider_guid":"{54849625-5478-4994-a5ba-3e3b0328c30d}","api":"wineventlog","opcode":"Info","provider_name":"Microsoft-Windows-Security-Auditing"}}
{"@timestamp":"2019-10-28T02:31:24.106Z","@metadata":{"beat":"winlogbeat","type":"_doc","version":"7.4.0","topic":"winlogbeat"},"host":{"name":"WECServer"},"agent":{"id":"f8e32ecf-6ac8-4748-86ec-f026490623c4","version":"7.4.0","type":"winlogbeat","ephemeral_id":"df5ad137-6594-4bd7-a3eb-e0eda670370c","hostname":"WECServer"},"log":{"level":"information"},"message":"Process accessed:\nRuleName: \nUtcTime: 2019-10-28 02:31:24.105\nSourceProcessGUID: {a158f72c-a3a8-5db5-0000-001005670200}\nSourceProcessId: 3604\nSourceThreadId: 3688\nSourceImage: C:\\Windows\\System32\\svchost.exe\nTargetProcessGUID: {a158f72c-a3a7-5db5-0000-0010ab1f0200}\nTargetProcessId: 3112\nTargetImage: C:\\Program Files\\Amazon\\Ec2ConfigService\\Ec2Config.exe\nGrantedAccess: 0x1400\nCallTrace: C:\\Windows\\SYSTEM32\\ntdll.dll+9c524|C:\\Windows\\System32\\KERNELBASE.dll+2730e|c:\\windows\\system32\\rasmans.dll+3751b|c:\\windows\\system32\\rasmans.dll+36fad|c:\\windows\\system32\\rasmans.dll+10ed8|c:\\windows\\system32\\rasmans.dll+33cd5|C:\\Windows\\System32\\svchost.exe+314c|C:\\Windows\\System32\\sechost.dll+2de2|C:\\Windows\\System32\\KERNEL32.DLL+17944|C:\\Windows\\SYSTEM32\\ntdll.dll+6ce71","winlog":{"opcode":"Info","event_data":{"SourceProcessId":"3604","SourceImage":"C:\\Windows\\System32\\svchost.exe","TargetImage":"C:\\Program Files\\Amazon\\Ec2ConfigService\\Ec2Config.exe","GrantedAccess":"0x1400","TargetProcessGUID":"{a158f72c-a3a7-5db5-0000-0010ab1f0200}","UtcTime":"2019-10-28 02:31:24.105","TargetProcessId":"3112","CallTrace":"C:\\Windows\\SYSTEM32\\ntdll.dll+9c524|C:\\Windows\\System32\\KERNELBASE.dll+2730e|c:\\windows\\system32\\rasmans.dll+3751b|c:\\windows\\system32\\rasmans.dll+36fad|c:\\windows\\system32\\rasmans.dll+10ed8|c:\\windows\\system32\\rasmans.dll+33cd5|C:\\Windows\\System32\\svchost.exe+314c|C:\\Windows\\System32\\sechost.dll+2de2|C:\\Windows\\System32\\KERNEL32.DLL+17944|C:\\Windows\\SYSTEM32\\ntdll.dll+6ce71","SourceProcessGUID":"{a158f72c-a3a8-5db5-0000-001005670200}","SourceThreadId":"3688"},"task":"Process accessed (rule: ProcessAccess)","provider_guid":"{5770385f-c22a-43e0-bf4c-06f5698ffbd9}","version":3,"record_id":200351,"computer_name":"IT001.shire.com","provider_name":"Microsoft-Windows-Sysmon","api":"wineventlog","process":{"pid":3196,"thread":{"id":4324}},"user":{"identifier":"S-1-5-18","name":"SYSTEM","domain":"NT AUTHORITY","type":"User"},"event_id":10,"channel":"Microsoft-Windows-Sysmon/Operational"},"event":{"created":"2019-10-28T02:31:26.326Z","kind":"event","code":10,"action":"Process accessed (rule: ProcessAccess)"},"ecs":{"version":"1.1.0"}}
{"@timestamp":"2019-10-28T02:31:27.844Z","@metadata":{"beat":"winlogbeat","type":"_doc","version":"7.4.0","topic":"winlogbeat"},"agent":{"hostname":"WECServer","id":"f8e32ecf-6ac8-4748-86ec-f026490623c4","version":"7.4.0","type":"winlogbeat","ephemeral_id":"df5ad137-6594-4bd7-a3eb-e0eda670370c"},"log":{"level":"information"},"message":"Process accessed:\nRuleName: \nUtcTime: 2019-10-28 02:31:27.844\nSourceProcessGUID: {a158f72c-a36e-5db5-0000-0010f8fd0200}\nSourceProcessId: 4228\nSourceThreadId: 4364\nSourceImage: C:\\Windows\\System32\\svchost.exe\nTargetProcessGUID: {a158f72c-a36d-5db5-0000-0010fdb50200}\nTargetProcessId: 3860\nTargetImage: C:\\Program Files\\Amazon\\Ec2ConfigService\\Ec2Config.exe\nGrantedAccess: 0x1400\nCallTrace: C:\\Windows\\SYSTEM32\\ntdll.dll+9c524|C:\\Windows\\System32\\KERNELBASE.dll+2730e|c:\\windows\\system32\\rasmans.dll+3751b|c:\\windows\\system32\\rasmans.dll+36fad|c:\\windows\\system32\\rasmans.dll+10ed8|c:\\windows\\system32\\rasmans.dll+33cd5|C:\\Windows\\System32\\svchost.exe+314c|C:\\Windows\\System32\\sechost.dll+2de2|C:\\Windows\\System32\\KERNEL32.DLL+17944|C:\\Windows\\SYSTEM32\\ntdll.dll+6ce71","winlog":{"event_data":{"TargetProcessGUID":"{a158f72c-a36d-5db5-0000-0010fdb50200}","TargetImage":"C:\\Program Files\\Amazon\\Ec2ConfigService\\Ec2Config.exe","SourceProcessId":"4228","GrantedAccess":"0x1400","SourceProcessGUID":"{a158f72c-a36e-5db5-0000-0010f8fd0200}","SourceThreadId":"4364","SourceImage":"C:\\Windows\\System32\\svchost.exe","CallTrace":"C:\\Windows\\SYSTEM32\\ntdll.dll+9c524|C:\\Windows\\System32\\KERNELBASE.dll+2730e|c:\\windows\\system32\\rasmans.dll+3751b|c:\\windows\\system32\\rasmans.dll+36fad|c:\\windows\\system32\\rasmans.dll+10ed8|c:\\windows\\system32\\rasmans.dll+33cd5|C:\\Windows\\System32\\svchost.exe+314c|C:\\Windows\\System32\\sechost.dll+2de2|C:\\Windows\\System32\\KERNEL32.DLL+17944|C:\\Windows\\SYSTEM32\\ntdll.dll+6ce71","UtcTime":"2019-10-28 02:31:27.844","TargetProcessId":"3860"},"task":"Process accessed (rule: ProcessAccess)","api":"wineventlog","opcode":"Info","provider_guid":"{5770385f-c22a-43e0-bf4c-06f5698ffbd9}","channel":"Microsoft-Windows-Sysmon/Operational","user":{"identifier":"S-1-5-18","name":"SYSTEM","domain":"NT AUTHORITY","type":"User"},"version":3,"process":{"thread":{"id":5276},"pid":3980},"event_id":10,"provider_name":"Microsoft-Windows-Sysmon","record_id":207880,"computer_name":"HR001.shire.com"},"event":{"code":10,"action":"Process accessed (rule: ProcessAccess)","created":"2019-10-28T02:31:30.350Z","kind":"event"},"ecs":{"version":"1.1.0"},"host":{"name":"WECServer"}}
{"@timestamp":"2019-10-28T02:31:30.660Z","@metadata":{"beat":"winlogbeat","type":"_doc","version":"7.4.0","topic":"winlogbeat"},"event":{"created":"2019-10-28T02:31:32.360Z","kind":"event","code":10,"action":"Process accessed (rule: ProcessAccess)"},"log":{"level":"information"},"message":"Process accessed:\nRuleName: \nUtcTime: 2019-10-28 02:31:30.659\nSourceProcessGUID: {37dc4fc9-a33a-5db5-0000-0010d96e0000}\nSourceProcessId: 900\nSourceThreadId: 3032\nSourceImage: C:\\Windows\\system32\\svchost.exe\nTargetProcessGUID: {37dc4fc9-a34c-5db5-0000-001018270600}\nTargetProcessId: 4576\nTargetImage: C:\\Windows\\SystemApps\\Microsoft.Windows.Cortana_cw5n1h2txyewy\\SearchUI.exe\nGrantedAccess: 0x1000\nCallTrace: C:\\Windows\\SYSTEM32\\ntdll.dll+9fc24|C:\\Windows\\SYSTEM32\\psmserviceexthost.dll+12ae4|C:\\Windows\\SYSTEM32\\psmserviceexthost.dll+1295f|C:\\Windows\\SYSTEM32\\psmserviceexthost.dll+1260e|C:\\Windows\\SYSTEM32\\psmserviceexthost.dll+36f4c|C:\\Windows\\SYSTEM32\\psmserviceexthost.dll+36e92|C:\\Windows\\SYSTEM32\\psmserviceexthost.dll+369ba|C:\\Windows\\SYSTEM32\\psmserviceexthost.dll+3e364|C:\\Windows\\SYSTEM32\\psmserviceexthost.dll+3df29|C:\\Windows\\SYSTEM32\\ntdll.dll+4e719|C:\\Windows\\SYSTEM32\\ntdll.dll+505c4|C:\\Windows\\System32\\KERNEL32.DLL+17974|C:\\Windows\\SYSTEM32\\ntdll.dll+6a271","ecs":{"version":"1.1.0"},"host":{"name":"WECServer"},"agent":{"type":"winlogbeat","ephemeral_id":"df5ad137-6594-4bd7-a3eb-e0eda670370c","hostname":"WECServer","id":"f8e32ecf-6ac8-4748-86ec-f026490623c4","version":"7.4.0"},"winlog":{"channel":"Microsoft-Windows-Sysmon/Operational","opcode":"Info","process":{"pid":2756,"thread":{"id":3320}},"task":"Process accessed (rule: ProcessAccess)","computer_name":"FILE001.shire.com","version":3,"event_id":10,"api":"wineventlog","provider_guid":"{5770385f-c22a-43e0-bf4c-06f5698ffbd9}","user":{"type":"User","identifier":"S-1-5-18","name":"SYSTEM","domain":"NT AUTHORITY"},"provider_name":"Microsoft-Windows-Sysmon","record_id":147794,"event_data":{"SourceThreadId":"3032","TargetProcessGUID":"{37dc4fc9-a34c-5db5-0000-001018270600}","SourceProcessGUID":"{37dc4fc9-a33a-5db5-0000-0010d96e0000}","GrantedAccess":"0x1000","TargetImage":"C:\\Windows\\SystemApps\\Microsoft.Windows.Cortana_cw5n1h2txyewy\\SearchUI.exe","SourceProcessId":"900","SourceImage":"C:\\Windows\\system32\\svchost.exe","UtcTime":"2019-10-28 02:31:30.659","CallTrace":"C:\\Windows\\SYSTEM32\\ntdll.dll+9fc24|C:\\Windows\\SYSTEM32\\psmserviceexthost.dll+12ae4|C:\\Windows\\SYSTEM32\\psmserviceexthost.dll+1295f|C:\\Windows\\SYSTEM32\\psmserviceexthost.dll+1260e|C:\\Windows\\SYSTEM32\\psmserviceexthost.dll+36f4c|C:\\Windows\\SYSTEM32\\psmserviceexthost.dll+36e92|C:\\Windows\\SYSTEM32\\psmserviceexthost.dll+369ba|C:\\Windows\\SYSTEM32\\psmserviceexthost.dll+3e364|C:\\Windows\\SYSTEM32\\psmserviceexthost.dll+3df29|C:\\Windows\\SYSTEM32\\ntdll.dll+4e719|C:\\Windows\\SYSTEM32\\ntdll.dll+505c4|C:\\Windows\\System32\\KERNEL32.DLL+17974|C:\\Windows\\SYSTEM32\\ntdll.dll+6a271","TargetProcessId":"4576"}}}
{"@timestamp":"2019-10-28T02:31:30.660Z","@metadata":{"beat":"winlogbeat","type":"_doc","version":"7.4.0","topic":"winlogbeat"},"agent":{"ephemeral_id":"df5ad137-6594-4bd7-a3eb-e0eda670370c","hostname":"WECServer","id":"f8e32ecf-6ac8-4748-86ec-f026490623c4","version":"7.4.0","type":"winlogbeat"},"winlog":{"event_id":10,"provider_name":"Microsoft-Windows-Sysmon","task":"Process accessed (rule: ProcessAccess)","computer_name":"FILE001.shire.com","provider_guid":"{5770385f-c22a-43e0-bf4c-06f5698ffbd9}","record_id":147795,"opcode":"Info","version":3,"event_data":{"CallTrace":"C:\\Windows\\SYSTEM32\\ntdll.dll+9fc24|C:\\Windows\\SYSTEM32\\psmserviceexthost.dll+12ae4|C:\\Windows\\SYSTEM32\\psmserviceexthost.dll+1295f|C:\\Windows\\SYSTEM32\\psmserviceexthost.dll+1260e|C:\\Windows\\SYSTEM32\\psmserviceexthost.dll+36f4c|C:\\Windows\\SYSTEM32\\psmserviceexthost.dll+36e92|C:\\Windows\\SYSTEM32\\psmserviceexthost.dll+369ba|C:\\Windows\\SYSTEM32\\psmserviceexthost.dll+3e364|C:\\Windows\\SYSTEM32\\psmserviceexthost.dll+3df29|C:\\Windows\\SYSTEM32\\ntdll.dll+4e719|C:\\Windows\\SYSTEM32\\ntdll.dll+505c4|C:\\Windows\\System32\\KERNEL32.DLL+17974|C:\\Windows\\SYSTEM32\\ntdll.dll+6a271","UtcTime":"2019-10-28 02:31:30.659","SourceProcessGUID":"{37dc4fc9-a33a-5db5-0000-0010d96e0000}","TargetProcessGUID":"{37dc4fc9-a34b-5db5-0000-001008fc0500}","TargetProcessId":"4492","TargetImage":"C:\\Windows\\SystemApps\\ShellExperienceHost_cw5n1h2txyewy\\ShellExperienceHost.exe","SourceProcessId":"900","SourceThreadId":"3032","GrantedAccess":"0x1000","SourceImage":"C:\\Windows\\system32\\svchost.exe"},"api":"wineventlog","channel":"Microsoft-Windows-Sysmon/Operational","process":{"pid":2756,"thread":{"id":3320}},"user":{"name":"SYSTEM","domain":"NT AUTHORITY","type":"User","identifier":"S-1-5-18"}},"event":{"kind":"event","code":10,"action":"Process accessed (rule: ProcessAccess)","created":"2019-10-28T02:31:32.360Z"},"log":{"level":"information"},"message":"Process accessed:\nRuleName: \nUtcTime: 2019-10-28 02:31:30.659\nSourceProcessGUID: {37dc4fc9-a33a-5db5-0000-0010d96e0000}\nSourceProcessId: 900\nSourceThreadId: 3032\nSourceImage: C:\\Windows\\system32\\svchost.exe\nTargetProcessGUID: {37dc4fc9-a34b-5db5-0000-001008fc0500}\nTargetProcessId: 4492\nTargetImage: C:\\Windows\\SystemApps\\ShellExperienceHost_cw5n1h2txyewy\\ShellExperienceHost.exe\nGrantedAccess: 0x1000\nCallTrace: C:\\Windows\\SYSTEM32\\ntdll.dll+9fc24|C:\\Windows\\SYSTEM32\\psmserviceexthost.dll+12ae4|C:\\Windows\\SYSTEM32\\psmserviceexthost.dll+1295f|C:\\Windows\\SYSTEM32\\psmserviceexthost.dll+1260e|C:\\Windows\\SYSTEM32\\psmserviceexthost.dll+36f4c|C:\\Windows\\SYSTEM32\\psmserviceexthost.dll+36e92|C:\\Windows\\SYSTEM32\\psmserviceexthost.dll+369ba|C:\\Windows\\SYSTEM32\\psmserviceexthost.dll+3e364|C:\\Windows\\SYSTEM32\\psmserviceexthost.dll+3df29|C:\\Windows\\SYSTEM32\\ntdll.dll+4e719|C:\\Windows\\SYSTEM32\\ntdll.dll+505c4|C:\\Windows\\System32\\KERNEL32.DLL+17974|C:\\Windows\\SYSTEM32\\ntdll.dll+6a271","ecs":{"version":"1.1.0"},"host":{"name":"WECServer"}}
{"@timestamp":"2019-10-28T02:31:30.562Z","@metadata":{"beat":"winlogbeat","type":"_doc","version":"7.4.0","topic":"winlogbeat"},"message":"A token right was adjusted.\n\nSubject:\n\tSecurity ID:\t\tS-1-5-18\n\tAccount Name:\t\tHFDC01$\n\tAccount Domain:\t\tshire\n\tLogon ID:\t\t0x3E7\n\nTarget Account:\n\tSecurity ID:\t\tS-1-0-0\n\tAccount Name:\t\tHFDC01$\n\tAccount Domain:\t\tshire\n\tLogon ID:\t\t0x3E7\n\nProcess Information:\n\tProcess ID:\t\t0x308\n\tProcess Name:\t\tC:\\Windows\\System32\\lsass.exe\n\nEnabled Privileges:\n\t\t\tSeCreateTokenPrivilege\n\t\t\tSeAssignPrimaryTokenPrivilege\n\t\t\tSeIncreaseQuotaPrivilege\n\t\t\tSeSecurityPrivilege\n\t\t\tSeTakeOwnershipPrivilege\n\t\t\tSeLoadDriverPrivilege\n\t\t\tSeSystemtimePrivilege\n\t\t\tSeBackupPrivilege\n\t\t\tSeRestorePrivilege\n\t\t\tSeShutdownPrivilege\n\t\t\tSeSystemEnvironmentPrivilege\n\t\t\tSeUndockPrivilege\n\t\t\tSeManageVolumePrivilege\n\t\t\tSeTrustedCredManAccessPrivilege\n\t\t\tSeRelabelPrivilege\n\nDisabled Privileges:\n\t\t\t-","host":{"name":"WECServer"},"agent":{"ephemeral_id":"df5ad137-6594-4bd7-a3eb-e0eda670370c","hostname":"WECServer","id":"f8e32ecf-6ac8-4748-86ec-f026490623c4","version":"7.4.0","type":"winlogbeat"},"ecs":{"version":"1.1.0"},"winlog":{"provider_name":"Microsoft-Windows-Security-Auditing","api":"wineventlog","computer_name":"HFDC01.shire.com","event_data":{"ProcessId":"0x308","EnabledPrivilegeList":"SeCreateTokenPrivilege\n\t\t\tSeAssignPrimaryTokenPrivilege\n\t\t\tSeIncreaseQuotaPrivilege\n\t\t\tSeSecurityPrivilege\n\t\t\tSeTakeOwnershipPrivilege\n\t\t\tSeLoadDriverPrivilege\n\t\t\tSeSystemtimePrivilege\n\t\t\tSeBackupPrivilege\n\t\t\tSeRestorePrivilege\n\t\t\tSeShutdownPrivilege\n\t\t\tSeSystemEnvironmentPrivilege\n\t\t\tSeUndockPrivilege\n\t\t\tSeManageVolumePrivilege\n\t\t\tSeTrustedCredManAccessPrivilege\n\t\t\tSeRelabelPrivilege","SubjectUserSid":"S-1-5-18","SubjectLogonId":"0x3e7","TargetUserName":"HFDC01$","DisabledPrivilegeList":"-","SubjectUserName":"HFDC01$","TargetDomainName":"shire","SubjectDomainName":"shire","ProcessName":"C:\\Windows\\System32\\lsass.exe","TargetUserSid":"S-1-0-0","TargetLogonId":"0x3e7"},"opcode":"Info","process":{"pid":4,"thread":{"id":2160}},"provider_guid":"{54849625-5478-4994-a5ba-3e3b0328c30d}","channel":"Security","event_id":4703,"record_id":116070,"task":"Token Right Adjusted Events","keywords":["Audit Success"]},"event":{"code":4703,"action":"Token Right Adjusted Events","created":"2019-10-28T02:31:32.360Z","kind":"event"},"log":{"level":"information"}}
{"@timestamp":"2019-10-28T02:31:30.563Z","@metadata":{"beat":"winlogbeat","type":"_doc","version":"7.4.0","topic":"winlogbeat"},"log":{"level":"information"},"message":"The Windows Filtering Platform has permitted a bind to a local port.\n\nApplication Information:\n\tProcess ID:\t\t4\n\tApplication Name:\tSystem\n\nNetwork Information:\n\tSource Address:\t\t::\n\tSource Port:\t\t49268\n\tProtocol:\t\t6\n\nFilter Information:\n\tFilter Run-Time ID:\t0\n\tLayer Name:\t\tResource Assignment\n\tLayer Run-Time ID:\t38","ecs":{"version":"1.1.0"},"host":{"name":"WECServer"},"agent":{"id":"f8e32ecf-6ac8-4748-86ec-f026490623c4","version":"7.4.0","type":"winlogbeat","ephemeral_id":"df5ad137-6594-4bd7-a3eb-e0eda670370c","hostname":"WECServer"},"winlog":{"task":"Filtering Platform Connection","opcode":"Info","process":{"pid":4,"thread":{"id":2160}},"provider_name":"Microsoft-Windows-Security-Auditing","event_data":{"ProcessId":"4","Application":"System","SourceAddress":"::","SourcePort":"49268","Protocol":"6","FilterRTID":"0","LayerName":"%%14608","LayerRTID":"38"},"channel":"Security","provider_guid":"{54849625-5478-4994-a5ba-3e3b0328c30d}","api":"wineventlog","keywords":["Audit Success"],"event_id":5158,"record_id":116071,"computer_name":"HFDC01.shire.com"},"event":{"code":5158,"action":"Filtering Platform Connection","created":"2019-10-28T02:31:32.360Z","kind":"event"}}
{"@timestamp":"2019-10-28T02:31:30.563Z","@metadata":{"beat":"winlogbeat","type":"_doc","version":"7.4.0","topic":"winlogbeat"},"message":"The Windows Filtering Platform has permitted a connection.\n\nApplication Information:\n\tProcess ID:\t\t4\n\tApplication Name:\tSystem\n\nNetwork Information:\n\tDirection:\t\tOutbound\n\tSource Address:\t\tfe80::b5c4:46f2:3729:9cfb\n\tSource Port:\t\t49268\n\tDestination Address:\tfe80::b5c4:46f2:3729:9cfb\n\tDestination Port:\t\t445\n\tProtocol:\t\t6\n\nFilter Information:\n\tFilter Run-Time ID:\t65855\n\tLayer Name:\t\tConnect\n\tLayer Run-Time ID:\t50","winlog":{"record_id":116072,"api":"wineventlog","process":{"thread":{"id":2160},"pid":4},"task":"Filtering Platform Connection","computer_name":"HFDC01.shire.com","opcode":"Info","provider_guid":"{54849625-5478-4994-a5ba-3e3b0328c30d}","event_id":5156,"version":1,"keywords":["Audit Success"],"event_data":{"Protocol":"6","FilterRTID":"65855","LayerRTID":"50","Application":"System","DestAddress":"fe80::b5c4:46f2:3729:9cfb","ProcessID":"4","DestPort":"445","LayerName":"%%14611","RemoteMachineID":"S-1-0-0","Direction":"%%14593","SourceAddress":"fe80::b5c4:46f2:3729:9cfb","SourcePort":"49268","RemoteUserID":"S-1-0-0"},"channel":"Security","provider_name":"Microsoft-Windows-Security-Auditing"},"event":{"code":5156,"action":"Filtering Platform Connection","created":"2019-10-28T02:31:32.360Z","kind":"event"},"ecs":{"version":"1.1.0"},"host":{"name":"WECServer"},"agent":{"type":"winlogbeat","ephemeral_id":"df5ad137-6594-4bd7-a3eb-e0eda670370c","hostname":"WECServer","id":"f8e32ecf-6ac8-4748-86ec-f026490623c4","version":"7.4.0"},"log":{"level":"information"}}
{"@timestamp":"2019-10-28T02:31:30.563Z","@metadata":{"beat":"winlogbeat","type":"_doc","version":"7.4.0","topic":"winlogbeat"},"host":{"name":"WECServer"},"agent":{"ephemeral_id":"df5ad137-6594-4bd7-a3eb-e0eda670370c","hostname":"WECServer","id":"f8e32ecf-6ac8-4748-86ec-f026490623c4","version":"7.4.0","type":"winlogbeat"},"event":{"kind":"event","code":5156,"action":"Filtering Platform Connection","created":"2019-10-28T02:31:32.360Z"},"log":{"level":"information"},"message":"The Windows Filtering Platform has permitted a connection.\n\nApplication Information:\n\tProcess ID:\t\t4\n\tApplication Name:\tSystem\n\nNetwork Information:\n\tDirection:\t\tInbound\n\tSource Address:\t\tfe80::b5c4:46f2:3729:9cfb\n\tSource Port:\t\t49268\n\tDestination Address:\tfe80::b5c4:46f2:3729:9cfb\n\tDestination Port:\t\t445\n\tProtocol:\t\t6\n\nFilter Information:\n\tFilter Run-Time ID:\t65853\n\tLayer Name:\t\tReceive/Accept\n\tLayer Run-Time ID:\t46","winlog":{"computer_name":"HFDC01.shire.com","provider_guid":"{54849625-5478-4994-a5ba-3e3b0328c30d}","channel":"Security","task":"Filtering Platform Connection","api":"wineventlog","keywords":["Audit Success"],"opcode":"Info","version":1,"event_id":5156,"process":{"pid":4,"thread":{"id":2160}},"event_data":{"Protocol":"6","FilterRTID":"65853","SourceAddress":"fe80::b5c4:46f2:3729:9cfb","DestAddress":"fe80::b5c4:46f2:3729:9cfb","RemoteMachineID":"S-1-0-0","Direction":"%%14592","LayerRTID":"46","RemoteUserID":"S-1-0-0","ProcessID":"4","DestPort":"445","Application":"System","SourcePort":"49268","LayerName":"%%14610"},"provider_name":"Microsoft-Windows-Security-Auditing","record_id":116073},"ecs":{"version":"1.1.0"}}
{"@timestamp":"2019-10-28T02:31:30.565Z","@metadata":{"beat":"winlogbeat","type":"_doc","version":"7.4.0","topic":"winlogbeat"},"agent":{"type":"winlogbeat","ephemeral_id":"df5ad137-6594-4bd7-a3eb-e0eda670370c","hostname":"WECServer","id":"f8e32ecf-6ac8-4748-86ec-f026490623c4","version":"7.4.0"},"ecs":{"version":"1.1.0"},"host":{"name":"WECServer"},"log":{"level":"information"},"message":"Special privileges assigned to new logon.\n\nSubject:\n\tSecurity ID:\t\tS-1-5-18\n\tAccount Name:\t\tHFDC01$\n\tAccount Domain:\t\tshire\n\tLogon ID:\t\t0xB15D0E\n\nPrivileges:\t\tSeSecurityPrivilege\n\t\t\tSeBackupPrivilege\n\t\t\tSeRestorePrivilege\n\t\t\tSeTakeOwnershipPrivilege\n\t\t\tSeDebugPrivilege\n\t\t\tSeSystemEnvironmentPrivilege\n\t\t\tSeLoadDriverPrivilege\n\t\t\tSeImpersonatePrivilege\n\t\t\tSeDelegateSessionUserImpersonatePrivilege\n\t\t\tSeEnableDelegationPrivilege","winlog":{"provider_guid":"{54849625-5478-4994-a5ba-3e3b0328c30d}","process":{"pid":776,"thread":{"id":1652}},"provider_name":"Microsoft-Windows-Security-Auditing","record_id":116074,"task":"Special Logon","api":"wineventlog","event_data":{"SubjectUserSid":"S-1-5-18","SubjectUserName":"HFDC01$","SubjectDomainName":"shire","SubjectLogonId":"0xb15d0e","PrivilegeList":"SeSecurityPrivilege\n\t\t\tSeBackupPrivilege\n\t\t\tSeRestorePrivilege\n\t\t\tSeTakeOwnershipPrivilege\n\t\t\tSeDebugPrivilege\n\t\t\tSeSystemEnvironmentPrivilege\n\t\t\tSeLoadDriverPrivilege\n\t\t\tSeImpersonatePrivilege\n\t\t\tSeDelegateSessionUserImpersonatePrivilege\n\t\t\tSeEnableDelegationPrivilege"},"keywords":["Audit Success"],"computer_name":"HFDC01.shire.com","channel":"Security","event_id":4672,"opcode":"Info","activity_id":"{9a9c35ae-8ccd-0000-0336-9c9acd8cd501}"},"event":{"kind":"event","code":4672,"action":"Special Logon","created":"2019-10-28T02:31:32.360Z"}}
{"@timestamp":"2019-10-28T02:31:30.565Z","@metadata":{"beat":"winlogbeat","type":"_doc","version":"7.4.0","topic":"winlogbeat"},"winlog":{"provider_guid":"{54849625-5478-4994-a5ba-3e3b0328c30d}","version":2,"process":{"pid":776,"thread":{"id":1652}},"channel":"Security","computer_name":"HFDC01.shire.com","opcode":"Info","activity_id":"{9a9c35ae-8ccd-0000-0336-9c9acd8cd501}","keywords":["Audit Success"],"provider_name":"Microsoft-Windows-Security-Auditing","task":"Logon","event_id":4624,"record_id":116075,"event_data":{"TargetLogonId":"0xb15d0e","WorkstationName":"-","IpAddress":"fe80::b5c4:46f2:3729:9cfb","TargetUserName":"HFDC01$","TargetOutboundDomainName":"-","RestrictedAdminMode":"-","VirtualAccount":"%%1843","LogonGuid":"{8587f407-ff62-917e-228a-40968dfab89d}","TargetUserSid":"S-1-5-18","AuthenticationPackageName":"Kerberos","LogonProcessName":"Kerberos","KeyLength":"0","LogonType":"3","ElevatedToken":"%%1842","TransmittedServices":"-","ProcessId":"0x0","SubjectLogonId":"0x0","IpPort":"49268","SubjectDomainName":"-","SubjectUserName":"-","TargetDomainName":"SHIRE.COM","ImpersonationLevel":"%%1840","TargetLinkedLogonId":"0x0","ProcessName":"-","SubjectUserSid":"S-1-0-0","TargetOutboundUserName":"-","LmPackageName":"-"},"api":"wineventlog"},"event":{"kind":"event","code":4624,"action":"Logon","created":"2019-10-28T02:31:32.360Z"},"log":{"level":"information"},"message":"An account was successfully logged on.\n\nSubject:\n\tSecurity ID:\t\tS-1-0-0\n\tAccount Name:\t\t-\n\tAccount Domain:\t\t-\n\tLogon ID:\t\t0x0\n\nLogon Information:\n\tLogon Type:\t\t3\n\tRestricted Admin Mode:\t-\n\tVirtual Account:\t\tNo\n\tElevated Token:\t\tYes\n\nImpersonation Level:\t\tDelegation\n\nNew Logon:\n\tSecurity ID:\t\tS-1-5-18\n\tAccount Name:\t\tHFDC01$\n\tAccount Domain:\t\tSHIRE.COM\n\tLogon ID:\t\t0xB15D0E\n\tLinked Logon ID:\t\t0x0\n\tNetwork Account Name:\t-\n\tNetwork Account Domain:\t-\n\tLogon GUID:\t\t{8587f407-ff62-917e-228a-40968dfab89d}\n\nProcess Information:\n\tProcess ID:\t\t0x0\n\tProcess Name:\t\t-\n\nNetwork Information:\n\tWorkstation Name:\t-\n\tSource Network Address:\tfe80::b5c4:46f2:3729:9cfb\n\tSource Port:\t\t49268\n\nDetailed Authentication Information:\n\tLogon Process:\t\tKerberos\n\tAuthentication Package:\tKerberos\n\tTransited Services:\t-\n\tPackage Name (NTLM only):\t-\n\tKey Length:\t\t0\n\nThis event is generated when a logon session is created. It is generated on the computer that was accessed.\n\nThe subject fields indicate the account on the local system which requested the logon. This is most commonly a service such as the Server service, or a local process such as Winlogon.exe or Services.exe.\n\nThe logon type field indicates the kind of logon that occurred. The most common types are 2 (interactive) and 3 (network).\n\nThe New Logon fields indicate the account for whom the new logon was created, i.e. the account that was logged on.\n\nThe network fields indicate where a remote logon request originated. Workstation name is not always available and may be left blank in some cases.\n\nThe impersonation level field indicates the extent to which a process in the logon session can impersonate.\n\nThe authentication information fields provide detailed information about this specific logon request.\n\t- Logon GUID is a unique identifier that can be used to correlate this event with a KDC event.\n\t- Transited services indicate which intermediate services have participated in this logon request.\n\t- Package name indicates which sub-protocol was used among the NTLM protocols.\n\t- Key length indicates the length of the generated session key. This will be 0 if no session key was requested.","ecs":{"version":"1.1.0"},"host":{"name":"WECServer"},"agent":{"id":"f8e32ecf-6ac8-4748-86ec-f026490623c4","version":"7.4.0","type":"winlogbeat","ephemeral_id":"df5ad137-6594-4bd7-a3eb-e0eda670370c","hostname":"WECServer"}}
{"@timestamp":"2019-10-28T02:31:30.565Z","@metadata":{"beat":"winlogbeat","type":"_doc","version":"7.4.0","topic":"winlogbeat"},"message":"Group membership information.\n\nSubject:\n\tSecurity ID:\t\tS-1-0-0\n\tAccount Name:\t\t-\n\tAccount Domain:\t\t-\n\tLogon ID:\t\t0x0\n\nLogon Type:\t\t\t3\n\nNew Logon:\n\tSecurity ID:\t\tS-1-5-18\n\tAccount Name:\t\tHFDC01$\n\tAccount Domain:\t\tSHIRE.COM\n\tLogon ID:\t\t0xB15D0E\n\nEvent in sequence:\t\t1 of 1\n\nGroup Membership:\t\t\t\n\t\t%{S-1-5-32-544}\n\t\t%{S-1-1-0}\n\t\t%{S-1-5-32-554}\n\t\t%{S-1-5-32-545}\n\t\t%{S-1-5-32-555}\n\t\t%{S-1-5-32-560}\n\t\t%{S-1-5-2}\n\t\t%{S-1-5-11}\n\t\t%{S-1-5-15}\n\t\t%{S-1-5-21-2379224252-1048547738-3559495803-1008}\n\t\t%{S-1-5-21-2379224252-1048547738-3559495803-516}\n\t\t%{S-1-5-9}\n\t\t%{S-1-18-1}\n\t\t%{S-1-5-21-2379224252-1048547738-3559495803-572}\n\t\t%{S-1-16-16384}\n\nThe subject fields indicate the account on the local system which requested the logon. This is most commonly a service such as the Server service, or a local process such as Winlogon.exe or Services.exe.\n\nThe logon type field indicates the kind of logon that occurred. The most common types are 2 (interactive) and 3 (network).\n\nThe New Logon fields indicate the account for whom the new logon was created, i.e. the account that was logged on.\n\nThis event is generated when the Audit Group Membership subcategory is configured.  The Logon ID field can be used to correlate this event with the corresponding user logon event as well as to any other security audit events generated during this logon session.","host":{"name":"WECServer"},"agent":{"type":"winlogbeat","ephemeral_id":"df5ad137-6594-4bd7-a3eb-e0eda670370c","hostname":"WECServer","id":"f8e32ecf-6ac8-4748-86ec-f026490623c4","version":"7.4.0"},"ecs":{"version":"1.1.0"},"winlog":{"opcode":"Info","activity_id":"{9a9c35ae-8ccd-0000-0336-9c9acd8cd501}","channel":"Security","api":"wineventlog","event_data":{"EventCountTotal":"1","SubjectLogonId":"0x0","TargetUserName":"HFDC01$","SubjectUserSid":"S-1-0-0","SubjectUserName":"-","LogonType":"3","GroupMembership":"\n\t\t%{S-1-5-32-544}\n\t\t%{S-1-1-0}\n\t\t%{S-1-5-32-554}\n\t\t%{S-1-5-32-545}\n\t\t%{S-1-5-32-555}\n\t\t%{S-1-5-32-560}\n\t\t%{S-1-5-2}\n\t\t%{S-1-5-11}\n\t\t%{S-1-5-15}\n\t\t%{S-1-5-21-2379224252-1048547738-3559495803-1008}\n\t\t%{S-1-5-21-2379224252-1048547738-3559495803-516}\n\t\t%{S-1-5-9}\n\t\t%{S-1-18-1}\n\t\t%{S-1-5-21-2379224252-1048547738-3559495803-572}\n\t\t%{S-1-16-16384}","TargetDomainName":"SHIRE.COM","EventIdx":"1","SubjectDomainName":"-","TargetUserSid":"S-1-5-18","TargetLogonId":"0xb15d0e"},"record_id":116076,"computer_name":"HFDC01.shire.com","event_id":4627,"provider_name":"Microsoft-Windows-Security-Auditing","keywords":["Audit Success"],"provider_guid":"{54849625-5478-4994-a5ba-3e3b0328c30d}","process":{"pid":776,"thread":{"id":1652}},"task":"Group Membership"},"event":{"created":"2019-10-28T02:31:32.360Z","kind":"event","code":4627,"action":"Group Membership"},"log":{"level":"information"}}
{"@timestamp":"2019-10-28T02:31:30.566Z","@metadata":{"beat":"winlogbeat","type":"_doc","version":"7.4.0","topic":"winlogbeat"},"log":{"level":"information"},"message":"A network share object was accessed.\n\t\nSubject:\n\tSecurity ID:\t\tS-1-5-18\n\tAccount Name:\t\tHFDC01$\n\tAccount Domain:\t\tshire\n\tLogon ID:\t\t0xB15D0E\n\nNetwork Information:\t\n\tObject Type:\t\tFile\n\tSource Address:\t\tfe80::b5c4:46f2:3729:9cfb\n\tSource Port:\t\t49268\n\t\nShare Information:\n\tShare Name:\t\t\\\\*\\SYSVOL\n\tShare Path:\t\t\\??\\C:\\Windows\\SYSVOL\\sysvol\n\nAccess Request Information:\n\tAccess Mask:\t\t0x1\n\tAccesses:\t\tReadData (or ListDirectory)\n\t\t\t\t","ecs":{"version":"1.1.0"},"host":{"name":"WECServer"},"agent":{"hostname":"WECServer","id":"f8e32ecf-6ac8-4748-86ec-f026490623c4","version":"7.4.0","type":"winlogbeat","ephemeral_id":"df5ad137-6594-4bd7-a3eb-e0eda670370c"},"winlog":{"keywords":["Audit Success"],"task":"File Share","provider_guid":"{54849625-5478-4994-a5ba-3e3b0328c30d}","version":1,"provider_name":"Microsoft-Windows-Security-Auditing","api":"wineventlog","computer_name":"HFDC01.shire.com","record_id":116077,"event_data":{"SubjectUserSid":"S-1-5-18","ObjectType":"File","IpAddress":"fe80::b5c4:46f2:3729:9cfb","IpPort":"49268","ShareName":"\\\\*\\SYSVOL","SubjectDomainName":"shire","SubjectUserName":"HFDC01$","AccessMask":"0x1","AccessList":"%%4416\n\t\t\t\t","SubjectLogonId":"0xb15d0e","ShareLocalPath":"\\??\\C:\\Windows\\SYSVOL\\sysvol"},"channel":"Security","opcode":"Info","process":{"pid":4,"thread":{"id":32}},"event_id":5140},"event":{"created":"2019-10-28T02:31:32.360Z","kind":"event","code":5140,"action":"File Share"}}
{"@timestamp":"2019-10-28T02:31:30.565Z","@metadata":{"beat":"winlogbeat","type":"_doc","version":"7.4.0","topic":"winlogbeat"},"ecs":{"version":"1.1.0"},"host":{"name":"WECServer"},"agent":{"hostname":"WECServer","id":"f8e32ecf-6ac8-4748-86ec-f026490623c4","version":"7.4.0","type":"winlogbeat","ephemeral_id":"df5ad137-6594-4bd7-a3eb-e0eda670370c"},"event":{"action":"RawAccessRead detected (rule: RawAccessRead)","created":"2019-10-28T02:31:32.360Z","kind":"event","code":9},"log":{"level":"information"},"message":"RawAccessRead detected:\nRuleName: \nUtcTime: 2019-10-28 02:31:30.561\nProcessGuid: {962923ac-a0e0-5db5-0000-00100d580000}\nProcessId: 776\nImage: C:\\Windows\\System32\\lsass.exe\nDevice: \\Device\\HarddiskVolume1","winlog":{"api":"wineventlog","version":2,"task":"RawAccessRead detected (rule: RawAccessRead)","provider_guid":"{5770385f-c22a-43e0-bf4c-06f5698ffbd9}","user":{"type":"User","identifier":"S-1-5-18","name":"SYSTEM","domain":"NT AUTHORITY"},"record_id":222727,"computer_name":"HFDC01.shire.com","event_data":{"ProcessId":"776","Image":"C:\\Windows\\System32\\lsass.exe","Device":"\\Device\\HarddiskVolume1","UtcTime":"2019-10-28 02:31:30.561","ProcessGuid":"{962923ac-a0e0-5db5-0000-00100d580000}"},"channel":"Microsoft-Windows-Sysmon/Operational","provider_name":"Microsoft-Windows-Sysmon","process":{"pid":2044,"thread":{"id":3656}},"event_id":9,"opcode":"Info"}}
{"@timestamp":"2019-10-28T02:31:30.566Z","@metadata":{"beat":"winlogbeat","type":"_doc","version":"7.4.0","topic":"winlogbeat"},"winlog":{"provider_guid":"{54849625-5478-4994-a5ba-3e3b0328c30d}","event_data":{"ShareLocalPath":"\\??\\C:\\Windows\\SYSVOL\\sysvol","RelativeTargetName":"\\","IpPort":"49268","ShareName":"\\\\*\\SYSVOL","AccessMask":"0x100080","SubjectUserName":"HFDC01$","SubjectLogonId":"0xb15d0e","ObjectType":"File","SubjectUserSid":"S-1-5-18","AccessList":"%%1541\n\t\t\t\t%%4423\n\t\t\t\t","AccessReason":"%%1541:\t%%1801\tD:(A;;0x1200a9;;;WD)\n\t\t\t\t%%4423:\t%%1801\tD:(A;;0x1200a9;;;WD)\n\t\t\t\t","SubjectDomainName":"shire","IpAddress":"fe80::b5c4:46f2:3729:9cfb"},"api":"wineventlog","keywords":["Audit Success"],"channel":"Security","task":"Detailed File Share","process":{"pid":4,"thread":{"id":2160}},"record_id":116078,"opcode":"Info","computer_name":"HFDC01.shire.com","event_id":5145,"provider_name":"Microsoft-Windows-Security-Auditing"},"event":{"code":5145,"action":"Detailed File Share","created":"2019-10-28T02:31:32.360Z","kind":"event"},"log":{"level":"information"},"message":"A network share object was checked to see whether client can be granted desired access.\n\t\nSubject:\n\tSecurity ID:\t\tS-1-5-18\n\tAccount Name:\t\tHFDC01$\n\tAccount Domain:\t\tshire\n\tLogon ID:\t\t0xB15D0E\n\nNetwork Information:\t\n\tObject Type:\t\tFile\n\tSource Address:\t\tfe80::b5c4:46f2:3729:9cfb\n\tSource Port:\t\t49268\n\t\nShare Information:\n\tShare Name:\t\t\\\\*\\SYSVOL\n\tShare Path:\t\t\\??\\C:\\Windows\\SYSVOL\\sysvol\n\tRelative Target Name:\t\\\n\nAccess Request Information:\n\tAccess Mask:\t\t0x100080\n\tAccesses:\t\tSYNCHRONIZE\n\t\t\t\tReadAttributes\n\t\t\t\t\nAccess Check Results:\n\tSYNCHRONIZE:\tGranted by\tD:(A;;0x1200a9;;;WD)\n\t\t\t\tReadAttributes:\tGranted by\tD:(A;;0x1200a9;;;WD)\n\t\t\t\t","host":{"name":"WECServer"},"agent":{"type":"winlogbeat","ephemeral_id":"df5ad137-6594-4bd7-a3eb-e0eda670370c","hostname":"WECServer","id":"f8e32ecf-6ac8-4748-86ec-f026490623c4","version":"7.4.0"},"ecs":{"version":"1.1.0"}}
{"@timestamp":"2019-10-28T02:31:30.565Z","@metadata":{"beat":"winlogbeat","type":"_doc","version":"7.4.0","topic":"winlogbeat"},"host":{"name":"WECServer"},"agent":{"id":"f8e32ecf-6ac8-4748-86ec-f026490623c4","version":"7.4.0","type":"winlogbeat","ephemeral_id":"df5ad137-6594-4bd7-a3eb-e0eda670370c","hostname":"WECServer"},"winlog":{"api":"wineventlog","process":{"pid":2044,"thread":{"id":3656}},"computer_name":"HFDC01.shire.com","opcode":"Info","event_data":{"Image":"C:\\Windows\\System32\\lsass.exe","Device":"\\Device\\HarddiskVolume1","UtcTime":"2019-10-28 02:31:30.561","ProcessGuid":"{962923ac-a0e0-5db5-0000-00100d580000}","ProcessId":"776"},"event_id":9,"provider_name":"Microsoft-Windows-Sysmon","task":"RawAccessRead detected (rule: RawAccessRead)","provider_guid":"{5770385f-c22a-43e0-bf4c-06f5698ffbd9}","channel":"Microsoft-Windows-Sysmon/Operational","record_id":222728,"version":2,"user":{"identifier":"S-1-5-18","name":"SYSTEM","domain":"NT AUTHORITY","type":"User"}},"event":{"code":9,"action":"RawAccessRead detected (rule: RawAccessRead)","created":"2019-10-28T02:31:32.360Z","kind":"event"},"log":{"level":"information"},"message":"RawAccessRead detected:\nRuleName: \nUtcTime: 2019-10-28 02:31:30.561\nProcessGuid: {962923ac-a0e0-5db5-0000-00100d580000}\nProcessId: 776\nImage: C:\\Windows\\System32\\lsass.exe\nDevice: \\Device\\HarddiskVolume1","ecs":{"version":"1.1.0"}}
{"@timestamp":"2019-10-28T02:31:31.608Z","@metadata":{"beat":"winlogbeat","type":"_doc","version":"7.4.0","topic":"winlogbeat"},"agent":{"id":"f8e32ecf-6ac8-4748-86ec-f026490623c4","version":"7.4.0","type":"winlogbeat","ephemeral_id":"df5ad137-6594-4bd7-a3eb-e0eda670370c","hostname":"WECServer"},"winlog":{"opcode":"Info","version":5,"user":{"identifier":"S-1-5-18","name":"SYSTEM","domain":"NT AUTHORITY","type":"User"},"event_data":{"DestinationPortName":"microsoft-ds","User":"NT AUTHORITY\\SYSTEM","Protocol":"tcp","DestinationIsIpv6":"true","DestinationHostname":"HFDC01.shire.com","Image":"System","SourceIsIpv6":"true","SourceHostname":"HFDC01.shire.com","ProcessId":"4","SourcePort":"49268","SourceIp":"fe80:0:0:0:b5c4:46f2:3729:9cfb","Initiated":"true","DestinationIp":"fe80:0:0:0:b5c4:46f2:3729:9cfb","DestinationPort":"445","UtcTime":"2019-10-28 02:31:30.419","ProcessGuid":"{962923ac-a0dd-5db5-0000-0010eb030000}"},"provider_guid":"{5770385f-c22a-43e0-bf4c-06f5698ffbd9}","event_id":3,"task":"Network connection detected (rule: NetworkConnect)","api":"wineventlog","record_id":222729,"channel":"Microsoft-Windows-Sysmon/Operational","computer_name":"HFDC01.shire.com","process":{"thread":{"id":3636},"pid":2044},"provider_name":"Microsoft-Windows-Sysmon"},"event":{"code":3,"action":"Network connection detected (rule: NetworkConnect)","created":"2019-10-28T02:31:34.376Z","kind":"event"},"log":{"level":"information"},"message":"Network connection detected:\nRuleName: \nUtcTime: 2019-10-28 02:31:30.419\nProcessGuid: {962923ac-a0dd-5db5-0000-0010eb030000}\nProcessId: 4\nImage: System\nUser: NT AUTHORITY\\SYSTEM\nProtocol: tcp\nInitiated: true\nSourceIsIpv6: true\nSourceIp: fe80:0:0:0:b5c4:46f2:3729:9cfb\nSourceHostname: HFDC01.shire.com\nSourcePort: 49268\nSourcePortName: \nDestinationIsIpv6: true\nDestinationIp: fe80:0:0:0:b5c4:46f2:3729:9cfb\nDestinationHostname: HFDC01.shire.com\nDestinationPort: 445\nDestinationPortName: microsoft-ds","ecs":{"version":"1.1.0"},"host":{"name":"WECServer"}}
{"@timestamp":"2019-10-28T02:31:31.608Z","@metadata":{"beat":"winlogbeat","type":"_doc","version":"7.4.0","topic":"winlogbeat"},"event":{"kind":"event","code":3,"action":"Network connection detected (rule: NetworkConnect)","created":"2019-10-28T02:31:34.376Z"},"log":{"level":"information"},"host":{"name":"WECServer"},"agent":{"type":"winlogbeat","ephemeral_id":"df5ad137-6594-4bd7-a3eb-e0eda670370c","hostname":"WECServer","id":"f8e32ecf-6ac8-4748-86ec-f026490623c4","version":"7.4.0"},"ecs":{"version":"1.1.0"},"message":"Network connection detected:\nRuleName: \nUtcTime: 2019-10-28 02:31:30.419\nProcessGuid: {962923ac-a0dd-5db5-0000-0010eb030000}\nProcessId: 4\nImage: System\nUser: NT AUTHORITY\\SYSTEM\nProtocol: tcp\nInitiated: false\nSourceIsIpv6: true\nSourceIp: fe80:0:0:0:b5c4:46f2:3729:9cfb\nSourceHostname: HFDC01.shire.com\nSourcePort: 49268\nSourcePortName: \nDestinationIsIpv6: true\nDestinationIp: fe80:0:0:0:b5c4:46f2:3729:9cfb\nDestinationHostname: HFDC01.shire.com\nDestinationPort: 445\nDestinationPortName: microsoft-ds","winlog":{"provider_guid":"{5770385f-c22a-43e0-bf4c-06f5698ffbd9}","channel":"Microsoft-Windows-Sysmon/Operational","provider_name":"Microsoft-Windows-Sysmon","task":"Network connection detected (rule: NetworkConnect)","event_data":{"SourceHostname":"HFDC01.shire.com","DestinationPortName":"microsoft-ds","SourceIsIpv6":"true","User":"NT AUTHORITY\\SYSTEM","DestinationIp":"fe80:0:0:0:b5c4:46f2:3729:9cfb","Protocol":"tcp","DestinationHostname":"HFDC01.shire.com","UtcTime":"2019-10-28 02:31:30.419","SourceIp":"fe80:0:0:0:b5c4:46f2:3729:9cfb","ProcessId":"4","SourcePort":"49268","DestinationPort":"445","ProcessGuid":"{962923ac-a0dd-5db5-0000-0010eb030000}","Image":"System","Initiated":"false","DestinationIsIpv6":"true"},"record_id":222730,"computer_name":"HFDC01.shire.com","process":{"pid":2044,"thread":{"id":3636}},"user":{"identifier":"S-1-5-18","name":"SYSTEM","domain":"NT AUTHORITY","type":"User"},"opcode":"Info","api":"wineventlog","version":5,"event_id":3}}
{"@timestamp":"2019-10-28T02:31:32.631Z","@metadata":{"beat":"winlogbeat","type":"_doc","version":"7.4.0","topic":"winlogbeat"},"winlog":{"event_data":{"SourceImage":"C:\\Windows\\system32\\svchost.exe","TargetImage":"C:\\Windows\\system32\\DFSRs.exe","CallTrace":"C:\\Windows\\SYSTEM32\\ntdll.dll+9fc24|C:\\Windows\\System32\\KERNELBASE.dll+20d0e|C:\\Windows\\system32\\wbem\\wmiprvsd.dll+8b2b7|C:\\Windows\\system32\\wbem\\wmiprvsd.dll+4f558|C:\\Windows\\system32\\wbem\\wmiprvsd.dll+51969|C:\\Windows\\system32\\wbem\\wmiprvsd.dll+86044|C:\\Windows\\system32\\wbem\\wbemcore.dll+4934|C:\\Windows\\system32\\wbem\\wbemcore.dll+4523|C:\\Windows\\system32\\wbem\\wbemcore.dll+27513|C:\\Windows\\system32\\wbem\\wbemcore.dll+27499|C:\\Windows\\system32\\wbem\\wbemcore.dll+2739a|C:\\Windows\\system32\\wbem\\wbemcore.dll+27b99|C:\\Windows\\system32\\wbem\\wbemcore.dll+277ee|C:\\Windows\\system32\\wbem\\wbemcore.dll+27513|C:\\Windows\\system32\\wbem\\wbemcore.dll+27499|C:\\Windows\\system32\\wbem\\wbemcore.dll+2739a|C:\\Windows\\system32\\wbem\\wbemcore.dll+4ea3|C:\\Windows\\system32\\wbem\\wbemcore.dll+51a9|C:\\Windows\\System32\\KERNEL32.DLL+17974|C:\\Windows\\SYSTEM32\\ntdll.dll+6a271","GrantedAccess":"0x1fffff","SourceThreadId":"3448","TargetProcessGUID":"{962923ac-a0f3-5db5-0000-001073050200}","UtcTime":"2019-10-28 02:31:32.623","SourceProcessGUID":"{962923ac-a0e4-5db5-0000-00100a590100}","SourceProcessId":"2128","TargetProcessId":"2640"},"task":"Process accessed (rule: ProcessAccess)","channel":"Microsoft-Windows-Sysmon/Operational","provider_name":"Microsoft-Windows-Sysmon","computer_name":"HFDC01.shire.com","opcode":"Info","event_id":10,"record_id":222731,"provider_guid":"{5770385f-c22a-43e0-bf4c-06f5698ffbd9}","process":{"thread":{"id":3656},"pid":2044},"user":{"name":"SYSTEM","domain":"NT AUTHORITY","type":"User","identifier":"S-1-5-18"},"api":"wineventlog","version":3},"event":{"created":"2019-10-28T02:31:34.376Z","kind":"event","code":10,"action":"Process accessed (rule: ProcessAccess)"},"log":{"level":"information"},"message":"Process accessed:\nRuleName: \nUtcTime: 2019-10-28 02:31:32.623\nSourceProcessGUID: {962923ac-a0e4-5db5-0000-00100a590100}\nSourceProcessId: 2128\nSourceThreadId: 3448\nSourceImage: C:\\Windows\\system32\\svchost.exe\nTargetProcessGUID: {962923ac-a0f3-5db5-0000-001073050200}\nTargetProcessId: 2640\nTargetImage: C:\\Windows\\system32\\DFSRs.exe\nGrantedAccess: 0x1FFFFF\nCallTrace: C:\\Windows\\SYSTEM32\\ntdll.dll+9fc24|C:\\Windows\\System32\\KERNELBASE.dll+20d0e|C:\\Windows\\system32\\wbem\\wmiprvsd.dll+8b2b7|C:\\Windows\\system32\\wbem\\wmiprvsd.dll+4f558|C:\\Windows\\system32\\wbem\\wmiprvsd.dll+51969|C:\\Windows\\system32\\wbem\\wmiprvsd.dll+86044|C:\\Windows\\system32\\wbem\\wbemcore.dll+4934|C:\\Windows\\system32\\wbem\\wbemcore.dll+4523|C:\\Windows\\system32\\wbem\\wbemcore.dll+27513|C:\\Windows\\system32\\wbem\\wbemcore.dll+27499|C:\\Windows\\system32\\wbem\\wbemcore.dll+2739a|C:\\Windows\\system32\\wbem\\wbemcore.dll+27b99|C:\\Windows\\system32\\wbem\\wbemcore.dll+277ee|C:\\Windows\\system32\\wbem\\wbemcore.dll+27513|C:\\Windows\\system32\\wbem\\wbemcore.dll+27499|C:\\Windows\\system32\\wbem\\wbemcore.dll+2739a|C:\\Windows\\system32\\wbem\\wbemcore.dll+4ea3|C:\\Windows\\system32\\wbem\\wbemcore.dll+51a9|C:\\Windows\\System32\\KERNEL32.DLL+17974|C:\\Windows\\SYSTEM32\\ntdll.dll+6a271","agent":{"hostname":"WECServer","id":"f8e32ecf-6ac8-4748-86ec-f026490623c4","version":"7.4.0","type":"winlogbeat","ephemeral_id":"df5ad137-6594-4bd7-a3eb-e0eda670370c"},"ecs":{"version":"1.1.0"},"host":{"name":"WECServer"}}
